[INFO ][2015-11-17 18:17:03,997][com.java.SeleniumDriver] [  213] - Execute Failed Casesfalse
[INFO ][2015-11-17 18:17:04,002][com.java.SeleniumDriver] [  214] - Browser: IE10
[INFO ][2015-11-17 18:17:04,002][com.java.SeleniumDriver] [  215] - [1]
[INFO ][2015-11-17 18:17:04,002][com.java.SeleniumDriver] [  216] - Total TestCases:1
[INFO ][2015-11-17 18:17:04,002][com.java.SeleniumDriver] [  217] -  Reading Properties from Property File 
[DEBUG][2015-11-17 18:17:04,002][com.java.SeleniumDriver] [  238] - url : https://clients-xuat.bankersdashboard.com
[INFO ][2015-11-17 18:17:04,002][com.java.ImportnExport.ExportTestResultsExcel] [  116] - Time Stamp Tue Nov 17 06:17:03 IST 2015
[INFO ][2015-11-17 18:17:04,002][com.java.ImportnExport.ExportTestResultsExcel] [  175] - OUT FILE : D:\BankersDashboard/TestReports/Test Results_BankersDashBoard_111715_181703_IE10_Any Bank USA.xls
[INFO ][2015-11-17 18:17:04,029][com.java.ImportnExport.ExportTestResultsExcel] [  180] - Test Result file is created
[DEBUG][2015-11-17 18:17:04,127][com.java.SeleniumDriver] [  425] - Hub ip address is-------172.17.68.34
[INFO ][2015-11-17 18:17:04,127][com.java.SeleniumDriver] [  451] - Grid URL:http://172.17.68.34:4444/wd/hub
[INFO ][2015-11-17 18:17:04,127][com.java.SeleniumDriver] [  452] - Capability:Capabilities [{platform=ANY, ensureCleanSession=true, ignoreProtectedModeSettings=true, acceptSslCerts=true, ignoreZoomSetting=true, browserName=internet explorer, browserstack.ie.noFlash=true, version=null}]
[ERROR][2015-11-17 18:17:05,432][com.java.SeleniumDriver] [  496] - Unable invoke browser in grid:Could not start a new session. Possible causes are invalid address of the remote server or browser start-up failure.
Build info: version: '2.48.2', revision: '41bccdd', time: '2015-10-09 19:59:12'
System info: host: 'FVTIII438F1D', ip: '172.17.68.34', os.name: 'Windows 7', os.arch: 'x86', os.version: '6.1', java.version: '1.7.0_55'
Driver info: driver.version: SeleniumDriver
[INFO ][2015-11-17 18:17:05,432][com.java.SeleniumDriver] [  498] - Executing on local machine
[INFO ][2015-11-17 18:17:15,617][com.java.SeleniumDriver] [  248] - IE10is opened
[INFO ][2015-11-17 18:17:16,242][com.java.SeleniumDriver] [  753] - Test cases to be executed are: [1]
[INFO ][2015-11-17 18:17:16,261][com.java.ImportnExport.ImportTestDataDetailsExcel] [   49] - test data details path===== D:\BankersDashboard\TestInputs\TestData.xls
[DEBUG][2015-11-17 18:17:16,281][com.java.ImportnExport.ImportTestDataDetailsExcel] [  188] - Unable to read the data from the TestData: [Microsoft][ODBC Excel Driver] Too many fields defined.
[INFO ][2015-11-17 18:17:16,281][com.java.SeleniumDriver] [ 1212] - ? S K I P P E D ?
[INFO ][2015-11-17 18:17:16,281][com.java.SeleniumDriver] [ 1213] - Test case:0
[INFO ][2015-11-17 18:17:16,281][com.java.SeleniumDriver] [ 1214] - 
[INFO ][2015-11-17 18:17:16,283][com.java.SeleniumDriver] [ 1215] -  No Test Steps Available
[INFO ][2015-11-17 18:17:16,283][com.java.SeleniumDriver] [ 1230] - The results are-------------------[0, 0, null, Skipped,  No Test Steps Available, Tue Nov 17 18:17:16 IST 2015]
[INFO ][2015-11-17 18:17:16,283][com.java.SeleniumDriver] [ 1234] - End time is-------14 sec
[INFO ][2015-11-17 18:17:16,283][com.java.SeleniumDriver] [ 1235] - The results are-------------------[0, 0, null, Skipped,  No Test Steps Available, Tue Nov 17 18:17:16 IST 2015]
[DEBUG][2015-11-17 18:17:16,283][com.java.ImportnExport.ExportTestResultsExcel] [  222] - testResultPath = D:\BankersDashboard/TestReports/Test Results_BankersDashBoard_111715_181703_IE10_Any Bank USA.xls
[DEBUG][2015-11-17 18:17:16,283][com.java.ImportnExport.ExportTestResultsExcel] [  223] - browser is------------IE10
[DEBUG][2015-11-17 18:17:16,323][com.java.ImportnExport.ExportTestResultsExcel] [  270] - result.size() = 6
[DEBUG][2015-11-17 18:17:16,323][com.java.ImportnExport.ExportTestResultsExcel] [  274] - No of rows in sheet=1
[DEBUG][2015-11-17 18:17:16,323][com.java.ImportnExport.ExportTestResultsExcel] [  301] - ..in export..0
[INFO ][2015-11-17 18:17:16,323][com.java.SeleniumDriver] [ 1263] - out loop:0 size:1 TestCases:[1] testcases:[1]
[INFO ][2015-11-17 18:17:18,323][com.java.SeleniumDriver] [ 1306] - Total Number of Cases:1
[INFO ][2015-11-17 18:17:18,323][com.java.TemplateGenerator] [  302] - Executed:0
[INFO ][2015-11-17 18:17:18,323][com.java.TemplateGenerator] [  303] - Passed:0
[INFO ][2015-11-17 18:17:18,323][com.java.TemplateGenerator] [  304] - Failed:0
[INFO ][2015-11-17 18:17:18,323][com.java.TemplateGenerator] [  305] - Skipeed:1
[INFO ][2015-11-17 18:17:18,323][com.java.TemplateGenerator] [  306] - Application URL:https://clients-xuat.bankersdashboard.com
[INFO ][2015-11-17 18:17:18,323][com.java.TemplateGenerator] [  307] - Start Time:111715_181703
[INFO ][2015-11-17 18:17:18,326][com.java.TemplateGenerator] [  308] -  Creating HTML Report 
[ERROR][2015-11-17 18:17:18,326][com.java.TemplateGenerator] [  409] - Unparseable date: "Tue Nov 17 06:17:03 IST 2015"
[INFO ][2015-11-17 18:17:18,326][com.java.TemplateGenerator] [  654] -  Exporting case :: 0
[INFO ][2015-11-17 18:17:18,326][com.java.SeleniumDriver] [ 1355] - End Time:111715_181718
[INFO ][2015-11-17 18:17:18,326][com.java.SeleniumDriver] [ 1358] - Data in Test Execution Details:{0=SKIPPED}
[INFO ][2015-11-17 18:17:18,326][com.java.SeleniumDriver] [ 1359] - Data in Failed Execution Deatils:{}
[INFO ][2015-11-17 18:17:18,326][com.java.SeleniumDriver] [ 1361] - ReportCounter:Total:0 :: PASS: 0 ::FAIL: 0
[INFO ][2015-11-17 18:17:18,326][com.java.SeleniumDriver] [ 1362] - FailedReportCounter:Total:0 :: PASS: 0 ::FAIL: 0
[INFO ][2015-11-17 18:17:18,331][com.java.EmailTestReport] [   63] - Sending report mail details:
[INFO ][2015-11-17 18:17:18,333][com.java.EmailTestReport] [   80] - Excel Report Path:D:\BankersDashboard/TestReports/Test Results_BankersDashBoard_111715_181703_IE10_Any Bank USA.xls
[INFO ][2015-11-17 18:17:18,333][com.java.EmailTestReport] [   81] - HTML Report Path:D:\BankersDashboard//TestReports//Test Results_BankersDashBoard_111715_181703_IE10_Any Bank USA.html
[INFO ][2015-11-17 18:17:18,333][com.java.EmailTestReport] [   82] - smtpHostName:mail01.valuelabs.com
[INFO ][2015-11-17 18:17:18,333][com.java.EmailTestReport] [   83] - Recipient:venkateswararao.gubbala@valuelabs.com;
[INFO ][2015-11-17 18:17:18,333][com.java.EmailTestReport] [   84] - From:venkateswararao.gubbala@valuelabs.com;
[INFO ][2015-11-17 18:17:18,333][com.java.EmailTestReport] [   85] - Subject:Deluxe Corp Bankers Dashboard Automation Test Report - Any Bank USA - IE10
[INFO ][2015-11-17 18:17:18,349][com.java.EmailTestReport] [  143] -  Added venkateswararao.gubbala@valuelabs.com
[INFO ][2015-11-17 18:17:21,732][com.java.SeleniumDriver] [  719] - quitting the browser 
[INFO ][2015-11-17 18:17:22,930][com.java.SeleniumDriver] [  263] - Execution Completed Stopping the thread
