[INFO ][2016-02-09 18:53:24,818][com.java.SeleniumDriver] [  213] - Execute Failed Casesfalse
[INFO ][2016-02-09 18:53:24,818][com.java.SeleniumDriver] [  214] - Browser: IE10
[INFO ][2016-02-09 18:53:24,818][com.java.SeleniumDriver] [  215] - [1, 4]
[INFO ][2016-02-09 18:53:24,818][com.java.SeleniumDriver] [  216] - Total TestCases:2
[INFO ][2016-02-09 18:53:24,818][com.java.SeleniumDriver] [  217] -  Reading Properties from Property File 
[DEBUG][2016-02-09 18:53:24,819][com.java.SeleniumDriver] [  238] - url : https://clients-xuat.bankersdashboard.com
[INFO ][2016-02-09 18:53:24,820][com.java.ImportnExport.ExportTestResultsExcel] [  116] - Time Stamp Tue Feb 09 06:53:24 IST 2016
[INFO ][2016-02-09 18:53:24,820][com.java.ImportnExport.ExportTestResultsExcel] [  175] - OUT FILE : D:\BankersDashboard/TestReports/Test Results_BankersDashBoard_020916_185324_IE10_United Bank.xls
[INFO ][2016-02-09 18:53:24,849][com.java.ImportnExport.ExportTestResultsExcel] [  180] - Test Result file is created
[DEBUG][2016-02-09 18:53:24,937][com.java.SeleniumDriver] [  426] - Hub ip address is-------172.17.68.34
[INFO ][2016-02-09 18:53:24,938][com.java.SeleniumDriver] [  452] - Grid URL:http://172.17.68.34:4444/wd/hub
[INFO ][2016-02-09 18:53:24,938][com.java.SeleniumDriver] [  453] - Capability:Capabilities [{platform=ANY, ensureCleanSession=true, ignoreProtectedModeSettings=true, acceptSslCerts=true, ignoreZoomSetting=true, browserName=internet explorer, browserstack.ie.noFlash=true, version=null}]
[ERROR][2016-02-09 18:53:26,270][com.java.SeleniumDriver] [  498] - Unable invoke browser in grid:Could not start a new session. Possible causes are invalid address of the remote server or browser start-up failure.
Build info: version: '2.48.2', revision: '41bccdd', time: '2015-10-09 19:59:12'
System info: host: 'FVTIII438F1D', ip: '172.17.68.34', os.name: 'Windows 7', os.arch: 'x86', os.version: '6.1', java.version: '1.7.0_55'
Driver info: driver.version: SeleniumDriver
[INFO ][2016-02-09 18:53:26,270][com.java.SeleniumDriver] [  500] - Executing on local machine
[INFO ][2016-02-09 18:53:36,692][com.java.SeleniumDriver] [  248] - IE10is opened
[INFO ][2016-02-09 18:53:37,551][com.java.SeleniumDriver] [  756] - Test cases to be executed are: [1, 4]
[INFO ][2016-02-09 18:53:37,577][com.java.ImportnExport.ImportTestDataDetailsExcel] [   49] - test data details path===== D:\BankersDashboard\TestInputs\TestData.xls
[INFO ][2016-02-09 18:53:37,653][com.java.SeleniumDriver] [  856] - ------------------------------------------
[INFO ][2016-02-09 18:53:37,653][com.java.SeleniumDriver] [  857] - Test case being Executed: 1
[INFO ][2016-02-09 18:53:37,653][com.java.SeleniumDriver] [  869] - Test step:1
[INFO ][2016-02-09 18:53:37,654][com.java.SeleniumDriver] [  881] - Datavalue is----------Concept#1:1-16
[INFO ][2016-02-09 18:53:37,654][com.java.SeleniumDriver] [  905] - DataField : test
[INFO ][2016-02-09 18:53:37,654][com.java.SeleniumDriver] [  907] - DataValue : Concept#1:1-16
[INFO ][2016-02-09 18:53:37,654][com.java.SeleniumDriver] [  913] - <In Set values of the page>
[INFO ][2016-02-09 18:53:37,654][com.java.SeleniumDriver] [  916] - {Data Fields & Data Values Exist}
[INFO ][2016-02-09 18:53:37,654][com.java.SeleniumDriver] [  918] - --------------------------setting values-----------------------------
[INFO ][2016-02-09 18:53:37,654][com.java.SeleniumDriver] [  921] - Action Type : ExecuteTestCase
[INFO ][2016-02-09 18:53:37,676][com.java.TestType] [  448] - The Concept sheet name is ---------- Concept
[INFO ][2016-02-09 18:53:37,676][com.java.TestType] [  451] - The Concept ID  is ---------- 1
[DEBUG][2016-02-09 18:53:37,676][com.java.TestType] [  455] - Steps being executted in the Concept are: 1:16
[INFO ][2016-02-09 18:53:37,676][com.java.TestType] [  462] - Test data details path ---------- D:\BankersDashboard\TestInputs\TestData.xls
[INFO ][2016-02-09 18:53:37,695][com.java.TestType] [  493] -  str(1) = 1
[INFO ][2016-02-09 18:53:37,695][com.java.TestType] [  496] - Test case Id is---1
[INFO ][2016-02-09 18:53:37,695][com.java.TestType] [  498] - 1
[INFO ][2016-02-09 18:53:37,695][com.java.TestType] [  493] -  str(2) = 1
[INFO ][2016-02-09 18:53:37,697][com.java.TestType] [  493] -  str(1) = 1
[INFO ][2016-02-09 18:53:37,698][com.java.TestType] [  496] - Test case Id is---1
[INFO ][2016-02-09 18:53:37,698][com.java.TestType] [  498] - 1
[INFO ][2016-02-09 18:53:37,698][com.java.TestType] [  493] -  str(2) = 2
[INFO ][2016-02-09 18:53:37,699][com.java.TestType] [  493] -  str(1) = 1
[INFO ][2016-02-09 18:53:37,699][com.java.TestType] [  496] - Test case Id is---1
[INFO ][2016-02-09 18:53:37,699][com.java.TestType] [  498] - 1
[INFO ][2016-02-09 18:53:37,699][com.java.TestType] [  493] -  str(2) = 3
[INFO ][2016-02-09 18:53:37,702][com.java.TestType] [  493] -  str(1) = 1
[INFO ][2016-02-09 18:53:37,702][com.java.TestType] [  496] - Test case Id is---1
[INFO ][2016-02-09 18:53:37,702][com.java.TestType] [  498] - 1
[INFO ][2016-02-09 18:53:37,703][com.java.TestType] [  493] -  str(2) = 4
[INFO ][2016-02-09 18:53:37,704][com.java.TestType] [  493] -  str(1) = 1
[INFO ][2016-02-09 18:53:37,704][com.java.TestType] [  496] - Test case Id is---1
[INFO ][2016-02-09 18:53:37,704][com.java.TestType] [  498] - 1
[INFO ][2016-02-09 18:53:37,704][com.java.TestType] [  493] -  str(2) = 5
[INFO ][2016-02-09 18:53:37,705][com.java.TestType] [  493] -  str(1) = 1
[INFO ][2016-02-09 18:53:37,705][com.java.TestType] [  496] - Test case Id is---1
[INFO ][2016-02-09 18:53:37,705][com.java.TestType] [  498] - 1
[INFO ][2016-02-09 18:53:37,706][com.java.TestType] [  493] -  str(2) = 6
[INFO ][2016-02-09 18:53:37,707][com.java.TestType] [  493] -  str(1) = 1
[INFO ][2016-02-09 18:53:37,707][com.java.TestType] [  496] - Test case Id is---1
[INFO ][2016-02-09 18:53:37,708][com.java.TestType] [  498] - 1
[INFO ][2016-02-09 18:53:37,708][com.java.TestType] [  493] -  str(2) = 7
[INFO ][2016-02-09 18:53:37,708][com.java.TestType] [  493] -  str(1) = 1
[INFO ][2016-02-09 18:53:37,709][com.java.TestType] [  496] - Test case Id is---1
[INFO ][2016-02-09 18:53:37,709][com.java.TestType] [  498] - 1
[INFO ][2016-02-09 18:53:37,709][com.java.TestType] [  493] -  str(2) = 8
[INFO ][2016-02-09 18:53:37,709][com.java.TestType] [  493] -  str(1) = 1
[INFO ][2016-02-09 18:53:37,710][com.java.TestType] [  496] - Test case Id is---1
[INFO ][2016-02-09 18:53:37,710][com.java.TestType] [  498] - 1
[INFO ][2016-02-09 18:53:37,710][com.java.TestType] [  493] -  str(2) = 9
[INFO ][2016-02-09 18:53:37,710][com.java.TestType] [  493] -  str(1) = 1
[INFO ][2016-02-09 18:53:37,712][com.java.TestType] [  496] - Test case Id is---1
[INFO ][2016-02-09 18:53:37,713][com.java.TestType] [  498] - 1
[INFO ][2016-02-09 18:53:37,713][com.java.TestType] [  493] -  str(2) = 10
[INFO ][2016-02-09 18:53:37,713][com.java.TestType] [  493] -  str(1) = 1
[INFO ][2016-02-09 18:53:37,713][com.java.TestType] [  496] - Test case Id is---1
[INFO ][2016-02-09 18:53:37,714][com.java.TestType] [  498] - 1
[INFO ][2016-02-09 18:53:37,714][com.java.TestType] [  493] -  str(2) = 11
[INFO ][2016-02-09 18:53:37,714][com.java.TestType] [  493] -  str(1) = 1
[INFO ][2016-02-09 18:53:37,714][com.java.TestType] [  496] - Test case Id is---1
[INFO ][2016-02-09 18:53:37,715][com.java.TestType] [  498] - 1
[INFO ][2016-02-09 18:53:37,715][com.java.TestType] [  493] -  str(2) = 12
[INFO ][2016-02-09 18:53:37,715][com.java.TestType] [  493] -  str(1) = 1
[INFO ][2016-02-09 18:53:37,715][com.java.TestType] [  496] - Test case Id is---1
[INFO ][2016-02-09 18:53:37,716][com.java.TestType] [  498] - 1
[INFO ][2016-02-09 18:53:37,716][com.java.TestType] [  493] -  str(2) = 13
[INFO ][2016-02-09 18:53:37,716][com.java.TestType] [  493] -  str(1) = 1
[INFO ][2016-02-09 18:53:37,717][com.java.TestType] [  496] - Test case Id is---1
[INFO ][2016-02-09 18:53:37,717][com.java.TestType] [  498] - 1
[INFO ][2016-02-09 18:53:37,717][com.java.TestType] [  493] -  str(2) = 14
[INFO ][2016-02-09 18:53:37,717][com.java.TestType] [  493] -  str(1) = 1
[INFO ][2016-02-09 18:53:37,718][com.java.TestType] [  496] - Test case Id is---1
[INFO ][2016-02-09 18:53:37,718][com.java.TestType] [  498] - 1
[INFO ][2016-02-09 18:53:37,718][com.java.TestType] [  493] -  str(2) = 15
[INFO ][2016-02-09 18:53:37,718][com.java.TestType] [  493] -  str(1) = 1
[INFO ][2016-02-09 18:53:37,718][com.java.TestType] [  496] - Test case Id is---1
[INFO ][2016-02-09 18:53:37,718][com.java.TestType] [  498] - 1
[INFO ][2016-02-09 18:53:37,719][com.java.TestType] [  493] -  str(2) = 16
[INFO ][2016-02-09 18:53:37,719][com.java.TestType] [12119] - Looping 1TCID = 1
[DEBUG][2016-02-09 18:53:37,719][com.java.TestType] [12160] - Concept ID:1 :: Step being Executed: 1::1
[INFO ][2016-02-09 18:53:37,719][com.java.TestType] [12198] - dataFields : TXTusername
[DEBUG][2016-02-09 18:53:37,720][com.java.TestType] [12204] - <In Set values of the page>
[DEBUG][2016-02-09 18:53:37,720][com.java.TestType] [12209] - {Data Fields & Data Values Exist}
[INFO ][2016-02-09 18:53:37,720][com.java.TestType] [12215] - --------------------------setting values-----------------------------
[INFO ][2016-02-09 18:53:37,720][com.java.TestType] [12218] - Action Type : CLEARANDENTER
[INFO ][2016-02-09 18:53:40,032][com.java.TestType] [ 6747] - value = valuelabs.ie10.00058
[INFO ][2016-02-09 18:53:42,452][com.java.TestType] [12237] -  RESULT true
[INFO ][2016-02-09 18:53:42,452][com.java.TestType] [12354] - ?   P A S S   ?
[DEBUG][2016-02-09 18:53:42,452][com.java.TestType] [12160] - Concept ID:1 :: Step being Executed: 1::2
[INFO ][2016-02-09 18:53:42,452][com.java.TestType] [12198] - dataFields : TXTpassword
[DEBUG][2016-02-09 18:53:42,453][com.java.TestType] [12204] - <In Set values of the page>
[DEBUG][2016-02-09 18:53:42,453][com.java.TestType] [12209] - {Data Fields & Data Values Exist}
[INFO ][2016-02-09 18:53:42,453][com.java.TestType] [12215] - --------------------------setting values-----------------------------
[INFO ][2016-02-09 18:53:42,453][com.java.TestType] [12218] - Action Type : CLEARANDENTER
[INFO ][2016-02-09 18:53:44,738][com.java.TestType] [ 6747] - value = Password1*
[INFO ][2016-02-09 18:53:47,283][com.java.TestType] [12237] -  RESULT true
[INFO ][2016-02-09 18:53:47,284][com.java.TestType] [12354] - ?   P A S S   ?
[DEBUG][2016-02-09 18:53:47,284][com.java.TestType] [12160] - Concept ID:1 :: Step being Executed: 1::3
[ERROR][2016-02-09 18:53:47,284][com.java.TestType] [12193] - Exception: null
[INFO ][2016-02-09 18:53:47,284][com.java.TestType] [12198] - dataFields : XPH//button[@type='submit']
[DEBUG][2016-02-09 18:53:47,284][com.java.TestType] [12204] - <In Set values of the page>
[DEBUG][2016-02-09 18:53:47,284][com.java.TestType] [12209] - {Data Fields & Data Values Exist}
[INFO ][2016-02-09 18:53:47,284][com.java.TestType] [12215] - --------------------------setting values-----------------------------
[INFO ][2016-02-09 18:53:47,284][com.java.TestType] [12218] - Action Type : Click
[INFO ][2016-02-09 18:53:47,284][com.java.TestType] [ 7148] - Field ::XPH//button[@type='submit']
[INFO ][2016-02-09 18:53:47,284][com.java.TestType] [ 6747] - value = 
[INFO ][2016-02-09 18:53:48,286][com.java.TestType] [ 7325] - BEFORE CLICK
[INFO ][2016-02-09 18:53:49,138][com.java.TestType] [ 7333] - Unable to click the object Login
[INFO ][2016-02-09 18:53:49,138][com.java.TestType] [12237] -  RESULT true
[INFO ][2016-02-09 18:53:49,138][com.java.TestType] [12354] - ?   P A S S   ?
[DEBUG][2016-02-09 18:53:49,138][com.java.TestType] [12160] - Concept ID:1 :: Step being Executed: 1::4
[INFO ][2016-02-09 18:53:49,138][com.java.TestType] [12198] - dataFields : LNKLogout
[DEBUG][2016-02-09 18:53:49,138][com.java.TestType] [12204] - <In Set values of the page>
[DEBUG][2016-02-09 18:53:49,138][com.java.TestType] [12209] - {Data Fields & Data Values Exist}
[INFO ][2016-02-09 18:53:49,138][com.java.TestType] [12215] - --------------------------setting values-----------------------------
[INFO ][2016-02-09 18:53:49,139][com.java.TestType] [12218] - Action Type : WaitForElement
[INFO ][2016-02-09 18:53:52,771][com.java.TestType] [12237] -  RESULT true
[INFO ][2016-02-09 18:53:52,771][com.java.TestType] [12354] - ?   P A S S   ?
[DEBUG][2016-02-09 18:53:52,771][com.java.TestType] [12160] - Concept ID:1 :: Step being Executed: 1::15
[INFO ][2016-02-09 18:53:52,772][com.java.TestType] [12198] - dataFields : LNK
[DEBUG][2016-02-09 18:53:52,772][com.java.TestType] [12204] - <In Set values of the page>
[DEBUG][2016-02-09 18:53:52,772][com.java.TestType] [12209] - {Data Fields & Data Values Exist}
[INFO ][2016-02-09 18:53:52,772][com.java.TestType] [12215] - --------------------------setting values-----------------------------
[INFO ][2016-02-09 18:53:52,772][com.java.TestType] [12218] - Action Type : Verify
[INFO ][2016-02-09 18:53:52,772][com.java.TestType] [ 8381] - field= LNK value= Logout
[INFO ][2016-02-09 18:53:52,775][com.java.TestType] [ 6747] - value = Logout
[INFO ][2016-02-09 18:53:52,812][com.java.TestType] [12237] -  RESULT true
[INFO ][2016-02-09 18:53:52,812][com.java.TestType] [12354] - ?   P A S S   ?
[DEBUG][2016-02-09 18:53:52,812][com.java.TestType] [12160] - Concept ID:1 :: Step being Executed: 1::16
[INFO ][2016-02-09 18:53:52,812][com.java.TestType] [12198] - dataFields : BTN
[DEBUG][2016-02-09 18:53:52,812][com.java.TestType] [12204] - <In Set values of the page>
[DEBUG][2016-02-09 18:53:52,812][com.java.TestType] [12209] - {Data Fields & Data Values Exist}
[INFO ][2016-02-09 18:53:52,812][com.java.TestType] [12215] - --------------------------setting values-----------------------------
[INFO ][2016-02-09 18:53:52,812][com.java.TestType] [12218] - Action Type : Verify
[INFO ][2016-02-09 18:53:52,813][com.java.TestType] [ 8381] - field= BTN value= //img[contains(@src,'bdlogo.jpg')]
[INFO ][2016-02-09 18:53:52,813][com.java.TestType] [ 6747] - value = //img[contains(@src,'bdlogo.jpg')]
[INFO ][2016-02-09 18:53:52,893][com.java.TestType] [12237] -  RESULT true
[INFO ][2016-02-09 18:53:52,893][com.java.TestType] [12354] - ?   P A S S   ?
[INFO ][2016-02-09 18:53:52,893][com.java.TestType] [12425] - Looping End......
[INFO ][2016-02-09 18:53:52,895][com.java.SeleniumDriver] [  930] -  RESULT true
[INFO ][2016-02-09 18:53:52,895][com.java.SeleniumDriver] [ 1136] - ?   P A S S   ?
[INFO ][2016-02-09 18:53:52,895][com.java.SeleniumDriver] [  856] - ------------------------------------------
[INFO ][2016-02-09 18:53:52,895][com.java.SeleniumDriver] [  857] - Test case being Executed: 1
[INFO ][2016-02-09 18:53:52,895][com.java.SeleniumDriver] [  869] - Test step:2
[INFO ][2016-02-09 18:53:52,895][com.java.SeleniumDriver] [  881] - Datavalue is----------Concept#2:1-2
[INFO ][2016-02-09 18:53:52,895][com.java.SeleniumDriver] [  905] - DataField : test
[INFO ][2016-02-09 18:53:52,895][com.java.SeleniumDriver] [  907] - DataValue : Concept#2:1-2
[INFO ][2016-02-09 18:53:52,895][com.java.SeleniumDriver] [  913] - <In Set values of the page>
[INFO ][2016-02-09 18:53:52,895][com.java.SeleniumDriver] [  916] - {Data Fields & Data Values Exist}
[INFO ][2016-02-09 18:53:52,895][com.java.SeleniumDriver] [  918] - --------------------------setting values-----------------------------
[INFO ][2016-02-09 18:53:52,895][com.java.SeleniumDriver] [  921] - Action Type : ExecuteTestCase
[INFO ][2016-02-09 18:53:52,896][com.java.TestType] [  448] - The Concept sheet name is ---------- Concept
[INFO ][2016-02-09 18:53:52,896][com.java.TestType] [  451] - The Concept ID  is ---------- 2
[DEBUG][2016-02-09 18:53:52,896][com.java.TestType] [  455] - Steps being executted in the Concept are: 1:2
[INFO ][2016-02-09 18:53:52,896][com.java.TestType] [  462] - Test data details path ---------- D:\BankersDashboard\TestInputs\TestData.xls
[INFO ][2016-02-09 18:53:52,913][com.java.TestType] [  493] -  str(1) = 2
[INFO ][2016-02-09 18:53:52,913][com.java.TestType] [  496] - Test case Id is---2
[INFO ][2016-02-09 18:53:52,913][com.java.TestType] [  498] - 2
[INFO ][2016-02-09 18:53:52,914][com.java.TestType] [  493] -  str(2) = 1
[INFO ][2016-02-09 18:53:52,916][com.java.TestType] [  493] -  str(1) = 2
[INFO ][2016-02-09 18:53:52,916][com.java.TestType] [  496] - Test case Id is---2
[INFO ][2016-02-09 18:53:52,916][com.java.TestType] [  498] - 2
[INFO ][2016-02-09 18:53:52,916][com.java.TestType] [  493] -  str(2) = 2
[INFO ][2016-02-09 18:53:52,917][com.java.TestType] [  493] -  str(1) = 2
[INFO ][2016-02-09 18:53:52,917][com.java.TestType] [  496] - Test case Id is---2
[INFO ][2016-02-09 18:53:52,917][com.java.TestType] [  498] - 2
[INFO ][2016-02-09 18:53:52,917][com.java.TestType] [  493] -  str(2) = 3
[INFO ][2016-02-09 18:53:52,918][com.java.TestType] [12119] - Looping 1TCID = 2
[DEBUG][2016-02-09 18:53:52,918][com.java.TestType] [12160] - Concept ID:2 :: Step being Executed: 2::1
[INFO ][2016-02-09 18:53:52,918][com.java.TestType] [12198] - dataFields : BNK//select[@id='bank']
[DEBUG][2016-02-09 18:53:52,918][com.java.TestType] [12204] - <In Set values of the page>
[DEBUG][2016-02-09 18:53:52,918][com.java.TestType] [12209] - {Data Fields & Data Values Exist}
[INFO ][2016-02-09 18:53:52,918][com.java.TestType] [12215] - --------------------------setting values-----------------------------
[INFO ][2016-02-09 18:53:52,918][com.java.TestType] [12218] - Action Type : Select
[INFO ][2016-02-09 18:53:52,918][com.java.TestType] [ 6747] - value = PFC
[INFO ][2016-02-09 18:53:53,403][com.java.TestType] [12237] -  RESULT true
[INFO ][2016-02-09 18:53:53,403][com.java.TestType] [12354] - ?   P A S S   ?
[DEBUG][2016-02-09 18:53:53,403][com.java.TestType] [12160] - Concept ID:2 :: Step being Executed: 2::2
[INFO ][2016-02-09 18:53:53,403][com.java.TestType] [12198] - dataFields : LNKLogout
[DEBUG][2016-02-09 18:53:53,403][com.java.TestType] [12204] - <In Set values of the page>
[DEBUG][2016-02-09 18:53:53,403][com.java.TestType] [12209] - {Data Fields & Data Values Exist}
[INFO ][2016-02-09 18:53:53,403][com.java.TestType] [12215] - --------------------------setting values-----------------------------
[INFO ][2016-02-09 18:53:53,404][com.java.TestType] [12218] - Action Type : WaitTime
[DEBUG][2016-02-09 18:53:53,404][com.java.TestType] [ 6561] - sleepTime: 5000
[INFO ][2016-02-09 18:53:58,405][com.java.TestType] [12237] -  RESULT true
[INFO ][2016-02-09 18:53:58,405][com.java.TestType] [12354] - ?   P A S S   ?
[INFO ][2016-02-09 18:53:58,405][com.java.TestType] [12425] - Looping End......
[INFO ][2016-02-09 18:53:58,406][com.java.SeleniumDriver] [  930] -  RESULT true
[INFO ][2016-02-09 18:53:58,406][com.java.SeleniumDriver] [ 1136] - ?   P A S S   ?
[INFO ][2016-02-09 18:53:58,407][com.java.SeleniumDriver] [  856] - ------------------------------------------
[INFO ][2016-02-09 18:53:58,407][com.java.SeleniumDriver] [  857] - Test case being Executed: 1
[INFO ][2016-02-09 18:53:58,407][com.java.SeleniumDriver] [  869] - Test step:3
[INFO ][2016-02-09 18:53:58,407][com.java.SeleniumDriver] [  881] - Datavalue is----------2
[INFO ][2016-02-09 18:53:58,407][com.java.SeleniumDriver] [  905] - DataField : XPH//button[contains(text(),'Add Content')]
[INFO ][2016-02-09 18:53:58,407][com.java.SeleniumDriver] [  907] - DataValue : 2
[INFO ][2016-02-09 18:53:58,407][com.java.SeleniumDriver] [  913] - <In Set values of the page>
[INFO ][2016-02-09 18:53:58,407][com.java.SeleniumDriver] [  916] - {Data Fields & Data Values Exist}
[INFO ][2016-02-09 18:53:58,407][com.java.SeleniumDriver] [  918] - --------------------------setting values-----------------------------
[INFO ][2016-02-09 18:53:58,407][com.java.SeleniumDriver] [  921] - Action Type : WAITFORELEMENT
[INFO ][2016-02-09 18:53:58,474][com.java.SeleniumDriver] [  930] -  RESULT true
[INFO ][2016-02-09 18:53:58,474][com.java.SeleniumDriver] [ 1136] - ?   P A S S   ?
[DEBUG][2016-02-09 18:53:58,476][com.java.SeleniumDriver] [ 1248] - Case found
[DEBUG][2016-02-09 18:53:58,476][com.java.SeleniumDriver] [ 1253] - Incrementing ReportCounters[0]:1
[INFO ][2016-02-09 18:53:58,476][com.java.SeleniumDriver] [ 1272] - The results are-------------------[1, 1, Valid Login, Pass, , Tue Feb 09 18:53:52 IST 2016, 1, 2, Valid Login, Pass, , Tue Feb 09 18:53:58 IST 2016, 1, 3, Valid Login, Pass, , Tue Feb 09 18:53:58 IST 2016]
[INFO ][2016-02-09 18:53:58,476][com.java.SeleniumDriver] [ 1276] - End time is-------36 sec
[INFO ][2016-02-09 18:53:58,476][com.java.SeleniumDriver] [ 1277] - The results are-------------------[1, 1, Valid Login, Pass, , Tue Feb 09 18:53:52 IST 2016, 1, 2, Valid Login, Pass, , Tue Feb 09 18:53:58 IST 2016, 1, 3, Valid Login, Pass, , Tue Feb 09 18:53:58 IST 2016]
[DEBUG][2016-02-09 18:53:58,476][com.java.ImportnExport.ExportTestResultsExcel] [  222] - testResultPath = D:\BankersDashboard/TestReports/Test Results_BankersDashBoard_020916_185324_IE10_United Bank.xls
[DEBUG][2016-02-09 18:53:58,476][com.java.ImportnExport.ExportTestResultsExcel] [  223] - browser is------------IE10
[DEBUG][2016-02-09 18:53:58,520][com.java.ImportnExport.ExportTestResultsExcel] [  270] - result.size() = 18
[DEBUG][2016-02-09 18:53:58,521][com.java.ImportnExport.ExportTestResultsExcel] [  274] - No of rows in sheet=1
[DEBUG][2016-02-09 18:53:58,521][com.java.ImportnExport.ExportTestResultsExcel] [  301] - ..in export..1
[DEBUG][2016-02-09 18:53:58,521][com.java.ImportnExport.ExportTestResultsExcel] [  301] - ..in export..Valid Login
[DEBUG][2016-02-09 18:53:58,521][com.java.ImportnExport.ExportTestResultsExcel] [  301] - ..in export..Pass
[DEBUG][2016-02-09 18:53:58,521][com.java.ImportnExport.ExportTestResultsExcel] [  301] - ..in export..
[DEBUG][2016-02-09 18:53:58,521][com.java.ImportnExport.ExportTestResultsExcel] [  301] - ..in export..Tue Feb 09 18:53:52 IST 2016
[INFO ][2016-02-09 18:53:58,524][com.java.SeleniumDriver] [ 1337] - out loop:0 size:2 TestCases:[1, 4] testcases:[1, 4]
[INFO ][2016-02-09 18:53:58,524][com.java.ImportnExport.ImportTestDataDetailsExcel] [   49] - test data details path===== D:\BankersDashboard\TestInputs\TestData.xls
[INFO ][2016-02-09 18:54:16,112][com.java.SeleniumDriver] [  856] - ------------------------------------------
[INFO ][2016-02-09 18:54:16,112][com.java.SeleniumDriver] [  857] - Test case being Executed: 4
[INFO ][2016-02-09 18:54:16,112][com.java.SeleniumDriver] [  869] - Test step:1
[INFO ][2016-02-09 18:54:16,112][com.java.SeleniumDriver] [  881] - Datavalue is----------Logout
[INFO ][2016-02-09 18:54:16,112][com.java.SeleniumDriver] [  905] - DataField : BTN
[INFO ][2016-02-09 18:54:16,112][com.java.SeleniumDriver] [  907] - DataValue : Logout
[INFO ][2016-02-09 18:54:16,112][com.java.SeleniumDriver] [  913] - <In Set values of the page>
[INFO ][2016-02-09 18:54:16,112][com.java.SeleniumDriver] [  916] - {Data Fields & Data Values Exist}
[INFO ][2016-02-09 18:54:16,112][com.java.SeleniumDriver] [  918] - --------------------------setting values-----------------------------
[INFO ][2016-02-09 18:54:16,112][com.java.SeleniumDriver] [  921] - Action Type : Verify
[INFO ][2016-02-09 18:54:16,112][com.java.TestType] [ 8381] - field= BTN value= Logout
[INFO ][2016-02-09 18:54:16,112][com.java.TestType] [ 6747] - value = Logout
[INFO ][2016-02-09 18:54:16,205][com.java.SeleniumDriver] [  930] -  RESULT true
[INFO ][2016-02-09 18:54:16,205][com.java.SeleniumDriver] [ 1136] - ?   P A S S   ?
[INFO ][2016-02-09 18:54:16,205][com.java.SeleniumDriver] [ 1178] - step change to 3
[INFO ][2016-02-09 18:54:16,205][com.java.SeleniumDriver] [  856] - ------------------------------------------
[INFO ][2016-02-09 18:54:16,205][com.java.SeleniumDriver] [  857] - Test case being Executed: 4
[INFO ][2016-02-09 18:54:16,205][com.java.SeleniumDriver] [  869] - Test step:3
[INFO ][2016-02-09 18:54:16,206][com.java.SeleniumDriver] [  881] - Datavalue is----------Concept#2:1-3
[INFO ][2016-02-09 18:54:16,206][com.java.SeleniumDriver] [  905] - DataField : test
[INFO ][2016-02-09 18:54:16,206][com.java.SeleniumDriver] [  907] - DataValue : Concept#2:1-3
[INFO ][2016-02-09 18:54:16,206][com.java.SeleniumDriver] [  913] - <In Set values of the page>
[INFO ][2016-02-09 18:54:16,206][com.java.SeleniumDriver] [  916] - {Data Fields & Data Values Exist}
[INFO ][2016-02-09 18:54:16,206][com.java.SeleniumDriver] [  918] - --------------------------setting values-----------------------------
[INFO ][2016-02-09 18:54:16,206][com.java.SeleniumDriver] [  921] - Action Type : ExecuteTestCase
[INFO ][2016-02-09 18:54:16,206][com.java.TestType] [  448] - The Concept sheet name is ---------- Concept
[INFO ][2016-02-09 18:54:16,206][com.java.TestType] [  451] - The Concept ID  is ---------- 2
[DEBUG][2016-02-09 18:54:16,206][com.java.TestType] [  455] - Steps being executted in the Concept are: 1:3
[INFO ][2016-02-09 18:54:16,206][com.java.TestType] [  462] - Test data details path ---------- D:\BankersDashboard\TestInputs\TestData.xls
[INFO ][2016-02-09 18:54:16,225][com.java.TestType] [  493] -  str(1) = 2
[INFO ][2016-02-09 18:54:16,225][com.java.TestType] [  496] - Test case Id is---2
[INFO ][2016-02-09 18:54:16,225][com.java.TestType] [  498] - 2
[INFO ][2016-02-09 18:54:16,225][com.java.TestType] [  493] -  str(2) = 1
[INFO ][2016-02-09 18:54:16,226][com.java.TestType] [  493] -  str(1) = 2
[INFO ][2016-02-09 18:54:16,227][com.java.TestType] [  496] - Test case Id is---2
[INFO ][2016-02-09 18:54:16,227][com.java.TestType] [  498] - 2
[INFO ][2016-02-09 18:54:16,227][com.java.TestType] [  493] -  str(2) = 2
[INFO ][2016-02-09 18:54:16,227][com.java.TestType] [  493] -  str(1) = 2
[INFO ][2016-02-09 18:54:16,227][com.java.TestType] [  496] - Test case Id is---2
[INFO ][2016-02-09 18:54:16,227][com.java.TestType] [  498] - 2
[INFO ][2016-02-09 18:54:16,228][com.java.TestType] [  493] -  str(2) = 3
[INFO ][2016-02-09 18:54:16,229][com.java.TestType] [12119] - Looping 1TCID = 2
[DEBUG][2016-02-09 18:54:16,229][com.java.TestType] [12160] - Concept ID:2 :: Step being Executed: 2::1
[INFO ][2016-02-09 18:54:16,229][com.java.TestType] [12198] - dataFields : BNK//select[@id='bank']
[DEBUG][2016-02-09 18:54:16,229][com.java.TestType] [12204] - <In Set values of the page>
[DEBUG][2016-02-09 18:54:16,229][com.java.TestType] [12209] - {Data Fields & Data Values Exist}
[INFO ][2016-02-09 18:54:16,229][com.java.TestType] [12215] - --------------------------setting values-----------------------------
[INFO ][2016-02-09 18:54:16,229][com.java.TestType] [12218] - Action Type : Select
[INFO ][2016-02-09 18:54:16,229][com.java.TestType] [ 6747] - value = PFC
[INFO ][2016-02-09 18:54:16,481][com.java.TestType] [12237] -  RESULT true
[INFO ][2016-02-09 18:54:16,481][com.java.TestType] [12354] - ?   P A S S   ?
[DEBUG][2016-02-09 18:54:16,481][com.java.TestType] [12160] - Concept ID:2 :: Step being Executed: 2::2
[INFO ][2016-02-09 18:54:16,481][com.java.TestType] [12198] - dataFields : LNKLogout
[DEBUG][2016-02-09 18:54:16,481][com.java.TestType] [12204] - <In Set values of the page>
[DEBUG][2016-02-09 18:54:16,481][com.java.TestType] [12209] - {Data Fields & Data Values Exist}
[INFO ][2016-02-09 18:54:16,482][com.java.TestType] [12215] - --------------------------setting values-----------------------------
[INFO ][2016-02-09 18:54:16,482][com.java.TestType] [12218] - Action Type : WaitTime
[DEBUG][2016-02-09 18:54:16,482][com.java.TestType] [ 6561] - sleepTime: 5000
[INFO ][2016-02-09 18:54:21,483][com.java.TestType] [12237] -  RESULT true
[INFO ][2016-02-09 18:54:21,483][com.java.TestType] [12354] - ?   P A S S   ?
[DEBUG][2016-02-09 18:54:21,483][com.java.TestType] [12160] - Concept ID:2 :: Step being Executed: 2::3
[INFO ][2016-02-09 18:54:21,483][com.java.TestType] [12198] - dataFields : LNKLogout
[DEBUG][2016-02-09 18:54:21,483][com.java.TestType] [12204] - <In Set values of the page>
[DEBUG][2016-02-09 18:54:21,483][com.java.TestType] [12209] - {Data Fields & Data Values Exist}
[INFO ][2016-02-09 18:54:21,483][com.java.TestType] [12215] - --------------------------setting values-----------------------------
[INFO ][2016-02-09 18:54:21,483][com.java.TestType] [12218] - Action Type : WaitForElement
[INFO ][2016-02-09 18:54:21,531][com.java.TestType] [12237] -  RESULT true
[INFO ][2016-02-09 18:54:21,531][com.java.TestType] [12354] - ?   P A S S   ?
[INFO ][2016-02-09 18:54:21,531][com.java.TestType] [12425] - Looping End......
[INFO ][2016-02-09 18:54:21,532][com.java.SeleniumDriver] [  930] -  RESULT true
[INFO ][2016-02-09 18:54:21,532][com.java.SeleniumDriver] [ 1136] - ?   P A S S   ?
[INFO ][2016-02-09 18:54:21,532][com.java.SeleniumDriver] [  856] - ------------------------------------------
[INFO ][2016-02-09 18:54:21,533][com.java.SeleniumDriver] [  857] - Test case being Executed: 4
[INFO ][2016-02-09 18:54:21,533][com.java.SeleniumDriver] [  869] - Test step:4
[INFO ][2016-02-09 18:54:21,533][com.java.SeleniumDriver] [  881] - Datavalue is----------null
[DEBUG][2016-02-09 18:54:21,533][com.java.SeleniumDriver] [  899] - Exception: null
[INFO ][2016-02-09 18:54:21,533][com.java.SeleniumDriver] [  905] - DataField : //span[@class="icon-cog2"]&&//a[text()='Customize']&&//a[@data-id="TabletAlerts"]
[INFO ][2016-02-09 18:54:21,533][com.java.SeleniumDriver] [  907] - DataValue : 
[INFO ][2016-02-09 18:54:21,533][com.java.SeleniumDriver] [  913] - <In Set values of the page>
[INFO ][2016-02-09 18:54:21,533][com.java.SeleniumDriver] [  916] - {Data Fields & Data Values Exist}
[INFO ][2016-02-09 18:54:21,533][com.java.SeleniumDriver] [  918] - --------------------------setting values-----------------------------
[INFO ][2016-02-09 18:54:21,533][com.java.SeleniumDriver] [  921] - Action Type : MOUSEOVER
[INFO ][2016-02-09 18:55:09,398][com.java.SeleniumDriver] [  930] -  RESULT true
[INFO ][2016-02-09 18:55:09,399][com.java.SeleniumDriver] [ 1136] - ?   P A S S   ?
[INFO ][2016-02-09 18:55:09,399][com.java.SeleniumDriver] [  856] - ------------------------------------------
[INFO ][2016-02-09 18:55:09,400][com.java.SeleniumDriver] [  857] - Test case being Executed: 4
[INFO ][2016-02-09 18:55:09,400][com.java.SeleniumDriver] [  869] - Test step:5
[INFO ][2016-02-09 18:55:09,400][com.java.SeleniumDriver] [  881] - Datavalue is----------My Alerts
[INFO ][2016-02-09 18:55:09,400][com.java.SeleniumDriver] [  905] - DataField : XPH//span[@class='ui-dialog-title']
[INFO ][2016-02-09 18:55:09,400][com.java.SeleniumDriver] [  907] - DataValue : My Alerts
[INFO ][2016-02-09 18:55:09,400][com.java.SeleniumDriver] [  913] - <In Set values of the page>
[INFO ][2016-02-09 18:55:09,400][com.java.SeleniumDriver] [  916] - {Data Fields & Data Values Exist}
[INFO ][2016-02-09 18:55:09,400][com.java.SeleniumDriver] [  918] - --------------------------setting values-----------------------------
[INFO ][2016-02-09 18:55:09,400][com.java.SeleniumDriver] [  921] - Action Type : verify
[INFO ][2016-02-09 18:55:09,400][com.java.TestType] [ 8381] - field= XPH//span[@class='ui-dialog-title'] value= My Alerts
[INFO ][2016-02-09 18:55:09,400][com.java.TestType] [ 6747] - value = My Alerts
[INFO ][2016-02-09 18:55:10,464][com.java.SeleniumDriver] [  930] -  RESULT true
[INFO ][2016-02-09 18:55:10,465][com.java.SeleniumDriver] [ 1136] - ?   P A S S   ?
[INFO ][2016-02-09 18:55:10,465][com.java.SeleniumDriver] [  856] - ------------------------------------------
[INFO ][2016-02-09 18:55:10,465][com.java.SeleniumDriver] [  857] - Test case being Executed: 4
[INFO ][2016-02-09 18:55:10,465][com.java.SeleniumDriver] [  869] - Test step:6
[INFO ][2016-02-09 18:55:10,465][com.java.SeleniumDriver] [  881] - Datavalue is----------null
[DEBUG][2016-02-09 18:55:10,465][com.java.SeleniumDriver] [  899] - Exception: null
[INFO ][2016-02-09 18:55:10,465][com.java.SeleniumDriver] [  905] - DataField : BTNframeDialogContent
[INFO ][2016-02-09 18:55:10,465][com.java.SeleniumDriver] [  907] - DataValue : 
[INFO ][2016-02-09 18:55:10,465][com.java.SeleniumDriver] [  913] - <In Set values of the page>
[INFO ][2016-02-09 18:55:10,465][com.java.SeleniumDriver] [  916] - {Data Fields & Data Values Exist}
[INFO ][2016-02-09 18:55:10,465][com.java.SeleniumDriver] [  918] - --------------------------setting values-----------------------------
[INFO ][2016-02-09 18:55:10,465][com.java.SeleniumDriver] [  921] - Action Type : SELECTFRAME
[INFO ][2016-02-09 18:55:13,072][com.java.SeleniumDriver] [  930] -  RESULT true
[INFO ][2016-02-09 18:55:13,072][com.java.SeleniumDriver] [ 1136] - ?   P A S S   ?
[INFO ][2016-02-09 18:55:13,072][com.java.SeleniumDriver] [  856] - ------------------------------------------
[INFO ][2016-02-09 18:55:13,072][com.java.SeleniumDriver] [  857] - Test case being Executed: 4
[INFO ][2016-02-09 18:55:13,072][com.java.SeleniumDriver] [  869] - Test step:7
[INFO ][2016-02-09 18:55:13,072][com.java.SeleniumDriver] [  881] - Datavalue is----------Income Statement
[INFO ][2016-02-09 18:55:13,073][com.java.SeleniumDriver] [  905] - DataField : XPH//span[contains(text(),'Income Statement')]
[INFO ][2016-02-09 18:55:13,073][com.java.SeleniumDriver] [  907] - DataValue : Income Statement
[INFO ][2016-02-09 18:55:13,073][com.java.SeleniumDriver] [  913] - <In Set values of the page>
[INFO ][2016-02-09 18:55:13,073][com.java.SeleniumDriver] [  916] - {Data Fields & Data Values Exist}
[INFO ][2016-02-09 18:55:13,073][com.java.SeleniumDriver] [  918] - --------------------------setting values-----------------------------
[INFO ][2016-02-09 18:55:13,073][com.java.SeleniumDriver] [  921] - Action Type : VERIFY
[INFO ][2016-02-09 18:55:13,073][com.java.TestType] [ 8381] - field= XPH//span[contains(text(),'Income Statement')] value= Income Statement
[INFO ][2016-02-09 18:55:13,073][com.java.TestType] [ 6747] - value = Income Statement
[INFO ][2016-02-09 18:55:13,256][com.java.SeleniumDriver] [  930] -  RESULT true
[INFO ][2016-02-09 18:55:13,256][com.java.SeleniumDriver] [ 1136] - ?   P A S S   ?
[INFO ][2016-02-09 18:55:13,256][com.java.SeleniumDriver] [  856] - ------------------------------------------
[INFO ][2016-02-09 18:55:13,256][com.java.SeleniumDriver] [  857] - Test case being Executed: 4
[INFO ][2016-02-09 18:55:13,256][com.java.SeleniumDriver] [  869] - Test step:8
[INFO ][2016-02-09 18:55:13,256][com.java.SeleniumDriver] [  881] - Datavalue is----------null
[DEBUG][2016-02-09 18:55:13,256][com.java.SeleniumDriver] [  899] - Exception: null
[INFO ][2016-02-09 18:55:13,256][com.java.SeleniumDriver] [  905] - DataField : XPH//span[contains(text(),'Income Statement')]
[INFO ][2016-02-09 18:55:13,256][com.java.SeleniumDriver] [  907] - DataValue : 
[INFO ][2016-02-09 18:55:13,257][com.java.SeleniumDriver] [  913] - <In Set values of the page>
[INFO ][2016-02-09 18:55:13,257][com.java.SeleniumDriver] [  916] - {Data Fields & Data Values Exist}
[INFO ][2016-02-09 18:55:13,257][com.java.SeleniumDriver] [  918] - --------------------------setting values-----------------------------
[INFO ][2016-02-09 18:55:13,257][com.java.SeleniumDriver] [  921] - Action Type : CLICK
[INFO ][2016-02-09 18:55:13,257][com.java.TestType] [ 7148] - Field ::XPH//span[contains(text(),'Income Statement')]
[INFO ][2016-02-09 18:55:13,257][com.java.TestType] [ 6747] - value = 
[INFO ][2016-02-09 18:55:14,257][com.java.TestType] [ 7325] - BEFORE CLICK
[INFO ][2016-02-09 18:55:15,451][com.java.TestType] [ 7333] - Unable to click the object Income Statement
[INFO ][2016-02-09 18:55:15,451][com.java.SeleniumDriver] [  930] -  RESULT true
[INFO ][2016-02-09 18:55:15,451][com.java.SeleniumDriver] [ 1136] - ?   P A S S   ?
[INFO ][2016-02-09 18:55:15,451][com.java.SeleniumDriver] [  856] - ------------------------------------------
[INFO ][2016-02-09 18:55:15,451][com.java.SeleniumDriver] [  857] - Test case being Executed: 4
[INFO ][2016-02-09 18:55:15,451][com.java.SeleniumDriver] [  869] - Test step:9
[INFO ][2016-02-09 18:55:15,451][com.java.SeleniumDriver] [  881] - Datavalue is----------5
[INFO ][2016-02-09 18:55:15,452][com.java.SeleniumDriver] [  905] - DataField : test
[INFO ][2016-02-09 18:55:15,452][com.java.SeleniumDriver] [  907] - DataValue : 5
[INFO ][2016-02-09 18:55:15,452][com.java.SeleniumDriver] [  913] - <In Set values of the page>
[INFO ][2016-02-09 18:55:15,452][com.java.SeleniumDriver] [  916] - {Data Fields & Data Values Exist}
[INFO ][2016-02-09 18:55:15,452][com.java.SeleniumDriver] [  918] - --------------------------setting values-----------------------------
[INFO ][2016-02-09 18:55:15,452][com.java.SeleniumDriver] [  921] - Action Type : WAITTIME
[DEBUG][2016-02-09 18:55:15,452][com.java.TestType] [ 6561] - sleepTime: 5000
[INFO ][2016-02-09 18:55:20,453][com.java.SeleniumDriver] [  930] -  RESULT true
[INFO ][2016-02-09 18:55:20,453][com.java.SeleniumDriver] [ 1136] - ?   P A S S   ?
[INFO ][2016-02-09 18:55:20,453][com.java.SeleniumDriver] [  856] - ------------------------------------------
[INFO ][2016-02-09 18:55:20,453][com.java.SeleniumDriver] [  857] - Test case being Executed: 4
[INFO ][2016-02-09 18:55:20,453][com.java.SeleniumDriver] [  869] - Test step:10
[INFO ][2016-02-09 18:55:20,453][com.java.SeleniumDriver] [  881] - Datavalue is----------RTD0
[INFO ][2016-02-09 18:55:20,453][com.java.SeleniumDriver] [  905] - DataField : TXT//table[@id="IncomeTbl" ]/tbody//td[4]/input[@class="perVal"]
[INFO ][2016-02-09 18:55:20,453][com.java.SeleniumDriver] [  907] - DataValue : RTD0
[INFO ][2016-02-09 18:55:20,453][com.java.SeleniumDriver] [  913] - <In Set values of the page>
[INFO ][2016-02-09 18:55:20,453][com.java.SeleniumDriver] [  916] - {Data Fields & Data Values Exist}
[INFO ][2016-02-09 18:55:20,453][com.java.SeleniumDriver] [  918] - --------------------------setting values-----------------------------
[INFO ][2016-02-09 18:55:20,453][com.java.SeleniumDriver] [  921] - Action Type : CLEARANDENTER
[INFO ][2016-02-09 18:55:20,622][com.java.TestType] [ 6747] - value = 011
[INFO ][2016-02-09 18:55:20,838][com.java.SeleniumDriver] [  930] -  RESULT true
[INFO ][2016-02-09 18:55:20,838][com.java.SeleniumDriver] [ 1136] - ?   P A S S   ?
[INFO ][2016-02-09 18:55:20,838][com.java.SeleniumDriver] [  856] - ------------------------------------------
[INFO ][2016-02-09 18:55:20,838][com.java.SeleniumDriver] [  857] - Test case being Executed: 4
[INFO ][2016-02-09 18:55:20,838][com.java.SeleniumDriver] [  869] - Test step:11
[INFO ][2016-02-09 18:55:20,838][com.java.SeleniumDriver] [  881] - Datavalue is----------null
[DEBUG][2016-02-09 18:55:20,838][com.java.SeleniumDriver] [  899] - Exception: null
[INFO ][2016-02-09 18:55:20,838][com.java.SeleniumDriver] [  905] - DataField : BTNparent
[INFO ][2016-02-09 18:55:20,838][com.java.SeleniumDriver] [  907] - DataValue : 
[INFO ][2016-02-09 18:55:20,839][com.java.SeleniumDriver] [  913] - <In Set values of the page>
[INFO ][2016-02-09 18:55:20,839][com.java.SeleniumDriver] [  916] - {Data Fields & Data Values Exist}
[INFO ][2016-02-09 18:55:20,839][com.java.SeleniumDriver] [  918] - --------------------------setting values-----------------------------
[INFO ][2016-02-09 18:55:20,839][com.java.SeleniumDriver] [  921] - Action Type : SELECTFRAME
[INFO ][2016-02-09 18:55:20,854][com.java.SeleniumDriver] [  930] -  RESULT true
[INFO ][2016-02-09 18:55:20,854][com.java.SeleniumDriver] [ 1136] - ?   P A S S   ?
[INFO ][2016-02-09 18:55:20,854][com.java.SeleniumDriver] [  856] - ------------------------------------------
[INFO ][2016-02-09 18:55:20,854][com.java.SeleniumDriver] [  857] - Test case being Executed: 4
[INFO ][2016-02-09 18:55:20,854][com.java.SeleniumDriver] [  869] - Test step:12
[INFO ][2016-02-09 18:55:20,854][com.java.SeleniumDriver] [  881] - Datavalue is----------null
[DEBUG][2016-02-09 18:55:20,854][com.java.SeleniumDriver] [  899] - Exception: null
[INFO ][2016-02-09 18:55:20,856][com.java.SeleniumDriver] [  905] - DataField : HDN//span[contains(text(),'Save')]
[INFO ][2016-02-09 18:55:20,856][com.java.SeleniumDriver] [  907] - DataValue : 
[INFO ][2016-02-09 18:55:20,856][com.java.SeleniumDriver] [  913] - <In Set values of the page>
[INFO ][2016-02-09 18:55:20,856][com.java.SeleniumDriver] [  916] - {Data Fields & Data Values Exist}
[INFO ][2016-02-09 18:55:20,856][com.java.SeleniumDriver] [  918] - --------------------------setting values-----------------------------
[INFO ][2016-02-09 18:55:20,856][com.java.SeleniumDriver] [  921] - Action Type : CLICK
[INFO ][2016-02-09 18:55:20,856][com.java.TestType] [ 7148] - Field ::HDN//span[contains(text(),'Save')]
[INFO ][2016-02-09 18:55:20,856][com.java.TestType] [ 6747] - value = 
[INFO ][2016-02-09 18:55:22,235][com.java.SeleniumDriver] [  930] -  RESULT true
[INFO ][2016-02-09 18:55:22,235][com.java.SeleniumDriver] [ 1136] - ?   P A S S   ?
[INFO ][2016-02-09 18:55:22,235][com.java.SeleniumDriver] [  856] - ------------------------------------------
[INFO ][2016-02-09 18:55:22,235][com.java.SeleniumDriver] [  857] - Test case being Executed: 4
[INFO ][2016-02-09 18:55:22,235][com.java.SeleniumDriver] [  869] - Test step:13
[INFO ][2016-02-09 18:55:22,235][com.java.SeleniumDriver] [  881] - Datavalue is----------null
[DEBUG][2016-02-09 18:55:22,235][com.java.SeleniumDriver] [  899] - Exception: null
[INFO ][2016-02-09 18:55:22,236][com.java.SeleniumDriver] [  905] - DataField : XPH//div[@class="menu"]//span[@class='glyphicon glyphicon-bell']
[INFO ][2016-02-09 18:55:22,236][com.java.SeleniumDriver] [  907] - DataValue : 
[INFO ][2016-02-09 18:55:22,236][com.java.SeleniumDriver] [  913] - <In Set values of the page>
[INFO ][2016-02-09 18:55:22,236][com.java.SeleniumDriver] [  916] - {Data Fields & Data Values Exist}
[INFO ][2016-02-09 18:55:22,236][com.java.SeleniumDriver] [  918] - --------------------------setting values-----------------------------
[INFO ][2016-02-09 18:55:22,236][com.java.SeleniumDriver] [  921] - Action Type : CLICK
[INFO ][2016-02-09 18:55:22,236][com.java.TestType] [ 7148] - Field ::XPH//div[@class="menu"]//span[@class='glyphicon glyphicon-bell']
[INFO ][2016-02-09 18:55:22,236][com.java.TestType] [ 6747] - value = 
[INFO ][2016-02-09 18:55:23,236][com.java.TestType] [ 7325] - BEFORE CLICK
[INFO ][2016-02-09 18:55:25,600][com.java.TestType] [ 7333] - Unable to click the object Click on  bell symbol
[INFO ][2016-02-09 18:55:25,600][com.java.SeleniumDriver] [  930] -  RESULT true
[INFO ][2016-02-09 18:55:25,600][com.java.SeleniumDriver] [ 1136] - ?   P A S S   ?
[INFO ][2016-02-09 18:55:25,600][com.java.SeleniumDriver] [  856] - ------------------------------------------
[INFO ][2016-02-09 18:55:25,600][com.java.SeleniumDriver] [  857] - Test case being Executed: 4
[INFO ][2016-02-09 18:55:25,600][com.java.SeleniumDriver] [  869] - Test step:14
[INFO ][2016-02-09 18:55:25,600][com.java.SeleniumDriver] [  881] - Datavalue is----------null
[DEBUG][2016-02-09 18:55:25,600][com.java.SeleniumDriver] [  899] - Exception: null
[INFO ][2016-02-09 18:55:25,600][com.java.SeleniumDriver] [  905] - DataField : XPH//div[@class='body']/div[4]/div[2]
[INFO ][2016-02-09 18:55:25,600][com.java.SeleniumDriver] [  907] - DataValue : 
[INFO ][2016-02-09 18:55:25,601][com.java.SeleniumDriver] [  913] - <In Set values of the page>
[INFO ][2016-02-09 18:55:25,601][com.java.SeleniumDriver] [  916] - {Data Fields & Data Values Exist}
[INFO ][2016-02-09 18:55:25,601][com.java.SeleniumDriver] [  918] - --------------------------setting values-----------------------------
[INFO ][2016-02-09 18:55:25,601][com.java.SeleniumDriver] [  921] - Action Type : CLICK
[INFO ][2016-02-09 18:55:25,601][com.java.TestType] [ 7148] - Field ::XPH//div[@class='body']/div[4]/div[2]
[INFO ][2016-02-09 18:55:25,601][com.java.TestType] [ 6747] - value = 
[INFO ][2016-02-09 18:55:26,601][com.java.TestType] [ 7325] - BEFORE CLICK
[INFO ][2016-02-09 18:55:27,596][com.java.TestType] [ 7333] - Unable to click the object Click on the Today's Alert Page
[INFO ][2016-02-09 18:55:27,596][com.java.SeleniumDriver] [  930] -  RESULT true
[INFO ][2016-02-09 18:55:27,596][com.java.SeleniumDriver] [ 1136] - ?   P A S S   ?
[INFO ][2016-02-09 18:55:27,596][com.java.SeleniumDriver] [  856] - ------------------------------------------
[INFO ][2016-02-09 18:55:27,596][com.java.SeleniumDriver] [  857] - Test case being Executed: 4
[INFO ][2016-02-09 18:55:27,596][com.java.SeleniumDriver] [  869] - Test step:15
[INFO ][2016-02-09 18:55:27,596][com.java.SeleniumDriver] [  881] - Datavalue is----------//div[@class="menu-drawer"]//span
[INFO ][2016-02-09 18:55:27,596][com.java.SeleniumDriver] [  905] - DataField : BTN
[INFO ][2016-02-09 18:55:27,596][com.java.SeleniumDriver] [  907] - DataValue : //div[@class="menu-drawer"]//span
[INFO ][2016-02-09 18:55:27,596][com.java.SeleniumDriver] [  913] - <In Set values of the page>
[INFO ][2016-02-09 18:55:27,596][com.java.SeleniumDriver] [  916] - {Data Fields & Data Values Exist}
[INFO ][2016-02-09 18:55:27,596][com.java.SeleniumDriver] [  918] - --------------------------setting values-----------------------------
[INFO ][2016-02-09 18:55:27,597][com.java.SeleniumDriver] [  921] - Action Type : VERIFY
[INFO ][2016-02-09 18:55:27,597][com.java.TestType] [ 8381] - field= BTN value= //div[@class="menu-drawer"]//span
[INFO ][2016-02-09 18:55:27,597][com.java.TestType] [ 6747] - value = //div[@class="menu-drawer"]//span
[INFO ][2016-02-09 18:55:27,738][com.java.SeleniumDriver] [  930] -  RESULT true
[INFO ][2016-02-09 18:55:27,738][com.java.SeleniumDriver] [ 1136] - ?   P A S S   ?
[INFO ][2016-02-09 18:55:27,738][com.java.SeleniumDriver] [  856] - ------------------------------------------
[INFO ][2016-02-09 18:55:27,738][com.java.SeleniumDriver] [  857] - Test case being Executed: 4
[INFO ][2016-02-09 18:55:27,738][com.java.SeleniumDriver] [  869] - Test step:16
[INFO ][2016-02-09 18:55:27,738][com.java.SeleniumDriver] [  881] - Datavalue is----------//div[@id='isAlertsHeading']/h4
[INFO ][2016-02-09 18:55:27,738][com.java.SeleniumDriver] [  905] - DataField : BTN
[INFO ][2016-02-09 18:55:27,738][com.java.SeleniumDriver] [  907] - DataValue : //div[@id='isAlertsHeading']/h4
[INFO ][2016-02-09 18:55:27,738][com.java.SeleniumDriver] [  913] - <In Set values of the page>
[INFO ][2016-02-09 18:55:27,738][com.java.SeleniumDriver] [  916] - {Data Fields & Data Values Exist}
[INFO ][2016-02-09 18:55:27,738][com.java.SeleniumDriver] [  918] - --------------------------setting values-----------------------------
[INFO ][2016-02-09 18:55:27,738][com.java.SeleniumDriver] [  921] - Action Type : VERIFY
[INFO ][2016-02-09 18:55:27,738][com.java.TestType] [ 8381] - field= BTN value= //div[@id='isAlertsHeading']/h4
[INFO ][2016-02-09 18:55:27,739][com.java.TestType] [ 6747] - value = //div[@id='isAlertsHeading']/h4
[INFO ][2016-02-09 18:55:27,860][com.java.SeleniumDriver] [  930] -  RESULT true
[INFO ][2016-02-09 18:55:27,860][com.java.SeleniumDriver] [ 1136] - ?   P A S S   ?
[INFO ][2016-02-09 18:55:27,860][com.java.SeleniumDriver] [  856] - ------------------------------------------
[INFO ][2016-02-09 18:55:27,860][com.java.SeleniumDriver] [  857] - Test case being Executed: 4
[INFO ][2016-02-09 18:55:27,860][com.java.SeleniumDriver] [  869] - Test step:17
[INFO ][2016-02-09 18:55:27,861][com.java.SeleniumDriver] [  881] - Datavalue is----------null
[DEBUG][2016-02-09 18:55:27,861][com.java.SeleniumDriver] [  899] - Exception: null
[INFO ][2016-02-09 18:55:27,861][com.java.SeleniumDriver] [  905] - DataField : XPH//div[@class="panel panel-default ng-scope"]/div[@id='isAlertsHeading']/h4
[INFO ][2016-02-09 18:55:27,861][com.java.SeleniumDriver] [  907] - DataValue : 
[INFO ][2016-02-09 18:55:27,861][com.java.SeleniumDriver] [  913] - <In Set values of the page>
[INFO ][2016-02-09 18:55:27,861][com.java.SeleniumDriver] [  916] - {Data Fields & Data Values Exist}
[INFO ][2016-02-09 18:55:27,861][com.java.SeleniumDriver] [  918] - --------------------------setting values-----------------------------
[INFO ][2016-02-09 18:55:27,861][com.java.SeleniumDriver] [  921] - Action Type : CLICK
[INFO ][2016-02-09 18:55:27,861][com.java.TestType] [ 7148] - Field ::XPH//div[@class="panel panel-default ng-scope"]/div[@id='isAlertsHeading']/h4
[INFO ][2016-02-09 18:55:27,861][com.java.TestType] [ 6747] - value = 
[INFO ][2016-02-09 18:55:28,861][com.java.TestType] [ 7325] - BEFORE CLICK
[INFO ][2016-02-09 18:55:29,880][com.java.TestType] [ 7333] - Unable to click the object Click on Income Statement tab
[INFO ][2016-02-09 18:55:29,880][com.java.SeleniumDriver] [  930] -  RESULT true
[INFO ][2016-02-09 18:55:29,880][com.java.SeleniumDriver] [ 1136] - ?   P A S S   ?
[INFO ][2016-02-09 18:55:29,880][com.java.SeleniumDriver] [  856] - ------------------------------------------
[INFO ][2016-02-09 18:55:29,880][com.java.SeleniumDriver] [  857] - Test case being Executed: 4
[INFO ][2016-02-09 18:55:29,880][com.java.SeleniumDriver] [  869] - Test step:18
[INFO ][2016-02-09 18:55:29,880][com.java.SeleniumDriver] [  881] - Datavalue is----------3
[INFO ][2016-02-09 18:55:29,880][com.java.SeleniumDriver] [  905] - DataField : null
[INFO ][2016-02-09 18:55:29,880][com.java.SeleniumDriver] [  907] - DataValue : 3
[INFO ][2016-02-09 18:55:29,880][com.java.SeleniumDriver] [  913] - <In Set values of the page>
[INFO ][2016-02-09 18:55:29,880][com.java.SeleniumDriver] [  916] - {Data Fields & Data Values Exist}
[INFO ][2016-02-09 18:55:29,880][com.java.SeleniumDriver] [  918] - --------------------------setting values-----------------------------
[INFO ][2016-02-09 18:55:29,880][com.java.SeleniumDriver] [  921] - Action Type : WAITTIME
[DEBUG][2016-02-09 18:55:29,881][com.java.TestType] [ 6561] - sleepTime: 3000
[INFO ][2016-02-09 18:55:32,881][com.java.SeleniumDriver] [  930] -  RESULT true
[INFO ][2016-02-09 18:55:32,881][com.java.SeleniumDriver] [ 1136] - ?   P A S S   ?
[INFO ][2016-02-09 18:55:32,881][com.java.SeleniumDriver] [  856] - ------------------------------------------
[INFO ][2016-02-09 18:55:32,881][com.java.SeleniumDriver] [  857] - Test case being Executed: 4
[INFO ][2016-02-09 18:55:32,881][com.java.SeleniumDriver] [  869] - Test step:19
[INFO ][2016-02-09 18:55:32,881][com.java.SeleniumDriver] [  881] - Datavalue is----------glyphicon-play down
[INFO ][2016-02-09 18:55:32,881][com.java.SeleniumDriver] [  905] - DataField : CCM//div[@class="panel panel-default ng-scope"]/div[@id='isAlertsHeading']/h4/span
[INFO ][2016-02-09 18:55:32,881][com.java.SeleniumDriver] [  907] - DataValue : glyphicon-play down
[INFO ][2016-02-09 18:55:32,881][com.java.SeleniumDriver] [  913] - <In Set values of the page>
[INFO ][2016-02-09 18:55:32,881][com.java.SeleniumDriver] [  916] - {Data Fields & Data Values Exist}
[INFO ][2016-02-09 18:55:32,881][com.java.SeleniumDriver] [  918] - --------------------------setting values-----------------------------
[INFO ][2016-02-09 18:55:32,881][com.java.SeleniumDriver] [  921] - Action Type : VERIFY
[INFO ][2016-02-09 18:55:32,882][com.java.TestType] [ 8381] - field= CCM//div[@class="panel panel-default ng-scope"]/div[@id='isAlertsHeading']/h4/span value= glyphicon-play down
[INFO ][2016-02-09 18:55:32,882][com.java.TestType] [ 6747] - value = glyphicon-play down
[DEBUG][2016-02-09 18:55:32,882][com.java.TestType] [ 9711] - Exception: glyphicon-play down
[DEBUG][2016-02-09 18:55:32,882][com.java.TestType] [ 9714] - Element not replaced::glyphicon-play down
[INFO ][2016-02-09 18:55:32,882][com.java.SeleniumDriver] [  930] -  RESULT false
[INFO ][2016-02-09 18:55:32,882][com.java.SeleniumDriver] [  977] - ?   F A I L   ?
[INFO ][2016-02-09 18:55:32,882][com.java.SeleniumDriver] [  985] - Browser Type : IE10
[INFO ][2016-02-09 18:55:32,882][com.java.SeleniumDriver] [  986] - Adding Failed case4
[INFO ][2016-02-09 18:55:32,883][com.java.SeleniumDriver] [ 1005] - Directory Created
[DEBUG][2016-02-09 18:55:33,094][com.java.SeleniumDriver] [ 1054] -  tdd.getCondition() IF:23:Next
[INFO ][2016-02-09 18:55:33,094][com.java.SeleniumDriver] [ 1058] - Continue next step...
[INFO ][2016-02-09 18:55:33,094][com.java.SeleniumDriver] [  856] - ------------------------------------------
[INFO ][2016-02-09 18:55:33,094][com.java.SeleniumDriver] [  857] - Test case being Executed: 4
[INFO ][2016-02-09 18:55:33,094][com.java.SeleniumDriver] [  869] - Test step:20
[INFO ][2016-02-09 18:55:33,094][com.java.SeleniumDriver] [  881] - Datavalue is----------2
[INFO ][2016-02-09 18:55:33,094][com.java.SeleniumDriver] [  905] - DataField : null
[INFO ][2016-02-09 18:55:33,094][com.java.SeleniumDriver] [  907] - DataValue : 2
[INFO ][2016-02-09 18:55:33,095][com.java.SeleniumDriver] [  913] - <In Set values of the page>
[INFO ][2016-02-09 18:55:33,095][com.java.SeleniumDriver] [  916] - {Data Fields & Data Values Exist}
[INFO ][2016-02-09 18:55:33,095][com.java.SeleniumDriver] [  918] - --------------------------setting values-----------------------------
[INFO ][2016-02-09 18:55:33,095][com.java.SeleniumDriver] [  921] - Action Type : WAITTIME
[DEBUG][2016-02-09 18:55:33,095][com.java.TestType] [ 6561] - sleepTime: 2000
[INFO ][2016-02-09 18:55:35,095][com.java.SeleniumDriver] [  930] -  RESULT true
[INFO ][2016-02-09 18:55:35,095][com.java.SeleniumDriver] [ 1136] - ?   P A S S   ?
[INFO ][2016-02-09 18:55:35,095][com.java.SeleniumDriver] [  856] - ------------------------------------------
[INFO ][2016-02-09 18:55:35,095][com.java.SeleniumDriver] [  857] - Test case being Executed: 4
[INFO ][2016-02-09 18:55:35,095][com.java.SeleniumDriver] [  869] - Test step:21
[INFO ][2016-02-09 18:55:35,095][com.java.SeleniumDriver] [  881] - Datavalue is----------null
[DEBUG][2016-02-09 18:55:35,095][com.java.SeleniumDriver] [  899] - Exception: null
[INFO ][2016-02-09 18:55:35,095][com.java.SeleniumDriver] [  905] - DataField : XPH//div[@class="panel panel-default ng-scope"]/div[@id='isAlertsHeading']/h4
[INFO ][2016-02-09 18:55:35,095][com.java.SeleniumDriver] [  907] - DataValue : 
[INFO ][2016-02-09 18:55:35,095][com.java.SeleniumDriver] [  913] - <In Set values of the page>
[INFO ][2016-02-09 18:55:35,095][com.java.SeleniumDriver] [  916] - {Data Fields & Data Values Exist}
[INFO ][2016-02-09 18:55:35,095][com.java.SeleniumDriver] [  918] - --------------------------setting values-----------------------------
[INFO ][2016-02-09 18:55:35,096][com.java.SeleniumDriver] [  921] - Action Type : CLICK
[INFO ][2016-02-09 18:55:35,096][com.java.TestType] [ 7148] - Field ::XPH//div[@class="panel panel-default ng-scope"]/div[@id='isAlertsHeading']/h4
[INFO ][2016-02-09 18:55:35,096][com.java.TestType] [ 6747] - value = 
[INFO ][2016-02-09 18:55:36,096][com.java.TestType] [ 7325] - BEFORE CLICK
[INFO ][2016-02-09 18:55:37,139][com.java.TestType] [ 7333] - Unable to click the object Click on Income Statement tab
[INFO ][2016-02-09 18:55:37,139][com.java.SeleniumDriver] [  930] -  RESULT true
[INFO ][2016-02-09 18:55:37,139][com.java.SeleniumDriver] [ 1136] - ?   P A S S   ?
[INFO ][2016-02-09 18:55:37,139][com.java.SeleniumDriver] [  856] - ------------------------------------------
[INFO ][2016-02-09 18:55:37,139][com.java.SeleniumDriver] [  857] - Test case being Executed: 4
[INFO ][2016-02-09 18:55:37,139][com.java.SeleniumDriver] [  869] - Test step:22
[INFO ][2016-02-09 18:55:37,139][com.java.SeleniumDriver] [  881] - Datavalue is----------2
[INFO ][2016-02-09 18:55:37,139][com.java.SeleniumDriver] [  905] - DataField : null
[INFO ][2016-02-09 18:55:37,139][com.java.SeleniumDriver] [  907] - DataValue : 2
[INFO ][2016-02-09 18:55:37,139][com.java.SeleniumDriver] [  913] - <In Set values of the page>
[INFO ][2016-02-09 18:55:37,139][com.java.SeleniumDriver] [  916] - {Data Fields & Data Values Exist}
[INFO ][2016-02-09 18:55:37,139][com.java.SeleniumDriver] [  918] - --------------------------setting values-----------------------------
[INFO ][2016-02-09 18:55:37,139][com.java.SeleniumDriver] [  921] - Action Type : WAITTIME
[DEBUG][2016-02-09 18:55:37,140][com.java.TestType] [ 6561] - sleepTime: 2000
[INFO ][2016-02-09 18:55:39,141][com.java.SeleniumDriver] [  930] -  RESULT true
[INFO ][2016-02-09 18:55:39,141][com.java.SeleniumDriver] [ 1136] - ?   P A S S   ?
[INFO ][2016-02-09 18:55:39,141][com.java.SeleniumDriver] [  856] - ------------------------------------------
[INFO ][2016-02-09 18:55:39,141][com.java.SeleniumDriver] [  857] - Test case being Executed: 4
[INFO ][2016-02-09 18:55:39,141][com.java.SeleniumDriver] [  869] - Test step:23
[INFO ][2016-02-09 18:55:39,141][com.java.SeleniumDriver] [  881] - Datavalue is----------null
[DEBUG][2016-02-09 18:55:39,141][com.java.SeleniumDriver] [  899] - Exception: null
[INFO ][2016-02-09 18:55:39,141][com.java.SeleniumDriver] [  905] - DataField : XPH//div[@class="panel panel-default ng-scope"]/div[@id='isAlertsHeading']/h4
[INFO ][2016-02-09 18:55:39,141][com.java.SeleniumDriver] [  907] - DataValue : 
[INFO ][2016-02-09 18:55:39,141][com.java.SeleniumDriver] [  913] - <In Set values of the page>
[INFO ][2016-02-09 18:55:39,141][com.java.SeleniumDriver] [  916] - {Data Fields & Data Values Exist}
[INFO ][2016-02-09 18:55:39,141][com.java.SeleniumDriver] [  918] - --------------------------setting values-----------------------------
[INFO ][2016-02-09 18:55:39,141][com.java.SeleniumDriver] [  921] - Action Type : CLICK
[INFO ][2016-02-09 18:55:39,142][com.java.TestType] [ 7148] - Field ::XPH//div[@class="panel panel-default ng-scope"]/div[@id='isAlertsHeading']/h4
[INFO ][2016-02-09 18:55:39,142][com.java.TestType] [ 6747] - value = 
[INFO ][2016-02-09 18:55:40,142][com.java.TestType] [ 7325] - BEFORE CLICK
[INFO ][2016-02-09 18:55:41,138][com.java.TestType] [ 7333] - Unable to click the object Click on Income Statement tab
[INFO ][2016-02-09 18:55:41,138][com.java.SeleniumDriver] [  930] -  RESULT true
[INFO ][2016-02-09 18:55:41,138][com.java.SeleniumDriver] [ 1136] - ?   P A S S   ?
[INFO ][2016-02-09 18:55:41,138][com.java.SeleniumDriver] [  856] - ------------------------------------------
[INFO ][2016-02-09 18:55:41,138][com.java.SeleniumDriver] [  857] - Test case being Executed: 4
[INFO ][2016-02-09 18:55:41,138][com.java.SeleniumDriver] [  869] - Test step:24
[INFO ][2016-02-09 18:55:41,138][com.java.SeleniumDriver] [  881] - Datavalue is----------//*[@id='isAlertsContent']/div/div[1]/div[1]
[INFO ][2016-02-09 18:55:41,138][com.java.SeleniumDriver] [  905] - DataField : MSG
[INFO ][2016-02-09 18:55:41,138][com.java.SeleniumDriver] [  907] - DataValue : //*[@id='isAlertsContent']/div/div[1]/div[1]
[INFO ][2016-02-09 18:55:41,138][com.java.SeleniumDriver] [  913] - <In Set values of the page>
[INFO ][2016-02-09 18:55:41,138][com.java.SeleniumDriver] [  916] - {Data Fields & Data Values Exist}
[INFO ][2016-02-09 18:55:41,138][com.java.SeleniumDriver] [  918] - --------------------------setting values-----------------------------
[INFO ][2016-02-09 18:55:41,138][com.java.SeleniumDriver] [  921] - Action Type : VERIFYNOTPRESENT
[INFO ][2016-02-09 18:55:41,139][com.java.TestType] [10203] - field= MSG value= //*[@id='isAlertsContent']/div/div[1]/div[1]
[INFO ][2016-02-09 18:55:41,270][com.java.SeleniumDriver] [  930] -  RESULT true
[INFO ][2016-02-09 18:55:41,271][com.java.SeleniumDriver] [ 1136] - ?   P A S S   ?
[INFO ][2016-02-09 18:55:41,271][com.java.SeleniumDriver] [  856] - ------------------------------------------
[INFO ][2016-02-09 18:55:41,271][com.java.SeleniumDriver] [  857] - Test case being Executed: 4
[INFO ][2016-02-09 18:55:41,271][com.java.SeleniumDriver] [  869] - Test step:25
[INFO ][2016-02-09 18:55:41,271][com.java.SeleniumDriver] [  881] - Datavalue is----------numberofupdatesbeforerefreshing
[INFO ][2016-02-09 18:55:41,271][com.java.SeleniumDriver] [  905] - DataField : XPH//div[@id="isAlertsHeading"]//span[@class="badge pull-right ng-binding"]
[INFO ][2016-02-09 18:55:41,271][com.java.SeleniumDriver] [  907] - DataValue : numberofupdatesbeforerefreshing
[INFO ][2016-02-09 18:55:41,271][com.java.SeleniumDriver] [  913] - <In Set values of the page>
[INFO ][2016-02-09 18:55:41,271][com.java.SeleniumDriver] [  916] - {Data Fields & Data Values Exist}
[INFO ][2016-02-09 18:55:41,271][com.java.SeleniumDriver] [  918] - --------------------------setting values-----------------------------
[INFO ][2016-02-09 18:55:41,271][com.java.SeleniumDriver] [  921] - Action Type : STOREVALUE
[INFO ][2016-02-09 18:55:41,271][com.java.TestType] [ 9884] - field= XPH//div[@id="isAlertsHeading"]//span[@class="badge pull-right ng-binding"]
[DEBUG][2016-02-09 18:55:41,488][com.java.TestType] [ 9939] - Key:: numberofupdatesbeforerefreshing   Value:: 11
[INFO ][2016-02-09 18:55:41,488][com.java.SeleniumDriver] [  930] -  RESULT true
[INFO ][2016-02-09 18:55:41,488][com.java.SeleniumDriver] [ 1136] - ?   P A S S   ?
[INFO ][2016-02-09 18:55:41,488][com.java.SeleniumDriver] [  856] - ------------------------------------------
[INFO ][2016-02-09 18:55:41,488][com.java.SeleniumDriver] [  857] - Test case being Executed: 4
[INFO ][2016-02-09 18:55:41,488][com.java.SeleniumDriver] [  869] - Test step:26
[INFO ][2016-02-09 18:55:41,488][com.java.SeleniumDriver] [  881] - Datavalue is----------null
[DEBUG][2016-02-09 18:55:41,488][com.java.SeleniumDriver] [  899] - Exception: null
[INFO ][2016-02-09 18:55:41,488][com.java.SeleniumDriver] [  905] - DataField : HDN//span[@class='glyphicon glyphicon-refresh ng-scope']
[INFO ][2016-02-09 18:55:41,489][com.java.SeleniumDriver] [  907] - DataValue : 
[INFO ][2016-02-09 18:55:41,489][com.java.SeleniumDriver] [  913] - <In Set values of the page>
[INFO ][2016-02-09 18:55:41,489][com.java.SeleniumDriver] [  916] - {Data Fields & Data Values Exist}
[INFO ][2016-02-09 18:55:41,489][com.java.SeleniumDriver] [  918] - --------------------------setting values-----------------------------
[INFO ][2016-02-09 18:55:41,489][com.java.SeleniumDriver] [  921] - Action Type : CLICK
[INFO ][2016-02-09 18:55:41,489][com.java.TestType] [ 7148] - Field ::HDN//span[@class='glyphicon glyphicon-refresh ng-scope']
[INFO ][2016-02-09 18:55:41,489][com.java.TestType] [ 6747] - value = 
[INFO ][2016-02-09 18:55:42,707][com.java.SeleniumDriver] [  930] -  RESULT true
[INFO ][2016-02-09 18:55:42,707][com.java.SeleniumDriver] [ 1136] - ?   P A S S   ?
[INFO ][2016-02-09 18:55:42,707][com.java.SeleniumDriver] [  856] - ------------------------------------------
[INFO ][2016-02-09 18:55:42,707][com.java.SeleniumDriver] [  857] - Test case being Executed: 4
[INFO ][2016-02-09 18:55:42,707][com.java.SeleniumDriver] [  869] - Test step:27
[INFO ][2016-02-09 18:55:42,707][com.java.SeleniumDriver] [  881] - Datavalue is----------5
[INFO ][2016-02-09 18:55:42,707][com.java.SeleniumDriver] [  905] - DataField : null
[INFO ][2016-02-09 18:55:42,707][com.java.SeleniumDriver] [  907] - DataValue : 5
[INFO ][2016-02-09 18:55:42,707][com.java.SeleniumDriver] [  913] - <In Set values of the page>
[INFO ][2016-02-09 18:55:42,707][com.java.SeleniumDriver] [  916] - {Data Fields & Data Values Exist}
[INFO ][2016-02-09 18:55:42,708][com.java.SeleniumDriver] [  918] - --------------------------setting values-----------------------------
[INFO ][2016-02-09 18:55:42,708][com.java.SeleniumDriver] [  921] - Action Type : WAITTIME
[DEBUG][2016-02-09 18:55:42,708][com.java.TestType] [ 6561] - sleepTime: 5000
[INFO ][2016-02-09 18:55:47,709][com.java.SeleniumDriver] [  930] -  RESULT true
[INFO ][2016-02-09 18:55:47,709][com.java.SeleniumDriver] [ 1136] - ?   P A S S   ?
[INFO ][2016-02-09 18:55:47,709][com.java.SeleniumDriver] [  856] - ------------------------------------------
[INFO ][2016-02-09 18:55:47,709][com.java.SeleniumDriver] [  857] - Test case being Executed: 4
[INFO ][2016-02-09 18:55:47,709][com.java.SeleniumDriver] [  869] - Test step:28
[INFO ][2016-02-09 18:55:47,709][com.java.SeleniumDriver] [  881] - Datavalue is----------HMVnumberofupdatesbeforerefreshing
[INFO ][2016-02-09 18:55:47,709][com.java.SeleniumDriver] [  905] - DataField : XPH//div[@id="isAlertsHeading"]//span[@class="badge pull-right ng-binding"]
[INFO ][2016-02-09 18:55:47,709][com.java.SeleniumDriver] [  907] - DataValue : HMVnumberofupdatesbeforerefreshing
[INFO ][2016-02-09 18:55:47,709][com.java.SeleniumDriver] [  913] - <In Set values of the page>
[INFO ][2016-02-09 18:55:47,709][com.java.SeleniumDriver] [  916] - {Data Fields & Data Values Exist}
[INFO ][2016-02-09 18:55:47,709][com.java.SeleniumDriver] [  918] - --------------------------setting values-----------------------------
[INFO ][2016-02-09 18:55:47,709][com.java.SeleniumDriver] [  921] - Action Type : VERIFY
[INFO ][2016-02-09 18:55:47,710][com.java.TestType] [ 8381] - field= XPH//div[@id="isAlertsHeading"]//span[@class="badge pull-right ng-binding"] value= HMVnumberofupdatesbeforerefreshing
[INFO ][2016-02-09 18:55:47,710][com.java.TestType] [ 6747] - value = 11
[ERROR][2016-02-09 18:55:47,992][com.java.TestType] [ 8896] - Element  not found ://div[@id="isAlertsHeading"]//span[@class="badge pull-right ng-binding"]
[INFO ][2016-02-09 18:55:47,992][com.java.SeleniumDriver] [  930] -  RESULT false
[INFO ][2016-02-09 18:55:47,992][com.java.SeleniumDriver] [  977] - ?   F A I L   ?
[INFO ][2016-02-09 18:55:47,992][com.java.SeleniumDriver] [  985] - Browser Type : IE10
[INFO ][2016-02-09 18:55:47,992][com.java.SeleniumDriver] [  986] - Adding Failed case4
[INFO ][2016-02-09 18:55:48,088][com.java.SeleniumDriver] [ 1100] - failedCases = 4
[ERROR][2016-02-09 18:55:48,089][com.java.SeleniumDriver] [ 1599] - Platform Errors : Our apologies...::We have encountered an issue with your request.::Our apologies?:We encountered an issue with your request.
[INFO ][2016-02-09 18:55:48,089][com.java.SeleniumDriver] [ 1603] - Length =3
[ERROR][2016-02-09 18:55:48,089][com.java.SeleniumDriver] [ 1606] - Error 0 = Our apologies...
[ERROR][2016-02-09 18:55:48,200][com.java.SeleniumDriver] [ 1606] - Error 1 = We have encountered an issue with your request.
[ERROR][2016-02-09 18:55:48,316][com.java.SeleniumDriver] [ 1606] - Error 2 = Our apologies?:We encountered an issue with your request.
[INFO ][2016-02-09 18:55:48,394][com.java.SeleniumDriver] [ 1617] - strError:
[DEBUG][2016-02-09 18:55:48,409][com.java.SeleniumDriver] [ 1248] - Case found
[DEBUG][2016-02-09 18:55:48,409][com.java.SeleniumDriver] [ 1253] - Incrementing ReportCounters[0]:2
[INFO ][2016-02-09 18:55:48,409][com.java.SeleniumDriver] [ 1272] - The results are-------------------[4, 28, Right Hand Menu: IS Alerts-IS Alerts are showing on hover menu., Fail, 
Test case failed at Step No. :: 28   Error Message ::  Element not found://div[@id="isAlertsHeading"]//span[@class="badge pull-right ng-binding"]. Screen Shot : D:\BankersDashboard\TestReports\020916\4_020916_185547_IE10.png, Tue Feb 09 18:55:48 IST 2016]
[INFO ][2016-02-09 18:55:48,409][com.java.SeleniumDriver] [ 1276] - End time is-------2 min 26 sec
[INFO ][2016-02-09 18:55:48,409][com.java.SeleniumDriver] [ 1277] - The results are-------------------[4, 28, Right Hand Menu: IS Alerts-IS Alerts are showing on hover menu., Fail, 
Test case failed at Step No. :: 28   Error Message ::  Element not found://div[@id="isAlertsHeading"]//span[@class="badge pull-right ng-binding"]. Screen Shot : D:\BankersDashboard\TestReports\020916\4_020916_185547_IE10.png, Tue Feb 09 18:55:48 IST 2016]
[DEBUG][2016-02-09 18:55:48,409][com.java.ImportnExport.ExportTestResultsExcel] [  222] - testResultPath = D:\BankersDashboard/TestReports/Test Results_BankersDashBoard_020916_185324_IE10_United Bank.xls
[DEBUG][2016-02-09 18:55:48,409][com.java.ImportnExport.ExportTestResultsExcel] [  223] - browser is------------IE10
[DEBUG][2016-02-09 18:55:48,412][com.java.ImportnExport.ExportTestResultsExcel] [  270] - result.size() = 6
[DEBUG][2016-02-09 18:55:48,412][com.java.ImportnExport.ExportTestResultsExcel] [  274] - No of rows in sheet=2
[DEBUG][2016-02-09 18:55:48,412][com.java.ImportnExport.ExportTestResultsExcel] [  301] - ..in export..4
[DEBUG][2016-02-09 18:55:48,412][com.java.ImportnExport.ExportTestResultsExcel] [  301] - ..in export..Right Hand Menu: IS Alerts-IS Alerts are showing on hover menu.
[DEBUG][2016-02-09 18:55:48,412][com.java.ImportnExport.ExportTestResultsExcel] [  301] - ..in export..Fail
[DEBUG][2016-02-09 18:55:48,412][com.java.ImportnExport.ExportTestResultsExcel] [  301] - ..in export..
Test case failed at Step No. :: 28   Error Message ::  Element not found://div[@id="isAlertsHeading"]//span[@class="badge pull-right ng-binding"]. Screen Shot : D:\BankersDashboard\TestReports\020916\4_020916_185547_IE10.png
[DEBUG][2016-02-09 18:55:48,412][com.java.ImportnExport.ExportTestResultsExcel] [  301] - ..in export..Tue Feb 09 18:55:48 IST 2016
[INFO ][2016-02-09 18:55:48,413][com.java.SeleniumDriver] [ 1337] - out loop:1 size:2 TestCases:[1, 4] testcases:[1, 4]
[INFO ][2016-02-09 18:55:50,414][com.java.SeleniumDriver] [ 1380] - Total Number of Cases:2
[INFO ][2016-02-09 18:55:50,414][com.java.TemplateGenerator] [  302] - Executed:2
[INFO ][2016-02-09 18:55:50,414][com.java.TemplateGenerator] [  303] - Passed:1
[INFO ][2016-02-09 18:55:50,414][com.java.TemplateGenerator] [  304] - Failed:1
[INFO ][2016-02-09 18:55:50,414][com.java.TemplateGenerator] [  305] - Skipeed:0
[INFO ][2016-02-09 18:55:50,414][com.java.TemplateGenerator] [  306] - Application URL:https://clients-xuat.bankersdashboard.com
[INFO ][2016-02-09 18:55:50,414][com.java.TemplateGenerator] [  307] - Start Time:020916_185324
[INFO ][2016-02-09 18:55:50,414][com.java.TemplateGenerator] [  308] -  Creating HTML Report 
[ERROR][2016-02-09 18:55:50,415][com.java.TemplateGenerator] [  409] - Unparseable date: "Tue Feb 09 06:53:24 IST 2016"
[INFO ][2016-02-09 18:55:50,415][com.java.TemplateGenerator] [  654] -  Exporting case :: 1
[INFO ][2016-02-09 18:55:50,415][com.java.TemplateGenerator] [  654] -  Exporting case :: 4
[INFO ][2016-02-09 18:55:50,422][com.java.SeleniumDriver] [ 1429] - End Time:020916_185550
[INFO ][2016-02-09 18:55:50,422][com.java.SeleniumDriver] [ 1432] - Data in Test Execution Details:{1=PASS, 4=FAILTest case failed at Step No. :: 28   Error Message ::  Element not found://div[@id="isAlertsHeading"]//span[@class="badge pull-right ng-binding"]}
[INFO ][2016-02-09 18:55:50,422][com.java.SeleniumDriver] [ 1433] - Data in Failed Execution Deatils:{}
[INFO ][2016-02-09 18:55:50,422][com.java.SeleniumDriver] [ 1435] - ReportCounter:Total:2 :: PASS: 1 ::FAIL: 1
[INFO ][2016-02-09 18:55:50,422][com.java.SeleniumDriver] [ 1436] - FailedReportCounter:Total:0 :: PASS: 0 ::FAIL: 0
[INFO ][2016-02-09 18:55:50,430][com.java.EmailTestReport] [   63] - Sending report mail details:
[INFO ][2016-02-09 18:55:50,430][com.java.EmailTestReport] [   80] - Excel Report Path:D:\BankersDashboard/TestReports/Test Results_BankersDashBoard_020916_185324_IE10_United Bank.xls
[INFO ][2016-02-09 18:55:50,430][com.java.EmailTestReport] [   81] - HTML Report Path:D:\BankersDashboard//TestReports//Test Results_BankersDashBoard_020916_185324_IE10_United Bank.html
[INFO ][2016-02-09 18:55:50,430][com.java.EmailTestReport] [   82] - smtpHostName:mail01.valuelabs.com
[INFO ][2016-02-09 18:55:50,432][com.java.EmailTestReport] [   83] - Recipient:venkateswararao.gubbala@valuelabs.com;
[INFO ][2016-02-09 18:55:50,432][com.java.EmailTestReport] [   84] - From:venkateswararao.gubbala@valuelabs.com;
[INFO ][2016-02-09 18:55:50,432][com.java.EmailTestReport] [   85] - Subject:Deluxe Corp Bankers Dashboard Automation Test Report - United Bank - IE10
[INFO ][2016-02-09 18:55:50,448][com.java.EmailTestReport] [  143] -  Added venkateswararao.gubbala@valuelabs.com
[INFO ][2016-02-09 18:55:55,514][com.java.SeleniumDriver] [  722] - quitting the browser 
[INFO ][2016-02-09 18:55:56,817][com.java.SeleniumDriver] [  264] - Execution Completed Stopping the thread
