[INFO ][2015-11-10 18:57:57,747][com.java.SeleniumDriver] [  213] - Execute Failed Casesfalse
[INFO ][2015-11-10 18:57:57,747][com.java.SeleniumDriver] [  214] - Browser: IE11
[INFO ][2015-11-10 18:57:57,747][com.java.SeleniumDriver] [  215] - [1, 2, 3, 4, 5, 6, 7, 8]
[INFO ][2015-11-10 18:57:57,747][com.java.SeleniumDriver] [  216] - Total TestCases:8
[INFO ][2015-11-10 18:57:57,747][com.java.SeleniumDriver] [  217] -  Reading Properties from Property File 
[DEBUG][2015-11-10 18:57:57,747][com.java.SeleniumDriver] [  238] - url : https://clients-xuat.bankersdashboard.com
[INFO ][2015-11-10 18:57:57,747][com.java.ImportnExport.ExportTestResultsExcel] [  116] - Time Stamp Tue Nov 10 06:57:57 IST 2015
[INFO ][2015-11-10 18:57:57,747][com.java.ImportnExport.ExportTestResultsExcel] [  175] - OUT FILE : D:\BankersDashboard/TestReports/Test Results_BankersDashBoard_111015_185757_IE11_Any Bank USA.xls
[INFO ][2015-11-10 18:57:57,747][com.java.ImportnExport.ExportTestResultsExcel] [  180] - Test Result file is created
[DEBUG][2015-11-10 18:57:57,757][com.java.SeleniumDriver] [  425] - Hub ip address is-------172.17.68.34
[INFO ][2015-11-10 18:57:57,757][com.java.SeleniumDriver] [  451] - Grid URL:http://172.17.68.34:4444/wd/hub
[INFO ][2015-11-10 18:57:57,757][com.java.SeleniumDriver] [  452] - Capability:Capabilities [{platform=ANY, ensureCleanSession=true, ignoreProtectedModeSettings=true, acceptSslCerts=true, ignoreZoomSetting=true, browserName=internet explorer, browserstack.ie.noFlash=true, version=Node1}]
[ERROR][2015-11-10 19:07:10,713][com.java.SeleniumDriver] [  496] - Unable invoke browser in grid:Could not start a new session. Possible causes are invalid address of the remote server or browser start-up failure.
Build info: version: '2.48.2', revision: '41bccdd', time: '2015-10-09 19:59:12'
System info: host: 'FVTIII438F1D', ip: '172.17.68.34', os.name: 'Windows 7', os.arch: 'x86', os.version: '6.1', java.version: '1.7.0_55'
Driver info: driver.version: SeleniumDriver
[INFO ][2015-11-10 19:07:10,713][com.java.SeleniumDriver] [  498] - Executing on local machine
[INFO ][2015-11-10 19:07:20,092][com.java.SeleniumDriver] [  248] - IE11is opened
[INFO ][2015-11-10 19:07:20,922][com.java.SeleniumDriver] [  753] - Test cases to be executed are: [1, 2, 3, 4, 5, 6, 7, 8]
[INFO ][2015-11-10 19:07:20,922][com.java.ImportnExport.ImportTestDataDetailsExcel] [   49] - test data details path===== D:\BankersDashboard\TestInputs\TestData.xls
[INFO ][2015-11-10 19:07:20,963][com.java.SeleniumDriver] [  796] - ------------------------------------------
[INFO ][2015-11-10 19:07:20,963][com.java.SeleniumDriver] [  797] - Test case being Executed: 1
[INFO ][2015-11-10 19:07:20,963][com.java.SeleniumDriver] [  808] - Test step:1
[INFO ][2015-11-10 19:07:20,963][com.java.SeleniumDriver] [  820] - Datavalue is----------Concept#1:1-14
[INFO ][2015-11-10 19:07:20,963][com.java.SeleniumDriver] [  844] - DataField : test
[INFO ][2015-11-10 19:07:20,963][com.java.SeleniumDriver] [  846] - DataValue : Concept#1:1-14
[INFO ][2015-11-10 19:07:20,963][com.java.SeleniumDriver] [  852] - <In Set values of the page>
[INFO ][2015-11-10 19:07:20,963][com.java.SeleniumDriver] [  855] - {Data Fields & Data Values Exist}
[INFO ][2015-11-10 19:07:20,963][com.java.SeleniumDriver] [  857] - --------------------------setting values-----------------------------
[INFO ][2015-11-10 19:07:20,963][com.java.SeleniumDriver] [  860] - Action Type : ExecuteTestCase
[INFO ][2015-11-10 19:07:20,963][com.java.TestType] [  423] - The Concept sheet name is ---------- Concept
[INFO ][2015-11-10 19:07:20,963][com.java.TestType] [  426] - The Concept ID  is ---------- 1
[DEBUG][2015-11-10 19:07:20,963][com.java.TestType] [  430] - Steps being executted in the Concept are: 1:14
[INFO ][2015-11-10 19:07:20,963][com.java.TestType] [  437] - Test data details path ---------- D:\BankersDashboard\TestInputs\TestData.xls
[INFO ][2015-11-10 19:07:20,993][com.java.TestType] [  468] -  str(1) = 1
[INFO ][2015-11-10 19:07:20,993][com.java.TestType] [  471] - Test case Id is---1
[INFO ][2015-11-10 19:07:20,993][com.java.TestType] [  473] - 1
[INFO ][2015-11-10 19:07:20,993][com.java.TestType] [  468] -  str(2) = 1
[INFO ][2015-11-10 19:07:20,993][com.java.TestType] [  520] - row values are--------{1=com.java.Objects.TestDataDetails@c23ed4}
[INFO ][2015-11-10 19:07:20,993][com.java.TestType] [  468] -  str(1) = 1
[INFO ][2015-11-10 19:07:20,993][com.java.TestType] [  471] - Test case Id is---1
[INFO ][2015-11-10 19:07:20,993][com.java.TestType] [  473] - 1
[INFO ][2015-11-10 19:07:20,993][com.java.TestType] [  468] -  str(2) = 2
[INFO ][2015-11-10 19:07:20,993][com.java.TestType] [  520] - row values are--------{1=com.java.Objects.TestDataDetails@c23ed4, 2=com.java.Objects.TestDataDetails@104ca48}
[INFO ][2015-11-10 19:07:20,993][com.java.TestType] [  468] -  str(1) = 1
[INFO ][2015-11-10 19:07:20,993][com.java.TestType] [  471] - Test case Id is---1
[INFO ][2015-11-10 19:07:20,993][com.java.TestType] [  473] - 1
[INFO ][2015-11-10 19:07:20,993][com.java.TestType] [  468] -  str(2) = 3
[INFO ][2015-11-10 19:07:20,993][com.java.TestType] [  520] - row values are--------{1=com.java.Objects.TestDataDetails@c23ed4, 2=com.java.Objects.TestDataDetails@104ca48, 3=com.java.Objects.TestDataDetails@8916f9}
[INFO ][2015-11-10 19:07:20,993][com.java.TestType] [  468] -  str(1) = 1
[INFO ][2015-11-10 19:07:20,993][com.java.TestType] [  471] - Test case Id is---1
[INFO ][2015-11-10 19:07:20,993][com.java.TestType] [  473] - 1
[INFO ][2015-11-10 19:07:20,993][com.java.TestType] [  468] -  str(2) = 4
[INFO ][2015-11-10 19:07:20,993][com.java.TestType] [  520] - row values are--------{1=com.java.Objects.TestDataDetails@c23ed4, 2=com.java.Objects.TestDataDetails@104ca48, 3=com.java.Objects.TestDataDetails@8916f9, 4=com.java.Objects.TestDataDetails@1a324fc}
[INFO ][2015-11-10 19:07:20,993][com.java.TestType] [  468] -  str(1) = 1
[INFO ][2015-11-10 19:07:20,993][com.java.TestType] [  471] - Test case Id is---1
[INFO ][2015-11-10 19:07:20,993][com.java.TestType] [  473] - 1
[INFO ][2015-11-10 19:07:20,993][com.java.TestType] [  468] -  str(2) = 5
[INFO ][2015-11-10 19:07:21,003][com.java.TestType] [  520] - row values are--------{1=com.java.Objects.TestDataDetails@c23ed4, 2=com.java.Objects.TestDataDetails@104ca48, 3=com.java.Objects.TestDataDetails@8916f9, 4=com.java.Objects.TestDataDetails@1a324fc, 5=com.java.Objects.TestDataDetails@142caca}
[INFO ][2015-11-10 19:07:21,003][com.java.TestType] [  468] -  str(1) = 1
[INFO ][2015-11-10 19:07:21,003][com.java.TestType] [  471] - Test case Id is---1
[INFO ][2015-11-10 19:07:21,003][com.java.TestType] [  473] - 1
[INFO ][2015-11-10 19:07:21,003][com.java.TestType] [  468] -  str(2) = 6
[INFO ][2015-11-10 19:07:21,003][com.java.TestType] [  520] - row values are--------{1=com.java.Objects.TestDataDetails@c23ed4, 2=com.java.Objects.TestDataDetails@104ca48, 3=com.java.Objects.TestDataDetails@8916f9, 4=com.java.Objects.TestDataDetails@1a324fc, 5=com.java.Objects.TestDataDetails@142caca, 6=com.java.Objects.TestDataDetails@63b180}
[INFO ][2015-11-10 19:07:21,003][com.java.TestType] [  468] -  str(1) = 1
[INFO ][2015-11-10 19:07:21,003][com.java.TestType] [  471] - Test case Id is---1
[INFO ][2015-11-10 19:07:21,003][com.java.TestType] [  473] - 1
[INFO ][2015-11-10 19:07:21,003][com.java.TestType] [  468] -  str(2) = 7
[INFO ][2015-11-10 19:07:21,003][com.java.TestType] [  520] - row values are--------{1=com.java.Objects.TestDataDetails@c23ed4, 2=com.java.Objects.TestDataDetails@104ca48, 3=com.java.Objects.TestDataDetails@8916f9, 4=com.java.Objects.TestDataDetails@1a324fc, 5=com.java.Objects.TestDataDetails@142caca, 6=com.java.Objects.TestDataDetails@63b180, 7=com.java.Objects.TestDataDetails@22ed8e}
[INFO ][2015-11-10 19:07:21,003][com.java.TestType] [  468] -  str(1) = 1
[INFO ][2015-11-10 19:07:21,003][com.java.TestType] [  471] - Test case Id is---1
[INFO ][2015-11-10 19:07:21,003][com.java.TestType] [  473] - 1
[INFO ][2015-11-10 19:07:21,003][com.java.TestType] [  468] -  str(2) = 8
[INFO ][2015-11-10 19:07:21,003][com.java.TestType] [  520] - row values are--------{1=com.java.Objects.TestDataDetails@c23ed4, 2=com.java.Objects.TestDataDetails@104ca48, 3=com.java.Objects.TestDataDetails@8916f9, 4=com.java.Objects.TestDataDetails@1a324fc, 5=com.java.Objects.TestDataDetails@142caca, 6=com.java.Objects.TestDataDetails@63b180, 7=com.java.Objects.TestDataDetails@22ed8e, 8=com.java.Objects.TestDataDetails@25d5f3}
[INFO ][2015-11-10 19:07:21,003][com.java.TestType] [  468] -  str(1) = 1
[INFO ][2015-11-10 19:07:21,003][com.java.TestType] [  471] - Test case Id is---1
[INFO ][2015-11-10 19:07:21,003][com.java.TestType] [  473] - 1
[INFO ][2015-11-10 19:07:21,003][com.java.TestType] [  468] -  str(2) = 9
[INFO ][2015-11-10 19:07:21,003][com.java.TestType] [  520] - row values are--------{1=com.java.Objects.TestDataDetails@c23ed4, 2=com.java.Objects.TestDataDetails@104ca48, 3=com.java.Objects.TestDataDetails@8916f9, 4=com.java.Objects.TestDataDetails@1a324fc, 5=com.java.Objects.TestDataDetails@142caca, 6=com.java.Objects.TestDataDetails@63b180, 7=com.java.Objects.TestDataDetails@22ed8e, 8=com.java.Objects.TestDataDetails@25d5f3, 9=com.java.Objects.TestDataDetails@12f2e80}
[INFO ][2015-11-10 19:07:21,003][com.java.TestType] [  468] -  str(1) = 1
[INFO ][2015-11-10 19:07:21,003][com.java.TestType] [  471] - Test case Id is---1
[INFO ][2015-11-10 19:07:21,003][com.java.TestType] [  473] - 1
[INFO ][2015-11-10 19:07:21,003][com.java.TestType] [  468] -  str(2) = 10
[INFO ][2015-11-10 19:07:21,013][com.java.TestType] [  520] - row values are--------{1=com.java.Objects.TestDataDetails@c23ed4, 2=com.java.Objects.TestDataDetails@104ca48, 3=com.java.Objects.TestDataDetails@8916f9, 4=com.java.Objects.TestDataDetails@1a324fc, 5=com.java.Objects.TestDataDetails@142caca, 6=com.java.Objects.TestDataDetails@63b180, 7=com.java.Objects.TestDataDetails@22ed8e, 8=com.java.Objects.TestDataDetails@25d5f3, 9=com.java.Objects.TestDataDetails@12f2e80, 10=com.java.Objects.TestDataDetails@13bff25}
[INFO ][2015-11-10 19:07:21,013][com.java.TestType] [  468] -  str(1) = 1
[INFO ][2015-11-10 19:07:21,013][com.java.TestType] [  471] - Test case Id is---1
[INFO ][2015-11-10 19:07:21,013][com.java.TestType] [  473] - 1
[INFO ][2015-11-10 19:07:21,013][com.java.TestType] [  468] -  str(2) = 11
[INFO ][2015-11-10 19:07:21,013][com.java.TestType] [  520] - row values are--------{1=com.java.Objects.TestDataDetails@c23ed4, 2=com.java.Objects.TestDataDetails@104ca48, 3=com.java.Objects.TestDataDetails@8916f9, 4=com.java.Objects.TestDataDetails@1a324fc, 5=com.java.Objects.TestDataDetails@142caca, 6=com.java.Objects.TestDataDetails@63b180, 7=com.java.Objects.TestDataDetails@22ed8e, 8=com.java.Objects.TestDataDetails@25d5f3, 9=com.java.Objects.TestDataDetails@12f2e80, 10=com.java.Objects.TestDataDetails@13bff25, 11=com.java.Objects.TestDataDetails@1bb9073}
[INFO ][2015-11-10 19:07:21,013][com.java.TestType] [  468] -  str(1) = 1
[INFO ][2015-11-10 19:07:21,013][com.java.TestType] [  471] - Test case Id is---1
[INFO ][2015-11-10 19:07:21,013][com.java.TestType] [  473] - 1
[INFO ][2015-11-10 19:07:21,013][com.java.TestType] [  468] -  str(2) = 12
[INFO ][2015-11-10 19:07:21,013][com.java.TestType] [  520] - row values are--------{1=com.java.Objects.TestDataDetails@c23ed4, 2=com.java.Objects.TestDataDetails@104ca48, 3=com.java.Objects.TestDataDetails@8916f9, 4=com.java.Objects.TestDataDetails@1a324fc, 5=com.java.Objects.TestDataDetails@142caca, 6=com.java.Objects.TestDataDetails@63b180, 7=com.java.Objects.TestDataDetails@22ed8e, 8=com.java.Objects.TestDataDetails@25d5f3, 9=com.java.Objects.TestDataDetails@12f2e80, 10=com.java.Objects.TestDataDetails@13bff25, 11=com.java.Objects.TestDataDetails@1bb9073, 12=com.java.Objects.TestDataDetails@19094a8}
[INFO ][2015-11-10 19:07:21,013][com.java.TestType] [  468] -  str(1) = 1
[INFO ][2015-11-10 19:07:21,013][com.java.TestType] [  471] - Test case Id is---1
[INFO ][2015-11-10 19:07:21,013][com.java.TestType] [  473] - 1
[INFO ][2015-11-10 19:07:21,013][com.java.TestType] [  468] -  str(2) = 13
[INFO ][2015-11-10 19:07:21,013][com.java.TestType] [  520] - row values are--------{1=com.java.Objects.TestDataDetails@c23ed4, 2=com.java.Objects.TestDataDetails@104ca48, 3=com.java.Objects.TestDataDetails@8916f9, 4=com.java.Objects.TestDataDetails@1a324fc, 5=com.java.Objects.TestDataDetails@142caca, 6=com.java.Objects.TestDataDetails@63b180, 7=com.java.Objects.TestDataDetails@22ed8e, 8=com.java.Objects.TestDataDetails@25d5f3, 9=com.java.Objects.TestDataDetails@12f2e80, 10=com.java.Objects.TestDataDetails@13bff25, 11=com.java.Objects.TestDataDetails@1bb9073, 12=com.java.Objects.TestDataDetails@19094a8, 13=com.java.Objects.TestDataDetails@1b4d6c0}
[INFO ][2015-11-10 19:07:21,013][com.java.TestType] [  468] -  str(1) = 1
[INFO ][2015-11-10 19:07:21,013][com.java.TestType] [  471] - Test case Id is---1
[INFO ][2015-11-10 19:07:21,013][com.java.TestType] [  473] - 1
[INFO ][2015-11-10 19:07:21,013][com.java.TestType] [  468] -  str(2) = 14
[INFO ][2015-11-10 19:07:21,013][com.java.TestType] [  520] - row values are--------{1=com.java.Objects.TestDataDetails@c23ed4, 2=com.java.Objects.TestDataDetails@104ca48, 3=com.java.Objects.TestDataDetails@8916f9, 4=com.java.Objects.TestDataDetails@1a324fc, 5=com.java.Objects.TestDataDetails@142caca, 6=com.java.Objects.TestDataDetails@63b180, 7=com.java.Objects.TestDataDetails@22ed8e, 8=com.java.Objects.TestDataDetails@25d5f3, 9=com.java.Objects.TestDataDetails@12f2e80, 10=com.java.Objects.TestDataDetails@13bff25, 11=com.java.Objects.TestDataDetails@1bb9073, 12=com.java.Objects.TestDataDetails@19094a8, 13=com.java.Objects.TestDataDetails@1b4d6c0, 14=com.java.Objects.TestDataDetails@bbbe33}
[INFO ][2015-11-10 19:07:21,013][com.java.TestType] [ 8348] - Looping 1TCID = 1
[DEBUG][2015-11-10 19:07:21,013][com.java.TestType] [ 8389] - Concept ID:1 :: Step being Executed: 1::1
[INFO ][2015-11-10 19:07:21,013][com.java.TestType] [ 8427] - dataFields : TXTusername
[DEBUG][2015-11-10 19:07:21,013][com.java.TestType] [ 8433] - <In Set values of the page>
[DEBUG][2015-11-10 19:07:21,013][com.java.TestType] [ 8438] - {Data Fields & Data Values Exist}
[INFO ][2015-11-10 19:07:21,013][com.java.TestType] [ 8444] - --------------------------setting values-----------------------------
[INFO ][2015-11-10 19:07:21,013][com.java.TestType] [ 8447] - Action Type : CLEARANDENTER
[INFO ][2015-11-10 19:07:21,013][com.java.TestType] [ 4140] - value = naresh.nayini.00000
[ERROR][2015-11-10 19:07:24,527][com.java.TestType] [ 4950] - Exception in clearAndEnter: null
[DEBUG][2015-11-10 19:07:24,527][com.java.TestType] [ 4954] - For ENTER action type the data field should be TXT
[INFO ][2015-11-10 19:07:24,527][com.java.TestType] [ 8466] -  RESULT false
[INFO ][2015-11-10 19:07:24,527][com.java.TestType] [ 8504] - ?   F A I L   ?
[DEBUG][2015-11-10 19:07:24,527][com.java.TestType] [ 8507] - Browser Type : IE11
[INFO ][2015-11-10 19:07:24,527][com.java.SeleniumDriver] [  869] -  RESULT false
[INFO ][2015-11-10 19:07:24,527][com.java.SeleniumDriver] [  916] - ?   F A I L   ?
[INFO ][2015-11-10 19:07:24,527][com.java.SeleniumDriver] [  924] - Browser Type : IE11
[INFO ][2015-11-10 19:07:24,527][com.java.SeleniumDriver] [  925] - Adding Failed case1
[WARN ][2015-11-10 19:07:24,538][com.java.SeleniumDriver] [  984] - Source 'D:\BankersDashboard\TestReports\111015' exists but is a directory
[INFO ][2015-11-10 19:07:24,538][com.java.SeleniumDriver] [ 1038] - failedCases = 1
[ERROR][2015-11-10 19:07:24,538][com.java.SeleniumDriver] [ 1525] - Platform Errors : Our apologies...::We have encountered an issue with your request.::Our apologies?:We encountered an issue with your request.
[INFO ][2015-11-10 19:07:24,538][com.java.SeleniumDriver] [ 1529] - Length =3
[ERROR][2015-11-10 19:07:24,538][com.java.SeleniumDriver] [ 1532] - Error 0 = Our apologies...
[DEBUG][2015-11-10 19:07:24,558][com.java.SeleniumDriver] [ 1545] - Unable to get the Platform Error list from Hash Map.
[ERROR][2015-11-10 19:07:24,558][com.java.SeleniumDriver] [  270] - Browser crashed. Opening new browser with same capabilities
[ERROR][2015-11-10 19:07:24,558][com.java.SeleniumDriver] [  271] - Error:
java.lang.NullPointerException
	at com.java.SeleniumDriver.testInitiation(SeleniumDriver.java:1132)
	at com.java.SeleniumDriver.setup(SeleniumDriver.java:255)
	at com.java.ExecuteThread.run(CreateClient.java:688)
	at java.lang.Thread.run(Thread.java:745)
[DEBUG][2015-11-10 19:07:25,750][com.java.SeleniumDriver] [  425] - Hub ip address is-------172.17.68.34
[INFO ][2015-11-10 19:07:25,750][com.java.SeleniumDriver] [  451] - Grid URL:http://172.17.68.34:4444/wd/hub
[INFO ][2015-11-10 19:07:25,750][com.java.SeleniumDriver] [  452] - Capability:Capabilities [{platform=ANY, ensureCleanSession=true, ignoreProtectedModeSettings=true, acceptSslCerts=true, ignoreZoomSetting=true, browserName=internet explorer, browserstack.ie.noFlash=true, version=Node1}]
[ERROR][2015-11-10 19:07:26,831][com.java.SeleniumDriver] [  496] - Unable invoke browser in grid:Could not start a new session. Possible causes are invalid address of the remote server or browser start-up failure.
Build info: version: '2.48.2', revision: '41bccdd', time: '2015-10-09 19:59:12'
System info: host: 'FVTIII438F1D', ip: '172.17.68.34', os.name: 'Windows 7', os.arch: 'x86', os.version: '6.1', java.version: '1.7.0_55'
Driver info: driver.version: SeleniumDriver
[INFO ][2015-11-10 19:07:26,831][com.java.SeleniumDriver] [  498] - Executing on local machine
[INFO ][2015-11-10 19:07:36,368][com.java.SeleniumDriver] [  753] - Test cases to be executed are: [1, 2, 3, 4, 5, 6, 7, 8]
[INFO ][2015-11-10 19:07:36,368][com.java.ImportnExport.ImportTestDataDetailsExcel] [   49] - test data details path===== D:\BankersDashboard\TestInputs\TestData.xls
[INFO ][2015-11-10 19:07:36,419][com.java.SeleniumDriver] [  796] - ------------------------------------------
[INFO ][2015-11-10 19:07:36,419][com.java.SeleniumDriver] [  797] - Test case being Executed: 2
[INFO ][2015-11-10 19:07:36,419][com.java.SeleniumDriver] [  808] - Test step:1
[INFO ][2015-11-10 19:07:36,419][com.java.SeleniumDriver] [  820] - Datavalue is----------Logout
[INFO ][2015-11-10 19:07:36,419][com.java.SeleniumDriver] [  844] - DataField : BTN
[INFO ][2015-11-10 19:07:36,419][com.java.SeleniumDriver] [  846] - DataValue : Logout
[INFO ][2015-11-10 19:07:36,419][com.java.SeleniumDriver] [  852] - <In Set values of the page>
[INFO ][2015-11-10 19:07:36,419][com.java.SeleniumDriver] [  855] - {Data Fields & Data Values Exist}
[INFO ][2015-11-10 19:07:36,419][com.java.SeleniumDriver] [  857] - --------------------------setting values-----------------------------
[INFO ][2015-11-10 19:07:36,419][com.java.SeleniumDriver] [  860] - Action Type : Verify
[INFO ][2015-11-10 19:07:36,419][com.java.TestType] [ 5247] - field= BTN value= Logout
[INFO ][2015-11-10 19:07:36,419][com.java.TestType] [ 4140] - value = Logout
[ERROR][2015-11-10 19:07:48,392][com.java.TestType] [ 5771] - Assertion Error: 
[INFO ][2015-11-10 19:07:48,392][com.java.SeleniumDriver] [  869] -  RESULT false
[INFO ][2015-11-10 19:07:48,392][com.java.SeleniumDriver] [  916] - ?   F A I L   ?
[INFO ][2015-11-10 19:07:48,392][com.java.SeleniumDriver] [  924] - Browser Type : IE11
[INFO ][2015-11-10 19:07:48,392][com.java.SeleniumDriver] [  925] - Adding Failed case2
[WARN ][2015-11-10 19:07:50,397][com.java.SeleniumDriver] [  984] - Source 'D:\BankersDashboard\TestReports\111015' exists but is a directory
[DEBUG][2015-11-10 19:07:50,397][com.java.SeleniumDriver] [  992] -  tdd.getCondition() IF:3:Next
[INFO ][2015-11-10 19:07:50,397][com.java.SeleniumDriver] [  996] - Continue next step...
[INFO ][2015-11-10 19:07:50,397][com.java.SeleniumDriver] [  796] - ------------------------------------------
[INFO ][2015-11-10 19:07:50,397][com.java.SeleniumDriver] [  797] - Test case being Executed: 2
[INFO ][2015-11-10 19:07:50,397][com.java.SeleniumDriver] [  808] - Test step:2
[INFO ][2015-11-10 19:07:50,397][com.java.SeleniumDriver] [  820] - Datavalue is----------Concept#1:1-14
[INFO ][2015-11-10 19:07:50,397][com.java.SeleniumDriver] [  844] - DataField : test
[INFO ][2015-11-10 19:07:50,397][com.java.SeleniumDriver] [  846] - DataValue : Concept#1:1-14
[INFO ][2015-11-10 19:07:50,397][com.java.SeleniumDriver] [  852] - <In Set values of the page>
[INFO ][2015-11-10 19:07:50,397][com.java.SeleniumDriver] [  855] - {Data Fields & Data Values Exist}
[INFO ][2015-11-10 19:07:50,397][com.java.SeleniumDriver] [  857] - --------------------------setting values-----------------------------
[INFO ][2015-11-10 19:07:50,397][com.java.SeleniumDriver] [  860] - Action Type : ExecuteTestCase
[INFO ][2015-11-10 19:07:50,397][com.java.TestType] [  423] - The Concept sheet name is ---------- Concept
[INFO ][2015-11-10 19:07:50,397][com.java.TestType] [  426] - The Concept ID  is ---------- 1
[DEBUG][2015-11-10 19:07:50,397][com.java.TestType] [  430] - Steps being executted in the Concept are: 1:14
[INFO ][2015-11-10 19:07:50,397][com.java.TestType] [  437] - Test data details path ---------- D:\BankersDashboard\TestInputs\TestData.xls
[INFO ][2015-11-10 19:07:50,428][com.java.TestType] [  468] -  str(1) = 1
[INFO ][2015-11-10 19:07:50,428][com.java.TestType] [  471] - Test case Id is---1
[INFO ][2015-11-10 19:07:50,428][com.java.TestType] [  473] - 1
[INFO ][2015-11-10 19:07:50,428][com.java.TestType] [  468] -  str(2) = 1
[INFO ][2015-11-10 19:07:50,428][com.java.TestType] [  520] - row values are--------{1=com.java.Objects.TestDataDetails@17535e2}
[INFO ][2015-11-10 19:07:50,428][com.java.TestType] [  468] -  str(1) = 1
[INFO ][2015-11-10 19:07:50,428][com.java.TestType] [  471] - Test case Id is---1
[INFO ][2015-11-10 19:07:50,428][com.java.TestType] [  473] - 1
[INFO ][2015-11-10 19:07:50,428][com.java.TestType] [  468] -  str(2) = 2
[INFO ][2015-11-10 19:07:50,428][com.java.TestType] [  520] - row values are--------{1=com.java.Objects.TestDataDetails@17535e2, 2=com.java.Objects.TestDataDetails@133c431}
[INFO ][2015-11-10 19:07:50,428][com.java.TestType] [  468] -  str(1) = 1
[INFO ][2015-11-10 19:07:50,428][com.java.TestType] [  471] - Test case Id is---1
[INFO ][2015-11-10 19:07:50,428][com.java.TestType] [  473] - 1
[INFO ][2015-11-10 19:07:50,428][com.java.TestType] [  468] -  str(2) = 3
[INFO ][2015-11-10 19:07:50,428][com.java.TestType] [  520] - row values are--------{1=com.java.Objects.TestDataDetails@17535e2, 2=com.java.Objects.TestDataDetails@133c431, 3=com.java.Objects.TestDataDetails@150e341}
[INFO ][2015-11-10 19:07:50,428][com.java.TestType] [  468] -  str(1) = 1
[INFO ][2015-11-10 19:07:50,428][com.java.TestType] [  471] - Test case Id is---1
[INFO ][2015-11-10 19:07:50,428][com.java.TestType] [  473] - 1
[INFO ][2015-11-10 19:07:50,428][com.java.TestType] [  468] -  str(2) = 4
[INFO ][2015-11-10 19:07:50,428][com.java.TestType] [  520] - row values are--------{1=com.java.Objects.TestDataDetails@17535e2, 2=com.java.Objects.TestDataDetails@133c431, 3=com.java.Objects.TestDataDetails@150e341, 4=com.java.Objects.TestDataDetails@2903bd}
[INFO ][2015-11-10 19:07:50,428][com.java.TestType] [  468] -  str(1) = 1
[INFO ][2015-11-10 19:07:50,428][com.java.TestType] [  471] - Test case Id is---1
[INFO ][2015-11-10 19:07:50,428][com.java.TestType] [  473] - 1
[INFO ][2015-11-10 19:07:50,428][com.java.TestType] [  468] -  str(2) = 5
[INFO ][2015-11-10 19:07:50,428][com.java.TestType] [  520] - row values are--------{1=com.java.Objects.TestDataDetails@17535e2, 2=com.java.Objects.TestDataDetails@133c431, 3=com.java.Objects.TestDataDetails@150e341, 4=com.java.Objects.TestDataDetails@2903bd, 5=com.java.Objects.TestDataDetails@24617a}
[INFO ][2015-11-10 19:07:50,428][com.java.TestType] [  468] -  str(1) = 1
[INFO ][2015-11-10 19:07:50,428][com.java.TestType] [  471] - Test case Id is---1
[INFO ][2015-11-10 19:07:50,428][com.java.TestType] [  473] - 1
[INFO ][2015-11-10 19:07:50,428][com.java.TestType] [  468] -  str(2) = 6
[INFO ][2015-11-10 19:07:50,428][com.java.TestType] [  520] - row values are--------{1=com.java.Objects.TestDataDetails@17535e2, 2=com.java.Objects.TestDataDetails@133c431, 3=com.java.Objects.TestDataDetails@150e341, 4=com.java.Objects.TestDataDetails@2903bd, 5=com.java.Objects.TestDataDetails@24617a, 6=com.java.Objects.TestDataDetails@67e699}
[INFO ][2015-11-10 19:07:50,428][com.java.TestType] [  468] -  str(1) = 1
[INFO ][2015-11-10 19:07:50,428][com.java.TestType] [  471] - Test case Id is---1
[INFO ][2015-11-10 19:07:50,428][com.java.TestType] [  473] - 1
[INFO ][2015-11-10 19:07:50,428][com.java.TestType] [  468] -  str(2) = 7
[INFO ][2015-11-10 19:07:50,428][com.java.TestType] [  520] - row values are--------{1=com.java.Objects.TestDataDetails@17535e2, 2=com.java.Objects.TestDataDetails@133c431, 3=com.java.Objects.TestDataDetails@150e341, 4=com.java.Objects.TestDataDetails@2903bd, 5=com.java.Objects.TestDataDetails@24617a, 6=com.java.Objects.TestDataDetails@67e699, 7=com.java.Objects.TestDataDetails@13a9eed}
[INFO ][2015-11-10 19:07:50,428][com.java.TestType] [  468] -  str(1) = 1
[INFO ][2015-11-10 19:07:50,428][com.java.TestType] [  471] - Test case Id is---1
[INFO ][2015-11-10 19:07:50,428][com.java.TestType] [  473] - 1
[INFO ][2015-11-10 19:07:50,428][com.java.TestType] [  468] -  str(2) = 8
[INFO ][2015-11-10 19:07:50,428][com.java.TestType] [  520] - row values are--------{1=com.java.Objects.TestDataDetails@17535e2, 2=com.java.Objects.TestDataDetails@133c431, 3=com.java.Objects.TestDataDetails@150e341, 4=com.java.Objects.TestDataDetails@2903bd, 5=com.java.Objects.TestDataDetails@24617a, 6=com.java.Objects.TestDataDetails@67e699, 7=com.java.Objects.TestDataDetails@13a9eed, 8=com.java.Objects.TestDataDetails@1b82b7}
[INFO ][2015-11-10 19:07:50,428][com.java.TestType] [  468] -  str(1) = 1
[INFO ][2015-11-10 19:07:50,428][com.java.TestType] [  471] - Test case Id is---1
[INFO ][2015-11-10 19:07:50,428][com.java.TestType] [  473] - 1
[INFO ][2015-11-10 19:07:50,428][com.java.TestType] [  468] -  str(2) = 9
[INFO ][2015-11-10 19:07:50,428][com.java.TestType] [  520] - row values are--------{1=com.java.Objects.TestDataDetails@17535e2, 2=com.java.Objects.TestDataDetails@133c431, 3=com.java.Objects.TestDataDetails@150e341, 4=com.java.Objects.TestDataDetails@2903bd, 5=com.java.Objects.TestDataDetails@24617a, 6=com.java.Objects.TestDataDetails@67e699, 7=com.java.Objects.TestDataDetails@13a9eed, 8=com.java.Objects.TestDataDetails@1b82b7, 9=com.java.Objects.TestDataDetails@18e1674}
[INFO ][2015-11-10 19:07:50,428][com.java.TestType] [  468] -  str(1) = 1
[INFO ][2015-11-10 19:07:50,428][com.java.TestType] [  471] - Test case Id is---1
[INFO ][2015-11-10 19:07:50,428][com.java.TestType] [  473] - 1
[INFO ][2015-11-10 19:07:50,428][com.java.TestType] [  468] -  str(2) = 10
[INFO ][2015-11-10 19:07:50,428][com.java.TestType] [  520] - row values are--------{1=com.java.Objects.TestDataDetails@17535e2, 2=com.java.Objects.TestDataDetails@133c431, 3=com.java.Objects.TestDataDetails@150e341, 4=com.java.Objects.TestDataDetails@2903bd, 5=com.java.Objects.TestDataDetails@24617a, 6=com.java.Objects.TestDataDetails@67e699, 7=com.java.Objects.TestDataDetails@13a9eed, 8=com.java.Objects.TestDataDetails@1b82b7, 9=com.java.Objects.TestDataDetails@18e1674, 10=com.java.Objects.TestDataDetails@18185ce}
[INFO ][2015-11-10 19:07:50,428][com.java.TestType] [  468] -  str(1) = 1
[INFO ][2015-11-10 19:07:50,428][com.java.TestType] [  471] - Test case Id is---1
[INFO ][2015-11-10 19:07:50,428][com.java.TestType] [  473] - 1
[INFO ][2015-11-10 19:07:50,428][com.java.TestType] [  468] -  str(2) = 11
[INFO ][2015-11-10 19:07:50,438][com.java.TestType] [  520] - row values are--------{1=com.java.Objects.TestDataDetails@17535e2, 2=com.java.Objects.TestDataDetails@133c431, 3=com.java.Objects.TestDataDetails@150e341, 4=com.java.Objects.TestDataDetails@2903bd, 5=com.java.Objects.TestDataDetails@24617a, 6=com.java.Objects.TestDataDetails@67e699, 7=com.java.Objects.TestDataDetails@13a9eed, 8=com.java.Objects.TestDataDetails@1b82b7, 9=com.java.Objects.TestDataDetails@18e1674, 10=com.java.Objects.TestDataDetails@18185ce, 11=com.java.Objects.TestDataDetails@4adcff}
[INFO ][2015-11-10 19:07:50,438][com.java.TestType] [  468] -  str(1) = 1
[INFO ][2015-11-10 19:07:50,438][com.java.TestType] [  471] - Test case Id is---1
[INFO ][2015-11-10 19:07:50,438][com.java.TestType] [  473] - 1
[INFO ][2015-11-10 19:07:50,438][com.java.TestType] [  468] -  str(2) = 12
[INFO ][2015-11-10 19:07:50,438][com.java.TestType] [  520] - row values are--------{1=com.java.Objects.TestDataDetails@17535e2, 2=com.java.Objects.TestDataDetails@133c431, 3=com.java.Objects.TestDataDetails@150e341, 4=com.java.Objects.TestDataDetails@2903bd, 5=com.java.Objects.TestDataDetails@24617a, 6=com.java.Objects.TestDataDetails@67e699, 7=com.java.Objects.TestDataDetails@13a9eed, 8=com.java.Objects.TestDataDetails@1b82b7, 9=com.java.Objects.TestDataDetails@18e1674, 10=com.java.Objects.TestDataDetails@18185ce, 11=com.java.Objects.TestDataDetails@4adcff, 12=com.java.Objects.TestDataDetails@13e3101}
[INFO ][2015-11-10 19:07:50,438][com.java.TestType] [  468] -  str(1) = 1
[INFO ][2015-11-10 19:07:50,438][com.java.TestType] [  471] - Test case Id is---1
[INFO ][2015-11-10 19:07:50,438][com.java.TestType] [  473] - 1
[INFO ][2015-11-10 19:07:50,438][com.java.TestType] [  468] -  str(2) = 13
[INFO ][2015-11-10 19:07:50,438][com.java.TestType] [  520] - row values are--------{1=com.java.Objects.TestDataDetails@17535e2, 2=com.java.Objects.TestDataDetails@133c431, 3=com.java.Objects.TestDataDetails@150e341, 4=com.java.Objects.TestDataDetails@2903bd, 5=com.java.Objects.TestDataDetails@24617a, 6=com.java.Objects.TestDataDetails@67e699, 7=com.java.Objects.TestDataDetails@13a9eed, 8=com.java.Objects.TestDataDetails@1b82b7, 9=com.java.Objects.TestDataDetails@18e1674, 10=com.java.Objects.TestDataDetails@18185ce, 11=com.java.Objects.TestDataDetails@4adcff, 12=com.java.Objects.TestDataDetails@13e3101, 13=com.java.Objects.TestDataDetails@7ebc12}
[INFO ][2015-11-10 19:07:50,438][com.java.TestType] [  468] -  str(1) = 1
[INFO ][2015-11-10 19:07:50,438][com.java.TestType] [  471] - Test case Id is---1
[INFO ][2015-11-10 19:07:50,438][com.java.TestType] [  473] - 1
[INFO ][2015-11-10 19:07:50,438][com.java.TestType] [  468] -  str(2) = 14
[INFO ][2015-11-10 19:07:50,438][com.java.TestType] [  520] - row values are--------{1=com.java.Objects.TestDataDetails@17535e2, 2=com.java.Objects.TestDataDetails@133c431, 3=com.java.Objects.TestDataDetails@150e341, 4=com.java.Objects.TestDataDetails@2903bd, 5=com.java.Objects.TestDataDetails@24617a, 6=com.java.Objects.TestDataDetails@67e699, 7=com.java.Objects.TestDataDetails@13a9eed, 8=com.java.Objects.TestDataDetails@1b82b7, 9=com.java.Objects.TestDataDetails@18e1674, 10=com.java.Objects.TestDataDetails@18185ce, 11=com.java.Objects.TestDataDetails@4adcff, 12=com.java.Objects.TestDataDetails@13e3101, 13=com.java.Objects.TestDataDetails@7ebc12, 14=com.java.Objects.TestDataDetails@f6b867}
[INFO ][2015-11-10 19:07:50,438][com.java.TestType] [ 8348] - Looping 1TCID = 1
[DEBUG][2015-11-10 19:07:50,438][com.java.TestType] [ 8389] - Concept ID:1 :: Step being Executed: 1::1
[INFO ][2015-11-10 19:07:50,438][com.java.TestType] [ 8427] - dataFields : TXTusername
[DEBUG][2015-11-10 19:07:50,438][com.java.TestType] [ 8433] - <In Set values of the page>
[DEBUG][2015-11-10 19:07:50,438][com.java.TestType] [ 8438] - {Data Fields & Data Values Exist}
[INFO ][2015-11-10 19:07:50,438][com.java.TestType] [ 8444] - --------------------------setting values-----------------------------
[INFO ][2015-11-10 19:07:50,438][com.java.TestType] [ 8447] - Action Type : CLEARANDENTER
[INFO ][2015-11-10 19:07:50,438][com.java.TestType] [ 4140] - value = naresh.nayini.00000
[ERROR][2015-11-10 19:07:52,450][com.java.TestType] [ 4950] - Exception in clearAndEnter: null
[DEBUG][2015-11-10 19:07:52,450][com.java.TestType] [ 4954] - For ENTER action type the data field should be TXT
[INFO ][2015-11-10 19:07:52,450][com.java.TestType] [ 8466] -  RESULT false
[INFO ][2015-11-10 19:07:52,450][com.java.TestType] [ 8504] - ?   F A I L   ?
[DEBUG][2015-11-10 19:07:52,450][com.java.TestType] [ 8507] - Browser Type : IE11
[INFO ][2015-11-10 19:07:52,450][com.java.SeleniumDriver] [  869] -  RESULT false
[INFO ][2015-11-10 19:07:52,450][com.java.SeleniumDriver] [  916] - ?   F A I L   ?
[INFO ][2015-11-10 19:07:52,450][com.java.SeleniumDriver] [  924] - Browser Type : IE11
[INFO ][2015-11-10 19:07:52,450][com.java.SeleniumDriver] [  925] - Adding Failed case2
