[INFO ][2015-11-30 15:07:17,063][com.java.SeleniumDriver] [  213] - Execute Failed Casestrue
[INFO ][2015-11-30 15:07:17,078][com.java.SeleniumDriver] [  214] - Browser: IE10
[INFO ][2015-11-30 15:07:17,078][com.java.SeleniumDriver] [  215] - [1, 4]
[INFO ][2015-11-30 15:07:17,078][com.java.SeleniumDriver] [  216] - Total TestCases:2
[INFO ][2015-11-30 15:07:17,078][com.java.SeleniumDriver] [  217] -  Reading Properties from Property File 
[DEBUG][2015-11-30 15:07:17,078][com.java.SeleniumDriver] [  238] - url : https://clients-xuat.bankersdashboard.com
[INFO ][2015-11-30 15:07:17,078][com.java.ImportnExport.ExportTestResultsExcel] [  116] - Time Stamp Mon Nov 30 03:07:17 IST 2015
[INFO ][2015-11-30 15:07:17,078][com.java.ImportnExport.ExportTestResultsExcel] [  175] - OUT FILE : D:\BankersDashboard/TestReports/Test Results_BankersDashBoard_113015_150717_IE10_Any Bank USA.xls
[INFO ][2015-11-30 15:07:17,079][com.java.ImportnExport.ExportTestResultsExcel] [  180] - Test Result file is created
[DEBUG][2015-11-30 15:07:17,189][com.java.SeleniumDriver] [  426] - Hub ip address is-------172.17.68.34
[INFO ][2015-11-30 15:07:17,204][com.java.SeleniumDriver] [  452] - Grid URL:http://172.17.68.34:4444/wd/hub
[INFO ][2015-11-30 15:07:17,204][com.java.SeleniumDriver] [  453] - Capability:Capabilities [{platform=ANY, ensureCleanSession=true, ignoreProtectedModeSettings=true, acceptSslCerts=true, ignoreZoomSetting=true, browserName=internet explorer, browserstack.ie.noFlash=true, version=null}]
[ERROR][2015-11-30 15:07:18,530][com.java.SeleniumDriver] [  497] - Unable invoke browser in grid:Could not start a new session. Possible causes are invalid address of the remote server or browser start-up failure.
Build info: version: '2.48.2', revision: '41bccdd', time: '2015-10-09 19:59:12'
System info: host: 'FVTIII438F1D', ip: '172.17.68.34', os.name: 'Windows 7', os.arch: 'x86', os.version: '6.1', java.version: '1.7.0_55'
Driver info: driver.version: SeleniumDriver
[INFO ][2015-11-30 15:07:18,530][com.java.SeleniumDriver] [  499] - Executing on local machine
[INFO ][2015-11-30 15:07:30,175][com.java.SeleniumDriver] [  248] - IE10is opened
[INFO ][2015-11-30 15:07:30,820][com.java.SeleniumDriver] [  754] - Test cases to be executed are: [1, 4]
[INFO ][2015-11-30 15:07:30,821][com.java.ImportnExport.ImportTestDataDetailsExcel] [   49] - test data details path===== D:\BankersDashboard\TestInputs\TestData.xls
[INFO ][2015-11-30 15:07:31,133][com.java.SeleniumDriver] [  801] - ------------------------------------------
[INFO ][2015-11-30 15:07:31,133][com.java.SeleniumDriver] [  802] - Test case being Executed: 1
[INFO ][2015-11-30 15:07:31,133][com.java.SeleniumDriver] [  813] - Test step:1
[INFO ][2015-11-30 15:07:31,133][com.java.SeleniumDriver] [  825] - Datavalue is----------Concept#1:1-14
[INFO ][2015-11-30 15:07:31,133][com.java.SeleniumDriver] [  849] - DataField : test
[INFO ][2015-11-30 15:07:31,133][com.java.SeleniumDriver] [  851] - DataValue : Concept#1:1-14
[INFO ][2015-11-30 15:07:31,133][com.java.SeleniumDriver] [  857] - <In Set values of the page>
[INFO ][2015-11-30 15:07:31,133][com.java.SeleniumDriver] [  860] - {Data Fields & Data Values Exist}
[INFO ][2015-11-30 15:07:31,133][com.java.SeleniumDriver] [  862] - --------------------------setting values-----------------------------
[INFO ][2015-11-30 15:07:31,133][com.java.SeleniumDriver] [  865] - Action Type : ExecuteTestCase
[INFO ][2015-11-30 15:07:31,148][com.java.TestType] [  432] - The Concept sheet name is ---------- Concept
[INFO ][2015-11-30 15:07:31,148][com.java.TestType] [  435] - The Concept ID  is ---------- 1
[DEBUG][2015-11-30 15:07:31,148][com.java.TestType] [  439] - Steps being executted in the Concept are: 1:14
[INFO ][2015-11-30 15:07:31,148][com.java.TestType] [  446] - Test data details path ---------- D:\BankersDashboard\TestInputs\TestData.xls
[INFO ][2015-11-30 15:07:31,180][com.java.TestType] [  477] -  str(1) = 1
[INFO ][2015-11-30 15:07:31,180][com.java.TestType] [  480] - Test case Id is---1
[INFO ][2015-11-30 15:07:31,180][com.java.TestType] [  482] - 1
[INFO ][2015-11-30 15:07:31,180][com.java.TestType] [  477] -  str(2) = 1
[INFO ][2015-11-30 15:07:31,180][com.java.TestType] [  529] - row values are--------{1=com.java.Objects.TestDataDetails@16e68a0}
[INFO ][2015-11-30 15:07:31,180][com.java.TestType] [  477] -  str(1) = 1
[INFO ][2015-11-30 15:07:31,180][com.java.TestType] [  480] - Test case Id is---1
[INFO ][2015-11-30 15:07:31,180][com.java.TestType] [  482] - 1
[INFO ][2015-11-30 15:07:31,180][com.java.TestType] [  477] -  str(2) = 2
[INFO ][2015-11-30 15:07:31,195][com.java.TestType] [  529] - row values are--------{1=com.java.Objects.TestDataDetails@16e68a0, 2=com.java.Objects.TestDataDetails@60525c}
[INFO ][2015-11-30 15:07:31,195][com.java.TestType] [  477] -  str(1) = 1
[INFO ][2015-11-30 15:07:31,195][com.java.TestType] [  480] - Test case Id is---1
[INFO ][2015-11-30 15:07:31,195][com.java.TestType] [  482] - 1
[INFO ][2015-11-30 15:07:31,195][com.java.TestType] [  477] -  str(2) = 3
[INFO ][2015-11-30 15:07:31,195][com.java.TestType] [  529] - row values are--------{1=com.java.Objects.TestDataDetails@16e68a0, 2=com.java.Objects.TestDataDetails@60525c, 3=com.java.Objects.TestDataDetails@1a33470}
[INFO ][2015-11-30 15:07:31,195][com.java.TestType] [  477] -  str(1) = 1
[INFO ][2015-11-30 15:07:31,195][com.java.TestType] [  480] - Test case Id is---1
[INFO ][2015-11-30 15:07:31,195][com.java.TestType] [  482] - 1
[INFO ][2015-11-30 15:07:31,195][com.java.TestType] [  477] -  str(2) = 4
[INFO ][2015-11-30 15:07:31,195][com.java.TestType] [  529] - row values are--------{1=com.java.Objects.TestDataDetails@16e68a0, 2=com.java.Objects.TestDataDetails@60525c, 3=com.java.Objects.TestDataDetails@1a33470, 4=com.java.Objects.TestDataDetails@1490eab}
[INFO ][2015-11-30 15:07:31,195][com.java.TestType] [  477] -  str(1) = 1
[INFO ][2015-11-30 15:07:31,195][com.java.TestType] [  480] - Test case Id is---1
[INFO ][2015-11-30 15:07:31,195][com.java.TestType] [  482] - 1
[INFO ][2015-11-30 15:07:31,195][com.java.TestType] [  477] -  str(2) = 5
[INFO ][2015-11-30 15:07:31,195][com.java.TestType] [  529] - row values are--------{1=com.java.Objects.TestDataDetails@16e68a0, 2=com.java.Objects.TestDataDetails@60525c, 3=com.java.Objects.TestDataDetails@1a33470, 4=com.java.Objects.TestDataDetails@1490eab, 5=com.java.Objects.TestDataDetails@6cd712}
[INFO ][2015-11-30 15:07:31,195][com.java.TestType] [  477] -  str(1) = 1
[INFO ][2015-11-30 15:07:31,195][com.java.TestType] [  480] - Test case Id is---1
[INFO ][2015-11-30 15:07:31,195][com.java.TestType] [  482] - 1
[INFO ][2015-11-30 15:07:31,195][com.java.TestType] [  477] -  str(2) = 6
[INFO ][2015-11-30 15:07:31,195][com.java.TestType] [  529] - row values are--------{1=com.java.Objects.TestDataDetails@16e68a0, 2=com.java.Objects.TestDataDetails@60525c, 3=com.java.Objects.TestDataDetails@1a33470, 4=com.java.Objects.TestDataDetails@1490eab, 5=com.java.Objects.TestDataDetails@6cd712, 6=com.java.Objects.TestDataDetails@1e36eb9}
[INFO ][2015-11-30 15:07:31,195][com.java.TestType] [  477] -  str(1) = 1
[INFO ][2015-11-30 15:07:31,195][com.java.TestType] [  480] - Test case Id is---1
[INFO ][2015-11-30 15:07:31,195][com.java.TestType] [  482] - 1
[INFO ][2015-11-30 15:07:31,195][com.java.TestType] [  477] -  str(2) = 7
[INFO ][2015-11-30 15:07:31,195][com.java.TestType] [  529] - row values are--------{1=com.java.Objects.TestDataDetails@16e68a0, 2=com.java.Objects.TestDataDetails@60525c, 3=com.java.Objects.TestDataDetails@1a33470, 4=com.java.Objects.TestDataDetails@1490eab, 5=com.java.Objects.TestDataDetails@6cd712, 6=com.java.Objects.TestDataDetails@1e36eb9, 7=com.java.Objects.TestDataDetails@14ced4e}
[INFO ][2015-11-30 15:07:31,195][com.java.TestType] [  477] -  str(1) = 1
[INFO ][2015-11-30 15:07:31,195][com.java.TestType] [  480] - Test case Id is---1
[INFO ][2015-11-30 15:07:31,195][com.java.TestType] [  482] - 1
[INFO ][2015-11-30 15:07:31,195][com.java.TestType] [  477] -  str(2) = 8
[INFO ][2015-11-30 15:07:31,195][com.java.TestType] [  529] - row values are--------{1=com.java.Objects.TestDataDetails@16e68a0, 2=com.java.Objects.TestDataDetails@60525c, 3=com.java.Objects.TestDataDetails@1a33470, 4=com.java.Objects.TestDataDetails@1490eab, 5=com.java.Objects.TestDataDetails@6cd712, 6=com.java.Objects.TestDataDetails@1e36eb9, 7=com.java.Objects.TestDataDetails@14ced4e, 8=com.java.Objects.TestDataDetails@1e1760a}
[INFO ][2015-11-30 15:07:31,195][com.java.TestType] [  477] -  str(1) = 1
[INFO ][2015-11-30 15:07:31,195][com.java.TestType] [  480] - Test case Id is---1
[INFO ][2015-11-30 15:07:31,195][com.java.TestType] [  482] - 1
[INFO ][2015-11-30 15:07:31,195][com.java.TestType] [  477] -  str(2) = 9
[INFO ][2015-11-30 15:07:31,195][com.java.TestType] [  529] - row values are--------{1=com.java.Objects.TestDataDetails@16e68a0, 2=com.java.Objects.TestDataDetails@60525c, 3=com.java.Objects.TestDataDetails@1a33470, 4=com.java.Objects.TestDataDetails@1490eab, 5=com.java.Objects.TestDataDetails@6cd712, 6=com.java.Objects.TestDataDetails@1e36eb9, 7=com.java.Objects.TestDataDetails@14ced4e, 8=com.java.Objects.TestDataDetails@1e1760a, 9=com.java.Objects.TestDataDetails@104bc9}
[INFO ][2015-11-30 15:07:31,195][com.java.TestType] [  477] -  str(1) = 1
[INFO ][2015-11-30 15:07:31,195][com.java.TestType] [  480] - Test case Id is---1
[INFO ][2015-11-30 15:07:31,195][com.java.TestType] [  482] - 1
[INFO ][2015-11-30 15:07:31,195][com.java.TestType] [  477] -  str(2) = 10
[INFO ][2015-11-30 15:07:31,195][com.java.TestType] [  529] - row values are--------{1=com.java.Objects.TestDataDetails@16e68a0, 2=com.java.Objects.TestDataDetails@60525c, 3=com.java.Objects.TestDataDetails@1a33470, 4=com.java.Objects.TestDataDetails@1490eab, 5=com.java.Objects.TestDataDetails@6cd712, 6=com.java.Objects.TestDataDetails@1e36eb9, 7=com.java.Objects.TestDataDetails@14ced4e, 8=com.java.Objects.TestDataDetails@1e1760a, 9=com.java.Objects.TestDataDetails@104bc9, 10=com.java.Objects.TestDataDetails@1f7057}
[INFO ][2015-11-30 15:07:31,211][com.java.TestType] [  477] -  str(1) = 1
[INFO ][2015-11-30 15:07:31,211][com.java.TestType] [  480] - Test case Id is---1
[INFO ][2015-11-30 15:07:31,211][com.java.TestType] [  482] - 1
[INFO ][2015-11-30 15:07:31,211][com.java.TestType] [  477] -  str(2) = 11
[INFO ][2015-11-30 15:07:31,211][com.java.TestType] [  529] - row values are--------{1=com.java.Objects.TestDataDetails@16e68a0, 2=com.java.Objects.TestDataDetails@60525c, 3=com.java.Objects.TestDataDetails@1a33470, 4=com.java.Objects.TestDataDetails@1490eab, 5=com.java.Objects.TestDataDetails@6cd712, 6=com.java.Objects.TestDataDetails@1e36eb9, 7=com.java.Objects.TestDataDetails@14ced4e, 8=com.java.Objects.TestDataDetails@1e1760a, 9=com.java.Objects.TestDataDetails@104bc9, 10=com.java.Objects.TestDataDetails@1f7057, 11=com.java.Objects.TestDataDetails@1947a96}
[INFO ][2015-11-30 15:07:31,211][com.java.TestType] [  477] -  str(1) = 1
[INFO ][2015-11-30 15:07:31,211][com.java.TestType] [  480] - Test case Id is---1
[INFO ][2015-11-30 15:07:31,211][com.java.TestType] [  482] - 1
[INFO ][2015-11-30 15:07:31,211][com.java.TestType] [  477] -  str(2) = 12
[INFO ][2015-11-30 15:07:31,211][com.java.TestType] [  529] - row values are--------{1=com.java.Objects.TestDataDetails@16e68a0, 2=com.java.Objects.TestDataDetails@60525c, 3=com.java.Objects.TestDataDetails@1a33470, 4=com.java.Objects.TestDataDetails@1490eab, 5=com.java.Objects.TestDataDetails@6cd712, 6=com.java.Objects.TestDataDetails@1e36eb9, 7=com.java.Objects.TestDataDetails@14ced4e, 8=com.java.Objects.TestDataDetails@1e1760a, 9=com.java.Objects.TestDataDetails@104bc9, 10=com.java.Objects.TestDataDetails@1f7057, 11=com.java.Objects.TestDataDetails@1947a96, 12=com.java.Objects.TestDataDetails@114aca8}
[INFO ][2015-11-30 15:07:31,211][com.java.TestType] [  477] -  str(1) = 1
[INFO ][2015-11-30 15:07:31,211][com.java.TestType] [  480] - Test case Id is---1
[INFO ][2015-11-30 15:07:31,211][com.java.TestType] [  482] - 1
[INFO ][2015-11-30 15:07:31,211][com.java.TestType] [  477] -  str(2) = 13
[INFO ][2015-11-30 15:07:31,211][com.java.TestType] [  529] - row values are--------{1=com.java.Objects.TestDataDetails@16e68a0, 2=com.java.Objects.TestDataDetails@60525c, 3=com.java.Objects.TestDataDetails@1a33470, 4=com.java.Objects.TestDataDetails@1490eab, 5=com.java.Objects.TestDataDetails@6cd712, 6=com.java.Objects.TestDataDetails@1e36eb9, 7=com.java.Objects.TestDataDetails@14ced4e, 8=com.java.Objects.TestDataDetails@1e1760a, 9=com.java.Objects.TestDataDetails@104bc9, 10=com.java.Objects.TestDataDetails@1f7057, 11=com.java.Objects.TestDataDetails@1947a96, 12=com.java.Objects.TestDataDetails@114aca8, 13=com.java.Objects.TestDataDetails@12d6c22}
[INFO ][2015-11-30 15:07:31,211][com.java.TestType] [  477] -  str(1) = 1
[INFO ][2015-11-30 15:07:31,211][com.java.TestType] [  480] - Test case Id is---1
[INFO ][2015-11-30 15:07:31,211][com.java.TestType] [  482] - 1
[INFO ][2015-11-30 15:07:31,211][com.java.TestType] [  477] -  str(2) = 14
[INFO ][2015-11-30 15:07:31,211][com.java.TestType] [  529] - row values are--------{1=com.java.Objects.TestDataDetails@16e68a0, 2=com.java.Objects.TestDataDetails@60525c, 3=com.java.Objects.TestDataDetails@1a33470, 4=com.java.Objects.TestDataDetails@1490eab, 5=com.java.Objects.TestDataDetails@6cd712, 6=com.java.Objects.TestDataDetails@1e36eb9, 7=com.java.Objects.TestDataDetails@14ced4e, 8=com.java.Objects.TestDataDetails@1e1760a, 9=com.java.Objects.TestDataDetails@104bc9, 10=com.java.Objects.TestDataDetails@1f7057, 11=com.java.Objects.TestDataDetails@1947a96, 12=com.java.Objects.TestDataDetails@114aca8, 13=com.java.Objects.TestDataDetails@12d6c22, 14=com.java.Objects.TestDataDetails@50d2cc}
[INFO ][2015-11-30 15:07:31,211][com.java.TestType] [ 9259] - Looping 1TCID = 1
[DEBUG][2015-11-30 15:07:31,211][com.java.TestType] [ 9300] - Concept ID:1 :: Step being Executed: 1::1
[INFO ][2015-11-30 15:07:31,211][com.java.TestType] [ 9338] - dataFields : TXTusername
[DEBUG][2015-11-30 15:07:31,211][com.java.TestType] [ 9344] - <In Set values of the page>
[DEBUG][2015-11-30 15:07:31,211][com.java.TestType] [ 9349] - {Data Fields & Data Values Exist}
[INFO ][2015-11-30 15:07:31,211][com.java.TestType] [ 9355] - --------------------------setting values-----------------------------
[INFO ][2015-11-30 15:07:31,211][com.java.TestType] [ 9358] - Action Type : CLEARANDENTER
[INFO ][2015-11-30 15:07:31,211][com.java.TestType] [ 4783] - value = naresh.nayini.00000
[INFO ][2015-11-30 15:07:36,181][com.java.TestType] [ 9377] -  RESULT true
[INFO ][2015-11-30 15:07:36,181][com.java.TestType] [ 9494] - ?   P A S S   ?
[DEBUG][2015-11-30 15:07:36,181][com.java.TestType] [ 9300] - Concept ID:1 :: Step being Executed: 1::2
[INFO ][2015-11-30 15:07:36,181][com.java.TestType] [ 9338] - dataFields : TXTpassword
[DEBUG][2015-11-30 15:07:36,181][com.java.TestType] [ 9344] - <In Set values of the page>
[DEBUG][2015-11-30 15:07:36,181][com.java.TestType] [ 9349] - {Data Fields & Data Values Exist}
[INFO ][2015-11-30 15:07:36,181][com.java.TestType] [ 9355] - --------------------------setting values-----------------------------
[INFO ][2015-11-30 15:07:36,181][com.java.TestType] [ 9358] - Action Type : CLEARANDENTER
[INFO ][2015-11-30 15:07:36,181][com.java.TestType] [ 4783] - value = Password1*
[INFO ][2015-11-30 15:07:41,231][com.java.TestType] [ 9377] -  RESULT true
[INFO ][2015-11-30 15:07:41,231][com.java.TestType] [ 9494] - ?   P A S S   ?
[DEBUG][2015-11-30 15:07:41,231][com.java.TestType] [ 9300] - Concept ID:1 :: Step being Executed: 1::3
[ERROR][2015-11-30 15:07:41,231][com.java.TestType] [ 9333] - Exception: null
[INFO ][2015-11-30 15:07:41,231][com.java.TestType] [ 9338] - dataFields : XPH//button[@type='submit']
[DEBUG][2015-11-30 15:07:41,231][com.java.TestType] [ 9344] - <In Set values of the page>
[DEBUG][2015-11-30 15:07:41,231][com.java.TestType] [ 9349] - {Data Fields & Data Values Exist}
[INFO ][2015-11-30 15:07:41,231][com.java.TestType] [ 9355] - --------------------------setting values-----------------------------
[INFO ][2015-11-30 15:07:41,231][com.java.TestType] [ 9358] - Action Type : Click
[INFO ][2015-11-30 15:07:41,231][com.java.TestType] [ 5111] - Field ::XPH//button[@type='submit']
[INFO ][2015-11-30 15:07:42,245][com.java.TestType] [ 5198] - BEFORE CLICK
[INFO ][2015-11-30 15:07:43,090][com.java.TestType] [ 5206] - Unable to click the object Login
[INFO ][2015-11-30 15:07:43,090][com.java.TestType] [ 9377] -  RESULT true
[INFO ][2015-11-30 15:07:43,090][com.java.TestType] [ 9494] - ?   P A S S   ?
[DEBUG][2015-11-30 15:07:43,090][com.java.TestType] [ 9300] - Concept ID:1 :: Step being Executed: 1::4
[INFO ][2015-11-30 15:07:43,090][com.java.TestType] [ 9338] - dataFields : LNKLogout
[DEBUG][2015-11-30 15:07:43,090][com.java.TestType] [ 9344] - <In Set values of the page>
[DEBUG][2015-11-30 15:07:43,090][com.java.TestType] [ 9349] - {Data Fields & Data Values Exist}
[INFO ][2015-11-30 15:07:43,090][com.java.TestType] [ 9355] - --------------------------setting values-----------------------------
[INFO ][2015-11-30 15:07:43,090][com.java.TestType] [ 9358] - Action Type : WaitForElement
[INFO ][2015-11-30 15:07:46,470][com.java.TestType] [ 9377] -  RESULT true
[INFO ][2015-11-30 15:07:46,470][com.java.TestType] [ 9494] - ?   P A S S   ?
[DEBUG][2015-11-30 15:07:46,470][com.java.TestType] [ 9300] - Concept ID:1 :: Step being Executed: 1::13
[INFO ][2015-11-30 15:07:46,470][com.java.TestType] [ 9338] - dataFields : LNK
[DEBUG][2015-11-30 15:07:46,470][com.java.TestType] [ 9344] - <In Set values of the page>
[DEBUG][2015-11-30 15:07:46,470][com.java.TestType] [ 9349] - {Data Fields & Data Values Exist}
[INFO ][2015-11-30 15:07:46,470][com.java.TestType] [ 9355] - --------------------------setting values-----------------------------
[INFO ][2015-11-30 15:07:46,470][com.java.TestType] [ 9358] - Action Type : Verify
[INFO ][2015-11-30 15:07:46,470][com.java.TestType] [ 5968] - field= LNK value= Logout
[INFO ][2015-11-30 15:07:46,470][com.java.TestType] [ 4783] - value = Logout
[INFO ][2015-11-30 15:07:46,502][com.java.TestType] [ 9377] -  RESULT true
[INFO ][2015-11-30 15:07:46,502][com.java.TestType] [ 9494] - ?   P A S S   ?
[DEBUG][2015-11-30 15:07:46,502][com.java.TestType] [ 9300] - Concept ID:1 :: Step being Executed: 1::14
[INFO ][2015-11-30 15:07:46,502][com.java.TestType] [ 9338] - dataFields : BTN
[DEBUG][2015-11-30 15:07:46,502][com.java.TestType] [ 9344] - <In Set values of the page>
[DEBUG][2015-11-30 15:07:46,502][com.java.TestType] [ 9349] - {Data Fields & Data Values Exist}
[INFO ][2015-11-30 15:07:46,502][com.java.TestType] [ 9355] - --------------------------setting values-----------------------------
[INFO ][2015-11-30 15:07:46,502][com.java.TestType] [ 9358] - Action Type : Verify
[INFO ][2015-11-30 15:07:46,502][com.java.TestType] [ 5968] - field= BTN value= //img[contains(@src,'bdlogo.jpg')]
[INFO ][2015-11-30 15:07:46,502][com.java.TestType] [ 4783] - value = //img[contains(@src,'bdlogo.jpg')]
[INFO ][2015-11-30 15:07:46,580][com.java.TestType] [ 9377] -  RESULT true
[INFO ][2015-11-30 15:07:46,580][com.java.TestType] [ 9494] - ?   P A S S   ?
[INFO ][2015-11-30 15:07:46,580][com.java.TestType] [ 9565] - Looping End......
[INFO ][2015-11-30 15:07:46,580][com.java.SeleniumDriver] [  874] -  RESULT true
[INFO ][2015-11-30 15:07:46,580][com.java.SeleniumDriver] [ 1080] - ?   P A S S   ?
[INFO ][2015-11-30 15:07:46,580][com.java.SeleniumDriver] [  801] - ------------------------------------------
[INFO ][2015-11-30 15:07:46,580][com.java.SeleniumDriver] [  802] - Test case being Executed: 1
[INFO ][2015-11-30 15:07:46,580][com.java.SeleniumDriver] [  813] - Test step:2
[INFO ][2015-11-30 15:07:46,580][com.java.SeleniumDriver] [  825] - Datavalue is----------Concept#2:1-2
[INFO ][2015-11-30 15:07:46,580][com.java.SeleniumDriver] [  849] - DataField : test
[INFO ][2015-11-30 15:07:46,580][com.java.SeleniumDriver] [  851] - DataValue : Concept#2:1-2
[INFO ][2015-11-30 15:07:46,580][com.java.SeleniumDriver] [  857] - <In Set values of the page>
[INFO ][2015-11-30 15:07:46,580][com.java.SeleniumDriver] [  860] - {Data Fields & Data Values Exist}
[INFO ][2015-11-30 15:07:46,580][com.java.SeleniumDriver] [  862] - --------------------------setting values-----------------------------
[INFO ][2015-11-30 15:07:46,580][com.java.SeleniumDriver] [  865] - Action Type : ExecuteTestCase
[INFO ][2015-11-30 15:07:46,580][com.java.TestType] [  432] - The Concept sheet name is ---------- Concept
[INFO ][2015-11-30 15:07:46,580][com.java.TestType] [  435] - The Concept ID  is ---------- 2
[DEBUG][2015-11-30 15:07:46,580][com.java.TestType] [  439] - Steps being executted in the Concept are: 1:2
[INFO ][2015-11-30 15:07:46,580][com.java.TestType] [  446] - Test data details path ---------- D:\BankersDashboard\TestInputs\TestData.xls
[INFO ][2015-11-30 15:07:46,611][com.java.TestType] [  477] -  str(1) = 2
[INFO ][2015-11-30 15:07:46,611][com.java.TestType] [  480] - Test case Id is---2
[INFO ][2015-11-30 15:07:46,611][com.java.TestType] [  482] - 2
[INFO ][2015-11-30 15:07:46,611][com.java.TestType] [  477] -  str(2) = 1
[INFO ][2015-11-30 15:07:46,611][com.java.TestType] [  529] - row values are--------{1=com.java.Objects.TestDataDetails@5202b8}
[INFO ][2015-11-30 15:07:46,611][com.java.TestType] [  477] -  str(1) = 2
[INFO ][2015-11-30 15:07:46,611][com.java.TestType] [  480] - Test case Id is---2
[INFO ][2015-11-30 15:07:46,611][com.java.TestType] [  482] - 2
[INFO ][2015-11-30 15:07:46,611][com.java.TestType] [  477] -  str(2) = 2
[INFO ][2015-11-30 15:07:46,611][com.java.TestType] [  529] - row values are--------{1=com.java.Objects.TestDataDetails@5202b8, 2=com.java.Objects.TestDataDetails@e64498}
[INFO ][2015-11-30 15:07:46,611][com.java.TestType] [  477] -  str(1) = 2
[INFO ][2015-11-30 15:07:46,611][com.java.TestType] [  480] - Test case Id is---2
[INFO ][2015-11-30 15:07:46,611][com.java.TestType] [  482] - 2
[INFO ][2015-11-30 15:07:46,611][com.java.TestType] [  477] -  str(2) = 3
[INFO ][2015-11-30 15:07:46,611][com.java.TestType] [  529] - row values are--------{1=com.java.Objects.TestDataDetails@5202b8, 2=com.java.Objects.TestDataDetails@e64498, 3=com.java.Objects.TestDataDetails@1b3cd4a}
[INFO ][2015-11-30 15:07:46,611][com.java.TestType] [ 9259] - Looping 1TCID = 2
[DEBUG][2015-11-30 15:07:46,611][com.java.TestType] [ 9300] - Concept ID:2 :: Step being Executed: 2::1
[INFO ][2015-11-30 15:07:46,611][com.java.TestType] [ 9338] - dataFields : BNK//select[@id='bank']
[DEBUG][2015-11-30 15:07:46,611][com.java.TestType] [ 9344] - <In Set values of the page>
[DEBUG][2015-11-30 15:07:46,611][com.java.TestType] [ 9349] - {Data Fields & Data Values Exist}
[INFO ][2015-11-30 15:07:46,611][com.java.TestType] [ 9355] - --------------------------setting values-----------------------------
[INFO ][2015-11-30 15:07:46,611][com.java.TestType] [ 9358] - Action Type : Select
[INFO ][2015-11-30 15:07:46,611][com.java.TestType] [ 4783] - value = PFC
[INFO ][2015-11-30 15:07:46,798][com.java.TestType] [ 9377] -  RESULT true
[INFO ][2015-11-30 15:07:46,798][com.java.TestType] [ 9494] - ?   P A S S   ?
[DEBUG][2015-11-30 15:07:46,798][com.java.TestType] [ 9300] - Concept ID:2 :: Step being Executed: 2::2
[INFO ][2015-11-30 15:07:46,798][com.java.TestType] [ 9338] - dataFields : LNKLogout
[DEBUG][2015-11-30 15:07:46,798][com.java.TestType] [ 9344] - <In Set values of the page>
[DEBUG][2015-11-30 15:07:46,798][com.java.TestType] [ 9349] - {Data Fields & Data Values Exist}
[INFO ][2015-11-30 15:07:46,798][com.java.TestType] [ 9355] - --------------------------setting values-----------------------------
[INFO ][2015-11-30 15:07:46,798][com.java.TestType] [ 9358] - Action Type : WaitTime
[DEBUG][2015-11-30 15:07:46,798][com.java.TestType] [ 4603] - sleepTime: 5000
[INFO ][2015-11-30 15:07:51,808][com.java.TestType] [ 9377] -  RESULT true
[INFO ][2015-11-30 15:07:51,808][com.java.TestType] [ 9494] - ?   P A S S   ?
[INFO ][2015-11-30 15:07:51,808][com.java.TestType] [ 9565] - Looping End......
[INFO ][2015-11-30 15:07:51,808][com.java.SeleniumDriver] [  874] -  RESULT true
[INFO ][2015-11-30 15:07:51,808][com.java.SeleniumDriver] [ 1080] - ?   P A S S   ?
[INFO ][2015-11-30 15:07:51,808][com.java.SeleniumDriver] [  801] - ------------------------------------------
[INFO ][2015-11-30 15:07:51,808][com.java.SeleniumDriver] [  802] - Test case being Executed: 1
[INFO ][2015-11-30 15:07:51,808][com.java.SeleniumDriver] [  813] - Test step:3
[INFO ][2015-11-30 15:07:51,808][com.java.SeleniumDriver] [  825] - Datavalue is----------2
[INFO ][2015-11-30 15:07:51,808][com.java.SeleniumDriver] [  849] - DataField : XPH//button[contains(text(),'Add Content')]
[INFO ][2015-11-30 15:07:51,808][com.java.SeleniumDriver] [  851] - DataValue : 2
[INFO ][2015-11-30 15:07:51,808][com.java.SeleniumDriver] [  857] - <In Set values of the page>
[INFO ][2015-11-30 15:07:51,808][com.java.SeleniumDriver] [  860] - {Data Fields & Data Values Exist}
[INFO ][2015-11-30 15:07:51,808][com.java.SeleniumDriver] [  862] - --------------------------setting values-----------------------------
[INFO ][2015-11-30 15:07:51,808][com.java.SeleniumDriver] [  865] - Action Type : WAITFORELEMENT
[INFO ][2015-11-30 15:07:51,840][com.java.SeleniumDriver] [  874] -  RESULT true
[INFO ][2015-11-30 15:07:51,840][com.java.SeleniumDriver] [ 1080] - ?   P A S S   ?
[DEBUG][2015-11-30 15:07:51,840][com.java.SeleniumDriver] [ 1192] - Case found
[DEBUG][2015-11-30 15:07:51,840][com.java.SeleniumDriver] [ 1197] - Incrementing ReportCounters[0]:1
[INFO ][2015-11-30 15:07:51,840][com.java.SeleniumDriver] [ 1216] - The results are-------------------[1, 1, Valid Login, Pass, , Mon Nov 30 15:07:46 IST 2015, 1, 2, Valid Login, Pass, , Mon Nov 30 15:07:51 IST 2015, 1, 3, Valid Login, Pass, , Mon Nov 30 15:07:51 IST 2015]
[INFO ][2015-11-30 15:07:51,840][com.java.SeleniumDriver] [ 1220] - End time is-------37 sec
[INFO ][2015-11-30 15:07:51,840][com.java.SeleniumDriver] [ 1221] - The results are-------------------[1, 1, Valid Login, Pass, , Mon Nov 30 15:07:46 IST 2015, 1, 2, Valid Login, Pass, , Mon Nov 30 15:07:51 IST 2015, 1, 3, Valid Login, Pass, , Mon Nov 30 15:07:51 IST 2015]
[DEBUG][2015-11-30 15:07:51,840][com.java.ImportnExport.ExportTestResultsExcel] [  222] - testResultPath = D:\BankersDashboard/TestReports/Test Results_BankersDashBoard_113015_150717_IE10_Any Bank USA.xls
[DEBUG][2015-11-30 15:07:51,840][com.java.ImportnExport.ExportTestResultsExcel] [  223] - browser is------------IE10
[DEBUG][2015-11-30 15:07:51,871][com.java.ImportnExport.ExportTestResultsExcel] [  270] - result.size() = 18
[DEBUG][2015-11-30 15:07:51,871][com.java.ImportnExport.ExportTestResultsExcel] [  274] - No of rows in sheet=1
[DEBUG][2015-11-30 15:07:51,871][com.java.ImportnExport.ExportTestResultsExcel] [  301] - ..in export..1
[DEBUG][2015-11-30 15:07:51,871][com.java.ImportnExport.ExportTestResultsExcel] [  301] - ..in export..Valid Login
[DEBUG][2015-11-30 15:07:51,871][com.java.ImportnExport.ExportTestResultsExcel] [  301] - ..in export..Pass
[DEBUG][2015-11-30 15:07:51,871][com.java.ImportnExport.ExportTestResultsExcel] [  301] - ..in export..
[DEBUG][2015-11-30 15:07:51,871][com.java.ImportnExport.ExportTestResultsExcel] [  301] - ..in export..Mon Nov 30 15:07:46 IST 2015
[INFO ][2015-11-30 15:07:51,871][com.java.SeleniumDriver] [ 1279] - out loop:0 size:2 TestCases:[1, 4] testcases:[1, 4]
[INFO ][2015-11-30 15:07:51,871][com.java.ImportnExport.ImportTestDataDetailsExcel] [   49] - test data details path===== D:\BankersDashboard\TestInputs\TestData.xls
