[INFO ][2016-01-06 15:38:36,422][com.java.SeleniumDriver] [  213] - Execute Failed Casesfalse
[INFO ][2016-01-06 15:38:36,422][com.java.SeleniumDriver] [  214] - Browser: IE10
[INFO ][2016-01-06 15:38:36,422][com.java.SeleniumDriver] [  215] - [1, 6]
[INFO ][2016-01-06 15:38:36,423][com.java.SeleniumDriver] [  216] - Total TestCases:2
[INFO ][2016-01-06 15:38:36,423][com.java.SeleniumDriver] [  217] -  Reading Properties from Property File 
[DEBUG][2016-01-06 15:38:36,423][com.java.SeleniumDriver] [  238] - url : https://clients-xuat.bankersdashboard.com
[INFO ][2016-01-06 15:38:36,425][com.java.ImportnExport.ExportTestResultsExcel] [  116] - Time Stamp Wed Jan 06 03:38:36 IST 2016
[INFO ][2016-01-06 15:38:36,426][com.java.ImportnExport.ExportTestResultsExcel] [  175] - OUT FILE : D:\BankersDashboard/TestReports/Test Results_BankersDashBoard_010616_153836_IE10_United Bank.xls
[INFO ][2016-01-06 15:38:36,457][com.java.ImportnExport.ExportTestResultsExcel] [  180] - Test Result file is created
[DEBUG][2016-01-06 15:38:36,567][com.java.SeleniumDriver] [  426] - Hub ip address is-------172.17.68.34
[INFO ][2016-01-06 15:38:36,568][com.java.SeleniumDriver] [  452] - Grid URL:http://172.17.68.34:4444/wd/hub
[INFO ][2016-01-06 15:38:36,568][com.java.SeleniumDriver] [  453] - Capability:Capabilities [{platform=ANY, ensureCleanSession=true, ignoreProtectedModeSettings=true, acceptSslCerts=true, ignoreZoomSetting=true, browserName=internet explorer, browserstack.ie.noFlash=true, version=null}]
[ERROR][2016-01-06 15:38:37,939][com.java.SeleniumDriver] [  498] - Unable invoke browser in grid:Could not start a new session. Possible causes are invalid address of the remote server or browser start-up failure.
Build info: version: '2.48.2', revision: '41bccdd', time: '2015-10-09 19:59:12'
System info: host: 'FVTIII438F1D', ip: '172.17.68.34', os.name: 'Windows 7', os.arch: 'x86', os.version: '6.1', java.version: '1.7.0_55'
Driver info: driver.version: SeleniumDriver
[INFO ][2016-01-06 15:38:37,939][com.java.SeleniumDriver] [  500] - Executing on local machine
[INFO ][2016-01-06 15:38:48,464][com.java.SeleniumDriver] [  248] - IE10is opened
[INFO ][2016-01-06 15:38:49,322][com.java.SeleniumDriver] [  756] - Test cases to be executed are: [1, 6]
[INFO ][2016-01-06 15:38:49,388][com.java.ImportnExport.ImportTestDataDetailsExcel] [   49] - test data details path===== D:\BankersDashboard\TestInputs\TestData.xls
[INFO ][2016-01-06 15:38:49,486][com.java.SeleniumDriver] [  832] - ------------------------------------------
[INFO ][2016-01-06 15:38:49,487][com.java.SeleniumDriver] [  833] - Test case being Executed: 1
[INFO ][2016-01-06 15:38:49,487][com.java.SeleniumDriver] [  845] - Test step:1
[INFO ][2016-01-06 15:38:49,487][com.java.SeleniumDriver] [  857] - Datavalue is----------Concept#1:1-16
[INFO ][2016-01-06 15:38:49,487][com.java.SeleniumDriver] [  881] - DataField : test
[INFO ][2016-01-06 15:38:49,487][com.java.SeleniumDriver] [  883] - DataValue : Concept#1:1-16
[INFO ][2016-01-06 15:38:49,487][com.java.SeleniumDriver] [  889] - <In Set values of the page>
[INFO ][2016-01-06 15:38:49,487][com.java.SeleniumDriver] [  892] - {Data Fields & Data Values Exist}
[INFO ][2016-01-06 15:38:49,487][com.java.SeleniumDriver] [  894] - --------------------------setting values-----------------------------
[INFO ][2016-01-06 15:38:49,487][com.java.SeleniumDriver] [  897] - Action Type : ExecuteTestCase
[INFO ][2016-01-06 15:38:49,526][com.java.TestType] [  437] - The Concept sheet name is ---------- Concept
[INFO ][2016-01-06 15:38:49,526][com.java.TestType] [  440] - The Concept ID  is ---------- 1
[DEBUG][2016-01-06 15:38:49,527][com.java.TestType] [  444] - Steps being executted in the Concept are: 1:16
[INFO ][2016-01-06 15:38:49,527][com.java.TestType] [  451] - Test data details path ---------- D:\BankersDashboard\TestInputs\TestData.xls
[INFO ][2016-01-06 15:38:49,560][com.java.TestType] [  482] -  str(1) = 1
[INFO ][2016-01-06 15:38:49,560][com.java.TestType] [  485] - Test case Id is---1
[INFO ][2016-01-06 15:38:49,560][com.java.TestType] [  487] - 1
[INFO ][2016-01-06 15:38:49,560][com.java.TestType] [  482] -  str(2) = 1
[INFO ][2016-01-06 15:38:49,563][com.java.TestType] [  482] -  str(1) = 1
[INFO ][2016-01-06 15:38:49,563][com.java.TestType] [  485] - Test case Id is---1
[INFO ][2016-01-06 15:38:49,563][com.java.TestType] [  487] - 1
[INFO ][2016-01-06 15:38:49,563][com.java.TestType] [  482] -  str(2) = 2
[INFO ][2016-01-06 15:38:49,565][com.java.TestType] [  482] -  str(1) = 1
[INFO ][2016-01-06 15:38:49,565][com.java.TestType] [  485] - Test case Id is---1
[INFO ][2016-01-06 15:38:49,565][com.java.TestType] [  487] - 1
[INFO ][2016-01-06 15:38:49,565][com.java.TestType] [  482] -  str(2) = 3
[INFO ][2016-01-06 15:38:49,566][com.java.TestType] [  482] -  str(1) = 1
[INFO ][2016-01-06 15:38:49,567][com.java.TestType] [  485] - Test case Id is---1
[INFO ][2016-01-06 15:38:49,567][com.java.TestType] [  487] - 1
[INFO ][2016-01-06 15:38:49,567][com.java.TestType] [  482] -  str(2) = 4
[INFO ][2016-01-06 15:38:49,568][com.java.TestType] [  482] -  str(1) = 1
[INFO ][2016-01-06 15:38:49,568][com.java.TestType] [  485] - Test case Id is---1
[INFO ][2016-01-06 15:38:49,568][com.java.TestType] [  487] - 1
[INFO ][2016-01-06 15:38:49,569][com.java.TestType] [  482] -  str(2) = 5
[INFO ][2016-01-06 15:38:49,570][com.java.TestType] [  482] -  str(1) = 1
[INFO ][2016-01-06 15:38:49,574][com.java.TestType] [  485] - Test case Id is---1
[INFO ][2016-01-06 15:38:49,574][com.java.TestType] [  487] - 1
[INFO ][2016-01-06 15:38:49,574][com.java.TestType] [  482] -  str(2) = 6
[INFO ][2016-01-06 15:38:49,575][com.java.TestType] [  482] -  str(1) = 1
[INFO ][2016-01-06 15:38:49,575][com.java.TestType] [  485] - Test case Id is---1
[INFO ][2016-01-06 15:38:49,575][com.java.TestType] [  487] - 1
[INFO ][2016-01-06 15:38:49,575][com.java.TestType] [  482] -  str(2) = 7
[INFO ][2016-01-06 15:38:49,576][com.java.TestType] [  482] -  str(1) = 1
[INFO ][2016-01-06 15:38:49,576][com.java.TestType] [  485] - Test case Id is---1
[INFO ][2016-01-06 15:38:49,576][com.java.TestType] [  487] - 1
[INFO ][2016-01-06 15:38:49,576][com.java.TestType] [  482] -  str(2) = 8
[INFO ][2016-01-06 15:38:49,577][com.java.TestType] [  482] -  str(1) = 1
[INFO ][2016-01-06 15:38:49,577][com.java.TestType] [  485] - Test case Id is---1
[INFO ][2016-01-06 15:38:49,577][com.java.TestType] [  487] - 1
[INFO ][2016-01-06 15:38:49,577][com.java.TestType] [  482] -  str(2) = 9
[INFO ][2016-01-06 15:38:49,578][com.java.TestType] [  482] -  str(1) = 1
[INFO ][2016-01-06 15:38:49,578][com.java.TestType] [  485] - Test case Id is---1
[INFO ][2016-01-06 15:38:49,578][com.java.TestType] [  487] - 1
[INFO ][2016-01-06 15:38:49,579][com.java.TestType] [  482] -  str(2) = 10
[INFO ][2016-01-06 15:38:49,579][com.java.TestType] [  482] -  str(1) = 1
[INFO ][2016-01-06 15:38:49,579][com.java.TestType] [  485] - Test case Id is---1
[INFO ][2016-01-06 15:38:49,580][com.java.TestType] [  487] - 1
[INFO ][2016-01-06 15:38:49,580][com.java.TestType] [  482] -  str(2) = 11
[INFO ][2016-01-06 15:38:49,580][com.java.TestType] [  482] -  str(1) = 1
[INFO ][2016-01-06 15:38:49,581][com.java.TestType] [  485] - Test case Id is---1
[INFO ][2016-01-06 15:38:49,581][com.java.TestType] [  487] - 1
[INFO ][2016-01-06 15:38:49,581][com.java.TestType] [  482] -  str(2) = 12
[INFO ][2016-01-06 15:38:49,582][com.java.TestType] [  482] -  str(1) = 1
[INFO ][2016-01-06 15:38:49,582][com.java.TestType] [  485] - Test case Id is---1
[INFO ][2016-01-06 15:38:49,582][com.java.TestType] [  487] - 1
[INFO ][2016-01-06 15:38:49,582][com.java.TestType] [  482] -  str(2) = 13
[INFO ][2016-01-06 15:38:49,583][com.java.TestType] [  482] -  str(1) = 1
[INFO ][2016-01-06 15:38:49,583][com.java.TestType] [  485] - Test case Id is---1
[INFO ][2016-01-06 15:38:49,583][com.java.TestType] [  487] - 1
[INFO ][2016-01-06 15:38:49,583][com.java.TestType] [  482] -  str(2) = 14
[INFO ][2016-01-06 15:38:49,584][com.java.TestType] [  482] -  str(1) = 1
[INFO ][2016-01-06 15:38:49,584][com.java.TestType] [  485] - Test case Id is---1
[INFO ][2016-01-06 15:38:49,584][com.java.TestType] [  487] - 1
[INFO ][2016-01-06 15:38:49,584][com.java.TestType] [  482] -  str(2) = 15
[INFO ][2016-01-06 15:38:49,585][com.java.TestType] [  482] -  str(1) = 1
[INFO ][2016-01-06 15:38:49,585][com.java.TestType] [  485] - Test case Id is---1
[INFO ][2016-01-06 15:38:49,585][com.java.TestType] [  487] - 1
[INFO ][2016-01-06 15:38:49,585][com.java.TestType] [  482] -  str(2) = 16
[INFO ][2016-01-06 15:38:49,586][com.java.TestType] [10744] - Looping 1TCID = 1
[DEBUG][2016-01-06 15:38:49,586][com.java.TestType] [10785] - Concept ID:1 :: Step being Executed: 1::1
[INFO ][2016-01-06 15:38:49,586][com.java.TestType] [10823] - dataFields : TXTusername
[DEBUG][2016-01-06 15:38:49,586][com.java.TestType] [10829] - <In Set values of the page>
[DEBUG][2016-01-06 15:38:49,586][com.java.TestType] [10834] - {Data Fields & Data Values Exist}
[INFO ][2016-01-06 15:38:49,586][com.java.TestType] [10840] - --------------------------setting values-----------------------------
[INFO ][2016-01-06 15:38:49,587][com.java.TestType] [10843] - Action Type : CLEARANDENTER
[INFO ][2016-01-06 15:38:49,587][com.java.TestType] [ 5817] - value = valuelabs.ie10.00058
[INFO ][2016-01-06 15:38:54,379][com.java.TestType] [10862] -  RESULT true
[INFO ][2016-01-06 15:38:54,379][com.java.TestType] [10979] - ?   P A S S   ?
[DEBUG][2016-01-06 15:38:54,379][com.java.TestType] [10785] - Concept ID:1 :: Step being Executed: 1::2
[INFO ][2016-01-06 15:38:54,379][com.java.TestType] [10823] - dataFields : TXTpassword
[DEBUG][2016-01-06 15:38:54,379][com.java.TestType] [10829] - <In Set values of the page>
[DEBUG][2016-01-06 15:38:54,380][com.java.TestType] [10834] - {Data Fields & Data Values Exist}
[INFO ][2016-01-06 15:38:54,380][com.java.TestType] [10840] - --------------------------setting values-----------------------------
[INFO ][2016-01-06 15:38:54,381][com.java.TestType] [10843] - Action Type : CLEARANDENTER
[INFO ][2016-01-06 15:38:54,381][com.java.TestType] [ 5817] - value = Password1*
[INFO ][2016-01-06 15:38:59,268][com.java.TestType] [10862] -  RESULT true
[INFO ][2016-01-06 15:38:59,269][com.java.TestType] [10979] - ?   P A S S   ?
[DEBUG][2016-01-06 15:38:59,269][com.java.TestType] [10785] - Concept ID:1 :: Step being Executed: 1::3
[ERROR][2016-01-06 15:38:59,269][com.java.TestType] [10818] - Exception: null
[INFO ][2016-01-06 15:38:59,269][com.java.TestType] [10823] - dataFields : XPH//button[@type='submit']
[DEBUG][2016-01-06 15:38:59,269][com.java.TestType] [10829] - <In Set values of the page>
[DEBUG][2016-01-06 15:38:59,269][com.java.TestType] [10834] - {Data Fields & Data Values Exist}
[INFO ][2016-01-06 15:38:59,269][com.java.TestType] [10840] - --------------------------setting values-----------------------------
[INFO ][2016-01-06 15:38:59,269][com.java.TestType] [10843] - Action Type : Click
[INFO ][2016-01-06 15:38:59,269][com.java.TestType] [ 6196] - Field ::XPH//button[@type='submit']
[INFO ][2016-01-06 15:38:59,269][com.java.TestType] [ 5817] - value = 
[INFO ][2016-01-06 15:39:00,276][com.java.TestType] [ 6333] - BEFORE CLICK
[INFO ][2016-01-06 15:39:01,187][com.java.TestType] [ 6341] - Unable to click the object Login
[INFO ][2016-01-06 15:39:01,187][com.java.TestType] [10862] -  RESULT true
[INFO ][2016-01-06 15:39:01,187][com.java.TestType] [10979] - ?   P A S S   ?
[DEBUG][2016-01-06 15:39:01,187][com.java.TestType] [10785] - Concept ID:1 :: Step being Executed: 1::4
[INFO ][2016-01-06 15:39:01,187][com.java.TestType] [10823] - dataFields : LNKLogout
[DEBUG][2016-01-06 15:39:01,187][com.java.TestType] [10829] - <In Set values of the page>
[DEBUG][2016-01-06 15:39:01,187][com.java.TestType] [10834] - {Data Fields & Data Values Exist}
[INFO ][2016-01-06 15:39:01,187][com.java.TestType] [10840] - --------------------------setting values-----------------------------
[INFO ][2016-01-06 15:39:01,188][com.java.TestType] [10843] - Action Type : WaitForElement
[INFO ][2016-01-06 15:39:05,686][com.java.TestType] [10862] -  RESULT true
[INFO ][2016-01-06 15:39:05,686][com.java.TestType] [10979] - ?   P A S S   ?
[DEBUG][2016-01-06 15:39:05,686][com.java.TestType] [10785] - Concept ID:1 :: Step being Executed: 1::15
[INFO ][2016-01-06 15:39:05,686][com.java.TestType] [10823] - dataFields : LNK
[DEBUG][2016-01-06 15:39:05,686][com.java.TestType] [10829] - <In Set values of the page>
[DEBUG][2016-01-06 15:39:05,686][com.java.TestType] [10834] - {Data Fields & Data Values Exist}
[INFO ][2016-01-06 15:39:05,686][com.java.TestType] [10840] - --------------------------setting values-----------------------------
[INFO ][2016-01-06 15:39:05,686][com.java.TestType] [10843] - Action Type : Verify
[INFO ][2016-01-06 15:39:05,687][com.java.TestType] [ 7191] - field= LNK value= Logout
[INFO ][2016-01-06 15:39:05,691][com.java.TestType] [ 5817] - value = Logout
[INFO ][2016-01-06 15:39:05,729][com.java.TestType] [10862] -  RESULT true
[INFO ][2016-01-06 15:39:05,729][com.java.TestType] [10979] - ?   P A S S   ?
[DEBUG][2016-01-06 15:39:05,729][com.java.TestType] [10785] - Concept ID:1 :: Step being Executed: 1::16
[INFO ][2016-01-06 15:39:05,729][com.java.TestType] [10823] - dataFields : BTN
[DEBUG][2016-01-06 15:39:05,729][com.java.TestType] [10829] - <In Set values of the page>
[DEBUG][2016-01-06 15:39:05,729][com.java.TestType] [10834] - {Data Fields & Data Values Exist}
[INFO ][2016-01-06 15:39:05,729][com.java.TestType] [10840] - --------------------------setting values-----------------------------
[INFO ][2016-01-06 15:39:05,729][com.java.TestType] [10843] - Action Type : Verify
[INFO ][2016-01-06 15:39:05,730][com.java.TestType] [ 7191] - field= BTN value= //img[contains(@src,'bdlogo.jpg')]
[INFO ][2016-01-06 15:39:05,730][com.java.TestType] [ 5817] - value = //img[contains(@src,'bdlogo.jpg')]
[INFO ][2016-01-06 15:39:05,802][com.java.TestType] [10862] -  RESULT true
[INFO ][2016-01-06 15:39:05,802][com.java.TestType] [10979] - ?   P A S S   ?
[INFO ][2016-01-06 15:39:05,802][com.java.TestType] [11050] - Looping End......
[INFO ][2016-01-06 15:39:05,805][com.java.SeleniumDriver] [  906] -  RESULT true
[INFO ][2016-01-06 15:39:05,805][com.java.SeleniumDriver] [ 1112] - ?   P A S S   ?
[INFO ][2016-01-06 15:39:05,805][com.java.SeleniumDriver] [  832] - ------------------------------------------
[INFO ][2016-01-06 15:39:05,805][com.java.SeleniumDriver] [  833] - Test case being Executed: 1
[INFO ][2016-01-06 15:39:05,805][com.java.SeleniumDriver] [  845] - Test step:2
[INFO ][2016-01-06 15:39:05,805][com.java.SeleniumDriver] [  857] - Datavalue is----------Concept#2:1-2
[INFO ][2016-01-06 15:39:05,806][com.java.SeleniumDriver] [  881] - DataField : test
[INFO ][2016-01-06 15:39:05,806][com.java.SeleniumDriver] [  883] - DataValue : Concept#2:1-2
[INFO ][2016-01-06 15:39:05,806][com.java.SeleniumDriver] [  889] - <In Set values of the page>
[INFO ][2016-01-06 15:39:05,806][com.java.SeleniumDriver] [  892] - {Data Fields & Data Values Exist}
[INFO ][2016-01-06 15:39:05,806][com.java.SeleniumDriver] [  894] - --------------------------setting values-----------------------------
[INFO ][2016-01-06 15:39:05,806][com.java.SeleniumDriver] [  897] - Action Type : ExecuteTestCase
[INFO ][2016-01-06 15:39:05,806][com.java.TestType] [  437] - The Concept sheet name is ---------- Concept
[INFO ][2016-01-06 15:39:05,806][com.java.TestType] [  440] - The Concept ID  is ---------- 2
[DEBUG][2016-01-06 15:39:05,807][com.java.TestType] [  444] - Steps being executted in the Concept are: 1:2
[INFO ][2016-01-06 15:39:05,807][com.java.TestType] [  451] - Test data details path ---------- D:\BankersDashboard\TestInputs\TestData.xls
[INFO ][2016-01-06 15:39:05,836][com.java.TestType] [  482] -  str(1) = 2
[INFO ][2016-01-06 15:39:05,837][com.java.TestType] [  485] - Test case Id is---2
[INFO ][2016-01-06 15:39:05,837][com.java.TestType] [  487] - 2
[INFO ][2016-01-06 15:39:05,837][com.java.TestType] [  482] -  str(2) = 1
[INFO ][2016-01-06 15:39:05,839][com.java.TestType] [  482] -  str(1) = 2
[INFO ][2016-01-06 15:39:05,839][com.java.TestType] [  485] - Test case Id is---2
[INFO ][2016-01-06 15:39:05,839][com.java.TestType] [  487] - 2
[INFO ][2016-01-06 15:39:05,839][com.java.TestType] [  482] -  str(2) = 2
[INFO ][2016-01-06 15:39:05,840][com.java.TestType] [  482] -  str(1) = 2
[INFO ][2016-01-06 15:39:05,840][com.java.TestType] [  485] - Test case Id is---2
[INFO ][2016-01-06 15:39:05,840][com.java.TestType] [  487] - 2
[INFO ][2016-01-06 15:39:05,840][com.java.TestType] [  482] -  str(2) = 3
[INFO ][2016-01-06 15:39:05,841][com.java.TestType] [10744] - Looping 1TCID = 2
[DEBUG][2016-01-06 15:39:05,841][com.java.TestType] [10785] - Concept ID:2 :: Step being Executed: 2::1
[INFO ][2016-01-06 15:39:05,841][com.java.TestType] [10823] - dataFields : BNK//select[@id='bank']
[DEBUG][2016-01-06 15:39:05,841][com.java.TestType] [10829] - <In Set values of the page>
[DEBUG][2016-01-06 15:39:05,841][com.java.TestType] [10834] - {Data Fields & Data Values Exist}
[INFO ][2016-01-06 15:39:05,842][com.java.TestType] [10840] - --------------------------setting values-----------------------------
[INFO ][2016-01-06 15:39:05,842][com.java.TestType] [10843] - Action Type : Select
[INFO ][2016-01-06 15:39:05,842][com.java.TestType] [ 5817] - value = PFC
[INFO ][2016-01-06 15:39:06,116][com.java.TestType] [10862] -  RESULT true
[INFO ][2016-01-06 15:39:06,116][com.java.TestType] [10979] - ?   P A S S   ?
[DEBUG][2016-01-06 15:39:06,117][com.java.TestType] [10785] - Concept ID:2 :: Step being Executed: 2::2
[INFO ][2016-01-06 15:39:06,117][com.java.TestType] [10823] - dataFields : LNKLogout
[DEBUG][2016-01-06 15:39:06,117][com.java.TestType] [10829] - <In Set values of the page>
[DEBUG][2016-01-06 15:39:06,117][com.java.TestType] [10834] - {Data Fields & Data Values Exist}
[INFO ][2016-01-06 15:39:06,117][com.java.TestType] [10840] - --------------------------setting values-----------------------------
[INFO ][2016-01-06 15:39:06,117][com.java.TestType] [10843] - Action Type : WaitTime
[DEBUG][2016-01-06 15:39:06,117][com.java.TestType] [ 5637] - sleepTime: 5000
[INFO ][2016-01-06 15:39:11,118][com.java.TestType] [10862] -  RESULT true
[INFO ][2016-01-06 15:39:11,118][com.java.TestType] [10979] - ?   P A S S   ?
[INFO ][2016-01-06 15:39:11,118][com.java.TestType] [11050] - Looping End......
[INFO ][2016-01-06 15:39:11,121][com.java.SeleniumDriver] [  906] -  RESULT true
[INFO ][2016-01-06 15:39:11,122][com.java.SeleniumDriver] [ 1112] - ?   P A S S   ?
[INFO ][2016-01-06 15:39:11,122][com.java.SeleniumDriver] [  832] - ------------------------------------------
[INFO ][2016-01-06 15:39:11,122][com.java.SeleniumDriver] [  833] - Test case being Executed: 1
[INFO ][2016-01-06 15:39:11,122][com.java.SeleniumDriver] [  845] - Test step:3
[INFO ][2016-01-06 15:39:11,122][com.java.SeleniumDriver] [  857] - Datavalue is----------2
[INFO ][2016-01-06 15:39:11,122][com.java.SeleniumDriver] [  881] - DataField : XPH//button[contains(text(),'Add Content')]
[INFO ][2016-01-06 15:39:11,122][com.java.SeleniumDriver] [  883] - DataValue : 2
[INFO ][2016-01-06 15:39:11,122][com.java.SeleniumDriver] [  889] - <In Set values of the page>
[INFO ][2016-01-06 15:39:11,122][com.java.SeleniumDriver] [  892] - {Data Fields & Data Values Exist}
[INFO ][2016-01-06 15:39:11,122][com.java.SeleniumDriver] [  894] - --------------------------setting values-----------------------------
[INFO ][2016-01-06 15:39:11,122][com.java.SeleniumDriver] [  897] - Action Type : WAITFORELEMENT
[INFO ][2016-01-06 15:39:11,175][com.java.SeleniumDriver] [  906] -  RESULT true
[INFO ][2016-01-06 15:39:11,175][com.java.SeleniumDriver] [ 1112] - ?   P A S S   ?
[DEBUG][2016-01-06 15:39:11,175][com.java.SeleniumDriver] [ 1224] - Case found
[DEBUG][2016-01-06 15:39:11,175][com.java.SeleniumDriver] [ 1229] - Incrementing ReportCounters[0]:1
[INFO ][2016-01-06 15:39:11,175][com.java.SeleniumDriver] [ 1248] - The results are-------------------[1, 1, Valid Login, Pass, , Wed Jan 06 15:39:05 IST 2016, 1, 2, Valid Login, Pass, , Wed Jan 06 15:39:11 IST 2016, 1, 3, Valid Login, Pass, , Wed Jan 06 15:39:11 IST 2016]
[INFO ][2016-01-06 15:39:11,175][com.java.SeleniumDriver] [ 1252] - End time is-------37 sec
[INFO ][2016-01-06 15:39:11,175][com.java.SeleniumDriver] [ 1253] - The results are-------------------[1, 1, Valid Login, Pass, , Wed Jan 06 15:39:05 IST 2016, 1, 2, Valid Login, Pass, , Wed Jan 06 15:39:11 IST 2016, 1, 3, Valid Login, Pass, , Wed Jan 06 15:39:11 IST 2016]
[DEBUG][2016-01-06 15:39:11,175][com.java.ImportnExport.ExportTestResultsExcel] [  222] - testResultPath = D:\BankersDashboard/TestReports/Test Results_BankersDashBoard_010616_153836_IE10_United Bank.xls
[DEBUG][2016-01-06 15:39:11,176][com.java.ImportnExport.ExportTestResultsExcel] [  223] - browser is------------IE10
[DEBUG][2016-01-06 15:39:11,230][com.java.ImportnExport.ExportTestResultsExcel] [  270] - result.size() = 18
[DEBUG][2016-01-06 15:39:11,230][com.java.ImportnExport.ExportTestResultsExcel] [  274] - No of rows in sheet=1
[DEBUG][2016-01-06 15:39:11,230][com.java.ImportnExport.ExportTestResultsExcel] [  301] - ..in export..1
[DEBUG][2016-01-06 15:39:11,231][com.java.ImportnExport.ExportTestResultsExcel] [  301] - ..in export..Valid Login
[DEBUG][2016-01-06 15:39:11,231][com.java.ImportnExport.ExportTestResultsExcel] [  301] - ..in export..Pass
[DEBUG][2016-01-06 15:39:11,231][com.java.ImportnExport.ExportTestResultsExcel] [  301] - ..in export..
[DEBUG][2016-01-06 15:39:11,231][com.java.ImportnExport.ExportTestResultsExcel] [  301] - ..in export..Wed Jan 06 15:39:05 IST 2016
[INFO ][2016-01-06 15:39:11,233][com.java.SeleniumDriver] [ 1313] - out loop:0 size:2 TestCases:[1, 6] testcases:[1, 6]
[INFO ][2016-01-06 15:39:11,233][com.java.ImportnExport.ImportTestDataDetailsExcel] [   49] - test data details path===== D:\BankersDashboard\TestInputs\TestData.xls
[INFO ][2016-01-06 15:39:42,433][com.java.SeleniumDriver] [  832] - ------------------------------------------
[INFO ][2016-01-06 15:39:42,433][com.java.SeleniumDriver] [  833] - Test case being Executed: 6
[INFO ][2016-01-06 15:39:42,433][com.java.SeleniumDriver] [  845] - Test step:1
[INFO ][2016-01-06 15:39:42,433][com.java.SeleniumDriver] [  857] - Datavalue is----------5
[INFO ][2016-01-06 15:39:42,433][com.java.SeleniumDriver] [  881] - DataField : LNKLogout
[INFO ][2016-01-06 15:39:42,433][com.java.SeleniumDriver] [  883] - DataValue : 5
[INFO ][2016-01-06 15:39:42,433][com.java.SeleniumDriver] [  889] - <In Set values of the page>
[INFO ][2016-01-06 15:39:42,433][com.java.SeleniumDriver] [  892] - {Data Fields & Data Values Exist}
[INFO ][2016-01-06 15:39:42,433][com.java.SeleniumDriver] [  894] - --------------------------setting values-----------------------------
[INFO ][2016-01-06 15:39:42,433][com.java.SeleniumDriver] [  897] - Action Type : WaitForElement
[INFO ][2016-01-06 15:39:42,485][com.java.SeleniumDriver] [  906] -  RESULT true
[INFO ][2016-01-06 15:39:42,485][com.java.SeleniumDriver] [ 1112] - ?   P A S S   ?
[INFO ][2016-01-06 15:39:42,485][com.java.SeleniumDriver] [ 1154] - step change to 3
[INFO ][2016-01-06 15:39:42,486][com.java.SeleniumDriver] [  832] - ------------------------------------------
[INFO ][2016-01-06 15:39:42,486][com.java.SeleniumDriver] [  833] - Test case being Executed: 6
[INFO ][2016-01-06 15:39:42,486][com.java.SeleniumDriver] [  845] - Test step:3
[INFO ][2016-01-06 15:39:42,486][com.java.SeleniumDriver] [  857] - Datavalue is----------Concept#2:1-2
[INFO ][2016-01-06 15:39:42,486][com.java.SeleniumDriver] [  881] - DataField : test
[INFO ][2016-01-06 15:39:42,486][com.java.SeleniumDriver] [  883] - DataValue : Concept#2:1-2
[INFO ][2016-01-06 15:39:42,486][com.java.SeleniumDriver] [  889] - <In Set values of the page>
[INFO ][2016-01-06 15:39:42,486][com.java.SeleniumDriver] [  892] - {Data Fields & Data Values Exist}
[INFO ][2016-01-06 15:39:42,486][com.java.SeleniumDriver] [  894] - --------------------------setting values-----------------------------
[INFO ][2016-01-06 15:39:42,486][com.java.SeleniumDriver] [  897] - Action Type : ExecuteTestCase
[INFO ][2016-01-06 15:39:42,486][com.java.TestType] [  437] - The Concept sheet name is ---------- Concept
[INFO ][2016-01-06 15:39:42,486][com.java.TestType] [  440] - The Concept ID  is ---------- 2
[DEBUG][2016-01-06 15:39:42,486][com.java.TestType] [  444] - Steps being executted in the Concept are: 1:2
[INFO ][2016-01-06 15:39:42,487][com.java.TestType] [  451] - Test data details path ---------- D:\BankersDashboard\TestInputs\TestData.xls
[INFO ][2016-01-06 15:39:42,517][com.java.TestType] [  482] -  str(1) = 2
[INFO ][2016-01-06 15:39:42,517][com.java.TestType] [  485] - Test case Id is---2
[INFO ][2016-01-06 15:39:42,517][com.java.TestType] [  487] - 2
[INFO ][2016-01-06 15:39:42,517][com.java.TestType] [  482] -  str(2) = 1
[INFO ][2016-01-06 15:39:42,519][com.java.TestType] [  482] -  str(1) = 2
[INFO ][2016-01-06 15:39:42,519][com.java.TestType] [  485] - Test case Id is---2
[INFO ][2016-01-06 15:39:42,519][com.java.TestType] [  487] - 2
[INFO ][2016-01-06 15:39:42,519][com.java.TestType] [  482] -  str(2) = 2
[INFO ][2016-01-06 15:39:42,520][com.java.TestType] [  482] -  str(1) = 2
[INFO ][2016-01-06 15:39:42,520][com.java.TestType] [  485] - Test case Id is---2
[INFO ][2016-01-06 15:39:42,520][com.java.TestType] [  487] - 2
[INFO ][2016-01-06 15:39:42,520][com.java.TestType] [  482] -  str(2) = 3
[INFO ][2016-01-06 15:39:42,521][com.java.TestType] [10744] - Looping 1TCID = 2
[DEBUG][2016-01-06 15:39:42,521][com.java.TestType] [10785] - Concept ID:2 :: Step being Executed: 2::1
[INFO ][2016-01-06 15:39:42,521][com.java.TestType] [10823] - dataFields : BNK//select[@id='bank']
[DEBUG][2016-01-06 15:39:42,521][com.java.TestType] [10829] - <In Set values of the page>
[DEBUG][2016-01-06 15:39:42,521][com.java.TestType] [10834] - {Data Fields & Data Values Exist}
[INFO ][2016-01-06 15:39:42,521][com.java.TestType] [10840] - --------------------------setting values-----------------------------
[INFO ][2016-01-06 15:39:42,521][com.java.TestType] [10843] - Action Type : Select
[INFO ][2016-01-06 15:39:42,521][com.java.TestType] [ 5817] - value = PFC
[INFO ][2016-01-06 15:39:42,745][com.java.TestType] [10862] -  RESULT true
[INFO ][2016-01-06 15:39:42,745][com.java.TestType] [10979] - ?   P A S S   ?
[DEBUG][2016-01-06 15:39:42,745][com.java.TestType] [10785] - Concept ID:2 :: Step being Executed: 2::2
[INFO ][2016-01-06 15:39:42,745][com.java.TestType] [10823] - dataFields : LNKLogout
[DEBUG][2016-01-06 15:39:42,745][com.java.TestType] [10829] - <In Set values of the page>
[DEBUG][2016-01-06 15:39:42,745][com.java.TestType] [10834] - {Data Fields & Data Values Exist}
[INFO ][2016-01-06 15:39:42,745][com.java.TestType] [10840] - --------------------------setting values-----------------------------
[INFO ][2016-01-06 15:39:42,745][com.java.TestType] [10843] - Action Type : WaitTime
[DEBUG][2016-01-06 15:39:42,746][com.java.TestType] [ 5637] - sleepTime: 5000
[INFO ][2016-01-06 15:39:47,747][com.java.TestType] [10862] -  RESULT true
[INFO ][2016-01-06 15:39:47,747][com.java.TestType] [10979] - ?   P A S S   ?
[INFO ][2016-01-06 15:39:47,747][com.java.TestType] [11050] - Looping End......
[INFO ][2016-01-06 15:39:47,750][com.java.SeleniumDriver] [  906] -  RESULT true
[INFO ][2016-01-06 15:39:47,751][com.java.SeleniumDriver] [ 1112] - ?   P A S S   ?
[INFO ][2016-01-06 15:39:47,751][com.java.SeleniumDriver] [  832] - ------------------------------------------
[INFO ][2016-01-06 15:39:47,751][com.java.SeleniumDriver] [  833] - Test case being Executed: 6
[INFO ][2016-01-06 15:39:47,751][com.java.SeleniumDriver] [  845] - Test step:4
[INFO ][2016-01-06 15:39:47,751][com.java.SeleniumDriver] [  857] - Datavalue is----------null
[DEBUG][2016-01-06 15:39:47,755][com.java.SeleniumDriver] [  875] - Exception: null
[INFO ][2016-01-06 15:39:47,755][com.java.SeleniumDriver] [  881] - DataField : //span[@class='icon-user4']&&//ul[@id='Admin']/li[2]/a&&//ul[@id="GLMapping"]//a[@data-id="ProfitCenters"]
[INFO ][2016-01-06 15:39:47,755][com.java.SeleniumDriver] [  883] - DataValue : 
[INFO ][2016-01-06 15:39:47,755][com.java.SeleniumDriver] [  889] - <In Set values of the page>
[INFO ][2016-01-06 15:39:47,755][com.java.SeleniumDriver] [  892] - {Data Fields & Data Values Exist}
[INFO ][2016-01-06 15:39:47,755][com.java.SeleniumDriver] [  894] - --------------------------setting values-----------------------------
[INFO ][2016-01-06 15:39:47,755][com.java.SeleniumDriver] [  897] - Action Type : mouseover
[INFO ][2016-01-06 15:40:15,844][com.java.SeleniumDriver] [  906] -  RESULT true
[INFO ][2016-01-06 15:40:15,844][com.java.SeleniumDriver] [ 1112] - ?   P A S S   ?
[INFO ][2016-01-06 15:40:15,844][com.java.SeleniumDriver] [  832] - ------------------------------------------
[INFO ][2016-01-06 15:40:15,844][com.java.SeleniumDriver] [  833] - Test case being Executed: 6
[INFO ][2016-01-06 15:40:15,844][com.java.SeleniumDriver] [  845] - Test step:5
[INFO ][2016-01-06 15:40:15,844][com.java.SeleniumDriver] [  857] - Datavalue is----------5
[INFO ][2016-01-06 15:40:15,844][com.java.SeleniumDriver] [  881] - DataField : XPH//iframe[@class='frameTabContent']
[INFO ][2016-01-06 15:40:15,844][com.java.SeleniumDriver] [  883] - DataValue : 5
[INFO ][2016-01-06 15:40:15,844][com.java.SeleniumDriver] [  889] - <In Set values of the page>
[INFO ][2016-01-06 15:40:15,844][com.java.SeleniumDriver] [  892] - {Data Fields & Data Values Exist}
[INFO ][2016-01-06 15:40:15,844][com.java.SeleniumDriver] [  894] - --------------------------setting values-----------------------------
[INFO ][2016-01-06 15:40:15,844][com.java.SeleniumDriver] [  897] - Action Type : waitforelement
[INFO ][2016-01-06 15:40:16,005][com.java.SeleniumDriver] [  906] -  RESULT true
[INFO ][2016-01-06 15:40:16,005][com.java.SeleniumDriver] [ 1112] - ?   P A S S   ?
[INFO ][2016-01-06 15:40:16,006][com.java.SeleniumDriver] [  832] - ------------------------------------------
[INFO ][2016-01-06 15:40:16,007][com.java.SeleniumDriver] [  833] - Test case being Executed: 6
[INFO ][2016-01-06 15:40:16,007][com.java.SeleniumDriver] [  845] - Test step:6
[INFO ][2016-01-06 15:40:16,007][com.java.SeleniumDriver] [  857] - Datavalue is----------null
[DEBUG][2016-01-06 15:40:16,008][com.java.SeleniumDriver] [  875] - Exception: null
[INFO ][2016-01-06 15:40:16,008][com.java.SeleniumDriver] [  881] - DataField : BTN//iframe[@class='frameTabContent']
[INFO ][2016-01-06 15:40:16,009][com.java.SeleniumDriver] [  883] - DataValue : 
[INFO ][2016-01-06 15:40:16,009][com.java.SeleniumDriver] [  889] - <In Set values of the page>
[INFO ][2016-01-06 15:40:16,009][com.java.SeleniumDriver] [  892] - {Data Fields & Data Values Exist}
[INFO ][2016-01-06 15:40:16,009][com.java.SeleniumDriver] [  894] - --------------------------setting values-----------------------------
[INFO ][2016-01-06 15:40:16,009][com.java.SeleniumDriver] [  897] - Action Type : SELECTFRAME
[INFO ][2016-01-06 15:40:16,360][com.java.SeleniumDriver] [  906] -  RESULT true
[INFO ][2016-01-06 15:40:16,361][com.java.SeleniumDriver] [ 1112] - ?   P A S S   ?
[INFO ][2016-01-06 15:40:16,361][com.java.SeleniumDriver] [  832] - ------------------------------------------
[INFO ][2016-01-06 15:40:16,361][com.java.SeleniumDriver] [  833] - Test case being Executed: 6
[INFO ][2016-01-06 15:40:16,361][com.java.SeleniumDriver] [  845] - Test step:7
[INFO ][2016-01-06 15:40:16,361][com.java.SeleniumDriver] [  857] - Datavalue is----------Manage Profit Centers and Regions 
[INFO ][2016-01-06 15:40:16,361][com.java.SeleniumDriver] [  881] - DataField : MSG
[INFO ][2016-01-06 15:40:16,361][com.java.SeleniumDriver] [  883] - DataValue : Manage Profit Centers and Regions 
[INFO ][2016-01-06 15:40:16,361][com.java.SeleniumDriver] [  889] - <In Set values of the page>
[INFO ][2016-01-06 15:40:16,361][com.java.SeleniumDriver] [  892] - {Data Fields & Data Values Exist}
[INFO ][2016-01-06 15:40:16,361][com.java.SeleniumDriver] [  894] - --------------------------setting values-----------------------------
[INFO ][2016-01-06 15:40:16,361][com.java.SeleniumDriver] [  897] - Action Type : VERIFY
[INFO ][2016-01-06 15:40:16,361][com.java.TestType] [ 7191] - field= MSG value= Manage Profit Centers and Regions 
[INFO ][2016-01-06 15:40:16,362][com.java.TestType] [ 5817] - value = Manage Profit Centers and Regions 
[DEBUG][2016-01-06 15:40:16,362][com.java.TestType] [ 8012] - value :: Manage Profit Centers and Regions 
[INFO ][2016-01-06 15:40:16,451][com.java.SeleniumDriver] [  906] -  RESULT true
[INFO ][2016-01-06 15:40:16,451][com.java.SeleniumDriver] [ 1112] - ?   P A S S   ?
[INFO ][2016-01-06 15:40:16,451][com.java.SeleniumDriver] [  832] - ------------------------------------------
[INFO ][2016-01-06 15:40:16,451][com.java.SeleniumDriver] [  833] - Test case being Executed: 6
[INFO ][2016-01-06 15:40:16,452][com.java.SeleniumDriver] [  845] - Test step:8
[INFO ][2016-01-06 15:40:16,452][com.java.SeleniumDriver] [  857] - Datavalue is----------null
[DEBUG][2016-01-06 15:40:16,452][com.java.SeleniumDriver] [  875] - Exception: null
[INFO ][2016-01-06 15:40:16,452][com.java.SeleniumDriver] [  881] - DataField : LNKRegions
[INFO ][2016-01-06 15:40:16,452][com.java.SeleniumDriver] [  883] - DataValue : 
[INFO ][2016-01-06 15:40:16,452][com.java.SeleniumDriver] [  889] - <In Set values of the page>
[INFO ][2016-01-06 15:40:16,452][com.java.SeleniumDriver] [  892] - {Data Fields & Data Values Exist}
[INFO ][2016-01-06 15:40:16,452][com.java.SeleniumDriver] [  894] - --------------------------setting values-----------------------------
[INFO ][2016-01-06 15:40:16,452][com.java.SeleniumDriver] [  897] - Action Type : click
[INFO ][2016-01-06 15:40:16,452][com.java.TestType] [ 6196] - Field ::LNKRegions
[INFO ][2016-01-06 15:40:16,452][com.java.TestType] [ 5817] - value = 
[INFO ][2016-01-06 15:40:17,452][com.java.TestType] [ 6296] - BEFORE CLICK on Regions
[INFO ][2016-01-06 15:40:19,094][com.java.SeleniumDriver] [  906] -  RESULT true
[INFO ][2016-01-06 15:40:19,094][com.java.SeleniumDriver] [ 1112] - ?   P A S S   ?
[INFO ][2016-01-06 15:40:19,094][com.java.SeleniumDriver] [  832] - ------------------------------------------
[INFO ][2016-01-06 15:40:19,094][com.java.SeleniumDriver] [  833] - Test case being Executed: 6
[INFO ][2016-01-06 15:40:19,094][com.java.SeleniumDriver] [  845] - Test step:9
[INFO ][2016-01-06 15:40:19,094][com.java.SeleniumDriver] [  857] - Datavalue is----------null
[DEBUG][2016-01-06 15:40:19,094][com.java.SeleniumDriver] [  875] - Exception: null
[INFO ][2016-01-06 15:40:19,094][com.java.SeleniumDriver] [  881] - DataField : HDN//span[@class='glyphicon glyphicon-plus']
[INFO ][2016-01-06 15:40:19,095][com.java.SeleniumDriver] [  883] - DataValue : 
[INFO ][2016-01-06 15:40:19,095][com.java.SeleniumDriver] [  889] - <In Set values of the page>
[INFO ][2016-01-06 15:40:19,095][com.java.SeleniumDriver] [  892] - {Data Fields & Data Values Exist}
[INFO ][2016-01-06 15:40:19,095][com.java.SeleniumDriver] [  894] - --------------------------setting values-----------------------------
[INFO ][2016-01-06 15:40:19,095][com.java.SeleniumDriver] [  897] - Action Type : click
[INFO ][2016-01-06 15:40:19,095][com.java.TestType] [ 6196] - Field ::HDN//span[@class='glyphicon glyphicon-plus']
[INFO ][2016-01-06 15:40:19,095][com.java.TestType] [ 5817] - value = 
[INFO ][2016-01-06 15:40:20,622][com.java.SeleniumDriver] [  906] -  RESULT true
[INFO ][2016-01-06 15:40:20,622][com.java.SeleniumDriver] [ 1112] - ?   P A S S   ?
[INFO ][2016-01-06 15:40:20,622][com.java.SeleniumDriver] [  832] - ------------------------------------------
[INFO ][2016-01-06 15:40:20,622][com.java.SeleniumDriver] [  833] - Test case being Executed: 6
[INFO ][2016-01-06 15:40:20,622][com.java.SeleniumDriver] [  845] - Test step:10
[INFO ][2016-01-06 15:40:20,622][com.java.SeleniumDriver] [  857] - Datavalue is----------5
[INFO ][2016-01-06 15:40:20,622][com.java.SeleniumDriver] [  881] - DataField : XPH//div[contains(text(),'Region Name')]/input
[INFO ][2016-01-06 15:40:20,622][com.java.SeleniumDriver] [  883] - DataValue : 5
[INFO ][2016-01-06 15:40:20,622][com.java.SeleniumDriver] [  889] - <In Set values of the page>
[INFO ][2016-01-06 15:40:20,622][com.java.SeleniumDriver] [  892] - {Data Fields & Data Values Exist}
[INFO ][2016-01-06 15:40:20,622][com.java.SeleniumDriver] [  894] - --------------------------setting values-----------------------------
[INFO ][2016-01-06 15:40:20,622][com.java.SeleniumDriver] [  897] - Action Type : waitforelement
[INFO ][2016-01-06 15:40:20,723][com.java.SeleniumDriver] [  906] -  RESULT true
[INFO ][2016-01-06 15:40:20,723][com.java.SeleniumDriver] [ 1112] - ?   P A S S   ?
[INFO ][2016-01-06 15:40:20,723][com.java.SeleniumDriver] [  832] - ------------------------------------------
[INFO ][2016-01-06 15:40:20,723][com.java.SeleniumDriver] [  833] - Test case being Executed: 6
[INFO ][2016-01-06 15:40:20,723][com.java.SeleniumDriver] [  845] - Test step:11
[INFO ][2016-01-06 15:40:20,723][com.java.SeleniumDriver] [  857] - Datavalue is----------5
[INFO ][2016-01-06 15:40:20,723][com.java.SeleniumDriver] [  881] - DataField : XPH//div[contains(text(),'Available Centers')]/select/script[1]
[INFO ][2016-01-06 15:40:20,724][com.java.SeleniumDriver] [  883] - DataValue : 5
[INFO ][2016-01-06 15:40:20,724][com.java.SeleniumDriver] [  889] - <In Set values of the page>
[INFO ][2016-01-06 15:40:20,724][com.java.SeleniumDriver] [  892] - {Data Fields & Data Values Exist}
[INFO ][2016-01-06 15:40:20,724][com.java.SeleniumDriver] [  894] - --------------------------setting values-----------------------------
[INFO ][2016-01-06 15:40:20,724][com.java.SeleniumDriver] [  897] - Action Type : waitforelement
[INFO ][2016-01-06 15:40:20,821][com.java.SeleniumDriver] [  906] -  RESULT true
[INFO ][2016-01-06 15:40:20,824][com.java.SeleniumDriver] [ 1112] - ?   P A S S   ?
[INFO ][2016-01-06 15:40:20,824][com.java.SeleniumDriver] [  832] - ------------------------------------------
[INFO ][2016-01-06 15:40:20,824][com.java.SeleniumDriver] [  833] - Test case being Executed: 6
[INFO ][2016-01-06 15:40:20,824][com.java.SeleniumDriver] [  845] - Test step:12
[INFO ][2016-01-06 15:40:20,824][com.java.SeleniumDriver] [  857] - Datavalue is----------RNDVLTest
[INFO ][2016-01-06 15:40:20,824][com.java.SeleniumDriver] [  881] - DataField : TXT//div[contains(text(),'Region Name')]/input
[INFO ][2016-01-06 15:40:20,824][com.java.SeleniumDriver] [  883] - DataValue : RNDVLTest
[INFO ][2016-01-06 15:40:20,824][com.java.SeleniumDriver] [  889] - <In Set values of the page>
[INFO ][2016-01-06 15:40:20,824][com.java.SeleniumDriver] [  892] - {Data Fields & Data Values Exist}
[INFO ][2016-01-06 15:40:20,825][com.java.SeleniumDriver] [  894] - --------------------------setting values-----------------------------
[INFO ][2016-01-06 15:40:20,825][com.java.SeleniumDriver] [  897] - Action Type : clearandenter
[INFO ][2016-01-06 15:40:20,825][com.java.TestType] [ 5817] - value = VLTest88789
[INFO ][2016-01-06 15:40:21,832][com.java.SeleniumDriver] [  906] -  RESULT true
[INFO ][2016-01-06 15:40:21,833][com.java.SeleniumDriver] [ 1112] - ?   P A S S   ?
[INFO ][2016-01-06 15:40:21,833][com.java.SeleniumDriver] [  832] - ------------------------------------------
[INFO ][2016-01-06 15:40:21,833][com.java.SeleniumDriver] [  833] - Test case being Executed: 6
[INFO ][2016-01-06 15:40:21,833][com.java.SeleniumDriver] [  845] - Test step:13
[INFO ][2016-01-06 15:40:21,833][com.java.SeleniumDriver] [  857] - Datavalue is----------2
[INFO ][2016-01-06 15:40:21,833][com.java.SeleniumDriver] [  881] - DataField : test
[INFO ][2016-01-06 15:40:21,833][com.java.SeleniumDriver] [  883] - DataValue : 2
[INFO ][2016-01-06 15:40:21,833][com.java.SeleniumDriver] [  889] - <In Set values of the page>
[INFO ][2016-01-06 15:40:21,833][com.java.SeleniumDriver] [  892] - {Data Fields & Data Values Exist}
[INFO ][2016-01-06 15:40:21,833][com.java.SeleniumDriver] [  894] - --------------------------setting values-----------------------------
[INFO ][2016-01-06 15:40:21,833][com.java.SeleniumDriver] [  897] - Action Type : WaitTime
[DEBUG][2016-01-06 15:40:21,833][com.java.TestType] [ 5637] - sleepTime: 2000
[INFO ][2016-01-06 15:40:23,833][com.java.SeleniumDriver] [  906] -  RESULT true
[INFO ][2016-01-06 15:40:23,833][com.java.SeleniumDriver] [ 1112] - ?   P A S S   ?
[INFO ][2016-01-06 15:40:23,833][com.java.SeleniumDriver] [  832] - ------------------------------------------
[INFO ][2016-01-06 15:40:23,833][com.java.SeleniumDriver] [  833] - Test case being Executed: 6
[INFO ][2016-01-06 15:40:23,833][com.java.SeleniumDriver] [  845] - Test step:14
[INFO ][2016-01-06 15:40:23,833][com.java.SeleniumDriver] [  857] - Datavalue is----------enteredtext
[INFO ][2016-01-06 15:40:23,833][com.java.SeleniumDriver] [  881] - DataField : TXT//div[contains(text(),'Region Name')]/input
[INFO ][2016-01-06 15:40:23,833][com.java.SeleniumDriver] [  883] - DataValue : enteredtext
[INFO ][2016-01-06 15:40:23,833][com.java.SeleniumDriver] [  889] - <In Set values of the page>
[INFO ][2016-01-06 15:40:23,833][com.java.SeleniumDriver] [  892] - {Data Fields & Data Values Exist}
[INFO ][2016-01-06 15:40:23,833][com.java.SeleniumDriver] [  894] - --------------------------setting values-----------------------------
[INFO ][2016-01-06 15:40:23,833][com.java.SeleniumDriver] [  897] - Action Type : storevalue
[INFO ][2016-01-06 15:40:23,834][com.java.TestType] [ 8534] - field= TXT//div[contains(text(),'Region Name')]/input
[DEBUG][2016-01-06 15:40:24,006][com.java.TestType] [ 8548] - Key:: enteredtext  Value:: VLTest88789
[INFO ][2016-01-06 15:40:24,006][com.java.SeleniumDriver] [  906] -  RESULT true
[INFO ][2016-01-06 15:40:24,006][com.java.SeleniumDriver] [ 1112] - ?   P A S S   ?
[INFO ][2016-01-06 15:40:24,006][com.java.SeleniumDriver] [  832] - ------------------------------------------
[INFO ][2016-01-06 15:40:24,006][com.java.SeleniumDriver] [  833] - Test case being Executed: 6
[INFO ][2016-01-06 15:40:24,007][com.java.SeleniumDriver] [  845] - Test step:15
[INFO ][2016-01-06 15:40:24,007][com.java.SeleniumDriver] [  857] - Datavalue is----------null
[DEBUG][2016-01-06 15:40:24,007][com.java.SeleniumDriver] [  875] - Exception: null
[INFO ][2016-01-06 15:40:24,007][com.java.SeleniumDriver] [  881] - DataField : XPH//div[contains(text(),'Available Centers')]/select/option[1]
[INFO ][2016-01-06 15:40:24,007][com.java.SeleniumDriver] [  883] - DataValue : 
[INFO ][2016-01-06 15:40:24,007][com.java.SeleniumDriver] [  889] - <In Set values of the page>
[INFO ][2016-01-06 15:40:24,007][com.java.SeleniumDriver] [  892] - {Data Fields & Data Values Exist}
[INFO ][2016-01-06 15:40:24,007][com.java.SeleniumDriver] [  894] - --------------------------setting values-----------------------------
[INFO ][2016-01-06 15:40:24,007][com.java.SeleniumDriver] [  897] - Action Type : click
[INFO ][2016-01-06 15:40:24,007][com.java.TestType] [ 6196] - Field ::XPH//div[contains(text(),'Available Centers')]/select/option[1]
[INFO ][2016-01-06 15:40:24,007][com.java.TestType] [ 5817] - value = 
[INFO ][2016-01-06 15:40:25,007][com.java.TestType] [ 6333] - BEFORE CLICK
[INFO ][2016-01-06 15:40:25,923][com.java.TestType] [ 6341] - Unable to click the object Select a profitcenter
[INFO ][2016-01-06 15:40:25,923][com.java.SeleniumDriver] [  906] -  RESULT true
[INFO ][2016-01-06 15:40:25,923][com.java.SeleniumDriver] [ 1112] - ?   P A S S   ?
[INFO ][2016-01-06 15:40:25,923][com.java.SeleniumDriver] [  832] - ------------------------------------------
[INFO ][2016-01-06 15:40:25,923][com.java.SeleniumDriver] [  833] - Test case being Executed: 6
[INFO ][2016-01-06 15:40:25,923][com.java.SeleniumDriver] [  845] - Test step:16
[INFO ][2016-01-06 15:40:25,923][com.java.SeleniumDriver] [  857] - Datavalue is----------null
[DEBUG][2016-01-06 15:40:25,925][com.java.SeleniumDriver] [  875] - Exception: null
[INFO ][2016-01-06 15:40:25,925][com.java.SeleniumDriver] [  881] - DataField : HDN//span[@class='glyphicon glyphicon-chevron-left']
[INFO ][2016-01-06 15:40:25,925][com.java.SeleniumDriver] [  883] - DataValue : 
[INFO ][2016-01-06 15:40:25,925][com.java.SeleniumDriver] [  889] - <In Set values of the page>
[INFO ][2016-01-06 15:40:25,925][com.java.SeleniumDriver] [  892] - {Data Fields & Data Values Exist}
[INFO ][2016-01-06 15:40:25,925][com.java.SeleniumDriver] [  894] - --------------------------setting values-----------------------------
[INFO ][2016-01-06 15:40:25,925][com.java.SeleniumDriver] [  897] - Action Type : click
[INFO ][2016-01-06 15:40:25,925][com.java.TestType] [ 6196] - Field ::HDN//span[@class='glyphicon glyphicon-chevron-left']
[INFO ][2016-01-06 15:40:25,926][com.java.TestType] [ 5817] - value = 
[INFO ][2016-01-06 15:40:27,188][com.java.SeleniumDriver] [  906] -  RESULT true
[INFO ][2016-01-06 15:40:27,189][com.java.SeleniumDriver] [ 1112] - ?   P A S S   ?
[INFO ][2016-01-06 15:40:27,189][com.java.SeleniumDriver] [  832] - ------------------------------------------
[INFO ][2016-01-06 15:40:27,189][com.java.SeleniumDriver] [  833] - Test case being Executed: 6
[INFO ][2016-01-06 15:40:27,189][com.java.SeleniumDriver] [  845] - Test step:17
[INFO ][2016-01-06 15:40:27,189][com.java.SeleniumDriver] [  857] - Datavalue is----------null
[DEBUG][2016-01-06 15:40:27,189][com.java.SeleniumDriver] [  875] - Exception: null
[INFO ][2016-01-06 15:40:27,189][com.java.SeleniumDriver] [  881] - DataField : XPH//div[contains(text(),'Available Centers')]/select/option[2]
[INFO ][2016-01-06 15:40:27,189][com.java.SeleniumDriver] [  883] - DataValue : 
[INFO ][2016-01-06 15:40:27,189][com.java.SeleniumDriver] [  889] - <In Set values of the page>
[INFO ][2016-01-06 15:40:27,189][com.java.SeleniumDriver] [  892] - {Data Fields & Data Values Exist}
[INFO ][2016-01-06 15:40:27,189][com.java.SeleniumDriver] [  894] - --------------------------setting values-----------------------------
[INFO ][2016-01-06 15:40:27,189][com.java.SeleniumDriver] [  897] - Action Type : click
[INFO ][2016-01-06 15:40:27,190][com.java.TestType] [ 6196] - Field ::XPH//div[contains(text(),'Available Centers')]/select/option[2]
[INFO ][2016-01-06 15:40:27,190][com.java.TestType] [ 5817] - value = 
[INFO ][2016-01-06 15:40:28,190][com.java.TestType] [ 6333] - BEFORE CLICK
[INFO ][2016-01-06 15:40:29,050][com.java.TestType] [ 6341] - Unable to click the object Select a profitcenter
[INFO ][2016-01-06 15:40:29,050][com.java.SeleniumDriver] [  906] -  RESULT true
[INFO ][2016-01-06 15:40:29,050][com.java.SeleniumDriver] [ 1112] - ?   P A S S   ?
[INFO ][2016-01-06 15:40:29,050][com.java.SeleniumDriver] [  832] - ------------------------------------------
[INFO ][2016-01-06 15:40:29,050][com.java.SeleniumDriver] [  833] - Test case being Executed: 6
[INFO ][2016-01-06 15:40:29,050][com.java.SeleniumDriver] [  845] - Test step:18
[INFO ][2016-01-06 15:40:29,050][com.java.SeleniumDriver] [  857] - Datavalue is----------null
[DEBUG][2016-01-06 15:40:29,052][com.java.SeleniumDriver] [  875] - Exception: null
[INFO ][2016-01-06 15:40:29,052][com.java.SeleniumDriver] [  881] - DataField : HDN//span[@class='glyphicon glyphicon-chevron-left']
[INFO ][2016-01-06 15:40:29,052][com.java.SeleniumDriver] [  883] - DataValue : 
[INFO ][2016-01-06 15:40:29,052][com.java.SeleniumDriver] [  889] - <In Set values of the page>
[INFO ][2016-01-06 15:40:29,052][com.java.SeleniumDriver] [  892] - {Data Fields & Data Values Exist}
[INFO ][2016-01-06 15:40:29,052][com.java.SeleniumDriver] [  894] - --------------------------setting values-----------------------------
[INFO ][2016-01-06 15:40:29,052][com.java.SeleniumDriver] [  897] - Action Type : click
[INFO ][2016-01-06 15:40:29,052][com.java.TestType] [ 6196] - Field ::HDN//span[@class='glyphicon glyphicon-chevron-left']
[INFO ][2016-01-06 15:40:29,053][com.java.TestType] [ 5817] - value = 
[INFO ][2016-01-06 15:40:30,305][com.java.SeleniumDriver] [  906] -  RESULT true
[INFO ][2016-01-06 15:40:30,305][com.java.SeleniumDriver] [ 1112] - ?   P A S S   ?
[INFO ][2016-01-06 15:40:30,305][com.java.SeleniumDriver] [  832] - ------------------------------------------
[INFO ][2016-01-06 15:40:30,305][com.java.SeleniumDriver] [  833] - Test case being Executed: 6
[INFO ][2016-01-06 15:40:30,305][com.java.SeleniumDriver] [  845] - Test step:19
[INFO ][2016-01-06 15:40:30,305][com.java.SeleniumDriver] [  857] - Datavalue is----------null
[DEBUG][2016-01-06 15:40:30,305][com.java.SeleniumDriver] [  875] - Exception: null
[INFO ][2016-01-06 15:40:30,305][com.java.SeleniumDriver] [  881] - DataField : XPH//button[contains(text(),'Save')]
[INFO ][2016-01-06 15:40:30,305][com.java.SeleniumDriver] [  883] - DataValue : 
[INFO ][2016-01-06 15:40:30,305][com.java.SeleniumDriver] [  889] - <In Set values of the page>
[INFO ][2016-01-06 15:40:30,305][com.java.SeleniumDriver] [  892] - {Data Fields & Data Values Exist}
[INFO ][2016-01-06 15:40:30,305][com.java.SeleniumDriver] [  894] - --------------------------setting values-----------------------------
[INFO ][2016-01-06 15:40:30,306][com.java.SeleniumDriver] [  897] - Action Type : clickwithalert
[INFO ][2016-01-06 15:40:32,873][com.java.SeleniumDriver] [  906] -  RESULT true
[INFO ][2016-01-06 15:40:32,873][com.java.SeleniumDriver] [ 1112] - ?   P A S S   ?
[INFO ][2016-01-06 15:40:32,873][com.java.SeleniumDriver] [  832] - ------------------------------------------
[INFO ][2016-01-06 15:40:32,873][com.java.SeleniumDriver] [  833] - Test case being Executed: 6
[INFO ][2016-01-06 15:40:32,873][com.java.SeleniumDriver] [  845] - Test step:20
[INFO ][2016-01-06 15:40:32,873][com.java.SeleniumDriver] [  857] - Datavalue is----------10
[INFO ][2016-01-06 15:40:32,873][com.java.SeleniumDriver] [  881] - DataField : XPH//select[@class="form-control input-sm"]
[INFO ][2016-01-06 15:40:32,874][com.java.SeleniumDriver] [  883] - DataValue : 10
[INFO ][2016-01-06 15:40:32,874][com.java.SeleniumDriver] [  889] - <In Set values of the page>
[INFO ][2016-01-06 15:40:32,874][com.java.SeleniumDriver] [  892] - {Data Fields & Data Values Exist}
[INFO ][2016-01-06 15:40:32,874][com.java.SeleniumDriver] [  894] - --------------------------setting values-----------------------------
[INFO ][2016-01-06 15:40:32,874][com.java.SeleniumDriver] [  897] - Action Type : waitforelement
[INFO ][2016-01-06 15:40:32,913][com.java.SeleniumDriver] [  906] -  RESULT true
[INFO ][2016-01-06 15:40:32,914][com.java.SeleniumDriver] [ 1112] - ?   P A S S   ?
[INFO ][2016-01-06 15:40:32,914][com.java.SeleniumDriver] [  832] - ------------------------------------------
[INFO ][2016-01-06 15:40:32,914][com.java.SeleniumDriver] [  833] - Test case being Executed: 6
[INFO ][2016-01-06 15:40:32,914][com.java.SeleniumDriver] [  845] - Test step:21
[INFO ][2016-01-06 15:40:32,914][com.java.SeleniumDriver] [  857] - Datavalue is----------All
[INFO ][2016-01-06 15:40:32,914][com.java.SeleniumDriver] [  881] - DataField : SLB//select[@class="form-control input-sm"]
[INFO ][2016-01-06 15:40:32,914][com.java.SeleniumDriver] [  883] - DataValue : All
[INFO ][2016-01-06 15:40:32,914][com.java.SeleniumDriver] [  889] - <In Set values of the page>
[INFO ][2016-01-06 15:40:32,914][com.java.SeleniumDriver] [  892] - {Data Fields & Data Values Exist}
[INFO ][2016-01-06 15:40:32,914][com.java.SeleniumDriver] [  894] - --------------------------setting values-----------------------------
[INFO ][2016-01-06 15:40:32,914][com.java.SeleniumDriver] [  897] - Action Type : SELECT
[INFO ][2016-01-06 15:40:32,914][com.java.TestType] [ 5817] - value = All
[INFO ][2016-01-06 15:40:33,209][com.java.SeleniumDriver] [  906] -  RESULT true
[INFO ][2016-01-06 15:40:33,209][com.java.SeleniumDriver] [ 1112] - ?   P A S S   ?
[INFO ][2016-01-06 15:40:33,209][com.java.SeleniumDriver] [  832] - ------------------------------------------
[INFO ][2016-01-06 15:40:33,209][com.java.SeleniumDriver] [  833] - Test case being Executed: 6
[INFO ][2016-01-06 15:40:33,209][com.java.SeleniumDriver] [  845] - Test step:22
[INFO ][2016-01-06 15:40:33,209][com.java.SeleniumDriver] [  857] - Datavalue is----------HMVenteredtext
[INFO ][2016-01-06 15:40:33,209][com.java.SeleniumDriver] [  881] - DataField : MSG
[INFO ][2016-01-06 15:40:33,209][com.java.SeleniumDriver] [  883] - DataValue : HMVenteredtext
[INFO ][2016-01-06 15:40:33,209][com.java.SeleniumDriver] [  889] - <In Set values of the page>
[INFO ][2016-01-06 15:40:33,209][com.java.SeleniumDriver] [  892] - {Data Fields & Data Values Exist}
[INFO ][2016-01-06 15:40:33,209][com.java.SeleniumDriver] [  894] - --------------------------setting values-----------------------------
[INFO ][2016-01-06 15:40:33,209][com.java.SeleniumDriver] [  897] - Action Type : VERIFY
[INFO ][2016-01-06 15:40:33,209][com.java.TestType] [ 7191] - field= MSG value= HMVenteredtext
[INFO ][2016-01-06 15:40:33,210][com.java.TestType] [ 5817] - value = VLTest88789
[DEBUG][2016-01-06 15:40:33,210][com.java.TestType] [ 8012] - value :: VLTest88789
[INFO ][2016-01-06 15:40:33,237][com.java.SeleniumDriver] [  906] -  RESULT true
[INFO ][2016-01-06 15:40:33,238][com.java.SeleniumDriver] [ 1112] - ?   P A S S   ?
[INFO ][2016-01-06 15:40:33,238][com.java.SeleniumDriver] [  832] - ------------------------------------------
[INFO ][2016-01-06 15:40:33,238][com.java.SeleniumDriver] [  833] - Test case being Executed: 6
[INFO ][2016-01-06 15:40:33,238][com.java.SeleniumDriver] [  845] - Test step:23
[INFO ][2016-01-06 15:40:33,238][com.java.SeleniumDriver] [  857] - Datavalue is----------null
[DEBUG][2016-01-06 15:40:33,238][com.java.SeleniumDriver] [  875] - Exception: null
[INFO ][2016-01-06 15:40:33,238][com.java.SeleniumDriver] [  881] - DataField : BTNparent
[INFO ][2016-01-06 15:40:33,238][com.java.SeleniumDriver] [  883] - DataValue : 
[INFO ][2016-01-06 15:40:33,238][com.java.SeleniumDriver] [  889] - <In Set values of the page>
[INFO ][2016-01-06 15:40:33,238][com.java.SeleniumDriver] [  892] - {Data Fields & Data Values Exist}
[INFO ][2016-01-06 15:40:33,238][com.java.SeleniumDriver] [  894] - --------------------------setting values-----------------------------
[INFO ][2016-01-06 15:40:33,238][com.java.SeleniumDriver] [  897] - Action Type : SELECTFRAME
[INFO ][2016-01-06 15:40:33,253][com.java.SeleniumDriver] [  906] -  RESULT true
[INFO ][2016-01-06 15:40:33,253][com.java.SeleniumDriver] [ 1112] - ?   P A S S   ?
[INFO ][2016-01-06 15:40:33,253][com.java.SeleniumDriver] [  832] - ------------------------------------------
[INFO ][2016-01-06 15:40:33,253][com.java.SeleniumDriver] [  833] - Test case being Executed: 6
[INFO ][2016-01-06 15:40:33,253][com.java.SeleniumDriver] [  845] - Test step:24
[INFO ][2016-01-06 15:40:33,253][com.java.SeleniumDriver] [  857] - Datavalue is----------null
[DEBUG][2016-01-06 15:40:33,253][com.java.SeleniumDriver] [  875] - Exception: null
[INFO ][2016-01-06 15:40:33,254][com.java.SeleniumDriver] [  881] - DataField : BTNcloseAllTabs
[INFO ][2016-01-06 15:40:33,254][com.java.SeleniumDriver] [  883] - DataValue : 
[INFO ][2016-01-06 15:40:33,254][com.java.SeleniumDriver] [  889] - <In Set values of the page>
[INFO ][2016-01-06 15:40:33,254][com.java.SeleniumDriver] [  892] - {Data Fields & Data Values Exist}
[INFO ][2016-01-06 15:40:33,254][com.java.SeleniumDriver] [  894] - --------------------------setting values-----------------------------
[INFO ][2016-01-06 15:40:33,254][com.java.SeleniumDriver] [  897] - Action Type : CLICK
[INFO ][2016-01-06 15:40:33,254][com.java.TestType] [ 6196] - Field ::BTNcloseAllTabs
[INFO ][2016-01-06 15:40:33,254][com.java.TestType] [ 5817] - value = 
[INFO ][2016-01-06 15:40:34,254][com.java.TestType] [ 6312] - BEFORE CLICK
[INFO ][2016-01-06 15:40:36,236][com.java.TestType] [ 6319] - Unable to click the object Close all tabs button
[INFO ][2016-01-06 15:40:36,237][com.java.SeleniumDriver] [  906] -  RESULT true
[INFO ][2016-01-06 15:40:36,237][com.java.SeleniumDriver] [ 1112] - ?   P A S S   ?
[INFO ][2016-01-06 15:40:36,237][com.java.SeleniumDriver] [  832] - ------------------------------------------
[INFO ][2016-01-06 15:40:36,237][com.java.SeleniumDriver] [  833] - Test case being Executed: 6
[INFO ][2016-01-06 15:40:36,237][com.java.SeleniumDriver] [  845] - Test step:25
[INFO ][2016-01-06 15:40:36,237][com.java.SeleniumDriver] [  857] - Datavalue is----------10
[INFO ][2016-01-06 15:40:36,237][com.java.SeleniumDriver] [  881] - DataField : XPH//div[contains(text(), 'My Dashboard')]
[INFO ][2016-01-06 15:40:36,237][com.java.SeleniumDriver] [  883] - DataValue : 10
[INFO ][2016-01-06 15:40:36,237][com.java.SeleniumDriver] [  889] - <In Set values of the page>
[INFO ][2016-01-06 15:40:36,237][com.java.SeleniumDriver] [  892] - {Data Fields & Data Values Exist}
[INFO ][2016-01-06 15:40:36,237][com.java.SeleniumDriver] [  894] - --------------------------setting values-----------------------------
[INFO ][2016-01-06 15:40:36,237][com.java.SeleniumDriver] [  897] - Action Type : WAITFORELEMENT
[INFO ][2016-01-06 15:40:36,396][com.java.SeleniumDriver] [  906] -  RESULT true
[INFO ][2016-01-06 15:40:36,396][com.java.SeleniumDriver] [ 1112] - ?   P A S S   ?
[INFO ][2016-01-06 15:40:36,396][com.java.SeleniumDriver] [  832] - ------------------------------------------
[INFO ][2016-01-06 15:40:36,396][com.java.SeleniumDriver] [  833] - Test case being Executed: 6
[INFO ][2016-01-06 15:40:36,397][com.java.SeleniumDriver] [  845] - Test step:26
[INFO ][2016-01-06 15:40:36,397][com.java.SeleniumDriver] [  857] - Datavalue is----------null
[DEBUG][2016-01-06 15:40:36,397][com.java.SeleniumDriver] [  875] - Exception: null
[INFO ][2016-01-06 15:40:36,397][com.java.SeleniumDriver] [  881] - DataField : //span[@class="icon-coin"]&&//a[text()='Balance Sheet']&&//a[@data-id="BSCompare"]
[INFO ][2016-01-06 15:40:36,397][com.java.SeleniumDriver] [  883] - DataValue : 
[INFO ][2016-01-06 15:40:36,397][com.java.SeleniumDriver] [  889] - <In Set values of the page>
[INFO ][2016-01-06 15:40:36,397][com.java.SeleniumDriver] [  892] - {Data Fields & Data Values Exist}
[INFO ][2016-01-06 15:40:36,397][com.java.SeleniumDriver] [  894] - --------------------------setting values-----------------------------
[INFO ][2016-01-06 15:40:36,397][com.java.SeleniumDriver] [  897] - Action Type : mouseover
[INFO ][2016-01-06 15:41:04,107][com.java.SeleniumDriver] [  906] -  RESULT true
[INFO ][2016-01-06 15:41:04,107][com.java.SeleniumDriver] [ 1112] - ?   P A S S   ?
[INFO ][2016-01-06 15:41:04,107][com.java.SeleniumDriver] [  832] - ------------------------------------------
[INFO ][2016-01-06 15:41:04,107][com.java.SeleniumDriver] [  833] - Test case being Executed: 6
[INFO ][2016-01-06 15:41:04,107][com.java.SeleniumDriver] [  845] - Test step:27
[INFO ][2016-01-06 15:41:04,107][com.java.SeleniumDriver] [  857] - Datavalue is----------5
[INFO ][2016-01-06 15:41:04,107][com.java.SeleniumDriver] [  881] - DataField : BTNframeDialogContent
[INFO ][2016-01-06 15:41:04,107][com.java.SeleniumDriver] [  883] - DataValue : 5
[INFO ][2016-01-06 15:41:04,107][com.java.SeleniumDriver] [  889] - <In Set values of the page>
[INFO ][2016-01-06 15:41:04,107][com.java.SeleniumDriver] [  892] - {Data Fields & Data Values Exist}
[INFO ][2016-01-06 15:41:04,107][com.java.SeleniumDriver] [  894] - --------------------------setting values-----------------------------
[INFO ][2016-01-06 15:41:04,107][com.java.SeleniumDriver] [  897] - Action Type : waitforelement
[INFO ][2016-01-06 15:41:05,368][com.java.SeleniumDriver] [  906] -  RESULT true
[INFO ][2016-01-06 15:41:05,368][com.java.SeleniumDriver] [ 1112] - ?   P A S S   ?
[INFO ][2016-01-06 15:41:05,368][com.java.SeleniumDriver] [  832] - ------------------------------------------
[INFO ][2016-01-06 15:41:05,368][com.java.SeleniumDriver] [  833] - Test case being Executed: 6
[INFO ][2016-01-06 15:41:05,368][com.java.SeleniumDriver] [  845] - Test step:28
[INFO ][2016-01-06 15:41:05,368][com.java.SeleniumDriver] [  857] - Datavalue is----------null
[DEBUG][2016-01-06 15:41:05,368][com.java.SeleniumDriver] [  875] - Exception: null
[INFO ][2016-01-06 15:41:05,368][com.java.SeleniumDriver] [  881] - DataField : BTNframeDialogContent
[INFO ][2016-01-06 15:41:05,368][com.java.SeleniumDriver] [  883] - DataValue : 
[INFO ][2016-01-06 15:41:05,368][com.java.SeleniumDriver] [  889] - <In Set values of the page>
[INFO ][2016-01-06 15:41:05,368][com.java.SeleniumDriver] [  892] - {Data Fields & Data Values Exist}
[INFO ][2016-01-06 15:41:05,368][com.java.SeleniumDriver] [  894] - --------------------------setting values-----------------------------
[INFO ][2016-01-06 15:41:05,369][com.java.SeleniumDriver] [  897] - Action Type : SELECTFRAME
[INFO ][2016-01-06 15:41:06,690][com.java.SeleniumDriver] [  906] -  RESULT true
[INFO ][2016-01-06 15:41:06,690][com.java.SeleniumDriver] [ 1112] - ?   P A S S   ?
[INFO ][2016-01-06 15:41:06,691][com.java.SeleniumDriver] [  832] - ------------------------------------------
[INFO ][2016-01-06 15:41:06,691][com.java.SeleniumDriver] [  833] - Test case being Executed: 6
[INFO ][2016-01-06 15:41:06,691][com.java.SeleniumDriver] [  845] - Test step:29
[INFO ][2016-01-06 15:41:06,691][com.java.SeleniumDriver] [  857] - Datavalue is----------HMVenteredtext
[INFO ][2016-01-06 15:41:06,691][com.java.SeleniumDriver] [  881] - DataField : SLBddlProfitCenter
[INFO ][2016-01-06 15:41:06,691][com.java.SeleniumDriver] [  883] - DataValue : HMVenteredtext
[INFO ][2016-01-06 15:41:06,691][com.java.SeleniumDriver] [  889] - <In Set values of the page>
[INFO ][2016-01-06 15:41:06,691][com.java.SeleniumDriver] [  892] - {Data Fields & Data Values Exist}
[INFO ][2016-01-06 15:41:06,691][com.java.SeleniumDriver] [  894] - --------------------------setting values-----------------------------
[INFO ][2016-01-06 15:41:06,691][com.java.SeleniumDriver] [  897] - Action Type : SELECT
[INFO ][2016-01-06 15:41:06,691][com.java.TestType] [ 5817] - value = VLTest88789
[INFO ][2016-01-06 15:41:09,056][com.java.SeleniumDriver] [  906] -  RESULT true
[INFO ][2016-01-06 15:41:09,057][com.java.SeleniumDriver] [ 1112] - ?   P A S S   ?
[INFO ][2016-01-06 15:41:09,057][com.java.SeleniumDriver] [  832] - ------------------------------------------
[INFO ][2016-01-06 15:41:09,057][com.java.SeleniumDriver] [  833] - Test case being Executed: 6
[INFO ][2016-01-06 15:41:09,057][com.java.SeleniumDriver] [  845] - Test step:30
[INFO ][2016-01-06 15:41:09,057][com.java.SeleniumDriver] [  857] - Datavalue is----------null
[DEBUG][2016-01-06 15:41:09,057][com.java.SeleniumDriver] [  875] - Exception: null
[INFO ][2016-01-06 15:41:09,057][com.java.SeleniumDriver] [  881] - DataField : BTNparent
[INFO ][2016-01-06 15:41:09,057][com.java.SeleniumDriver] [  883] - DataValue : 
[INFO ][2016-01-06 15:41:09,057][com.java.SeleniumDriver] [  889] - <In Set values of the page>
[INFO ][2016-01-06 15:41:09,057][com.java.SeleniumDriver] [  892] - {Data Fields & Data Values Exist}
[INFO ][2016-01-06 15:41:09,057][com.java.SeleniumDriver] [  894] - --------------------------setting values-----------------------------
[INFO ][2016-01-06 15:41:09,057][com.java.SeleniumDriver] [  897] - Action Type : SELECTFRAME
[INFO ][2016-01-06 15:41:09,085][com.java.SeleniumDriver] [  906] -  RESULT true
[INFO ][2016-01-06 15:41:09,085][com.java.SeleniumDriver] [ 1112] - ?   P A S S   ?
[INFO ][2016-01-06 15:41:09,085][com.java.SeleniumDriver] [  832] - ------------------------------------------
[INFO ][2016-01-06 15:41:09,085][com.java.SeleniumDriver] [  833] - Test case being Executed: 6
[INFO ][2016-01-06 15:41:09,085][com.java.SeleniumDriver] [  845] - Test step:31
[INFO ][2016-01-06 15:41:09,085][com.java.SeleniumDriver] [  857] - Datavalue is----------null
[DEBUG][2016-01-06 15:41:09,085][com.java.SeleniumDriver] [  875] - Exception: null
[INFO ][2016-01-06 15:41:09,085][com.java.SeleniumDriver] [  881] - DataField : XPH//span[contains(text(),'Show Report')]
[INFO ][2016-01-06 15:41:09,085][com.java.SeleniumDriver] [  883] - DataValue : 
[INFO ][2016-01-06 15:41:09,085][com.java.SeleniumDriver] [  889] - <In Set values of the page>
[INFO ][2016-01-06 15:41:09,085][com.java.SeleniumDriver] [  892] - {Data Fields & Data Values Exist}
[INFO ][2016-01-06 15:41:09,085][com.java.SeleniumDriver] [  894] - --------------------------setting values-----------------------------
[INFO ][2016-01-06 15:41:09,085][com.java.SeleniumDriver] [  897] - Action Type : click
[INFO ][2016-01-06 15:41:09,086][com.java.TestType] [ 6196] - Field ::XPH//span[contains(text(),'Show Report')]
[INFO ][2016-01-06 15:41:09,086][com.java.TestType] [ 5817] - value = 
[INFO ][2016-01-06 15:41:10,086][com.java.TestType] [ 6333] - BEFORE CLICK
[INFO ][2016-01-06 15:41:11,141][com.java.TestType] [ 6341] - Unable to click the object Show Report button
[INFO ][2016-01-06 15:41:11,141][com.java.SeleniumDriver] [  906] -  RESULT true
[INFO ][2016-01-06 15:41:11,141][com.java.SeleniumDriver] [ 1112] - ?   P A S S   ?
[INFO ][2016-01-06 15:41:11,141][com.java.SeleniumDriver] [  832] - ------------------------------------------
[INFO ][2016-01-06 15:41:11,141][com.java.SeleniumDriver] [  833] - Test case being Executed: 6
[INFO ][2016-01-06 15:41:11,141][com.java.SeleniumDriver] [  845] - Test step:32
[INFO ][2016-01-06 15:41:11,141][com.java.SeleniumDriver] [  857] - Datavalue is----------3
[INFO ][2016-01-06 15:41:11,141][com.java.SeleniumDriver] [  881] - DataField : XPH//img[@id='loading']
[INFO ][2016-01-06 15:41:11,141][com.java.SeleniumDriver] [  883] - DataValue : 3
[INFO ][2016-01-06 15:41:11,141][com.java.SeleniumDriver] [  889] - <In Set values of the page>
[INFO ][2016-01-06 15:41:11,141][com.java.SeleniumDriver] [  892] - {Data Fields & Data Values Exist}
[INFO ][2016-01-06 15:41:11,141][com.java.SeleniumDriver] [  894] - --------------------------setting values-----------------------------
[INFO ][2016-01-06 15:41:11,141][com.java.SeleniumDriver] [  897] - Action Type : WaitForElement
[INFO ][2016-01-06 15:41:11,181][com.java.SeleniumDriver] [  906] -  RESULT true
[INFO ][2016-01-06 15:41:11,181][com.java.SeleniumDriver] [ 1112] - ?   P A S S   ?
[INFO ][2016-01-06 15:41:11,181][com.java.SeleniumDriver] [  832] - ------------------------------------------
[INFO ][2016-01-06 15:41:11,181][com.java.SeleniumDriver] [  833] - Test case being Executed: 6
[INFO ][2016-01-06 15:41:11,181][com.java.SeleniumDriver] [  845] - Test step:33
[INFO ][2016-01-06 15:41:11,181][com.java.SeleniumDriver] [  857] - Datavalue is----------120
[INFO ][2016-01-06 15:41:11,181][com.java.SeleniumDriver] [  881] - DataField : XPH//img[@id='loading']
[INFO ][2016-01-06 15:41:11,182][com.java.SeleniumDriver] [  883] - DataValue : 120
[INFO ][2016-01-06 15:41:11,182][com.java.SeleniumDriver] [  889] - <In Set values of the page>
[INFO ][2016-01-06 15:41:11,182][com.java.SeleniumDriver] [  892] - {Data Fields & Data Values Exist}
[INFO ][2016-01-06 15:41:11,182][com.java.SeleniumDriver] [  894] - --------------------------setting values-----------------------------
[INFO ][2016-01-06 15:41:11,182][com.java.SeleniumDriver] [  897] - Action Type : waitForElementNotPresent
[INFO ][2016-01-06 15:41:14,549][com.java.SeleniumDriver] [  906] -  RESULT true
[INFO ][2016-01-06 15:41:14,549][com.java.SeleniumDriver] [ 1112] - ?   P A S S   ?
[INFO ][2016-01-06 15:41:14,549][com.java.SeleniumDriver] [  832] - ------------------------------------------
[INFO ][2016-01-06 15:41:14,549][com.java.SeleniumDriver] [  833] - Test case being Executed: 6
[INFO ][2016-01-06 15:41:14,549][com.java.SeleniumDriver] [  845] - Test step:34
[INFO ][2016-01-06 15:41:14,549][com.java.SeleniumDriver] [  857] - Datavalue is----------HMVenteredtext
[INFO ][2016-01-06 15:41:14,549][com.java.SeleniumDriver] [  881] - DataField : MSG
[INFO ][2016-01-06 15:41:14,551][com.java.SeleniumDriver] [  883] - DataValue : HMVenteredtext
[INFO ][2016-01-06 15:41:14,551][com.java.SeleniumDriver] [  889] - <In Set values of the page>
[INFO ][2016-01-06 15:41:14,551][com.java.SeleniumDriver] [  892] - {Data Fields & Data Values Exist}
[INFO ][2016-01-06 15:41:14,551][com.java.SeleniumDriver] [  894] - --------------------------setting values-----------------------------
[INFO ][2016-01-06 15:41:14,551][com.java.SeleniumDriver] [  897] - Action Type : VERIFY
[INFO ][2016-01-06 15:41:14,551][com.java.TestType] [ 7191] - field= MSG value= HMVenteredtext
[INFO ][2016-01-06 15:41:14,552][com.java.TestType] [ 5817] - value = VLTest88789
[DEBUG][2016-01-06 15:41:14,552][com.java.TestType] [ 8012] - value :: VLTest88789
[INFO ][2016-01-06 15:41:14,644][com.java.SeleniumDriver] [  906] -  RESULT true
[INFO ][2016-01-06 15:41:14,644][com.java.SeleniumDriver] [ 1112] - ?   P A S S   ?
[INFO ][2016-01-06 15:41:14,644][com.java.SeleniumDriver] [  832] - ------------------------------------------
[INFO ][2016-01-06 15:41:14,644][com.java.SeleniumDriver] [  833] - Test case being Executed: 6
[INFO ][2016-01-06 15:41:14,644][com.java.SeleniumDriver] [  845] - Test step:35
[INFO ][2016-01-06 15:41:14,644][com.java.SeleniumDriver] [  857] - Datavalue is----------null
[DEBUG][2016-01-06 15:41:14,646][com.java.SeleniumDriver] [  875] - Exception: null
[INFO ][2016-01-06 15:41:14,646][com.java.SeleniumDriver] [  881] - DataField : BTNcloseAllTabs
[INFO ][2016-01-06 15:41:14,646][com.java.SeleniumDriver] [  883] - DataValue : 
[INFO ][2016-01-06 15:41:14,646][com.java.SeleniumDriver] [  889] - <In Set values of the page>
[INFO ][2016-01-06 15:41:14,646][com.java.SeleniumDriver] [  892] - {Data Fields & Data Values Exist}
[INFO ][2016-01-06 15:41:14,646][com.java.SeleniumDriver] [  894] - --------------------------setting values-----------------------------
[INFO ][2016-01-06 15:41:14,646][com.java.SeleniumDriver] [  897] - Action Type : CLICK
[INFO ][2016-01-06 15:41:14,646][com.java.TestType] [ 6196] - Field ::BTNcloseAllTabs
[INFO ][2016-01-06 15:41:14,646][com.java.TestType] [ 5817] - value = 
[INFO ][2016-01-06 15:41:15,646][com.java.TestType] [ 6312] - BEFORE CLICK
[INFO ][2016-01-06 15:41:17,202][com.java.TestType] [ 6319] - Unable to click the object Close all tabs button
[INFO ][2016-01-06 15:41:17,202][com.java.SeleniumDriver] [  906] -  RESULT true
[INFO ][2016-01-06 15:41:17,202][com.java.SeleniumDriver] [ 1112] - ?   P A S S   ?
[INFO ][2016-01-06 15:41:17,202][com.java.SeleniumDriver] [  832] - ------------------------------------------
[INFO ][2016-01-06 15:41:17,202][com.java.SeleniumDriver] [  833] - Test case being Executed: 6
[INFO ][2016-01-06 15:41:17,202][com.java.SeleniumDriver] [  845] - Test step:36
[INFO ][2016-01-06 15:41:17,202][com.java.SeleniumDriver] [  857] - Datavalue is----------10
[INFO ][2016-01-06 15:41:17,202][com.java.SeleniumDriver] [  881] - DataField : XPH//div[contains(text(), 'My Dashboard')]
[INFO ][2016-01-06 15:41:17,202][com.java.SeleniumDriver] [  883] - DataValue : 10
[INFO ][2016-01-06 15:41:17,202][com.java.SeleniumDriver] [  889] - <In Set values of the page>
[INFO ][2016-01-06 15:41:17,203][com.java.SeleniumDriver] [  892] - {Data Fields & Data Values Exist}
[INFO ][2016-01-06 15:41:17,203][com.java.SeleniumDriver] [  894] - --------------------------setting values-----------------------------
[INFO ][2016-01-06 15:41:17,203][com.java.SeleniumDriver] [  897] - Action Type : WAITFORELEMENT
[INFO ][2016-01-06 15:41:17,401][com.java.SeleniumDriver] [  906] -  RESULT true
[INFO ][2016-01-06 15:41:17,401][com.java.SeleniumDriver] [ 1112] - ?   P A S S   ?
[INFO ][2016-01-06 15:41:17,401][com.java.SeleniumDriver] [  832] - ------------------------------------------
[INFO ][2016-01-06 15:41:17,401][com.java.SeleniumDriver] [  833] - Test case being Executed: 6
[INFO ][2016-01-06 15:41:17,401][com.java.SeleniumDriver] [  845] - Test step:37
[INFO ][2016-01-06 15:41:17,401][com.java.SeleniumDriver] [  857] - Datavalue is----------null
[DEBUG][2016-01-06 15:41:17,401][com.java.SeleniumDriver] [  875] - Exception: null
[INFO ][2016-01-06 15:41:17,401][com.java.SeleniumDriver] [  881] - DataField : //span[@class='icon-user4']&&//ul[@id='Admin']/li[2]/a&&//ul[@id="GLMapping"]//a[@data-id="ProfitCenters"]
[INFO ][2016-01-06 15:41:17,401][com.java.SeleniumDriver] [  883] - DataValue : 
[INFO ][2016-01-06 15:41:17,401][com.java.SeleniumDriver] [  889] - <In Set values of the page>
[INFO ][2016-01-06 15:41:17,401][com.java.SeleniumDriver] [  892] - {Data Fields & Data Values Exist}
[INFO ][2016-01-06 15:41:17,401][com.java.SeleniumDriver] [  894] - --------------------------setting values-----------------------------
[INFO ][2016-01-06 15:41:17,401][com.java.SeleniumDriver] [  897] - Action Type : mouseover
[INFO ][2016-01-06 15:41:45,351][com.java.SeleniumDriver] [  906] -  RESULT true
[INFO ][2016-01-06 15:41:45,351][com.java.SeleniumDriver] [ 1112] - ?   P A S S   ?
[INFO ][2016-01-06 15:41:45,351][com.java.SeleniumDriver] [  832] - ------------------------------------------
[INFO ][2016-01-06 15:41:45,351][com.java.SeleniumDriver] [  833] - Test case being Executed: 6
[INFO ][2016-01-06 15:41:45,351][com.java.SeleniumDriver] [  845] - Test step:38
[INFO ][2016-01-06 15:41:45,351][com.java.SeleniumDriver] [  857] - Datavalue is----------5
[INFO ][2016-01-06 15:41:45,351][com.java.SeleniumDriver] [  881] - DataField : XPH//iframe[@class='frameTabContent']
[INFO ][2016-01-06 15:41:45,351][com.java.SeleniumDriver] [  883] - DataValue : 5
[INFO ][2016-01-06 15:41:45,351][com.java.SeleniumDriver] [  889] - <In Set values of the page>
[INFO ][2016-01-06 15:41:45,351][com.java.SeleniumDriver] [  892] - {Data Fields & Data Values Exist}
[INFO ][2016-01-06 15:41:45,351][com.java.SeleniumDriver] [  894] - --------------------------setting values-----------------------------
[INFO ][2016-01-06 15:41:45,351][com.java.SeleniumDriver] [  897] - Action Type : waitforelement
[INFO ][2016-01-06 15:41:45,481][com.java.SeleniumDriver] [  906] -  RESULT true
[INFO ][2016-01-06 15:41:45,481][com.java.SeleniumDriver] [ 1112] - ?   P A S S   ?
[INFO ][2016-01-06 15:41:45,481][com.java.SeleniumDriver] [  832] - ------------------------------------------
[INFO ][2016-01-06 15:41:45,481][com.java.SeleniumDriver] [  833] - Test case being Executed: 6
[INFO ][2016-01-06 15:41:45,481][com.java.SeleniumDriver] [  845] - Test step:39
[INFO ][2016-01-06 15:41:45,482][com.java.SeleniumDriver] [  857] - Datavalue is----------null
[DEBUG][2016-01-06 15:41:45,482][com.java.SeleniumDriver] [  875] - Exception: null
[INFO ][2016-01-06 15:41:45,482][com.java.SeleniumDriver] [  881] - DataField : BTN//iframe[@class='frameTabContent']
[INFO ][2016-01-06 15:41:45,482][com.java.SeleniumDriver] [  883] - DataValue : 
[INFO ][2016-01-06 15:41:45,482][com.java.SeleniumDriver] [  889] - <In Set values of the page>
[INFO ][2016-01-06 15:41:45,482][com.java.SeleniumDriver] [  892] - {Data Fields & Data Values Exist}
[INFO ][2016-01-06 15:41:45,482][com.java.SeleniumDriver] [  894] - --------------------------setting values-----------------------------
[INFO ][2016-01-06 15:41:45,482][com.java.SeleniumDriver] [  897] - Action Type : SELECTFRAME
[INFO ][2016-01-06 15:41:45,804][com.java.SeleniumDriver] [  906] -  RESULT true
[INFO ][2016-01-06 15:41:45,804][com.java.SeleniumDriver] [ 1112] - ?   P A S S   ?
[INFO ][2016-01-06 15:41:45,804][com.java.SeleniumDriver] [  832] - ------------------------------------------
[INFO ][2016-01-06 15:41:45,804][com.java.SeleniumDriver] [  833] - Test case being Executed: 6
[INFO ][2016-01-06 15:41:45,804][com.java.SeleniumDriver] [  845] - Test step:40
[INFO ][2016-01-06 15:41:45,804][com.java.SeleniumDriver] [  857] - Datavalue is----------Manage Profit Centers and Regions 
[INFO ][2016-01-06 15:41:45,804][com.java.SeleniumDriver] [  881] - DataField : MSG
[INFO ][2016-01-06 15:41:45,804][com.java.SeleniumDriver] [  883] - DataValue : Manage Profit Centers and Regions 
[INFO ][2016-01-06 15:41:45,804][com.java.SeleniumDriver] [  889] - <In Set values of the page>
[INFO ][2016-01-06 15:41:45,804][com.java.SeleniumDriver] [  892] - {Data Fields & Data Values Exist}
[INFO ][2016-01-06 15:41:45,804][com.java.SeleniumDriver] [  894] - --------------------------setting values-----------------------------
[INFO ][2016-01-06 15:41:45,804][com.java.SeleniumDriver] [  897] - Action Type : VERIFY
[INFO ][2016-01-06 15:41:45,804][com.java.TestType] [ 7191] - field= MSG value= Manage Profit Centers and Regions 
[INFO ][2016-01-06 15:41:45,805][com.java.TestType] [ 5817] - value = Manage Profit Centers and Regions 
[DEBUG][2016-01-06 15:41:45,805][com.java.TestType] [ 8012] - value :: Manage Profit Centers and Regions 
[INFO ][2016-01-06 15:41:45,903][com.java.SeleniumDriver] [  906] -  RESULT true
[INFO ][2016-01-06 15:41:45,903][com.java.SeleniumDriver] [ 1112] - ?   P A S S   ?
[INFO ][2016-01-06 15:41:45,903][com.java.SeleniumDriver] [  832] - ------------------------------------------
[INFO ][2016-01-06 15:41:45,903][com.java.SeleniumDriver] [  833] - Test case being Executed: 6
[INFO ][2016-01-06 15:41:45,903][com.java.SeleniumDriver] [  845] - Test step:41
[INFO ][2016-01-06 15:41:45,903][com.java.SeleniumDriver] [  857] - Datavalue is----------null
[DEBUG][2016-01-06 15:41:45,903][com.java.SeleniumDriver] [  875] - Exception: null
[INFO ][2016-01-06 15:41:45,904][com.java.SeleniumDriver] [  881] - DataField : LNKRegions
[INFO ][2016-01-06 15:41:45,904][com.java.SeleniumDriver] [  883] - DataValue : 
[INFO ][2016-01-06 15:41:45,904][com.java.SeleniumDriver] [  889] - <In Set values of the page>
[INFO ][2016-01-06 15:41:45,904][com.java.SeleniumDriver] [  892] - {Data Fields & Data Values Exist}
[INFO ][2016-01-06 15:41:45,904][com.java.SeleniumDriver] [  894] - --------------------------setting values-----------------------------
[INFO ][2016-01-06 15:41:45,904][com.java.SeleniumDriver] [  897] - Action Type : click
[INFO ][2016-01-06 15:41:45,904][com.java.TestType] [ 6196] - Field ::LNKRegions
[INFO ][2016-01-06 15:41:45,904][com.java.TestType] [ 5817] - value = 
[INFO ][2016-01-06 15:41:46,904][com.java.TestType] [ 6296] - BEFORE CLICK on Regions
[INFO ][2016-01-06 15:41:48,564][com.java.SeleniumDriver] [  906] -  RESULT true
[INFO ][2016-01-06 15:41:48,564][com.java.SeleniumDriver] [ 1112] - ?   P A S S   ?
[INFO ][2016-01-06 15:41:48,564][com.java.SeleniumDriver] [  832] - ------------------------------------------
[INFO ][2016-01-06 15:41:48,564][com.java.SeleniumDriver] [  833] - Test case being Executed: 6
[INFO ][2016-01-06 15:41:48,564][com.java.SeleniumDriver] [  845] - Test step:42
[INFO ][2016-01-06 15:41:48,564][com.java.SeleniumDriver] [  857] - Datavalue is----------enteredtext
[INFO ][2016-01-06 15:41:48,564][com.java.SeleniumDriver] [  881] - DataField : MOC//div[@class="container"]//td[contains(text(),'mytext')]//following-sibling::td//span[@class="glyphicon glyphicon-remove"]
[INFO ][2016-01-06 15:41:48,565][com.java.SeleniumDriver] [  883] - DataValue : enteredtext
[INFO ][2016-01-06 15:41:48,565][com.java.SeleniumDriver] [  889] - <In Set values of the page>
[INFO ][2016-01-06 15:41:48,565][com.java.SeleniumDriver] [  892] - {Data Fields & Data Values Exist}
[INFO ][2016-01-06 15:41:48,565][com.java.SeleniumDriver] [  894] - --------------------------setting values-----------------------------
[INFO ][2016-01-06 15:41:48,565][com.java.SeleniumDriver] [  897] - Action Type : clickwithalert
[ERROR][2016-01-06 15:42:51,584][com.java.TestType] [ 1295] - Exception in MNC click: Cannot click on element (WARNING: The server did not provide any stacktrace information)
Command duration or timeout: 45 milliseconds
Build info: version: '2.48.2', revision: '41bccdd', time: '2015-10-09 19:59:12'
System info: host: 'FVTIII438F1D', ip: '172.17.68.34', os.name: 'Windows 7', os.arch: 'x86', os.version: '6.1', java.version: '1.7.0_55'
Session ID: dc34ad31-1144-4379-9cf1-b1d3041eb48f
Driver info: org.openqa.selenium.ie.InternetExplorerDriver
Capabilities [{platform=WINDOWS, javascriptEnabled=true, elementScrollBehavior=0, ignoreZoomSetting=false, enablePersistentHover=true, ie.ensureCleanSession=false, browserName=internet explorer, enableElementCacheCleanup=true, unexpectedAlertBehaviour=dismiss, version=10, ie.usePerProcessProxy=false, ignoreProtectedModeSettings=true, cssSelectorsEnabled=true, requireWindowFocus=false, initialBrowserUrl=http://localhost:31077/, handlesAlerts=true, ie.forceCreateProcessApi=false, nativeEvents=true, browserAttachTimeout=0, ie.browserCommandLineSwitches=, takesScreenshot=true}]
[INFO ][2016-01-06 15:45:01,422][com.java.SeleniumDriver] [  906] -  RESULT false
[INFO ][2016-01-06 15:45:05,901][com.java.SeleniumDriver] [  953] - ?   F A I L   ?
