[INFO ][2016-01-20 14:39:05,718][com.java.SeleniumDriver] [  213] - Execute Failed Casesfalse
[INFO ][2016-01-20 14:39:05,718][com.java.SeleniumDriver] [  214] - Browser: IE10
[INFO ][2016-01-20 14:39:05,718][com.java.SeleniumDriver] [  215] - [1, 6]
[INFO ][2016-01-20 14:39:05,718][com.java.SeleniumDriver] [  216] - Total TestCases:2
[INFO ][2016-01-20 14:39:05,718][com.java.SeleniumDriver] [  217] -  Reading Properties from Property File 
[DEBUG][2016-01-20 14:39:05,718][com.java.SeleniumDriver] [  238] - url : https://clients-xuat.bankersdashboard.com
[INFO ][2016-01-20 14:39:05,718][com.java.ImportnExport.ExportTestResultsExcel] [  116] - Time Stamp Wed Jan 20 02:39:05 IST 2016
[INFO ][2016-01-20 14:39:05,718][com.java.ImportnExport.ExportTestResultsExcel] [  175] - OUT FILE : D:\BankersDashboard/TestReports/Test Results_BankersDashBoard_012016_143905_IE10_Any Bank USA.xls
[INFO ][2016-01-20 14:39:05,749][com.java.ImportnExport.ExportTestResultsExcel] [  180] - Test Result file is created
[DEBUG][2016-01-20 14:39:05,829][com.java.SeleniumDriver] [  426] - Hub ip address is-------172.17.68.34
[INFO ][2016-01-20 14:39:05,829][com.java.SeleniumDriver] [  452] - Grid URL:http://172.17.68.34:4444/wd/hub
[INFO ][2016-01-20 14:39:05,829][com.java.SeleniumDriver] [  453] - Capability:Capabilities [{platform=ANY, ensureCleanSession=true, ignoreProtectedModeSettings=true, acceptSslCerts=true, ignoreZoomSetting=true, browserName=internet explorer, browserstack.ie.noFlash=true, version=null}]
[ERROR][2016-01-20 14:39:07,149][com.java.SeleniumDriver] [  498] - Unable invoke browser in grid:Could not start a new session. Possible causes are invalid address of the remote server or browser start-up failure.
Build info: version: '2.48.2', revision: '41bccdd', time: '2015-10-09 19:59:12'
System info: host: 'FVTIII438F1D', ip: '172.17.68.34', os.name: 'Windows 7', os.arch: 'x86', os.version: '6.1', java.version: '1.7.0_55'
Driver info: driver.version: SeleniumDriver
[INFO ][2016-01-20 14:39:07,149][com.java.SeleniumDriver] [  500] - Executing on local machine
[INFO ][2016-01-20 14:39:17,458][com.java.SeleniumDriver] [  248] - IE10is opened
[INFO ][2016-01-20 14:39:18,336][com.java.SeleniumDriver] [  756] - Test cases to be executed are: [1, 6]
[INFO ][2016-01-20 14:39:18,357][com.java.ImportnExport.ImportTestDataDetailsExcel] [   49] - test data details path===== D:\BankersDashboard\TestInputs\TestData.xls
[INFO ][2016-01-20 14:39:18,407][com.java.SeleniumDriver] [  856] - ------------------------------------------
[INFO ][2016-01-20 14:39:18,407][com.java.SeleniumDriver] [  857] - Test case being Executed: 1
[INFO ][2016-01-20 14:39:18,407][com.java.SeleniumDriver] [  869] - Test step:1
[INFO ][2016-01-20 14:39:18,407][com.java.SeleniumDriver] [  881] - Datavalue is----------Concept#1:1-14
[INFO ][2016-01-20 14:39:18,407][com.java.SeleniumDriver] [  905] - DataField : test
[INFO ][2016-01-20 14:39:18,407][com.java.SeleniumDriver] [  907] - DataValue : Concept#1:1-14
[INFO ][2016-01-20 14:39:18,407][com.java.SeleniumDriver] [  913] - <In Set values of the page>
[INFO ][2016-01-20 14:39:18,407][com.java.SeleniumDriver] [  916] - {Data Fields & Data Values Exist}
[INFO ][2016-01-20 14:39:18,407][com.java.SeleniumDriver] [  918] - --------------------------setting values-----------------------------
[INFO ][2016-01-20 14:39:18,407][com.java.SeleniumDriver] [  921] - Action Type : ExecuteTestCase
[INFO ][2016-01-20 14:39:18,427][com.java.TestType] [  443] - The Concept sheet name is ---------- Concept
[INFO ][2016-01-20 14:39:18,427][com.java.TestType] [  446] - The Concept ID  is ---------- 1
[DEBUG][2016-01-20 14:39:18,427][com.java.TestType] [  450] - Steps being executted in the Concept are: 1:14
[INFO ][2016-01-20 14:39:18,427][com.java.TestType] [  457] - Test data details path ---------- D:\BankersDashboard\TestInputs\TestData.xls
[INFO ][2016-01-20 14:39:18,427][com.java.TestType] [  488] -  str(1) = 1
[INFO ][2016-01-20 14:39:18,427][com.java.TestType] [  491] - Test case Id is---1
[INFO ][2016-01-20 14:39:18,427][com.java.TestType] [  493] - 1
[INFO ][2016-01-20 14:39:18,427][com.java.TestType] [  488] -  str(2) = 1
[INFO ][2016-01-20 14:39:18,427][com.java.TestType] [  488] -  str(1) = 1
[INFO ][2016-01-20 14:39:18,437][com.java.TestType] [  491] - Test case Id is---1
[INFO ][2016-01-20 14:39:18,437][com.java.TestType] [  493] - 1
[INFO ][2016-01-20 14:39:18,437][com.java.TestType] [  488] -  str(2) = 2
[INFO ][2016-01-20 14:39:18,437][com.java.TestType] [  488] -  str(1) = 1
[INFO ][2016-01-20 14:39:18,437][com.java.TestType] [  491] - Test case Id is---1
[INFO ][2016-01-20 14:39:18,437][com.java.TestType] [  493] - 1
[INFO ][2016-01-20 14:39:18,437][com.java.TestType] [  488] -  str(2) = 3
[INFO ][2016-01-20 14:39:18,437][com.java.TestType] [  488] -  str(1) = 1
[INFO ][2016-01-20 14:39:18,437][com.java.TestType] [  491] - Test case Id is---1
[INFO ][2016-01-20 14:39:18,437][com.java.TestType] [  493] - 1
[INFO ][2016-01-20 14:39:18,437][com.java.TestType] [  488] -  str(2) = 4
[INFO ][2016-01-20 14:39:18,437][com.java.TestType] [  488] -  str(1) = 1
[INFO ][2016-01-20 14:39:18,437][com.java.TestType] [  491] - Test case Id is---1
[INFO ][2016-01-20 14:39:18,437][com.java.TestType] [  493] - 1
[INFO ][2016-01-20 14:39:18,437][com.java.TestType] [  488] -  str(2) = 5
[INFO ][2016-01-20 14:39:18,437][com.java.TestType] [  488] -  str(1) = 1
[INFO ][2016-01-20 14:39:18,437][com.java.TestType] [  491] - Test case Id is---1
[INFO ][2016-01-20 14:39:18,437][com.java.TestType] [  493] - 1
[INFO ][2016-01-20 14:39:18,437][com.java.TestType] [  488] -  str(2) = 6
[INFO ][2016-01-20 14:39:18,437][com.java.TestType] [  488] -  str(1) = 1
[INFO ][2016-01-20 14:39:18,437][com.java.TestType] [  491] - Test case Id is---1
[INFO ][2016-01-20 14:39:18,437][com.java.TestType] [  493] - 1
[INFO ][2016-01-20 14:39:18,437][com.java.TestType] [  488] -  str(2) = 7
[INFO ][2016-01-20 14:39:18,437][com.java.TestType] [  488] -  str(1) = 1
[INFO ][2016-01-20 14:39:18,437][com.java.TestType] [  491] - Test case Id is---1
[INFO ][2016-01-20 14:39:18,437][com.java.TestType] [  493] - 1
[INFO ][2016-01-20 14:39:18,437][com.java.TestType] [  488] -  str(2) = 8
[INFO ][2016-01-20 14:39:18,437][com.java.TestType] [  488] -  str(1) = 1
[INFO ][2016-01-20 14:39:18,437][com.java.TestType] [  491] - Test case Id is---1
[INFO ][2016-01-20 14:39:18,437][com.java.TestType] [  493] - 1
[INFO ][2016-01-20 14:39:18,437][com.java.TestType] [  488] -  str(2) = 9
[INFO ][2016-01-20 14:39:18,437][com.java.TestType] [  488] -  str(1) = 1
[INFO ][2016-01-20 14:39:18,437][com.java.TestType] [  491] - Test case Id is---1
[INFO ][2016-01-20 14:39:18,437][com.java.TestType] [  493] - 1
[INFO ][2016-01-20 14:39:18,437][com.java.TestType] [  488] -  str(2) = 10
[INFO ][2016-01-20 14:39:18,437][com.java.TestType] [  488] -  str(1) = 1
[INFO ][2016-01-20 14:39:18,437][com.java.TestType] [  491] - Test case Id is---1
[INFO ][2016-01-20 14:39:18,437][com.java.TestType] [  493] - 1
[INFO ][2016-01-20 14:39:18,437][com.java.TestType] [  488] -  str(2) = 11
[INFO ][2016-01-20 14:39:18,437][com.java.TestType] [  488] -  str(1) = 1
[INFO ][2016-01-20 14:39:18,437][com.java.TestType] [  491] - Test case Id is---1
[INFO ][2016-01-20 14:39:18,437][com.java.TestType] [  493] - 1
[INFO ][2016-01-20 14:39:18,437][com.java.TestType] [  488] -  str(2) = 12
[INFO ][2016-01-20 14:39:18,437][com.java.TestType] [  488] -  str(1) = 1
[INFO ][2016-01-20 14:39:18,437][com.java.TestType] [  491] - Test case Id is---1
[INFO ][2016-01-20 14:39:18,437][com.java.TestType] [  493] - 1
[INFO ][2016-01-20 14:39:18,437][com.java.TestType] [  488] -  str(2) = 13
[INFO ][2016-01-20 14:39:18,437][com.java.TestType] [  488] -  str(1) = 1
[INFO ][2016-01-20 14:39:18,437][com.java.TestType] [  491] - Test case Id is---1
[INFO ][2016-01-20 14:39:18,437][com.java.TestType] [  493] - 1
[INFO ][2016-01-20 14:39:18,437][com.java.TestType] [  488] -  str(2) = 14
[INFO ][2016-01-20 14:39:18,437][com.java.TestType] [  488] -  str(1) = 1
[INFO ][2016-01-20 14:39:18,437][com.java.TestType] [  491] - Test case Id is---1
[INFO ][2016-01-20 14:39:18,437][com.java.TestType] [  493] - 1
[INFO ][2016-01-20 14:39:18,437][com.java.TestType] [  488] -  str(2) = 15
[INFO ][2016-01-20 14:39:18,437][com.java.TestType] [  488] -  str(1) = 1
[INFO ][2016-01-20 14:39:18,437][com.java.TestType] [  491] - Test case Id is---1
[INFO ][2016-01-20 14:39:18,447][com.java.TestType] [  493] - 1
[INFO ][2016-01-20 14:39:18,447][com.java.TestType] [  488] -  str(2) = 16
[INFO ][2016-01-20 14:39:18,447][com.java.TestType] [11381] - Looping 1TCID = 1
[DEBUG][2016-01-20 14:39:18,447][com.java.TestType] [11422] - Concept ID:1 :: Step being Executed: 1::1
[INFO ][2016-01-20 14:39:18,447][com.java.TestType] [11460] - dataFields : TXTusername
[DEBUG][2016-01-20 14:39:18,447][com.java.TestType] [11466] - <In Set values of the page>
[DEBUG][2016-01-20 14:39:18,447][com.java.TestType] [11471] - {Data Fields & Data Values Exist}
[INFO ][2016-01-20 14:39:18,447][com.java.TestType] [11477] - --------------------------setting values-----------------------------
[INFO ][2016-01-20 14:39:18,447][com.java.TestType] [11480] - Action Type : CLEARANDENTER
[INFO ][2016-01-20 14:39:20,738][com.java.TestType] [ 6202] - value = naresh.nayini.00000
[INFO ][2016-01-20 14:39:23,176][com.java.TestType] [11499] -  RESULT true
[INFO ][2016-01-20 14:39:23,176][com.java.TestType] [11616] - ?   P A S S   ?
[DEBUG][2016-01-20 14:39:23,176][com.java.TestType] [11422] - Concept ID:1 :: Step being Executed: 1::2
[INFO ][2016-01-20 14:39:23,176][com.java.TestType] [11460] - dataFields : TXTpassword
[DEBUG][2016-01-20 14:39:23,176][com.java.TestType] [11466] - <In Set values of the page>
[DEBUG][2016-01-20 14:39:23,176][com.java.TestType] [11471] - {Data Fields & Data Values Exist}
[INFO ][2016-01-20 14:39:23,176][com.java.TestType] [11477] - --------------------------setting values-----------------------------
[INFO ][2016-01-20 14:39:23,176][com.java.TestType] [11480] - Action Type : CLEARANDENTER
[INFO ][2016-01-20 14:39:25,429][com.java.TestType] [ 6202] - value = Password1*
[INFO ][2016-01-20 14:39:28,016][com.java.TestType] [11499] -  RESULT true
[INFO ][2016-01-20 14:39:28,016][com.java.TestType] [11616] - ?   P A S S   ?
[DEBUG][2016-01-20 14:39:28,016][com.java.TestType] [11422] - Concept ID:1 :: Step being Executed: 1::3
[ERROR][2016-01-20 14:39:28,016][com.java.TestType] [11455] - Exception: null
[INFO ][2016-01-20 14:39:28,016][com.java.TestType] [11460] - dataFields : XPH//button[@type='submit']
[DEBUG][2016-01-20 14:39:28,016][com.java.TestType] [11466] - <In Set values of the page>
[DEBUG][2016-01-20 14:39:28,016][com.java.TestType] [11471] - {Data Fields & Data Values Exist}
[INFO ][2016-01-20 14:39:28,016][com.java.TestType] [11477] - --------------------------setting values-----------------------------
[INFO ][2016-01-20 14:39:28,016][com.java.TestType] [11480] - Action Type : Click
[INFO ][2016-01-20 14:39:28,016][com.java.TestType] [ 6581] - Field ::XPH//button[@type='submit']
[INFO ][2016-01-20 14:39:28,016][com.java.TestType] [ 6202] - value = 
[INFO ][2016-01-20 14:39:29,016][com.java.TestType] [ 6722] - BEFORE CLICK
[INFO ][2016-01-20 14:39:29,879][com.java.TestType] [ 6730] - Unable to click the object Login
[INFO ][2016-01-20 14:39:29,879][com.java.TestType] [11499] -  RESULT true
[INFO ][2016-01-20 14:39:29,879][com.java.TestType] [11616] - ?   P A S S   ?
[DEBUG][2016-01-20 14:39:29,879][com.java.TestType] [11422] - Concept ID:1 :: Step being Executed: 1::4
[INFO ][2016-01-20 14:39:29,879][com.java.TestType] [11460] - dataFields : LNKLogout
[DEBUG][2016-01-20 14:39:29,879][com.java.TestType] [11466] - <In Set values of the page>
[DEBUG][2016-01-20 14:39:29,879][com.java.TestType] [11471] - {Data Fields & Data Values Exist}
[INFO ][2016-01-20 14:39:29,879][com.java.TestType] [11477] - --------------------------setting values-----------------------------
[INFO ][2016-01-20 14:39:29,879][com.java.TestType] [11480] - Action Type : WaitForElement
[INFO ][2016-01-20 14:39:33,430][com.java.TestType] [11499] -  RESULT true
[INFO ][2016-01-20 14:39:33,430][com.java.TestType] [11616] - ?   P A S S   ?
[INFO ][2016-01-20 14:39:33,430][com.java.TestType] [11687] - Looping End......
[INFO ][2016-01-20 14:39:33,430][com.java.SeleniumDriver] [  930] -  RESULT true
[INFO ][2016-01-20 14:39:33,430][com.java.SeleniumDriver] [ 1136] - ?   P A S S   ?
[INFO ][2016-01-20 14:39:33,430][com.java.SeleniumDriver] [  856] - ------------------------------------------
[INFO ][2016-01-20 14:39:33,430][com.java.SeleniumDriver] [  857] - Test case being Executed: 1
[INFO ][2016-01-20 14:39:33,430][com.java.SeleniumDriver] [  869] - Test step:2
[INFO ][2016-01-20 14:39:33,430][com.java.SeleniumDriver] [  881] - Datavalue is----------Concept#2:1-2
[INFO ][2016-01-20 14:39:33,430][com.java.SeleniumDriver] [  905] - DataField : test
[INFO ][2016-01-20 14:39:33,430][com.java.SeleniumDriver] [  907] - DataValue : Concept#2:1-2
[INFO ][2016-01-20 14:39:33,430][com.java.SeleniumDriver] [  913] - <In Set values of the page>
[INFO ][2016-01-20 14:39:33,430][com.java.SeleniumDriver] [  916] - {Data Fields & Data Values Exist}
[INFO ][2016-01-20 14:39:33,430][com.java.SeleniumDriver] [  918] - --------------------------setting values-----------------------------
[INFO ][2016-01-20 14:39:33,430][com.java.SeleniumDriver] [  921] - Action Type : ExecuteTestCase
[INFO ][2016-01-20 14:39:33,430][com.java.TestType] [  443] - The Concept sheet name is ---------- Concept
[INFO ][2016-01-20 14:39:33,430][com.java.TestType] [  446] - The Concept ID  is ---------- 2
[DEBUG][2016-01-20 14:39:33,430][com.java.TestType] [  450] - Steps being executted in the Concept are: 1:2
[INFO ][2016-01-20 14:39:33,430][com.java.TestType] [  457] - Test data details path ---------- D:\BankersDashboard\TestInputs\TestData.xls
[INFO ][2016-01-20 14:39:33,430][com.java.TestType] [  488] -  str(1) = 2
[INFO ][2016-01-20 14:39:33,430][com.java.TestType] [  491] - Test case Id is---2
[INFO ][2016-01-20 14:39:33,430][com.java.TestType] [  493] - 2
[INFO ][2016-01-20 14:39:33,430][com.java.TestType] [  488] -  str(2) = 1
[INFO ][2016-01-20 14:39:33,430][com.java.TestType] [  488] -  str(1) = 2
[INFO ][2016-01-20 14:39:33,430][com.java.TestType] [  491] - Test case Id is---2
[INFO ][2016-01-20 14:39:33,430][com.java.TestType] [  493] - 2
[INFO ][2016-01-20 14:39:33,430][com.java.TestType] [  488] -  str(2) = 2
[INFO ][2016-01-20 14:39:33,430][com.java.TestType] [  488] -  str(1) = 2
[INFO ][2016-01-20 14:39:33,431][com.java.TestType] [  491] - Test case Id is---2
[INFO ][2016-01-20 14:39:33,431][com.java.TestType] [  493] - 2
[INFO ][2016-01-20 14:39:33,431][com.java.TestType] [  488] -  str(2) = 3
[INFO ][2016-01-20 14:39:33,431][com.java.TestType] [11381] - Looping 1TCID = 2
[DEBUG][2016-01-20 14:39:33,431][com.java.TestType] [11422] - Concept ID:2 :: Step being Executed: 2::1
[INFO ][2016-01-20 14:39:33,431][com.java.TestType] [11460] - dataFields : BNK//select[@id='bank']
[DEBUG][2016-01-20 14:39:33,431][com.java.TestType] [11466] - <In Set values of the page>
[DEBUG][2016-01-20 14:39:33,431][com.java.TestType] [11471] - {Data Fields & Data Values Exist}
[INFO ][2016-01-20 14:39:33,431][com.java.TestType] [11477] - --------------------------setting values-----------------------------
[INFO ][2016-01-20 14:39:33,431][com.java.TestType] [11480] - Action Type : Select
[INFO ][2016-01-20 14:39:33,431][com.java.TestType] [ 6202] - value = PFC
[INFO ][2016-01-20 14:39:33,641][com.java.TestType] [11499] -  RESULT true
[INFO ][2016-01-20 14:39:33,641][com.java.TestType] [11616] - ?   P A S S   ?
[DEBUG][2016-01-20 14:39:33,641][com.java.TestType] [11422] - Concept ID:2 :: Step being Executed: 2::2
[INFO ][2016-01-20 14:39:33,641][com.java.TestType] [11460] - dataFields : LNKLogout
[DEBUG][2016-01-20 14:39:33,641][com.java.TestType] [11466] - <In Set values of the page>
[DEBUG][2016-01-20 14:39:33,641][com.java.TestType] [11471] - {Data Fields & Data Values Exist}
[INFO ][2016-01-20 14:39:33,641][com.java.TestType] [11477] - --------------------------setting values-----------------------------
[INFO ][2016-01-20 14:39:33,641][com.java.TestType] [11480] - Action Type : WaitTime
[DEBUG][2016-01-20 14:39:33,641][com.java.TestType] [ 6016] - sleepTime: 5000
[INFO ][2016-01-20 14:39:38,641][com.java.TestType] [11499] -  RESULT true
[INFO ][2016-01-20 14:39:38,641][com.java.TestType] [11616] - ?   P A S S   ?
[INFO ][2016-01-20 14:39:38,641][com.java.TestType] [11687] - Looping End......
[INFO ][2016-01-20 14:39:38,641][com.java.SeleniumDriver] [  930] -  RESULT true
[INFO ][2016-01-20 14:39:38,641][com.java.SeleniumDriver] [ 1136] - ?   P A S S   ?
[INFO ][2016-01-20 14:39:38,641][com.java.SeleniumDriver] [  856] - ------------------------------------------
[INFO ][2016-01-20 14:39:38,641][com.java.SeleniumDriver] [  857] - Test case being Executed: 1
[INFO ][2016-01-20 14:39:38,641][com.java.SeleniumDriver] [  869] - Test step:3
[INFO ][2016-01-20 14:39:38,641][com.java.SeleniumDriver] [  881] - Datavalue is----------2
[INFO ][2016-01-20 14:39:38,641][com.java.SeleniumDriver] [  905] - DataField : XPH//button[contains(text(),'Add Content')]
[INFO ][2016-01-20 14:39:38,641][com.java.SeleniumDriver] [  907] - DataValue : 2
[INFO ][2016-01-20 14:39:38,641][com.java.SeleniumDriver] [  913] - <In Set values of the page>
[INFO ][2016-01-20 14:39:38,641][com.java.SeleniumDriver] [  916] - {Data Fields & Data Values Exist}
[INFO ][2016-01-20 14:39:38,641][com.java.SeleniumDriver] [  918] - --------------------------setting values-----------------------------
[INFO ][2016-01-20 14:39:38,641][com.java.SeleniumDriver] [  921] - Action Type : WAITFORELEMENT
[INFO ][2016-01-20 14:39:38,743][com.java.SeleniumDriver] [  930] -  RESULT true
[INFO ][2016-01-20 14:39:38,743][com.java.SeleniumDriver] [ 1136] - ?   P A S S   ?
[DEBUG][2016-01-20 14:39:38,743][com.java.SeleniumDriver] [ 1248] - Case found
[DEBUG][2016-01-20 14:39:38,743][com.java.SeleniumDriver] [ 1253] - Incrementing ReportCounters[0]:1
[INFO ][2016-01-20 14:39:38,743][com.java.SeleniumDriver] [ 1272] - The results are-------------------[1, 1, Valid Login, Pass, , Wed Jan 20 14:39:33 IST 2016, 1, 2, Valid Login, Pass, , Wed Jan 20 14:39:38 IST 2016, 1, 3, Valid Login, Pass, , Wed Jan 20 14:39:38 IST 2016]
[INFO ][2016-01-20 14:39:38,743][com.java.SeleniumDriver] [ 1276] - End time is-------35 sec
[INFO ][2016-01-20 14:39:38,743][com.java.SeleniumDriver] [ 1277] - The results are-------------------[1, 1, Valid Login, Pass, , Wed Jan 20 14:39:33 IST 2016, 1, 2, Valid Login, Pass, , Wed Jan 20 14:39:38 IST 2016, 1, 3, Valid Login, Pass, , Wed Jan 20 14:39:38 IST 2016]
[DEBUG][2016-01-20 14:39:38,743][com.java.ImportnExport.ExportTestResultsExcel] [  222] - testResultPath = D:\BankersDashboard/TestReports/Test Results_BankersDashBoard_012016_143905_IE10_Any Bank USA.xls
[DEBUG][2016-01-20 14:39:38,743][com.java.ImportnExport.ExportTestResultsExcel] [  223] - browser is------------IE10
[DEBUG][2016-01-20 14:39:38,792][com.java.ImportnExport.ExportTestResultsExcel] [  270] - result.size() = 18
[DEBUG][2016-01-20 14:39:38,792][com.java.ImportnExport.ExportTestResultsExcel] [  274] - No of rows in sheet=1
[DEBUG][2016-01-20 14:39:38,792][com.java.ImportnExport.ExportTestResultsExcel] [  301] - ..in export..1
[DEBUG][2016-01-20 14:39:38,792][com.java.ImportnExport.ExportTestResultsExcel] [  301] - ..in export..Valid Login
[DEBUG][2016-01-20 14:39:38,792][com.java.ImportnExport.ExportTestResultsExcel] [  301] - ..in export..Pass
[DEBUG][2016-01-20 14:39:38,792][com.java.ImportnExport.ExportTestResultsExcel] [  301] - ..in export..
[DEBUG][2016-01-20 14:39:38,792][com.java.ImportnExport.ExportTestResultsExcel] [  301] - ..in export..Wed Jan 20 14:39:33 IST 2016
[INFO ][2016-01-20 14:39:38,792][com.java.SeleniumDriver] [ 1337] - out loop:0 size:2 TestCases:[1, 6] testcases:[1, 6]
[INFO ][2016-01-20 14:39:38,792][com.java.ImportnExport.ImportTestDataDetailsExcel] [   49] - test data details path===== D:\BankersDashboard\TestInputs\TestData.xls
[INFO ][2016-01-20 14:39:54,258][com.java.SeleniumDriver] [  856] - ------------------------------------------
[INFO ][2016-01-20 14:39:54,258][com.java.SeleniumDriver] [  857] - Test case being Executed: 6
[INFO ][2016-01-20 14:39:54,258][com.java.SeleniumDriver] [  869] - Test step:1
[INFO ][2016-01-20 14:39:54,258][com.java.SeleniumDriver] [  881] - Datavalue is----------Logout
[INFO ][2016-01-20 14:39:54,258][com.java.SeleniumDriver] [  905] - DataField : BTN
[INFO ][2016-01-20 14:39:54,258][com.java.SeleniumDriver] [  907] - DataValue : Logout
[INFO ][2016-01-20 14:39:54,258][com.java.SeleniumDriver] [  913] - <In Set values of the page>
[INFO ][2016-01-20 14:39:54,258][com.java.SeleniumDriver] [  916] - {Data Fields & Data Values Exist}
[INFO ][2016-01-20 14:39:54,258][com.java.SeleniumDriver] [  918] - --------------------------setting values-----------------------------
[INFO ][2016-01-20 14:39:54,258][com.java.SeleniumDriver] [  921] - Action Type : Verify
[INFO ][2016-01-20 14:39:54,258][com.java.TestType] [ 7714] - field= BTN value= Logout
[INFO ][2016-01-20 14:39:54,258][com.java.TestType] [ 6202] - value = Logout
[INFO ][2016-01-20 14:39:54,479][com.java.SeleniumDriver] [  930] -  RESULT true
[INFO ][2016-01-20 14:39:54,479][com.java.SeleniumDriver] [ 1136] - ?   P A S S   ?
[INFO ][2016-01-20 14:39:54,479][com.java.SeleniumDriver] [ 1178] - step change to 3
[INFO ][2016-01-20 14:39:54,479][com.java.SeleniumDriver] [  856] - ------------------------------------------
[INFO ][2016-01-20 14:39:54,479][com.java.SeleniumDriver] [  857] - Test case being Executed: 6
[INFO ][2016-01-20 14:39:54,479][com.java.SeleniumDriver] [  869] - Test step:3
[INFO ][2016-01-20 14:39:54,479][com.java.SeleniumDriver] [  881] - Datavalue is----------Concept#2:1-2
[INFO ][2016-01-20 14:39:54,479][com.java.SeleniumDriver] [  905] - DataField : test
[INFO ][2016-01-20 14:39:54,479][com.java.SeleniumDriver] [  907] - DataValue : Concept#2:1-2
[INFO ][2016-01-20 14:39:54,479][com.java.SeleniumDriver] [  913] - <In Set values of the page>
[INFO ][2016-01-20 14:39:54,479][com.java.SeleniumDriver] [  916] - {Data Fields & Data Values Exist}
[INFO ][2016-01-20 14:39:54,479][com.java.SeleniumDriver] [  918] - --------------------------setting values-----------------------------
[INFO ][2016-01-20 14:39:54,479][com.java.SeleniumDriver] [  921] - Action Type : ExecuteTestCase
[INFO ][2016-01-20 14:39:54,479][com.java.TestType] [  443] - The Concept sheet name is ---------- Concept
[INFO ][2016-01-20 14:39:54,479][com.java.TestType] [  446] - The Concept ID  is ---------- 2
[DEBUG][2016-01-20 14:39:54,479][com.java.TestType] [  450] - Steps being executted in the Concept are: 1:2
[INFO ][2016-01-20 14:39:54,479][com.java.TestType] [  457] - Test data details path ---------- D:\BankersDashboard\TestInputs\TestData.xls
[INFO ][2016-01-20 14:39:54,489][com.java.TestType] [  488] -  str(1) = 2
[INFO ][2016-01-20 14:39:54,489][com.java.TestType] [  491] - Test case Id is---2
[INFO ][2016-01-20 14:39:54,489][com.java.TestType] [  493] - 2
[INFO ][2016-01-20 14:39:54,489][com.java.TestType] [  488] -  str(2) = 1
[INFO ][2016-01-20 14:39:54,489][com.java.TestType] [  488] -  str(1) = 2
[INFO ][2016-01-20 14:39:54,489][com.java.TestType] [  491] - Test case Id is---2
[INFO ][2016-01-20 14:39:54,489][com.java.TestType] [  493] - 2
[INFO ][2016-01-20 14:39:54,489][com.java.TestType] [  488] -  str(2) = 2
[INFO ][2016-01-20 14:39:54,489][com.java.TestType] [  488] -  str(1) = 2
[INFO ][2016-01-20 14:39:54,489][com.java.TestType] [  491] - Test case Id is---2
[INFO ][2016-01-20 14:39:54,489][com.java.TestType] [  493] - 2
[INFO ][2016-01-20 14:39:54,489][com.java.TestType] [  488] -  str(2) = 3
[INFO ][2016-01-20 14:39:54,489][com.java.TestType] [11381] - Looping 1TCID = 2
[DEBUG][2016-01-20 14:39:54,489][com.java.TestType] [11422] - Concept ID:2 :: Step being Executed: 2::1
[INFO ][2016-01-20 14:39:54,489][com.java.TestType] [11460] - dataFields : BNK//select[@id='bank']
[DEBUG][2016-01-20 14:39:54,489][com.java.TestType] [11466] - <In Set values of the page>
[DEBUG][2016-01-20 14:39:54,489][com.java.TestType] [11471] - {Data Fields & Data Values Exist}
[INFO ][2016-01-20 14:39:54,489][com.java.TestType] [11477] - --------------------------setting values-----------------------------
[INFO ][2016-01-20 14:39:54,489][com.java.TestType] [11480] - Action Type : Select
[INFO ][2016-01-20 14:39:54,489][com.java.TestType] [ 6202] - value = PFC
[INFO ][2016-01-20 14:39:55,119][com.java.TestType] [11499] -  RESULT true
[INFO ][2016-01-20 14:39:55,119][com.java.TestType] [11616] - ?   P A S S   ?
[DEBUG][2016-01-20 14:39:55,119][com.java.TestType] [11422] - Concept ID:2 :: Step being Executed: 2::2
[INFO ][2016-01-20 14:39:55,119][com.java.TestType] [11460] - dataFields : LNKLogout
[DEBUG][2016-01-20 14:39:55,119][com.java.TestType] [11466] - <In Set values of the page>
[DEBUG][2016-01-20 14:39:55,119][com.java.TestType] [11471] - {Data Fields & Data Values Exist}
[INFO ][2016-01-20 14:39:55,119][com.java.TestType] [11477] - --------------------------setting values-----------------------------
[INFO ][2016-01-20 14:39:55,119][com.java.TestType] [11480] - Action Type : WaitTime
[DEBUG][2016-01-20 14:39:55,119][com.java.TestType] [ 6016] - sleepTime: 5000
[INFO ][2016-01-20 14:40:00,123][com.java.TestType] [11499] -  RESULT true
[INFO ][2016-01-20 14:40:00,123][com.java.TestType] [11616] - ?   P A S S   ?
[INFO ][2016-01-20 14:40:00,123][com.java.TestType] [11687] - Looping End......
[INFO ][2016-01-20 14:40:00,123][com.java.SeleniumDriver] [  930] -  RESULT true
[INFO ][2016-01-20 14:40:00,123][com.java.SeleniumDriver] [ 1136] - ?   P A S S   ?
[INFO ][2016-01-20 14:40:00,123][com.java.SeleniumDriver] [  856] - ------------------------------------------
[INFO ][2016-01-20 14:40:00,123][com.java.SeleniumDriver] [  857] - Test case being Executed: 6
[INFO ][2016-01-20 14:40:00,123][com.java.SeleniumDriver] [  869] - Test step:4
[INFO ][2016-01-20 14:40:00,123][com.java.SeleniumDriver] [  881] - Datavalue is----------null
[DEBUG][2016-01-20 14:40:00,123][com.java.SeleniumDriver] [  899] - Exception: null
[INFO ][2016-01-20 14:40:00,123][com.java.SeleniumDriver] [  905] - DataField : //span[@class='icon-bars2']&&//a[@data-id='ManageExisting']
[INFO ][2016-01-20 14:40:00,123][com.java.SeleniumDriver] [  907] - DataValue : 
[INFO ][2016-01-20 14:40:00,123][com.java.SeleniumDriver] [  913] - <In Set values of the page>
[INFO ][2016-01-20 14:40:00,123][com.java.SeleniumDriver] [  916] - {Data Fields & Data Values Exist}
[INFO ][2016-01-20 14:40:00,123][com.java.SeleniumDriver] [  918] - --------------------------setting values-----------------------------
[INFO ][2016-01-20 14:40:00,123][com.java.SeleniumDriver] [  921] - Action Type : MOUSEOVER
[INFO ][2016-01-20 14:40:25,100][com.java.SeleniumDriver] [  930] -  RESULT true
[INFO ][2016-01-20 14:40:25,100][com.java.SeleniumDriver] [ 1136] - ?   P A S S   ?
[INFO ][2016-01-20 14:40:25,100][com.java.SeleniumDriver] [  856] - ------------------------------------------
[INFO ][2016-01-20 14:40:25,100][com.java.SeleniumDriver] [  857] - Test case being Executed: 6
[INFO ][2016-01-20 14:40:25,100][com.java.SeleniumDriver] [  869] - Test step:5
[INFO ][2016-01-20 14:40:25,100][com.java.SeleniumDriver] [  881] - Datavalue is----------3
[INFO ][2016-01-20 14:40:25,100][com.java.SeleniumDriver] [  905] - DataField : BTNframeDialogContent
[INFO ][2016-01-20 14:40:25,100][com.java.SeleniumDriver] [  907] - DataValue : 3
[INFO ][2016-01-20 14:40:25,100][com.java.SeleniumDriver] [  913] - <In Set values of the page>
[INFO ][2016-01-20 14:40:25,100][com.java.SeleniumDriver] [  916] - {Data Fields & Data Values Exist}
[INFO ][2016-01-20 14:40:25,100][com.java.SeleniumDriver] [  918] - --------------------------setting values-----------------------------
[INFO ][2016-01-20 14:40:25,100][com.java.SeleniumDriver] [  921] - Action Type : WaitForElement
[INFO ][2016-01-20 14:40:26,331][com.java.SeleniumDriver] [  930] -  RESULT true
[INFO ][2016-01-20 14:40:26,331][com.java.SeleniumDriver] [ 1136] - ?   P A S S   ?
[INFO ][2016-01-20 14:40:26,331][com.java.SeleniumDriver] [  856] - ------------------------------------------
[INFO ][2016-01-20 14:40:26,331][com.java.SeleniumDriver] [  857] - Test case being Executed: 6
[INFO ][2016-01-20 14:40:26,331][com.java.SeleniumDriver] [  869] - Test step:6
[INFO ][2016-01-20 14:40:26,331][com.java.SeleniumDriver] [  881] - Datavalue is----------null
[DEBUG][2016-01-20 14:40:26,331][com.java.SeleniumDriver] [  899] - Exception: null
[INFO ][2016-01-20 14:40:26,331][com.java.SeleniumDriver] [  905] - DataField : BTNframeDialogContent
[INFO ][2016-01-20 14:40:26,331][com.java.SeleniumDriver] [  907] - DataValue : 
[INFO ][2016-01-20 14:40:26,331][com.java.SeleniumDriver] [  913] - <In Set values of the page>
[INFO ][2016-01-20 14:40:26,331][com.java.SeleniumDriver] [  916] - {Data Fields & Data Values Exist}
[INFO ][2016-01-20 14:40:26,331][com.java.SeleniumDriver] [  918] - --------------------------setting values-----------------------------
[INFO ][2016-01-20 14:40:26,331][com.java.SeleniumDriver] [  921] - Action Type : SELECTFRAME
[INFO ][2016-01-20 14:40:27,642][com.java.SeleniumDriver] [  930] -  RESULT true
[INFO ][2016-01-20 14:40:27,642][com.java.SeleniumDriver] [ 1136] - ?   P A S S   ?
[INFO ][2016-01-20 14:40:27,642][com.java.SeleniumDriver] [  856] - ------------------------------------------
[INFO ][2016-01-20 14:40:27,642][com.java.SeleniumDriver] [  857] - Test case being Executed: 6
[INFO ][2016-01-20 14:40:27,642][com.java.SeleniumDriver] [  869] - Test step:7
[INFO ][2016-01-20 14:40:27,642][com.java.SeleniumDriver] [  881] - Datavalue is----------HMVTotemPoleNameNew
[INFO ][2016-01-20 14:40:27,642][com.java.SeleniumDriver] [  905] - DataField : SLBddlTotemPoles
[INFO ][2016-01-20 14:40:27,642][com.java.SeleniumDriver] [  907] - DataValue : HMVTotemPoleNameNew
[INFO ][2016-01-20 14:40:27,642][com.java.SeleniumDriver] [  913] - <In Set values of the page>
[INFO ][2016-01-20 14:40:27,642][com.java.SeleniumDriver] [  916] - {Data Fields & Data Values Exist}
[INFO ][2016-01-20 14:40:27,642][com.java.SeleniumDriver] [  918] - --------------------------setting values-----------------------------
[INFO ][2016-01-20 14:40:27,642][com.java.SeleniumDriver] [  921] - Action Type : Select
[INFO ][2016-01-20 14:40:27,642][com.java.TestType] [ 6202] - value = null
[INFO ][2016-01-20 14:40:29,844][com.java.SeleniumDriver] [  930] -  RESULT false
[INFO ][2016-01-20 14:40:29,844][com.java.SeleniumDriver] [  977] - ?   F A I L   ?
[INFO ][2016-01-20 14:40:29,844][com.java.SeleniumDriver] [  985] - Browser Type : IE10
[INFO ][2016-01-20 14:40:29,844][com.java.SeleniumDriver] [  986] - Adding Failed case6
[DEBUG][2016-01-20 14:40:30,584][com.java.SeleniumDriver] [ 1054] -  tdd.getCondition() IF:9:Next
[INFO ][2016-01-20 14:40:30,584][com.java.SeleniumDriver] [ 1058] - Continue next step...
[INFO ][2016-01-20 14:40:30,584][com.java.SeleniumDriver] [  856] - ------------------------------------------
[INFO ][2016-01-20 14:40:30,584][com.java.SeleniumDriver] [  857] - Test case being Executed: 6
[INFO ][2016-01-20 14:40:30,584][com.java.SeleniumDriver] [  869] - Test step:8
[INFO ][2016-01-20 14:40:30,584][com.java.SeleniumDriver] [  881] - Datavalue is----------index:1
[INFO ][2016-01-20 14:40:30,584][com.java.SeleniumDriver] [  905] - DataField : COBddlTotemPoles
[INFO ][2016-01-20 14:40:30,584][com.java.SeleniumDriver] [  907] - DataValue : index:1
[INFO ][2016-01-20 14:40:30,594][com.java.SeleniumDriver] [  913] - <In Set values of the page>
[INFO ][2016-01-20 14:40:30,594][com.java.SeleniumDriver] [  916] - {Data Fields & Data Values Exist}
[INFO ][2016-01-20 14:40:30,594][com.java.SeleniumDriver] [  918] - --------------------------setting values-----------------------------
[INFO ][2016-01-20 14:40:30,594][com.java.SeleniumDriver] [  921] - Action Type : Select
[INFO ][2016-01-20 14:40:30,594][com.java.TestType] [ 6202] - value = 1
[INFO ][2016-01-20 14:40:31,765][com.java.TestType] [ 6320] -  In COB ddlTotemPoles : 1
[INFO ][2016-01-20 14:40:31,955][com.java.SeleniumDriver] [  930] -  RESULT true
[INFO ][2016-01-20 14:40:31,955][com.java.SeleniumDriver] [ 1136] - ?   P A S S   ?
[INFO ][2016-01-20 14:40:31,955][com.java.SeleniumDriver] [  856] - ------------------------------------------
[INFO ][2016-01-20 14:40:31,955][com.java.SeleniumDriver] [  857] - Test case being Executed: 6
[INFO ][2016-01-20 14:40:31,955][com.java.SeleniumDriver] [  869] - Test step:9
[INFO ][2016-01-20 14:40:31,955][com.java.SeleniumDriver] [  881] - Datavalue is----------null
[DEBUG][2016-01-20 14:40:31,955][com.java.SeleniumDriver] [  899] - Exception: null
[INFO ][2016-01-20 14:40:31,955][com.java.SeleniumDriver] [  905] - DataField : BTNparent
[INFO ][2016-01-20 14:40:31,955][com.java.SeleniumDriver] [  907] - DataValue : 
[INFO ][2016-01-20 14:40:31,955][com.java.SeleniumDriver] [  913] - <In Set values of the page>
[INFO ][2016-01-20 14:40:31,955][com.java.SeleniumDriver] [  916] - {Data Fields & Data Values Exist}
[INFO ][2016-01-20 14:40:31,955][com.java.SeleniumDriver] [  918] - --------------------------setting values-----------------------------
[INFO ][2016-01-20 14:40:31,955][com.java.SeleniumDriver] [  921] - Action Type : SELECTFRAME
[INFO ][2016-01-20 14:40:31,965][com.java.SeleniumDriver] [  930] -  RESULT true
[INFO ][2016-01-20 14:40:31,965][com.java.SeleniumDriver] [ 1136] - ?   P A S S   ?
[INFO ][2016-01-20 14:40:31,965][com.java.SeleniumDriver] [  856] - ------------------------------------------
[INFO ][2016-01-20 14:40:31,965][com.java.SeleniumDriver] [  857] - Test case being Executed: 6
[INFO ][2016-01-20 14:40:31,965][com.java.SeleniumDriver] [  869] - Test step:10
[INFO ][2016-01-20 14:40:31,965][com.java.SeleniumDriver] [  881] - Datavalue is----------null
[DEBUG][2016-01-20 14:40:31,965][com.java.SeleniumDriver] [  899] - Exception: null
[INFO ][2016-01-20 14:40:31,965][com.java.SeleniumDriver] [  905] - DataField : HDN//span[text()='Select']
[INFO ][2016-01-20 14:40:31,965][com.java.SeleniumDriver] [  907] - DataValue : 
[INFO ][2016-01-20 14:40:31,965][com.java.SeleniumDriver] [  913] - <In Set values of the page>
[INFO ][2016-01-20 14:40:31,965][com.java.SeleniumDriver] [  916] - {Data Fields & Data Values Exist}
[INFO ][2016-01-20 14:40:31,965][com.java.SeleniumDriver] [  918] - --------------------------setting values-----------------------------
[INFO ][2016-01-20 14:40:31,965][com.java.SeleniumDriver] [  921] - Action Type : Click
[INFO ][2016-01-20 14:40:31,965][com.java.TestType] [ 6581] - Field ::HDN//span[text()='Select']
[INFO ][2016-01-20 14:40:31,965][com.java.TestType] [ 6202] - value = 
[INFO ][2016-01-20 14:40:33,166][com.java.SeleniumDriver] [  930] -  RESULT true
[INFO ][2016-01-20 14:40:33,166][com.java.SeleniumDriver] [ 1136] - ?   P A S S   ?
[INFO ][2016-01-20 14:40:33,166][com.java.SeleniumDriver] [  856] - ------------------------------------------
[INFO ][2016-01-20 14:40:33,166][com.java.SeleniumDriver] [  857] - Test case being Executed: 6
[INFO ][2016-01-20 14:40:33,166][com.java.SeleniumDriver] [  869] - Test step:11
[INFO ][2016-01-20 14:40:33,166][com.java.SeleniumDriver] [  881] - Datavalue is----------2
[INFO ][2016-01-20 14:40:33,166][com.java.SeleniumDriver] [  905] - DataField : BTNbtnAddItem.BalanceSheet
[INFO ][2016-01-20 14:40:33,166][com.java.SeleniumDriver] [  907] - DataValue : 2
[INFO ][2016-01-20 14:40:33,166][com.java.SeleniumDriver] [  913] - <In Set values of the page>
[INFO ][2016-01-20 14:40:33,166][com.java.SeleniumDriver] [  916] - {Data Fields & Data Values Exist}
[INFO ][2016-01-20 14:40:33,166][com.java.SeleniumDriver] [  918] - --------------------------setting values-----------------------------
[INFO ][2016-01-20 14:40:33,166][com.java.SeleniumDriver] [  921] - Action Type : WaitForElement
[INFO ][2016-01-20 14:40:35,289][com.java.SeleniumDriver] [  930] -  RESULT true
[INFO ][2016-01-20 14:40:35,289][com.java.SeleniumDriver] [ 1136] - ?   P A S S   ?
[INFO ][2016-01-20 14:40:35,289][com.java.SeleniumDriver] [  856] - ------------------------------------------
[INFO ][2016-01-20 14:40:35,289][com.java.SeleniumDriver] [  857] - Test case being Executed: 6
[INFO ][2016-01-20 14:40:35,289][com.java.SeleniumDriver] [  869] - Test step:12
[INFO ][2016-01-20 14:40:35,289][com.java.SeleniumDriver] [  881] - Datavalue is----------null
[DEBUG][2016-01-20 14:40:35,289][com.java.SeleniumDriver] [  899] - Exception: null
[INFO ][2016-01-20 14:40:35,289][com.java.SeleniumDriver] [  905] - DataField : HDNbtnAddItem.BalanceSheet
[INFO ][2016-01-20 14:40:35,289][com.java.SeleniumDriver] [  907] - DataValue : 
[INFO ][2016-01-20 14:40:35,289][com.java.SeleniumDriver] [  913] - <In Set values of the page>
[INFO ][2016-01-20 14:40:35,289][com.java.SeleniumDriver] [  916] - {Data Fields & Data Values Exist}
[INFO ][2016-01-20 14:40:35,289][com.java.SeleniumDriver] [  918] - --------------------------setting values-----------------------------
[INFO ][2016-01-20 14:40:35,289][com.java.SeleniumDriver] [  921] - Action Type : Click
[INFO ][2016-01-20 14:40:35,289][com.java.TestType] [ 6581] - Field ::HDNbtnAddItem.BalanceSheet
[INFO ][2016-01-20 14:40:35,289][com.java.TestType] [ 6202] - value = 
[INFO ][2016-01-20 14:40:37,978][com.java.SeleniumDriver] [  930] -  RESULT true
[INFO ][2016-01-20 14:40:37,978][com.java.SeleniumDriver] [ 1136] - ?   P A S S   ?
[INFO ][2016-01-20 14:40:37,978][com.java.SeleniumDriver] [  856] - ------------------------------------------
[INFO ][2016-01-20 14:40:37,978][com.java.SeleniumDriver] [  857] - Test case being Executed: 6
[INFO ][2016-01-20 14:40:37,978][com.java.SeleniumDriver] [  869] - Test step:13
[INFO ][2016-01-20 14:40:37,978][com.java.SeleniumDriver] [  881] - Datavalue is----------3
[INFO ][2016-01-20 14:40:37,978][com.java.SeleniumDriver] [  905] - DataField : BTNframeDialogContent
[INFO ][2016-01-20 14:40:37,978][com.java.SeleniumDriver] [  907] - DataValue : 3
[INFO ][2016-01-20 14:40:37,978][com.java.SeleniumDriver] [  913] - <In Set values of the page>
[INFO ][2016-01-20 14:40:37,978][com.java.SeleniumDriver] [  916] - {Data Fields & Data Values Exist}
[INFO ][2016-01-20 14:40:37,978][com.java.SeleniumDriver] [  918] - --------------------------setting values-----------------------------
[INFO ][2016-01-20 14:40:37,978][com.java.SeleniumDriver] [  921] - Action Type : WaitForElement
[INFO ][2016-01-20 14:40:39,201][com.java.SeleniumDriver] [  930] -  RESULT true
[INFO ][2016-01-20 14:40:39,201][com.java.SeleniumDriver] [ 1136] - ?   P A S S   ?
[INFO ][2016-01-20 14:40:39,201][com.java.SeleniumDriver] [  856] - ------------------------------------------
[INFO ][2016-01-20 14:40:39,201][com.java.SeleniumDriver] [  857] - Test case being Executed: 6
[INFO ][2016-01-20 14:40:39,201][com.java.SeleniumDriver] [  869] - Test step:14
[INFO ][2016-01-20 14:40:39,201][com.java.SeleniumDriver] [  881] - Datavalue is----------null
[DEBUG][2016-01-20 14:40:39,201][com.java.SeleniumDriver] [  899] - Exception: null
[INFO ][2016-01-20 14:40:39,201][com.java.SeleniumDriver] [  905] - DataField : BTNframeDialogContent
[INFO ][2016-01-20 14:40:39,201][com.java.SeleniumDriver] [  907] - DataValue : 
[INFO ][2016-01-20 14:40:39,201][com.java.SeleniumDriver] [  913] - <In Set values of the page>
[INFO ][2016-01-20 14:40:39,201][com.java.SeleniumDriver] [  916] - {Data Fields & Data Values Exist}
[INFO ][2016-01-20 14:40:39,201][com.java.SeleniumDriver] [  918] - --------------------------setting values-----------------------------
[INFO ][2016-01-20 14:40:39,201][com.java.SeleniumDriver] [  921] - Action Type : SELECTFRAME
[INFO ][2016-01-20 14:40:40,456][com.java.SeleniumDriver] [  930] -  RESULT true
[INFO ][2016-01-20 14:40:40,456][com.java.SeleniumDriver] [ 1136] - ?   P A S S   ?
[INFO ][2016-01-20 14:40:40,456][com.java.SeleniumDriver] [  856] - ------------------------------------------
[INFO ][2016-01-20 14:40:40,456][com.java.SeleniumDriver] [  857] - Test case being Executed: 6
[INFO ][2016-01-20 14:40:40,456][com.java.SeleniumDriver] [  869] - Test step:15
[INFO ][2016-01-20 14:40:40,456][com.java.SeleniumDriver] [  881] - Datavalue is----------3
[INFO ][2016-01-20 14:40:40,456][com.java.SeleniumDriver] [  905] - DataField : BTNtxtItemTitle
[INFO ][2016-01-20 14:40:40,456][com.java.SeleniumDriver] [  907] - DataValue : 3
[INFO ][2016-01-20 14:40:40,456][com.java.SeleniumDriver] [  913] - <In Set values of the page>
[INFO ][2016-01-20 14:40:40,456][com.java.SeleniumDriver] [  916] - {Data Fields & Data Values Exist}
[INFO ][2016-01-20 14:40:40,456][com.java.SeleniumDriver] [  918] - --------------------------setting values-----------------------------
[INFO ][2016-01-20 14:40:40,456][com.java.SeleniumDriver] [  921] - Action Type : WaitForElement
[INFO ][2016-01-20 14:40:41,498][com.java.SeleniumDriver] [  930] -  RESULT true
[INFO ][2016-01-20 14:40:41,498][com.java.SeleniumDriver] [ 1136] - ?   P A S S   ?
[INFO ][2016-01-20 14:40:41,498][com.java.SeleniumDriver] [  856] - ------------------------------------------
[INFO ][2016-01-20 14:40:41,498][com.java.SeleniumDriver] [  857] - Test case being Executed: 6
[INFO ][2016-01-20 14:40:41,498][com.java.SeleniumDriver] [  869] - Test step:16
[INFO ][2016-01-20 14:40:41,498][com.java.SeleniumDriver] [  881] - Datavalue is----------RNDVLBSItem
[INFO ][2016-01-20 14:40:41,498][com.java.SeleniumDriver] [  905] - DataField : TXTtxtItemTitle
[INFO ][2016-01-20 14:40:41,498][com.java.SeleniumDriver] [  907] - DataValue : RNDVLBSItem
[INFO ][2016-01-20 14:40:41,498][com.java.SeleniumDriver] [  913] - <In Set values of the page>
[INFO ][2016-01-20 14:40:41,498][com.java.SeleniumDriver] [  916] - {Data Fields & Data Values Exist}
[INFO ][2016-01-20 14:40:41,498][com.java.SeleniumDriver] [  918] - --------------------------setting values-----------------------------
[INFO ][2016-01-20 14:40:41,498][com.java.SeleniumDriver] [  921] - Action Type : Enter
[INFO ][2016-01-20 14:40:41,498][com.java.TestType] [ 7106] - field = txtItemTitle
[INFO ][2016-01-20 14:40:41,498][com.java.TestType] [ 6202] - value = VLBSItem98797
[INFO ][2016-01-20 14:40:43,471][com.java.SeleniumDriver] [  930] -  RESULT true
[INFO ][2016-01-20 14:40:43,471][com.java.SeleniumDriver] [ 1136] - ?   P A S S   ?
[INFO ][2016-01-20 14:40:43,471][com.java.SeleniumDriver] [  856] - ------------------------------------------
[INFO ][2016-01-20 14:40:43,471][com.java.SeleniumDriver] [  857] - Test case being Executed: 6
[INFO ][2016-01-20 14:40:43,471][com.java.SeleniumDriver] [  869] - Test step:17
[INFO ][2016-01-20 14:40:43,471][com.java.SeleniumDriver] [  881] - Datavalue is----------1
[INFO ][2016-01-20 14:40:43,471][com.java.SeleniumDriver] [  905] - DataField : test
[INFO ][2016-01-20 14:40:43,471][com.java.SeleniumDriver] [  907] - DataValue : 1
[INFO ][2016-01-20 14:40:43,471][com.java.SeleniumDriver] [  913] - <In Set values of the page>
[INFO ][2016-01-20 14:40:43,471][com.java.SeleniumDriver] [  916] - {Data Fields & Data Values Exist}
[INFO ][2016-01-20 14:40:43,471][com.java.SeleniumDriver] [  918] - --------------------------setting values-----------------------------
[INFO ][2016-01-20 14:40:43,471][com.java.SeleniumDriver] [  921] - Action Type : WaitTime
[DEBUG][2016-01-20 14:40:43,471][com.java.TestType] [ 6016] - sleepTime: 1000
[INFO ][2016-01-20 14:40:44,471][com.java.SeleniumDriver] [  930] -  RESULT true
[INFO ][2016-01-20 14:40:44,471][com.java.SeleniumDriver] [ 1136] - ?   P A S S   ?
[INFO ][2016-01-20 14:40:44,471][com.java.SeleniumDriver] [  856] - ------------------------------------------
[INFO ][2016-01-20 14:40:44,471][com.java.SeleniumDriver] [  857] - Test case being Executed: 6
[INFO ][2016-01-20 14:40:44,471][com.java.SeleniumDriver] [  869] - Test step:18
[INFO ][2016-01-20 14:40:44,471][com.java.SeleniumDriver] [  881] - Datavalue is----------BSItemName
[INFO ][2016-01-20 14:40:44,471][com.java.SeleniumDriver] [  905] - DataField : TXTtxtItemTitle
[INFO ][2016-01-20 14:40:44,471][com.java.SeleniumDriver] [  907] - DataValue : BSItemName
[INFO ][2016-01-20 14:40:44,471][com.java.SeleniumDriver] [  913] - <In Set values of the page>
[INFO ][2016-01-20 14:40:44,471][com.java.SeleniumDriver] [  916] - {Data Fields & Data Values Exist}
[INFO ][2016-01-20 14:40:44,471][com.java.SeleniumDriver] [  918] - --------------------------setting values-----------------------------
[INFO ][2016-01-20 14:40:44,471][com.java.SeleniumDriver] [  921] - Action Type : StoreValue
[INFO ][2016-01-20 14:40:44,471][com.java.TestType] [ 9141] - field= TXTtxtItemTitle
[DEBUG][2016-01-20 14:40:45,553][com.java.TestType] [ 9155] - Key:: BSItemName  Value:: VLBSItem98797
[INFO ][2016-01-20 14:40:45,553][com.java.SeleniumDriver] [  930] -  RESULT true
[INFO ][2016-01-20 14:40:45,553][com.java.SeleniumDriver] [ 1136] - ?   P A S S   ?
[INFO ][2016-01-20 14:40:45,553][com.java.SeleniumDriver] [  856] - ------------------------------------------
[INFO ][2016-01-20 14:40:45,553][com.java.SeleniumDriver] [  857] - Test case being Executed: 6
[INFO ][2016-01-20 14:40:45,553][com.java.SeleniumDriver] [  869] - Test step:19
[INFO ][2016-01-20 14:40:45,553][com.java.SeleniumDriver] [  881] - Datavalue is----------40
[INFO ][2016-01-20 14:40:45,553][com.java.SeleniumDriver] [  905] - DataField : TXTtxtItemWeight
[INFO ][2016-01-20 14:40:45,553][com.java.SeleniumDriver] [  907] - DataValue : 40
[INFO ][2016-01-20 14:40:45,553][com.java.SeleniumDriver] [  913] - <In Set values of the page>
[INFO ][2016-01-20 14:40:45,553][com.java.SeleniumDriver] [  916] - {Data Fields & Data Values Exist}
[INFO ][2016-01-20 14:40:45,553][com.java.SeleniumDriver] [  918] - --------------------------setting values-----------------------------
[INFO ][2016-01-20 14:40:45,553][com.java.SeleniumDriver] [  921] - Action Type : ClearAndEnter
[INFO ][2016-01-20 14:40:46,704][com.java.TestType] [ 6202] - value = 40
[INFO ][2016-01-20 14:40:47,875][com.java.SeleniumDriver] [  930] -  RESULT true
[INFO ][2016-01-20 14:40:47,875][com.java.SeleniumDriver] [ 1136] - ?   P A S S   ?
[INFO ][2016-01-20 14:40:47,875][com.java.SeleniumDriver] [  856] - ------------------------------------------
[INFO ][2016-01-20 14:40:47,875][com.java.SeleniumDriver] [  857] - Test case being Executed: 6
[INFO ][2016-01-20 14:40:47,875][com.java.SeleniumDriver] [  869] - Test step:20
[INFO ][2016-01-20 14:40:47,875][com.java.SeleniumDriver] [  881] - Datavalue is----------null
[DEBUG][2016-01-20 14:40:47,875][com.java.SeleniumDriver] [  899] - Exception: null
[INFO ][2016-01-20 14:40:47,875][com.java.SeleniumDriver] [  905] - DataField : HDNchkAvg
[INFO ][2016-01-20 14:40:47,875][com.java.SeleniumDriver] [  907] - DataValue : 
[INFO ][2016-01-20 14:40:47,875][com.java.SeleniumDriver] [  913] - <In Set values of the page>
[INFO ][2016-01-20 14:40:47,875][com.java.SeleniumDriver] [  916] - {Data Fields & Data Values Exist}
[INFO ][2016-01-20 14:40:47,875][com.java.SeleniumDriver] [  918] - --------------------------setting values-----------------------------
[INFO ][2016-01-20 14:40:47,875][com.java.SeleniumDriver] [  921] - Action Type : Click
[INFO ][2016-01-20 14:40:47,875][com.java.TestType] [ 6581] - Field ::HDNchkAvg
[INFO ][2016-01-20 14:40:47,875][com.java.TestType] [ 6202] - value = 
[INFO ][2016-01-20 14:40:49,956][com.java.SeleniumDriver] [  930] -  RESULT true
[INFO ][2016-01-20 14:40:49,956][com.java.SeleniumDriver] [ 1136] - ?   P A S S   ?
[INFO ][2016-01-20 14:40:49,956][com.java.SeleniumDriver] [  856] - ------------------------------------------
[INFO ][2016-01-20 14:40:49,956][com.java.SeleniumDriver] [  857] - Test case being Executed: 6
[INFO ][2016-01-20 14:40:49,956][com.java.SeleniumDriver] [  869] - Test step:21
[INFO ][2016-01-20 14:40:49,956][com.java.SeleniumDriver] [  881] - Datavalue is----------Change
[INFO ][2016-01-20 14:40:49,956][com.java.SeleniumDriver] [  905] - DataField : SLBddlItemVariance
[INFO ][2016-01-20 14:40:49,956][com.java.SeleniumDriver] [  907] - DataValue : Change
[INFO ][2016-01-20 14:40:49,956][com.java.SeleniumDriver] [  913] - <In Set values of the page>
[INFO ][2016-01-20 14:40:49,956][com.java.SeleniumDriver] [  916] - {Data Fields & Data Values Exist}
[INFO ][2016-01-20 14:40:49,956][com.java.SeleniumDriver] [  918] - --------------------------setting values-----------------------------
[INFO ][2016-01-20 14:40:49,956][com.java.SeleniumDriver] [  921] - Action Type : Select
[INFO ][2016-01-20 14:40:49,956][com.java.TestType] [ 6202] - value = Change
[INFO ][2016-01-20 14:40:52,288][com.java.SeleniumDriver] [  930] -  RESULT true
[INFO ][2016-01-20 14:40:52,288][com.java.SeleniumDriver] [ 1136] - ?   P A S S   ?
[INFO ][2016-01-20 14:40:52,288][com.java.SeleniumDriver] [  856] - ------------------------------------------
[INFO ][2016-01-20 14:40:52,288][com.java.SeleniumDriver] [  857] - Test case being Executed: 6
[INFO ][2016-01-20 14:40:52,288][com.java.SeleniumDriver] [  869] - Test step:22
[INFO ][2016-01-20 14:40:52,288][com.java.SeleniumDriver] [  881] - Datavalue is----------3
[INFO ][2016-01-20 14:40:52,288][com.java.SeleniumDriver] [  905] - DataField : test
[INFO ][2016-01-20 14:40:52,288][com.java.SeleniumDriver] [  907] - DataValue : 3
[INFO ][2016-01-20 14:40:52,288][com.java.SeleniumDriver] [  913] - <In Set values of the page>
[INFO ][2016-01-20 14:40:52,288][com.java.SeleniumDriver] [  916] - {Data Fields & Data Values Exist}
[INFO ][2016-01-20 14:40:52,288][com.java.SeleniumDriver] [  918] - --------------------------setting values-----------------------------
[INFO ][2016-01-20 14:40:52,288][com.java.SeleniumDriver] [  921] - Action Type : WaitTime
[DEBUG][2016-01-20 14:40:52,288][com.java.TestType] [ 6016] - sleepTime: 3000
[INFO ][2016-01-20 14:40:55,288][com.java.SeleniumDriver] [  930] -  RESULT true
[INFO ][2016-01-20 14:40:55,288][com.java.SeleniumDriver] [ 1136] - ?   P A S S   ?
[INFO ][2016-01-20 14:40:55,288][com.java.SeleniumDriver] [  856] - ------------------------------------------
[INFO ][2016-01-20 14:40:55,288][com.java.SeleniumDriver] [  857] - Test case being Executed: 6
[INFO ][2016-01-20 14:40:55,288][com.java.SeleniumDriver] [  869] - Test step:23
[INFO ][2016-01-20 14:40:55,288][com.java.SeleniumDriver] [  881] - Datavalue is----------Actual
[INFO ][2016-01-20 14:40:55,288][com.java.SeleniumDriver] [  905] - DataField : SLBddlVarianceSource
[INFO ][2016-01-20 14:40:55,288][com.java.SeleniumDriver] [  907] - DataValue : Actual
[INFO ][2016-01-20 14:40:55,288][com.java.SeleniumDriver] [  913] - <In Set values of the page>
[INFO ][2016-01-20 14:40:55,288][com.java.SeleniumDriver] [  916] - {Data Fields & Data Values Exist}
[INFO ][2016-01-20 14:40:55,288][com.java.SeleniumDriver] [  918] - --------------------------setting values-----------------------------
[INFO ][2016-01-20 14:40:55,288][com.java.SeleniumDriver] [  921] - Action Type : Select
[INFO ][2016-01-20 14:40:55,288][com.java.TestType] [ 6202] - value = Actual
[INFO ][2016-01-20 14:40:57,612][com.java.SeleniumDriver] [  930] -  RESULT true
[INFO ][2016-01-20 14:40:57,612][com.java.SeleniumDriver] [ 1136] - ?   P A S S   ?
[INFO ][2016-01-20 14:40:57,612][com.java.SeleniumDriver] [  856] - ------------------------------------------
[INFO ][2016-01-20 14:40:57,612][com.java.SeleniumDriver] [  857] - Test case being Executed: 6
[INFO ][2016-01-20 14:40:57,612][com.java.SeleniumDriver] [  869] - Test step:24
[INFO ][2016-01-20 14:40:57,612][com.java.SeleniumDriver] [  881] - Datavalue is----------Same Period
[INFO ][2016-01-20 14:40:57,612][com.java.SeleniumDriver] [  905] - DataField : SLBddlVarianceRange
[INFO ][2016-01-20 14:40:57,612][com.java.SeleniumDriver] [  907] - DataValue : Same Period
[INFO ][2016-01-20 14:40:57,612][com.java.SeleniumDriver] [  913] - <In Set values of the page>
[INFO ][2016-01-20 14:40:57,612][com.java.SeleniumDriver] [  916] - {Data Fields & Data Values Exist}
[INFO ][2016-01-20 14:40:57,612][com.java.SeleniumDriver] [  918] - --------------------------setting values-----------------------------
[INFO ][2016-01-20 14:40:57,612][com.java.SeleniumDriver] [  921] - Action Type : Select
[INFO ][2016-01-20 14:40:57,612][com.java.TestType] [ 6202] - value = Same Period
[INFO ][2016-01-20 14:40:59,944][com.java.SeleniumDriver] [  930] -  RESULT true
[INFO ][2016-01-20 14:40:59,944][com.java.SeleniumDriver] [ 1136] - ?   P A S S   ?
[INFO ][2016-01-20 14:40:59,944][com.java.SeleniumDriver] [  856] - ------------------------------------------
[INFO ][2016-01-20 14:40:59,944][com.java.SeleniumDriver] [  857] - Test case being Executed: 6
[INFO ][2016-01-20 14:40:59,944][com.java.SeleniumDriver] [  869] - Test step:25
[INFO ][2016-01-20 14:40:59,944][com.java.SeleniumDriver] [  881] - Datavalue is----------null
[DEBUG][2016-01-20 14:40:59,944][com.java.SeleniumDriver] [  899] - Exception: null
[INFO ][2016-01-20 14:40:59,944][com.java.SeleniumDriver] [  905] - DataField : BTN//select[@id='opGroups']/optgroup[1]/option[2]
[INFO ][2016-01-20 14:40:59,944][com.java.SeleniumDriver] [  907] - DataValue : 
[INFO ][2016-01-20 14:40:59,944][com.java.SeleniumDriver] [  913] - <In Set values of the page>
[INFO ][2016-01-20 14:40:59,944][com.java.SeleniumDriver] [  916] - {Data Fields & Data Values Exist}
[INFO ][2016-01-20 14:40:59,944][com.java.SeleniumDriver] [  918] - --------------------------setting values-----------------------------
[INFO ][2016-01-20 14:40:59,944][com.java.SeleniumDriver] [  921] - Action Type : Click
[INFO ][2016-01-20 14:40:59,944][com.java.TestType] [ 6581] - Field ::BTN//select[@id='opGroups']/optgroup[1]/option[2]
[INFO ][2016-01-20 14:40:59,944][com.java.TestType] [ 6202] - value = 
[INFO ][2016-01-20 14:41:00,944][com.java.TestType] [ 6701] - BEFORE CLICK
[INFO ][2016-01-20 14:41:01,085][com.java.TestType] [ 6708] - Unable to click the object Group option
[INFO ][2016-01-20 14:41:01,085][com.java.SeleniumDriver] [  930] -  RESULT true
[INFO ][2016-01-20 14:41:01,085][com.java.SeleniumDriver] [ 1136] - ?   P A S S   ?
[INFO ][2016-01-20 14:41:01,085][com.java.SeleniumDriver] [ 1178] - step change to 27
[INFO ][2016-01-20 14:41:01,085][com.java.SeleniumDriver] [  856] - ------------------------------------------
[INFO ][2016-01-20 14:41:01,085][com.java.SeleniumDriver] [  857] - Test case being Executed: 6
[INFO ][2016-01-20 14:41:01,085][com.java.SeleniumDriver] [  869] - Test step:27
[INFO ][2016-01-20 14:41:01,085][com.java.SeleniumDriver] [  881] - Datavalue is----------5
[INFO ][2016-01-20 14:41:01,085][com.java.SeleniumDriver] [  905] - DataField : BTN//select[@id='opAccounts']/option[1]
[INFO ][2016-01-20 14:41:01,085][com.java.SeleniumDriver] [  907] - DataValue : 5
[INFO ][2016-01-20 14:41:01,085][com.java.SeleniumDriver] [  913] - <In Set values of the page>
[INFO ][2016-01-20 14:41:01,085][com.java.SeleniumDriver] [  916] - {Data Fields & Data Values Exist}
[INFO ][2016-01-20 14:41:01,085][com.java.SeleniumDriver] [  918] - --------------------------setting values-----------------------------
[INFO ][2016-01-20 14:41:01,085][com.java.SeleniumDriver] [  921] - Action Type : WaitForElement
[INFO ][2016-01-20 14:41:02,165][com.java.SeleniumDriver] [  930] -  RESULT true
[INFO ][2016-01-20 14:41:02,165][com.java.SeleniumDriver] [ 1136] - ?   P A S S   ?
[INFO ][2016-01-20 14:41:02,165][com.java.SeleniumDriver] [  856] - ------------------------------------------
[INFO ][2016-01-20 14:41:02,165][com.java.SeleniumDriver] [  857] - Test case being Executed: 6
[INFO ][2016-01-20 14:41:02,165][com.java.SeleniumDriver] [  869] - Test step:28
[INFO ][2016-01-20 14:41:02,165][com.java.SeleniumDriver] [  881] - Datavalue is----------null
[DEBUG][2016-01-20 14:41:02,165][com.java.SeleniumDriver] [  899] - Exception: null
[INFO ][2016-01-20 14:41:02,165][com.java.SeleniumDriver] [  905] - DataField : DBL//select[@id='opAccounts']/option[1]
[INFO ][2016-01-20 14:41:02,165][com.java.SeleniumDriver] [  907] - DataValue : 
[INFO ][2016-01-20 14:41:02,165][com.java.SeleniumDriver] [  913] - <In Set values of the page>
[INFO ][2016-01-20 14:41:02,165][com.java.SeleniumDriver] [  916] - {Data Fields & Data Values Exist}
[INFO ][2016-01-20 14:41:02,165][com.java.SeleniumDriver] [  918] - --------------------------setting values-----------------------------
[INFO ][2016-01-20 14:41:02,165][com.java.SeleniumDriver] [  921] - Action Type : Click
[INFO ][2016-01-20 14:41:02,165][com.java.TestType] [ 6581] - Field ::DBL//select[@id='opAccounts']/option[1]
[INFO ][2016-01-20 14:41:02,165][com.java.TestType] [ 6202] - value = 
[INFO ][2016-01-20 14:41:03,547][com.java.SeleniumDriver] [  930] -  RESULT true
[INFO ][2016-01-20 14:41:03,547][com.java.SeleniumDriver] [ 1136] - ?   P A S S   ?
[INFO ][2016-01-20 14:41:03,547][com.java.SeleniumDriver] [  856] - ------------------------------------------
[INFO ][2016-01-20 14:41:03,547][com.java.SeleniumDriver] [  857] - Test case being Executed: 6
[INFO ][2016-01-20 14:41:03,547][com.java.SeleniumDriver] [  869] - Test step:29
[INFO ][2016-01-20 14:41:03,547][com.java.SeleniumDriver] [  881] - Datavalue is----------5
[INFO ][2016-01-20 14:41:03,547][com.java.SeleniumDriver] [  905] - DataField : BTN//div[@id="expression"]/span[2]
[INFO ][2016-01-20 14:41:03,547][com.java.SeleniumDriver] [  907] - DataValue : 5
[INFO ][2016-01-20 14:41:03,547][com.java.SeleniumDriver] [  913] - <In Set values of the page>
[INFO ][2016-01-20 14:41:03,547][com.java.SeleniumDriver] [  916] - {Data Fields & Data Values Exist}
[INFO ][2016-01-20 14:41:03,547][com.java.SeleniumDriver] [  918] - --------------------------setting values-----------------------------
[INFO ][2016-01-20 14:41:03,547][com.java.SeleniumDriver] [  921] - Action Type : WaitForElement
[INFO ][2016-01-20 14:41:48,576][com.java.SeleniumDriver] [  930] -  RESULT true
[INFO ][2016-01-20 14:41:48,576][com.java.SeleniumDriver] [ 1136] - ?   P A S S   ?
[INFO ][2016-01-20 14:41:48,576][com.java.SeleniumDriver] [  856] - ------------------------------------------
[INFO ][2016-01-20 14:41:48,576][com.java.SeleniumDriver] [  857] - Test case being Executed: 6
[INFO ][2016-01-20 14:41:48,576][com.java.SeleniumDriver] [  869] - Test step:30
[INFO ][2016-01-20 14:41:48,576][com.java.SeleniumDriver] [  881] - Datavalue is----------null
[DEBUG][2016-01-20 14:41:48,576][com.java.SeleniumDriver] [  899] - Exception: null
[INFO ][2016-01-20 14:41:48,576][com.java.SeleniumDriver] [  905] - DataField : BTNbtnSave
[INFO ][2016-01-20 14:41:48,576][com.java.SeleniumDriver] [  907] - DataValue : 
[INFO ][2016-01-20 14:41:48,576][com.java.SeleniumDriver] [  913] - <In Set values of the page>
[INFO ][2016-01-20 14:41:48,576][com.java.SeleniumDriver] [  916] - {Data Fields & Data Values Exist}
[INFO ][2016-01-20 14:41:48,576][com.java.SeleniumDriver] [  918] - --------------------------setting values-----------------------------
[INFO ][2016-01-20 14:41:48,576][com.java.SeleniumDriver] [  921] - Action Type : Click
[INFO ][2016-01-20 14:41:48,576][com.java.TestType] [ 6581] - Field ::BTNbtnSave
[INFO ][2016-01-20 14:41:48,576][com.java.TestType] [ 6202] - value = 
[INFO ][2016-01-20 14:41:49,578][com.java.TestType] [ 6701] - BEFORE CLICK
[INFO ][2016-01-20 14:41:50,759][com.java.TestType] [ 6708] - Unable to click the object Average check box
[INFO ][2016-01-20 14:41:50,759][com.java.SeleniumDriver] [  930] -  RESULT true
[INFO ][2016-01-20 14:41:50,759][com.java.SeleniumDriver] [ 1136] - ?   P A S S   ?
[INFO ][2016-01-20 14:41:50,759][com.java.SeleniumDriver] [  856] - ------------------------------------------
[INFO ][2016-01-20 14:41:50,759][com.java.SeleniumDriver] [  857] - Test case being Executed: 6
[INFO ][2016-01-20 14:41:50,759][com.java.SeleniumDriver] [  869] - Test step:31
[INFO ][2016-01-20 14:41:50,759][com.java.SeleniumDriver] [  881] - Datavalue is----------5
[INFO ][2016-01-20 14:41:50,759][com.java.SeleniumDriver] [  905] - DataField : BTNbtnAddItem.BalanceSheet
[INFO ][2016-01-20 14:41:50,759][com.java.SeleniumDriver] [  907] - DataValue : 5
[INFO ][2016-01-20 14:41:50,759][com.java.SeleniumDriver] [  913] - <In Set values of the page>
[INFO ][2016-01-20 14:41:50,759][com.java.SeleniumDriver] [  916] - {Data Fields & Data Values Exist}
[INFO ][2016-01-20 14:41:50,759][com.java.SeleniumDriver] [  918] - --------------------------setting values-----------------------------
[INFO ][2016-01-20 14:41:50,759][com.java.SeleniumDriver] [  921] - Action Type : WaitForElement
