[INFO ][2015-11-30 17:34:02,890][com.java.SeleniumDriver] [  213] - Execute Failed Casesfalse
[INFO ][2015-11-30 17:34:02,890][com.java.SeleniumDriver] [  214] - Browser: IE10
[INFO ][2015-11-30 17:34:02,890][com.java.SeleniumDriver] [  215] - [1, 3]
[INFO ][2015-11-30 17:34:02,890][com.java.SeleniumDriver] [  216] - Total TestCases:2
[INFO ][2015-11-30 17:34:02,890][com.java.SeleniumDriver] [  217] -  Reading Properties from Property File 
[DEBUG][2015-11-30 17:34:02,890][com.java.SeleniumDriver] [  238] - url : https://clients-xuat.bankersdashboard.com
[INFO ][2015-11-30 17:34:02,890][com.java.ImportnExport.ExportTestResultsExcel] [  116] - Time Stamp Mon Nov 30 05:34:02 IST 2015
[INFO ][2015-11-30 17:34:02,890][com.java.ImportnExport.ExportTestResultsExcel] [  175] - OUT FILE : D:\BankersDashboard/TestReports/Test Results_BankersDashBoard_113015_173402_IE10_Bank of North Carolina.xls
[INFO ][2015-11-30 17:34:02,911][com.java.ImportnExport.ExportTestResultsExcel] [  180] - Test Result file is created
[DEBUG][2015-11-30 17:34:03,011][com.java.SeleniumDriver] [  426] - Hub ip address is-------172.17.68.34
[INFO ][2015-11-30 17:34:03,011][com.java.SeleniumDriver] [  452] - Grid URL:http://172.17.68.34:4444/wd/hub
[INFO ][2015-11-30 17:34:03,011][com.java.SeleniumDriver] [  453] - Capability:Capabilities [{platform=ANY, ensureCleanSession=true, ignoreProtectedModeSettings=true, acceptSslCerts=true, ignoreZoomSetting=true, browserName=internet explorer, browserstack.ie.noFlash=true, version=null}]
[ERROR][2015-11-30 17:34:04,311][com.java.SeleniumDriver] [  497] - Unable invoke browser in grid:Could not start a new session. Possible causes are invalid address of the remote server or browser start-up failure.
Build info: version: '2.48.2', revision: '41bccdd', time: '2015-10-09 19:59:12'
System info: host: 'FVTIII438F1D', ip: '172.17.68.34', os.name: 'Windows 7', os.arch: 'x86', os.version: '6.1', java.version: '1.7.0_55'
Driver info: driver.version: SeleniumDriver
[INFO ][2015-11-30 17:34:04,311][com.java.SeleniumDriver] [  499] - Executing on local machine
[INFO ][2015-11-30 17:34:14,258][com.java.SeleniumDriver] [  248] - IE10is opened
[INFO ][2015-11-30 17:34:15,216][com.java.SeleniumDriver] [  754] - Test cases to be executed are: [1, 3]
[INFO ][2015-11-30 17:34:15,237][com.java.ImportnExport.ImportTestDataDetailsExcel] [   49] - test data details path===== D:\BankersDashboard\TestInputs\TestData.xls
[INFO ][2015-11-30 17:34:15,297][com.java.SeleniumDriver] [  801] - ------------------------------------------
[INFO ][2015-11-30 17:34:15,297][com.java.SeleniumDriver] [  802] - Test case being Executed: 1
[INFO ][2015-11-30 17:34:15,297][com.java.SeleniumDriver] [  813] - Test step:1
[INFO ][2015-11-30 17:34:15,297][com.java.SeleniumDriver] [  825] - Datavalue is----------Concept#1:1-14
[INFO ][2015-11-30 17:34:15,297][com.java.SeleniumDriver] [  849] - DataField : test
[INFO ][2015-11-30 17:34:15,297][com.java.SeleniumDriver] [  851] - DataValue : Concept#1:1-14
[INFO ][2015-11-30 17:34:15,297][com.java.SeleniumDriver] [  857] - <In Set values of the page>
[INFO ][2015-11-30 17:34:15,297][com.java.SeleniumDriver] [  860] - {Data Fields & Data Values Exist}
[INFO ][2015-11-30 17:34:15,297][com.java.SeleniumDriver] [  862] - --------------------------setting values-----------------------------
[INFO ][2015-11-30 17:34:15,297][com.java.SeleniumDriver] [  865] - Action Type : ExecuteTestCase
[INFO ][2015-11-30 17:34:15,317][com.java.TestType] [  433] - The Concept sheet name is ---------- Concept
[INFO ][2015-11-30 17:34:15,317][com.java.TestType] [  436] - The Concept ID  is ---------- 1
[DEBUG][2015-11-30 17:34:15,317][com.java.TestType] [  440] - Steps being executted in the Concept are: 1:14
[INFO ][2015-11-30 17:34:15,317][com.java.TestType] [  447] - Test data details path ---------- D:\BankersDashboard\TestInputs\TestData.xls
[INFO ][2015-11-30 17:34:15,347][com.java.TestType] [  478] -  str(1) = 1
[INFO ][2015-11-30 17:34:15,347][com.java.TestType] [  481] - Test case Id is---1
[INFO ][2015-11-30 17:34:15,347][com.java.TestType] [  483] - 1
[INFO ][2015-11-30 17:34:15,347][com.java.TestType] [  478] -  str(2) = 1
[INFO ][2015-11-30 17:34:15,357][com.java.TestType] [  530] - row values are--------{1=com.java.Objects.TestDataDetails@10325a9}
[INFO ][2015-11-30 17:34:15,357][com.java.TestType] [  478] -  str(1) = 1
[INFO ][2015-11-30 17:34:15,357][com.java.TestType] [  481] - Test case Id is---1
[INFO ][2015-11-30 17:34:15,357][com.java.TestType] [  483] - 1
[INFO ][2015-11-30 17:34:15,357][com.java.TestType] [  478] -  str(2) = 2
[INFO ][2015-11-30 17:34:15,357][com.java.TestType] [  530] - row values are--------{1=com.java.Objects.TestDataDetails@10325a9, 2=com.java.Objects.TestDataDetails@1ebc153}
[INFO ][2015-11-30 17:34:15,357][com.java.TestType] [  478] -  str(1) = 1
[INFO ][2015-11-30 17:34:15,357][com.java.TestType] [  481] - Test case Id is---1
[INFO ][2015-11-30 17:34:15,357][com.java.TestType] [  483] - 1
[INFO ][2015-11-30 17:34:15,357][com.java.TestType] [  478] -  str(2) = 3
[INFO ][2015-11-30 17:34:15,357][com.java.TestType] [  530] - row values are--------{1=com.java.Objects.TestDataDetails@10325a9, 2=com.java.Objects.TestDataDetails@1ebc153, 3=com.java.Objects.TestDataDetails@509a05}
[INFO ][2015-11-30 17:34:15,357][com.java.TestType] [  478] -  str(1) = 1
[INFO ][2015-11-30 17:34:15,357][com.java.TestType] [  481] - Test case Id is---1
[INFO ][2015-11-30 17:34:15,357][com.java.TestType] [  483] - 1
[INFO ][2015-11-30 17:34:15,357][com.java.TestType] [  478] -  str(2) = 4
[INFO ][2015-11-30 17:34:15,357][com.java.TestType] [  530] - row values are--------{1=com.java.Objects.TestDataDetails@10325a9, 2=com.java.Objects.TestDataDetails@1ebc153, 3=com.java.Objects.TestDataDetails@509a05, 4=com.java.Objects.TestDataDetails@f44dd0}
[INFO ][2015-11-30 17:34:15,357][com.java.TestType] [  478] -  str(1) = 1
[INFO ][2015-11-30 17:34:15,357][com.java.TestType] [  481] - Test case Id is---1
[INFO ][2015-11-30 17:34:15,357][com.java.TestType] [  483] - 1
[INFO ][2015-11-30 17:34:15,357][com.java.TestType] [  478] -  str(2) = 5
[INFO ][2015-11-30 17:34:15,357][com.java.TestType] [  530] - row values are--------{1=com.java.Objects.TestDataDetails@10325a9, 2=com.java.Objects.TestDataDetails@1ebc153, 3=com.java.Objects.TestDataDetails@509a05, 4=com.java.Objects.TestDataDetails@f44dd0, 5=com.java.Objects.TestDataDetails@23d1e7}
[INFO ][2015-11-30 17:34:15,357][com.java.TestType] [  478] -  str(1) = 1
[INFO ][2015-11-30 17:34:15,357][com.java.TestType] [  481] - Test case Id is---1
[INFO ][2015-11-30 17:34:15,357][com.java.TestType] [  483] - 1
[INFO ][2015-11-30 17:34:15,357][com.java.TestType] [  478] -  str(2) = 6
[INFO ][2015-11-30 17:34:15,357][com.java.TestType] [  530] - row values are--------{1=com.java.Objects.TestDataDetails@10325a9, 2=com.java.Objects.TestDataDetails@1ebc153, 3=com.java.Objects.TestDataDetails@509a05, 4=com.java.Objects.TestDataDetails@f44dd0, 5=com.java.Objects.TestDataDetails@23d1e7, 6=com.java.Objects.TestDataDetails@3dd567}
[INFO ][2015-11-30 17:34:15,357][com.java.TestType] [  478] -  str(1) = 1
[INFO ][2015-11-30 17:34:15,357][com.java.TestType] [  481] - Test case Id is---1
[INFO ][2015-11-30 17:34:15,357][com.java.TestType] [  483] - 1
[INFO ][2015-11-30 17:34:15,367][com.java.TestType] [  478] -  str(2) = 7
[INFO ][2015-11-30 17:34:15,367][com.java.TestType] [  530] - row values are--------{1=com.java.Objects.TestDataDetails@10325a9, 2=com.java.Objects.TestDataDetails@1ebc153, 3=com.java.Objects.TestDataDetails@509a05, 4=com.java.Objects.TestDataDetails@f44dd0, 5=com.java.Objects.TestDataDetails@23d1e7, 6=com.java.Objects.TestDataDetails@3dd567, 7=com.java.Objects.TestDataDetails@1f1ca93}
[INFO ][2015-11-30 17:34:15,367][com.java.TestType] [  478] -  str(1) = 1
[INFO ][2015-11-30 17:34:15,367][com.java.TestType] [  481] - Test case Id is---1
[INFO ][2015-11-30 17:34:15,367][com.java.TestType] [  483] - 1
[INFO ][2015-11-30 17:34:15,367][com.java.TestType] [  478] -  str(2) = 8
[INFO ][2015-11-30 17:34:15,367][com.java.TestType] [  530] - row values are--------{1=com.java.Objects.TestDataDetails@10325a9, 2=com.java.Objects.TestDataDetails@1ebc153, 3=com.java.Objects.TestDataDetails@509a05, 4=com.java.Objects.TestDataDetails@f44dd0, 5=com.java.Objects.TestDataDetails@23d1e7, 6=com.java.Objects.TestDataDetails@3dd567, 7=com.java.Objects.TestDataDetails@1f1ca93, 8=com.java.Objects.TestDataDetails@391d46}
[INFO ][2015-11-30 17:34:15,367][com.java.TestType] [  478] -  str(1) = 1
[INFO ][2015-11-30 17:34:15,367][com.java.TestType] [  481] - Test case Id is---1
[INFO ][2015-11-30 17:34:15,367][com.java.TestType] [  483] - 1
[INFO ][2015-11-30 17:34:15,367][com.java.TestType] [  478] -  str(2) = 9
[INFO ][2015-11-30 17:34:15,367][com.java.TestType] [  530] - row values are--------{1=com.java.Objects.TestDataDetails@10325a9, 2=com.java.Objects.TestDataDetails@1ebc153, 3=com.java.Objects.TestDataDetails@509a05, 4=com.java.Objects.TestDataDetails@f44dd0, 5=com.java.Objects.TestDataDetails@23d1e7, 6=com.java.Objects.TestDataDetails@3dd567, 7=com.java.Objects.TestDataDetails@1f1ca93, 8=com.java.Objects.TestDataDetails@391d46, 9=com.java.Objects.TestDataDetails@f1cdfb}
[INFO ][2015-11-30 17:34:15,367][com.java.TestType] [  478] -  str(1) = 1
[INFO ][2015-11-30 17:34:15,367][com.java.TestType] [  481] - Test case Id is---1
[INFO ][2015-11-30 17:34:15,367][com.java.TestType] [  483] - 1
[INFO ][2015-11-30 17:34:15,367][com.java.TestType] [  478] -  str(2) = 10
[INFO ][2015-11-30 17:34:15,367][com.java.TestType] [  530] - row values are--------{1=com.java.Objects.TestDataDetails@10325a9, 2=com.java.Objects.TestDataDetails@1ebc153, 3=com.java.Objects.TestDataDetails@509a05, 4=com.java.Objects.TestDataDetails@f44dd0, 5=com.java.Objects.TestDataDetails@23d1e7, 6=com.java.Objects.TestDataDetails@3dd567, 7=com.java.Objects.TestDataDetails@1f1ca93, 8=com.java.Objects.TestDataDetails@391d46, 9=com.java.Objects.TestDataDetails@f1cdfb, 10=com.java.Objects.TestDataDetails@982531}
[INFO ][2015-11-30 17:34:15,367][com.java.TestType] [  478] -  str(1) = 1
[INFO ][2015-11-30 17:34:15,367][com.java.TestType] [  481] - Test case Id is---1
[INFO ][2015-11-30 17:34:15,367][com.java.TestType] [  483] - 1
[INFO ][2015-11-30 17:34:15,367][com.java.TestType] [  478] -  str(2) = 11
[INFO ][2015-11-30 17:34:15,367][com.java.TestType] [  530] - row values are--------{1=com.java.Objects.TestDataDetails@10325a9, 2=com.java.Objects.TestDataDetails@1ebc153, 3=com.java.Objects.TestDataDetails@509a05, 4=com.java.Objects.TestDataDetails@f44dd0, 5=com.java.Objects.TestDataDetails@23d1e7, 6=com.java.Objects.TestDataDetails@3dd567, 7=com.java.Objects.TestDataDetails@1f1ca93, 8=com.java.Objects.TestDataDetails@391d46, 9=com.java.Objects.TestDataDetails@f1cdfb, 10=com.java.Objects.TestDataDetails@982531, 11=com.java.Objects.TestDataDetails@1d385f4}
[INFO ][2015-11-30 17:34:15,367][com.java.TestType] [  478] -  str(1) = 1
[INFO ][2015-11-30 17:34:15,367][com.java.TestType] [  481] - Test case Id is---1
[INFO ][2015-11-30 17:34:15,367][com.java.TestType] [  483] - 1
[INFO ][2015-11-30 17:34:15,367][com.java.TestType] [  478] -  str(2) = 12
[INFO ][2015-11-30 17:34:15,367][com.java.TestType] [  530] - row values are--------{1=com.java.Objects.TestDataDetails@10325a9, 2=com.java.Objects.TestDataDetails@1ebc153, 3=com.java.Objects.TestDataDetails@509a05, 4=com.java.Objects.TestDataDetails@f44dd0, 5=com.java.Objects.TestDataDetails@23d1e7, 6=com.java.Objects.TestDataDetails@3dd567, 7=com.java.Objects.TestDataDetails@1f1ca93, 8=com.java.Objects.TestDataDetails@391d46, 9=com.java.Objects.TestDataDetails@f1cdfb, 10=com.java.Objects.TestDataDetails@982531, 11=com.java.Objects.TestDataDetails@1d385f4, 12=com.java.Objects.TestDataDetails@4bbf80}
[INFO ][2015-11-30 17:34:15,367][com.java.TestType] [  478] -  str(1) = 1
[INFO ][2015-11-30 17:34:15,367][com.java.TestType] [  481] - Test case Id is---1
[INFO ][2015-11-30 17:34:15,367][com.java.TestType] [  483] - 1
[INFO ][2015-11-30 17:34:15,367][com.java.TestType] [  478] -  str(2) = 13
[INFO ][2015-11-30 17:34:15,377][com.java.TestType] [  530] - row values are--------{1=com.java.Objects.TestDataDetails@10325a9, 2=com.java.Objects.TestDataDetails@1ebc153, 3=com.java.Objects.TestDataDetails@509a05, 4=com.java.Objects.TestDataDetails@f44dd0, 5=com.java.Objects.TestDataDetails@23d1e7, 6=com.java.Objects.TestDataDetails@3dd567, 7=com.java.Objects.TestDataDetails@1f1ca93, 8=com.java.Objects.TestDataDetails@391d46, 9=com.java.Objects.TestDataDetails@f1cdfb, 10=com.java.Objects.TestDataDetails@982531, 11=com.java.Objects.TestDataDetails@1d385f4, 12=com.java.Objects.TestDataDetails@4bbf80, 13=com.java.Objects.TestDataDetails@1119f9e}
[INFO ][2015-11-30 17:34:15,377][com.java.TestType] [  478] -  str(1) = 1
[INFO ][2015-11-30 17:34:15,377][com.java.TestType] [  481] - Test case Id is---1
[INFO ][2015-11-30 17:34:15,377][com.java.TestType] [  483] - 1
[INFO ][2015-11-30 17:34:15,377][com.java.TestType] [  478] -  str(2) = 14
[INFO ][2015-11-30 17:34:15,377][com.java.TestType] [  530] - row values are--------{1=com.java.Objects.TestDataDetails@10325a9, 2=com.java.Objects.TestDataDetails@1ebc153, 3=com.java.Objects.TestDataDetails@509a05, 4=com.java.Objects.TestDataDetails@f44dd0, 5=com.java.Objects.TestDataDetails@23d1e7, 6=com.java.Objects.TestDataDetails@3dd567, 7=com.java.Objects.TestDataDetails@1f1ca93, 8=com.java.Objects.TestDataDetails@391d46, 9=com.java.Objects.TestDataDetails@f1cdfb, 10=com.java.Objects.TestDataDetails@982531, 11=com.java.Objects.TestDataDetails@1d385f4, 12=com.java.Objects.TestDataDetails@4bbf80, 13=com.java.Objects.TestDataDetails@1119f9e, 14=com.java.Objects.TestDataDetails@57b188}
[INFO ][2015-11-30 17:34:15,377][com.java.TestType] [ 9261] - Looping 1TCID = 1
[DEBUG][2015-11-30 17:34:15,377][com.java.TestType] [ 9302] - Concept ID:1 :: Step being Executed: 1::1
[INFO ][2015-11-30 17:34:15,377][com.java.TestType] [ 9340] - dataFields : TXTusername
[DEBUG][2015-11-30 17:34:15,377][com.java.TestType] [ 9346] - <In Set values of the page>
[DEBUG][2015-11-30 17:34:15,377][com.java.TestType] [ 9351] - {Data Fields & Data Values Exist}
[INFO ][2015-11-30 17:34:15,377][com.java.TestType] [ 9357] - --------------------------setting values-----------------------------
[INFO ][2015-11-30 17:34:15,377][com.java.TestType] [ 9360] - Action Type : CLEARANDENTER
[INFO ][2015-11-30 17:34:15,377][com.java.TestType] [ 4784] - value = valuelabs.ie10.33527
[INFO ][2015-11-30 17:34:20,441][com.java.TestType] [ 9379] -  RESULT true
[INFO ][2015-11-30 17:34:20,441][com.java.TestType] [ 9496] - ?   P A S S   ?
[DEBUG][2015-11-30 17:34:20,441][com.java.TestType] [ 9302] - Concept ID:1 :: Step being Executed: 1::2
[INFO ][2015-11-30 17:34:20,441][com.java.TestType] [ 9340] - dataFields : TXTpassword
[DEBUG][2015-11-30 17:34:20,441][com.java.TestType] [ 9346] - <In Set values of the page>
[DEBUG][2015-11-30 17:34:20,441][com.java.TestType] [ 9351] - {Data Fields & Data Values Exist}
[INFO ][2015-11-30 17:34:20,441][com.java.TestType] [ 9357] - --------------------------setting values-----------------------------
[INFO ][2015-11-30 17:34:20,441][com.java.TestType] [ 9360] - Action Type : CLEARANDENTER
[INFO ][2015-11-30 17:34:20,441][com.java.TestType] [ 4784] - value = Password1*
[INFO ][2015-11-30 17:34:25,363][com.java.TestType] [ 9379] -  RESULT true
[INFO ][2015-11-30 17:34:25,363][com.java.TestType] [ 9496] - ?   P A S S   ?
[DEBUG][2015-11-30 17:34:25,363][com.java.TestType] [ 9302] - Concept ID:1 :: Step being Executed: 1::3
[ERROR][2015-11-30 17:34:25,363][com.java.TestType] [ 9335] - Exception: null
[INFO ][2015-11-30 17:34:25,363][com.java.TestType] [ 9340] - dataFields : XPH//button[@type='submit']
[DEBUG][2015-11-30 17:34:25,363][com.java.TestType] [ 9346] - <In Set values of the page>
[DEBUG][2015-11-30 17:34:25,363][com.java.TestType] [ 9351] - {Data Fields & Data Values Exist}
[INFO ][2015-11-30 17:34:25,363][com.java.TestType] [ 9357] - --------------------------setting values-----------------------------
[INFO ][2015-11-30 17:34:25,363][com.java.TestType] [ 9360] - Action Type : Click
[INFO ][2015-11-30 17:34:25,363][com.java.TestType] [ 5112] - Field ::XPH//button[@type='submit']
[INFO ][2015-11-30 17:34:26,363][com.java.TestType] [ 5199] - BEFORE CLICK
[INFO ][2015-11-30 17:34:27,196][com.java.TestType] [ 5207] - Unable to click the object Login
[INFO ][2015-11-30 17:34:27,196][com.java.TestType] [ 9379] -  RESULT true
[INFO ][2015-11-30 17:34:27,196][com.java.TestType] [ 9496] - ?   P A S S   ?
[DEBUG][2015-11-30 17:34:27,196][com.java.TestType] [ 9302] - Concept ID:1 :: Step being Executed: 1::4
[INFO ][2015-11-30 17:34:27,196][com.java.TestType] [ 9340] - dataFields : LNKLogout
[DEBUG][2015-11-30 17:34:27,196][com.java.TestType] [ 9346] - <In Set values of the page>
[DEBUG][2015-11-30 17:34:27,196][com.java.TestType] [ 9351] - {Data Fields & Data Values Exist}
[INFO ][2015-11-30 17:34:27,196][com.java.TestType] [ 9357] - --------------------------setting values-----------------------------
[INFO ][2015-11-30 17:34:27,196][com.java.TestType] [ 9360] - Action Type : WaitForElement
[INFO ][2015-11-30 17:34:30,582][com.java.TestType] [ 9379] -  RESULT true
[INFO ][2015-11-30 17:34:30,582][com.java.TestType] [ 9496] - ?   P A S S   ?
[DEBUG][2015-11-30 17:34:30,582][com.java.TestType] [ 9302] - Concept ID:1 :: Step being Executed: 1::13
[INFO ][2015-11-30 17:34:30,582][com.java.TestType] [ 9340] - dataFields : LNK
[DEBUG][2015-11-30 17:34:30,582][com.java.TestType] [ 9346] - <In Set values of the page>
[DEBUG][2015-11-30 17:34:30,582][com.java.TestType] [ 9351] - {Data Fields & Data Values Exist}
[INFO ][2015-11-30 17:34:30,582][com.java.TestType] [ 9357] - --------------------------setting values-----------------------------
[INFO ][2015-11-30 17:34:30,582][com.java.TestType] [ 9360] - Action Type : Verify
[INFO ][2015-11-30 17:34:30,582][com.java.TestType] [ 5969] - field= LNK value= Logout
[INFO ][2015-11-30 17:34:30,582][com.java.TestType] [ 4784] - value = Logout
[INFO ][2015-11-30 17:34:30,623][com.java.TestType] [ 9379] -  RESULT true
[INFO ][2015-11-30 17:34:30,623][com.java.TestType] [ 9496] - ?   P A S S   ?
[DEBUG][2015-11-30 17:34:30,623][com.java.TestType] [ 9302] - Concept ID:1 :: Step being Executed: 1::14
[INFO ][2015-11-30 17:34:30,623][com.java.TestType] [ 9340] - dataFields : BTN
[DEBUG][2015-11-30 17:34:30,623][com.java.TestType] [ 9346] - <In Set values of the page>
[DEBUG][2015-11-30 17:34:30,623][com.java.TestType] [ 9351] - {Data Fields & Data Values Exist}
[INFO ][2015-11-30 17:34:30,623][com.java.TestType] [ 9357] - --------------------------setting values-----------------------------
[INFO ][2015-11-30 17:34:30,623][com.java.TestType] [ 9360] - Action Type : Verify
[INFO ][2015-11-30 17:34:30,623][com.java.TestType] [ 5969] - field= BTN value= //img[contains(@src,'bdlogo.jpg')]
[INFO ][2015-11-30 17:34:30,623][com.java.TestType] [ 4784] - value = //img[contains(@src,'bdlogo.jpg')]
[INFO ][2015-11-30 17:34:30,693][com.java.TestType] [ 9379] -  RESULT true
[INFO ][2015-11-30 17:34:30,693][com.java.TestType] [ 9496] - ?   P A S S   ?
[INFO ][2015-11-30 17:34:30,693][com.java.TestType] [ 9567] - Looping End......
[INFO ][2015-11-30 17:34:30,693][com.java.SeleniumDriver] [  874] -  RESULT true
[INFO ][2015-11-30 17:34:30,693][com.java.SeleniumDriver] [ 1080] - ?   P A S S   ?
[INFO ][2015-11-30 17:34:30,693][com.java.SeleniumDriver] [  801] - ------------------------------------------
[INFO ][2015-11-30 17:34:30,693][com.java.SeleniumDriver] [  802] - Test case being Executed: 1
[INFO ][2015-11-30 17:34:30,693][com.java.SeleniumDriver] [  813] - Test step:2
[INFO ][2015-11-30 17:34:30,693][com.java.SeleniumDriver] [  825] - Datavalue is----------Concept#2:1-2
[INFO ][2015-11-30 17:34:30,693][com.java.SeleniumDriver] [  849] - DataField : test
[INFO ][2015-11-30 17:34:30,693][com.java.SeleniumDriver] [  851] - DataValue : Concept#2:1-2
[INFO ][2015-11-30 17:34:30,693][com.java.SeleniumDriver] [  857] - <In Set values of the page>
[INFO ][2015-11-30 17:34:30,693][com.java.SeleniumDriver] [  860] - {Data Fields & Data Values Exist}
[INFO ][2015-11-30 17:34:30,693][com.java.SeleniumDriver] [  862] - --------------------------setting values-----------------------------
[INFO ][2015-11-30 17:34:30,693][com.java.SeleniumDriver] [  865] - Action Type : ExecuteTestCase
[INFO ][2015-11-30 17:34:30,693][com.java.TestType] [  433] - The Concept sheet name is ---------- Concept
[INFO ][2015-11-30 17:34:30,693][com.java.TestType] [  436] - The Concept ID  is ---------- 2
[DEBUG][2015-11-30 17:34:30,693][com.java.TestType] [  440] - Steps being executted in the Concept are: 1:2
[INFO ][2015-11-30 17:34:30,693][com.java.TestType] [  447] - Test data details path ---------- D:\BankersDashboard\TestInputs\TestData.xls
[INFO ][2015-11-30 17:34:30,723][com.java.TestType] [  478] -  str(1) = 2
[INFO ][2015-11-30 17:34:30,723][com.java.TestType] [  481] - Test case Id is---2
[INFO ][2015-11-30 17:34:30,723][com.java.TestType] [  483] - 2
[INFO ][2015-11-30 17:34:30,723][com.java.TestType] [  478] -  str(2) = 1
[INFO ][2015-11-30 17:34:30,733][com.java.TestType] [  530] - row values are--------{1=com.java.Objects.TestDataDetails@e69e35}
[INFO ][2015-11-30 17:34:30,733][com.java.TestType] [  478] -  str(1) = 2
[INFO ][2015-11-30 17:34:30,733][com.java.TestType] [  481] - Test case Id is---2
[INFO ][2015-11-30 17:34:30,733][com.java.TestType] [  483] - 2
[INFO ][2015-11-30 17:34:30,733][com.java.TestType] [  478] -  str(2) = 2
[INFO ][2015-11-30 17:34:30,733][com.java.TestType] [  530] - row values are--------{1=com.java.Objects.TestDataDetails@e69e35, 2=com.java.Objects.TestDataDetails@1a58c9e}
[INFO ][2015-11-30 17:34:30,733][com.java.TestType] [  478] -  str(1) = 2
[INFO ][2015-11-30 17:34:30,733][com.java.TestType] [  481] - Test case Id is---2
[INFO ][2015-11-30 17:34:30,733][com.java.TestType] [  483] - 2
[INFO ][2015-11-30 17:34:30,733][com.java.TestType] [  478] -  str(2) = 3
[INFO ][2015-11-30 17:34:30,733][com.java.TestType] [  530] - row values are--------{1=com.java.Objects.TestDataDetails@e69e35, 2=com.java.Objects.TestDataDetails@1a58c9e, 3=com.java.Objects.TestDataDetails@e88fd6}
[INFO ][2015-11-30 17:34:30,733][com.java.TestType] [ 9261] - Looping 1TCID = 2
[DEBUG][2015-11-30 17:34:30,733][com.java.TestType] [ 9302] - Concept ID:2 :: Step being Executed: 2::1
[INFO ][2015-11-30 17:34:30,733][com.java.TestType] [ 9340] - dataFields : BNK//select[@id='bank']
[DEBUG][2015-11-30 17:34:30,733][com.java.TestType] [ 9346] - <In Set values of the page>
[DEBUG][2015-11-30 17:34:30,733][com.java.TestType] [ 9351] - {Data Fields & Data Values Exist}
[INFO ][2015-11-30 17:34:30,733][com.java.TestType] [ 9357] - --------------------------setting values-----------------------------
[INFO ][2015-11-30 17:34:30,733][com.java.TestType] [ 9360] - Action Type : Select
[INFO ][2015-11-30 17:34:30,733][com.java.TestType] [ 4784] - value = PFC
[INFO ][2015-11-30 17:34:30,913][com.java.TestType] [ 9379] -  RESULT true
[INFO ][2015-11-30 17:34:30,913][com.java.TestType] [ 9496] - ?   P A S S   ?
[DEBUG][2015-11-30 17:34:30,913][com.java.TestType] [ 9302] - Concept ID:2 :: Step being Executed: 2::2
[INFO ][2015-11-30 17:34:30,913][com.java.TestType] [ 9340] - dataFields : LNKLogout
[DEBUG][2015-11-30 17:34:30,913][com.java.TestType] [ 9346] - <In Set values of the page>
[DEBUG][2015-11-30 17:34:30,913][com.java.TestType] [ 9351] - {Data Fields & Data Values Exist}
[INFO ][2015-11-30 17:34:30,913][com.java.TestType] [ 9357] - --------------------------setting values-----------------------------
[INFO ][2015-11-30 17:34:30,913][com.java.TestType] [ 9360] - Action Type : WaitTime
[DEBUG][2015-11-30 17:34:30,913][com.java.TestType] [ 4604] - sleepTime: 5000
[INFO ][2015-11-30 17:34:35,918][com.java.TestType] [ 9379] -  RESULT true
[INFO ][2015-11-30 17:34:35,918][com.java.TestType] [ 9496] - ?   P A S S   ?
[INFO ][2015-11-30 17:34:35,918][com.java.TestType] [ 9567] - Looping End......
[INFO ][2015-11-30 17:34:35,918][com.java.SeleniumDriver] [  874] -  RESULT true
[INFO ][2015-11-30 17:34:35,918][com.java.SeleniumDriver] [ 1080] - ?   P A S S   ?
[INFO ][2015-11-30 17:34:35,918][com.java.SeleniumDriver] [  801] - ------------------------------------------
[INFO ][2015-11-30 17:34:35,918][com.java.SeleniumDriver] [  802] - Test case being Executed: 1
[INFO ][2015-11-30 17:34:35,918][com.java.SeleniumDriver] [  813] - Test step:3
[INFO ][2015-11-30 17:34:35,918][com.java.SeleniumDriver] [  825] - Datavalue is----------2
[INFO ][2015-11-30 17:34:35,918][com.java.SeleniumDriver] [  849] - DataField : XPH//button[contains(text(),'Add Content')]
[INFO ][2015-11-30 17:34:35,918][com.java.SeleniumDriver] [  851] - DataValue : 2
[INFO ][2015-11-30 17:34:35,918][com.java.SeleniumDriver] [  857] - <In Set values of the page>
[INFO ][2015-11-30 17:34:35,918][com.java.SeleniumDriver] [  860] - {Data Fields & Data Values Exist}
[INFO ][2015-11-30 17:34:35,918][com.java.SeleniumDriver] [  862] - --------------------------setting values-----------------------------
[INFO ][2015-11-30 17:34:35,918][com.java.SeleniumDriver] [  865] - Action Type : WAITFORELEMENT
[INFO ][2015-11-30 17:34:35,959][com.java.SeleniumDriver] [  874] -  RESULT true
[INFO ][2015-11-30 17:34:35,959][com.java.SeleniumDriver] [ 1080] - ?   P A S S   ?
[DEBUG][2015-11-30 17:34:35,959][com.java.SeleniumDriver] [ 1192] - Case found
[DEBUG][2015-11-30 17:34:35,959][com.java.SeleniumDriver] [ 1197] - Incrementing ReportCounters[0]:1
[INFO ][2015-11-30 17:34:35,959][com.java.SeleniumDriver] [ 1216] - The results are-------------------[1, 1, Valid Login, Pass, , Mon Nov 30 17:34:30 IST 2015, 1, 2, Valid Login, Pass, , Mon Nov 30 17:34:35 IST 2015, 1, 3, Valid Login, Pass, , Mon Nov 30 17:34:35 IST 2015]
[INFO ][2015-11-30 17:34:35,959][com.java.SeleniumDriver] [ 1220] - End time is-------35 sec
[INFO ][2015-11-30 17:34:35,959][com.java.SeleniumDriver] [ 1221] - The results are-------------------[1, 1, Valid Login, Pass, , Mon Nov 30 17:34:30 IST 2015, 1, 2, Valid Login, Pass, , Mon Nov 30 17:34:35 IST 2015, 1, 3, Valid Login, Pass, , Mon Nov 30 17:34:35 IST 2015]
[DEBUG][2015-11-30 17:34:35,959][com.java.ImportnExport.ExportTestResultsExcel] [  222] - testResultPath = D:\BankersDashboard/TestReports/Test Results_BankersDashBoard_113015_173402_IE10_Bank of North Carolina.xls
[DEBUG][2015-11-30 17:34:35,959][com.java.ImportnExport.ExportTestResultsExcel] [  223] - browser is------------IE10
[DEBUG][2015-11-30 17:34:35,999][com.java.ImportnExport.ExportTestResultsExcel] [  270] - result.size() = 18
[DEBUG][2015-11-30 17:34:35,999][com.java.ImportnExport.ExportTestResultsExcel] [  274] - No of rows in sheet=1
[DEBUG][2015-11-30 17:34:35,999][com.java.ImportnExport.ExportTestResultsExcel] [  301] - ..in export..1
[DEBUG][2015-11-30 17:34:35,999][com.java.ImportnExport.ExportTestResultsExcel] [  301] - ..in export..Valid Login
[DEBUG][2015-11-30 17:34:35,999][com.java.ImportnExport.ExportTestResultsExcel] [  301] - ..in export..Pass
[DEBUG][2015-11-30 17:34:35,999][com.java.ImportnExport.ExportTestResultsExcel] [  301] - ..in export..
[DEBUG][2015-11-30 17:34:35,999][com.java.ImportnExport.ExportTestResultsExcel] [  301] - ..in export..Mon Nov 30 17:34:30 IST 2015
[INFO ][2015-11-30 17:34:35,999][com.java.SeleniumDriver] [ 1279] - out loop:0 size:2 TestCases:[1, 3] testcases:[1, 3]
[INFO ][2015-11-30 17:34:35,999][com.java.ImportnExport.ImportTestDataDetailsExcel] [   49] - test data details path===== D:\BankersDashboard\TestInputs\TestData.xls
[INFO ][2015-11-30 17:34:59,207][com.java.SeleniumDriver] [  801] - ------------------------------------------
[INFO ][2015-11-30 17:34:59,207][com.java.SeleniumDriver] [  802] - Test case being Executed: 3
[INFO ][2015-11-30 17:34:59,207][com.java.SeleniumDriver] [  813] - Test step:1
[INFO ][2015-11-30 17:34:59,207][com.java.SeleniumDriver] [  825] - Datavalue is----------Logout
[INFO ][2015-11-30 17:34:59,207][com.java.SeleniumDriver] [  849] - DataField : BTN
[INFO ][2015-11-30 17:34:59,207][com.java.SeleniumDriver] [  851] - DataValue : Logout
[INFO ][2015-11-30 17:34:59,207][com.java.SeleniumDriver] [  857] - <In Set values of the page>
[INFO ][2015-11-30 17:34:59,207][com.java.SeleniumDriver] [  860] - {Data Fields & Data Values Exist}
[INFO ][2015-11-30 17:34:59,207][com.java.SeleniumDriver] [  862] - --------------------------setting values-----------------------------
[INFO ][2015-11-30 17:34:59,207][com.java.SeleniumDriver] [  865] - Action Type : Verify
[INFO ][2015-11-30 17:34:59,207][com.java.TestType] [ 5969] - field= BTN value= Logout
[INFO ][2015-11-30 17:34:59,207][com.java.TestType] [ 4784] - value = Logout
[INFO ][2015-11-30 17:34:59,268][com.java.SeleniumDriver] [  874] -  RESULT true
[INFO ][2015-11-30 17:34:59,268][com.java.SeleniumDriver] [ 1080] - ?   P A S S   ?
[INFO ][2015-11-30 17:34:59,268][com.java.SeleniumDriver] [ 1122] - step change to 3
[INFO ][2015-11-30 17:34:59,268][com.java.SeleniumDriver] [  801] - ------------------------------------------
[INFO ][2015-11-30 17:34:59,268][com.java.SeleniumDriver] [  802] - Test case being Executed: 3
[INFO ][2015-11-30 17:34:59,268][com.java.SeleniumDriver] [  813] - Test step:3
[INFO ][2015-11-30 17:34:59,268][com.java.SeleniumDriver] [  825] - Datavalue is----------Concept#2:1-2
[INFO ][2015-11-30 17:34:59,268][com.java.SeleniumDriver] [  849] - DataField : test
[INFO ][2015-11-30 17:34:59,268][com.java.SeleniumDriver] [  851] - DataValue : Concept#2:1-2
[INFO ][2015-11-30 17:34:59,268][com.java.SeleniumDriver] [  857] - <In Set values of the page>
[INFO ][2015-11-30 17:34:59,268][com.java.SeleniumDriver] [  860] - {Data Fields & Data Values Exist}
[INFO ][2015-11-30 17:34:59,268][com.java.SeleniumDriver] [  862] - --------------------------setting values-----------------------------
[INFO ][2015-11-30 17:34:59,268][com.java.SeleniumDriver] [  865] - Action Type : ExecuteTestCase
[INFO ][2015-11-30 17:34:59,268][com.java.TestType] [  433] - The Concept sheet name is ---------- Concept
[INFO ][2015-11-30 17:34:59,268][com.java.TestType] [  436] - The Concept ID  is ---------- 2
[DEBUG][2015-11-30 17:34:59,268][com.java.TestType] [  440] - Steps being executted in the Concept are: 1:2
[INFO ][2015-11-30 17:34:59,268][com.java.TestType] [  447] - Test data details path ---------- D:\BankersDashboard\TestInputs\TestData.xls
[INFO ][2015-11-30 17:34:59,298][com.java.TestType] [  478] -  str(1) = 2
[INFO ][2015-11-30 17:34:59,298][com.java.TestType] [  481] - Test case Id is---2
[INFO ][2015-11-30 17:34:59,298][com.java.TestType] [  483] - 2
[INFO ][2015-11-30 17:34:59,298][com.java.TestType] [  478] -  str(2) = 1
[INFO ][2015-11-30 17:34:59,298][com.java.TestType] [  530] - row values are--------{1=com.java.Objects.TestDataDetails@29f594}
[INFO ][2015-11-30 17:34:59,298][com.java.TestType] [  478] -  str(1) = 2
[INFO ][2015-11-30 17:34:59,298][com.java.TestType] [  481] - Test case Id is---2
[INFO ][2015-11-30 17:34:59,298][com.java.TestType] [  483] - 2
[INFO ][2015-11-30 17:34:59,298][com.java.TestType] [  478] -  str(2) = 2
[INFO ][2015-11-30 17:34:59,298][com.java.TestType] [  530] - row values are--------{1=com.java.Objects.TestDataDetails@29f594, 2=com.java.Objects.TestDataDetails@11a7808}
[INFO ][2015-11-30 17:34:59,298][com.java.TestType] [  478] -  str(1) = 2
[INFO ][2015-11-30 17:34:59,298][com.java.TestType] [  481] - Test case Id is---2
[INFO ][2015-11-30 17:34:59,298][com.java.TestType] [  483] - 2
[INFO ][2015-11-30 17:34:59,298][com.java.TestType] [  478] -  str(2) = 3
[INFO ][2015-11-30 17:34:59,298][com.java.TestType] [  530] - row values are--------{1=com.java.Objects.TestDataDetails@29f594, 2=com.java.Objects.TestDataDetails@11a7808, 3=com.java.Objects.TestDataDetails@b87a95}
[INFO ][2015-11-30 17:34:59,298][com.java.TestType] [ 9261] - Looping 1TCID = 2
[DEBUG][2015-11-30 17:34:59,298][com.java.TestType] [ 9302] - Concept ID:2 :: Step being Executed: 2::1
[INFO ][2015-11-30 17:34:59,298][com.java.TestType] [ 9340] - dataFields : BNK//select[@id='bank']
[DEBUG][2015-11-30 17:34:59,298][com.java.TestType] [ 9346] - <In Set values of the page>
[DEBUG][2015-11-30 17:34:59,298][com.java.TestType] [ 9351] - {Data Fields & Data Values Exist}
[INFO ][2015-11-30 17:34:59,298][com.java.TestType] [ 9357] - --------------------------setting values-----------------------------
[INFO ][2015-11-30 17:34:59,298][com.java.TestType] [ 9360] - Action Type : Select
[INFO ][2015-11-30 17:34:59,298][com.java.TestType] [ 4784] - value = PFC
[INFO ][2015-11-30 17:34:59,488][com.java.TestType] [ 9379] -  RESULT true
[INFO ][2015-11-30 17:34:59,488][com.java.TestType] [ 9496] - ?   P A S S   ?
[DEBUG][2015-11-30 17:34:59,488][com.java.TestType] [ 9302] - Concept ID:2 :: Step being Executed: 2::2
[INFO ][2015-11-30 17:34:59,488][com.java.TestType] [ 9340] - dataFields : LNKLogout
[DEBUG][2015-11-30 17:34:59,488][com.java.TestType] [ 9346] - <In Set values of the page>
[DEBUG][2015-11-30 17:34:59,488][com.java.TestType] [ 9351] - {Data Fields & Data Values Exist}
[INFO ][2015-11-30 17:34:59,488][com.java.TestType] [ 9357] - --------------------------setting values-----------------------------
[INFO ][2015-11-30 17:34:59,488][com.java.TestType] [ 9360] - Action Type : WaitTime
[DEBUG][2015-11-30 17:34:59,488][com.java.TestType] [ 4604] - sleepTime: 5000
[INFO ][2015-11-30 17:35:04,488][com.java.TestType] [ 9379] -  RESULT true
[INFO ][2015-11-30 17:35:04,488][com.java.TestType] [ 9496] - ?   P A S S   ?
[INFO ][2015-11-30 17:35:04,488][com.java.TestType] [ 9567] - Looping End......
[INFO ][2015-11-30 17:35:04,488][com.java.SeleniumDriver] [  874] -  RESULT true
[INFO ][2015-11-30 17:35:04,488][com.java.SeleniumDriver] [ 1080] - ?   P A S S   ?
[INFO ][2015-11-30 17:35:04,488][com.java.SeleniumDriver] [  801] - ------------------------------------------
[INFO ][2015-11-30 17:35:04,488][com.java.SeleniumDriver] [  802] - Test case being Executed: 3
[INFO ][2015-11-30 17:35:04,488][com.java.SeleniumDriver] [  813] - Test step:4
[INFO ][2015-11-30 17:35:04,488][com.java.SeleniumDriver] [  825] - Datavalue is----------null
[DEBUG][2015-11-30 17:35:04,488][com.java.SeleniumDriver] [  843] - Exception: null
[INFO ][2015-11-30 17:35:04,488][com.java.SeleniumDriver] [  849] - DataField : //span[@class="icon-stats"]&&//a[@data-id="Manage"]
[INFO ][2015-11-30 17:35:04,488][com.java.SeleniumDriver] [  851] - DataValue : 
[INFO ][2015-11-30 17:35:04,488][com.java.SeleniumDriver] [  857] - <In Set values of the page>
[INFO ][2015-11-30 17:35:04,488][com.java.SeleniumDriver] [  860] - {Data Fields & Data Values Exist}
[INFO ][2015-11-30 17:35:04,488][com.java.SeleniumDriver] [  862] - --------------------------setting values-----------------------------
[INFO ][2015-11-30 17:35:04,488][com.java.SeleniumDriver] [  865] - Action Type : MOUSEOVER
[INFO ][2015-11-30 17:35:27,493][com.java.SeleniumDriver] [  874] -  RESULT true
[INFO ][2015-11-30 17:35:27,493][com.java.SeleniumDriver] [ 1080] - ?   P A S S   ?
[INFO ][2015-11-30 17:35:27,493][com.java.SeleniumDriver] [  801] - ------------------------------------------
[INFO ][2015-11-30 17:35:27,493][com.java.SeleniumDriver] [  802] - Test case being Executed: 3
[INFO ][2015-11-30 17:35:27,493][com.java.SeleniumDriver] [  813] - Test step:5
[INFO ][2015-11-30 17:35:27,493][com.java.SeleniumDriver] [  825] - Datavalue is----------5
[INFO ][2015-11-30 17:35:27,493][com.java.SeleniumDriver] [  849] - DataField : BTNframeDialogContent
[INFO ][2015-11-30 17:35:27,493][com.java.SeleniumDriver] [  851] - DataValue : 5
[INFO ][2015-11-30 17:35:27,493][com.java.SeleniumDriver] [  857] - <In Set values of the page>
[INFO ][2015-11-30 17:35:27,493][com.java.SeleniumDriver] [  860] - {Data Fields & Data Values Exist}
[INFO ][2015-11-30 17:35:27,493][com.java.SeleniumDriver] [  862] - --------------------------setting values-----------------------------
[INFO ][2015-11-30 17:35:27,493][com.java.SeleniumDriver] [  865] - Action Type : WAITFORELEMENT
[INFO ][2015-11-30 17:35:28,684][com.java.SeleniumDriver] [  874] -  RESULT true
[INFO ][2015-11-30 17:35:28,684][com.java.SeleniumDriver] [ 1080] - ?   P A S S   ?
[INFO ][2015-11-30 17:35:28,684][com.java.SeleniumDriver] [  801] - ------------------------------------------
[INFO ][2015-11-30 17:35:28,684][com.java.SeleniumDriver] [  802] - Test case being Executed: 3
[INFO ][2015-11-30 17:35:28,684][com.java.SeleniumDriver] [  813] - Test step:6
[INFO ][2015-11-30 17:35:28,684][com.java.SeleniumDriver] [  825] - Datavalue is----------manage projections
[INFO ][2015-11-30 17:35:28,684][com.java.SeleniumDriver] [  849] - DataField : XPH//span[@class="ui-dialog-title"]
[INFO ][2015-11-30 17:35:28,684][com.java.SeleniumDriver] [  851] - DataValue : manage projections
[INFO ][2015-11-30 17:35:28,684][com.java.SeleniumDriver] [  857] - <In Set values of the page>
[INFO ][2015-11-30 17:35:28,684][com.java.SeleniumDriver] [  860] - {Data Fields & Data Values Exist}
[INFO ][2015-11-30 17:35:28,684][com.java.SeleniumDriver] [  862] - --------------------------setting values-----------------------------
[INFO ][2015-11-30 17:35:28,684][com.java.SeleniumDriver] [  865] - Action Type : VERIFY
[INFO ][2015-11-30 17:35:28,684][com.java.TestType] [ 5969] - field= XPH//span[@class="ui-dialog-title"] value= manage projections
[INFO ][2015-11-30 17:35:28,684][com.java.TestType] [ 4784] - value = manage projections
[INFO ][2015-11-30 17:35:28,825][com.java.SeleniumDriver] [  874] -  RESULT true
[INFO ][2015-11-30 17:35:28,825][com.java.SeleniumDriver] [ 1080] - ?   P A S S   ?
[INFO ][2015-11-30 17:35:28,825][com.java.SeleniumDriver] [  801] - ------------------------------------------
[INFO ][2015-11-30 17:35:28,825][com.java.SeleniumDriver] [  802] - Test case being Executed: 3
[INFO ][2015-11-30 17:35:28,825][com.java.SeleniumDriver] [  813] - Test step:7
[INFO ][2015-11-30 17:35:28,825][com.java.SeleniumDriver] [  825] - Datavalue is----------null
[DEBUG][2015-11-30 17:35:28,825][com.java.SeleniumDriver] [  843] - Exception: null
[INFO ][2015-11-30 17:35:28,825][com.java.SeleniumDriver] [  849] - DataField : BTNframeDialogContent
[INFO ][2015-11-30 17:35:28,825][com.java.SeleniumDriver] [  851] - DataValue : 
[INFO ][2015-11-30 17:35:28,825][com.java.SeleniumDriver] [  857] - <In Set values of the page>
[INFO ][2015-11-30 17:35:28,825][com.java.SeleniumDriver] [  860] - {Data Fields & Data Values Exist}
[INFO ][2015-11-30 17:35:28,825][com.java.SeleniumDriver] [  862] - --------------------------setting values-----------------------------
[INFO ][2015-11-30 17:35:28,825][com.java.SeleniumDriver] [  865] - Action Type : SELECTFRAME
[INFO ][2015-11-30 17:35:30,036][com.java.SeleniumDriver] [  874] -  RESULT true
[INFO ][2015-11-30 17:35:30,036][com.java.SeleniumDriver] [ 1080] - ?   P A S S   ?
[INFO ][2015-11-30 17:35:30,036][com.java.SeleniumDriver] [  801] - ------------------------------------------
[INFO ][2015-11-30 17:35:30,036][com.java.SeleniumDriver] [  802] - Test case being Executed: 3
[INFO ][2015-11-30 17:35:30,036][com.java.SeleniumDriver] [  813] - Test step:8
[INFO ][2015-11-30 17:35:30,036][com.java.SeleniumDriver] [  825] - Datavalue is----------
[INFO ][2015-11-30 17:35:30,036][com.java.SeleniumDriver] [  849] - DataField : BTN//select[@id='ddlProjections']/option[starts-with(.,'CopyTest')][1]
[INFO ][2015-11-30 17:35:30,036][com.java.SeleniumDriver] [  851] - DataValue : 
[INFO ][2015-11-30 17:35:30,036][com.java.SeleniumDriver] [  857] - <In Set values of the page>
[INFO ][2015-11-30 17:35:30,036][com.java.SeleniumDriver] [  860] - {Data Fields & Data Values Exist}
[INFO ][2015-11-30 17:35:30,036][com.java.SeleniumDriver] [  862] - --------------------------setting values-----------------------------
[INFO ][2015-11-30 17:35:30,036][com.java.SeleniumDriver] [  865] - Action Type : CLICK
[INFO ][2015-11-30 17:35:30,036][com.java.TestType] [ 5112] - Field ::BTN//select[@id='ddlProjections']/option[starts-with(.,'CopyTest')][1]
[INFO ][2015-11-30 17:35:31,036][com.java.TestType] [ 5178] - BEFORE CLICK
[ERROR][2015-11-30 17:35:51,466][com.java.TestType] [ 5373] - Exception in click:: null
[INFO ][2015-11-30 17:35:51,466][com.java.TestType] [ 5377] - Element :://select[@id='ddlProjections']/option[starts-with(.,'CopyTest')][1]:: not found
[INFO ][2015-11-30 17:35:51,466][com.java.SeleniumDriver] [  874] -  RESULT false
[INFO ][2015-11-30 17:35:51,466][com.java.SeleniumDriver] [  921] - ?   F A I L   ?
[INFO ][2015-11-30 17:35:51,466][com.java.SeleniumDriver] [  929] - Browser Type : IE10
[INFO ][2015-11-30 17:35:51,466][com.java.SeleniumDriver] [  930] - Adding Failed case3
[DEBUG][2015-11-30 17:35:51,817][com.java.SeleniumDriver] [  998] -  tdd.getCondition() IF:15:Next
[INFO ][2015-11-30 17:35:51,817][com.java.SeleniumDriver] [ 1002] - Continue next step...
[INFO ][2015-11-30 17:35:51,817][com.java.SeleniumDriver] [  801] - ------------------------------------------
[INFO ][2015-11-30 17:35:51,817][com.java.SeleniumDriver] [  802] - Test case being Executed: 3
[INFO ][2015-11-30 17:35:51,817][com.java.SeleniumDriver] [  813] - Test step:9
[INFO ][2015-11-30 17:35:51,817][com.java.SeleniumDriver] [  825] - Datavalue is----------Concept#4:1-16
[INFO ][2015-11-30 17:35:51,817][com.java.SeleniumDriver] [  849] - DataField : test
[INFO ][2015-11-30 17:35:51,817][com.java.SeleniumDriver] [  851] - DataValue : Concept#4:1-16
[INFO ][2015-11-30 17:35:51,817][com.java.SeleniumDriver] [  857] - <In Set values of the page>
[INFO ][2015-11-30 17:35:51,817][com.java.SeleniumDriver] [  860] - {Data Fields & Data Values Exist}
[INFO ][2015-11-30 17:35:51,817][com.java.SeleniumDriver] [  862] - --------------------------setting values-----------------------------
[INFO ][2015-11-30 17:35:51,817][com.java.SeleniumDriver] [  865] - Action Type : ExecuteTestCase
[INFO ][2015-11-30 17:35:51,817][com.java.TestType] [  433] - The Concept sheet name is ---------- Concept
[INFO ][2015-11-30 17:35:51,817][com.java.TestType] [  436] - The Concept ID  is ---------- 4
[DEBUG][2015-11-30 17:35:51,817][com.java.TestType] [  440] - Steps being executted in the Concept are: 1:16
[INFO ][2015-11-30 17:35:51,817][com.java.TestType] [  447] - Test data details path ---------- D:\BankersDashboard\TestInputs\TestData.xls
[INFO ][2015-11-30 17:35:51,847][com.java.TestType] [  478] -  str(1) = 4
[INFO ][2015-11-30 17:35:51,847][com.java.TestType] [  481] - Test case Id is---4
[INFO ][2015-11-30 17:35:51,847][com.java.TestType] [  483] - 4
[INFO ][2015-11-30 17:35:51,847][com.java.TestType] [  478] -  str(2) = 1
[INFO ][2015-11-30 17:35:51,857][com.java.TestType] [  530] - row values are--------{1=com.java.Objects.TestDataDetails@1698c89}
[INFO ][2015-11-30 17:35:51,857][com.java.TestType] [  478] -  str(1) = 4
[INFO ][2015-11-30 17:35:51,857][com.java.TestType] [  481] - Test case Id is---4
[INFO ][2015-11-30 17:35:51,857][com.java.TestType] [  483] - 4
[INFO ][2015-11-30 17:35:51,857][com.java.TestType] [  478] -  str(2) = 2
[INFO ][2015-11-30 17:35:51,857][com.java.TestType] [  530] - row values are--------{1=com.java.Objects.TestDataDetails@1698c89, 2=com.java.Objects.TestDataDetails@d54467}
[INFO ][2015-11-30 17:35:51,857][com.java.TestType] [  478] -  str(1) = 4
[INFO ][2015-11-30 17:35:51,857][com.java.TestType] [  481] - Test case Id is---4
[INFO ][2015-11-30 17:35:51,857][com.java.TestType] [  483] - 4
[INFO ][2015-11-30 17:35:51,857][com.java.TestType] [  478] -  str(2) = 3
[INFO ][2015-11-30 17:35:51,857][com.java.TestType] [  530] - row values are--------{1=com.java.Objects.TestDataDetails@1698c89, 2=com.java.Objects.TestDataDetails@d54467, 3=com.java.Objects.TestDataDetails@4a73d8}
[INFO ][2015-11-30 17:35:51,857][com.java.TestType] [  478] -  str(1) = 4
[INFO ][2015-11-30 17:35:51,857][com.java.TestType] [  481] - Test case Id is---4
[INFO ][2015-11-30 17:35:51,857][com.java.TestType] [  483] - 4
[INFO ][2015-11-30 17:35:51,857][com.java.TestType] [  478] -  str(2) = 4
[INFO ][2015-11-30 17:35:51,857][com.java.TestType] [  530] - row values are--------{1=com.java.Objects.TestDataDetails@1698c89, 2=com.java.Objects.TestDataDetails@d54467, 3=com.java.Objects.TestDataDetails@4a73d8, 4=com.java.Objects.TestDataDetails@1d61900}
[INFO ][2015-11-30 17:35:51,857][com.java.TestType] [  478] -  str(1) = 4
[INFO ][2015-11-30 17:35:51,857][com.java.TestType] [  481] - Test case Id is---4
[INFO ][2015-11-30 17:35:51,857][com.java.TestType] [  483] - 4
[INFO ][2015-11-30 17:35:51,857][com.java.TestType] [  478] -  str(2) = 5
[INFO ][2015-11-30 17:35:51,857][com.java.TestType] [  530] - row values are--------{1=com.java.Objects.TestDataDetails@1698c89, 2=com.java.Objects.TestDataDetails@d54467, 3=com.java.Objects.TestDataDetails@4a73d8, 4=com.java.Objects.TestDataDetails@1d61900, 5=com.java.Objects.TestDataDetails@96d1d9}
[INFO ][2015-11-30 17:35:51,857][com.java.TestType] [  478] -  str(1) = 4
[INFO ][2015-11-30 17:35:51,857][com.java.TestType] [  481] - Test case Id is---4
[INFO ][2015-11-30 17:35:51,857][com.java.TestType] [  483] - 4
[INFO ][2015-11-30 17:35:51,857][com.java.TestType] [  478] -  str(2) = 6
[INFO ][2015-11-30 17:35:51,857][com.java.TestType] [  530] - row values are--------{1=com.java.Objects.TestDataDetails@1698c89, 2=com.java.Objects.TestDataDetails@d54467, 3=com.java.Objects.TestDataDetails@4a73d8, 4=com.java.Objects.TestDataDetails@1d61900, 5=com.java.Objects.TestDataDetails@96d1d9, 6=com.java.Objects.TestDataDetails@1c12ee7}
[INFO ][2015-11-30 17:35:51,857][com.java.TestType] [  478] -  str(1) = 4
[INFO ][2015-11-30 17:35:51,857][com.java.TestType] [  481] - Test case Id is---4
[INFO ][2015-11-30 17:35:51,857][com.java.TestType] [  483] - 4
[INFO ][2015-11-30 17:35:51,857][com.java.TestType] [  478] -  str(2) = 7
[INFO ][2015-11-30 17:35:51,857][com.java.TestType] [  530] - row values are--------{1=com.java.Objects.TestDataDetails@1698c89, 2=com.java.Objects.TestDataDetails@d54467, 3=com.java.Objects.TestDataDetails@4a73d8, 4=com.java.Objects.TestDataDetails@1d61900, 5=com.java.Objects.TestDataDetails@96d1d9, 6=com.java.Objects.TestDataDetails@1c12ee7, 7=com.java.Objects.TestDataDetails@1eafdce}
[INFO ][2015-11-30 17:35:51,857][com.java.TestType] [  478] -  str(1) = 4
[INFO ][2015-11-30 17:35:51,857][com.java.TestType] [  481] - Test case Id is---4
[INFO ][2015-11-30 17:35:51,857][com.java.TestType] [  483] - 4
[INFO ][2015-11-30 17:35:51,857][com.java.TestType] [  478] -  str(2) = 8
[INFO ][2015-11-30 17:35:51,857][com.java.TestType] [  530] - row values are--------{1=com.java.Objects.TestDataDetails@1698c89, 2=com.java.Objects.TestDataDetails@d54467, 3=com.java.Objects.TestDataDetails@4a73d8, 4=com.java.Objects.TestDataDetails@1d61900, 5=com.java.Objects.TestDataDetails@96d1d9, 6=com.java.Objects.TestDataDetails@1c12ee7, 7=com.java.Objects.TestDataDetails@1eafdce, 8=com.java.Objects.TestDataDetails@167522b}
[INFO ][2015-11-30 17:35:51,857][com.java.TestType] [  478] -  str(1) = 4
[INFO ][2015-11-30 17:35:51,857][com.java.TestType] [  481] - Test case Id is---4
[INFO ][2015-11-30 17:35:51,857][com.java.TestType] [  483] - 4
[INFO ][2015-11-30 17:35:51,857][com.java.TestType] [  478] -  str(2) = 9
[INFO ][2015-11-30 17:35:51,857][com.java.TestType] [  530] - row values are--------{1=com.java.Objects.TestDataDetails@1698c89, 2=com.java.Objects.TestDataDetails@d54467, 3=com.java.Objects.TestDataDetails@4a73d8, 4=com.java.Objects.TestDataDetails@1d61900, 5=com.java.Objects.TestDataDetails@96d1d9, 6=com.java.Objects.TestDataDetails@1c12ee7, 7=com.java.Objects.TestDataDetails@1eafdce, 8=com.java.Objects.TestDataDetails@167522b, 9=com.java.Objects.TestDataDetails@5385c2}
[INFO ][2015-11-30 17:35:51,857][com.java.TestType] [  478] -  str(1) = 4
[INFO ][2015-11-30 17:35:51,857][com.java.TestType] [  481] - Test case Id is---4
[INFO ][2015-11-30 17:35:51,857][com.java.TestType] [  483] - 4
[INFO ][2015-11-30 17:35:51,857][com.java.TestType] [  478] -  str(2) = 10
[INFO ][2015-11-30 17:35:51,857][com.java.TestType] [  530] - row values are--------{1=com.java.Objects.TestDataDetails@1698c89, 2=com.java.Objects.TestDataDetails@d54467, 3=com.java.Objects.TestDataDetails@4a73d8, 4=com.java.Objects.TestDataDetails@1d61900, 5=com.java.Objects.TestDataDetails@96d1d9, 6=com.java.Objects.TestDataDetails@1c12ee7, 7=com.java.Objects.TestDataDetails@1eafdce, 8=com.java.Objects.TestDataDetails@167522b, 9=com.java.Objects.TestDataDetails@5385c2, 10=com.java.Objects.TestDataDetails@a52c57}
[INFO ][2015-11-30 17:35:51,857][com.java.TestType] [  478] -  str(1) = 4
[INFO ][2015-11-30 17:35:51,867][com.java.TestType] [  481] - Test case Id is---4
[INFO ][2015-11-30 17:35:51,867][com.java.TestType] [  483] - 4
[INFO ][2015-11-30 17:35:51,867][com.java.TestType] [  478] -  str(2) = 11
[INFO ][2015-11-30 17:35:51,867][com.java.TestType] [  530] - row values are--------{1=com.java.Objects.TestDataDetails@1698c89, 2=com.java.Objects.TestDataDetails@d54467, 3=com.java.Objects.TestDataDetails@4a73d8, 4=com.java.Objects.TestDataDetails@1d61900, 5=com.java.Objects.TestDataDetails@96d1d9, 6=com.java.Objects.TestDataDetails@1c12ee7, 7=com.java.Objects.TestDataDetails@1eafdce, 8=com.java.Objects.TestDataDetails@167522b, 9=com.java.Objects.TestDataDetails@5385c2, 10=com.java.Objects.TestDataDetails@a52c57, 11=com.java.Objects.TestDataDetails@3c2d88}
[INFO ][2015-11-30 17:35:51,867][com.java.TestType] [  478] -  str(1) = 4
[INFO ][2015-11-30 17:35:51,867][com.java.TestType] [  481] - Test case Id is---4
[INFO ][2015-11-30 17:35:51,867][com.java.TestType] [  483] - 4
[INFO ][2015-11-30 17:35:51,867][com.java.TestType] [  478] -  str(2) = 12
[INFO ][2015-11-30 17:35:51,867][com.java.TestType] [  530] - row values are--------{1=com.java.Objects.TestDataDetails@1698c89, 2=com.java.Objects.TestDataDetails@d54467, 3=com.java.Objects.TestDataDetails@4a73d8, 4=com.java.Objects.TestDataDetails@1d61900, 5=com.java.Objects.TestDataDetails@96d1d9, 6=com.java.Objects.TestDataDetails@1c12ee7, 7=com.java.Objects.TestDataDetails@1eafdce, 8=com.java.Objects.TestDataDetails@167522b, 9=com.java.Objects.TestDataDetails@5385c2, 10=com.java.Objects.TestDataDetails@a52c57, 11=com.java.Objects.TestDataDetails@3c2d88, 12=com.java.Objects.TestDataDetails@2d3360}
[INFO ][2015-11-30 17:35:51,867][com.java.TestType] [  478] -  str(1) = 4
[INFO ][2015-11-30 17:35:51,867][com.java.TestType] [  481] - Test case Id is---4
[INFO ][2015-11-30 17:35:51,867][com.java.TestType] [  483] - 4
[INFO ][2015-11-30 17:35:51,867][com.java.TestType] [  478] -  str(2) = 13
[INFO ][2015-11-30 17:35:51,867][com.java.TestType] [  530] - row values are--------{1=com.java.Objects.TestDataDetails@1698c89, 2=com.java.Objects.TestDataDetails@d54467, 3=com.java.Objects.TestDataDetails@4a73d8, 4=com.java.Objects.TestDataDetails@1d61900, 5=com.java.Objects.TestDataDetails@96d1d9, 6=com.java.Objects.TestDataDetails@1c12ee7, 7=com.java.Objects.TestDataDetails@1eafdce, 8=com.java.Objects.TestDataDetails@167522b, 9=com.java.Objects.TestDataDetails@5385c2, 10=com.java.Objects.TestDataDetails@a52c57, 11=com.java.Objects.TestDataDetails@3c2d88, 12=com.java.Objects.TestDataDetails@2d3360, 13=com.java.Objects.TestDataDetails@10e9a7d}
[INFO ][2015-11-30 17:35:51,867][com.java.TestType] [  478] -  str(1) = 4
[INFO ][2015-11-30 17:35:51,867][com.java.TestType] [  481] - Test case Id is---4
[INFO ][2015-11-30 17:35:51,867][com.java.TestType] [  483] - 4
[INFO ][2015-11-30 17:35:51,867][com.java.TestType] [  478] -  str(2) = 14
[INFO ][2015-11-30 17:35:51,867][com.java.TestType] [  530] - row values are--------{1=com.java.Objects.TestDataDetails@1698c89, 2=com.java.Objects.TestDataDetails@d54467, 3=com.java.Objects.TestDataDetails@4a73d8, 4=com.java.Objects.TestDataDetails@1d61900, 5=com.java.Objects.TestDataDetails@96d1d9, 6=com.java.Objects.TestDataDetails@1c12ee7, 7=com.java.Objects.TestDataDetails@1eafdce, 8=com.java.Objects.TestDataDetails@167522b, 9=com.java.Objects.TestDataDetails@5385c2, 10=com.java.Objects.TestDataDetails@a52c57, 11=com.java.Objects.TestDataDetails@3c2d88, 12=com.java.Objects.TestDataDetails@2d3360, 13=com.java.Objects.TestDataDetails@10e9a7d, 14=com.java.Objects.TestDataDetails@6363a8}
[INFO ][2015-11-30 17:35:51,867][com.java.TestType] [  478] -  str(1) = 4
[INFO ][2015-11-30 17:35:51,867][com.java.TestType] [  481] - Test case Id is---4
[INFO ][2015-11-30 17:35:51,867][com.java.TestType] [  483] - 4
[INFO ][2015-11-30 17:35:51,867][com.java.TestType] [  478] -  str(2) = 15
[INFO ][2015-11-30 17:35:51,867][com.java.TestType] [  530] - row values are--------{1=com.java.Objects.TestDataDetails@1698c89, 2=com.java.Objects.TestDataDetails@d54467, 3=com.java.Objects.TestDataDetails@4a73d8, 4=com.java.Objects.TestDataDetails@1d61900, 5=com.java.Objects.TestDataDetails@96d1d9, 6=com.java.Objects.TestDataDetails@1c12ee7, 7=com.java.Objects.TestDataDetails@1eafdce, 8=com.java.Objects.TestDataDetails@167522b, 9=com.java.Objects.TestDataDetails@5385c2, 10=com.java.Objects.TestDataDetails@a52c57, 11=com.java.Objects.TestDataDetails@3c2d88, 12=com.java.Objects.TestDataDetails@2d3360, 13=com.java.Objects.TestDataDetails@10e9a7d, 14=com.java.Objects.TestDataDetails@6363a8, 15=com.java.Objects.TestDataDetails@3d8034}
[INFO ][2015-11-30 17:35:51,867][com.java.TestType] [  478] -  str(1) = 4
[INFO ][2015-11-30 17:35:51,867][com.java.TestType] [  481] - Test case Id is---4
[INFO ][2015-11-30 17:35:51,867][com.java.TestType] [  483] - 4
[INFO ][2015-11-30 17:35:51,867][com.java.TestType] [  478] -  str(2) = 16
[INFO ][2015-11-30 17:35:51,867][com.java.TestType] [  530] - row values are--------{1=com.java.Objects.TestDataDetails@1698c89, 2=com.java.Objects.TestDataDetails@d54467, 3=com.java.Objects.TestDataDetails@4a73d8, 4=com.java.Objects.TestDataDetails@1d61900, 5=com.java.Objects.TestDataDetails@96d1d9, 6=com.java.Objects.TestDataDetails@1c12ee7, 7=com.java.Objects.TestDataDetails@1eafdce, 8=com.java.Objects.TestDataDetails@167522b, 9=com.java.Objects.TestDataDetails@5385c2, 10=com.java.Objects.TestDataDetails@a52c57, 11=com.java.Objects.TestDataDetails@3c2d88, 12=com.java.Objects.TestDataDetails@2d3360, 13=com.java.Objects.TestDataDetails@10e9a7d, 14=com.java.Objects.TestDataDetails@6363a8, 15=com.java.Objects.TestDataDetails@3d8034, 16=com.java.Objects.TestDataDetails@ae710e}
[INFO ][2015-11-30 17:35:51,867][com.java.TestType] [ 9261] - Looping 1TCID = 4
[DEBUG][2015-11-30 17:35:51,867][com.java.TestType] [ 9302] - Concept ID:4 :: Step being Executed: 4::1
[ERROR][2015-11-30 17:35:51,867][com.java.TestType] [ 9335] - Exception: null
[INFO ][2015-11-30 17:35:51,867][com.java.TestType] [ 9340] - dataFields : BTNparent
[DEBUG][2015-11-30 17:35:51,867][com.java.TestType] [ 9346] - <In Set values of the page>
[DEBUG][2015-11-30 17:35:51,867][com.java.TestType] [ 9351] - {Data Fields & Data Values Exist}
[INFO ][2015-11-30 17:35:51,867][com.java.TestType] [ 9357] - --------------------------setting values-----------------------------
[INFO ][2015-11-30 17:35:51,867][com.java.TestType] [ 9360] - Action Type : SELECTFRAME
[INFO ][2015-11-30 17:35:51,927][com.java.TestType] [ 9379] -  RESULT true
[INFO ][2015-11-30 17:35:51,927][com.java.TestType] [ 9496] - ?   P A S S   ?
[DEBUG][2015-11-30 17:35:51,927][com.java.TestType] [ 9302] - Concept ID:4 :: Step being Executed: 4::2
[INFO ][2015-11-30 17:35:51,927][com.java.TestType] [ 9340] - dataFields : null
[DEBUG][2015-11-30 17:35:51,927][com.java.TestType] [ 9346] - <In Set values of the page>
[INFO ][2015-11-30 17:35:51,927][com.java.TestType] [ 9496] - ?   P A S S   ?
[DEBUG][2015-11-30 17:35:51,927][com.java.TestType] [ 9302] - Concept ID:4 :: Step being Executed: 4::3
[ERROR][2015-11-30 17:35:51,927][com.java.TestType] [ 9335] - Exception: null
[INFO ][2015-11-30 17:35:51,927][com.java.TestType] [ 9340] - dataFields : //span[@class="icon-stats"]&&//a[@data-id="CreateNew"]
[DEBUG][2015-11-30 17:35:51,927][com.java.TestType] [ 9346] - <In Set values of the page>
[DEBUG][2015-11-30 17:35:51,927][com.java.TestType] [ 9351] - {Data Fields & Data Values Exist}
[INFO ][2015-11-30 17:35:51,927][com.java.TestType] [ 9357] - --------------------------setting values-----------------------------
[INFO ][2015-11-30 17:35:51,927][com.java.TestType] [ 9360] - Action Type : MOUSEOVER
[INFO ][2015-11-30 17:36:14,713][com.java.TestType] [ 9379] -  RESULT true
[INFO ][2015-11-30 17:36:14,713][com.java.TestType] [ 9496] - ?   P A S S   ?
[DEBUG][2015-11-30 17:36:14,713][com.java.TestType] [ 9302] - Concept ID:4 :: Step being Executed: 4::4
[INFO ][2015-11-30 17:36:14,713][com.java.TestType] [ 9340] - dataFields : BTNdivHelpText
[DEBUG][2015-11-30 17:36:14,713][com.java.TestType] [ 9346] - <In Set values of the page>
[DEBUG][2015-11-30 17:36:14,713][com.java.TestType] [ 9351] - {Data Fields & Data Values Exist}
[INFO ][2015-11-30 17:36:14,713][com.java.TestType] [ 9357] - --------------------------setting values-----------------------------
[INFO ][2015-11-30 17:36:14,713][com.java.TestType] [ 9360] - Action Type : WAITFORELEMENT
[INFO ][2015-11-30 17:36:15,894][com.java.TestType] [ 9379] -  RESULT true
[INFO ][2015-11-30 17:36:15,894][com.java.TestType] [ 9496] - ?   P A S S   ?
[DEBUG][2015-11-30 17:36:15,894][com.java.TestType] [ 9302] - Concept ID:4 :: Step being Executed: 4::5
[INFO ][2015-11-30 17:36:15,894][com.java.TestType] [ 9340] - dataFields : XPH//span[@class="ui-dialog-title"]
[DEBUG][2015-11-30 17:36:15,894][com.java.TestType] [ 9346] - <In Set values of the page>
[DEBUG][2015-11-30 17:36:15,894][com.java.TestType] [ 9351] - {Data Fields & Data Values Exist}
[INFO ][2015-11-30 17:36:15,894][com.java.TestType] [ 9357] - --------------------------setting values-----------------------------
[INFO ][2015-11-30 17:36:15,894][com.java.TestType] [ 9360] - Action Type : VERIFY
[INFO ][2015-11-30 17:36:15,894][com.java.TestType] [ 5969] - field= XPH//span[@class="ui-dialog-title"] value= Create New Projection
[INFO ][2015-11-30 17:36:15,894][com.java.TestType] [ 4784] - value = Create New Projection
[INFO ][2015-11-30 17:36:16,045][com.java.TestType] [ 9379] -  RESULT true
[INFO ][2015-11-30 17:36:16,045][com.java.TestType] [ 9496] - ?   P A S S   ?
[DEBUG][2015-11-30 17:36:16,045][com.java.TestType] [ 9302] - Concept ID:4 :: Step being Executed: 4::6
[ERROR][2015-11-30 17:36:16,045][com.java.TestType] [ 9335] - Exception: null
[INFO ][2015-11-30 17:36:16,045][com.java.TestType] [ 9340] - dataFields : BTNframeDialogContent
[DEBUG][2015-11-30 17:36:16,045][com.java.TestType] [ 9346] - <In Set values of the page>
[DEBUG][2015-11-30 17:36:16,045][com.java.TestType] [ 9351] - {Data Fields & Data Values Exist}
[INFO ][2015-11-30 17:36:16,045][com.java.TestType] [ 9357] - --------------------------setting values-----------------------------
[INFO ][2015-11-30 17:36:16,045][com.java.TestType] [ 9360] - Action Type : SELECTFRAME
[INFO ][2015-11-30 17:36:17,276][com.java.TestType] [ 9379] -  RESULT true
[INFO ][2015-11-30 17:36:17,276][com.java.TestType] [ 9496] - ?   P A S S   ?
[DEBUG][2015-11-30 17:36:17,276][com.java.TestType] [ 9302] - Concept ID:4 :: Step being Executed: 4::7
[INFO ][2015-11-30 17:36:17,276][com.java.TestType] [ 9340] - dataFields : TXTtxtNumYears
[DEBUG][2015-11-30 17:36:17,276][com.java.TestType] [ 9346] - <In Set values of the page>
[DEBUG][2015-11-30 17:36:17,276][com.java.TestType] [ 9351] - {Data Fields & Data Values Exist}
[INFO ][2015-11-30 17:36:17,276][com.java.TestType] [ 9357] - --------------------------setting values-----------------------------
[INFO ][2015-11-30 17:36:17,276][com.java.TestType] [ 9360] - Action Type : CLEARANDENTER
[INFO ][2015-11-30 17:36:17,276][com.java.TestType] [ 4784] - value = 4
[INFO ][2015-11-30 17:36:19,598][com.java.TestType] [ 9379] -  RESULT true
[INFO ][2015-11-30 17:36:19,598][com.java.TestType] [ 9496] - ?   P A S S   ?
[DEBUG][2015-11-30 17:36:19,598][com.java.TestType] [ 9302] - Concept ID:4 :: Step being Executed: 4::8
[INFO ][2015-11-30 17:36:19,598][com.java.TestType] [ 9340] - dataFields : TXTtxtDescription
[DEBUG][2015-11-30 17:36:19,598][com.java.TestType] [ 9346] - <In Set values of the page>
[DEBUG][2015-11-30 17:36:19,598][com.java.TestType] [ 9351] - {Data Fields & Data Values Exist}
[INFO ][2015-11-30 17:36:19,598][com.java.TestType] [ 9357] - --------------------------setting values-----------------------------
[INFO ][2015-11-30 17:36:19,598][com.java.TestType] [ 9360] - Action Type : CLEARANDENTER
[INFO ][2015-11-30 17:36:19,598][com.java.TestType] [ 4784] - value = VLTest_28894
[INFO ][2015-11-30 17:36:22,470][com.java.TestType] [ 9379] -  RESULT true
[INFO ][2015-11-30 17:36:22,470][com.java.TestType] [ 9496] - ?   P A S S   ?
[DEBUG][2015-11-30 17:36:22,470][com.java.TestType] [ 9302] - Concept ID:4 :: Step being Executed: 4::9
[INFO ][2015-11-30 17:36:22,470][com.java.TestType] [ 9340] - dataFields : TXTtxtDescription
[DEBUG][2015-11-30 17:36:22,470][com.java.TestType] [ 9346] - <In Set values of the page>
[DEBUG][2015-11-30 17:36:22,470][com.java.TestType] [ 9351] - {Data Fields & Data Values Exist}
[INFO ][2015-11-30 17:36:22,470][com.java.TestType] [ 9357] - --------------------------setting values-----------------------------
[INFO ][2015-11-30 17:36:22,470][com.java.TestType] [ 9360] - Action Type : STOREVALUE
[INFO ][2015-11-30 17:36:22,470][com.java.TestType] [ 7147] - field= TXTtxtDescription
[DEBUG][2015-11-30 17:36:23,551][com.java.TestType] [ 7161] - Key:: CreatedProjectName  Value:: VLTest_28894
[INFO ][2015-11-30 17:36:23,551][com.java.TestType] [ 9379] -  RESULT true
[INFO ][2015-11-30 17:36:23,551][com.java.TestType] [ 9496] - ?   P A S S   ?
[DEBUG][2015-11-30 17:36:23,551][com.java.TestType] [ 9302] - Concept ID:4 :: Step being Executed: 4::10
[ERROR][2015-11-30 17:36:23,551][com.java.TestType] [ 9335] - Exception: null
[INFO ][2015-11-30 17:36:23,551][com.java.TestType] [ 9340] - dataFields : BTNrdoMakePublicNo
[DEBUG][2015-11-30 17:36:23,551][com.java.TestType] [ 9346] - <In Set values of the page>
[DEBUG][2015-11-30 17:36:23,551][com.java.TestType] [ 9351] - {Data Fields & Data Values Exist}
[INFO ][2015-11-30 17:36:23,551][com.java.TestType] [ 9357] - --------------------------setting values-----------------------------
[INFO ][2015-11-30 17:36:23,551][com.java.TestType] [ 9360] - Action Type : CLICK
[INFO ][2015-11-30 17:36:23,551][com.java.TestType] [ 5112] - Field ::BTNrdoMakePublicNo
[INFO ][2015-11-30 17:36:24,551][com.java.TestType] [ 5178] - BEFORE CLICK
[INFO ][2015-11-30 17:36:25,752][com.java.TestType] [ 5185] - Unable to click the object null
[INFO ][2015-11-30 17:36:25,752][com.java.TestType] [ 9379] -  RESULT true
[INFO ][2015-11-30 17:36:25,752][com.java.TestType] [ 9496] - ?   P A S S   ?
[DEBUG][2015-11-30 17:36:25,752][com.java.TestType] [ 9302] - Concept ID:4 :: Step being Executed: 4::11
[ERROR][2015-11-30 17:36:25,752][com.java.TestType] [ 9335] - Exception: null
[INFO ][2015-11-30 17:36:25,752][com.java.TestType] [ 9340] - dataFields : BTNparent
[DEBUG][2015-11-30 17:36:25,752][com.java.TestType] [ 9346] - <In Set values of the page>
[DEBUG][2015-11-30 17:36:25,752][com.java.TestType] [ 9351] - {Data Fields & Data Values Exist}
[INFO ][2015-11-30 17:36:25,752][com.java.TestType] [ 9357] - --------------------------setting values-----------------------------
[INFO ][2015-11-30 17:36:25,752][com.java.TestType] [ 9360] - Action Type : SELECTFRAME
[INFO ][2015-11-30 17:36:25,762][com.java.TestType] [ 9379] -  RESULT true
[INFO ][2015-11-30 17:36:25,762][com.java.TestType] [ 9496] - ?   P A S S   ?
[DEBUG][2015-11-30 17:36:25,762][com.java.TestType] [ 9302] - Concept ID:4 :: Step being Executed: 4::12
[ERROR][2015-11-30 17:36:25,762][com.java.TestType] [ 9335] - Exception: null
[INFO ][2015-11-30 17:36:25,762][com.java.TestType] [ 9340] - dataFields : HDN//span[@class="ui-button-text" and contains(text(),'Create')]
[DEBUG][2015-11-30 17:36:25,762][com.java.TestType] [ 9346] - <In Set values of the page>
[DEBUG][2015-11-30 17:36:25,762][com.java.TestType] [ 9351] - {Data Fields & Data Values Exist}
[INFO ][2015-11-30 17:36:25,762][com.java.TestType] [ 9357] - --------------------------setting values-----------------------------
[INFO ][2015-11-30 17:36:25,762][com.java.TestType] [ 9360] - Action Type : CLICK
[INFO ][2015-11-30 17:36:25,762][com.java.TestType] [ 5112] - Field ::HDN//span[@class="ui-button-text" and contains(text(),'Create')]
[INFO ][2015-11-30 17:36:26,883][com.java.TestType] [ 9379] -  RESULT true
[INFO ][2015-11-30 17:36:26,883][com.java.TestType] [ 9496] - ?   P A S S   ?
[DEBUG][2015-11-30 17:36:26,883][com.java.TestType] [ 9302] - Concept ID:4 :: Step being Executed: 4::13
[INFO ][2015-11-30 17:36:26,883][com.java.TestType] [ 9340] - dataFields : null
[DEBUG][2015-11-30 17:36:26,883][com.java.TestType] [ 9346] - <In Set values of the page>
[INFO ][2015-11-30 17:36:26,883][com.java.TestType] [ 9496] - ?   P A S S   ?
[DEBUG][2015-11-30 17:36:26,883][com.java.TestType] [ 9302] - Concept ID:4 :: Step being Executed: 4::14
[ERROR][2015-11-30 17:36:26,883][com.java.TestType] [ 9335] - Exception: null
[INFO ][2015-11-30 17:36:26,883][com.java.TestType] [ 9340] - dataFields : BTNframeProjectionOpen
[DEBUG][2015-11-30 17:36:26,883][com.java.TestType] [ 9346] - <In Set values of the page>
[DEBUG][2015-11-30 17:36:26,883][com.java.TestType] [ 9351] - {Data Fields & Data Values Exist}
[INFO ][2015-11-30 17:36:26,883][com.java.TestType] [ 9357] - --------------------------setting values-----------------------------
[INFO ][2015-11-30 17:36:26,883][com.java.TestType] [ 9360] - Action Type : SELECTFRAME
[INFO ][2015-11-30 17:36:28,154][com.java.TestType] [ 9379] -  RESULT true
[INFO ][2015-11-30 17:36:28,154][com.java.TestType] [ 9496] - ?   P A S S   ?
[DEBUG][2015-11-30 17:36:28,154][com.java.TestType] [ 9302] - Concept ID:4 :: Step being Executed: 4::15
[INFO ][2015-11-30 17:36:28,154][com.java.TestType] [ 9340] - dataFields : DSPDelete
[DEBUG][2015-11-30 17:36:28,154][com.java.TestType] [ 9346] - <In Set values of the page>
[DEBUG][2015-11-30 17:36:28,154][com.java.TestType] [ 9351] - {Data Fields & Data Values Exist}
[INFO ][2015-11-30 17:36:28,154][com.java.TestType] [ 9357] - --------------------------setting values-----------------------------
[INFO ][2015-11-30 17:36:28,154][com.java.TestType] [ 9360] - Action Type : WAITFORELEMENT
[INFO ][2015-11-30 17:36:44,752][com.java.TestType] [ 9379] -  RESULT true
[INFO ][2015-11-30 17:36:44,752][com.java.TestType] [ 9496] - ?   P A S S   ?
[DEBUG][2015-11-30 17:36:44,752][com.java.TestType] [ 9302] - Concept ID:4 :: Step being Executed: 4::16
[INFO ][2015-11-30 17:36:44,752][com.java.TestType] [ 9340] - dataFields : null
[DEBUG][2015-11-30 17:36:44,752][com.java.TestType] [ 9346] - <In Set values of the page>
[INFO ][2015-11-30 17:36:44,752][com.java.TestType] [ 9496] - ?   P A S S   ?
[INFO ][2015-11-30 17:36:44,752][com.java.TestType] [ 9567] - Looping End......
[INFO ][2015-11-30 17:36:44,752][com.java.SeleniumDriver] [  874] -  RESULT true
[INFO ][2015-11-30 17:36:44,752][com.java.SeleniumDriver] [ 1080] - ?   P A S S   ?
[INFO ][2015-11-30 17:36:44,752][com.java.SeleniumDriver] [  801] - ------------------------------------------
[INFO ][2015-11-30 17:36:44,752][com.java.SeleniumDriver] [  802] - Test case being Executed: 3
[INFO ][2015-11-30 17:36:44,752][com.java.SeleniumDriver] [  813] - Test step:10
[INFO ][2015-11-30 17:36:44,752][com.java.SeleniumDriver] [  825] - Datavalue is----------null
[DEBUG][2015-11-30 17:36:44,752][com.java.SeleniumDriver] [  843] - Exception: null
[INFO ][2015-11-30 17:36:44,752][com.java.SeleniumDriver] [  849] - DataField : //span[@class="icon-stats"]&&//a[@data-id="Manage"]
[INFO ][2015-11-30 17:36:44,752][com.java.SeleniumDriver] [  851] - DataValue : 
[INFO ][2015-11-30 17:36:44,752][com.java.SeleniumDriver] [  857] - <In Set values of the page>
[INFO ][2015-11-30 17:36:44,752][com.java.SeleniumDriver] [  860] - {Data Fields & Data Values Exist}
[INFO ][2015-11-30 17:36:44,752][com.java.SeleniumDriver] [  862] - --------------------------setting values-----------------------------
[INFO ][2015-11-30 17:36:44,752][com.java.SeleniumDriver] [  865] - Action Type : MOUSEOVER
[DEBUG][2015-11-30 17:38:16,724][com.java.TestType] [ 5693] - //span[@class="icon-stats"]   :: Element not Found
[ERROR][2015-11-30 17:38:16,725][com.java.TestType] [ 1835] - exception value : null
[INFO ][2015-11-30 17:38:16,725][com.java.SeleniumDriver] [  874] -  RESULT false
[INFO ][2015-11-30 17:38:16,725][com.java.SeleniumDriver] [  921] - ?   F A I L   ?
[INFO ][2015-11-30 17:38:16,725][com.java.SeleniumDriver] [  929] - Browser Type : IE10
[INFO ][2015-11-30 17:38:16,725][com.java.SeleniumDriver] [  930] - Adding Failed case3
[WARN ][2015-11-30 17:38:16,736][com.java.SeleniumDriver] [  990] - Source 'D:\BankersDashboard\TestReports\113015' exists but is a directory
[INFO ][2015-11-30 17:38:16,736][com.java.SeleniumDriver] [ 1044] - failedCases = 3
[ERROR][2015-11-30 17:38:16,736][com.java.SeleniumDriver] [ 1541] - Platform Errors : Our apologies...::We have encountered an issue with your request.::Our apologies?:We encountered an issue with your request.
[INFO ][2015-11-30 17:38:16,736][com.java.SeleniumDriver] [ 1545] - Length =3
[ERROR][2015-11-30 17:38:16,736][com.java.SeleniumDriver] [ 1548] - Error 0 = Our apologies...
[ERROR][2015-11-30 17:38:16,756][com.java.SeleniumDriver] [ 1562] - Unable to get browser (WARNING: The server did not provide any stacktrace information)
Command duration or timeout: 20 milliseconds
Build info: version: '2.48.2', revision: '41bccdd', time: '2015-10-09 19:59:12'
System info: host: 'FVTIII438F1D', ip: '172.17.68.34', os.name: 'Windows 7', os.arch: 'x86', os.version: '6.1', java.version: '1.7.0_55'
Session ID: bb4f2229-8807-4fb9-b70a-a91fbd912ffe
Driver info: org.openqa.selenium.ie.InternetExplorerDriver
Capabilities [{platform=WINDOWS, javascriptEnabled=true, elementScrollBehavior=0, ignoreZoomSetting=false, enablePersistentHover=true, ie.ensureCleanSession=false, browserName=internet explorer, enableElementCacheCleanup=true, unexpectedAlertBehaviour=dismiss, version=10, ie.usePerProcessProxy=false, ignoreProtectedModeSettings=true, cssSelectorsEnabled=true, requireWindowFocus=false, initialBrowserUrl=http://localhost:31657/, handlesAlerts=true, ie.forceCreateProcessApi=false, nativeEvents=true, browserAttachTimeout=0, ie.browserCommandLineSwitches=, takesScreenshot=true}]
[INFO ][2015-11-30 17:38:16,756][com.java.SeleniumDriver] [ 1564] - FindPlatformErrors exception: Unable to get browser (WARNING: The server did not provide any stacktrace information)
Command duration or timeout: 20 milliseconds
Build info: version: '2.48.2', revision: '41bccdd', time: '2015-10-09 19:59:12'
System info: host: 'FVTIII438F1D', ip: '172.17.68.34', os.name: 'Windows 7', os.arch: 'x86', os.version: '6.1', java.version: '1.7.0_55'
Session ID: bb4f2229-8807-4fb9-b70a-a91fbd912ffe
Driver info: org.openqa.selenium.ie.InternetExplorerDriver
Capabilities [{platform=WINDOWS, javascriptEnabled=true, elementScrollBehavior=0, ignoreZoomSetting=false, enablePersistentHover=true, ie.ensureCleanSession=false, browserName=internet explorer, enableElementCacheCleanup=true, unexpectedAlertBehaviour=dismiss, version=10, ie.usePerProcessProxy=false, ignoreProtectedModeSettings=true, cssSelectorsEnabled=true, requireWindowFocus=false, initialBrowserUrl=http://localhost:31657/, handlesAlerts=true, ie.forceCreateProcessApi=false, nativeEvents=true, browserAttachTimeout=0, ie.browserCommandLineSwitches=, takesScreenshot=true}]
[DEBUG][2015-11-30 17:38:16,756][com.java.SeleniumDriver] [ 1566] - Unable to get the Platform Error list from Hash Map.
[ERROR][2015-11-30 17:38:16,766][com.java.SeleniumDriver] [ 1162] - Unable to get browser (WARNING: The server did not provide any stacktrace information)
Command duration or timeout: 10 milliseconds
Build info: version: '2.48.2', revision: '41bccdd', time: '2015-10-09 19:59:12'
System info: host: 'FVTIII438F1D', ip: '172.17.68.34', os.name: 'Windows 7', os.arch: 'x86', os.version: '6.1', java.version: '1.7.0_55'
Session ID: bb4f2229-8807-4fb9-b70a-a91fbd912ffe
Driver info: org.openqa.selenium.ie.InternetExplorerDriver
Capabilities [{platform=WINDOWS, javascriptEnabled=true, elementScrollBehavior=0, ignoreZoomSetting=false, enablePersistentHover=true, ie.ensureCleanSession=false, browserName=internet explorer, enableElementCacheCleanup=true, unexpectedAlertBehaviour=dismiss, version=10, ie.usePerProcessProxy=false, ignoreProtectedModeSettings=true, cssSelectorsEnabled=true, requireWindowFocus=false, initialBrowserUrl=http://localhost:31657/, handlesAlerts=true, ie.forceCreateProcessApi=false, nativeEvents=true, browserAttachTimeout=0, ie.browserCommandLineSwitches=, takesScreenshot=true}]
[INFO ][2015-11-30 17:38:16,766][com.java.SeleniumDriver] [  801] - ------------------------------------------
[INFO ][2015-11-30 17:38:16,766][com.java.SeleniumDriver] [  802] - Test case being Executed: 3
[INFO ][2015-11-30 17:38:16,766][com.java.SeleniumDriver] [  813] - Test step:11
[INFO ][2015-11-30 17:38:16,766][com.java.SeleniumDriver] [  825] - Datavalue is----------5
[INFO ][2015-11-30 17:38:16,766][com.java.SeleniumDriver] [  849] - DataField : BTNdivHelpText
[INFO ][2015-11-30 17:38:16,766][com.java.SeleniumDriver] [  851] - DataValue : 5
[INFO ][2015-11-30 17:38:16,766][com.java.SeleniumDriver] [  857] - <In Set values of the page>
[INFO ][2015-11-30 17:38:16,766][com.java.SeleniumDriver] [  860] - {Data Fields & Data Values Exist}
[INFO ][2015-11-30 17:38:16,766][com.java.SeleniumDriver] [  862] - --------------------------setting values-----------------------------
[INFO ][2015-11-30 17:38:16,766][com.java.SeleniumDriver] [  865] - Action Type : WAITFORELEMENT
