[INFO ][2016-01-05 15:20:13,582][com.java.SeleniumDriver] [  213] - Execute Failed Casesfalse
[INFO ][2016-01-05 15:20:13,582][com.java.SeleniumDriver] [  214] - Browser: IE10
[INFO ][2016-01-05 15:20:13,582][com.java.SeleniumDriver] [  215] - [1, 3]
[INFO ][2016-01-05 15:20:13,583][com.java.SeleniumDriver] [  216] - Total TestCases:2
[INFO ][2016-01-05 15:20:13,583][com.java.SeleniumDriver] [  217] -  Reading Properties from Property File 
[DEBUG][2016-01-05 15:20:13,583][com.java.SeleniumDriver] [  238] - url : https://clients-xuat.bankersdashboard.com
[INFO ][2016-01-05 15:20:13,585][com.java.ImportnExport.ExportTestResultsExcel] [  116] - Time Stamp Tue Jan 05 03:20:13 IST 2016
[INFO ][2016-01-05 15:20:13,585][com.java.ImportnExport.ExportTestResultsExcel] [  175] - OUT FILE : D:\BankersDashboard/TestReports/Test Results_BankersDashBoard_010516_152013_IE10_United Bank.xls
[INFO ][2016-01-05 15:20:13,618][com.java.ImportnExport.ExportTestResultsExcel] [  180] - Test Result file is created
[DEBUG][2016-01-05 15:20:13,726][com.java.SeleniumDriver] [  426] - Hub ip address is-------172.17.68.34
[INFO ][2016-01-05 15:20:13,727][com.java.SeleniumDriver] [  452] - Grid URL:http://172.17.68.34:4444/wd/hub
[INFO ][2016-01-05 15:20:13,727][com.java.SeleniumDriver] [  453] - Capability:Capabilities [{platform=ANY, ensureCleanSession=true, ignoreProtectedModeSettings=true, acceptSslCerts=true, ignoreZoomSetting=true, browserName=internet explorer, browserstack.ie.noFlash=true, version=null}]
[ERROR][2016-01-05 15:20:15,054][com.java.SeleniumDriver] [  498] - Unable invoke browser in grid:Could not start a new session. Possible causes are invalid address of the remote server or browser start-up failure.
Build info: version: '2.48.2', revision: '41bccdd', time: '2015-10-09 19:59:12'
System info: host: 'FVTIII438F1D', ip: '172.17.68.34', os.name: 'Windows 7', os.arch: 'x86', os.version: '6.1', java.version: '1.7.0_55'
Driver info: driver.version: SeleniumDriver
[INFO ][2016-01-05 15:20:15,054][com.java.SeleniumDriver] [  500] - Executing on local machine
[INFO ][2016-01-05 15:20:25,606][com.java.SeleniumDriver] [  248] - IE10is opened
[INFO ][2016-01-05 15:20:26,438][com.java.SeleniumDriver] [  756] - Test cases to be executed are: [1, 3]
[INFO ][2016-01-05 15:20:26,458][com.java.ImportnExport.ImportTestDataDetailsExcel] [   49] - test data details path===== D:\BankersDashboard\TestInputs\TestData.xls
[INFO ][2016-01-05 15:20:26,551][com.java.SeleniumDriver] [  832] - ------------------------------------------
[INFO ][2016-01-05 15:20:26,551][com.java.SeleniumDriver] [  833] - Test case being Executed: 1
[INFO ][2016-01-05 15:20:26,551][com.java.SeleniumDriver] [  845] - Test step:1
[INFO ][2016-01-05 15:20:26,551][com.java.SeleniumDriver] [  857] - Datavalue is----------Concept#1:1-16
[INFO ][2016-01-05 15:20:26,552][com.java.SeleniumDriver] [  881] - DataField : test
[INFO ][2016-01-05 15:20:26,552][com.java.SeleniumDriver] [  883] - DataValue : Concept#1:1-16
[INFO ][2016-01-05 15:20:26,552][com.java.SeleniumDriver] [  889] - <In Set values of the page>
[INFO ][2016-01-05 15:20:26,552][com.java.SeleniumDriver] [  892] - {Data Fields & Data Values Exist}
[INFO ][2016-01-05 15:20:26,552][com.java.SeleniumDriver] [  894] - --------------------------setting values-----------------------------
[INFO ][2016-01-05 15:20:26,552][com.java.SeleniumDriver] [  897] - Action Type : ExecuteTestCase
[INFO ][2016-01-05 15:20:26,571][com.java.TestType] [  437] - The Concept sheet name is ---------- Concept
[INFO ][2016-01-05 15:20:26,572][com.java.TestType] [  440] - The Concept ID  is ---------- 1
[DEBUG][2016-01-05 15:20:26,572][com.java.TestType] [  444] - Steps being executted in the Concept are: 1:16
[INFO ][2016-01-05 15:20:26,572][com.java.TestType] [  451] - Test data details path ---------- D:\BankersDashboard\TestInputs\TestData.xls
[INFO ][2016-01-05 15:20:26,610][com.java.TestType] [  482] -  str(1) = 1
[INFO ][2016-01-05 15:20:26,610][com.java.TestType] [  485] - Test case Id is---1
[INFO ][2016-01-05 15:20:26,610][com.java.TestType] [  487] - 1
[INFO ][2016-01-05 15:20:26,610][com.java.TestType] [  482] -  str(2) = 1
[INFO ][2016-01-05 15:20:26,614][com.java.TestType] [  482] -  str(1) = 1
[INFO ][2016-01-05 15:20:26,615][com.java.TestType] [  485] - Test case Id is---1
[INFO ][2016-01-05 15:20:26,615][com.java.TestType] [  487] - 1
[INFO ][2016-01-05 15:20:26,615][com.java.TestType] [  482] -  str(2) = 2
[INFO ][2016-01-05 15:20:26,616][com.java.TestType] [  482] -  str(1) = 1
[INFO ][2016-01-05 15:20:26,616][com.java.TestType] [  485] - Test case Id is---1
[INFO ][2016-01-05 15:20:26,616][com.java.TestType] [  487] - 1
[INFO ][2016-01-05 15:20:26,616][com.java.TestType] [  482] -  str(2) = 3
[INFO ][2016-01-05 15:20:26,617][com.java.TestType] [  482] -  str(1) = 1
[INFO ][2016-01-05 15:20:26,618][com.java.TestType] [  485] - Test case Id is---1
[INFO ][2016-01-05 15:20:26,618][com.java.TestType] [  487] - 1
[INFO ][2016-01-05 15:20:26,618][com.java.TestType] [  482] -  str(2) = 4
[INFO ][2016-01-05 15:20:26,619][com.java.TestType] [  482] -  str(1) = 1
[INFO ][2016-01-05 15:20:26,619][com.java.TestType] [  485] - Test case Id is---1
[INFO ][2016-01-05 15:20:26,619][com.java.TestType] [  487] - 1
[INFO ][2016-01-05 15:20:26,619][com.java.TestType] [  482] -  str(2) = 5
[INFO ][2016-01-05 15:20:26,620][com.java.TestType] [  482] -  str(1) = 1
[INFO ][2016-01-05 15:20:26,620][com.java.TestType] [  485] - Test case Id is---1
[INFO ][2016-01-05 15:20:26,620][com.java.TestType] [  487] - 1
[INFO ][2016-01-05 15:20:26,621][com.java.TestType] [  482] -  str(2) = 6
[INFO ][2016-01-05 15:20:26,624][com.java.TestType] [  482] -  str(1) = 1
[INFO ][2016-01-05 15:20:26,624][com.java.TestType] [  485] - Test case Id is---1
[INFO ][2016-01-05 15:20:26,624][com.java.TestType] [  487] - 1
[INFO ][2016-01-05 15:20:26,624][com.java.TestType] [  482] -  str(2) = 7
[INFO ][2016-01-05 15:20:26,625][com.java.TestType] [  482] -  str(1) = 1
[INFO ][2016-01-05 15:20:26,625][com.java.TestType] [  485] - Test case Id is---1
[INFO ][2016-01-05 15:20:26,625][com.java.TestType] [  487] - 1
[INFO ][2016-01-05 15:20:26,625][com.java.TestType] [  482] -  str(2) = 8
[INFO ][2016-01-05 15:20:26,626][com.java.TestType] [  482] -  str(1) = 1
[INFO ][2016-01-05 15:20:26,626][com.java.TestType] [  485] - Test case Id is---1
[INFO ][2016-01-05 15:20:26,626][com.java.TestType] [  487] - 1
[INFO ][2016-01-05 15:20:26,626][com.java.TestType] [  482] -  str(2) = 9
[INFO ][2016-01-05 15:20:26,627][com.java.TestType] [  482] -  str(1) = 1
[INFO ][2016-01-05 15:20:26,627][com.java.TestType] [  485] - Test case Id is---1
[INFO ][2016-01-05 15:20:26,627][com.java.TestType] [  487] - 1
[INFO ][2016-01-05 15:20:26,627][com.java.TestType] [  482] -  str(2) = 10
[INFO ][2016-01-05 15:20:26,628][com.java.TestType] [  482] -  str(1) = 1
[INFO ][2016-01-05 15:20:26,628][com.java.TestType] [  485] - Test case Id is---1
[INFO ][2016-01-05 15:20:26,628][com.java.TestType] [  487] - 1
[INFO ][2016-01-05 15:20:26,628][com.java.TestType] [  482] -  str(2) = 11
[INFO ][2016-01-05 15:20:26,629][com.java.TestType] [  482] -  str(1) = 1
[INFO ][2016-01-05 15:20:26,629][com.java.TestType] [  485] - Test case Id is---1
[INFO ][2016-01-05 15:20:26,629][com.java.TestType] [  487] - 1
[INFO ][2016-01-05 15:20:26,629][com.java.TestType] [  482] -  str(2) = 12
[INFO ][2016-01-05 15:20:26,630][com.java.TestType] [  482] -  str(1) = 1
[INFO ][2016-01-05 15:20:26,630][com.java.TestType] [  485] - Test case Id is---1
[INFO ][2016-01-05 15:20:26,630][com.java.TestType] [  487] - 1
[INFO ][2016-01-05 15:20:26,630][com.java.TestType] [  482] -  str(2) = 13
[INFO ][2016-01-05 15:20:26,631][com.java.TestType] [  482] -  str(1) = 1
[INFO ][2016-01-05 15:20:26,631][com.java.TestType] [  485] - Test case Id is---1
[INFO ][2016-01-05 15:20:26,631][com.java.TestType] [  487] - 1
[INFO ][2016-01-05 15:20:26,632][com.java.TestType] [  482] -  str(2) = 14
[INFO ][2016-01-05 15:20:26,633][com.java.TestType] [  482] -  str(1) = 1
[INFO ][2016-01-05 15:20:26,633][com.java.TestType] [  485] - Test case Id is---1
[INFO ][2016-01-05 15:20:26,633][com.java.TestType] [  487] - 1
[INFO ][2016-01-05 15:20:26,633][com.java.TestType] [  482] -  str(2) = 15
[INFO ][2016-01-05 15:20:26,634][com.java.TestType] [  482] -  str(1) = 1
[INFO ][2016-01-05 15:20:26,634][com.java.TestType] [  485] - Test case Id is---1
[INFO ][2016-01-05 15:20:26,634][com.java.TestType] [  487] - 1
[INFO ][2016-01-05 15:20:26,634][com.java.TestType] [  482] -  str(2) = 16
[INFO ][2016-01-05 15:20:26,635][com.java.TestType] [10614] - Looping 1TCID = 1
[DEBUG][2016-01-05 15:20:26,635][com.java.TestType] [10655] - Concept ID:1 :: Step being Executed: 1::1
[INFO ][2016-01-05 15:20:26,635][com.java.TestType] [10693] - dataFields : TXTusername
[DEBUG][2016-01-05 15:20:26,635][com.java.TestType] [10699] - <In Set values of the page>
[DEBUG][2016-01-05 15:20:26,636][com.java.TestType] [10704] - {Data Fields & Data Values Exist}
[INFO ][2016-01-05 15:20:26,636][com.java.TestType] [10710] - --------------------------setting values-----------------------------
[INFO ][2016-01-05 15:20:26,636][com.java.TestType] [10713] - Action Type : CLEARANDENTER
[INFO ][2016-01-05 15:20:26,636][com.java.TestType] [ 5705] - value = valuelabs.ie10.00058
[INFO ][2016-01-05 15:20:31,384][com.java.TestType] [10732] -  RESULT true
[INFO ][2016-01-05 15:20:31,384][com.java.TestType] [10849] - ?   P A S S   ?
[DEBUG][2016-01-05 15:20:31,384][com.java.TestType] [10655] - Concept ID:1 :: Step being Executed: 1::2
[INFO ][2016-01-05 15:20:31,384][com.java.TestType] [10693] - dataFields : TXTpassword
[DEBUG][2016-01-05 15:20:31,385][com.java.TestType] [10699] - <In Set values of the page>
[DEBUG][2016-01-05 15:20:31,385][com.java.TestType] [10704] - {Data Fields & Data Values Exist}
[INFO ][2016-01-05 15:20:31,385][com.java.TestType] [10710] - --------------------------setting values-----------------------------
[INFO ][2016-01-05 15:20:31,385][com.java.TestType] [10713] - Action Type : CLEARANDENTER
[INFO ][2016-01-05 15:20:31,385][com.java.TestType] [ 5705] - value = Password1*
[INFO ][2016-01-05 15:20:36,216][com.java.TestType] [10732] -  RESULT true
[INFO ][2016-01-05 15:20:36,216][com.java.TestType] [10849] - ?   P A S S   ?
[DEBUG][2016-01-05 15:20:36,216][com.java.TestType] [10655] - Concept ID:1 :: Step being Executed: 1::3
[ERROR][2016-01-05 15:20:36,216][com.java.TestType] [10688] - Exception: null
[INFO ][2016-01-05 15:20:36,217][com.java.TestType] [10693] - dataFields : XPH//button[@type='submit']
[DEBUG][2016-01-05 15:20:36,218][com.java.TestType] [10699] - <In Set values of the page>
[DEBUG][2016-01-05 15:20:36,218][com.java.TestType] [10704] - {Data Fields & Data Values Exist}
[INFO ][2016-01-05 15:20:36,218][com.java.TestType] [10710] - --------------------------setting values-----------------------------
[INFO ][2016-01-05 15:20:36,218][com.java.TestType] [10713] - Action Type : Click
[INFO ][2016-01-05 15:20:36,218][com.java.TestType] [ 6084] - Field ::XPH//button[@type='submit']
[INFO ][2016-01-05 15:20:36,218][com.java.TestType] [ 5705] - value = 
[INFO ][2016-01-05 15:20:37,218][com.java.TestType] [ 6221] - BEFORE CLICK
[INFO ][2016-01-05 15:20:38,057][com.java.TestType] [ 6229] - Unable to click the object Login
[INFO ][2016-01-05 15:20:38,057][com.java.TestType] [10732] -  RESULT true
[INFO ][2016-01-05 15:20:38,057][com.java.TestType] [10849] - ?   P A S S   ?
[DEBUG][2016-01-05 15:20:38,057][com.java.TestType] [10655] - Concept ID:1 :: Step being Executed: 1::4
[INFO ][2016-01-05 15:20:38,057][com.java.TestType] [10693] - dataFields : LNKLogout
[DEBUG][2016-01-05 15:20:38,057][com.java.TestType] [10699] - <In Set values of the page>
[DEBUG][2016-01-05 15:20:38,057][com.java.TestType] [10704] - {Data Fields & Data Values Exist}
[INFO ][2016-01-05 15:20:38,057][com.java.TestType] [10710] - --------------------------setting values-----------------------------
[INFO ][2016-01-05 15:20:38,057][com.java.TestType] [10713] - Action Type : WaitForElement
[INFO ][2016-01-05 15:20:41,533][com.java.TestType] [10732] -  RESULT true
[INFO ][2016-01-05 15:20:41,533][com.java.TestType] [10849] - ?   P A S S   ?
[DEBUG][2016-01-05 15:20:41,533][com.java.TestType] [10655] - Concept ID:1 :: Step being Executed: 1::15
[INFO ][2016-01-05 15:20:41,534][com.java.TestType] [10693] - dataFields : LNK
[DEBUG][2016-01-05 15:20:41,534][com.java.TestType] [10699] - <In Set values of the page>
[DEBUG][2016-01-05 15:20:41,534][com.java.TestType] [10704] - {Data Fields & Data Values Exist}
[INFO ][2016-01-05 15:20:41,534][com.java.TestType] [10710] - --------------------------setting values-----------------------------
[INFO ][2016-01-05 15:20:41,534][com.java.TestType] [10713] - Action Type : Verify
[INFO ][2016-01-05 15:20:41,534][com.java.TestType] [ 7081] - field= LNK value= Logout
[INFO ][2016-01-05 15:20:41,535][com.java.TestType] [ 5705] - value = Logout
[INFO ][2016-01-05 15:20:41,571][com.java.TestType] [10732] -  RESULT true
[INFO ][2016-01-05 15:20:41,571][com.java.TestType] [10849] - ?   P A S S   ?
[DEBUG][2016-01-05 15:20:41,572][com.java.TestType] [10655] - Concept ID:1 :: Step being Executed: 1::16
[INFO ][2016-01-05 15:20:41,572][com.java.TestType] [10693] - dataFields : BTN
[DEBUG][2016-01-05 15:20:41,572][com.java.TestType] [10699] - <In Set values of the page>
[DEBUG][2016-01-05 15:20:41,572][com.java.TestType] [10704] - {Data Fields & Data Values Exist}
[INFO ][2016-01-05 15:20:41,572][com.java.TestType] [10710] - --------------------------setting values-----------------------------
[INFO ][2016-01-05 15:20:41,572][com.java.TestType] [10713] - Action Type : Verify
[INFO ][2016-01-05 15:20:41,572][com.java.TestType] [ 7081] - field= BTN value= //img[contains(@src,'bdlogo.jpg')]
[INFO ][2016-01-05 15:20:41,572][com.java.TestType] [ 5705] - value = //img[contains(@src,'bdlogo.jpg')]
[INFO ][2016-01-05 15:20:41,644][com.java.TestType] [10732] -  RESULT true
[INFO ][2016-01-05 15:20:41,644][com.java.TestType] [10849] - ?   P A S S   ?
[INFO ][2016-01-05 15:20:41,644][com.java.TestType] [10920] - Looping End......
[INFO ][2016-01-05 15:20:41,648][com.java.SeleniumDriver] [  906] -  RESULT true
[INFO ][2016-01-05 15:20:41,648][com.java.SeleniumDriver] [ 1112] - ?   P A S S   ?
[INFO ][2016-01-05 15:20:41,648][com.java.SeleniumDriver] [  832] - ------------------------------------------
[INFO ][2016-01-05 15:20:41,648][com.java.SeleniumDriver] [  833] - Test case being Executed: 1
[INFO ][2016-01-05 15:20:41,648][com.java.SeleniumDriver] [  845] - Test step:2
[INFO ][2016-01-05 15:20:41,648][com.java.SeleniumDriver] [  857] - Datavalue is----------Concept#2:1-2
[INFO ][2016-01-05 15:20:41,648][com.java.SeleniumDriver] [  881] - DataField : test
[INFO ][2016-01-05 15:20:41,648][com.java.SeleniumDriver] [  883] - DataValue : Concept#2:1-2
[INFO ][2016-01-05 15:20:41,650][com.java.SeleniumDriver] [  889] - <In Set values of the page>
[INFO ][2016-01-05 15:20:41,650][com.java.SeleniumDriver] [  892] - {Data Fields & Data Values Exist}
[INFO ][2016-01-05 15:20:41,650][com.java.SeleniumDriver] [  894] - --------------------------setting values-----------------------------
[INFO ][2016-01-05 15:20:41,650][com.java.SeleniumDriver] [  897] - Action Type : ExecuteTestCase
[INFO ][2016-01-05 15:20:41,651][com.java.TestType] [  437] - The Concept sheet name is ---------- Concept
[INFO ][2016-01-05 15:20:41,651][com.java.TestType] [  440] - The Concept ID  is ---------- 2
[DEBUG][2016-01-05 15:20:41,651][com.java.TestType] [  444] - Steps being executted in the Concept are: 1:2
[INFO ][2016-01-05 15:20:41,651][com.java.TestType] [  451] - Test data details path ---------- D:\BankersDashboard\TestInputs\TestData.xls
[INFO ][2016-01-05 15:20:41,679][com.java.TestType] [  482] -  str(1) = 2
[INFO ][2016-01-05 15:20:41,679][com.java.TestType] [  485] - Test case Id is---2
[INFO ][2016-01-05 15:20:41,679][com.java.TestType] [  487] - 2
[INFO ][2016-01-05 15:20:41,679][com.java.TestType] [  482] -  str(2) = 1
[INFO ][2016-01-05 15:20:41,681][com.java.TestType] [  482] -  str(1) = 2
[INFO ][2016-01-05 15:20:41,681][com.java.TestType] [  485] - Test case Id is---2
[INFO ][2016-01-05 15:20:41,681][com.java.TestType] [  487] - 2
[INFO ][2016-01-05 15:20:41,681][com.java.TestType] [  482] -  str(2) = 2
[INFO ][2016-01-05 15:20:41,682][com.java.TestType] [  482] -  str(1) = 2
[INFO ][2016-01-05 15:20:41,682][com.java.TestType] [  485] - Test case Id is---2
[INFO ][2016-01-05 15:20:41,682][com.java.TestType] [  487] - 2
[INFO ][2016-01-05 15:20:41,682][com.java.TestType] [  482] -  str(2) = 3
[INFO ][2016-01-05 15:20:41,683][com.java.TestType] [10614] - Looping 1TCID = 2
[DEBUG][2016-01-05 15:20:41,683][com.java.TestType] [10655] - Concept ID:2 :: Step being Executed: 2::1
[INFO ][2016-01-05 15:20:41,683][com.java.TestType] [10693] - dataFields : BNK//select[@id='bank']
[DEBUG][2016-01-05 15:20:41,683][com.java.TestType] [10699] - <In Set values of the page>
[DEBUG][2016-01-05 15:20:41,683][com.java.TestType] [10704] - {Data Fields & Data Values Exist}
[INFO ][2016-01-05 15:20:41,683][com.java.TestType] [10710] - --------------------------setting values-----------------------------
[INFO ][2016-01-05 15:20:41,683][com.java.TestType] [10713] - Action Type : Select
[INFO ][2016-01-05 15:20:41,683][com.java.TestType] [ 5705] - value = PFC
[INFO ][2016-01-05 15:20:41,929][com.java.TestType] [10732] -  RESULT true
[INFO ][2016-01-05 15:20:41,929][com.java.TestType] [10849] - ?   P A S S   ?
[DEBUG][2016-01-05 15:20:41,929][com.java.TestType] [10655] - Concept ID:2 :: Step being Executed: 2::2
[INFO ][2016-01-05 15:20:41,929][com.java.TestType] [10693] - dataFields : LNKLogout
[DEBUG][2016-01-05 15:20:41,929][com.java.TestType] [10699] - <In Set values of the page>
[DEBUG][2016-01-05 15:20:41,929][com.java.TestType] [10704] - {Data Fields & Data Values Exist}
[INFO ][2016-01-05 15:20:41,930][com.java.TestType] [10710] - --------------------------setting values-----------------------------
[INFO ][2016-01-05 15:20:41,930][com.java.TestType] [10713] - Action Type : WaitTime
[DEBUG][2016-01-05 15:20:41,930][com.java.TestType] [ 5525] - sleepTime: 5000
[INFO ][2016-01-05 15:20:46,930][com.java.TestType] [10732] -  RESULT true
[INFO ][2016-01-05 15:20:46,930][com.java.TestType] [10849] - ?   P A S S   ?
[INFO ][2016-01-05 15:20:46,930][com.java.TestType] [10920] - Looping End......
[INFO ][2016-01-05 15:20:46,933][com.java.SeleniumDriver] [  906] -  RESULT true
[INFO ][2016-01-05 15:20:46,934][com.java.SeleniumDriver] [ 1112] - ?   P A S S   ?
[INFO ][2016-01-05 15:20:46,934][com.java.SeleniumDriver] [  832] - ------------------------------------------
[INFO ][2016-01-05 15:20:46,934][com.java.SeleniumDriver] [  833] - Test case being Executed: 1
[INFO ][2016-01-05 15:20:46,934][com.java.SeleniumDriver] [  845] - Test step:3
[INFO ][2016-01-05 15:20:46,934][com.java.SeleniumDriver] [  857] - Datavalue is----------2
[INFO ][2016-01-05 15:20:46,934][com.java.SeleniumDriver] [  881] - DataField : XPH//button[contains(text(),'Add Content')]
[INFO ][2016-01-05 15:20:46,934][com.java.SeleniumDriver] [  883] - DataValue : 2
[INFO ][2016-01-05 15:20:46,934][com.java.SeleniumDriver] [  889] - <In Set values of the page>
[INFO ][2016-01-05 15:20:46,934][com.java.SeleniumDriver] [  892] - {Data Fields & Data Values Exist}
[INFO ][2016-01-05 15:20:46,934][com.java.SeleniumDriver] [  894] - --------------------------setting values-----------------------------
[INFO ][2016-01-05 15:20:46,934][com.java.SeleniumDriver] [  897] - Action Type : WAITFORELEMENT
[INFO ][2016-01-05 15:20:46,971][com.java.SeleniumDriver] [  906] -  RESULT true
[INFO ][2016-01-05 15:20:46,971][com.java.SeleniumDriver] [ 1112] - ?   P A S S   ?
[DEBUG][2016-01-05 15:20:46,971][com.java.SeleniumDriver] [ 1224] - Case found
[DEBUG][2016-01-05 15:20:46,971][com.java.SeleniumDriver] [ 1229] - Incrementing ReportCounters[0]:1
[INFO ][2016-01-05 15:20:46,971][com.java.SeleniumDriver] [ 1248] - The results are-------------------[1, 1, Valid Login, Pass, , Tue Jan 05 15:20:41 IST 2016, 1, 2, Valid Login, Pass, , Tue Jan 05 15:20:46 IST 2016, 1, 3, Valid Login, Pass, , Tue Jan 05 15:20:46 IST 2016]
[INFO ][2016-01-05 15:20:46,971][com.java.SeleniumDriver] [ 1252] - End time is-------35 sec
[INFO ][2016-01-05 15:20:46,972][com.java.SeleniumDriver] [ 1253] - The results are-------------------[1, 1, Valid Login, Pass, , Tue Jan 05 15:20:41 IST 2016, 1, 2, Valid Login, Pass, , Tue Jan 05 15:20:46 IST 2016, 1, 3, Valid Login, Pass, , Tue Jan 05 15:20:46 IST 2016]
[DEBUG][2016-01-05 15:20:46,972][com.java.ImportnExport.ExportTestResultsExcel] [  222] - testResultPath = D:\BankersDashboard/TestReports/Test Results_BankersDashBoard_010516_152013_IE10_United Bank.xls
[DEBUG][2016-01-05 15:20:46,972][com.java.ImportnExport.ExportTestResultsExcel] [  223] - browser is------------IE10
[DEBUG][2016-01-05 15:20:47,019][com.java.ImportnExport.ExportTestResultsExcel] [  270] - result.size() = 18
[DEBUG][2016-01-05 15:20:47,019][com.java.ImportnExport.ExportTestResultsExcel] [  274] - No of rows in sheet=1
[DEBUG][2016-01-05 15:20:47,019][com.java.ImportnExport.ExportTestResultsExcel] [  301] - ..in export..1
[DEBUG][2016-01-05 15:20:47,019][com.java.ImportnExport.ExportTestResultsExcel] [  301] - ..in export..Valid Login
[DEBUG][2016-01-05 15:20:47,019][com.java.ImportnExport.ExportTestResultsExcel] [  301] - ..in export..Pass
[DEBUG][2016-01-05 15:20:47,019][com.java.ImportnExport.ExportTestResultsExcel] [  301] - ..in export..
[DEBUG][2016-01-05 15:20:47,020][com.java.ImportnExport.ExportTestResultsExcel] [  301] - ..in export..Tue Jan 05 15:20:41 IST 2016
[INFO ][2016-01-05 15:20:47,021][com.java.SeleniumDriver] [ 1313] - out loop:0 size:2 TestCases:[1, 3] testcases:[1, 3]
[INFO ][2016-01-05 15:20:47,021][com.java.ImportnExport.ImportTestDataDetailsExcel] [   49] - test data details path===== D:\BankersDashboard\TestInputs\TestData.xls
[INFO ][2016-01-05 15:21:18,010][com.java.SeleniumDriver] [  832] - ------------------------------------------
[INFO ][2016-01-05 15:21:18,010][com.java.SeleniumDriver] [  833] - Test case being Executed: 3
[INFO ][2016-01-05 15:21:18,010][com.java.SeleniumDriver] [  845] - Test step:1
[INFO ][2016-01-05 15:21:18,010][com.java.SeleniumDriver] [  857] - Datavalue is----------Logout
[INFO ][2016-01-05 15:21:18,010][com.java.SeleniumDriver] [  881] - DataField : BTN
[INFO ][2016-01-05 15:21:18,010][com.java.SeleniumDriver] [  883] - DataValue : Logout
[INFO ][2016-01-05 15:21:18,010][com.java.SeleniumDriver] [  889] - <In Set values of the page>
[INFO ][2016-01-05 15:21:18,010][com.java.SeleniumDriver] [  892] - {Data Fields & Data Values Exist}
[INFO ][2016-01-05 15:21:18,010][com.java.SeleniumDriver] [  894] - --------------------------setting values-----------------------------
[INFO ][2016-01-05 15:21:18,010][com.java.SeleniumDriver] [  897] - Action Type : Verify
[INFO ][2016-01-05 15:21:18,011][com.java.TestType] [ 7081] - field= BTN value= Logout
[INFO ][2016-01-05 15:21:18,011][com.java.TestType] [ 5705] - value = Logout
[INFO ][2016-01-05 15:21:18,092][com.java.SeleniumDriver] [  906] -  RESULT true
[INFO ][2016-01-05 15:21:18,092][com.java.SeleniumDriver] [ 1112] - ?   P A S S   ?
[INFO ][2016-01-05 15:21:18,092][com.java.SeleniumDriver] [ 1154] - step change to 3
[INFO ][2016-01-05 15:21:18,092][com.java.SeleniumDriver] [  832] - ------------------------------------------
[INFO ][2016-01-05 15:21:18,093][com.java.SeleniumDriver] [  833] - Test case being Executed: 3
[INFO ][2016-01-05 15:21:18,093][com.java.SeleniumDriver] [  845] - Test step:3
[INFO ][2016-01-05 15:21:18,093][com.java.SeleniumDriver] [  857] - Datavalue is----------Concept#2:1-2
[INFO ][2016-01-05 15:21:18,093][com.java.SeleniumDriver] [  881] - DataField : test
[INFO ][2016-01-05 15:21:18,093][com.java.SeleniumDriver] [  883] - DataValue : Concept#2:1-2
[INFO ][2016-01-05 15:21:18,093][com.java.SeleniumDriver] [  889] - <In Set values of the page>
[INFO ][2016-01-05 15:21:18,093][com.java.SeleniumDriver] [  892] - {Data Fields & Data Values Exist}
[INFO ][2016-01-05 15:21:18,093][com.java.SeleniumDriver] [  894] - --------------------------setting values-----------------------------
[INFO ][2016-01-05 15:21:18,093][com.java.SeleniumDriver] [  897] - Action Type : ExecuteTestCase
[INFO ][2016-01-05 15:21:18,093][com.java.TestType] [  437] - The Concept sheet name is ---------- Concept
[INFO ][2016-01-05 15:21:18,093][com.java.TestType] [  440] - The Concept ID  is ---------- 2
[DEBUG][2016-01-05 15:21:18,093][com.java.TestType] [  444] - Steps being executted in the Concept are: 1:2
[INFO ][2016-01-05 15:21:18,093][com.java.TestType] [  451] - Test data details path ---------- D:\BankersDashboard\TestInputs\TestData.xls
[INFO ][2016-01-05 15:21:18,121][com.java.TestType] [  482] -  str(1) = 2
[INFO ][2016-01-05 15:21:18,121][com.java.TestType] [  485] - Test case Id is---2
[INFO ][2016-01-05 15:21:18,121][com.java.TestType] [  487] - 2
[INFO ][2016-01-05 15:21:18,121][com.java.TestType] [  482] -  str(2) = 1
[INFO ][2016-01-05 15:21:18,123][com.java.TestType] [  482] -  str(1) = 2
[INFO ][2016-01-05 15:21:18,123][com.java.TestType] [  485] - Test case Id is---2
[INFO ][2016-01-05 15:21:18,123][com.java.TestType] [  487] - 2
[INFO ][2016-01-05 15:21:18,123][com.java.TestType] [  482] -  str(2) = 2
[INFO ][2016-01-05 15:21:18,123][com.java.TestType] [  482] -  str(1) = 2
[INFO ][2016-01-05 15:21:18,124][com.java.TestType] [  485] - Test case Id is---2
[INFO ][2016-01-05 15:21:18,124][com.java.TestType] [  487] - 2
[INFO ][2016-01-05 15:21:18,124][com.java.TestType] [  482] -  str(2) = 3
[INFO ][2016-01-05 15:21:18,125][com.java.TestType] [10614] - Looping 1TCID = 2
[DEBUG][2016-01-05 15:21:18,125][com.java.TestType] [10655] - Concept ID:2 :: Step being Executed: 2::1
[INFO ][2016-01-05 15:21:18,125][com.java.TestType] [10693] - dataFields : BNK//select[@id='bank']
[DEBUG][2016-01-05 15:21:18,125][com.java.TestType] [10699] - <In Set values of the page>
[DEBUG][2016-01-05 15:21:18,125][com.java.TestType] [10704] - {Data Fields & Data Values Exist}
[INFO ][2016-01-05 15:21:18,126][com.java.TestType] [10710] - --------------------------setting values-----------------------------
[INFO ][2016-01-05 15:21:18,126][com.java.TestType] [10713] - Action Type : Select
[INFO ][2016-01-05 15:21:18,126][com.java.TestType] [ 5705] - value = PFC
[INFO ][2016-01-05 15:21:18,345][com.java.TestType] [10732] -  RESULT true
[INFO ][2016-01-05 15:21:18,345][com.java.TestType] [10849] - ?   P A S S   ?
[DEBUG][2016-01-05 15:21:18,345][com.java.TestType] [10655] - Concept ID:2 :: Step being Executed: 2::2
[INFO ][2016-01-05 15:21:18,345][com.java.TestType] [10693] - dataFields : LNKLogout
[DEBUG][2016-01-05 15:21:18,345][com.java.TestType] [10699] - <In Set values of the page>
[DEBUG][2016-01-05 15:21:18,345][com.java.TestType] [10704] - {Data Fields & Data Values Exist}
[INFO ][2016-01-05 15:21:18,345][com.java.TestType] [10710] - --------------------------setting values-----------------------------
[INFO ][2016-01-05 15:21:18,345][com.java.TestType] [10713] - Action Type : WaitTime
[DEBUG][2016-01-05 15:21:18,345][com.java.TestType] [ 5525] - sleepTime: 5000
[INFO ][2016-01-05 15:21:23,346][com.java.TestType] [10732] -  RESULT true
[INFO ][2016-01-05 15:21:23,346][com.java.TestType] [10849] - ?   P A S S   ?
[INFO ][2016-01-05 15:21:23,346][com.java.TestType] [10920] - Looping End......
[INFO ][2016-01-05 15:21:23,349][com.java.SeleniumDriver] [  906] -  RESULT true
[INFO ][2016-01-05 15:21:23,349][com.java.SeleniumDriver] [ 1112] - ?   P A S S   ?
[INFO ][2016-01-05 15:21:23,349][com.java.SeleniumDriver] [  832] - ------------------------------------------
[INFO ][2016-01-05 15:21:23,349][com.java.SeleniumDriver] [  833] - Test case being Executed: 3
[INFO ][2016-01-05 15:21:23,350][com.java.SeleniumDriver] [  845] - Test step:4
[INFO ][2016-01-05 15:21:23,350][com.java.SeleniumDriver] [  857] - Datavalue is----------null
[DEBUG][2016-01-05 15:21:23,350][com.java.SeleniumDriver] [  875] - Exception: null
[INFO ][2016-01-05 15:21:23,350][com.java.SeleniumDriver] [  881] - DataField : //span[@class='icon-user4']&&//a[text()='Users']&&//a[@data-id="ModifyUsers"]
[INFO ][2016-01-05 15:21:23,350][com.java.SeleniumDriver] [  883] - DataValue : 
[INFO ][2016-01-05 15:21:23,350][com.java.SeleniumDriver] [  889] - <In Set values of the page>
[INFO ][2016-01-05 15:21:23,350][com.java.SeleniumDriver] [  892] - {Data Fields & Data Values Exist}
[INFO ][2016-01-05 15:21:23,350][com.java.SeleniumDriver] [  894] - --------------------------setting values-----------------------------
[INFO ][2016-01-05 15:21:23,350][com.java.SeleniumDriver] [  897] - Action Type : MouseOver
[INFO ][2016-01-05 15:21:50,087][com.java.SeleniumDriver] [  906] -  RESULT true
[INFO ][2016-01-05 15:21:50,087][com.java.SeleniumDriver] [ 1112] - ?   P A S S   ?
[INFO ][2016-01-05 15:21:50,087][com.java.SeleniumDriver] [  832] - ------------------------------------------
[INFO ][2016-01-05 15:21:50,087][com.java.SeleniumDriver] [  833] - Test case being Executed: 3
[INFO ][2016-01-05 15:21:50,087][com.java.SeleniumDriver] [  845] - Test step:5
[INFO ][2016-01-05 15:21:50,087][com.java.SeleniumDriver] [  857] - Datavalue is----------2
[INFO ][2016-01-05 15:21:50,087][com.java.SeleniumDriver] [  881] - DataField : BTNframeDialogContent
[INFO ][2016-01-05 15:21:50,087][com.java.SeleniumDriver] [  883] - DataValue : 2
[INFO ][2016-01-05 15:21:50,087][com.java.SeleniumDriver] [  889] - <In Set values of the page>
[INFO ][2016-01-05 15:21:50,087][com.java.SeleniumDriver] [  892] - {Data Fields & Data Values Exist}
[INFO ][2016-01-05 15:21:50,087][com.java.SeleniumDriver] [  894] - --------------------------setting values-----------------------------
[INFO ][2016-01-05 15:21:50,087][com.java.SeleniumDriver] [  897] - Action Type : WaitForElement
[INFO ][2016-01-05 15:21:51,291][com.java.SeleniumDriver] [  906] -  RESULT true
[INFO ][2016-01-05 15:21:51,291][com.java.SeleniumDriver] [ 1112] - ?   P A S S   ?
[INFO ][2016-01-05 15:21:51,293][com.java.SeleniumDriver] [  832] - ------------------------------------------
[INFO ][2016-01-05 15:21:51,293][com.java.SeleniumDriver] [  833] - Test case being Executed: 3
[INFO ][2016-01-05 15:21:51,293][com.java.SeleniumDriver] [  845] - Test step:6
[INFO ][2016-01-05 15:21:51,293][com.java.SeleniumDriver] [  857] - Datavalue is----------null
[DEBUG][2016-01-05 15:21:51,293][com.java.SeleniumDriver] [  875] - Exception: null
[INFO ][2016-01-05 15:21:51,293][com.java.SeleniumDriver] [  881] - DataField : BTNframeDialogContent
[INFO ][2016-01-05 15:21:51,293][com.java.SeleniumDriver] [  883] - DataValue : 
[INFO ][2016-01-05 15:21:51,293][com.java.SeleniumDriver] [  889] - <In Set values of the page>
[INFO ][2016-01-05 15:21:51,293][com.java.SeleniumDriver] [  892] - {Data Fields & Data Values Exist}
[INFO ][2016-01-05 15:21:51,293][com.java.SeleniumDriver] [  894] - --------------------------setting values-----------------------------
[INFO ][2016-01-05 15:21:51,294][com.java.SeleniumDriver] [  897] - Action Type : SelectFrame
[INFO ][2016-01-05 15:21:52,540][com.java.SeleniumDriver] [  906] -  RESULT true
[INFO ][2016-01-05 15:21:52,542][com.java.SeleniumDriver] [ 1112] - ?   P A S S   ?
[INFO ][2016-01-05 15:21:52,542][com.java.SeleniumDriver] [  832] - ------------------------------------------
[INFO ][2016-01-05 15:21:52,542][com.java.SeleniumDriver] [  833] - Test case being Executed: 3
[INFO ][2016-01-05 15:21:52,542][com.java.SeleniumDriver] [  845] - Test step:7
[INFO ][2016-01-05 15:21:52,542][com.java.SeleniumDriver] [  857] - Datavalue is----------2
[INFO ][2016-01-05 15:21:52,542][com.java.SeleniumDriver] [  881] - DataField : BTNbtnAddUser
[INFO ][2016-01-05 15:21:52,542][com.java.SeleniumDriver] [  883] - DataValue : 2
[INFO ][2016-01-05 15:21:52,542][com.java.SeleniumDriver] [  889] - <In Set values of the page>
[INFO ][2016-01-05 15:21:52,542][com.java.SeleniumDriver] [  892] - {Data Fields & Data Values Exist}
[INFO ][2016-01-05 15:21:52,542][com.java.SeleniumDriver] [  894] - --------------------------setting values-----------------------------
[INFO ][2016-01-05 15:21:52,542][com.java.SeleniumDriver] [  897] - Action Type : WaitForElement
[INFO ][2016-01-05 15:21:53,786][com.java.SeleniumDriver] [  906] -  RESULT true
[INFO ][2016-01-05 15:21:53,786][com.java.SeleniumDriver] [ 1112] - ?   P A S S   ?
[INFO ][2016-01-05 15:21:53,786][com.java.SeleniumDriver] [  832] - ------------------------------------------
[INFO ][2016-01-05 15:21:53,786][com.java.SeleniumDriver] [  833] - Test case being Executed: 3
[INFO ][2016-01-05 15:21:53,786][com.java.SeleniumDriver] [  845] - Test step:8
[INFO ][2016-01-05 15:21:53,786][com.java.SeleniumDriver] [  857] - Datavalue is----------null
[DEBUG][2016-01-05 15:21:53,786][com.java.SeleniumDriver] [  875] - Exception: null
[INFO ][2016-01-05 15:21:53,786][com.java.SeleniumDriver] [  881] - DataField : BTNbtnAddUser
[INFO ][2016-01-05 15:21:53,786][com.java.SeleniumDriver] [  883] - DataValue : 
[INFO ][2016-01-05 15:21:53,786][com.java.SeleniumDriver] [  889] - <In Set values of the page>
[INFO ][2016-01-05 15:21:53,786][com.java.SeleniumDriver] [  892] - {Data Fields & Data Values Exist}
[INFO ][2016-01-05 15:21:53,787][com.java.SeleniumDriver] [  894] - --------------------------setting values-----------------------------
[INFO ][2016-01-05 15:21:53,787][com.java.SeleniumDriver] [  897] - Action Type : Click
[INFO ][2016-01-05 15:21:53,787][com.java.TestType] [ 6084] - Field ::BTNbtnAddUser
[INFO ][2016-01-05 15:21:53,787][com.java.TestType] [ 5705] - value = 
[INFO ][2016-01-05 15:21:54,787][com.java.TestType] [ 6200] - BEFORE CLICK
[INFO ][2016-01-05 15:21:56,159][com.java.TestType] [ 6207] - Unable to click the object Add user button
[INFO ][2016-01-05 15:21:56,159][com.java.SeleniumDriver] [  906] -  RESULT true
[INFO ][2016-01-05 15:21:56,159][com.java.SeleniumDriver] [ 1112] - ?   P A S S   ?
[INFO ][2016-01-05 15:21:56,160][com.java.SeleniumDriver] [  832] - ------------------------------------------
[INFO ][2016-01-05 15:21:56,160][com.java.SeleniumDriver] [  833] - Test case being Executed: 3
[INFO ][2016-01-05 15:21:56,160][com.java.SeleniumDriver] [  845] - Test step:9
[INFO ][2016-01-05 15:21:56,160][com.java.SeleniumDriver] [  857] - Datavalue is----------2
[INFO ][2016-01-05 15:21:56,160][com.java.SeleniumDriver] [  881] - DataField : BTNtxtUserName
[INFO ][2016-01-05 15:21:56,160][com.java.SeleniumDriver] [  883] - DataValue : 2
[INFO ][2016-01-05 15:21:56,160][com.java.SeleniumDriver] [  889] - <In Set values of the page>
[INFO ][2016-01-05 15:21:56,160][com.java.SeleniumDriver] [  892] - {Data Fields & Data Values Exist}
[INFO ][2016-01-05 15:21:56,160][com.java.SeleniumDriver] [  894] - --------------------------setting values-----------------------------
[INFO ][2016-01-05 15:21:56,160][com.java.SeleniumDriver] [  897] - Action Type : WaitForElement
[INFO ][2016-01-05 15:21:57,400][com.java.SeleniumDriver] [  906] -  RESULT true
[INFO ][2016-01-05 15:21:57,400][com.java.SeleniumDriver] [ 1112] - ?   P A S S   ?
[INFO ][2016-01-05 15:21:57,400][com.java.SeleniumDriver] [  832] - ------------------------------------------
[INFO ][2016-01-05 15:21:57,400][com.java.SeleniumDriver] [  833] - Test case being Executed: 3
[INFO ][2016-01-05 15:21:57,400][com.java.SeleniumDriver] [  845] - Test step:10
[INFO ][2016-01-05 15:21:57,401][com.java.SeleniumDriver] [  857] - Datavalue is----------5
[INFO ][2016-01-05 15:21:57,401][com.java.SeleniumDriver] [  881] - DataField : TXTtxtUserName
[INFO ][2016-01-05 15:21:57,401][com.java.SeleniumDriver] [  883] - DataValue : 5
[INFO ][2016-01-05 15:21:57,401][com.java.SeleniumDriver] [  889] - <In Set values of the page>
[INFO ][2016-01-05 15:21:57,401][com.java.SeleniumDriver] [  892] - {Data Fields & Data Values Exist}
[INFO ][2016-01-05 15:21:57,401][com.java.SeleniumDriver] [  894] - --------------------------setting values-----------------------------
[INFO ][2016-01-05 15:21:57,401][com.java.SeleniumDriver] [  897] - Action Type : WaitForElement
[INFO ][2016-01-05 15:21:58,663][com.java.SeleniumDriver] [  906] -  RESULT true
[INFO ][2016-01-05 15:21:58,663][com.java.SeleniumDriver] [ 1112] - ?   P A S S   ?
[INFO ][2016-01-05 15:21:58,663][com.java.SeleniumDriver] [  832] - ------------------------------------------
[INFO ][2016-01-05 15:21:58,663][com.java.SeleniumDriver] [  833] - Test case being Executed: 3
[INFO ][2016-01-05 15:21:58,663][com.java.SeleniumDriver] [  845] - Test step:11
[INFO ][2016-01-05 15:21:58,664][com.java.SeleniumDriver] [  857] - Datavalue is----------RNDvltest.robot
[INFO ][2016-01-05 15:21:58,664][com.java.SeleniumDriver] [  881] - DataField : TXTtxtUserName
[INFO ][2016-01-05 15:21:58,664][com.java.SeleniumDriver] [  883] - DataValue : RNDvltest.robot
[INFO ][2016-01-05 15:21:58,664][com.java.SeleniumDriver] [  889] - <In Set values of the page>
[INFO ][2016-01-05 15:21:58,664][com.java.SeleniumDriver] [  892] - {Data Fields & Data Values Exist}
[INFO ][2016-01-05 15:21:58,664][com.java.SeleniumDriver] [  894] - --------------------------setting values-----------------------------
[INFO ][2016-01-05 15:21:58,664][com.java.SeleniumDriver] [  897] - Action Type : CLEARANDENTER
[INFO ][2016-01-05 15:21:58,664][com.java.TestType] [ 5705] - value = vltest.robot17976
[ERROR][2016-01-05 15:21:59,973][com.java.TestType] [ 6685] - Exception in clearAndEnter: Element must not be hidden, disabled or read-only (WARNING: The server did not provide any stacktrace information)
Command duration or timeout: 25 milliseconds
Build info: version: '2.48.2', revision: '41bccdd', time: '2015-10-09 19:59:12'
System info: host: 'FVTIII438F1D', ip: '172.17.68.34', os.name: 'Windows 7', os.arch: 'x86', os.version: '6.1', java.version: '1.7.0_55'
Session ID: 07fa43a2-4ddd-4429-a332-93fff2dbc9ef
Driver info: org.openqa.selenium.ie.InternetExplorerDriver
Capabilities [{platform=WINDOWS, javascriptEnabled=true, elementScrollBehavior=0, ignoreZoomSetting=false, enablePersistentHover=true, ie.ensureCleanSession=false, browserName=internet explorer, enableElementCacheCleanup=true, unexpectedAlertBehaviour=dismiss, version=10, ie.usePerProcessProxy=false, ignoreProtectedModeSettings=true, cssSelectorsEnabled=true, requireWindowFocus=false, initialBrowserUrl=http://localhost:2254/, handlesAlerts=true, ie.forceCreateProcessApi=false, nativeEvents=true, browserAttachTimeout=0, ie.browserCommandLineSwitches=, takesScreenshot=true}]
[DEBUG][2016-01-05 15:21:59,973][com.java.TestType] [ 6689] - For ENTER action type the data field should be TXT
[INFO ][2016-01-05 15:21:59,973][com.java.SeleniumDriver] [  906] -  RESULT false
[INFO ][2016-01-05 15:21:59,973][com.java.SeleniumDriver] [  953] - ?   F A I L   ?
[INFO ][2016-01-05 15:21:59,973][com.java.SeleniumDriver] [  961] - Browser Type : IE10
[INFO ][2016-01-05 15:21:59,973][com.java.SeleniumDriver] [  962] - Adding Failed case3
[INFO ][2016-01-05 15:22:00,773][com.java.SeleniumDriver] [ 1076] - failedCases = 3
[ERROR][2016-01-05 15:22:00,773][com.java.SeleniumDriver] [ 1575] - Platform Errors : Our apologies...::We have encountered an issue with your request.::Our apologies?:We encountered an issue with your request.
[INFO ][2016-01-05 15:22:00,773][com.java.SeleniumDriver] [ 1579] - Length =3
[ERROR][2016-01-05 15:22:00,773][com.java.SeleniumDriver] [ 1582] - Error 0 = Our apologies...
[ERROR][2016-01-05 15:22:00,855][com.java.SeleniumDriver] [ 1582] - Error 1 = We have encountered an issue with your request.
[ERROR][2016-01-05 15:22:00,875][com.java.SeleniumDriver] [ 1582] - Error 2 = Our apologies?:We encountered an issue with your request.
[INFO ][2016-01-05 15:22:00,895][com.java.SeleniumDriver] [ 1593] - strError:
[DEBUG][2016-01-05 15:22:00,910][com.java.SeleniumDriver] [ 1224] - Case found
[DEBUG][2016-01-05 15:22:00,910][com.java.SeleniumDriver] [ 1229] - Incrementing ReportCounters[0]:2
[INFO ][2016-01-05 15:22:00,910][com.java.SeleniumDriver] [ 1248] - The results are-------------------[3, 11, Admin: Users: Manage Users: Set Access for Users, Fail, 
Test case failed at Step No. :: 11   Error Message ::  For ENTER action type the data field should be TXT. Screen Shot : D:\BankersDashboard\TestReports\010516\3_010516_152159_IE10.png, Tue Jan 05 15:22:00 IST 2016]
[INFO ][2016-01-05 15:22:00,910][com.java.SeleniumDriver] [ 1252] - End time is-------1 min 49 sec
[INFO ][2016-01-05 15:22:00,910][com.java.SeleniumDriver] [ 1253] - The results are-------------------[3, 11, Admin: Users: Manage Users: Set Access for Users, Fail, 
Test case failed at Step No. :: 11   Error Message ::  For ENTER action type the data field should be TXT. Screen Shot : D:\BankersDashboard\TestReports\010516\3_010516_152159_IE10.png, Tue Jan 05 15:22:00 IST 2016]
[DEBUG][2016-01-05 15:22:00,910][com.java.ImportnExport.ExportTestResultsExcel] [  222] - testResultPath = D:\BankersDashboard/TestReports/Test Results_BankersDashBoard_010516_152013_IE10_United Bank.xls
[DEBUG][2016-01-05 15:22:00,910][com.java.ImportnExport.ExportTestResultsExcel] [  223] - browser is------------IE10
[DEBUG][2016-01-05 15:22:00,913][com.java.ImportnExport.ExportTestResultsExcel] [  270] - result.size() = 6
[DEBUG][2016-01-05 15:22:00,913][com.java.ImportnExport.ExportTestResultsExcel] [  274] - No of rows in sheet=2
[DEBUG][2016-01-05 15:22:00,913][com.java.ImportnExport.ExportTestResultsExcel] [  301] - ..in export..3
[DEBUG][2016-01-05 15:22:00,913][com.java.ImportnExport.ExportTestResultsExcel] [  301] - ..in export..Admin: Users: Manage Users: Set Access for Users
[DEBUG][2016-01-05 15:22:00,913][com.java.ImportnExport.ExportTestResultsExcel] [  301] - ..in export..Fail
[DEBUG][2016-01-05 15:22:00,913][com.java.ImportnExport.ExportTestResultsExcel] [  301] - ..in export..
Test case failed at Step No. :: 11   Error Message ::  For ENTER action type the data field should be TXT. Screen Shot : D:\BankersDashboard\TestReports\010516\3_010516_152159_IE10.png
[DEBUG][2016-01-05 15:22:00,913][com.java.ImportnExport.ExportTestResultsExcel] [  301] - ..in export..Tue Jan 05 15:22:00 IST 2016
[INFO ][2016-01-05 15:22:00,914][com.java.SeleniumDriver] [ 1313] - out loop:1 size:2 TestCases:[1, 3] testcases:[1, 3]
[INFO ][2016-01-05 15:22:02,914][com.java.SeleniumDriver] [ 1356] - Total Number of Cases:2
[INFO ][2016-01-05 15:22:02,914][com.java.TemplateGenerator] [  302] - Executed:2
[INFO ][2016-01-05 15:22:02,914][com.java.TemplateGenerator] [  303] - Passed:1
[INFO ][2016-01-05 15:22:02,914][com.java.TemplateGenerator] [  304] - Failed:1
[INFO ][2016-01-05 15:22:02,914][com.java.TemplateGenerator] [  305] - Skipeed:0
[INFO ][2016-01-05 15:22:02,914][com.java.TemplateGenerator] [  306] - Application URL:https://clients-xuat.bankersdashboard.com
[INFO ][2016-01-05 15:22:02,914][com.java.TemplateGenerator] [  307] - Start Time:010516_152013
[INFO ][2016-01-05 15:22:02,914][com.java.TemplateGenerator] [  308] -  Creating HTML Report 
[ERROR][2016-01-05 15:22:02,915][com.java.TemplateGenerator] [  409] - Unparseable date: "Tue Jan 05 03:20:13 IST 2016"
[INFO ][2016-01-05 15:22:02,915][com.java.TemplateGenerator] [  654] -  Exporting case :: 1
[INFO ][2016-01-05 15:22:02,915][com.java.TemplateGenerator] [  654] -  Exporting case :: 3
[INFO ][2016-01-05 15:22:02,922][com.java.SeleniumDriver] [ 1405] - End Time:010516_152202
[INFO ][2016-01-05 15:22:02,922][com.java.SeleniumDriver] [ 1408] - Data in Test Execution Details:{1=PASS, 3=FAILTest case failed at Step No. :: 11   Error Message ::  For ENTER action type the data field should be TXT}
[INFO ][2016-01-05 15:22:02,922][com.java.SeleniumDriver] [ 1409] - Data in Failed Execution Deatils:{}
[INFO ][2016-01-05 15:22:02,922][com.java.SeleniumDriver] [ 1411] - ReportCounter:Total:2 :: PASS: 1 ::FAIL: 1
[INFO ][2016-01-05 15:22:02,922][com.java.SeleniumDriver] [ 1412] - FailedReportCounter:Total:0 :: PASS: 0 ::FAIL: 0
[INFO ][2016-01-05 15:22:02,928][com.java.EmailTestReport] [   63] - Sending report mail details:
[INFO ][2016-01-05 15:22:02,928][com.java.EmailTestReport] [   80] - Excel Report Path:D:\BankersDashboard/TestReports/Test Results_BankersDashBoard_010516_152013_IE10_United Bank.xls
[INFO ][2016-01-05 15:22:02,928][com.java.EmailTestReport] [   81] - HTML Report Path:D:\BankersDashboard//TestReports//Test Results_BankersDashBoard_010516_152013_IE10_United Bank.html
[INFO ][2016-01-05 15:22:02,928][com.java.EmailTestReport] [   82] - smtpHostName:mail01.valuelabs.com
[INFO ][2016-01-05 15:22:02,929][com.java.EmailTestReport] [   83] - Recipient:venkateswararao.gubbala@valuelabs.com;
[INFO ][2016-01-05 15:22:02,929][com.java.EmailTestReport] [   84] - From:venkateswararao.gubbala@valuelabs.com;
[INFO ][2016-01-05 15:22:02,929][com.java.EmailTestReport] [   85] - Subject:Deluxe Corp Bankers Dashboard Automation Test Report - United Bank - IE10
[INFO ][2016-01-05 15:22:02,946][com.java.EmailTestReport] [  143] -  Added venkateswararao.gubbala@valuelabs.com
[INFO ][2016-01-05 15:22:06,070][com.java.SeleniumDriver] [  722] - quitting the browser 
