[INFO ][2015-11-12 17:16:07,822][com.java.SeleniumDriver] [  213] - Execute Failed Casesfalse
[INFO ][2015-11-12 17:16:07,827][com.java.SeleniumDriver] [  214] - Browser: IE11
[INFO ][2015-11-12 17:16:07,827][com.java.SeleniumDriver] [  215] - [1, 4]
[INFO ][2015-11-12 17:16:07,827][com.java.SeleniumDriver] [  216] - Total TestCases:2
[INFO ][2015-11-12 17:16:07,827][com.java.SeleniumDriver] [  217] -  Reading Properties from Property File 
[DEBUG][2015-11-12 17:16:07,827][com.java.SeleniumDriver] [  238] - url : https://clients-xuat.bankersdashboard.com
[INFO ][2015-11-12 17:16:07,829][com.java.ImportnExport.ExportTestResultsExcel] [  116] - Time Stamp Thu Nov 12 05:16:07 IST 2015
[INFO ][2015-11-12 17:16:07,829][com.java.ImportnExport.ExportTestResultsExcel] [  175] - OUT FILE : D:\BankersDashboard/TestReports/Test Results_BankersDashBoard_111215_171607_IE11_Any Bank USA.xls
[INFO ][2015-11-12 17:16:07,856][com.java.ImportnExport.ExportTestResultsExcel] [  180] - Test Result file is created
[DEBUG][2015-11-12 17:16:07,957][com.java.SeleniumDriver] [  425] - Hub ip address is-------172.17.68.34
[INFO ][2015-11-12 17:16:07,958][com.java.SeleniumDriver] [  451] - Grid URL:http://172.17.68.34:4444/wd/hub
[INFO ][2015-11-12 17:16:07,958][com.java.SeleniumDriver] [  452] - Capability:Capabilities [{platform=ANY, ensureCleanSession=true, ignoreProtectedModeSettings=true, acceptSslCerts=true, ignoreZoomSetting=true, browserName=internet explorer, browserstack.ie.noFlash=true, version=Node1}]
[ERROR][2015-11-12 17:16:09,256][com.java.SeleniumDriver] [  496] - Unable invoke browser in grid:Could not start a new session. Possible causes are invalid address of the remote server or browser start-up failure.
Build info: version: '2.48.2', revision: '41bccdd', time: '2015-10-09 19:59:12'
System info: host: 'FVTIII438F1D', ip: '172.17.68.34', os.name: 'Windows 7', os.arch: 'x86', os.version: '6.1', java.version: '1.7.0_55'
Driver info: driver.version: SeleniumDriver
[INFO ][2015-11-12 17:16:09,256][com.java.SeleniumDriver] [  498] - Executing on local machine
[INFO ][2015-11-12 17:16:18,814][com.java.SeleniumDriver] [  248] - IE11is opened
[INFO ][2015-11-12 17:16:19,917][com.java.SeleniumDriver] [  753] - Test cases to be executed are: [1, 4]
[INFO ][2015-11-12 17:16:19,935][com.java.ImportnExport.ImportTestDataDetailsExcel] [   49] - test data details path===== D:\BankersDashboard\TestInputs\TestData.xls
[INFO ][2015-11-12 17:16:19,981][com.java.SeleniumDriver] [  796] - ------------------------------------------
[INFO ][2015-11-12 17:16:19,981][com.java.SeleniumDriver] [  797] - Test case being Executed: 1
[INFO ][2015-11-12 17:16:19,982][com.java.SeleniumDriver] [  808] - Test step:1
[INFO ][2015-11-12 17:16:19,982][com.java.SeleniumDriver] [  820] - Datavalue is----------Concept#1:1-14
[INFO ][2015-11-12 17:16:19,982][com.java.SeleniumDriver] [  844] - DataField : test
[INFO ][2015-11-12 17:16:19,982][com.java.SeleniumDriver] [  846] - DataValue : Concept#1:1-14
[INFO ][2015-11-12 17:16:19,982][com.java.SeleniumDriver] [  852] - <In Set values of the page>
[INFO ][2015-11-12 17:16:19,982][com.java.SeleniumDriver] [  855] - {Data Fields & Data Values Exist}
[INFO ][2015-11-12 17:16:19,982][com.java.SeleniumDriver] [  857] - --------------------------setting values-----------------------------
[INFO ][2015-11-12 17:16:19,982][com.java.SeleniumDriver] [  860] - Action Type : ExecuteTestCase
[INFO ][2015-11-12 17:16:19,999][com.java.TestType] [  423] - The Concept sheet name is ---------- Concept
[INFO ][2015-11-12 17:16:19,999][com.java.TestType] [  426] - The Concept ID  is ---------- 1
[DEBUG][2015-11-12 17:16:20,000][com.java.TestType] [  430] - Steps being executted in the Concept are: 1:14
[INFO ][2015-11-12 17:16:20,000][com.java.TestType] [  437] - Test data details path ---------- D:\BankersDashboard\TestInputs\TestData.xls
[INFO ][2015-11-12 17:16:20,033][com.java.TestType] [  468] -  str(1) = 1
[INFO ][2015-11-12 17:16:20,033][com.java.TestType] [  471] - Test case Id is---1
[INFO ][2015-11-12 17:16:20,034][com.java.TestType] [  473] - 1
[INFO ][2015-11-12 17:16:20,034][com.java.TestType] [  468] -  str(2) = 1
[INFO ][2015-11-12 17:16:20,036][com.java.TestType] [  520] - row values are--------{1=com.java.Objects.TestDataDetails@514cef}
[INFO ][2015-11-12 17:16:20,036][com.java.TestType] [  468] -  str(1) = 1
[INFO ][2015-11-12 17:16:20,036][com.java.TestType] [  471] - Test case Id is---1
[INFO ][2015-11-12 17:16:20,037][com.java.TestType] [  473] - 1
[INFO ][2015-11-12 17:16:20,037][com.java.TestType] [  468] -  str(2) = 2
[INFO ][2015-11-12 17:16:20,038][com.java.TestType] [  520] - row values are--------{1=com.java.Objects.TestDataDetails@514cef, 2=com.java.Objects.TestDataDetails@1da11d8}
[INFO ][2015-11-12 17:16:20,038][com.java.TestType] [  468] -  str(1) = 1
[INFO ][2015-11-12 17:16:20,038][com.java.TestType] [  471] - Test case Id is---1
[INFO ][2015-11-12 17:16:20,038][com.java.TestType] [  473] - 1
[INFO ][2015-11-12 17:16:20,040][com.java.TestType] [  468] -  str(2) = 3
[INFO ][2015-11-12 17:16:20,042][com.java.TestType] [  520] - row values are--------{1=com.java.Objects.TestDataDetails@514cef, 2=com.java.Objects.TestDataDetails@1da11d8, 3=com.java.Objects.TestDataDetails@1ff9980}
[INFO ][2015-11-12 17:16:20,043][com.java.TestType] [  468] -  str(1) = 1
[INFO ][2015-11-12 17:16:20,043][com.java.TestType] [  471] - Test case Id is---1
[INFO ][2015-11-12 17:16:20,043][com.java.TestType] [  473] - 1
[INFO ][2015-11-12 17:16:20,043][com.java.TestType] [  468] -  str(2) = 4
[INFO ][2015-11-12 17:16:20,044][com.java.TestType] [  520] - row values are--------{1=com.java.Objects.TestDataDetails@514cef, 2=com.java.Objects.TestDataDetails@1da11d8, 3=com.java.Objects.TestDataDetails@1ff9980, 4=com.java.Objects.TestDataDetails@470c64}
[INFO ][2015-11-12 17:16:20,044][com.java.TestType] [  468] -  str(1) = 1
[INFO ][2015-11-12 17:16:20,044][com.java.TestType] [  471] - Test case Id is---1
[INFO ][2015-11-12 17:16:20,044][com.java.TestType] [  473] - 1
[INFO ][2015-11-12 17:16:20,045][com.java.TestType] [  468] -  str(2) = 5
[INFO ][2015-11-12 17:16:20,046][com.java.TestType] [  520] - row values are--------{1=com.java.Objects.TestDataDetails@514cef, 2=com.java.Objects.TestDataDetails@1da11d8, 3=com.java.Objects.TestDataDetails@1ff9980, 4=com.java.Objects.TestDataDetails@470c64, 5=com.java.Objects.TestDataDetails@1658567}
[INFO ][2015-11-12 17:16:20,046][com.java.TestType] [  468] -  str(1) = 1
[INFO ][2015-11-12 17:16:20,046][com.java.TestType] [  471] - Test case Id is---1
[INFO ][2015-11-12 17:16:20,046][com.java.TestType] [  473] - 1
[INFO ][2015-11-12 17:16:20,046][com.java.TestType] [  468] -  str(2) = 6
[INFO ][2015-11-12 17:16:20,047][com.java.TestType] [  520] - row values are--------{1=com.java.Objects.TestDataDetails@514cef, 2=com.java.Objects.TestDataDetails@1da11d8, 3=com.java.Objects.TestDataDetails@1ff9980, 4=com.java.Objects.TestDataDetails@470c64, 5=com.java.Objects.TestDataDetails@1658567, 6=com.java.Objects.TestDataDetails@1b81acf}
[INFO ][2015-11-12 17:16:20,047][com.java.TestType] [  468] -  str(1) = 1
[INFO ][2015-11-12 17:16:20,047][com.java.TestType] [  471] - Test case Id is---1
[INFO ][2015-11-12 17:16:20,047][com.java.TestType] [  473] - 1
[INFO ][2015-11-12 17:16:20,047][com.java.TestType] [  468] -  str(2) = 7
[INFO ][2015-11-12 17:16:20,048][com.java.TestType] [  520] - row values are--------{1=com.java.Objects.TestDataDetails@514cef, 2=com.java.Objects.TestDataDetails@1da11d8, 3=com.java.Objects.TestDataDetails@1ff9980, 4=com.java.Objects.TestDataDetails@470c64, 5=com.java.Objects.TestDataDetails@1658567, 6=com.java.Objects.TestDataDetails@1b81acf, 7=com.java.Objects.TestDataDetails@1b9e6d7}
[INFO ][2015-11-12 17:16:20,048][com.java.TestType] [  468] -  str(1) = 1
[INFO ][2015-11-12 17:16:20,048][com.java.TestType] [  471] - Test case Id is---1
[INFO ][2015-11-12 17:16:20,048][com.java.TestType] [  473] - 1
[INFO ][2015-11-12 17:16:20,049][com.java.TestType] [  468] -  str(2) = 8
[INFO ][2015-11-12 17:16:20,049][com.java.TestType] [  520] - row values are--------{1=com.java.Objects.TestDataDetails@514cef, 2=com.java.Objects.TestDataDetails@1da11d8, 3=com.java.Objects.TestDataDetails@1ff9980, 4=com.java.Objects.TestDataDetails@470c64, 5=com.java.Objects.TestDataDetails@1658567, 6=com.java.Objects.TestDataDetails@1b81acf, 7=com.java.Objects.TestDataDetails@1b9e6d7, 8=com.java.Objects.TestDataDetails@dc8b55}
[INFO ][2015-11-12 17:16:20,049][com.java.TestType] [  468] -  str(1) = 1
[INFO ][2015-11-12 17:16:20,050][com.java.TestType] [  471] - Test case Id is---1
[INFO ][2015-11-12 17:16:20,050][com.java.TestType] [  473] - 1
[INFO ][2015-11-12 17:16:20,050][com.java.TestType] [  468] -  str(2) = 9
[INFO ][2015-11-12 17:16:20,050][com.java.TestType] [  520] - row values are--------{1=com.java.Objects.TestDataDetails@514cef, 2=com.java.Objects.TestDataDetails@1da11d8, 3=com.java.Objects.TestDataDetails@1ff9980, 4=com.java.Objects.TestDataDetails@470c64, 5=com.java.Objects.TestDataDetails@1658567, 6=com.java.Objects.TestDataDetails@1b81acf, 7=com.java.Objects.TestDataDetails@1b9e6d7, 8=com.java.Objects.TestDataDetails@dc8b55, 9=com.java.Objects.TestDataDetails@b8460f}
[INFO ][2015-11-12 17:16:20,052][com.java.TestType] [  468] -  str(1) = 1
[INFO ][2015-11-12 17:16:20,052][com.java.TestType] [  471] - Test case Id is---1
[INFO ][2015-11-12 17:16:20,052][com.java.TestType] [  473] - 1
[INFO ][2015-11-12 17:16:20,052][com.java.TestType] [  468] -  str(2) = 10
[INFO ][2015-11-12 17:16:20,053][com.java.TestType] [  520] - row values are--------{1=com.java.Objects.TestDataDetails@514cef, 2=com.java.Objects.TestDataDetails@1da11d8, 3=com.java.Objects.TestDataDetails@1ff9980, 4=com.java.Objects.TestDataDetails@470c64, 5=com.java.Objects.TestDataDetails@1658567, 6=com.java.Objects.TestDataDetails@1b81acf, 7=com.java.Objects.TestDataDetails@1b9e6d7, 8=com.java.Objects.TestDataDetails@dc8b55, 9=com.java.Objects.TestDataDetails@b8460f, 10=com.java.Objects.TestDataDetails@1b40e7e}
[INFO ][2015-11-12 17:16:20,053][com.java.TestType] [  468] -  str(1) = 1
[INFO ][2015-11-12 17:16:20,053][com.java.TestType] [  471] - Test case Id is---1
[INFO ][2015-11-12 17:16:20,054][com.java.TestType] [  473] - 1
[INFO ][2015-11-12 17:16:20,054][com.java.TestType] [  468] -  str(2) = 11
[INFO ][2015-11-12 17:16:20,054][com.java.TestType] [  520] - row values are--------{1=com.java.Objects.TestDataDetails@514cef, 2=com.java.Objects.TestDataDetails@1da11d8, 3=com.java.Objects.TestDataDetails@1ff9980, 4=com.java.Objects.TestDataDetails@470c64, 5=com.java.Objects.TestDataDetails@1658567, 6=com.java.Objects.TestDataDetails@1b81acf, 7=com.java.Objects.TestDataDetails@1b9e6d7, 8=com.java.Objects.TestDataDetails@dc8b55, 9=com.java.Objects.TestDataDetails@b8460f, 10=com.java.Objects.TestDataDetails@1b40e7e, 11=com.java.Objects.TestDataDetails@77d66}
[INFO ][2015-11-12 17:16:20,055][com.java.TestType] [  468] -  str(1) = 1
[INFO ][2015-11-12 17:16:20,055][com.java.TestType] [  471] - Test case Id is---1
[INFO ][2015-11-12 17:16:20,055][com.java.TestType] [  473] - 1
[INFO ][2015-11-12 17:16:20,055][com.java.TestType] [  468] -  str(2) = 12
[INFO ][2015-11-12 17:16:20,056][com.java.TestType] [  520] - row values are--------{1=com.java.Objects.TestDataDetails@514cef, 2=com.java.Objects.TestDataDetails@1da11d8, 3=com.java.Objects.TestDataDetails@1ff9980, 4=com.java.Objects.TestDataDetails@470c64, 5=com.java.Objects.TestDataDetails@1658567, 6=com.java.Objects.TestDataDetails@1b81acf, 7=com.java.Objects.TestDataDetails@1b9e6d7, 8=com.java.Objects.TestDataDetails@dc8b55, 9=com.java.Objects.TestDataDetails@b8460f, 10=com.java.Objects.TestDataDetails@1b40e7e, 11=com.java.Objects.TestDataDetails@77d66, 12=com.java.Objects.TestDataDetails@19a12cb}
[INFO ][2015-11-12 17:16:20,056][com.java.TestType] [  468] -  str(1) = 1
[INFO ][2015-11-12 17:16:20,056][com.java.TestType] [  471] - Test case Id is---1
[INFO ][2015-11-12 17:16:20,056][com.java.TestType] [  473] - 1
[INFO ][2015-11-12 17:16:20,056][com.java.TestType] [  468] -  str(2) = 13
[INFO ][2015-11-12 17:16:20,057][com.java.TestType] [  520] - row values are--------{1=com.java.Objects.TestDataDetails@514cef, 2=com.java.Objects.TestDataDetails@1da11d8, 3=com.java.Objects.TestDataDetails@1ff9980, 4=com.java.Objects.TestDataDetails@470c64, 5=com.java.Objects.TestDataDetails@1658567, 6=com.java.Objects.TestDataDetails@1b81acf, 7=com.java.Objects.TestDataDetails@1b9e6d7, 8=com.java.Objects.TestDataDetails@dc8b55, 9=com.java.Objects.TestDataDetails@b8460f, 10=com.java.Objects.TestDataDetails@1b40e7e, 11=com.java.Objects.TestDataDetails@77d66, 12=com.java.Objects.TestDataDetails@19a12cb, 13=com.java.Objects.TestDataDetails@e18cef}
[INFO ][2015-11-12 17:16:20,057][com.java.TestType] [  468] -  str(1) = 1
[INFO ][2015-11-12 17:16:20,057][com.java.TestType] [  471] - Test case Id is---1
[INFO ][2015-11-12 17:16:20,057][com.java.TestType] [  473] - 1
[INFO ][2015-11-12 17:16:20,057][com.java.TestType] [  468] -  str(2) = 14
[INFO ][2015-11-12 17:16:20,058][com.java.TestType] [  520] - row values are--------{1=com.java.Objects.TestDataDetails@514cef, 2=com.java.Objects.TestDataDetails@1da11d8, 3=com.java.Objects.TestDataDetails@1ff9980, 4=com.java.Objects.TestDataDetails@470c64, 5=com.java.Objects.TestDataDetails@1658567, 6=com.java.Objects.TestDataDetails@1b81acf, 7=com.java.Objects.TestDataDetails@1b9e6d7, 8=com.java.Objects.TestDataDetails@dc8b55, 9=com.java.Objects.TestDataDetails@b8460f, 10=com.java.Objects.TestDataDetails@1b40e7e, 11=com.java.Objects.TestDataDetails@77d66, 12=com.java.Objects.TestDataDetails@19a12cb, 13=com.java.Objects.TestDataDetails@e18cef, 14=com.java.Objects.TestDataDetails@1f967c8}
[INFO ][2015-11-12 17:16:20,058][com.java.TestType] [ 8386] - Looping 1TCID = 1
[DEBUG][2015-11-12 17:16:20,058][com.java.TestType] [ 8427] - Concept ID:1 :: Step being Executed: 1::1
[INFO ][2015-11-12 17:16:20,059][com.java.TestType] [ 8465] - dataFields : TXTusername
[DEBUG][2015-11-12 17:16:20,059][com.java.TestType] [ 8471] - <In Set values of the page>
[DEBUG][2015-11-12 17:16:20,059][com.java.TestType] [ 8476] - {Data Fields & Data Values Exist}
[INFO ][2015-11-12 17:16:20,059][com.java.TestType] [ 8482] - --------------------------setting values-----------------------------
[INFO ][2015-11-12 17:16:20,059][com.java.TestType] [ 8485] - Action Type : CLEARANDENTER
[INFO ][2015-11-12 17:16:20,059][com.java.TestType] [ 4140] - value = naresh.nayini.00000
[INFO ][2015-11-12 17:16:24,928][com.java.TestType] [ 8504] -  RESULT true
[INFO ][2015-11-12 17:16:24,928][com.java.TestType] [ 8621] - ?   P A S S   ?
[DEBUG][2015-11-12 17:16:24,929][com.java.TestType] [ 8427] - Concept ID:1 :: Step being Executed: 1::2
[INFO ][2015-11-12 17:16:24,929][com.java.TestType] [ 8465] - dataFields : TXTpassword
[DEBUG][2015-11-12 17:16:24,929][com.java.TestType] [ 8471] - <In Set values of the page>
[DEBUG][2015-11-12 17:16:24,929][com.java.TestType] [ 8476] - {Data Fields & Data Values Exist}
[INFO ][2015-11-12 17:16:24,929][com.java.TestType] [ 8482] - --------------------------setting values-----------------------------
[INFO ][2015-11-12 17:16:24,929][com.java.TestType] [ 8485] - Action Type : CLEARANDENTER
[INFO ][2015-11-12 17:16:24,929][com.java.TestType] [ 4140] - value = Password1*
[INFO ][2015-11-12 17:16:29,856][com.java.TestType] [ 8504] -  RESULT true
[INFO ][2015-11-12 17:16:29,856][com.java.TestType] [ 8621] - ?   P A S S   ?
[DEBUG][2015-11-12 17:16:29,856][com.java.TestType] [ 8427] - Concept ID:1 :: Step being Executed: 1::3
[ERROR][2015-11-12 17:16:29,856][com.java.TestType] [ 8460] - Exception: null
[INFO ][2015-11-12 17:16:29,856][com.java.TestType] [ 8465] - dataFields : XPH//button[@type='submit']
[DEBUG][2015-11-12 17:16:29,856][com.java.TestType] [ 8471] - <In Set values of the page>
[DEBUG][2015-11-12 17:16:29,856][com.java.TestType] [ 8476] - {Data Fields & Data Values Exist}
[INFO ][2015-11-12 17:16:29,857][com.java.TestType] [ 8482] - --------------------------setting values-----------------------------
[INFO ][2015-11-12 17:16:29,857][com.java.TestType] [ 8485] - Action Type : Click
[INFO ][2015-11-12 17:16:29,857][com.java.TestType] [ 4453] - Field ::XPH//button[@type='submit']
[INFO ][2015-11-12 17:16:30,857][com.java.TestType] [ 4512] - BEFORE CLICK
[INFO ][2015-11-12 17:16:31,737][com.java.TestType] [ 4520] - Unable to click the object Login
[INFO ][2015-11-12 17:16:31,737][com.java.TestType] [ 8504] -  RESULT true
[INFO ][2015-11-12 17:16:31,737][com.java.TestType] [ 8621] - ?   P A S S   ?
[DEBUG][2015-11-12 17:16:31,737][com.java.TestType] [ 8427] - Concept ID:1 :: Step being Executed: 1::4
[INFO ][2015-11-12 17:16:31,737][com.java.TestType] [ 8465] - dataFields : LNKLogout
[DEBUG][2015-11-12 17:16:31,737][com.java.TestType] [ 8471] - <In Set values of the page>
[DEBUG][2015-11-12 17:16:31,737][com.java.TestType] [ 8476] - {Data Fields & Data Values Exist}
[INFO ][2015-11-12 17:16:31,737][com.java.TestType] [ 8482] - --------------------------setting values-----------------------------
[INFO ][2015-11-12 17:16:31,738][com.java.TestType] [ 8485] - Action Type : WaitForElement
[INFO ][2015-11-12 17:16:38,890][com.java.TestType] [ 8504] -  RESULT true
[INFO ][2015-11-12 17:16:38,890][com.java.TestType] [ 8621] - ?   P A S S   ?
[DEBUG][2015-11-12 17:16:38,890][com.java.TestType] [ 8427] - Concept ID:1 :: Step being Executed: 1::13
[INFO ][2015-11-12 17:16:38,890][com.java.TestType] [ 8465] - dataFields : LNK
[DEBUG][2015-11-12 17:16:38,890][com.java.TestType] [ 8471] - <In Set values of the page>
[DEBUG][2015-11-12 17:16:38,890][com.java.TestType] [ 8476] - {Data Fields & Data Values Exist}
[INFO ][2015-11-12 17:16:38,890][com.java.TestType] [ 8482] - --------------------------setting values-----------------------------
[INFO ][2015-11-12 17:16:38,890][com.java.TestType] [ 8485] - Action Type : Verify
[INFO ][2015-11-12 17:16:38,891][com.java.TestType] [ 5247] - field= LNK value= Logout
[INFO ][2015-11-12 17:16:38,892][com.java.TestType] [ 4140] - value = Logout
[INFO ][2015-11-12 17:16:38,926][com.java.TestType] [ 8504] -  RESULT true
[INFO ][2015-11-12 17:16:38,926][com.java.TestType] [ 8621] - ?   P A S S   ?
[DEBUG][2015-11-12 17:16:38,926][com.java.TestType] [ 8427] - Concept ID:1 :: Step being Executed: 1::14
[INFO ][2015-11-12 17:16:38,926][com.java.TestType] [ 8465] - dataFields : BTN
[DEBUG][2015-11-12 17:16:38,926][com.java.TestType] [ 8471] - <In Set values of the page>
[DEBUG][2015-11-12 17:16:38,926][com.java.TestType] [ 8476] - {Data Fields & Data Values Exist}
[INFO ][2015-11-12 17:16:38,926][com.java.TestType] [ 8482] - --------------------------setting values-----------------------------
[INFO ][2015-11-12 17:16:38,926][com.java.TestType] [ 8485] - Action Type : Verify
[INFO ][2015-11-12 17:16:38,927][com.java.TestType] [ 5247] - field= BTN value= //img[contains(@src,'bdlogo.jpg')]
[INFO ][2015-11-12 17:16:38,927][com.java.TestType] [ 4140] - value = //img[contains(@src,'bdlogo.jpg')]
[INFO ][2015-11-12 17:16:38,960][com.java.TestType] [ 8504] -  RESULT true
[INFO ][2015-11-12 17:16:38,960][com.java.TestType] [ 8621] - ?   P A S S   ?
[INFO ][2015-11-12 17:16:38,960][com.java.TestType] [ 8692] - Looping End......
[INFO ][2015-11-12 17:16:38,964][com.java.SeleniumDriver] [  869] -  RESULT true
[INFO ][2015-11-12 17:16:38,964][com.java.SeleniumDriver] [ 1074] - ?   P A S S   ?
[INFO ][2015-11-12 17:16:38,964][com.java.SeleniumDriver] [  796] - ------------------------------------------
[INFO ][2015-11-12 17:16:38,964][com.java.SeleniumDriver] [  797] - Test case being Executed: 1
[INFO ][2015-11-12 17:16:38,964][com.java.SeleniumDriver] [  808] - Test step:2
[INFO ][2015-11-12 17:16:38,964][com.java.SeleniumDriver] [  820] - Datavalue is----------Concept#2:1-2
[INFO ][2015-11-12 17:16:38,964][com.java.SeleniumDriver] [  844] - DataField : test
[INFO ][2015-11-12 17:16:38,965][com.java.SeleniumDriver] [  846] - DataValue : Concept#2:1-2
[INFO ][2015-11-12 17:16:38,965][com.java.SeleniumDriver] [  852] - <In Set values of the page>
[INFO ][2015-11-12 17:16:38,965][com.java.SeleniumDriver] [  855] - {Data Fields & Data Values Exist}
[INFO ][2015-11-12 17:16:38,965][com.java.SeleniumDriver] [  857] - --------------------------setting values-----------------------------
[INFO ][2015-11-12 17:16:38,965][com.java.SeleniumDriver] [  860] - Action Type : ExecuteTestCase
[INFO ][2015-11-12 17:16:38,965][com.java.TestType] [  423] - The Concept sheet name is ---------- Concept
[INFO ][2015-11-12 17:16:38,965][com.java.TestType] [  426] - The Concept ID  is ---------- 2
[DEBUG][2015-11-12 17:16:38,966][com.java.TestType] [  430] - Steps being executted in the Concept are: 1:2
[INFO ][2015-11-12 17:16:38,966][com.java.TestType] [  437] - Test data details path ---------- D:\BankersDashboard\TestInputs\TestData.xls
[INFO ][2015-11-12 17:16:38,994][com.java.TestType] [  468] -  str(1) = 2
[INFO ][2015-11-12 17:16:38,994][com.java.TestType] [  471] - Test case Id is---2
[INFO ][2015-11-12 17:16:38,995][com.java.TestType] [  473] - 2
[INFO ][2015-11-12 17:16:38,995][com.java.TestType] [  468] -  str(2) = 1
[INFO ][2015-11-12 17:16:38,997][com.java.TestType] [  520] - row values are--------{1=com.java.Objects.TestDataDetails@5aaa1f}
[INFO ][2015-11-12 17:16:38,997][com.java.TestType] [  468] -  str(1) = 2
[INFO ][2015-11-12 17:16:38,997][com.java.TestType] [  471] - Test case Id is---2
[INFO ][2015-11-12 17:16:38,998][com.java.TestType] [  473] - 2
[INFO ][2015-11-12 17:16:38,998][com.java.TestType] [  468] -  str(2) = 2
[INFO ][2015-11-12 17:16:38,998][com.java.TestType] [  520] - row values are--------{1=com.java.Objects.TestDataDetails@5aaa1f, 2=com.java.Objects.TestDataDetails@f143b4}
[INFO ][2015-11-12 17:16:38,998][com.java.TestType] [  468] -  str(1) = 2
[INFO ][2015-11-12 17:16:38,998][com.java.TestType] [  471] - Test case Id is---2
[INFO ][2015-11-12 17:16:38,998][com.java.TestType] [  473] - 2
[INFO ][2015-11-12 17:16:38,999][com.java.TestType] [  468] -  str(2) = 3
[INFO ][2015-11-12 17:16:38,999][com.java.TestType] [  520] - row values are--------{1=com.java.Objects.TestDataDetails@5aaa1f, 2=com.java.Objects.TestDataDetails@f143b4, 3=com.java.Objects.TestDataDetails@36c8f3}
[INFO ][2015-11-12 17:16:38,999][com.java.TestType] [ 8386] - Looping 1TCID = 2
[DEBUG][2015-11-12 17:16:38,999][com.java.TestType] [ 8427] - Concept ID:2 :: Step being Executed: 2::1
[INFO ][2015-11-12 17:16:38,999][com.java.TestType] [ 8465] - dataFields : BNK//select[@id='bank']
[DEBUG][2015-11-12 17:16:39,000][com.java.TestType] [ 8471] - <In Set values of the page>
[DEBUG][2015-11-12 17:16:39,000][com.java.TestType] [ 8476] - {Data Fields & Data Values Exist}
[INFO ][2015-11-12 17:16:39,000][com.java.TestType] [ 8482] - --------------------------setting values-----------------------------
[INFO ][2015-11-12 17:16:39,000][com.java.TestType] [ 8485] - Action Type : Select
[INFO ][2015-11-12 17:16:39,000][com.java.TestType] [ 4140] - value = PFC
[INFO ][2015-11-12 17:16:39,201][com.java.TestType] [ 8504] -  RESULT true
[INFO ][2015-11-12 17:16:39,201][com.java.TestType] [ 8621] - ?   P A S S   ?
[DEBUG][2015-11-12 17:16:39,201][com.java.TestType] [ 8427] - Concept ID:2 :: Step being Executed: 2::2
[INFO ][2015-11-12 17:16:39,201][com.java.TestType] [ 8465] - dataFields : LNKLogout
[DEBUG][2015-11-12 17:16:39,201][com.java.TestType] [ 8471] - <In Set values of the page>
[DEBUG][2015-11-12 17:16:39,201][com.java.TestType] [ 8476] - {Data Fields & Data Values Exist}
[INFO ][2015-11-12 17:16:39,201][com.java.TestType] [ 8482] - --------------------------setting values-----------------------------
[INFO ][2015-11-12 17:16:39,201][com.java.TestType] [ 8485] - Action Type : WaitTime
[DEBUG][2015-11-12 17:16:39,202][com.java.TestType] [ 3975] - sleepTime: 5000
[INFO ][2015-11-12 17:16:44,202][com.java.TestType] [ 8504] -  RESULT true
[INFO ][2015-11-12 17:16:44,202][com.java.TestType] [ 8621] - ?   P A S S   ?
[INFO ][2015-11-12 17:16:44,202][com.java.TestType] [ 8692] - Looping End......
[INFO ][2015-11-12 17:16:44,206][com.java.SeleniumDriver] [  869] -  RESULT true
[INFO ][2015-11-12 17:16:44,206][com.java.SeleniumDriver] [ 1074] - ?   P A S S   ?
[INFO ][2015-11-12 17:16:44,206][com.java.SeleniumDriver] [  796] - ------------------------------------------
[INFO ][2015-11-12 17:16:44,206][com.java.SeleniumDriver] [  797] - Test case being Executed: 1
[INFO ][2015-11-12 17:16:44,206][com.java.SeleniumDriver] [  808] - Test step:3
[INFO ][2015-11-12 17:16:44,206][com.java.SeleniumDriver] [  820] - Datavalue is----------2
[INFO ][2015-11-12 17:16:44,206][com.java.SeleniumDriver] [  844] - DataField : XPH//button[contains(text(),'Add Content')]
[INFO ][2015-11-12 17:16:44,206][com.java.SeleniumDriver] [  846] - DataValue : 2
[INFO ][2015-11-12 17:16:44,206][com.java.SeleniumDriver] [  852] - <In Set values of the page>
[INFO ][2015-11-12 17:16:44,206][com.java.SeleniumDriver] [  855] - {Data Fields & Data Values Exist}
[INFO ][2015-11-12 17:16:44,206][com.java.SeleniumDriver] [  857] - --------------------------setting values-----------------------------
[INFO ][2015-11-12 17:16:44,206][com.java.SeleniumDriver] [  860] - Action Type : WAITFORELEMENT
[INFO ][2015-11-12 17:16:44,244][com.java.SeleniumDriver] [  869] -  RESULT true
[INFO ][2015-11-12 17:16:44,244][com.java.SeleniumDriver] [ 1074] - ?   P A S S   ?
[DEBUG][2015-11-12 17:16:44,244][com.java.SeleniumDriver] [ 1176] - Case found
[DEBUG][2015-11-12 17:16:44,244][com.java.SeleniumDriver] [ 1181] - Incrementing ReportCounters[0]:1
[INFO ][2015-11-12 17:16:44,244][com.java.SeleniumDriver] [ 1200] - The results are-------------------[1, 1, Valid Login, Pass, , Thu Nov 12 17:16:38 IST 2015, 1, 2, Valid Login, Pass, , Thu Nov 12 17:16:44 IST 2015, 1, 3, Valid Login, Pass, , Thu Nov 12 17:16:44 IST 2015]
[INFO ][2015-11-12 17:16:44,244][com.java.SeleniumDriver] [ 1204] - End time is-------38 sec
[INFO ][2015-11-12 17:16:44,244][com.java.SeleniumDriver] [ 1205] - The results are-------------------[1, 1, Valid Login, Pass, , Thu Nov 12 17:16:38 IST 2015, 1, 2, Valid Login, Pass, , Thu Nov 12 17:16:44 IST 2015, 1, 3, Valid Login, Pass, , Thu Nov 12 17:16:44 IST 2015]
[DEBUG][2015-11-12 17:16:44,245][com.java.ImportnExport.ExportTestResultsExcel] [  222] - testResultPath = D:\BankersDashboard/TestReports/Test Results_BankersDashBoard_111215_171607_IE11_Any Bank USA.xls
[DEBUG][2015-11-12 17:16:44,245][com.java.ImportnExport.ExportTestResultsExcel] [  223] - browser is------------IE11
[DEBUG][2015-11-12 17:16:44,287][com.java.ImportnExport.ExportTestResultsExcel] [  270] - result.size() = 18
[DEBUG][2015-11-12 17:16:44,287][com.java.ImportnExport.ExportTestResultsExcel] [  274] - No of rows in sheet=1
[DEBUG][2015-11-12 17:16:44,287][com.java.ImportnExport.ExportTestResultsExcel] [  301] - ..in export..1
[DEBUG][2015-11-12 17:16:44,287][com.java.ImportnExport.ExportTestResultsExcel] [  301] - ..in export..Valid Login
[DEBUG][2015-11-12 17:16:44,287][com.java.ImportnExport.ExportTestResultsExcel] [  301] - ..in export..Pass
[DEBUG][2015-11-12 17:16:44,287][com.java.ImportnExport.ExportTestResultsExcel] [  301] - ..in export..
[DEBUG][2015-11-12 17:16:44,287][com.java.ImportnExport.ExportTestResultsExcel] [  301] - ..in export..Thu Nov 12 17:16:38 IST 2015
[INFO ][2015-11-12 17:16:44,289][com.java.SeleniumDriver] [ 1263] - out loop:0 size:2 TestCases:[1, 4] testcases:[1, 4]
[INFO ][2015-11-12 17:16:44,289][com.java.ImportnExport.ImportTestDataDetailsExcel] [   49] - test data details path===== D:\BankersDashboard\TestInputs\TestData.xls
[INFO ][2015-11-12 17:17:06,221][com.java.SeleniumDriver] [  796] - ------------------------------------------
[INFO ][2015-11-12 17:17:06,221][com.java.SeleniumDriver] [  797] - Test case being Executed: 4
[INFO ][2015-11-12 17:17:06,221][com.java.SeleniumDriver] [  808] - Test step:1
[INFO ][2015-11-12 17:17:06,221][com.java.SeleniumDriver] [  820] - Datavalue is----------Logout
[INFO ][2015-11-12 17:17:06,221][com.java.SeleniumDriver] [  844] - DataField : BTN
[INFO ][2015-11-12 17:17:06,221][com.java.SeleniumDriver] [  846] - DataValue : Logout
[INFO ][2015-11-12 17:17:06,221][com.java.SeleniumDriver] [  852] - <In Set values of the page>
[INFO ][2015-11-12 17:17:06,221][com.java.SeleniumDriver] [  855] - {Data Fields & Data Values Exist}
[INFO ][2015-11-12 17:17:06,221][com.java.SeleniumDriver] [  857] - --------------------------setting values-----------------------------
[INFO ][2015-11-12 17:17:06,221][com.java.SeleniumDriver] [  860] - Action Type : Verify
[INFO ][2015-11-12 17:17:06,222][com.java.TestType] [ 5247] - field= BTN value= Logout
[INFO ][2015-11-12 17:17:06,222][com.java.TestType] [ 4140] - value = Logout
[INFO ][2015-11-12 17:17:06,258][com.java.SeleniumDriver] [  869] -  RESULT true
[INFO ][2015-11-12 17:17:06,258][com.java.SeleniumDriver] [ 1074] - ?   P A S S   ?
[INFO ][2015-11-12 17:17:06,258][com.java.SeleniumDriver] [ 1116] - step change to 3
[INFO ][2015-11-12 17:17:06,258][com.java.SeleniumDriver] [  796] - ------------------------------------------
[INFO ][2015-11-12 17:17:06,258][com.java.SeleniumDriver] [  797] - Test case being Executed: 4
[INFO ][2015-11-12 17:17:06,258][com.java.SeleniumDriver] [  808] - Test step:3
[INFO ][2015-11-12 17:17:06,258][com.java.SeleniumDriver] [  820] - Datavalue is----------Concept#2:1-2
[INFO ][2015-11-12 17:17:06,259][com.java.SeleniumDriver] [  844] - DataField : test
[INFO ][2015-11-12 17:17:06,259][com.java.SeleniumDriver] [  846] - DataValue : Concept#2:1-2
[INFO ][2015-11-12 17:17:06,259][com.java.SeleniumDriver] [  852] - <In Set values of the page>
[INFO ][2015-11-12 17:17:06,259][com.java.SeleniumDriver] [  855] - {Data Fields & Data Values Exist}
[INFO ][2015-11-12 17:17:06,259][com.java.SeleniumDriver] [  857] - --------------------------setting values-----------------------------
[INFO ][2015-11-12 17:17:06,259][com.java.SeleniumDriver] [  860] - Action Type : ExecuteTestCase
[INFO ][2015-11-12 17:17:06,259][com.java.TestType] [  423] - The Concept sheet name is ---------- Concept
[INFO ][2015-11-12 17:17:06,260][com.java.TestType] [  426] - The Concept ID  is ---------- 2
[DEBUG][2015-11-12 17:17:06,260][com.java.TestType] [  430] - Steps being executted in the Concept are: 1:2
[INFO ][2015-11-12 17:17:06,260][com.java.TestType] [  437] - Test data details path ---------- D:\BankersDashboard\TestInputs\TestData.xls
[INFO ][2015-11-12 17:17:06,288][com.java.TestType] [  468] -  str(1) = 2
[INFO ][2015-11-12 17:17:06,288][com.java.TestType] [  471] - Test case Id is---2
[INFO ][2015-11-12 17:17:06,288][com.java.TestType] [  473] - 2
[INFO ][2015-11-12 17:17:06,289][com.java.TestType] [  468] -  str(2) = 1
[INFO ][2015-11-12 17:17:06,290][com.java.TestType] [  520] - row values are--------{1=com.java.Objects.TestDataDetails@1c65051}
[INFO ][2015-11-12 17:17:06,290][com.java.TestType] [  468] -  str(1) = 2
[INFO ][2015-11-12 17:17:06,290][com.java.TestType] [  471] - Test case Id is---2
[INFO ][2015-11-12 17:17:06,290][com.java.TestType] [  473] - 2
[INFO ][2015-11-12 17:17:06,290][com.java.TestType] [  468] -  str(2) = 2
[INFO ][2015-11-12 17:17:06,291][com.java.TestType] [  520] - row values are--------{1=com.java.Objects.TestDataDetails@1c65051, 2=com.java.Objects.TestDataDetails@133f28b}
[INFO ][2015-11-12 17:17:06,291][com.java.TestType] [  468] -  str(1) = 2
[INFO ][2015-11-12 17:17:06,291][com.java.TestType] [  471] - Test case Id is---2
[INFO ][2015-11-12 17:17:06,291][com.java.TestType] [  473] - 2
[INFO ][2015-11-12 17:17:06,291][com.java.TestType] [  468] -  str(2) = 3
[INFO ][2015-11-12 17:17:06,292][com.java.TestType] [  520] - row values are--------{1=com.java.Objects.TestDataDetails@1c65051, 2=com.java.Objects.TestDataDetails@133f28b, 3=com.java.Objects.TestDataDetails@145eca6}
[INFO ][2015-11-12 17:17:06,292][com.java.TestType] [ 8386] - Looping 1TCID = 2
[DEBUG][2015-11-12 17:17:06,292][com.java.TestType] [ 8427] - Concept ID:2 :: Step being Executed: 2::1
[INFO ][2015-11-12 17:17:06,292][com.java.TestType] [ 8465] - dataFields : BNK//select[@id='bank']
[DEBUG][2015-11-12 17:17:06,292][com.java.TestType] [ 8471] - <In Set values of the page>
[DEBUG][2015-11-12 17:17:06,292][com.java.TestType] [ 8476] - {Data Fields & Data Values Exist}
[INFO ][2015-11-12 17:17:06,292][com.java.TestType] [ 8482] - --------------------------setting values-----------------------------
[INFO ][2015-11-12 17:17:06,292][com.java.TestType] [ 8485] - Action Type : Select
[INFO ][2015-11-12 17:17:06,292][com.java.TestType] [ 4140] - value = PFC
[INFO ][2015-11-12 17:17:06,482][com.java.TestType] [ 8504] -  RESULT true
[INFO ][2015-11-12 17:17:06,482][com.java.TestType] [ 8621] - ?   P A S S   ?
[DEBUG][2015-11-12 17:17:06,482][com.java.TestType] [ 8427] - Concept ID:2 :: Step being Executed: 2::2
[INFO ][2015-11-12 17:17:06,482][com.java.TestType] [ 8465] - dataFields : LNKLogout
[DEBUG][2015-11-12 17:17:06,482][com.java.TestType] [ 8471] - <In Set values of the page>
[DEBUG][2015-11-12 17:17:06,482][com.java.TestType] [ 8476] - {Data Fields & Data Values Exist}
[INFO ][2015-11-12 17:17:06,482][com.java.TestType] [ 8482] - --------------------------setting values-----------------------------
[INFO ][2015-11-12 17:17:06,482][com.java.TestType] [ 8485] - Action Type : WaitTime
[DEBUG][2015-11-12 17:17:06,482][com.java.TestType] [ 3975] - sleepTime: 5000
[INFO ][2015-11-12 17:17:11,482][com.java.TestType] [ 8504] -  RESULT true
[INFO ][2015-11-12 17:17:11,482][com.java.TestType] [ 8621] - ?   P A S S   ?
[INFO ][2015-11-12 17:17:11,482][com.java.TestType] [ 8692] - Looping End......
[INFO ][2015-11-12 17:17:11,486][com.java.SeleniumDriver] [  869] -  RESULT true
[INFO ][2015-11-12 17:17:11,486][com.java.SeleniumDriver] [ 1074] - ?   P A S S   ?
[INFO ][2015-11-12 17:17:11,486][com.java.SeleniumDriver] [  796] - ------------------------------------------
[INFO ][2015-11-12 17:17:11,486][com.java.SeleniumDriver] [  797] - Test case being Executed: 4
[INFO ][2015-11-12 17:17:11,486][com.java.SeleniumDriver] [  808] - Test step:4
[INFO ][2015-11-12 17:17:11,486][com.java.SeleniumDriver] [  820] - Datavalue is----------2
[INFO ][2015-11-12 17:17:11,486][com.java.SeleniumDriver] [  844] - DataField : BTNG/L
[INFO ][2015-11-12 17:17:11,486][com.java.SeleniumDriver] [  846] - DataValue : 2
[INFO ][2015-11-12 17:17:11,487][com.java.SeleniumDriver] [  852] - <In Set values of the page>
[INFO ][2015-11-12 17:17:11,487][com.java.SeleniumDriver] [  855] - {Data Fields & Data Values Exist}
[INFO ][2015-11-12 17:17:11,487][com.java.SeleniumDriver] [  857] - --------------------------setting values-----------------------------
[INFO ][2015-11-12 17:17:11,487][com.java.SeleniumDriver] [  860] - Action Type : WAITFORELEMENT
[INFO ][2015-11-12 17:17:11,531][com.java.SeleniumDriver] [  869] -  RESULT true
[INFO ][2015-11-12 17:17:11,531][com.java.SeleniumDriver] [ 1074] - ?   P A S S   ?
[INFO ][2015-11-12 17:17:11,531][com.java.SeleniumDriver] [  796] - ------------------------------------------
[INFO ][2015-11-12 17:17:11,531][com.java.SeleniumDriver] [  797] - Test case being Executed: 4
[INFO ][2015-11-12 17:17:11,531][com.java.SeleniumDriver] [  808] - Test step:5
[INFO ][2015-11-12 17:17:11,531][com.java.SeleniumDriver] [  820] - Datavalue is----------null
[DEBUG][2015-11-12 17:17:11,532][com.java.SeleniumDriver] [  838] - Exception: null
[INFO ][2015-11-12 17:17:11,532][com.java.SeleniumDriver] [  844] - DataField : //span[@class="icon-coin"]&&//a[text()='Summaries']&&//a[@data-id="ExecutiveSummaryCompare"]
[INFO ][2015-11-12 17:17:11,532][com.java.SeleniumDriver] [  846] - DataValue : 
[INFO ][2015-11-12 17:17:11,532][com.java.SeleniumDriver] [  852] - <In Set values of the page>
[INFO ][2015-11-12 17:17:11,532][com.java.SeleniumDriver] [  855] - {Data Fields & Data Values Exist}
[INFO ][2015-11-12 17:17:11,533][com.java.SeleniumDriver] [  857] - --------------------------setting values-----------------------------
[INFO ][2015-11-12 17:17:11,533][com.java.SeleniumDriver] [  860] - Action Type : MOUSEOVER
[INFO ][2015-11-12 17:17:43,308][com.java.SeleniumDriver] [  869] -  RESULT true
[INFO ][2015-11-12 17:17:43,308][com.java.SeleniumDriver] [ 1074] - ?   P A S S   ?
[INFO ][2015-11-12 17:17:43,308][com.java.SeleniumDriver] [  796] - ------------------------------------------
[INFO ][2015-11-12 17:17:43,308][com.java.SeleniumDriver] [  797] - Test case being Executed: 4
[INFO ][2015-11-12 17:17:43,308][com.java.SeleniumDriver] [  808] - Test step:6
[INFO ][2015-11-12 17:17:43,308][com.java.SeleniumDriver] [  820] - Datavalue is----------3
[INFO ][2015-11-12 17:17:43,308][com.java.SeleniumDriver] [  844] - DataField : XPH//span[contains(text(),'Show Report')]
[INFO ][2015-11-12 17:17:43,308][com.java.SeleniumDriver] [  846] - DataValue : 3
[INFO ][2015-11-12 17:17:43,308][com.java.SeleniumDriver] [  852] - <In Set values of the page>
[INFO ][2015-11-12 17:17:43,308][com.java.SeleniumDriver] [  855] - {Data Fields & Data Values Exist}
[INFO ][2015-11-12 17:17:43,308][com.java.SeleniumDriver] [  857] - --------------------------setting values-----------------------------
[INFO ][2015-11-12 17:17:43,309][com.java.SeleniumDriver] [  860] - Action Type : WAITFORELEMENT
[INFO ][2015-11-12 17:17:43,342][com.java.SeleniumDriver] [  869] -  RESULT true
[INFO ][2015-11-12 17:17:43,343][com.java.SeleniumDriver] [ 1074] - ?   P A S S   ?
[INFO ][2015-11-12 17:17:43,343][com.java.SeleniumDriver] [  796] - ------------------------------------------
[INFO ][2015-11-12 17:17:43,343][com.java.SeleniumDriver] [  797] - Test case being Executed: 4
[INFO ][2015-11-12 17:17:43,343][com.java.SeleniumDriver] [  808] - Test step:7
[INFO ][2015-11-12 17:17:43,343][com.java.SeleniumDriver] [  820] - Datavalue is----------3
[INFO ][2015-11-12 17:17:43,343][com.java.SeleniumDriver] [  844] - DataField : BTNframeDialogContent
[INFO ][2015-11-12 17:17:43,343][com.java.SeleniumDriver] [  846] - DataValue : 3
[INFO ][2015-11-12 17:17:43,343][com.java.SeleniumDriver] [  852] - <In Set values of the page>
[INFO ][2015-11-12 17:17:43,343][com.java.SeleniumDriver] [  855] - {Data Fields & Data Values Exist}
[INFO ][2015-11-12 17:17:43,343][com.java.SeleniumDriver] [  857] - --------------------------setting values-----------------------------
[INFO ][2015-11-12 17:17:43,343][com.java.SeleniumDriver] [  860] - Action Type : WAITFORELEMENT
[INFO ][2015-11-12 17:17:44,564][com.java.SeleniumDriver] [  869] -  RESULT true
[INFO ][2015-11-12 17:17:44,564][com.java.SeleniumDriver] [ 1074] - ?   P A S S   ?
[INFO ][2015-11-12 17:17:44,564][com.java.SeleniumDriver] [  796] - ------------------------------------------
[INFO ][2015-11-12 17:17:44,564][com.java.SeleniumDriver] [  797] - Test case being Executed: 4
[INFO ][2015-11-12 17:17:44,564][com.java.SeleniumDriver] [  808] - Test step:8
[INFO ][2015-11-12 17:17:44,564][com.java.SeleniumDriver] [  820] - Datavalue is----------executive summary compare
[INFO ][2015-11-12 17:17:44,564][com.java.SeleniumDriver] [  844] - DataField : XPH//div[contains(@class,'ui-dialog-titlebar')]/span[@class="ui-dialog-title"]
[INFO ][2015-11-12 17:17:44,564][com.java.SeleniumDriver] [  846] - DataValue : executive summary compare
[INFO ][2015-11-12 17:17:44,565][com.java.SeleniumDriver] [  852] - <In Set values of the page>
[INFO ][2015-11-12 17:17:44,565][com.java.SeleniumDriver] [  855] - {Data Fields & Data Values Exist}
[INFO ][2015-11-12 17:17:44,565][com.java.SeleniumDriver] [  857] - --------------------------setting values-----------------------------
[INFO ][2015-11-12 17:17:44,565][com.java.SeleniumDriver] [  860] - Action Type : VERIFY
[INFO ][2015-11-12 17:17:44,565][com.java.TestType] [ 5247] - field= XPH//div[contains(@class,'ui-dialog-titlebar')]/span[@class="ui-dialog-title"] value= executive summary compare
[INFO ][2015-11-12 17:17:44,565][com.java.TestType] [ 4140] - value = executive summary compare
[INFO ][2015-11-12 17:17:44,717][com.java.SeleniumDriver] [  869] -  RESULT true
[INFO ][2015-11-12 17:17:44,717][com.java.SeleniumDriver] [ 1074] - ?   P A S S   ?
[INFO ][2015-11-12 17:17:44,717][com.java.SeleniumDriver] [  796] - ------------------------------------------
[INFO ][2015-11-12 17:17:44,717][com.java.SeleniumDriver] [  797] - Test case being Executed: 4
[INFO ][2015-11-12 17:17:44,717][com.java.SeleniumDriver] [  808] - Test step:9
[INFO ][2015-11-12 17:17:44,717][com.java.SeleniumDriver] [  820] - Datavalue is----------null
[DEBUG][2015-11-12 17:17:44,717][com.java.SeleniumDriver] [  838] - Exception: null
[INFO ][2015-11-12 17:17:44,717][com.java.SeleniumDriver] [  844] - DataField : BTNframeDialogContent
[INFO ][2015-11-12 17:17:44,717][com.java.SeleniumDriver] [  846] - DataValue : 
[INFO ][2015-11-12 17:17:44,717][com.java.SeleniumDriver] [  852] - <In Set values of the page>
[INFO ][2015-11-12 17:17:44,717][com.java.SeleniumDriver] [  855] - {Data Fields & Data Values Exist}
[INFO ][2015-11-12 17:17:44,717][com.java.SeleniumDriver] [  857] - --------------------------setting values-----------------------------
[INFO ][2015-11-12 17:17:44,718][com.java.SeleniumDriver] [  860] - Action Type : SELECTFRAME
[INFO ][2015-11-12 17:17:45,975][com.java.SeleniumDriver] [  869] -  RESULT true
[INFO ][2015-11-12 17:17:45,975][com.java.SeleniumDriver] [ 1074] - ?   P A S S   ?
[INFO ][2015-11-12 17:17:45,975][com.java.SeleniumDriver] [  796] - ------------------------------------------
[INFO ][2015-11-12 17:17:45,975][com.java.SeleniumDriver] [  797] - Test case being Executed: 4
[INFO ][2015-11-12 17:17:45,975][com.java.SeleniumDriver] [  808] - Test step:10
[INFO ][2015-11-12 17:17:45,975][com.java.SeleniumDriver] [  820] - Datavalue is----------index:0
[INFO ][2015-11-12 17:17:45,975][com.java.SeleniumDriver] [  844] - DataField : COBddlDataSource1
[INFO ][2015-11-12 17:17:45,975][com.java.SeleniumDriver] [  846] - DataValue : index:0
[INFO ][2015-11-12 17:17:45,975][com.java.SeleniumDriver] [  852] - <In Set values of the page>
[INFO ][2015-11-12 17:17:45,975][com.java.SeleniumDriver] [  855] - {Data Fields & Data Values Exist}
[INFO ][2015-11-12 17:17:45,975][com.java.SeleniumDriver] [  857] - --------------------------setting values-----------------------------
[INFO ][2015-11-12 17:17:45,975][com.java.SeleniumDriver] [  860] - Action Type : SELECT
[INFO ][2015-11-12 17:17:45,976][com.java.TestType] [ 4140] - value = 0
[INFO ][2015-11-12 17:17:47,092][com.java.TestType] [ 4258] -  In COB ddlDataSource1 : 0
[INFO ][2015-11-12 17:17:47,170][com.java.SeleniumDriver] [  869] -  RESULT true
[INFO ][2015-11-12 17:17:47,170][com.java.SeleniumDriver] [ 1074] - ?   P A S S   ?
[INFO ][2015-11-12 17:17:47,170][com.java.SeleniumDriver] [  796] - ------------------------------------------
[INFO ][2015-11-12 17:17:47,170][com.java.SeleniumDriver] [  797] - Test case being Executed: 4
[INFO ][2015-11-12 17:17:47,170][com.java.SeleniumDriver] [  808] - Test step:11
[INFO ][2015-11-12 17:17:47,170][com.java.SeleniumDriver] [  820] - Datavalue is----------index:3
[INFO ][2015-11-12 17:17:47,170][com.java.SeleniumDriver] [  844] - DataField : COBddlDataSource2
[INFO ][2015-11-12 17:17:47,170][com.java.SeleniumDriver] [  846] - DataValue : index:3
[INFO ][2015-11-12 17:17:47,170][com.java.SeleniumDriver] [  852] - <In Set values of the page>
[INFO ][2015-11-12 17:17:47,170][com.java.SeleniumDriver] [  855] - {Data Fields & Data Values Exist}
[INFO ][2015-11-12 17:17:47,170][com.java.SeleniumDriver] [  857] - --------------------------setting values-----------------------------
[INFO ][2015-11-12 17:17:47,170][com.java.SeleniumDriver] [  860] - Action Type : SELECT
[INFO ][2015-11-12 17:17:47,171][com.java.TestType] [ 4140] - value = 3
[INFO ][2015-11-12 17:17:48,292][com.java.TestType] [ 4258] -  In COB ddlDataSource2 : 3
[INFO ][2015-11-12 17:17:48,526][com.java.SeleniumDriver] [  869] -  RESULT true
[INFO ][2015-11-12 17:17:48,526][com.java.SeleniumDriver] [ 1074] - ?   P A S S   ?
[INFO ][2015-11-12 17:17:48,526][com.java.SeleniumDriver] [  796] - ------------------------------------------
[INFO ][2015-11-12 17:17:48,526][com.java.SeleniumDriver] [  797] - Test case being Executed: 4
[INFO ][2015-11-12 17:17:48,526][com.java.SeleniumDriver] [  808] - Test step:12
[INFO ][2015-11-12 17:17:48,526][com.java.SeleniumDriver] [  820] - Datavalue is----------index:0
[INFO ][2015-11-12 17:17:48,526][com.java.SeleniumDriver] [  844] - DataField : COBddlPeriod1
[INFO ][2015-11-12 17:17:48,526][com.java.SeleniumDriver] [  846] - DataValue : index:0
[INFO ][2015-11-12 17:17:48,526][com.java.SeleniumDriver] [  852] - <In Set values of the page>
[INFO ][2015-11-12 17:17:48,526][com.java.SeleniumDriver] [  855] - {Data Fields & Data Values Exist}
[INFO ][2015-11-12 17:17:48,526][com.java.SeleniumDriver] [  857] - --------------------------setting values-----------------------------
[INFO ][2015-11-12 17:17:48,526][com.java.SeleniumDriver] [  860] - Action Type : SELECT
[INFO ][2015-11-12 17:17:48,527][com.java.TestType] [ 4140] - value = 0
[INFO ][2015-11-12 17:17:49,646][com.java.TestType] [ 4258] -  In COB ddlPeriod1 : 0
[INFO ][2015-11-12 17:17:49,724][com.java.SeleniumDriver] [  869] -  RESULT true
[INFO ][2015-11-12 17:17:49,724][com.java.SeleniumDriver] [ 1074] - ?   P A S S   ?
[INFO ][2015-11-12 17:17:49,724][com.java.SeleniumDriver] [  796] - ------------------------------------------
[INFO ][2015-11-12 17:17:49,724][com.java.SeleniumDriver] [  797] - Test case being Executed: 4
[INFO ][2015-11-12 17:17:49,724][com.java.SeleniumDriver] [  808] - Test step:13
[INFO ][2015-11-12 17:17:49,724][com.java.SeleniumDriver] [  820] - Datavalue is----------SelectedPeriod
[INFO ][2015-11-12 17:17:49,724][com.java.SeleniumDriver] [  844] - DataField : SLBddlPeriod1
[INFO ][2015-11-12 17:17:49,724][com.java.SeleniumDriver] [  846] - DataValue : SelectedPeriod
[INFO ][2015-11-12 17:17:49,724][com.java.SeleniumDriver] [  852] - <In Set values of the page>
[INFO ][2015-11-12 17:17:49,724][com.java.SeleniumDriver] [  855] - {Data Fields & Data Values Exist}
[INFO ][2015-11-12 17:17:49,724][com.java.SeleniumDriver] [  857] - --------------------------setting values-----------------------------
[INFO ][2015-11-12 17:17:49,724][com.java.SeleniumDriver] [  860] - Action Type : STOREVALUE
[INFO ][2015-11-12 17:17:49,725][com.java.TestType] [ 6274] - field= SLBddlPeriod1
[INFO ][2015-11-12 17:17:50,916][com.java.SeleniumDriver] [  869] -  RESULT true
[INFO ][2015-11-12 17:17:50,916][com.java.SeleniumDriver] [ 1074] - ?   P A S S   ?
[INFO ][2015-11-12 17:17:50,916][com.java.SeleniumDriver] [  796] - ------------------------------------------
[INFO ][2015-11-12 17:17:50,916][com.java.SeleniumDriver] [  797] - Test case being Executed: 4
[INFO ][2015-11-12 17:17:50,916][com.java.SeleniumDriver] [  808] - Test step:14
[INFO ][2015-11-12 17:17:50,916][com.java.SeleniumDriver] [  820] - Datavalue is----------index:0
[INFO ][2015-11-12 17:17:50,916][com.java.SeleniumDriver] [  844] - DataField : COBddlDate1
[INFO ][2015-11-12 17:17:50,916][com.java.SeleniumDriver] [  846] - DataValue : index:0
[INFO ][2015-11-12 17:17:50,916][com.java.SeleniumDriver] [  852] - <In Set values of the page>
[INFO ][2015-11-12 17:17:50,916][com.java.SeleniumDriver] [  855] - {Data Fields & Data Values Exist}
[INFO ][2015-11-12 17:17:50,916][com.java.SeleniumDriver] [  857] - --------------------------setting values-----------------------------
[INFO ][2015-11-12 17:17:50,917][com.java.SeleniumDriver] [  860] - Action Type : SELECT
[INFO ][2015-11-12 17:17:50,917][com.java.TestType] [ 4140] - value = 0
[INFO ][2015-11-12 17:17:52,030][com.java.TestType] [ 4258] -  In COB ddlDate1 : 0
[INFO ][2015-11-12 17:17:52,352][com.java.SeleniumDriver] [  869] -  RESULT true
[INFO ][2015-11-12 17:17:52,352][com.java.SeleniumDriver] [ 1074] - ?   P A S S   ?
[INFO ][2015-11-12 17:17:52,352][com.java.SeleniumDriver] [  796] - ------------------------------------------
[INFO ][2015-11-12 17:17:52,352][com.java.SeleniumDriver] [  797] - Test case being Executed: 4
[INFO ][2015-11-12 17:17:52,352][com.java.SeleniumDriver] [  808] - Test step:15
[INFO ][2015-11-12 17:17:52,352][com.java.SeleniumDriver] [  820] - Datavalue is----------SelectedDate
[INFO ][2015-11-12 17:17:52,352][com.java.SeleniumDriver] [  844] - DataField : SLBddlDate1
[INFO ][2015-11-12 17:17:52,352][com.java.SeleniumDriver] [  846] - DataValue : SelectedDate
[INFO ][2015-11-12 17:17:52,352][com.java.SeleniumDriver] [  852] - <In Set values of the page>
[INFO ][2015-11-12 17:17:52,352][com.java.SeleniumDriver] [  855] - {Data Fields & Data Values Exist}
[INFO ][2015-11-12 17:17:52,352][com.java.SeleniumDriver] [  857] - --------------------------setting values-----------------------------
[INFO ][2015-11-12 17:17:52,353][com.java.SeleniumDriver] [  860] - Action Type : STOREVALUE
[INFO ][2015-11-12 17:17:52,353][com.java.TestType] [ 6274] - field= SLBddlDate1
[INFO ][2015-11-12 17:17:53,644][com.java.SeleniumDriver] [  869] -  RESULT true
[INFO ][2015-11-12 17:17:53,644][com.java.SeleniumDriver] [ 1074] - ?   P A S S   ?
[INFO ][2015-11-12 17:17:53,644][com.java.SeleniumDriver] [  796] - ------------------------------------------
[INFO ][2015-11-12 17:17:53,644][com.java.SeleniumDriver] [  797] - Test case being Executed: 4
[INFO ][2015-11-12 17:17:53,644][com.java.SeleniumDriver] [  808] - Test step:16
[INFO ][2015-11-12 17:17:53,644][com.java.SeleniumDriver] [  820] - Datavalue is----------null
[DEBUG][2015-11-12 17:17:53,644][com.java.SeleniumDriver] [  838] - Exception: null
[INFO ][2015-11-12 17:17:53,644][com.java.SeleniumDriver] [  844] - DataField : XPH//div[@id="ChkBxLstProfitCenter"]/input
[INFO ][2015-11-12 17:17:53,644][com.java.SeleniumDriver] [  846] - DataValue : 
[INFO ][2015-11-12 17:17:53,644][com.java.SeleniumDriver] [  852] - <In Set values of the page>
[INFO ][2015-11-12 17:17:53,644][com.java.SeleniumDriver] [  855] - {Data Fields & Data Values Exist}
[INFO ][2015-11-12 17:17:53,644][com.java.SeleniumDriver] [  857] - --------------------------setting values-----------------------------
[INFO ][2015-11-12 17:17:53,645][com.java.SeleniumDriver] [  860] - Action Type : CLICK
[INFO ][2015-11-12 17:17:53,645][com.java.TestType] [ 4453] - Field ::XPH//div[@id="ChkBxLstProfitCenter"]/input
[INFO ][2015-11-12 17:17:54,645][com.java.TestType] [ 4512] - BEFORE CLICK
[INFO ][2015-11-12 17:17:55,429][com.java.TestType] [ 4520] - Unable to click the object Profit Center >> Consolidated
[INFO ][2015-11-12 17:17:55,429][com.java.SeleniumDriver] [  869] -  RESULT true
[INFO ][2015-11-12 17:17:55,429][com.java.SeleniumDriver] [ 1074] - ?   P A S S   ?
[INFO ][2015-11-12 17:17:55,429][com.java.SeleniumDriver] [  796] - ------------------------------------------
[INFO ][2015-11-12 17:17:55,429][com.java.SeleniumDriver] [  797] - Test case being Executed: 4
[INFO ][2015-11-12 17:17:55,429][com.java.SeleniumDriver] [  808] - Test step:17
[INFO ][2015-11-12 17:17:55,429][com.java.SeleniumDriver] [  820] - Datavalue is----------null
[DEBUG][2015-11-12 17:17:55,429][com.java.SeleniumDriver] [  838] - Exception: null
[INFO ][2015-11-12 17:17:55,429][com.java.SeleniumDriver] [  844] - DataField : BTNparent
[INFO ][2015-11-12 17:17:55,429][com.java.SeleniumDriver] [  846] - DataValue : 
[INFO ][2015-11-12 17:17:55,429][com.java.SeleniumDriver] [  852] - <In Set values of the page>
[INFO ][2015-11-12 17:17:55,431][com.java.SeleniumDriver] [  855] - {Data Fields & Data Values Exist}
[INFO ][2015-11-12 17:17:55,431][com.java.SeleniumDriver] [  857] - --------------------------setting values-----------------------------
[INFO ][2015-11-12 17:17:55,431][com.java.SeleniumDriver] [  860] - Action Type : SELECTFRAME
[INFO ][2015-11-12 17:17:55,444][com.java.SeleniumDriver] [  869] -  RESULT true
[INFO ][2015-11-12 17:17:55,444][com.java.SeleniumDriver] [ 1074] - ?   P A S S   ?
[INFO ][2015-11-12 17:17:55,444][com.java.SeleniumDriver] [  796] - ------------------------------------------
[INFO ][2015-11-12 17:17:55,444][com.java.SeleniumDriver] [  797] - Test case being Executed: 4
[INFO ][2015-11-12 17:17:55,444][com.java.SeleniumDriver] [  808] - Test step:18
[INFO ][2015-11-12 17:17:55,444][com.java.SeleniumDriver] [  820] - Datavalue is----------null
[DEBUG][2015-11-12 17:17:55,444][com.java.SeleniumDriver] [  838] - Exception: null
[INFO ][2015-11-12 17:17:55,444][com.java.SeleniumDriver] [  844] - DataField : XPH//span[contains(text(),'Show Report')]
[INFO ][2015-11-12 17:17:55,445][com.java.SeleniumDriver] [  846] - DataValue : 
[INFO ][2015-11-12 17:17:55,445][com.java.SeleniumDriver] [  852] - <In Set values of the page>
[INFO ][2015-11-12 17:17:55,445][com.java.SeleniumDriver] [  855] - {Data Fields & Data Values Exist}
[INFO ][2015-11-12 17:17:55,445][com.java.SeleniumDriver] [  857] - --------------------------setting values-----------------------------
[INFO ][2015-11-12 17:17:55,445][com.java.SeleniumDriver] [  860] - Action Type : CLICK
[INFO ][2015-11-12 17:17:55,445][com.java.TestType] [ 4453] - Field ::XPH//span[contains(text(),'Show Report')]
[INFO ][2015-11-12 17:17:56,445][com.java.TestType] [ 4512] - BEFORE CLICK
[INFO ][2015-11-12 17:17:57,792][com.java.TestType] [ 4520] - Unable to click the object Show Report button
[INFO ][2015-11-12 17:17:57,792][com.java.SeleniumDriver] [  869] -  RESULT true
[INFO ][2015-11-12 17:17:57,792][com.java.SeleniumDriver] [ 1074] - ?   P A S S   ?
[INFO ][2015-11-12 17:17:57,792][com.java.SeleniumDriver] [  796] - ------------------------------------------
[INFO ][2015-11-12 17:17:57,792][com.java.SeleniumDriver] [  797] - Test case being Executed: 4
[INFO ][2015-11-12 17:17:57,792][com.java.SeleniumDriver] [  808] - Test step:19
[INFO ][2015-11-12 17:17:57,792][com.java.SeleniumDriver] [  820] - Datavalue is----------3
[INFO ][2015-11-12 17:17:57,792][com.java.SeleniumDriver] [  844] - DataField : XPH//img[@id='loading']
[INFO ][2015-11-12 17:17:57,792][com.java.SeleniumDriver] [  846] - DataValue : 3
[INFO ][2015-11-12 17:17:57,792][com.java.SeleniumDriver] [  852] - <In Set values of the page>
[INFO ][2015-11-12 17:17:57,792][com.java.SeleniumDriver] [  855] - {Data Fields & Data Values Exist}
[INFO ][2015-11-12 17:17:57,792][com.java.SeleniumDriver] [  857] - --------------------------setting values-----------------------------
[INFO ][2015-11-12 17:17:57,793][com.java.SeleniumDriver] [  860] - Action Type : WaitForElement
[INFO ][2015-11-12 17:17:57,826][com.java.SeleniumDriver] [  869] -  RESULT true
[INFO ][2015-11-12 17:17:57,826][com.java.SeleniumDriver] [ 1074] - ?   P A S S   ?
[INFO ][2015-11-12 17:17:57,826][com.java.SeleniumDriver] [  796] - ------------------------------------------
[INFO ][2015-11-12 17:17:57,826][com.java.SeleniumDriver] [  797] - Test case being Executed: 4
[INFO ][2015-11-12 17:17:57,826][com.java.SeleniumDriver] [  808] - Test step:20
[INFO ][2015-11-12 17:17:57,826][com.java.SeleniumDriver] [  820] - Datavalue is----------90
[INFO ][2015-11-12 17:17:57,826][com.java.SeleniumDriver] [  844] - DataField : XPH//img[@id='loading']
[INFO ][2015-11-12 17:17:57,826][com.java.SeleniumDriver] [  846] - DataValue : 90
[INFO ][2015-11-12 17:17:57,826][com.java.SeleniumDriver] [  852] - <In Set values of the page>
[INFO ][2015-11-12 17:17:57,826][com.java.SeleniumDriver] [  855] - {Data Fields & Data Values Exist}
[INFO ][2015-11-12 17:17:57,827][com.java.SeleniumDriver] [  857] - --------------------------setting values-----------------------------
[INFO ][2015-11-12 17:17:57,827][com.java.SeleniumDriver] [  860] - Action Type : waitForElementNotPresent
[INFO ][2015-11-12 17:18:00,298][com.java.SeleniumDriver] [  869] -  RESULT true
[INFO ][2015-11-12 17:18:00,298][com.java.SeleniumDriver] [ 1074] - ?   P A S S   ?
[INFO ][2015-11-12 17:18:00,298][com.java.SeleniumDriver] [  796] - ------------------------------------------
[INFO ][2015-11-12 17:18:00,298][com.java.SeleniumDriver] [  797] - Test case being Executed: 4
[INFO ][2015-11-12 17:18:00,298][com.java.SeleniumDriver] [  808] - Test step:21
[INFO ][2015-11-12 17:18:00,298][com.java.SeleniumDriver] [  820] - Datavalue is----------executive summary compare
[INFO ][2015-11-12 17:18:00,298][com.java.SeleniumDriver] [  844] - DataField : XPH//td[@class='ReportTitle']
[INFO ][2015-11-12 17:18:00,298][com.java.SeleniumDriver] [  846] - DataValue : executive summary compare
[INFO ][2015-11-12 17:18:00,298][com.java.SeleniumDriver] [  852] - <In Set values of the page>
[INFO ][2015-11-12 17:18:00,298][com.java.SeleniumDriver] [  855] - {Data Fields & Data Values Exist}
[INFO ][2015-11-12 17:18:00,298][com.java.SeleniumDriver] [  857] - --------------------------setting values-----------------------------
[INFO ][2015-11-12 17:18:00,298][com.java.SeleniumDriver] [  860] - Action Type : VERIFY
[INFO ][2015-11-12 17:18:00,299][com.java.TestType] [ 5247] - field= XPH//td[@class='ReportTitle'] value= executive summary compare
[INFO ][2015-11-12 17:18:00,299][com.java.TestType] [ 4140] - value = executive summary compare
[INFO ][2015-11-12 17:18:00,459][com.java.SeleniumDriver] [  869] -  RESULT true
[INFO ][2015-11-12 17:18:00,459][com.java.SeleniumDriver] [ 1074] - ?   P A S S   ?
[INFO ][2015-11-12 17:18:00,459][com.java.SeleniumDriver] [  796] - ------------------------------------------
[INFO ][2015-11-12 17:18:00,459][com.java.SeleniumDriver] [  797] - Test case being Executed: 4
[INFO ][2015-11-12 17:18:00,459][com.java.SeleniumDriver] [  808] - Test step:22
[INFO ][2015-11-12 17:18:00,459][com.java.SeleniumDriver] [  820] - Datavalue is----------Month
[INFO ][2015-11-12 17:18:00,459][com.java.SeleniumDriver] [  844] - DataField : XPH//table[@class="report2"]//tr[2]/td[2]/b
[INFO ][2015-11-12 17:18:00,459][com.java.SeleniumDriver] [  846] - DataValue : Month
[INFO ][2015-11-12 17:18:00,459][com.java.SeleniumDriver] [  852] - <In Set values of the page>
[INFO ][2015-11-12 17:18:00,460][com.java.SeleniumDriver] [  855] - {Data Fields & Data Values Exist}
[INFO ][2015-11-12 17:18:00,460][com.java.SeleniumDriver] [  857] - --------------------------setting values-----------------------------
[INFO ][2015-11-12 17:18:00,460][com.java.SeleniumDriver] [  860] - Action Type : VERIFY
[INFO ][2015-11-12 17:18:00,460][com.java.TestType] [ 5247] - field= XPH//table[@class="report2"]//tr[2]/td[2]/b value= Month
[INFO ][2015-11-12 17:18:00,460][com.java.TestType] [ 4140] - value = Month
[INFO ][2015-11-12 17:18:00,609][com.java.SeleniumDriver] [  869] -  RESULT true
[INFO ][2015-11-12 17:18:00,609][com.java.SeleniumDriver] [ 1074] - ?   P A S S   ?
[INFO ][2015-11-12 17:18:00,609][com.java.SeleniumDriver] [  796] - ------------------------------------------
[INFO ][2015-11-12 17:18:00,609][com.java.SeleniumDriver] [  797] - Test case being Executed: 4
[INFO ][2015-11-12 17:18:00,609][com.java.SeleniumDriver] [  808] - Test step:23
[INFO ][2015-11-12 17:18:00,609][com.java.SeleniumDriver] [  820] - Datavalue is----------HMVSelectedDate
[INFO ][2015-11-12 17:18:00,609][com.java.SeleniumDriver] [  844] - DataField : DAT//table[@class="report2"]//tr[2]/td[2]/b
[INFO ][2015-11-12 17:18:00,609][com.java.SeleniumDriver] [  846] - DataValue : HMVSelectedDate
[INFO ][2015-11-12 17:18:00,611][com.java.SeleniumDriver] [  852] - <In Set values of the page>
[INFO ][2015-11-12 17:18:00,611][com.java.SeleniumDriver] [  855] - {Data Fields & Data Values Exist}
[INFO ][2015-11-12 17:18:00,611][com.java.SeleniumDriver] [  857] - --------------------------setting values-----------------------------
[INFO ][2015-11-12 17:18:00,611][com.java.SeleniumDriver] [  860] - Action Type : VERIFY
[INFO ][2015-11-12 17:18:00,611][com.java.TestType] [ 5247] - field= DAT//table[@class="report2"]//tr[2]/td[2]/b value= HMVSelectedDate
[INFO ][2015-11-12 17:18:00,611][com.java.TestType] [ 4140] - value = September 2015
[INFO ][2015-11-12 17:18:00,720][com.java.SeleniumDriver] [  869] -  RESULT true
[INFO ][2015-11-12 17:18:00,721][com.java.SeleniumDriver] [ 1074] - ?   P A S S   ?
[INFO ][2015-11-12 17:18:00,721][com.java.SeleniumDriver] [  796] - ------------------------------------------
[INFO ][2015-11-12 17:18:00,721][com.java.SeleniumDriver] [  797] - Test case being Executed: 4
[INFO ][2015-11-12 17:18:00,721][com.java.SeleniumDriver] [  808] - Test step:24
[INFO ][2015-11-12 17:18:00,721][com.java.SeleniumDriver] [  820] - Datavalue is----------Actual
[INFO ][2015-11-12 17:18:00,721][com.java.SeleniumDriver] [  844] - DataField : MSG
[INFO ][2015-11-12 17:18:00,721][com.java.SeleniumDriver] [  846] - DataValue : Actual
[INFO ][2015-11-12 17:18:00,721][com.java.SeleniumDriver] [  852] - <In Set values of the page>
[INFO ][2015-11-12 17:18:00,721][com.java.SeleniumDriver] [  855] - {Data Fields & Data Values Exist}
[INFO ][2015-11-12 17:18:00,721][com.java.SeleniumDriver] [  857] - --------------------------setting values-----------------------------
[INFO ][2015-11-12 17:18:00,721][com.java.SeleniumDriver] [  860] - Action Type : VERIFY
[INFO ][2015-11-12 17:18:00,722][com.java.TestType] [ 5247] - field= MSG value= Actual
[INFO ][2015-11-12 17:18:00,722][com.java.TestType] [ 4140] - value = Actual
[DEBUG][2015-11-12 17:18:00,722][com.java.TestType] [ 5917] - value :: Actual
[INFO ][2015-11-12 17:18:00,789][com.java.SeleniumDriver] [  869] -  RESULT true
[INFO ][2015-11-12 17:18:00,789][com.java.SeleniumDriver] [ 1074] - ?   P A S S   ?
[INFO ][2015-11-12 17:18:00,789][com.java.SeleniumDriver] [  796] - ------------------------------------------
[INFO ][2015-11-12 17:18:00,789][com.java.SeleniumDriver] [  797] - Test case being Executed: 4
[INFO ][2015-11-12 17:18:00,789][com.java.SeleniumDriver] [  808] - Test step:25
[INFO ][2015-11-12 17:18:00,789][com.java.SeleniumDriver] [  820] - Datavalue is----------Forecast 1*
[INFO ][2015-11-12 17:18:00,789][com.java.SeleniumDriver] [  844] - DataField : MSG
[INFO ][2015-11-12 17:18:00,789][com.java.SeleniumDriver] [  846] - DataValue : Forecast 1*
[INFO ][2015-11-12 17:18:00,789][com.java.SeleniumDriver] [  852] - <In Set values of the page>
[INFO ][2015-11-12 17:18:00,789][com.java.SeleniumDriver] [  855] - {Data Fields & Data Values Exist}
[INFO ][2015-11-12 17:18:00,789][com.java.SeleniumDriver] [  857] - --------------------------setting values-----------------------------
[INFO ][2015-11-12 17:18:00,790][com.java.SeleniumDriver] [  860] - Action Type : VERIFY
[INFO ][2015-11-12 17:18:00,790][com.java.TestType] [ 5247] - field= MSG value= Forecast 1*
[INFO ][2015-11-12 17:18:00,790][com.java.TestType] [ 4140] - value = Forecast 1*
[DEBUG][2015-11-12 17:18:00,790][com.java.TestType] [ 5917] - value :: Forecast 1*
[INFO ][2015-11-12 17:18:00,855][com.java.SeleniumDriver] [  869] -  RESULT true
[INFO ][2015-11-12 17:18:00,855][com.java.SeleniumDriver] [ 1074] - ?   P A S S   ?
[DEBUG][2015-11-12 17:18:00,855][com.java.SeleniumDriver] [ 1176] - Case found
[DEBUG][2015-11-12 17:18:00,855][com.java.SeleniumDriver] [ 1181] - Incrementing ReportCounters[0]:2
[INFO ][2015-11-12 17:18:00,855][com.java.SeleniumDriver] [ 1200] - The results are-------------------[4, 1, GL: Summary: Executive Summary, Pass, , Thu Nov 12 17:17:06 IST 2015, 4, 3, GL: Summary: Executive Summary, Pass, , Thu Nov 12 17:17:11 IST 2015, 4, 4, GL: Summary: Executive Summary, Pass, , Thu Nov 12 17:17:11 IST 2015, 4, 5, GL: Summary: Executive Summary, Pass, , Thu Nov 12 17:17:43 IST 2015, 4, 6, GL: Summary: Executive Summary, Pass, , Thu Nov 12 17:17:43 IST 2015, 4, 7, GL: Summary: Executive Summary, Pass, , Thu Nov 12 17:17:44 IST 2015, 4, 8, GL: Summary: Executive Summary, Pass, , Thu Nov 12 17:17:44 IST 2015, 4, 9, GL: Summary: Executive Summary, Pass, , Thu Nov 12 17:17:45 IST 2015, 4, 10, GL: Summary: Executive Summary, Pass, , Thu Nov 12 17:17:47 IST 2015, 4, 11, GL: Summary: Executive Summary, Pass, , Thu Nov 12 17:17:48 IST 2015, 4, 12, GL: Summary: Executive Summary, Pass, , Thu Nov 12 17:17:49 IST 2015, 4, 13, GL: Summary: Executive Summary, Pass, , Thu Nov 12 17:17:50 IST 2015, 4, 14, GL: Summary: Executive Summary, Pass, , Thu Nov 12 17:17:52 IST 2015, 4, 15, GL: Summary: Executive Summary, Pass, , Thu Nov 12 17:17:53 IST 2015, 4, 16, GL: Summary: Executive Summary, Pass, , Thu Nov 12 17:17:55 IST 2015, 4, 17, GL: Summary: Executive Summary, Pass, , Thu Nov 12 17:17:55 IST 2015, 4, 18, GL: Summary: Executive Summary, Pass, , Thu Nov 12 17:17:57 IST 2015, 4, 19, Dashboards: Monthly Dashboard: Data Source - Actual, Pass, , Thu Nov 12 17:17:57 IST 2015, 4, 20, Dashboards: Monthly Dashboard: Data Source - Actual, Pass, , Thu Nov 12 17:18:00 IST 2015, 4, 21, GL: Summary: Executive Summary, Pass, , Thu Nov 12 17:18:00 IST 2015, 4, 22, GL: Summary: Executive Summary, Pass, , Thu Nov 12 17:18:00 IST 2015, 4, 23, GL: Summary: Executive Summary, Pass, , Thu Nov 12 17:18:00 IST 2015, 4, 24, GL: Summary: Executive Summary, Pass, , Thu Nov 12 17:18:00 IST 2015, 4, 25, GL: Summary: Executive Summary, Pass, , Thu Nov 12 17:18:00 IST 2015]
[INFO ][2015-11-12 17:18:00,856][com.java.SeleniumDriver] [ 1204] - End time is-------1 min 55 sec
[INFO ][2015-11-12 17:18:00,856][com.java.SeleniumDriver] [ 1205] - The results are-------------------[4, 1, GL: Summary: Executive Summary, Pass, , Thu Nov 12 17:17:06 IST 2015, 4, 3, GL: Summary: Executive Summary, Pass, , Thu Nov 12 17:17:11 IST 2015, 4, 4, GL: Summary: Executive Summary, Pass, , Thu Nov 12 17:17:11 IST 2015, 4, 5, GL: Summary: Executive Summary, Pass, , Thu Nov 12 17:17:43 IST 2015, 4, 6, GL: Summary: Executive Summary, Pass, , Thu Nov 12 17:17:43 IST 2015, 4, 7, GL: Summary: Executive Summary, Pass, , Thu Nov 12 17:17:44 IST 2015, 4, 8, GL: Summary: Executive Summary, Pass, , Thu Nov 12 17:17:44 IST 2015, 4, 9, GL: Summary: Executive Summary, Pass, , Thu Nov 12 17:17:45 IST 2015, 4, 10, GL: Summary: Executive Summary, Pass, , Thu Nov 12 17:17:47 IST 2015, 4, 11, GL: Summary: Executive Summary, Pass, , Thu Nov 12 17:17:48 IST 2015, 4, 12, GL: Summary: Executive Summary, Pass, , Thu Nov 12 17:17:49 IST 2015, 4, 13, GL: Summary: Executive Summary, Pass, , Thu Nov 12 17:17:50 IST 2015, 4, 14, GL: Summary: Executive Summary, Pass, , Thu Nov 12 17:17:52 IST 2015, 4, 15, GL: Summary: Executive Summary, Pass, , Thu Nov 12 17:17:53 IST 2015, 4, 16, GL: Summary: Executive Summary, Pass, , Thu Nov 12 17:17:55 IST 2015, 4, 17, GL: Summary: Executive Summary, Pass, , Thu Nov 12 17:17:55 IST 2015, 4, 18, GL: Summary: Executive Summary, Pass, , Thu Nov 12 17:17:57 IST 2015, 4, 19, Dashboards: Monthly Dashboard: Data Source - Actual, Pass, , Thu Nov 12 17:17:57 IST 2015, 4, 20, Dashboards: Monthly Dashboard: Data Source - Actual, Pass, , Thu Nov 12 17:18:00 IST 2015, 4, 21, GL: Summary: Executive Summary, Pass, , Thu Nov 12 17:18:00 IST 2015, 4, 22, GL: Summary: Executive Summary, Pass, , Thu Nov 12 17:18:00 IST 2015, 4, 23, GL: Summary: Executive Summary, Pass, , Thu Nov 12 17:18:00 IST 2015, 4, 24, GL: Summary: Executive Summary, Pass, , Thu Nov 12 17:18:00 IST 2015, 4, 25, GL: Summary: Executive Summary, Pass, , Thu Nov 12 17:18:00 IST 2015]
[DEBUG][2015-11-12 17:18:00,856][com.java.ImportnExport.ExportTestResultsExcel] [  222] - testResultPath = D:\BankersDashboard/TestReports/Test Results_BankersDashBoard_111215_171607_IE11_Any Bank USA.xls
[DEBUG][2015-11-12 17:18:00,856][com.java.ImportnExport.ExportTestResultsExcel] [  223] - browser is------------IE11
[DEBUG][2015-11-12 17:18:00,860][com.java.ImportnExport.ExportTestResultsExcel] [  270] - result.size() = 144
[DEBUG][2015-11-12 17:18:00,860][com.java.ImportnExport.ExportTestResultsExcel] [  274] - No of rows in sheet=2
[DEBUG][2015-11-12 17:18:00,860][com.java.ImportnExport.ExportTestResultsExcel] [  301] - ..in export..4
[DEBUG][2015-11-12 17:18:00,860][com.java.ImportnExport.ExportTestResultsExcel] [  301] - ..in export..GL: Summary: Executive Summary
[DEBUG][2015-11-12 17:18:00,860][com.java.ImportnExport.ExportTestResultsExcel] [  301] - ..in export..Pass
[DEBUG][2015-11-12 17:18:00,860][com.java.ImportnExport.ExportTestResultsExcel] [  301] - ..in export..
[DEBUG][2015-11-12 17:18:00,860][com.java.ImportnExport.ExportTestResultsExcel] [  301] - ..in export..Thu Nov 12 17:17:06 IST 2015
[INFO ][2015-11-12 17:18:00,862][com.java.SeleniumDriver] [ 1263] - out loop:1 size:2 TestCases:[1, 4] testcases:[1, 4]
[INFO ][2015-11-12 17:18:02,863][com.java.SeleniumDriver] [ 1306] - Total Number of Cases:2
[INFO ][2015-11-12 17:18:02,863][com.java.TemplateGenerator] [  302] - Executed:2
[INFO ][2015-11-12 17:18:02,863][com.java.TemplateGenerator] [  303] - Passed:2
[INFO ][2015-11-12 17:18:02,863][com.java.TemplateGenerator] [  304] - Failed:0
[INFO ][2015-11-12 17:18:02,863][com.java.TemplateGenerator] [  305] - Skipeed:0
[INFO ][2015-11-12 17:18:02,863][com.java.TemplateGenerator] [  306] - Application URL:https://clients-xuat.bankersdashboard.com
[INFO ][2015-11-12 17:18:02,863][com.java.TemplateGenerator] [  307] - Start Time:111215_171607
[INFO ][2015-11-12 17:18:02,863][com.java.TemplateGenerator] [  308] -  Creating HTML Report 
[ERROR][2015-11-12 17:18:02,864][com.java.TemplateGenerator] [  409] - Unparseable date: "Thu Nov 12 05:16:07 IST 2015"
[INFO ][2015-11-12 17:18:02,864][com.java.TemplateGenerator] [  654] -  Exporting case :: 1
[INFO ][2015-11-12 17:18:02,864][com.java.TemplateGenerator] [  654] -  Exporting case :: 4
[INFO ][2015-11-12 17:18:02,868][com.java.SeleniumDriver] [ 1355] - End Time:111215_171802
[INFO ][2015-11-12 17:18:02,869][com.java.SeleniumDriver] [ 1358] - Data in Test Execution Details:{1=PASS, 4=PASS}
[INFO ][2015-11-12 17:18:02,869][com.java.SeleniumDriver] [ 1359] - Data in Failed Execution Deatils:{}
[INFO ][2015-11-12 17:18:02,869][com.java.SeleniumDriver] [ 1361] - ReportCounter:Total:2 :: PASS: 2 ::FAIL: 0
[INFO ][2015-11-12 17:18:02,869][com.java.SeleniumDriver] [ 1362] - FailedReportCounter:Total:0 :: PASS: 0 ::FAIL: 0
[INFO ][2015-11-12 17:18:02,876][com.java.EmailTestReport] [   63] - Sending report mail details:
[INFO ][2015-11-12 17:18:02,876][com.java.EmailTestReport] [   80] - Excel Report Path:D:\BankersDashboard/TestReports/Test Results_BankersDashBoard_111215_171607_IE11_Any Bank USA.xls
[INFO ][2015-11-12 17:18:02,876][com.java.EmailTestReport] [   81] - HTML Report Path:D:\BankersDashboard//TestReports//Test Results_BankersDashBoard_111215_171607_IE11_Any Bank USA.html
[INFO ][2015-11-12 17:18:02,876][com.java.EmailTestReport] [   82] - smtpHostName:mail01.valuelabs.com
[INFO ][2015-11-12 17:18:02,876][com.java.EmailTestReport] [   83] - Recipient:venkateswararao.gubbala@valuelabs.com;
[INFO ][2015-11-12 17:18:02,876][com.java.EmailTestReport] [   84] - From:venkateswararao.gubbala@valuelabs.com;
[INFO ][2015-11-12 17:18:02,876][com.java.EmailTestReport] [   85] - Subject:Deluxe Corp Bankers Dashboard Automation Test Report - Any Bank USA - IE11
[INFO ][2015-11-12 17:18:02,891][com.java.EmailTestReport] [  143] -  Added venkateswararao.gubbala@valuelabs.com
[INFO ][2015-11-12 17:18:06,313][com.java.SeleniumDriver] [  719] - quitting the browser 
[INFO ][2015-11-12 17:18:07,567][com.java.SeleniumDriver] [  263] - Execution Completed Stopping the thread
