[INFO ][2015-11-06 15:31:44,470][com.java.SeleniumDriver] [  213] - Execute Failed Casesfalse
[INFO ][2015-11-06 15:31:44,474][com.java.SeleniumDriver] [  214] - Browser: IE11
[INFO ][2015-11-06 15:31:44,475][com.java.SeleniumDriver] [  215] - [1, 4]
[INFO ][2015-11-06 15:31:44,475][com.java.SeleniumDriver] [  216] - Total TestCases:2
[INFO ][2015-11-06 15:31:44,475][com.java.SeleniumDriver] [  217] -  Reading Properties from Property File 
[DEBUG][2015-11-06 15:31:44,475][com.java.SeleniumDriver] [  238] - url : https://clients-xuat.bankersdashboard.com
[INFO ][2015-11-06 15:31:44,476][com.java.ImportnExport.ExportTestResultsExcel] [  116] - Time Stamp Fri Nov 06 03:31:44 IST 2015
[INFO ][2015-11-06 15:31:44,477][com.java.ImportnExport.ExportTestResultsExcel] [  175] - OUT FILE : D:\BankersDashboard/TestReports/Test Results_BankersDashBoard_110615_153144_IE11_Any Bank USA.xls
[INFO ][2015-11-06 15:31:44,506][com.java.ImportnExport.ExportTestResultsExcel] [  180] - Test Result file is created
[DEBUG][2015-11-06 15:31:44,608][com.java.SeleniumDriver] [  425] - Hub ip address is-------172.17.68.34
[INFO ][2015-11-06 15:31:44,608][com.java.SeleniumDriver] [  451] - Grid URL:http://172.17.68.34:4444/wd/hub
[INFO ][2015-11-06 15:31:44,609][com.java.SeleniumDriver] [  452] - Capability:Capabilities [{platform=ANY, ensureCleanSession=true, ignoreProtectedModeSettings=true, acceptSslCerts=true, ignoreZoomSetting=true, browserName=internet explorer, browserstack.ie.noFlash=true, version=Node1}]
[ERROR][2015-11-06 15:31:45,911][com.java.SeleniumDriver] [  496] - Unable invoke browser in grid:Could not start a new session. Possible causes are invalid address of the remote server or browser start-up failure.
Build info: version: '2.48.2', revision: '41bccdd', time: '2015-10-09 19:59:12'
System info: host: 'FVTIII438F1D', ip: '172.17.68.34', os.name: 'Windows 7', os.arch: 'x86', os.version: '6.1', java.version: '1.7.0_55'
Driver info: driver.version: SeleniumDriver
[INFO ][2015-11-06 15:31:45,912][com.java.SeleniumDriver] [  498] - Executing on local machine
[INFO ][2015-11-06 15:31:55,098][com.java.SeleniumDriver] [  248] - IE11is opened
[INFO ][2015-11-06 15:31:55,725][com.java.SeleniumDriver] [  752] - Test cases to be executed are: [1, 4]
[INFO ][2015-11-06 15:31:55,725][com.java.ImportnExport.ImportTestDataDetailsExcel] [   49] - test data details path===== D:\BankersDashboard\TestInputs\TestData.xls
[INFO ][2015-11-06 15:32:06,495][com.java.SeleniumDriver] [  788] - ------------------------------------------
[INFO ][2015-11-06 15:32:06,495][com.java.SeleniumDriver] [  789] - Test case being Executed: 1
[INFO ][2015-11-06 15:32:06,511][com.java.SeleniumDriver] [  800] - Test step:1
[INFO ][2015-11-06 15:32:06,511][com.java.SeleniumDriver] [  812] - Datavalue is----------Concept#1:1-14
[INFO ][2015-11-06 15:32:06,511][com.java.SeleniumDriver] [  836] - DataField : test
[INFO ][2015-11-06 15:32:06,512][com.java.SeleniumDriver] [  838] - DataValue : Concept#1:1-14
[INFO ][2015-11-06 15:32:06,512][com.java.SeleniumDriver] [  844] - <In Set values of the page>
[INFO ][2015-11-06 15:32:06,512][com.java.SeleniumDriver] [  847] - {Data Fields & Data Values Exist}
[INFO ][2015-11-06 15:32:06,512][com.java.SeleniumDriver] [  849] - --------------------------setting values-----------------------------
[INFO ][2015-11-06 15:32:06,512][com.java.SeleniumDriver] [  852] - Action Type : ExecuteTestCase
[INFO ][2015-11-06 15:32:06,531][com.java.TestType] [  414] - The Concept sheet name is ---------- Concept
[INFO ][2015-11-06 15:32:06,531][com.java.TestType] [  417] - The Concept ID  is ---------- 1
[DEBUG][2015-11-06 15:32:06,531][com.java.TestType] [  421] - Steps being executted in the Concept are: 1:14
[INFO ][2015-11-06 15:32:06,532][com.java.TestType] [  428] - Test data details path ---------- D:\BankersDashboard\TestInputs\TestData.xls
[INFO ][2015-11-06 15:32:06,562][com.java.TestType] [  459] -  str(1) = 1
[INFO ][2015-11-06 15:32:06,562][com.java.TestType] [  462] - Test case Id is---1
[INFO ][2015-11-06 15:32:06,562][com.java.TestType] [  464] - 1
[INFO ][2015-11-06 15:32:06,563][com.java.TestType] [  459] -  str(2) = 1
[INFO ][2015-11-06 15:32:06,565][com.java.TestType] [  511] - row values are--------{1=com.java.Objects.TestDataDetails@28842f}
[INFO ][2015-11-06 15:32:06,565][com.java.TestType] [  459] -  str(1) = 1
[INFO ][2015-11-06 15:32:06,565][com.java.TestType] [  462] - Test case Id is---1
[INFO ][2015-11-06 15:32:06,566][com.java.TestType] [  464] - 1
[INFO ][2015-11-06 15:32:06,566][com.java.TestType] [  459] -  str(2) = 2
[INFO ][2015-11-06 15:32:06,569][com.java.TestType] [  511] - row values are--------{1=com.java.Objects.TestDataDetails@28842f, 2=com.java.Objects.TestDataDetails@68547b}
[INFO ][2015-11-06 15:32:06,569][com.java.TestType] [  459] -  str(1) = 1
[INFO ][2015-11-06 15:32:06,569][com.java.TestType] [  462] - Test case Id is---1
[INFO ][2015-11-06 15:32:06,569][com.java.TestType] [  464] - 1
[INFO ][2015-11-06 15:32:06,569][com.java.TestType] [  459] -  str(2) = 3
[INFO ][2015-11-06 15:32:06,570][com.java.TestType] [  511] - row values are--------{1=com.java.Objects.TestDataDetails@28842f, 2=com.java.Objects.TestDataDetails@68547b, 3=com.java.Objects.TestDataDetails@18eccb7}
[INFO ][2015-11-06 15:32:06,571][com.java.TestType] [  459] -  str(1) = 1
[INFO ][2015-11-06 15:32:06,571][com.java.TestType] [  462] - Test case Id is---1
[INFO ][2015-11-06 15:32:06,571][com.java.TestType] [  464] - 1
[INFO ][2015-11-06 15:32:06,571][com.java.TestType] [  459] -  str(2) = 4
[INFO ][2015-11-06 15:32:06,572][com.java.TestType] [  511] - row values are--------{1=com.java.Objects.TestDataDetails@28842f, 2=com.java.Objects.TestDataDetails@68547b, 3=com.java.Objects.TestDataDetails@18eccb7, 4=com.java.Objects.TestDataDetails@1654df1}
[INFO ][2015-11-06 15:32:06,572][com.java.TestType] [  459] -  str(1) = 1
[INFO ][2015-11-06 15:32:06,572][com.java.TestType] [  462] - Test case Id is---1
[INFO ][2015-11-06 15:32:06,572][com.java.TestType] [  464] - 1
[INFO ][2015-11-06 15:32:06,573][com.java.TestType] [  459] -  str(2) = 5
[INFO ][2015-11-06 15:32:06,574][com.java.TestType] [  511] - row values are--------{1=com.java.Objects.TestDataDetails@28842f, 2=com.java.Objects.TestDataDetails@68547b, 3=com.java.Objects.TestDataDetails@18eccb7, 4=com.java.Objects.TestDataDetails@1654df1, 5=com.java.Objects.TestDataDetails@1961e2a}
[INFO ][2015-11-06 15:32:06,574][com.java.TestType] [  459] -  str(1) = 1
[INFO ][2015-11-06 15:32:06,575][com.java.TestType] [  462] - Test case Id is---1
[INFO ][2015-11-06 15:32:06,575][com.java.TestType] [  464] - 1
[INFO ][2015-11-06 15:32:06,575][com.java.TestType] [  459] -  str(2) = 6
[INFO ][2015-11-06 15:32:06,576][com.java.TestType] [  511] - row values are--------{1=com.java.Objects.TestDataDetails@28842f, 2=com.java.Objects.TestDataDetails@68547b, 3=com.java.Objects.TestDataDetails@18eccb7, 4=com.java.Objects.TestDataDetails@1654df1, 5=com.java.Objects.TestDataDetails@1961e2a, 6=com.java.Objects.TestDataDetails@16f77b6}
[INFO ][2015-11-06 15:32:06,576][com.java.TestType] [  459] -  str(1) = 1
[INFO ][2015-11-06 15:32:06,576][com.java.TestType] [  462] - Test case Id is---1
[INFO ][2015-11-06 15:32:06,576][com.java.TestType] [  464] - 1
[INFO ][2015-11-06 15:32:06,576][com.java.TestType] [  459] -  str(2) = 7
[INFO ][2015-11-06 15:32:06,577][com.java.TestType] [  511] - row values are--------{1=com.java.Objects.TestDataDetails@28842f, 2=com.java.Objects.TestDataDetails@68547b, 3=com.java.Objects.TestDataDetails@18eccb7, 4=com.java.Objects.TestDataDetails@1654df1, 5=com.java.Objects.TestDataDetails@1961e2a, 6=com.java.Objects.TestDataDetails@16f77b6, 7=com.java.Objects.TestDataDetails@3f09f4}
[INFO ][2015-11-06 15:32:06,577][com.java.TestType] [  459] -  str(1) = 1
[INFO ][2015-11-06 15:32:06,577][com.java.TestType] [  462] - Test case Id is---1
[INFO ][2015-11-06 15:32:06,577][com.java.TestType] [  464] - 1
[INFO ][2015-11-06 15:32:06,577][com.java.TestType] [  459] -  str(2) = 8
[INFO ][2015-11-06 15:32:06,580][com.java.TestType] [  511] - row values are--------{1=com.java.Objects.TestDataDetails@28842f, 2=com.java.Objects.TestDataDetails@68547b, 3=com.java.Objects.TestDataDetails@18eccb7, 4=com.java.Objects.TestDataDetails@1654df1, 5=com.java.Objects.TestDataDetails@1961e2a, 6=com.java.Objects.TestDataDetails@16f77b6, 7=com.java.Objects.TestDataDetails@3f09f4, 8=com.java.Objects.TestDataDetails@d6e0e0}
[INFO ][2015-11-06 15:32:06,580][com.java.TestType] [  459] -  str(1) = 1
[INFO ][2015-11-06 15:32:06,580][com.java.TestType] [  462] - Test case Id is---1
[INFO ][2015-11-06 15:32:06,580][com.java.TestType] [  464] - 1
[INFO ][2015-11-06 15:32:06,580][com.java.TestType] [  459] -  str(2) = 9
[INFO ][2015-11-06 15:32:06,581][com.java.TestType] [  511] - row values are--------{1=com.java.Objects.TestDataDetails@28842f, 2=com.java.Objects.TestDataDetails@68547b, 3=com.java.Objects.TestDataDetails@18eccb7, 4=com.java.Objects.TestDataDetails@1654df1, 5=com.java.Objects.TestDataDetails@1961e2a, 6=com.java.Objects.TestDataDetails@16f77b6, 7=com.java.Objects.TestDataDetails@3f09f4, 8=com.java.Objects.TestDataDetails@d6e0e0, 9=com.java.Objects.TestDataDetails@9156c3}
[INFO ][2015-11-06 15:32:06,581][com.java.TestType] [  459] -  str(1) = 1
[INFO ][2015-11-06 15:32:06,581][com.java.TestType] [  462] - Test case Id is---1
[INFO ][2015-11-06 15:32:06,581][com.java.TestType] [  464] - 1
[INFO ][2015-11-06 15:32:06,581][com.java.TestType] [  459] -  str(2) = 10
[INFO ][2015-11-06 15:32:06,582][com.java.TestType] [  511] - row values are--------{1=com.java.Objects.TestDataDetails@28842f, 2=com.java.Objects.TestDataDetails@68547b, 3=com.java.Objects.TestDataDetails@18eccb7, 4=com.java.Objects.TestDataDetails@1654df1, 5=com.java.Objects.TestDataDetails@1961e2a, 6=com.java.Objects.TestDataDetails@16f77b6, 7=com.java.Objects.TestDataDetails@3f09f4, 8=com.java.Objects.TestDataDetails@d6e0e0, 9=com.java.Objects.TestDataDetails@9156c3, 10=com.java.Objects.TestDataDetails@62a8d2}
[INFO ][2015-11-06 15:32:06,582][com.java.TestType] [  459] -  str(1) = 1
[INFO ][2015-11-06 15:32:06,582][com.java.TestType] [  462] - Test case Id is---1
[INFO ][2015-11-06 15:32:06,582][com.java.TestType] [  464] - 1
[INFO ][2015-11-06 15:32:06,583][com.java.TestType] [  459] -  str(2) = 11
[INFO ][2015-11-06 15:32:06,583][com.java.TestType] [  511] - row values are--------{1=com.java.Objects.TestDataDetails@28842f, 2=com.java.Objects.TestDataDetails@68547b, 3=com.java.Objects.TestDataDetails@18eccb7, 4=com.java.Objects.TestDataDetails@1654df1, 5=com.java.Objects.TestDataDetails@1961e2a, 6=com.java.Objects.TestDataDetails@16f77b6, 7=com.java.Objects.TestDataDetails@3f09f4, 8=com.java.Objects.TestDataDetails@d6e0e0, 9=com.java.Objects.TestDataDetails@9156c3, 10=com.java.Objects.TestDataDetails@62a8d2, 11=com.java.Objects.TestDataDetails@6d5af1}
[INFO ][2015-11-06 15:32:06,583][com.java.TestType] [  459] -  str(1) = 1
[INFO ][2015-11-06 15:32:06,584][com.java.TestType] [  462] - Test case Id is---1
[INFO ][2015-11-06 15:32:06,584][com.java.TestType] [  464] - 1
[INFO ][2015-11-06 15:32:06,584][com.java.TestType] [  459] -  str(2) = 12
[INFO ][2015-11-06 15:32:06,584][com.java.TestType] [  511] - row values are--------{1=com.java.Objects.TestDataDetails@28842f, 2=com.java.Objects.TestDataDetails@68547b, 3=com.java.Objects.TestDataDetails@18eccb7, 4=com.java.Objects.TestDataDetails@1654df1, 5=com.java.Objects.TestDataDetails@1961e2a, 6=com.java.Objects.TestDataDetails@16f77b6, 7=com.java.Objects.TestDataDetails@3f09f4, 8=com.java.Objects.TestDataDetails@d6e0e0, 9=com.java.Objects.TestDataDetails@9156c3, 10=com.java.Objects.TestDataDetails@62a8d2, 11=com.java.Objects.TestDataDetails@6d5af1, 12=com.java.Objects.TestDataDetails@111c0d7}
[INFO ][2015-11-06 15:32:06,585][com.java.TestType] [  459] -  str(1) = 1
[INFO ][2015-11-06 15:32:06,585][com.java.TestType] [  462] - Test case Id is---1
[INFO ][2015-11-06 15:32:06,585][com.java.TestType] [  464] - 1
[INFO ][2015-11-06 15:32:06,585][com.java.TestType] [  459] -  str(2) = 13
[INFO ][2015-11-06 15:32:06,586][com.java.TestType] [  511] - row values are--------{1=com.java.Objects.TestDataDetails@28842f, 2=com.java.Objects.TestDataDetails@68547b, 3=com.java.Objects.TestDataDetails@18eccb7, 4=com.java.Objects.TestDataDetails@1654df1, 5=com.java.Objects.TestDataDetails@1961e2a, 6=com.java.Objects.TestDataDetails@16f77b6, 7=com.java.Objects.TestDataDetails@3f09f4, 8=com.java.Objects.TestDataDetails@d6e0e0, 9=com.java.Objects.TestDataDetails@9156c3, 10=com.java.Objects.TestDataDetails@62a8d2, 11=com.java.Objects.TestDataDetails@6d5af1, 12=com.java.Objects.TestDataDetails@111c0d7, 13=com.java.Objects.TestDataDetails@dc8a29}
[INFO ][2015-11-06 15:32:06,586][com.java.TestType] [  459] -  str(1) = 1
[INFO ][2015-11-06 15:32:06,586][com.java.TestType] [  462] - Test case Id is---1
[INFO ][2015-11-06 15:32:06,586][com.java.TestType] [  464] - 1
[INFO ][2015-11-06 15:32:06,586][com.java.TestType] [  459] -  str(2) = 14
[INFO ][2015-11-06 15:32:06,587][com.java.TestType] [  511] - row values are--------{1=com.java.Objects.TestDataDetails@28842f, 2=com.java.Objects.TestDataDetails@68547b, 3=com.java.Objects.TestDataDetails@18eccb7, 4=com.java.Objects.TestDataDetails@1654df1, 5=com.java.Objects.TestDataDetails@1961e2a, 6=com.java.Objects.TestDataDetails@16f77b6, 7=com.java.Objects.TestDataDetails@3f09f4, 8=com.java.Objects.TestDataDetails@d6e0e0, 9=com.java.Objects.TestDataDetails@9156c3, 10=com.java.Objects.TestDataDetails@62a8d2, 11=com.java.Objects.TestDataDetails@6d5af1, 12=com.java.Objects.TestDataDetails@111c0d7, 13=com.java.Objects.TestDataDetails@dc8a29, 14=com.java.Objects.TestDataDetails@1192410}
[INFO ][2015-11-06 15:32:06,587][com.java.TestType] [ 8025] - Looping 1TCID = 1
[DEBUG][2015-11-06 15:32:06,589][com.java.TestType] [ 8066] - Concept ID:1 :: Step being Executed: 1::1
[INFO ][2015-11-06 15:32:06,589][com.java.TestType] [ 8104] - dataFields : TXTusername
[DEBUG][2015-11-06 15:32:06,589][com.java.TestType] [ 8110] - <In Set values of the page>
[DEBUG][2015-11-06 15:32:06,589][com.java.TestType] [ 8115] - {Data Fields & Data Values Exist}
[INFO ][2015-11-06 15:32:06,589][com.java.TestType] [ 8121] - --------------------------setting values-----------------------------
[INFO ][2015-11-06 15:32:06,589][com.java.TestType] [ 8124] - Action Type : CLEARANDENTER
[INFO ][2015-11-06 15:32:06,589][com.java.TestType] [ 3876] - value = naresh.nayini.00000
[INFO ][2015-11-06 15:32:11,449][com.java.TestType] [ 8143] -  RESULT true
[INFO ][2015-11-06 15:32:11,449][com.java.TestType] [ 8260] - ?   P A S S   ?
[DEBUG][2015-11-06 15:32:11,449][com.java.TestType] [ 8066] - Concept ID:1 :: Step being Executed: 1::2
[INFO ][2015-11-06 15:32:11,449][com.java.TestType] [ 8104] - dataFields : TXTpassword
[DEBUG][2015-11-06 15:32:11,449][com.java.TestType] [ 8110] - <In Set values of the page>
[DEBUG][2015-11-06 15:32:11,449][com.java.TestType] [ 8115] - {Data Fields & Data Values Exist}
[INFO ][2015-11-06 15:32:11,449][com.java.TestType] [ 8121] - --------------------------setting values-----------------------------
[INFO ][2015-11-06 15:32:11,449][com.java.TestType] [ 8124] - Action Type : CLEARANDENTER
[INFO ][2015-11-06 15:32:11,450][com.java.TestType] [ 3876] - value = Password1*
[INFO ][2015-11-06 15:32:16,396][com.java.TestType] [ 8143] -  RESULT true
[INFO ][2015-11-06 15:32:16,396][com.java.TestType] [ 8260] - ?   P A S S   ?
[DEBUG][2015-11-06 15:32:16,396][com.java.TestType] [ 8066] - Concept ID:1 :: Step being Executed: 1::3
[ERROR][2015-11-06 15:32:16,396][com.java.TestType] [ 8099] - Exception: null
[INFO ][2015-11-06 15:32:16,396][com.java.TestType] [ 8104] - dataFields : XPH//button[@type='submit']
[DEBUG][2015-11-06 15:32:16,396][com.java.TestType] [ 8110] - <In Set values of the page>
[DEBUG][2015-11-06 15:32:16,396][com.java.TestType] [ 8115] - {Data Fields & Data Values Exist}
[INFO ][2015-11-06 15:32:16,396][com.java.TestType] [ 8121] - --------------------------setting values-----------------------------
[INFO ][2015-11-06 15:32:16,397][com.java.TestType] [ 8124] - Action Type : Click
[INFO ][2015-11-06 15:32:16,397][com.java.TestType] [ 4189] - Field ::XPH//button[@type='submit']
[INFO ][2015-11-06 15:32:17,397][com.java.TestType] [ 4248] - BEFORE CLICK
[INFO ][2015-11-06 15:32:18,285][com.java.TestType] [ 4256] - Unable to click the object Login
[INFO ][2015-11-06 15:32:18,286][com.java.TestType] [ 8143] -  RESULT true
[INFO ][2015-11-06 15:32:18,286][com.java.TestType] [ 8260] - ?   P A S S   ?
[DEBUG][2015-11-06 15:32:18,286][com.java.TestType] [ 8066] - Concept ID:1 :: Step being Executed: 1::4
[INFO ][2015-11-06 15:32:18,286][com.java.TestType] [ 8104] - dataFields : LNKLogout
[DEBUG][2015-11-06 15:32:18,286][com.java.TestType] [ 8110] - <In Set values of the page>
[DEBUG][2015-11-06 15:32:18,286][com.java.TestType] [ 8115] - {Data Fields & Data Values Exist}
[INFO ][2015-11-06 15:32:18,286][com.java.TestType] [ 8121] - --------------------------setting values-----------------------------
[INFO ][2015-11-06 15:32:18,286][com.java.TestType] [ 8124] - Action Type : WaitForElement
[INFO ][2015-11-06 15:32:27,951][com.java.TestType] [ 8143] -  RESULT true
[INFO ][2015-11-06 15:32:27,951][com.java.TestType] [ 8260] - ?   P A S S   ?
[DEBUG][2015-11-06 15:32:27,951][com.java.TestType] [ 8066] - Concept ID:1 :: Step being Executed: 1::13
[INFO ][2015-11-06 15:32:27,951][com.java.TestType] [ 8104] - dataFields : LNK
[DEBUG][2015-11-06 15:32:27,951][com.java.TestType] [ 8110] - <In Set values of the page>
[DEBUG][2015-11-06 15:32:27,951][com.java.TestType] [ 8115] - {Data Fields & Data Values Exist}
[INFO ][2015-11-06 15:32:27,952][com.java.TestType] [ 8121] - --------------------------setting values-----------------------------
[INFO ][2015-11-06 15:32:27,952][com.java.TestType] [ 8124] - Action Type : Verify
[INFO ][2015-11-06 15:32:27,952][com.java.TestType] [ 5002] - field= LNK value= Logout
[INFO ][2015-11-06 15:32:27,954][com.java.TestType] [ 3876] - value = Logout
[INFO ][2015-11-06 15:32:28,000][com.java.TestType] [ 8143] -  RESULT true
[INFO ][2015-11-06 15:32:28,000][com.java.TestType] [ 8260] - ?   P A S S   ?
[DEBUG][2015-11-06 15:32:28,000][com.java.TestType] [ 8066] - Concept ID:1 :: Step being Executed: 1::14
[INFO ][2015-11-06 15:32:28,000][com.java.TestType] [ 8104] - dataFields : BTN
[DEBUG][2015-11-06 15:32:28,001][com.java.TestType] [ 8110] - <In Set values of the page>
[DEBUG][2015-11-06 15:32:28,001][com.java.TestType] [ 8115] - {Data Fields & Data Values Exist}
[INFO ][2015-11-06 15:32:28,001][com.java.TestType] [ 8121] - --------------------------setting values-----------------------------
[INFO ][2015-11-06 15:32:28,001][com.java.TestType] [ 8124] - Action Type : Verify
[INFO ][2015-11-06 15:32:28,001][com.java.TestType] [ 5002] - field= BTN value= //img[contains(@src,'bdlogo.jpg')]
[INFO ][2015-11-06 15:32:28,001][com.java.TestType] [ 3876] - value = //img[contains(@src,'bdlogo.jpg')]
[INFO ][2015-11-06 15:32:28,035][com.java.TestType] [ 8143] -  RESULT true
[INFO ][2015-11-06 15:32:28,035][com.java.TestType] [ 8260] - ?   P A S S   ?
[INFO ][2015-11-06 15:32:28,035][com.java.TestType] [ 8331] - Looping End......
[INFO ][2015-11-06 15:32:28,039][com.java.SeleniumDriver] [  861] -  RESULT true
[INFO ][2015-11-06 15:32:28,039][com.java.SeleniumDriver] [ 1066] - ?   P A S S   ?
[INFO ][2015-11-06 15:32:28,039][com.java.SeleniumDriver] [  788] - ------------------------------------------
[INFO ][2015-11-06 15:32:28,039][com.java.SeleniumDriver] [  789] - Test case being Executed: 1
[INFO ][2015-11-06 15:32:28,039][com.java.SeleniumDriver] [  800] - Test step:2
[INFO ][2015-11-06 15:32:28,039][com.java.SeleniumDriver] [  812] - Datavalue is----------Concept#2:1-2
[INFO ][2015-11-06 15:32:28,039][com.java.SeleniumDriver] [  836] - DataField : test
[INFO ][2015-11-06 15:32:28,040][com.java.SeleniumDriver] [  838] - DataValue : Concept#2:1-2
[INFO ][2015-11-06 15:32:28,040][com.java.SeleniumDriver] [  844] - <In Set values of the page>
[INFO ][2015-11-06 15:32:28,040][com.java.SeleniumDriver] [  847] - {Data Fields & Data Values Exist}
[INFO ][2015-11-06 15:32:28,040][com.java.SeleniumDriver] [  849] - --------------------------setting values-----------------------------
[INFO ][2015-11-06 15:32:28,040][com.java.SeleniumDriver] [  852] - Action Type : ExecuteTestCase
[INFO ][2015-11-06 15:32:28,040][com.java.TestType] [  414] - The Concept sheet name is ---------- Concept
[INFO ][2015-11-06 15:32:28,040][com.java.TestType] [  417] - The Concept ID  is ---------- 2
[DEBUG][2015-11-06 15:32:28,040][com.java.TestType] [  421] - Steps being executted in the Concept are: 1:2
[INFO ][2015-11-06 15:32:28,041][com.java.TestType] [  428] - Test data details path ---------- D:\BankersDashboard\TestInputs\TestData.xls
[INFO ][2015-11-06 15:32:28,073][com.java.TestType] [  459] -  str(1) = 2
[INFO ][2015-11-06 15:32:28,073][com.java.TestType] [  462] - Test case Id is---2
[INFO ][2015-11-06 15:32:28,073][com.java.TestType] [  464] - 2
[INFO ][2015-11-06 15:32:28,073][com.java.TestType] [  459] -  str(2) = 1
[INFO ][2015-11-06 15:32:28,075][com.java.TestType] [  511] - row values are--------{1=com.java.Objects.TestDataDetails@f9bbf1}
[INFO ][2015-11-06 15:32:28,075][com.java.TestType] [  459] -  str(1) = 2
[INFO ][2015-11-06 15:32:28,075][com.java.TestType] [  462] - Test case Id is---2
[INFO ][2015-11-06 15:32:28,075][com.java.TestType] [  464] - 2
[INFO ][2015-11-06 15:32:28,076][com.java.TestType] [  459] -  str(2) = 2
[INFO ][2015-11-06 15:32:28,076][com.java.TestType] [  511] - row values are--------{1=com.java.Objects.TestDataDetails@f9bbf1, 2=com.java.Objects.TestDataDetails@197c56f}
[INFO ][2015-11-06 15:32:28,076][com.java.TestType] [  459] -  str(1) = 2
[INFO ][2015-11-06 15:32:28,076][com.java.TestType] [  462] - Test case Id is---2
[INFO ][2015-11-06 15:32:28,076][com.java.TestType] [  464] - 2
[INFO ][2015-11-06 15:32:28,076][com.java.TestType] [  459] -  str(2) = 3
[INFO ][2015-11-06 15:32:28,077][com.java.TestType] [  511] - row values are--------{1=com.java.Objects.TestDataDetails@f9bbf1, 2=com.java.Objects.TestDataDetails@197c56f, 3=com.java.Objects.TestDataDetails@108d69f}
[INFO ][2015-11-06 15:32:28,077][com.java.TestType] [ 8025] - Looping 1TCID = 2
[DEBUG][2015-11-06 15:32:28,077][com.java.TestType] [ 8066] - Concept ID:2 :: Step being Executed: 2::1
[INFO ][2015-11-06 15:32:28,077][com.java.TestType] [ 8104] - dataFields : BNK//select[@id='bank']
[DEBUG][2015-11-06 15:32:28,077][com.java.TestType] [ 8110] - <In Set values of the page>
[DEBUG][2015-11-06 15:32:28,078][com.java.TestType] [ 8115] - {Data Fields & Data Values Exist}
[INFO ][2015-11-06 15:32:28,078][com.java.TestType] [ 8121] - --------------------------setting values-----------------------------
[INFO ][2015-11-06 15:32:28,078][com.java.TestType] [ 8124] - Action Type : Select
[INFO ][2015-11-06 15:32:28,078][com.java.TestType] [ 3876] - value = PFC
[INFO ][2015-11-06 15:32:28,301][com.java.TestType] [ 8143] -  RESULT true
[INFO ][2015-11-06 15:32:28,301][com.java.TestType] [ 8260] - ?   P A S S   ?
[DEBUG][2015-11-06 15:32:28,301][com.java.TestType] [ 8066] - Concept ID:2 :: Step being Executed: 2::2
[INFO ][2015-11-06 15:32:28,301][com.java.TestType] [ 8104] - dataFields : LNKLogout
[DEBUG][2015-11-06 15:32:28,301][com.java.TestType] [ 8110] - <In Set values of the page>
[DEBUG][2015-11-06 15:32:28,301][com.java.TestType] [ 8115] - {Data Fields & Data Values Exist}
[INFO ][2015-11-06 15:32:28,301][com.java.TestType] [ 8121] - --------------------------setting values-----------------------------
[INFO ][2015-11-06 15:32:28,301][com.java.TestType] [ 8124] - Action Type : WaitTime
[DEBUG][2015-11-06 15:32:28,301][com.java.TestType] [ 3775] - sleepTime: 5000
[INFO ][2015-11-06 15:32:33,302][com.java.TestType] [ 8143] -  RESULT true
[INFO ][2015-11-06 15:32:33,302][com.java.TestType] [ 8260] - ?   P A S S   ?
[INFO ][2015-11-06 15:32:33,302][com.java.TestType] [ 8331] - Looping End......
[INFO ][2015-11-06 15:32:33,306][com.java.SeleniumDriver] [  861] -  RESULT true
[INFO ][2015-11-06 15:32:33,306][com.java.SeleniumDriver] [ 1066] - ?   P A S S   ?
[INFO ][2015-11-06 15:32:33,306][com.java.SeleniumDriver] [  788] - ------------------------------------------
[INFO ][2015-11-06 15:32:33,306][com.java.SeleniumDriver] [  789] - Test case being Executed: 1
[INFO ][2015-11-06 15:32:33,306][com.java.SeleniumDriver] [  800] - Test step:3
[INFO ][2015-11-06 15:32:33,306][com.java.SeleniumDriver] [  812] - Datavalue is----------2
[INFO ][2015-11-06 15:32:33,306][com.java.SeleniumDriver] [  836] - DataField : XPH//button[contains(text(),'Add Content')]
[INFO ][2015-11-06 15:32:33,306][com.java.SeleniumDriver] [  838] - DataValue : 2
[INFO ][2015-11-06 15:32:33,306][com.java.SeleniumDriver] [  844] - <In Set values of the page>
[INFO ][2015-11-06 15:32:33,306][com.java.SeleniumDriver] [  847] - {Data Fields & Data Values Exist}
[INFO ][2015-11-06 15:32:33,306][com.java.SeleniumDriver] [  849] - --------------------------setting values-----------------------------
[INFO ][2015-11-06 15:32:33,306][com.java.SeleniumDriver] [  852] - Action Type : WAITFORELEMENT
[INFO ][2015-11-06 15:32:33,341][com.java.SeleniumDriver] [  861] -  RESULT true
[INFO ][2015-11-06 15:32:33,341][com.java.SeleniumDriver] [ 1066] - ?   P A S S   ?
[DEBUG][2015-11-06 15:32:33,341][com.java.SeleniumDriver] [ 1168] - Case found
[DEBUG][2015-11-06 15:32:33,341][com.java.SeleniumDriver] [ 1173] - Incrementing ReportCounters[0]:1
[INFO ][2015-11-06 15:32:33,341][com.java.SeleniumDriver] [ 1192] - The results are-------------------[1, 1, Valid Login, Pass, , Fri Nov 06 15:32:28 IST 2015, 1, 2, Valid Login, Pass, , Fri Nov 06 15:32:33 IST 2015, 1, 3, Valid Login, Pass, , Fri Nov 06 15:32:33 IST 2015]
[INFO ][2015-11-06 15:32:33,342][com.java.SeleniumDriver] [ 1196] - End time is-------51 sec
[INFO ][2015-11-06 15:32:33,342][com.java.SeleniumDriver] [ 1197] - The results are-------------------[1, 1, Valid Login, Pass, , Fri Nov 06 15:32:28 IST 2015, 1, 2, Valid Login, Pass, , Fri Nov 06 15:32:33 IST 2015, 1, 3, Valid Login, Pass, , Fri Nov 06 15:32:33 IST 2015]
[DEBUG][2015-11-06 15:32:33,342][com.java.ImportnExport.ExportTestResultsExcel] [  222] - testResultPath = D:\BankersDashboard/TestReports/Test Results_BankersDashBoard_110615_153144_IE11_Any Bank USA.xls
[DEBUG][2015-11-06 15:32:33,342][com.java.ImportnExport.ExportTestResultsExcel] [  223] - browser is------------IE11
[DEBUG][2015-11-06 15:32:33,385][com.java.ImportnExport.ExportTestResultsExcel] [  270] - result.size() = 18
[DEBUG][2015-11-06 15:32:33,386][com.java.ImportnExport.ExportTestResultsExcel] [  274] - No of rows in sheet=1
[DEBUG][2015-11-06 15:32:33,386][com.java.ImportnExport.ExportTestResultsExcel] [  301] - ..in export..1
[DEBUG][2015-11-06 15:32:33,386][com.java.ImportnExport.ExportTestResultsExcel] [  301] - ..in export..Valid Login
[DEBUG][2015-11-06 15:32:33,386][com.java.ImportnExport.ExportTestResultsExcel] [  301] - ..in export..Pass
[DEBUG][2015-11-06 15:32:33,386][com.java.ImportnExport.ExportTestResultsExcel] [  301] - ..in export..
[DEBUG][2015-11-06 15:32:33,386][com.java.ImportnExport.ExportTestResultsExcel] [  301] - ..in export..Fri Nov 06 15:32:28 IST 2015
[INFO ][2015-11-06 15:32:33,388][com.java.SeleniumDriver] [ 1255] - out loop:0 size:2 TestCases:[1, 4] testcases:[1, 4]
[INFO ][2015-11-06 15:32:33,388][com.java.ImportnExport.ImportTestDataDetailsExcel] [   49] - test data details path===== D:\BankersDashboard\TestInputs\TestData.xls
