[INFO ][2016-01-19 18:44:06,620][com.java.SeleniumDriver] [  213] - Execute Failed Casesfalse
[INFO ][2016-01-19 18:44:06,620][com.java.SeleniumDriver] [  214] - Browser: IE10
[INFO ][2016-01-19 18:44:06,620][com.java.SeleniumDriver] [  215] - [1, 39]
[INFO ][2016-01-19 18:44:06,620][com.java.SeleniumDriver] [  216] - Total TestCases:2
[INFO ][2016-01-19 18:44:06,620][com.java.SeleniumDriver] [  217] -  Reading Properties from Property File 
[DEBUG][2016-01-19 18:44:06,620][com.java.SeleniumDriver] [  238] - url : https://clients-xuat.bankersdashboard.com
[INFO ][2016-01-19 18:44:06,620][com.java.ImportnExport.ExportTestResultsExcel] [  116] - Time Stamp Tue Jan 19 06:44:06 IST 2016
[INFO ][2016-01-19 18:44:06,620][com.java.ImportnExport.ExportTestResultsExcel] [  175] - OUT FILE : D:\BankersDashboard/TestReports/Test Results_BankersDashBoard_011916_184406_IE10_United Bank.xls
[INFO ][2016-01-19 18:44:06,651][com.java.ImportnExport.ExportTestResultsExcel] [  180] - Test Result file is created
[DEBUG][2016-01-19 18:44:06,751][com.java.SeleniumDriver] [  426] - Hub ip address is-------172.17.68.34
[INFO ][2016-01-19 18:44:06,751][com.java.SeleniumDriver] [  452] - Grid URL:http://172.17.68.34:4444/wd/hub
[INFO ][2016-01-19 18:44:06,751][com.java.SeleniumDriver] [  453] - Capability:Capabilities [{platform=ANY, ensureCleanSession=true, ignoreProtectedModeSettings=true, acceptSslCerts=true, ignoreZoomSetting=true, browserName=internet explorer, browserstack.ie.noFlash=true, version=null}]
[ERROR][2016-01-19 18:44:08,061][com.java.SeleniumDriver] [  498] - Unable invoke browser in grid:Could not start a new session. Possible causes are invalid address of the remote server or browser start-up failure.
Build info: version: '2.48.2', revision: '41bccdd', time: '2015-10-09 19:59:12'
System info: host: 'FVTIII438F1D', ip: '172.17.68.34', os.name: 'Windows 7', os.arch: 'x86', os.version: '6.1', java.version: '1.7.0_55'
Driver info: driver.version: SeleniumDriver
[INFO ][2016-01-19 18:44:08,061][com.java.SeleniumDriver] [  500] - Executing on local machine
[INFO ][2016-01-19 18:44:18,308][com.java.SeleniumDriver] [  248] - IE10is opened
[INFO ][2016-01-19 18:44:18,923][com.java.SeleniumDriver] [  756] - Test cases to be executed are: [1, 39]
[INFO ][2016-01-19 18:44:18,956][com.java.ImportnExport.ImportTestDataDetailsExcel] [   49] - test data details path===== D:\BankersDashboard\TestInputs\TestData.xls
[INFO ][2016-01-19 18:44:19,056][com.java.SeleniumDriver] [  856] - ------------------------------------------
[INFO ][2016-01-19 18:44:19,056][com.java.SeleniumDriver] [  857] - Test case being Executed: 1
[INFO ][2016-01-19 18:44:19,056][com.java.SeleniumDriver] [  869] - Test step:1
[INFO ][2016-01-19 18:44:19,056][com.java.SeleniumDriver] [  881] - Datavalue is----------Concept#1:1-16
[INFO ][2016-01-19 18:44:19,056][com.java.SeleniumDriver] [  905] - DataField : test
[INFO ][2016-01-19 18:44:19,056][com.java.SeleniumDriver] [  907] - DataValue : Concept#1:1-16
[INFO ][2016-01-19 18:44:19,056][com.java.SeleniumDriver] [  913] - <In Set values of the page>
[INFO ][2016-01-19 18:44:19,056][com.java.SeleniumDriver] [  916] - {Data Fields & Data Values Exist}
[INFO ][2016-01-19 18:44:19,056][com.java.SeleniumDriver] [  918] - --------------------------setting values-----------------------------
[INFO ][2016-01-19 18:44:19,056][com.java.SeleniumDriver] [  921] - Action Type : ExecuteTestCase
[INFO ][2016-01-19 18:44:19,066][com.java.TestType] [  442] - The Concept sheet name is ---------- Concept
[INFO ][2016-01-19 18:44:19,066][com.java.TestType] [  445] - The Concept ID  is ---------- 1
[DEBUG][2016-01-19 18:44:19,066][com.java.TestType] [  449] - Steps being executted in the Concept are: 1:16
[INFO ][2016-01-19 18:44:19,076][com.java.TestType] [  456] - Test data details path ---------- D:\BankersDashboard\TestInputs\TestData.xls
[INFO ][2016-01-19 18:44:19,106][com.java.TestType] [  487] -  str(1) = 1
[INFO ][2016-01-19 18:44:19,106][com.java.TestType] [  490] - Test case Id is---1
[INFO ][2016-01-19 18:44:19,106][com.java.TestType] [  492] - 1
[INFO ][2016-01-19 18:44:19,106][com.java.TestType] [  487] -  str(2) = 1
[INFO ][2016-01-19 18:44:19,106][com.java.TestType] [  487] -  str(1) = 1
[INFO ][2016-01-19 18:44:19,106][com.java.TestType] [  490] - Test case Id is---1
[INFO ][2016-01-19 18:44:19,106][com.java.TestType] [  492] - 1
[INFO ][2016-01-19 18:44:19,106][com.java.TestType] [  487] -  str(2) = 2
[INFO ][2016-01-19 18:44:19,116][com.java.TestType] [  487] -  str(1) = 1
[INFO ][2016-01-19 18:44:19,116][com.java.TestType] [  490] - Test case Id is---1
[INFO ][2016-01-19 18:44:19,116][com.java.TestType] [  492] - 1
[INFO ][2016-01-19 18:44:19,116][com.java.TestType] [  487] -  str(2) = 3
[INFO ][2016-01-19 18:44:19,116][com.java.TestType] [  487] -  str(1) = 1
[INFO ][2016-01-19 18:44:19,116][com.java.TestType] [  490] - Test case Id is---1
[INFO ][2016-01-19 18:44:19,116][com.java.TestType] [  492] - 1
[INFO ][2016-01-19 18:44:19,116][com.java.TestType] [  487] -  str(2) = 4
[INFO ][2016-01-19 18:44:19,116][com.java.TestType] [  487] -  str(1) = 1
[INFO ][2016-01-19 18:44:19,116][com.java.TestType] [  490] - Test case Id is---1
[INFO ][2016-01-19 18:44:19,116][com.java.TestType] [  492] - 1
[INFO ][2016-01-19 18:44:19,116][com.java.TestType] [  487] -  str(2) = 5
[INFO ][2016-01-19 18:44:19,116][com.java.TestType] [  487] -  str(1) = 1
[INFO ][2016-01-19 18:44:19,116][com.java.TestType] [  490] - Test case Id is---1
[INFO ][2016-01-19 18:44:19,116][com.java.TestType] [  492] - 1
[INFO ][2016-01-19 18:44:19,116][com.java.TestType] [  487] -  str(2) = 6
[INFO ][2016-01-19 18:44:19,116][com.java.TestType] [  487] -  str(1) = 1
[INFO ][2016-01-19 18:44:19,116][com.java.TestType] [  490] - Test case Id is---1
[INFO ][2016-01-19 18:44:19,116][com.java.TestType] [  492] - 1
[INFO ][2016-01-19 18:44:19,116][com.java.TestType] [  487] -  str(2) = 7
[INFO ][2016-01-19 18:44:19,116][com.java.TestType] [  487] -  str(1) = 1
[INFO ][2016-01-19 18:44:19,116][com.java.TestType] [  490] - Test case Id is---1
[INFO ][2016-01-19 18:44:19,116][com.java.TestType] [  492] - 1
[INFO ][2016-01-19 18:44:19,116][com.java.TestType] [  487] -  str(2) = 8
[INFO ][2016-01-19 18:44:19,126][com.java.TestType] [  487] -  str(1) = 1
[INFO ][2016-01-19 18:44:19,126][com.java.TestType] [  490] - Test case Id is---1
[INFO ][2016-01-19 18:44:19,126][com.java.TestType] [  492] - 1
[INFO ][2016-01-19 18:44:19,126][com.java.TestType] [  487] -  str(2) = 9
[INFO ][2016-01-19 18:44:19,126][com.java.TestType] [  487] -  str(1) = 1
[INFO ][2016-01-19 18:44:19,126][com.java.TestType] [  490] - Test case Id is---1
[INFO ][2016-01-19 18:44:19,126][com.java.TestType] [  492] - 1
[INFO ][2016-01-19 18:44:19,126][com.java.TestType] [  487] -  str(2) = 10
[INFO ][2016-01-19 18:44:19,126][com.java.TestType] [  487] -  str(1) = 1
[INFO ][2016-01-19 18:44:19,126][com.java.TestType] [  490] - Test case Id is---1
[INFO ][2016-01-19 18:44:19,126][com.java.TestType] [  492] - 1
[INFO ][2016-01-19 18:44:19,126][com.java.TestType] [  487] -  str(2) = 11
[INFO ][2016-01-19 18:44:19,126][com.java.TestType] [  487] -  str(1) = 1
[INFO ][2016-01-19 18:44:19,126][com.java.TestType] [  490] - Test case Id is---1
[INFO ][2016-01-19 18:44:19,126][com.java.TestType] [  492] - 1
[INFO ][2016-01-19 18:44:19,126][com.java.TestType] [  487] -  str(2) = 12
[INFO ][2016-01-19 18:44:19,126][com.java.TestType] [  487] -  str(1) = 1
[INFO ][2016-01-19 18:44:19,126][com.java.TestType] [  490] - Test case Id is---1
[INFO ][2016-01-19 18:44:19,126][com.java.TestType] [  492] - 1
[INFO ][2016-01-19 18:44:19,126][com.java.TestType] [  487] -  str(2) = 13
[INFO ][2016-01-19 18:44:19,126][com.java.TestType] [  487] -  str(1) = 1
[INFO ][2016-01-19 18:44:19,126][com.java.TestType] [  490] - Test case Id is---1
[INFO ][2016-01-19 18:44:19,126][com.java.TestType] [  492] - 1
[INFO ][2016-01-19 18:44:19,126][com.java.TestType] [  487] -  str(2) = 14
[INFO ][2016-01-19 18:44:19,126][com.java.TestType] [  487] -  str(1) = 1
[INFO ][2016-01-19 18:44:19,126][com.java.TestType] [  490] - Test case Id is---1
[INFO ][2016-01-19 18:44:19,126][com.java.TestType] [  492] - 1
[INFO ][2016-01-19 18:44:19,126][com.java.TestType] [  487] -  str(2) = 15
[INFO ][2016-01-19 18:44:19,126][com.java.TestType] [  487] -  str(1) = 1
[INFO ][2016-01-19 18:44:19,126][com.java.TestType] [  490] - Test case Id is---1
[INFO ][2016-01-19 18:44:19,126][com.java.TestType] [  492] - 1
[INFO ][2016-01-19 18:44:19,126][com.java.TestType] [  487] -  str(2) = 16
[INFO ][2016-01-19 18:44:19,126][com.java.TestType] [11369] - Looping 1TCID = 1
[DEBUG][2016-01-19 18:44:19,126][com.java.TestType] [11410] - Concept ID:1 :: Step being Executed: 1::1
[INFO ][2016-01-19 18:44:19,126][com.java.TestType] [11448] - dataFields : TXTusername
[DEBUG][2016-01-19 18:44:19,136][com.java.TestType] [11454] - <In Set values of the page>
[DEBUG][2016-01-19 18:44:19,136][com.java.TestType] [11459] - {Data Fields & Data Values Exist}
[INFO ][2016-01-19 18:44:19,136][com.java.TestType] [11465] - --------------------------setting values-----------------------------
[INFO ][2016-01-19 18:44:19,136][com.java.TestType] [11468] - Action Type : CLEARANDENTER
[INFO ][2016-01-19 18:44:21,407][com.java.TestType] [ 6193] - value = valuelabs.ie10.00058
[INFO ][2016-01-19 18:44:23,858][com.java.TestType] [11487] -  RESULT true
[INFO ][2016-01-19 18:44:23,858][com.java.TestType] [11604] - ?   P A S S   ?
[DEBUG][2016-01-19 18:44:23,858][com.java.TestType] [11410] - Concept ID:1 :: Step being Executed: 1::2
[INFO ][2016-01-19 18:44:23,858][com.java.TestType] [11448] - dataFields : TXTpassword
[DEBUG][2016-01-19 18:44:23,858][com.java.TestType] [11454] - <In Set values of the page>
[DEBUG][2016-01-19 18:44:23,858][com.java.TestType] [11459] - {Data Fields & Data Values Exist}
[INFO ][2016-01-19 18:44:23,858][com.java.TestType] [11465] - --------------------------setting values-----------------------------
[INFO ][2016-01-19 18:44:23,858][com.java.TestType] [11468] - Action Type : CLEARANDENTER
[INFO ][2016-01-19 18:44:26,109][com.java.TestType] [ 6193] - value = Password1*
[INFO ][2016-01-19 18:44:28,669][com.java.TestType] [11487] -  RESULT true
[INFO ][2016-01-19 18:44:28,669][com.java.TestType] [11604] - ?   P A S S   ?
[DEBUG][2016-01-19 18:44:28,669][com.java.TestType] [11410] - Concept ID:1 :: Step being Executed: 1::3
[ERROR][2016-01-19 18:44:28,669][com.java.TestType] [11443] - Exception: null
[INFO ][2016-01-19 18:44:28,669][com.java.TestType] [11448] - dataFields : XPH//button[@type='submit']
[DEBUG][2016-01-19 18:44:28,669][com.java.TestType] [11454] - <In Set values of the page>
[DEBUG][2016-01-19 18:44:28,669][com.java.TestType] [11459] - {Data Fields & Data Values Exist}
[INFO ][2016-01-19 18:44:28,669][com.java.TestType] [11465] - --------------------------setting values-----------------------------
[INFO ][2016-01-19 18:44:28,669][com.java.TestType] [11468] - Action Type : Click
[INFO ][2016-01-19 18:44:28,669][com.java.TestType] [ 6572] - Field ::XPH//button[@type='submit']
[INFO ][2016-01-19 18:44:28,669][com.java.TestType] [ 6193] - value = 
[INFO ][2016-01-19 18:44:29,669][com.java.TestType] [ 6710] - BEFORE CLICK
[INFO ][2016-01-19 18:44:30,524][com.java.TestType] [ 6718] - Unable to click the object Login
[INFO ][2016-01-19 18:44:30,524][com.java.TestType] [11487] -  RESULT true
[INFO ][2016-01-19 18:44:30,524][com.java.TestType] [11604] - ?   P A S S   ?
[DEBUG][2016-01-19 18:44:30,524][com.java.TestType] [11410] - Concept ID:1 :: Step being Executed: 1::4
[INFO ][2016-01-19 18:44:30,524][com.java.TestType] [11448] - dataFields : LNKLogout
[DEBUG][2016-01-19 18:44:30,524][com.java.TestType] [11454] - <In Set values of the page>
[DEBUG][2016-01-19 18:44:30,524][com.java.TestType] [11459] - {Data Fields & Data Values Exist}
[INFO ][2016-01-19 18:44:30,524][com.java.TestType] [11465] - --------------------------setting values-----------------------------
[INFO ][2016-01-19 18:44:30,524][com.java.TestType] [11468] - Action Type : WaitForElement
[INFO ][2016-01-19 18:44:34,062][com.java.TestType] [11487] -  RESULT true
[INFO ][2016-01-19 18:44:34,062][com.java.TestType] [11604] - ?   P A S S   ?
[DEBUG][2016-01-19 18:44:34,062][com.java.TestType] [11410] - Concept ID:1 :: Step being Executed: 1::15
[INFO ][2016-01-19 18:44:34,062][com.java.TestType] [11448] - dataFields : LNK
[DEBUG][2016-01-19 18:44:34,062][com.java.TestType] [11454] - <In Set values of the page>
[DEBUG][2016-01-19 18:44:34,062][com.java.TestType] [11459] - {Data Fields & Data Values Exist}
[INFO ][2016-01-19 18:44:34,062][com.java.TestType] [11465] - --------------------------setting values-----------------------------
[INFO ][2016-01-19 18:44:34,062][com.java.TestType] [11468] - Action Type : Verify
[INFO ][2016-01-19 18:44:34,062][com.java.TestType] [ 7702] - field= LNK value= Logout
[INFO ][2016-01-19 18:44:34,065][com.java.TestType] [ 6193] - value = Logout
[INFO ][2016-01-19 18:44:34,114][com.java.TestType] [11487] -  RESULT true
[INFO ][2016-01-19 18:44:34,114][com.java.TestType] [11604] - ?   P A S S   ?
[DEBUG][2016-01-19 18:44:34,114][com.java.TestType] [11410] - Concept ID:1 :: Step being Executed: 1::16
[INFO ][2016-01-19 18:44:34,114][com.java.TestType] [11448] - dataFields : BTN
[DEBUG][2016-01-19 18:44:34,114][com.java.TestType] [11454] - <In Set values of the page>
[DEBUG][2016-01-19 18:44:34,114][com.java.TestType] [11459] - {Data Fields & Data Values Exist}
[INFO ][2016-01-19 18:44:34,114][com.java.TestType] [11465] - --------------------------setting values-----------------------------
[INFO ][2016-01-19 18:44:34,114][com.java.TestType] [11468] - Action Type : Verify
[INFO ][2016-01-19 18:44:34,114][com.java.TestType] [ 7702] - field= BTN value= //img[contains(@src,'bdlogo.jpg')]
[INFO ][2016-01-19 18:44:34,114][com.java.TestType] [ 6193] - value = //img[contains(@src,'bdlogo.jpg')]
[INFO ][2016-01-19 18:44:34,197][com.java.TestType] [11487] -  RESULT true
[INFO ][2016-01-19 18:44:34,197][com.java.TestType] [11604] - ?   P A S S   ?
[INFO ][2016-01-19 18:44:34,197][com.java.TestType] [11675] - Looping End......
[INFO ][2016-01-19 18:44:34,202][com.java.SeleniumDriver] [  930] -  RESULT true
[INFO ][2016-01-19 18:44:34,202][com.java.SeleniumDriver] [ 1136] - ?   P A S S   ?
[INFO ][2016-01-19 18:44:34,202][com.java.SeleniumDriver] [  856] - ------------------------------------------
[INFO ][2016-01-19 18:44:34,202][com.java.SeleniumDriver] [  857] - Test case being Executed: 1
[INFO ][2016-01-19 18:44:34,202][com.java.SeleniumDriver] [  869] - Test step:2
[INFO ][2016-01-19 18:44:34,202][com.java.SeleniumDriver] [  881] - Datavalue is----------Concept#2:1-2
[INFO ][2016-01-19 18:44:34,202][com.java.SeleniumDriver] [  905] - DataField : test
[INFO ][2016-01-19 18:44:34,202][com.java.SeleniumDriver] [  907] - DataValue : Concept#2:1-2
[INFO ][2016-01-19 18:44:34,202][com.java.SeleniumDriver] [  913] - <In Set values of the page>
[INFO ][2016-01-19 18:44:34,202][com.java.SeleniumDriver] [  916] - {Data Fields & Data Values Exist}
[INFO ][2016-01-19 18:44:34,202][com.java.SeleniumDriver] [  918] - --------------------------setting values-----------------------------
[INFO ][2016-01-19 18:44:34,202][com.java.SeleniumDriver] [  921] - Action Type : ExecuteTestCase
[INFO ][2016-01-19 18:44:34,204][com.java.TestType] [  442] - The Concept sheet name is ---------- Concept
[INFO ][2016-01-19 18:44:34,204][com.java.TestType] [  445] - The Concept ID  is ---------- 2
[DEBUG][2016-01-19 18:44:34,204][com.java.TestType] [  449] - Steps being executted in the Concept are: 1:2
[INFO ][2016-01-19 18:44:34,204][com.java.TestType] [  456] - Test data details path ---------- D:\BankersDashboard\TestInputs\TestData.xls
[INFO ][2016-01-19 18:44:34,237][com.java.TestType] [  487] -  str(1) = 2
[INFO ][2016-01-19 18:44:34,237][com.java.TestType] [  490] - Test case Id is---2
[INFO ][2016-01-19 18:44:34,237][com.java.TestType] [  492] - 2
[INFO ][2016-01-19 18:44:34,237][com.java.TestType] [  487] -  str(2) = 1
[INFO ][2016-01-19 18:44:34,239][com.java.TestType] [  487] -  str(1) = 2
[INFO ][2016-01-19 18:44:34,239][com.java.TestType] [  490] - Test case Id is---2
[INFO ][2016-01-19 18:44:34,239][com.java.TestType] [  492] - 2
[INFO ][2016-01-19 18:44:34,239][com.java.TestType] [  487] -  str(2) = 2
[INFO ][2016-01-19 18:44:34,239][com.java.TestType] [  487] -  str(1) = 2
[INFO ][2016-01-19 18:44:34,239][com.java.TestType] [  490] - Test case Id is---2
[INFO ][2016-01-19 18:44:34,239][com.java.TestType] [  492] - 2
[INFO ][2016-01-19 18:44:34,239][com.java.TestType] [  487] -  str(2) = 3
[INFO ][2016-01-19 18:44:34,242][com.java.TestType] [11369] - Looping 1TCID = 2
[DEBUG][2016-01-19 18:44:34,242][com.java.TestType] [11410] - Concept ID:2 :: Step being Executed: 2::1
[INFO ][2016-01-19 18:44:34,242][com.java.TestType] [11448] - dataFields : BNK//select[@id='bank']
[DEBUG][2016-01-19 18:44:34,242][com.java.TestType] [11454] - <In Set values of the page>
[DEBUG][2016-01-19 18:44:34,242][com.java.TestType] [11459] - {Data Fields & Data Values Exist}
[INFO ][2016-01-19 18:44:34,242][com.java.TestType] [11465] - --------------------------setting values-----------------------------
[INFO ][2016-01-19 18:44:34,242][com.java.TestType] [11468] - Action Type : Select
[INFO ][2016-01-19 18:44:34,242][com.java.TestType] [ 6193] - value = PFC
[INFO ][2016-01-19 18:44:34,754][com.java.TestType] [11487] -  RESULT true
[INFO ][2016-01-19 18:44:34,754][com.java.TestType] [11604] - ?   P A S S   ?
[DEBUG][2016-01-19 18:44:34,754][com.java.TestType] [11410] - Concept ID:2 :: Step being Executed: 2::2
[INFO ][2016-01-19 18:44:34,754][com.java.TestType] [11448] - dataFields : LNKLogout
[DEBUG][2016-01-19 18:44:34,754][com.java.TestType] [11454] - <In Set values of the page>
[DEBUG][2016-01-19 18:44:34,754][com.java.TestType] [11459] - {Data Fields & Data Values Exist}
[INFO ][2016-01-19 18:44:34,754][com.java.TestType] [11465] - --------------------------setting values-----------------------------
[INFO ][2016-01-19 18:44:34,754][com.java.TestType] [11468] - Action Type : WaitTime
[DEBUG][2016-01-19 18:44:34,754][com.java.TestType] [ 6007] - sleepTime: 5000
[INFO ][2016-01-19 18:44:39,764][com.java.TestType] [11487] -  RESULT true
[INFO ][2016-01-19 18:44:39,764][com.java.TestType] [11604] - ?   P A S S   ?
[INFO ][2016-01-19 18:44:39,764][com.java.TestType] [11675] - Looping End......
[INFO ][2016-01-19 18:44:39,764][com.java.SeleniumDriver] [  930] -  RESULT true
[INFO ][2016-01-19 18:44:39,764][com.java.SeleniumDriver] [ 1136] - ?   P A S S   ?
[INFO ][2016-01-19 18:44:39,764][com.java.SeleniumDriver] [  856] - ------------------------------------------
[INFO ][2016-01-19 18:44:39,764][com.java.SeleniumDriver] [  857] - Test case being Executed: 1
[INFO ][2016-01-19 18:44:39,764][com.java.SeleniumDriver] [  869] - Test step:3
[INFO ][2016-01-19 18:44:39,764][com.java.SeleniumDriver] [  881] - Datavalue is----------2
[INFO ][2016-01-19 18:44:39,764][com.java.SeleniumDriver] [  905] - DataField : XPH//button[contains(text(),'Add Content')]
[INFO ][2016-01-19 18:44:39,764][com.java.SeleniumDriver] [  907] - DataValue : 2
[INFO ][2016-01-19 18:44:39,764][com.java.SeleniumDriver] [  913] - <In Set values of the page>
[INFO ][2016-01-19 18:44:39,764][com.java.SeleniumDriver] [  916] - {Data Fields & Data Values Exist}
[INFO ][2016-01-19 18:44:39,764][com.java.SeleniumDriver] [  918] - --------------------------setting values-----------------------------
[INFO ][2016-01-19 18:44:39,764][com.java.SeleniumDriver] [  921] - Action Type : WAITFORELEMENT
[INFO ][2016-01-19 18:44:39,805][com.java.SeleniumDriver] [  930] -  RESULT true
[INFO ][2016-01-19 18:44:39,805][com.java.SeleniumDriver] [ 1136] - ?   P A S S   ?
[DEBUG][2016-01-19 18:44:39,805][com.java.SeleniumDriver] [ 1248] - Case found
[DEBUG][2016-01-19 18:44:39,805][com.java.SeleniumDriver] [ 1253] - Incrementing ReportCounters[0]:1
[INFO ][2016-01-19 18:44:39,805][com.java.SeleniumDriver] [ 1272] - The results are-------------------[1, 1, Valid Login, Pass, , Tue Jan 19 18:44:34 IST 2016, 1, 2, Valid Login, Pass, , Tue Jan 19 18:44:39 IST 2016, 1, 3, Valid Login, Pass, , Tue Jan 19 18:44:39 IST 2016]
[INFO ][2016-01-19 18:44:39,805][com.java.SeleniumDriver] [ 1276] - End time is-------35 sec
[INFO ][2016-01-19 18:44:39,805][com.java.SeleniumDriver] [ 1277] - The results are-------------------[1, 1, Valid Login, Pass, , Tue Jan 19 18:44:34 IST 2016, 1, 2, Valid Login, Pass, , Tue Jan 19 18:44:39 IST 2016, 1, 3, Valid Login, Pass, , Tue Jan 19 18:44:39 IST 2016]
[DEBUG][2016-01-19 18:44:39,805][com.java.ImportnExport.ExportTestResultsExcel] [  222] - testResultPath = D:\BankersDashboard/TestReports/Test Results_BankersDashBoard_011916_184406_IE10_United Bank.xls
[DEBUG][2016-01-19 18:44:39,805][com.java.ImportnExport.ExportTestResultsExcel] [  223] - browser is------------IE10
[DEBUG][2016-01-19 18:44:39,845][com.java.ImportnExport.ExportTestResultsExcel] [  270] - result.size() = 18
[DEBUG][2016-01-19 18:44:39,845][com.java.ImportnExport.ExportTestResultsExcel] [  274] - No of rows in sheet=1
[DEBUG][2016-01-19 18:44:39,845][com.java.ImportnExport.ExportTestResultsExcel] [  301] - ..in export..1
[DEBUG][2016-01-19 18:44:39,845][com.java.ImportnExport.ExportTestResultsExcel] [  301] - ..in export..Valid Login
[DEBUG][2016-01-19 18:44:39,845][com.java.ImportnExport.ExportTestResultsExcel] [  301] - ..in export..Pass
[DEBUG][2016-01-19 18:44:39,845][com.java.ImportnExport.ExportTestResultsExcel] [  301] - ..in export..
[DEBUG][2016-01-19 18:44:39,845][com.java.ImportnExport.ExportTestResultsExcel] [  301] - ..in export..Tue Jan 19 18:44:34 IST 2016
[INFO ][2016-01-19 18:44:39,845][com.java.SeleniumDriver] [ 1337] - out loop:0 size:2 TestCases:[1, 39] testcases:[1, 39]
[INFO ][2016-01-19 18:44:39,845][com.java.ImportnExport.ImportTestDataDetailsExcel] [   49] - test data details path===== D:\BankersDashboard\TestInputs\TestData.xls
[INFO ][2016-01-19 18:45:01,715][com.java.SeleniumDriver] [  856] - ------------------------------------------
[INFO ][2016-01-19 18:45:01,715][com.java.SeleniumDriver] [  857] - Test case being Executed: 39
[INFO ][2016-01-19 18:45:01,715][com.java.SeleniumDriver] [  869] - Test step:1
[INFO ][2016-01-19 18:45:01,715][com.java.SeleniumDriver] [  881] - Datavalue is----------Logout
[INFO ][2016-01-19 18:45:01,715][com.java.SeleniumDriver] [  905] - DataField : BTN
[INFO ][2016-01-19 18:45:01,715][com.java.SeleniumDriver] [  907] - DataValue : Logout
[INFO ][2016-01-19 18:45:01,715][com.java.SeleniumDriver] [  913] - <In Set values of the page>
[INFO ][2016-01-19 18:45:01,715][com.java.SeleniumDriver] [  916] - {Data Fields & Data Values Exist}
[INFO ][2016-01-19 18:45:01,715][com.java.SeleniumDriver] [  918] - --------------------------setting values-----------------------------
[INFO ][2016-01-19 18:45:01,715][com.java.SeleniumDriver] [  921] - Action Type : Verify
[INFO ][2016-01-19 18:45:01,715][com.java.TestType] [ 7702] - field= BTN value= Logout
[INFO ][2016-01-19 18:45:01,715][com.java.TestType] [ 6193] - value = Logout
[INFO ][2016-01-19 18:45:01,806][com.java.SeleniumDriver] [  930] -  RESULT true
[INFO ][2016-01-19 18:45:01,806][com.java.SeleniumDriver] [ 1136] - ?   P A S S   ?
[INFO ][2016-01-19 18:45:01,806][com.java.SeleniumDriver] [ 1178] - step change to 3
[INFO ][2016-01-19 18:45:01,806][com.java.SeleniumDriver] [  856] - ------------------------------------------
[INFO ][2016-01-19 18:45:01,806][com.java.SeleniumDriver] [  857] - Test case being Executed: 39
[INFO ][2016-01-19 18:45:01,806][com.java.SeleniumDriver] [  869] - Test step:3
[INFO ][2016-01-19 18:45:01,806][com.java.SeleniumDriver] [  881] - Datavalue is----------Concept#2:1-2
[INFO ][2016-01-19 18:45:01,806][com.java.SeleniumDriver] [  905] - DataField : test
[INFO ][2016-01-19 18:45:01,806][com.java.SeleniumDriver] [  907] - DataValue : Concept#2:1-2
[INFO ][2016-01-19 18:45:01,806][com.java.SeleniumDriver] [  913] - <In Set values of the page>
[INFO ][2016-01-19 18:45:01,806][com.java.SeleniumDriver] [  916] - {Data Fields & Data Values Exist}
[INFO ][2016-01-19 18:45:01,806][com.java.SeleniumDriver] [  918] - --------------------------setting values-----------------------------
[INFO ][2016-01-19 18:45:01,806][com.java.SeleniumDriver] [  921] - Action Type : EXECUTETESTCASE
[INFO ][2016-01-19 18:45:01,806][com.java.TestType] [  442] - The Concept sheet name is ---------- Concept
[INFO ][2016-01-19 18:45:01,806][com.java.TestType] [  445] - The Concept ID  is ---------- 2
[DEBUG][2016-01-19 18:45:01,806][com.java.TestType] [  449] - Steps being executted in the Concept are: 1:2
[INFO ][2016-01-19 18:45:01,806][com.java.TestType] [  456] - Test data details path ---------- D:\BankersDashboard\TestInputs\TestData.xls
[INFO ][2016-01-19 18:45:01,836][com.java.TestType] [  487] -  str(1) = 2
[INFO ][2016-01-19 18:45:01,836][com.java.TestType] [  490] - Test case Id is---2
[INFO ][2016-01-19 18:45:01,836][com.java.TestType] [  492] - 2
[INFO ][2016-01-19 18:45:01,836][com.java.TestType] [  487] -  str(2) = 1
[INFO ][2016-01-19 18:45:01,836][com.java.TestType] [  487] -  str(1) = 2
[INFO ][2016-01-19 18:45:01,836][com.java.TestType] [  490] - Test case Id is---2
[INFO ][2016-01-19 18:45:01,836][com.java.TestType] [  492] - 2
[INFO ][2016-01-19 18:45:01,836][com.java.TestType] [  487] -  str(2) = 2
[INFO ][2016-01-19 18:45:01,836][com.java.TestType] [  487] -  str(1) = 2
[INFO ][2016-01-19 18:45:01,836][com.java.TestType] [  490] - Test case Id is---2
[INFO ][2016-01-19 18:45:01,836][com.java.TestType] [  492] - 2
[INFO ][2016-01-19 18:45:01,836][com.java.TestType] [  487] -  str(2) = 3
[INFO ][2016-01-19 18:45:01,836][com.java.TestType] [11369] - Looping 1TCID = 2
[DEBUG][2016-01-19 18:45:01,836][com.java.TestType] [11410] - Concept ID:2 :: Step being Executed: 2::1
[INFO ][2016-01-19 18:45:01,836][com.java.TestType] [11448] - dataFields : BNK//select[@id='bank']
[DEBUG][2016-01-19 18:45:01,836][com.java.TestType] [11454] - <In Set values of the page>
[DEBUG][2016-01-19 18:45:01,836][com.java.TestType] [11459] - {Data Fields & Data Values Exist}
[INFO ][2016-01-19 18:45:01,836][com.java.TestType] [11465] - --------------------------setting values-----------------------------
[INFO ][2016-01-19 18:45:01,836][com.java.TestType] [11468] - Action Type : Select
[INFO ][2016-01-19 18:45:01,836][com.java.TestType] [ 6193] - value = PFC
[INFO ][2016-01-19 18:45:02,026][com.java.TestType] [11487] -  RESULT true
[INFO ][2016-01-19 18:45:02,026][com.java.TestType] [11604] - ?   P A S S   ?
[DEBUG][2016-01-19 18:45:02,026][com.java.TestType] [11410] - Concept ID:2 :: Step being Executed: 2::2
[INFO ][2016-01-19 18:45:02,026][com.java.TestType] [11448] - dataFields : LNKLogout
[DEBUG][2016-01-19 18:45:02,026][com.java.TestType] [11454] - <In Set values of the page>
[DEBUG][2016-01-19 18:45:02,026][com.java.TestType] [11459] - {Data Fields & Data Values Exist}
[INFO ][2016-01-19 18:45:02,026][com.java.TestType] [11465] - --------------------------setting values-----------------------------
[INFO ][2016-01-19 18:45:02,026][com.java.TestType] [11468] - Action Type : WaitTime
[DEBUG][2016-01-19 18:45:02,026][com.java.TestType] [ 6007] - sleepTime: 5000
[INFO ][2016-01-19 18:45:07,026][com.java.TestType] [11487] -  RESULT true
[INFO ][2016-01-19 18:45:07,026][com.java.TestType] [11604] - ?   P A S S   ?
[INFO ][2016-01-19 18:45:07,026][com.java.TestType] [11675] - Looping End......
[INFO ][2016-01-19 18:45:07,026][com.java.SeleniumDriver] [  930] -  RESULT true
[INFO ][2016-01-19 18:45:07,026][com.java.SeleniumDriver] [ 1136] - ?   P A S S   ?
[INFO ][2016-01-19 18:45:07,026][com.java.SeleniumDriver] [  856] - ------------------------------------------
[INFO ][2016-01-19 18:45:07,026][com.java.SeleniumDriver] [  857] - Test case being Executed: 39
[INFO ][2016-01-19 18:45:07,026][com.java.SeleniumDriver] [  869] - Test step:4
[INFO ][2016-01-19 18:45:07,026][com.java.SeleniumDriver] [  881] - Datavalue is----------null
[DEBUG][2016-01-19 18:45:07,026][com.java.SeleniumDriver] [  899] - Exception: null
[INFO ][2016-01-19 18:45:07,026][com.java.SeleniumDriver] [  905] - DataField : //span[@class='icon-user4']&&//a[text()='G/L Mapping']&&//a[@data-id="ProfitCenters"]
[INFO ][2016-01-19 18:45:07,026][com.java.SeleniumDriver] [  907] - DataValue : 
[INFO ][2016-01-19 18:45:07,026][com.java.SeleniumDriver] [  913] - <In Set values of the page>
[INFO ][2016-01-19 18:45:07,026][com.java.SeleniumDriver] [  916] - {Data Fields & Data Values Exist}
[INFO ][2016-01-19 18:45:07,026][com.java.SeleniumDriver] [  918] - --------------------------setting values-----------------------------
[INFO ][2016-01-19 18:45:07,026][com.java.SeleniumDriver] [  921] - Action Type : MOUSEOVER
[INFO ][2016-01-19 18:45:35,335][com.java.SeleniumDriver] [  930] -  RESULT true
[INFO ][2016-01-19 18:45:35,335][com.java.SeleniumDriver] [ 1136] - ?   P A S S   ?
[INFO ][2016-01-19 18:45:35,335][com.java.SeleniumDriver] [  856] - ------------------------------------------
[INFO ][2016-01-19 18:45:35,335][com.java.SeleniumDriver] [  857] - Test case being Executed: 39
[INFO ][2016-01-19 18:45:35,335][com.java.SeleniumDriver] [  869] - Test step:5
[INFO ][2016-01-19 18:45:35,335][com.java.SeleniumDriver] [  881] - Datavalue is----------3
[INFO ][2016-01-19 18:45:35,335][com.java.SeleniumDriver] [  905] - DataField : BTN//iframe[@class='frameTabContent']
[INFO ][2016-01-19 18:45:35,335][com.java.SeleniumDriver] [  907] - DataValue : 3
[INFO ][2016-01-19 18:45:35,335][com.java.SeleniumDriver] [  913] - <In Set values of the page>
[INFO ][2016-01-19 18:45:35,335][com.java.SeleniumDriver] [  916] - {Data Fields & Data Values Exist}
[INFO ][2016-01-19 18:45:35,335][com.java.SeleniumDriver] [  918] - --------------------------setting values-----------------------------
[INFO ][2016-01-19 18:45:35,335][com.java.SeleniumDriver] [  921] - Action Type : WAITFORELEMENT
[INFO ][2016-01-19 18:45:35,686][com.java.SeleniumDriver] [  930] -  RESULT true
[INFO ][2016-01-19 18:45:35,686][com.java.SeleniumDriver] [ 1136] - ?   P A S S   ?
[INFO ][2016-01-19 18:45:35,686][com.java.SeleniumDriver] [  856] - ------------------------------------------
[INFO ][2016-01-19 18:45:35,686][com.java.SeleniumDriver] [  857] - Test case being Executed: 39
[INFO ][2016-01-19 18:45:35,686][com.java.SeleniumDriver] [  869] - Test step:6
[INFO ][2016-01-19 18:45:35,686][com.java.SeleniumDriver] [  881] - Datavalue is----------null
[DEBUG][2016-01-19 18:45:35,686][com.java.SeleniumDriver] [  899] - Exception: null
[INFO ][2016-01-19 18:45:35,686][com.java.SeleniumDriver] [  905] - DataField : BTN//iframe[@class='frameTabContent']
[INFO ][2016-01-19 18:45:35,686][com.java.SeleniumDriver] [  907] - DataValue : 
[INFO ][2016-01-19 18:45:35,686][com.java.SeleniumDriver] [  913] - <In Set values of the page>
[INFO ][2016-01-19 18:45:35,686][com.java.SeleniumDriver] [  916] - {Data Fields & Data Values Exist}
[INFO ][2016-01-19 18:45:35,686][com.java.SeleniumDriver] [  918] - --------------------------setting values-----------------------------
[INFO ][2016-01-19 18:45:35,686][com.java.SeleniumDriver] [  921] - Action Type : SELECTFRAME
[INFO ][2016-01-19 18:45:36,576][com.java.SeleniumDriver] [  930] -  RESULT true
[INFO ][2016-01-19 18:45:36,576][com.java.SeleniumDriver] [ 1136] - ?   P A S S   ?
[INFO ][2016-01-19 18:45:36,576][com.java.SeleniumDriver] [  856] - ------------------------------------------
[INFO ][2016-01-19 18:45:36,576][com.java.SeleniumDriver] [  857] - Test case being Executed: 39
[INFO ][2016-01-19 18:45:36,576][com.java.SeleniumDriver] [  869] - Test step:7
[INFO ][2016-01-19 18:45:36,576][com.java.SeleniumDriver] [  881] - Datavalue is----------Manage Profit Centers and Regions 
[INFO ][2016-01-19 18:45:36,576][com.java.SeleniumDriver] [  905] - DataField : MSG
[INFO ][2016-01-19 18:45:36,576][com.java.SeleniumDriver] [  907] - DataValue : Manage Profit Centers and Regions 
[INFO ][2016-01-19 18:45:36,576][com.java.SeleniumDriver] [  913] - <In Set values of the page>
[INFO ][2016-01-19 18:45:36,576][com.java.SeleniumDriver] [  916] - {Data Fields & Data Values Exist}
[INFO ][2016-01-19 18:45:36,576][com.java.SeleniumDriver] [  918] - --------------------------setting values-----------------------------
[INFO ][2016-01-19 18:45:36,576][com.java.SeleniumDriver] [  921] - Action Type : VERIFY
[INFO ][2016-01-19 18:45:36,576][com.java.TestType] [ 7702] - field= MSG value= Manage Profit Centers and Regions 
[INFO ][2016-01-19 18:45:36,576][com.java.TestType] [ 6193] - value = Manage Profit Centers and Regions 
[DEBUG][2016-01-19 18:45:36,576][com.java.TestType] [ 8532] - value :: Manage Profit Centers and Regions 
[INFO ][2016-01-19 18:45:36,627][com.java.SeleniumDriver] [  930] -  RESULT true
[INFO ][2016-01-19 18:45:36,627][com.java.SeleniumDriver] [ 1136] - ?   P A S S   ?
[INFO ][2016-01-19 18:45:36,627][com.java.SeleniumDriver] [  856] - ------------------------------------------
[INFO ][2016-01-19 18:45:36,627][com.java.SeleniumDriver] [  857] - Test case being Executed: 39
[INFO ][2016-01-19 18:45:36,627][com.java.SeleniumDriver] [  869] - Test step:8
[INFO ][2016-01-19 18:45:36,627][com.java.SeleniumDriver] [  881] - Datavalue is----------Rows
[INFO ][2016-01-19 18:45:36,627][com.java.SeleniumDriver] [  905] - DataField : null
[INFO ][2016-01-19 18:45:36,627][com.java.SeleniumDriver] [  907] - DataValue : Rows
[INFO ][2016-01-19 18:45:36,627][com.java.SeleniumDriver] [  913] - <In Set values of the page>
[INFO ][2016-01-19 18:45:36,627][com.java.SeleniumDriver] [  916] - {Data Fields & Data Values Exist}
[INFO ][2016-01-19 18:45:36,627][com.java.SeleniumDriver] [  918] - --------------------------setting values-----------------------------
[INFO ][2016-01-19 18:45:36,627][com.java.SeleniumDriver] [  921] - Action Type : ASCENDINGORDERPROFITCENTERS
[INFO ][2016-01-19 18:45:49,657][com.java.SeleniumDriver] [  930] -  RESULT true
[INFO ][2016-01-19 18:45:49,657][com.java.SeleniumDriver] [ 1136] - ?   P A S S   ?
[INFO ][2016-01-19 18:45:49,657][com.java.SeleniumDriver] [  856] - ------------------------------------------
[INFO ][2016-01-19 18:45:49,657][com.java.SeleniumDriver] [  857] - Test case being Executed: 39
[INFO ][2016-01-19 18:45:49,657][com.java.SeleniumDriver] [  869] - Test step:9
[INFO ][2016-01-19 18:45:49,657][com.java.SeleniumDriver] [  881] - Datavalue is----------Hide Undefined Centers
[INFO ][2016-01-19 18:45:49,657][com.java.SeleniumDriver] [  905] - DataField : XPH//button[@class='btn btn-primary']
[INFO ][2016-01-19 18:45:49,657][com.java.SeleniumDriver] [  907] - DataValue : Hide Undefined Centers
[INFO ][2016-01-19 18:45:49,657][com.java.SeleniumDriver] [  913] - <In Set values of the page>
[INFO ][2016-01-19 18:45:49,657][com.java.SeleniumDriver] [  916] - {Data Fields & Data Values Exist}
[INFO ][2016-01-19 18:45:49,657][com.java.SeleniumDriver] [  918] - --------------------------setting values-----------------------------
[INFO ][2016-01-19 18:45:49,657][com.java.SeleniumDriver] [  921] - Action Type : VERIFY
[INFO ][2016-01-19 18:45:49,657][com.java.TestType] [ 7702] - field= XPH//button[@class='btn btn-primary'] value= Hide Undefined Centers
[INFO ][2016-01-19 18:45:49,657][com.java.TestType] [ 6193] - value = Hide Undefined Centers
[INFO ][2016-01-19 18:45:50,298][com.java.SeleniumDriver] [  930] -  RESULT true
[INFO ][2016-01-19 18:45:50,298][com.java.SeleniumDriver] [ 1136] - ?   P A S S   ?
[INFO ][2016-01-19 18:45:50,298][com.java.SeleniumDriver] [  856] - ------------------------------------------
[INFO ][2016-01-19 18:45:50,298][com.java.SeleniumDriver] [  857] - Test case being Executed: 39
[INFO ][2016-01-19 18:45:50,298][com.java.SeleniumDriver] [  869] - Test step:10
[INFO ][2016-01-19 18:45:50,298][com.java.SeleniumDriver] [  881] - Datavalue is----------index:3
[INFO ][2016-01-19 18:45:50,298][com.java.SeleniumDriver] [  905] - DataField : COB//select[@class="form-control input-sm"]
[INFO ][2016-01-19 18:45:50,298][com.java.SeleniumDriver] [  907] - DataValue : index:3
[INFO ][2016-01-19 18:45:50,298][com.java.SeleniumDriver] [  913] - <In Set values of the page>
[INFO ][2016-01-19 18:45:50,298][com.java.SeleniumDriver] [  916] - {Data Fields & Data Values Exist}
[INFO ][2016-01-19 18:45:50,298][com.java.SeleniumDriver] [  918] - --------------------------setting values-----------------------------
[INFO ][2016-01-19 18:45:50,298][com.java.SeleniumDriver] [  921] - Action Type : SELECT
[INFO ][2016-01-19 18:45:50,298][com.java.TestType] [ 6193] - value = 3
[INFO ][2016-01-19 18:45:51,018][com.java.TestType] [ 6311] -  In COB //select[@class="form-control input-sm"] : 3
[INFO ][2016-01-19 18:45:52,962][com.java.SeleniumDriver] [  930] -  RESULT true
[INFO ][2016-01-19 18:45:52,962][com.java.SeleniumDriver] [ 1136] - ?   P A S S   ?
[INFO ][2016-01-19 18:45:52,962][com.java.SeleniumDriver] [  856] - ------------------------------------------
[INFO ][2016-01-19 18:45:52,962][com.java.SeleniumDriver] [  857] - Test case being Executed: 39
[INFO ][2016-01-19 18:45:52,962][com.java.SeleniumDriver] [  869] - Test step:11
[INFO ][2016-01-19 18:45:52,962][com.java.SeleniumDriver] [  881] - Datavalue is----------null
[DEBUG][2016-01-19 18:45:52,962][com.java.SeleniumDriver] [  899] - Exception: null
[INFO ][2016-01-19 18:45:52,962][com.java.SeleniumDriver] [  905] - DataField : HDN//button[@class='btn btn-primary']
[INFO ][2016-01-19 18:45:52,962][com.java.SeleniumDriver] [  907] - DataValue : 
[INFO ][2016-01-19 18:45:52,962][com.java.SeleniumDriver] [  913] - <In Set values of the page>
[INFO ][2016-01-19 18:45:52,962][com.java.SeleniumDriver] [  916] - {Data Fields & Data Values Exist}
[INFO ][2016-01-19 18:45:52,962][com.java.SeleniumDriver] [  918] - --------------------------setting values-----------------------------
[INFO ][2016-01-19 18:45:52,962][com.java.SeleniumDriver] [  921] - Action Type : CLICK
[INFO ][2016-01-19 18:45:52,962][com.java.TestType] [ 6572] - Field ::HDN//button[@class='btn btn-primary']
[INFO ][2016-01-19 18:45:52,962][com.java.TestType] [ 6193] - value = 
[INFO ][2016-01-19 18:45:54,684][com.java.SeleniumDriver] [  930] -  RESULT true
[INFO ][2016-01-19 18:45:54,684][com.java.SeleniumDriver] [ 1136] - ?   P A S S   ?
[INFO ][2016-01-19 18:45:54,684][com.java.SeleniumDriver] [  856] - ------------------------------------------
[INFO ][2016-01-19 18:45:54,684][com.java.SeleniumDriver] [  857] - Test case being Executed: 39
[INFO ][2016-01-19 18:45:54,684][com.java.SeleniumDriver] [  869] - Test step:12
[INFO ][2016-01-19 18:45:54,684][com.java.SeleniumDriver] [  881] - Datavalue is----------Test
[INFO ][2016-01-19 18:45:54,684][com.java.SeleniumDriver] [  905] - DataField : XPH//div[@class="row"]/div/table/tbody/tr/td[2]
[INFO ][2016-01-19 18:45:54,684][com.java.SeleniumDriver] [  907] - DataValue : Test
[INFO ][2016-01-19 18:45:54,684][com.java.SeleniumDriver] [  913] - <In Set values of the page>
[INFO ][2016-01-19 18:45:54,684][com.java.SeleniumDriver] [  916] - {Data Fields & Data Values Exist}
[INFO ][2016-01-19 18:45:54,684][com.java.SeleniumDriver] [  918] - --------------------------setting values-----------------------------
[INFO ][2016-01-19 18:45:54,684][com.java.SeleniumDriver] [  921] - Action Type : STOREVALUE
[INFO ][2016-01-19 18:45:54,684][com.java.TestType] [ 9129] - field= XPH//div[@class="row"]/div/table/tbody/tr/td[2]
[DEBUG][2016-01-19 18:45:55,324][com.java.TestType] [ 9184] - Key:: Test   Value:: ATM
[INFO ][2016-01-19 18:45:55,324][com.java.SeleniumDriver] [  930] -  RESULT true
[INFO ][2016-01-19 18:45:55,324][com.java.SeleniumDriver] [ 1136] - ?   P A S S   ?
[INFO ][2016-01-19 18:45:55,324][com.java.SeleniumDriver] [  856] - ------------------------------------------
[INFO ][2016-01-19 18:45:55,324][com.java.SeleniumDriver] [  857] - Test case being Executed: 39
[INFO ][2016-01-19 18:45:55,324][com.java.SeleniumDriver] [  869] - Test step:13
[INFO ][2016-01-19 18:45:55,324][com.java.SeleniumDriver] [  881] - Datavalue is----------null
[DEBUG][2016-01-19 18:45:55,324][com.java.SeleniumDriver] [  899] - Exception: null
[INFO ][2016-01-19 18:45:55,324][com.java.SeleniumDriver] [  905] - DataField : HDN//div[@class="container"]//span[@class="glyphicon glyphicon-pencil"][1]
[INFO ][2016-01-19 18:45:55,324][com.java.SeleniumDriver] [  907] - DataValue : 
[INFO ][2016-01-19 18:45:55,324][com.java.SeleniumDriver] [  913] - <In Set values of the page>
[INFO ][2016-01-19 18:45:55,324][com.java.SeleniumDriver] [  916] - {Data Fields & Data Values Exist}
[INFO ][2016-01-19 18:45:55,324][com.java.SeleniumDriver] [  918] - --------------------------setting values-----------------------------
[INFO ][2016-01-19 18:45:55,324][com.java.SeleniumDriver] [  921] - Action Type : CLICK
[INFO ][2016-01-19 18:45:55,324][com.java.TestType] [ 6572] - Field ::HDN//div[@class="container"]//span[@class="glyphicon glyphicon-pencil"][1]
[INFO ][2016-01-19 18:45:55,324][com.java.TestType] [ 6193] - value = 
[INFO ][2016-01-19 18:45:57,146][com.java.SeleniumDriver] [  930] -  RESULT true
[INFO ][2016-01-19 18:45:57,146][com.java.SeleniumDriver] [ 1136] - ?   P A S S   ?
[INFO ][2016-01-19 18:45:57,146][com.java.SeleniumDriver] [  856] - ------------------------------------------
[INFO ][2016-01-19 18:45:57,146][com.java.SeleniumDriver] [  857] - Test case being Executed: 39
[INFO ][2016-01-19 18:45:57,146][com.java.SeleniumDriver] [  869] - Test step:14
[INFO ][2016-01-19 18:45:57,146][com.java.SeleniumDriver] [  881] - Datavalue is----------Save changes
[INFO ][2016-01-19 18:45:57,146][com.java.SeleniumDriver] [  905] - DataField : XPH//div[@class="modal-footer"]/button[@data-action="save"]
[INFO ][2016-01-19 18:45:57,146][com.java.SeleniumDriver] [  907] - DataValue : Save changes
[INFO ][2016-01-19 18:45:57,146][com.java.SeleniumDriver] [  913] - <In Set values of the page>
[INFO ][2016-01-19 18:45:57,146][com.java.SeleniumDriver] [  916] - {Data Fields & Data Values Exist}
[INFO ][2016-01-19 18:45:57,146][com.java.SeleniumDriver] [  918] - --------------------------setting values-----------------------------
[INFO ][2016-01-19 18:45:57,146][com.java.SeleniumDriver] [  921] - Action Type : VERIFY
[INFO ][2016-01-19 18:45:57,146][com.java.TestType] [ 7702] - field= XPH//div[@class="modal-footer"]/button[@data-action="save"] value= Save changes
[INFO ][2016-01-19 18:45:57,146][com.java.TestType] [ 6193] - value = Save changes
[INFO ][2016-01-19 18:45:57,636][com.java.SeleniumDriver] [  930] -  RESULT true
[INFO ][2016-01-19 18:45:57,636][com.java.SeleniumDriver] [ 1136] - ?   P A S S   ?
[INFO ][2016-01-19 18:45:57,636][com.java.SeleniumDriver] [  856] - ------------------------------------------
[INFO ][2016-01-19 18:45:57,636][com.java.SeleniumDriver] [  857] - Test case being Executed: 39
[INFO ][2016-01-19 18:45:57,636][com.java.SeleniumDriver] [  869] - Test step:15
[INFO ][2016-01-19 18:45:57,636][com.java.SeleniumDriver] [  881] - Datavalue is----------5
[INFO ][2016-01-19 18:45:57,636][com.java.SeleniumDriver] [  905] - DataField : XPH//div[@class="modal-body form-horizontal"]/div/div/input
[INFO ][2016-01-19 18:45:57,636][com.java.SeleniumDriver] [  907] - DataValue : 5
[INFO ][2016-01-19 18:45:57,636][com.java.SeleniumDriver] [  913] - <In Set values of the page>
[INFO ][2016-01-19 18:45:57,636][com.java.SeleniumDriver] [  916] - {Data Fields & Data Values Exist}
[INFO ][2016-01-19 18:45:57,636][com.java.SeleniumDriver] [  918] - --------------------------setting values-----------------------------
[INFO ][2016-01-19 18:45:57,636][com.java.SeleniumDriver] [  921] - Action Type : WAITFORELEMENT
[INFO ][2016-01-19 18:45:57,806][com.java.SeleniumDriver] [  930] -  RESULT true
[INFO ][2016-01-19 18:45:57,806][com.java.SeleniumDriver] [ 1136] - ?   P A S S   ?
[INFO ][2016-01-19 18:45:57,806][com.java.SeleniumDriver] [  856] - ------------------------------------------
[INFO ][2016-01-19 18:45:57,806][com.java.SeleniumDriver] [  857] - Test case being Executed: 39
[INFO ][2016-01-19 18:45:57,806][com.java.SeleniumDriver] [  869] - Test step:16
[INFO ][2016-01-19 18:45:57,806][com.java.SeleniumDriver] [  881] - Datavalue is----------RNDVLTest#
[INFO ][2016-01-19 18:45:57,806][com.java.SeleniumDriver] [  905] - DataField : TXT//div[@class="modal-body form-horizontal"]/div/div/input
[INFO ][2016-01-19 18:45:57,806][com.java.SeleniumDriver] [  907] - DataValue : RNDVLTest#
[INFO ][2016-01-19 18:45:57,806][com.java.SeleniumDriver] [  913] - <In Set values of the page>
[INFO ][2016-01-19 18:45:57,806][com.java.SeleniumDriver] [  916] - {Data Fields & Data Values Exist}
[INFO ][2016-01-19 18:45:57,806][com.java.SeleniumDriver] [  918] - --------------------------setting values-----------------------------
[INFO ][2016-01-19 18:45:57,806][com.java.SeleniumDriver] [  921] - Action Type : CLEARANDENTER
[INFO ][2016-01-19 18:45:58,267][com.java.TestType] [ 6193] - value = VLTest#27477
[INFO ][2016-01-19 18:45:59,919][com.java.SeleniumDriver] [  930] -  RESULT true
[INFO ][2016-01-19 18:45:59,919][com.java.SeleniumDriver] [ 1136] - ?   P A S S   ?
[INFO ][2016-01-19 18:45:59,919][com.java.SeleniumDriver] [  856] - ------------------------------------------
[INFO ][2016-01-19 18:45:59,919][com.java.SeleniumDriver] [  857] - Test case being Executed: 39
[INFO ][2016-01-19 18:45:59,919][com.java.SeleniumDriver] [  869] - Test step:17
[INFO ][2016-01-19 18:45:59,919][com.java.SeleniumDriver] [  881] - Datavalue is----------5
[INFO ][2016-01-19 18:45:59,919][com.java.SeleniumDriver] [  905] - DataField : test
[INFO ][2016-01-19 18:45:59,919][com.java.SeleniumDriver] [  907] - DataValue : 5
[INFO ][2016-01-19 18:45:59,919][com.java.SeleniumDriver] [  913] - <In Set values of the page>
[INFO ][2016-01-19 18:45:59,919][com.java.SeleniumDriver] [  916] - {Data Fields & Data Values Exist}
[INFO ][2016-01-19 18:45:59,919][com.java.SeleniumDriver] [  918] - --------------------------setting values-----------------------------
[INFO ][2016-01-19 18:45:59,919][com.java.SeleniumDriver] [  921] - Action Type : WAITTIME
[DEBUG][2016-01-19 18:45:59,919][com.java.TestType] [ 6007] - sleepTime: 5000
[INFO ][2016-01-19 18:46:04,928][com.java.SeleniumDriver] [  930] -  RESULT true
[INFO ][2016-01-19 18:46:04,928][com.java.SeleniumDriver] [ 1136] - ?   P A S S   ?
[INFO ][2016-01-19 18:46:04,928][com.java.SeleniumDriver] [  856] - ------------------------------------------
[INFO ][2016-01-19 18:46:04,928][com.java.SeleniumDriver] [  857] - Test case being Executed: 39
[INFO ][2016-01-19 18:46:04,928][com.java.SeleniumDriver] [  869] - Test step:18
[INFO ][2016-01-19 18:46:04,928][com.java.SeleniumDriver] [  881] - Datavalue is----------Sample
[INFO ][2016-01-19 18:46:04,928][com.java.SeleniumDriver] [  905] - DataField : TXT//div[@class="modal-body form-horizontal"]/div/div/input
[INFO ][2016-01-19 18:46:04,928][com.java.SeleniumDriver] [  907] - DataValue : Sample
[INFO ][2016-01-19 18:46:04,928][com.java.SeleniumDriver] [  913] - <In Set values of the page>
[INFO ][2016-01-19 18:46:04,928][com.java.SeleniumDriver] [  916] - {Data Fields & Data Values Exist}
[INFO ][2016-01-19 18:46:04,928][com.java.SeleniumDriver] [  918] - --------------------------setting values-----------------------------
[INFO ][2016-01-19 18:46:04,928][com.java.SeleniumDriver] [  921] - Action Type : STOREVALUE
[INFO ][2016-01-19 18:46:04,928][com.java.TestType] [ 9129] - field= TXT//div[@class="modal-body form-horizontal"]/div/div/input
[DEBUG][2016-01-19 18:46:05,229][com.java.TestType] [ 9143] - Key:: Sample  Value:: VLTest#27477
[INFO ][2016-01-19 18:46:05,229][com.java.SeleniumDriver] [  930] -  RESULT true
[INFO ][2016-01-19 18:46:05,229][com.java.SeleniumDriver] [ 1136] - ?   P A S S   ?
[INFO ][2016-01-19 18:46:05,229][com.java.SeleniumDriver] [  856] - ------------------------------------------
[INFO ][2016-01-19 18:46:05,229][com.java.SeleniumDriver] [  857] - Test case being Executed: 39
[INFO ][2016-01-19 18:46:05,229][com.java.SeleniumDriver] [  869] - Test step:19
[INFO ][2016-01-19 18:46:05,229][com.java.SeleniumDriver] [  881] - Datavalue is----------null
[DEBUG][2016-01-19 18:46:05,229][com.java.SeleniumDriver] [  899] - Exception: null
[INFO ][2016-01-19 18:46:05,229][com.java.SeleniumDriver] [  905] - DataField : HDN//div[@class="modal-footer"]/button[@data-action="save"]
[INFO ][2016-01-19 18:46:05,229][com.java.SeleniumDriver] [  907] - DataValue : 
[INFO ][2016-01-19 18:46:05,229][com.java.SeleniumDriver] [  913] - <In Set values of the page>
[INFO ][2016-01-19 18:46:05,229][com.java.SeleniumDriver] [  916] - {Data Fields & Data Values Exist}
[INFO ][2016-01-19 18:46:05,229][com.java.SeleniumDriver] [  918] - --------------------------setting values-----------------------------
[INFO ][2016-01-19 18:46:05,229][com.java.SeleniumDriver] [  921] - Action Type : CLICK
[INFO ][2016-01-19 18:46:05,229][com.java.TestType] [ 6572] - Field ::HDN//div[@class="modal-footer"]/button[@data-action="save"]
[INFO ][2016-01-19 18:46:05,229][com.java.TestType] [ 6193] - value = 
[INFO ][2016-01-19 18:46:06,610][com.java.SeleniumDriver] [  930] -  RESULT true
[INFO ][2016-01-19 18:46:06,610][com.java.SeleniumDriver] [ 1136] - ?   P A S S   ?
[INFO ][2016-01-19 18:46:06,610][com.java.SeleniumDriver] [  856] - ------------------------------------------
[INFO ][2016-01-19 18:46:06,610][com.java.SeleniumDriver] [  857] - Test case being Executed: 39
[INFO ][2016-01-19 18:46:06,610][com.java.SeleniumDriver] [  869] - Test step:20
[INFO ][2016-01-19 18:46:06,610][com.java.SeleniumDriver] [  881] - Datavalue is----------5
[INFO ][2016-01-19 18:46:06,610][com.java.SeleniumDriver] [  905] - DataField : XPH//div[@class="modal-body form-horizontal"]/div/div/input
[INFO ][2016-01-19 18:46:06,610][com.java.SeleniumDriver] [  907] - DataValue : 5
[INFO ][2016-01-19 18:46:06,610][com.java.SeleniumDriver] [  913] - <In Set values of the page>
[INFO ][2016-01-19 18:46:06,610][com.java.SeleniumDriver] [  916] - {Data Fields & Data Values Exist}
[INFO ][2016-01-19 18:46:06,610][com.java.SeleniumDriver] [  918] - --------------------------setting values-----------------------------
[INFO ][2016-01-19 18:46:06,610][com.java.SeleniumDriver] [  921] - Action Type : WAITFORELEMENT
[INFO ][2016-01-19 18:46:06,740][com.java.SeleniumDriver] [  930] -  RESULT true
[INFO ][2016-01-19 18:46:06,740][com.java.SeleniumDriver] [ 1136] - ?   P A S S   ?
[INFO ][2016-01-19 18:46:06,740][com.java.SeleniumDriver] [  856] - ------------------------------------------
[INFO ][2016-01-19 18:46:06,740][com.java.SeleniumDriver] [  857] - Test case being Executed: 39
[INFO ][2016-01-19 18:46:06,740][com.java.SeleniumDriver] [  869] - Test step:21
[INFO ][2016-01-19 18:46:06,740][com.java.SeleniumDriver] [  881] - Datavalue is----------5
[INFO ][2016-01-19 18:46:06,740][com.java.SeleniumDriver] [  905] - DataField : test
[INFO ][2016-01-19 18:46:06,740][com.java.SeleniumDriver] [  907] - DataValue : 5
[INFO ][2016-01-19 18:46:06,740][com.java.SeleniumDriver] [  913] - <In Set values of the page>
[INFO ][2016-01-19 18:46:06,740][com.java.SeleniumDriver] [  916] - {Data Fields & Data Values Exist}
[INFO ][2016-01-19 18:46:06,740][com.java.SeleniumDriver] [  918] - --------------------------setting values-----------------------------
[INFO ][2016-01-19 18:46:06,740][com.java.SeleniumDriver] [  921] - Action Type : WAITTIME
[DEBUG][2016-01-19 18:46:06,740][com.java.TestType] [ 6007] - sleepTime: 5000
[INFO ][2016-01-19 18:46:11,742][com.java.SeleniumDriver] [  930] -  RESULT true
[INFO ][2016-01-19 18:46:11,742][com.java.SeleniumDriver] [ 1136] - ?   P A S S   ?
[INFO ][2016-01-19 18:46:11,742][com.java.SeleniumDriver] [  856] - ------------------------------------------
[INFO ][2016-01-19 18:46:11,742][com.java.SeleniumDriver] [  857] - Test case being Executed: 39
[INFO ][2016-01-19 18:46:11,742][com.java.SeleniumDriver] [  869] - Test step:22
[INFO ][2016-01-19 18:46:11,742][com.java.SeleniumDriver] [  881] - Datavalue is----------HMVSample
[INFO ][2016-01-19 18:46:11,742][com.java.SeleniumDriver] [  905] - DataField : MSG
[INFO ][2016-01-19 18:46:11,742][com.java.SeleniumDriver] [  907] - DataValue : HMVSample
[INFO ][2016-01-19 18:46:11,742][com.java.SeleniumDriver] [  913] - <In Set values of the page>
[INFO ][2016-01-19 18:46:11,742][com.java.SeleniumDriver] [  916] - {Data Fields & Data Values Exist}
[INFO ][2016-01-19 18:46:11,742][com.java.SeleniumDriver] [  918] - --------------------------setting values-----------------------------
[INFO ][2016-01-19 18:46:11,742][com.java.SeleniumDriver] [  921] - Action Type : VERIFY
[INFO ][2016-01-19 18:46:11,742][com.java.TestType] [ 7702] - field= MSG value= HMVSample
[INFO ][2016-01-19 18:46:11,742][com.java.TestType] [ 6193] - value = VLTest#27477
[DEBUG][2016-01-19 18:46:11,742][com.java.TestType] [ 8532] - value :: VLTest#27477
[INFO ][2016-01-19 18:46:11,883][com.java.SeleniumDriver] [  930] -  RESULT true
[INFO ][2016-01-19 18:46:11,883][com.java.SeleniumDriver] [ 1136] - ?   P A S S   ?
[INFO ][2016-01-19 18:46:11,883][com.java.SeleniumDriver] [  856] - ------------------------------------------
[INFO ][2016-01-19 18:46:11,883][com.java.SeleniumDriver] [  857] - Test case being Executed: 39
[INFO ][2016-01-19 18:46:11,883][com.java.SeleniumDriver] [  869] - Test step:23
[INFO ][2016-01-19 18:46:11,883][com.java.SeleniumDriver] [  881] - Datavalue is----------null
[DEBUG][2016-01-19 18:46:11,883][com.java.SeleniumDriver] [  899] - Exception: null
[INFO ][2016-01-19 18:46:11,883][com.java.SeleniumDriver] [  905] - DataField : BTNparent
[INFO ][2016-01-19 18:46:11,883][com.java.SeleniumDriver] [  907] - DataValue : 
[INFO ][2016-01-19 18:46:11,883][com.java.SeleniumDriver] [  913] - <In Set values of the page>
[INFO ][2016-01-19 18:46:11,883][com.java.SeleniumDriver] [  916] - {Data Fields & Data Values Exist}
[INFO ][2016-01-19 18:46:11,883][com.java.SeleniumDriver] [  918] - --------------------------setting values-----------------------------
[INFO ][2016-01-19 18:46:11,883][com.java.SeleniumDriver] [  921] - Action Type : SELECTFRAME
[INFO ][2016-01-19 18:46:11,923][com.java.SeleniumDriver] [  930] -  RESULT true
[INFO ][2016-01-19 18:46:11,923][com.java.SeleniumDriver] [ 1136] - ?   P A S S   ?
[INFO ][2016-01-19 18:46:11,923][com.java.SeleniumDriver] [  856] - ------------------------------------------
[INFO ][2016-01-19 18:46:11,923][com.java.SeleniumDriver] [  857] - Test case being Executed: 39
[INFO ][2016-01-19 18:46:11,923][com.java.SeleniumDriver] [  869] - Test step:24
[INFO ][2016-01-19 18:46:11,923][com.java.SeleniumDriver] [  881] - Datavalue is----------null
[DEBUG][2016-01-19 18:46:11,923][com.java.SeleniumDriver] [  899] - Exception: null
[INFO ][2016-01-19 18:46:11,923][com.java.SeleniumDriver] [  905] - DataField : BTNcloseAllTabs
[INFO ][2016-01-19 18:46:11,923][com.java.SeleniumDriver] [  907] - DataValue : 
[INFO ][2016-01-19 18:46:11,923][com.java.SeleniumDriver] [  913] - <In Set values of the page>
[INFO ][2016-01-19 18:46:11,923][com.java.SeleniumDriver] [  916] - {Data Fields & Data Values Exist}
[INFO ][2016-01-19 18:46:11,923][com.java.SeleniumDriver] [  918] - --------------------------setting values-----------------------------
[INFO ][2016-01-19 18:46:11,923][com.java.SeleniumDriver] [  921] - Action Type : CLICK
[INFO ][2016-01-19 18:46:11,923][com.java.TestType] [ 6572] - Field ::BTNcloseAllTabs
[INFO ][2016-01-19 18:46:11,923][com.java.TestType] [ 6193] - value = 
[INFO ][2016-01-19 18:46:12,923][com.java.TestType] [ 6689] - BEFORE CLICK
[INFO ][2016-01-19 18:46:16,764][com.java.TestType] [ 6696] - Unable to click the object Close all tabs button
[INFO ][2016-01-19 18:46:16,764][com.java.SeleniumDriver] [  930] -  RESULT true
[INFO ][2016-01-19 18:46:16,764][com.java.SeleniumDriver] [ 1136] - ?   P A S S   ?
[INFO ][2016-01-19 18:46:16,764][com.java.SeleniumDriver] [  856] - ------------------------------------------
[INFO ][2016-01-19 18:46:16,764][com.java.SeleniumDriver] [  857] - Test case being Executed: 39
[INFO ][2016-01-19 18:46:16,764][com.java.SeleniumDriver] [  869] - Test step:25
[INFO ][2016-01-19 18:46:16,764][com.java.SeleniumDriver] [  881] - Datavalue is----------3
[INFO ][2016-01-19 18:46:16,764][com.java.SeleniumDriver] [  905] - DataField : XPH//div[contains(text(), 'My Dashboard')]
[INFO ][2016-01-19 18:46:16,764][com.java.SeleniumDriver] [  907] - DataValue : 3
[INFO ][2016-01-19 18:46:16,764][com.java.SeleniumDriver] [  913] - <In Set values of the page>
[INFO ][2016-01-19 18:46:16,764][com.java.SeleniumDriver] [  916] - {Data Fields & Data Values Exist}
[INFO ][2016-01-19 18:46:16,764][com.java.SeleniumDriver] [  918] - --------------------------setting values-----------------------------
[INFO ][2016-01-19 18:46:16,764][com.java.SeleniumDriver] [  921] - Action Type : WAITFORELEMENT
[INFO ][2016-01-19 18:46:16,923][com.java.SeleniumDriver] [  930] -  RESULT true
[INFO ][2016-01-19 18:46:16,923][com.java.SeleniumDriver] [ 1136] - ?   P A S S   ?
[INFO ][2016-01-19 18:46:16,923][com.java.SeleniumDriver] [  856] - ------------------------------------------
[INFO ][2016-01-19 18:46:16,923][com.java.SeleniumDriver] [  857] - Test case being Executed: 39
[INFO ][2016-01-19 18:46:16,923][com.java.SeleniumDriver] [  869] - Test step:26
[INFO ][2016-01-19 18:46:16,923][com.java.SeleniumDriver] [  881] - Datavalue is----------My Dashboard
[INFO ][2016-01-19 18:46:16,923][com.java.SeleniumDriver] [  905] - DataField : XPH//div[contains(text(), 'My Dashboard')]
[INFO ][2016-01-19 18:46:16,923][com.java.SeleniumDriver] [  907] - DataValue : My Dashboard
[INFO ][2016-01-19 18:46:16,923][com.java.SeleniumDriver] [  913] - <In Set values of the page>
[INFO ][2016-01-19 18:46:16,923][com.java.SeleniumDriver] [  916] - {Data Fields & Data Values Exist}
[INFO ][2016-01-19 18:46:16,923][com.java.SeleniumDriver] [  918] - --------------------------setting values-----------------------------
[INFO ][2016-01-19 18:46:16,923][com.java.SeleniumDriver] [  921] - Action Type : VERIFY
[INFO ][2016-01-19 18:46:16,923][com.java.TestType] [ 7702] - field= XPH//div[contains(text(), 'My Dashboard')] value= My Dashboard
[INFO ][2016-01-19 18:46:16,923][com.java.TestType] [ 6193] - value = My Dashboard
[INFO ][2016-01-19 18:46:17,333][com.java.SeleniumDriver] [  930] -  RESULT true
[INFO ][2016-01-19 18:46:17,333][com.java.SeleniumDriver] [ 1136] - ?   P A S S   ?
[INFO ][2016-01-19 18:46:17,333][com.java.SeleniumDriver] [  856] - ------------------------------------------
[INFO ][2016-01-19 18:46:17,333][com.java.SeleniumDriver] [  857] - Test case being Executed: 39
[INFO ][2016-01-19 18:46:17,333][com.java.SeleniumDriver] [  869] - Test step:27
[INFO ][2016-01-19 18:46:17,333][com.java.SeleniumDriver] [  881] - Datavalue is----------CNF
[INFO ][2016-01-19 18:46:17,333][com.java.SeleniumDriver] [  905] - DataField : BNK//select[@id='bank']
[INFO ][2016-01-19 18:46:17,333][com.java.SeleniumDriver] [  907] - DataValue : CNF
[INFO ][2016-01-19 18:46:17,333][com.java.SeleniumDriver] [  913] - <In Set values of the page>
[INFO ][2016-01-19 18:46:17,333][com.java.SeleniumDriver] [  916] - {Data Fields & Data Values Exist}
[INFO ][2016-01-19 18:46:17,333][com.java.SeleniumDriver] [  918] - --------------------------setting values-----------------------------
[INFO ][2016-01-19 18:46:17,333][com.java.SeleniumDriver] [  921] - Action Type : SELECT
[INFO ][2016-01-19 18:46:17,333][com.java.TestType] [ 6193] - value = CNF
[INFO ][2016-01-19 18:46:18,003][com.java.SeleniumDriver] [  930] -  RESULT false
[INFO ][2016-01-19 18:46:18,003][com.java.SeleniumDriver] [  977] - ?   F A I L   ?
[INFO ][2016-01-19 18:46:18,003][com.java.SeleniumDriver] [  985] - Browser Type : IE10
[INFO ][2016-01-19 18:46:18,003][com.java.SeleniumDriver] [  986] - Adding Failed case39
[DEBUG][2016-01-19 18:46:18,885][com.java.SeleniumDriver] [ 1054] -  tdd.getCondition() IF:31:Next
[INFO ][2016-01-19 18:46:18,885][com.java.SeleniumDriver] [ 1058] - Continue next step...
[INFO ][2016-01-19 18:46:18,885][com.java.SeleniumDriver] [  856] - ------------------------------------------
[INFO ][2016-01-19 18:46:18,885][com.java.SeleniumDriver] [  857] - Test case being Executed: 39
[INFO ][2016-01-19 18:46:18,885][com.java.SeleniumDriver] [  869] - Test step:28
[INFO ][2016-01-19 18:46:18,885][com.java.SeleniumDriver] [  881] - Datavalue is----------10
[INFO ][2016-01-19 18:46:18,885][com.java.SeleniumDriver] [  905] - DataField : test
[INFO ][2016-01-19 18:46:18,885][com.java.SeleniumDriver] [  907] - DataValue : 10
[INFO ][2016-01-19 18:46:18,885][com.java.SeleniumDriver] [  913] - <In Set values of the page>
[INFO ][2016-01-19 18:46:18,885][com.java.SeleniumDriver] [  916] - {Data Fields & Data Values Exist}
[INFO ][2016-01-19 18:46:18,885][com.java.SeleniumDriver] [  918] - --------------------------setting values-----------------------------
[INFO ][2016-01-19 18:46:18,885][com.java.SeleniumDriver] [  921] - Action Type : WAITTIME
[DEBUG][2016-01-19 18:46:18,885][com.java.TestType] [ 6007] - sleepTime: 10000
[INFO ][2016-01-19 18:46:28,885][com.java.SeleniumDriver] [  930] -  RESULT true
[INFO ][2016-01-19 18:46:28,885][com.java.SeleniumDriver] [ 1136] - ?   P A S S   ?
[INFO ][2016-01-19 18:46:28,885][com.java.SeleniumDriver] [  856] - ------------------------------------------
[INFO ][2016-01-19 18:46:28,885][com.java.SeleniumDriver] [  857] - Test case being Executed: 39
[INFO ][2016-01-19 18:46:28,885][com.java.SeleniumDriver] [  869] - Test step:29
[INFO ][2016-01-19 18:46:28,885][com.java.SeleniumDriver] [  881] - Datavalue is----------PFC
[INFO ][2016-01-19 18:46:28,885][com.java.SeleniumDriver] [  905] - DataField : BNK//select[@id='bank']
[INFO ][2016-01-19 18:46:28,885][com.java.SeleniumDriver] [  907] - DataValue : PFC
[INFO ][2016-01-19 18:46:28,885][com.java.SeleniumDriver] [  913] - <In Set values of the page>
[INFO ][2016-01-19 18:46:28,885][com.java.SeleniumDriver] [  916] - {Data Fields & Data Values Exist}
[INFO ][2016-01-19 18:46:28,885][com.java.SeleniumDriver] [  918] - --------------------------setting values-----------------------------
[INFO ][2016-01-19 18:46:28,885][com.java.SeleniumDriver] [  921] - Action Type : SELECT
[INFO ][2016-01-19 18:46:28,885][com.java.TestType] [ 6193] - value = PFC
[INFO ][2016-01-19 18:46:29,096][com.java.SeleniumDriver] [  930] -  RESULT true
[INFO ][2016-01-19 18:46:29,096][com.java.SeleniumDriver] [ 1136] - ?   P A S S   ?
[INFO ][2016-01-19 18:46:29,096][com.java.SeleniumDriver] [  856] - ------------------------------------------
[INFO ][2016-01-19 18:46:29,096][com.java.SeleniumDriver] [  857] - Test case being Executed: 39
[INFO ][2016-01-19 18:46:29,096][com.java.SeleniumDriver] [  869] - Test step:30
[INFO ][2016-01-19 18:46:29,096][com.java.SeleniumDriver] [  881] - Datavalue is----------30
[INFO ][2016-01-19 18:46:29,096][com.java.SeleniumDriver] [  905] - DataField : test
[INFO ][2016-01-19 18:46:29,096][com.java.SeleniumDriver] [  907] - DataValue : 30
[INFO ][2016-01-19 18:46:29,096][com.java.SeleniumDriver] [  913] - <In Set values of the page>
[INFO ][2016-01-19 18:46:29,096][com.java.SeleniumDriver] [  916] - {Data Fields & Data Values Exist}
[INFO ][2016-01-19 18:46:29,096][com.java.SeleniumDriver] [  918] - --------------------------setting values-----------------------------
[INFO ][2016-01-19 18:46:29,096][com.java.SeleniumDriver] [  921] - Action Type : WAITTIME
[DEBUG][2016-01-19 18:46:29,096][com.java.TestType] [ 6007] - sleepTime: 30000
[INFO ][2016-01-19 18:46:59,104][com.java.SeleniumDriver] [  930] -  RESULT true
[INFO ][2016-01-19 18:46:59,104][com.java.SeleniumDriver] [ 1136] - ?   P A S S   ?
[INFO ][2016-01-19 18:46:59,104][com.java.SeleniumDriver] [  856] - ------------------------------------------
[INFO ][2016-01-19 18:46:59,104][com.java.SeleniumDriver] [  857] - Test case being Executed: 39
[INFO ][2016-01-19 18:46:59,104][com.java.SeleniumDriver] [  869] - Test step:31
[INFO ][2016-01-19 18:46:59,104][com.java.SeleniumDriver] [  881] - Datavalue is----------null
[DEBUG][2016-01-19 18:46:59,104][com.java.SeleniumDriver] [  899] - Exception: null
[INFO ][2016-01-19 18:46:59,104][com.java.SeleniumDriver] [  905] - DataField : //span[@class='icon-user4']&&//a[text()='G/L Mapping']&&//a[@data-id="ProfitCenters"]
[INFO ][2016-01-19 18:46:59,104][com.java.SeleniumDriver] [  907] - DataValue : 
[INFO ][2016-01-19 18:46:59,104][com.java.SeleniumDriver] [  913] - <In Set values of the page>
[INFO ][2016-01-19 18:46:59,104][com.java.SeleniumDriver] [  916] - {Data Fields & Data Values Exist}
[INFO ][2016-01-19 18:46:59,104][com.java.SeleniumDriver] [  918] - --------------------------setting values-----------------------------
[INFO ][2016-01-19 18:46:59,104][com.java.SeleniumDriver] [  921] - Action Type : MOUSEOVER
[INFO ][2016-01-19 18:47:27,452][com.java.SeleniumDriver] [  930] -  RESULT true
[INFO ][2016-01-19 18:47:27,452][com.java.SeleniumDriver] [ 1136] - ?   P A S S   ?
[INFO ][2016-01-19 18:47:27,452][com.java.SeleniumDriver] [  856] - ------------------------------------------
[INFO ][2016-01-19 18:47:27,452][com.java.SeleniumDriver] [  857] - Test case being Executed: 39
[INFO ][2016-01-19 18:47:27,452][com.java.SeleniumDriver] [  869] - Test step:32
[INFO ][2016-01-19 18:47:27,452][com.java.SeleniumDriver] [  881] - Datavalue is----------10
[INFO ][2016-01-19 18:47:27,452][com.java.SeleniumDriver] [  905] - DataField : BTN//iframe[@class='frameTabContent']
[INFO ][2016-01-19 18:47:27,452][com.java.SeleniumDriver] [  907] - DataValue : 10
[INFO ][2016-01-19 18:47:27,452][com.java.SeleniumDriver] [  913] - <In Set values of the page>
[INFO ][2016-01-19 18:47:27,452][com.java.SeleniumDriver] [  916] - {Data Fields & Data Values Exist}
[INFO ][2016-01-19 18:47:27,452][com.java.SeleniumDriver] [  918] - --------------------------setting values-----------------------------
[INFO ][2016-01-19 18:47:27,452][com.java.SeleniumDriver] [  921] - Action Type : WAITFORELEMENT
[INFO ][2016-01-19 18:47:27,783][com.java.SeleniumDriver] [  930] -  RESULT true
[INFO ][2016-01-19 18:47:27,783][com.java.SeleniumDriver] [ 1136] - ?   P A S S   ?
[INFO ][2016-01-19 18:47:27,783][com.java.SeleniumDriver] [  856] - ------------------------------------------
[INFO ][2016-01-19 18:47:27,783][com.java.SeleniumDriver] [  857] - Test case being Executed: 39
[INFO ][2016-01-19 18:47:27,783][com.java.SeleniumDriver] [  869] - Test step:33
[INFO ][2016-01-19 18:47:27,783][com.java.SeleniumDriver] [  881] - Datavalue is----------null
[DEBUG][2016-01-19 18:47:27,783][com.java.SeleniumDriver] [  899] - Exception: null
[INFO ][2016-01-19 18:47:27,783][com.java.SeleniumDriver] [  905] - DataField : BTN//iframe[@class='frameTabContent']
[INFO ][2016-01-19 18:47:27,783][com.java.SeleniumDriver] [  907] - DataValue : 
[INFO ][2016-01-19 18:47:27,783][com.java.SeleniumDriver] [  913] - <In Set values of the page>
[INFO ][2016-01-19 18:47:27,783][com.java.SeleniumDriver] [  916] - {Data Fields & Data Values Exist}
[INFO ][2016-01-19 18:47:27,783][com.java.SeleniumDriver] [  918] - --------------------------setting values-----------------------------
[INFO ][2016-01-19 18:47:27,783][com.java.SeleniumDriver] [  921] - Action Type : SELECTFRAME
[INFO ][2016-01-19 18:47:28,613][com.java.SeleniumDriver] [  930] -  RESULT true
[INFO ][2016-01-19 18:47:28,613][com.java.SeleniumDriver] [ 1136] - ?   P A S S   ?
[INFO ][2016-01-19 18:47:28,613][com.java.SeleniumDriver] [  856] - ------------------------------------------
[INFO ][2016-01-19 18:47:28,613][com.java.SeleniumDriver] [  857] - Test case being Executed: 39
[INFO ][2016-01-19 18:47:28,613][com.java.SeleniumDriver] [  869] - Test step:34
[INFO ][2016-01-19 18:47:28,613][com.java.SeleniumDriver] [  881] - Datavalue is----------Manage Profit Centers and Regions 
[INFO ][2016-01-19 18:47:28,613][com.java.SeleniumDriver] [  905] - DataField : MSG
[INFO ][2016-01-19 18:47:28,613][com.java.SeleniumDriver] [  907] - DataValue : Manage Profit Centers and Regions 
[INFO ][2016-01-19 18:47:28,613][com.java.SeleniumDriver] [  913] - <In Set values of the page>
[INFO ][2016-01-19 18:47:28,613][com.java.SeleniumDriver] [  916] - {Data Fields & Data Values Exist}
[INFO ][2016-01-19 18:47:28,613][com.java.SeleniumDriver] [  918] - --------------------------setting values-----------------------------
[INFO ][2016-01-19 18:47:28,613][com.java.SeleniumDriver] [  921] - Action Type : VERIFY
[INFO ][2016-01-19 18:47:28,613][com.java.TestType] [ 7702] - field= MSG value= Manage Profit Centers and Regions 
[INFO ][2016-01-19 18:47:28,613][com.java.TestType] [ 6193] - value = Manage Profit Centers and Regions 
[DEBUG][2016-01-19 18:47:28,613][com.java.TestType] [ 8532] - value :: Manage Profit Centers and Regions 
[INFO ][2016-01-19 18:47:28,744][com.java.SeleniumDriver] [  930] -  RESULT true
[INFO ][2016-01-19 18:47:28,744][com.java.SeleniumDriver] [ 1136] - ?   P A S S   ?
[INFO ][2016-01-19 18:47:28,744][com.java.SeleniumDriver] [  856] - ------------------------------------------
[INFO ][2016-01-19 18:47:28,744][com.java.SeleniumDriver] [  857] - Test case being Executed: 39
[INFO ][2016-01-19 18:47:28,744][com.java.SeleniumDriver] [  869] - Test step:35
[INFO ][2016-01-19 18:47:28,744][com.java.SeleniumDriver] [  881] - Datavalue is----------null
[DEBUG][2016-01-19 18:47:28,744][com.java.SeleniumDriver] [  899] - Exception: null
[INFO ][2016-01-19 18:47:28,744][com.java.SeleniumDriver] [  905] - DataField : HDN//button[@class='btn btn-primary']
[INFO ][2016-01-19 18:47:28,744][com.java.SeleniumDriver] [  907] - DataValue : 
[INFO ][2016-01-19 18:47:28,744][com.java.SeleniumDriver] [  913] - <In Set values of the page>
[INFO ][2016-01-19 18:47:28,744][com.java.SeleniumDriver] [  916] - {Data Fields & Data Values Exist}
[INFO ][2016-01-19 18:47:28,744][com.java.SeleniumDriver] [  918] - --------------------------setting values-----------------------------
[INFO ][2016-01-19 18:47:28,744][com.java.SeleniumDriver] [  921] - Action Type : CLICK
[INFO ][2016-01-19 18:47:28,744][com.java.TestType] [ 6572] - Field ::HDN//button[@class='btn btn-primary']
[INFO ][2016-01-19 18:47:28,744][com.java.TestType] [ 6193] - value = 
[INFO ][2016-01-19 18:47:30,346][com.java.SeleniumDriver] [  930] -  RESULT true
[INFO ][2016-01-19 18:47:30,346][com.java.SeleniumDriver] [ 1136] - ?   P A S S   ?
[INFO ][2016-01-19 18:47:30,346][com.java.SeleniumDriver] [  856] - ------------------------------------------
[INFO ][2016-01-19 18:47:30,346][com.java.SeleniumDriver] [  857] - Test case being Executed: 39
[INFO ][2016-01-19 18:47:30,346][com.java.SeleniumDriver] [  869] - Test step:36
[INFO ][2016-01-19 18:47:30,346][com.java.SeleniumDriver] [  881] - Datavalue is----------null
[DEBUG][2016-01-19 18:47:30,346][com.java.SeleniumDriver] [  899] - Exception: null
[INFO ][2016-01-19 18:47:30,346][com.java.SeleniumDriver] [  905] - DataField : HDN//div[@class="container"]//span[@class="glyphicon glyphicon-pencil"][1]
[INFO ][2016-01-19 18:47:30,346][com.java.SeleniumDriver] [  907] - DataValue : 
[INFO ][2016-01-19 18:47:30,346][com.java.SeleniumDriver] [  913] - <In Set values of the page>
[INFO ][2016-01-19 18:47:30,346][com.java.SeleniumDriver] [  916] - {Data Fields & Data Values Exist}
[INFO ][2016-01-19 18:47:30,346][com.java.SeleniumDriver] [  918] - --------------------------setting values-----------------------------
[INFO ][2016-01-19 18:47:30,346][com.java.SeleniumDriver] [  921] - Action Type : CLICK
[INFO ][2016-01-19 18:47:30,346][com.java.TestType] [ 6572] - Field ::HDN//div[@class="container"]//span[@class="glyphicon glyphicon-pencil"][1]
[INFO ][2016-01-19 18:47:30,346][com.java.TestType] [ 6193] - value = 
[INFO ][2016-01-19 18:47:31,967][com.java.SeleniumDriver] [  930] -  RESULT true
[INFO ][2016-01-19 18:47:31,967][com.java.SeleniumDriver] [ 1136] - ?   P A S S   ?
[INFO ][2016-01-19 18:47:31,967][com.java.SeleniumDriver] [  856] - ------------------------------------------
[INFO ][2016-01-19 18:47:31,967][com.java.SeleniumDriver] [  857] - Test case being Executed: 39
[INFO ][2016-01-19 18:47:31,967][com.java.SeleniumDriver] [  869] - Test step:37
[INFO ][2016-01-19 18:47:31,967][com.java.SeleniumDriver] [  881] - Datavalue is----------HMVTest
[INFO ][2016-01-19 18:47:31,967][com.java.SeleniumDriver] [  905] - DataField : TXT//div[@class="modal-body form-horizontal"]/div/div/input
[INFO ][2016-01-19 18:47:31,967][com.java.SeleniumDriver] [  907] - DataValue : HMVTest
[INFO ][2016-01-19 18:47:31,967][com.java.SeleniumDriver] [  913] - <In Set values of the page>
[INFO ][2016-01-19 18:47:31,967][com.java.SeleniumDriver] [  916] - {Data Fields & Data Values Exist}
[INFO ][2016-01-19 18:47:31,967][com.java.SeleniumDriver] [  918] - --------------------------setting values-----------------------------
[INFO ][2016-01-19 18:47:31,967][com.java.SeleniumDriver] [  921] - Action Type : CLEARANDENTER
[INFO ][2016-01-19 18:47:32,594][com.java.TestType] [ 6193] - value = ATM
[INFO ][2016-01-19 18:47:34,225][com.java.SeleniumDriver] [  930] -  RESULT true
[INFO ][2016-01-19 18:47:34,225][com.java.SeleniumDriver] [ 1136] - ?   P A S S   ?
[INFO ][2016-01-19 18:47:34,225][com.java.SeleniumDriver] [  856] - ------------------------------------------
[INFO ][2016-01-19 18:47:34,225][com.java.SeleniumDriver] [  857] - Test case being Executed: 39
[INFO ][2016-01-19 18:47:34,225][com.java.SeleniumDriver] [  869] - Test step:38
[INFO ][2016-01-19 18:47:34,225][com.java.SeleniumDriver] [  881] - Datavalue is----------null
[DEBUG][2016-01-19 18:47:34,225][com.java.SeleniumDriver] [  899] - Exception: null
[INFO ][2016-01-19 18:47:34,225][com.java.SeleniumDriver] [  905] - DataField : HDN//div[@class="modal-footer"]/button[@data-action="save"]
[INFO ][2016-01-19 18:47:34,225][com.java.SeleniumDriver] [  907] - DataValue : 
[INFO ][2016-01-19 18:47:34,225][com.java.SeleniumDriver] [  913] - <In Set values of the page>
[INFO ][2016-01-19 18:47:34,225][com.java.SeleniumDriver] [  916] - {Data Fields & Data Values Exist}
[INFO ][2016-01-19 18:47:34,225][com.java.SeleniumDriver] [  918] - --------------------------setting values-----------------------------
[INFO ][2016-01-19 18:47:34,225][com.java.SeleniumDriver] [  921] - Action Type : CLICK
[INFO ][2016-01-19 18:47:34,225][com.java.TestType] [ 6572] - Field ::HDN//div[@class="modal-footer"]/button[@data-action="save"]
[INFO ][2016-01-19 18:47:34,225][com.java.TestType] [ 6193] - value = 
[INFO ][2016-01-19 18:47:35,807][com.java.SeleniumDriver] [  930] -  RESULT true
[INFO ][2016-01-19 18:47:35,807][com.java.SeleniumDriver] [ 1136] - ?   P A S S   ?
[INFO ][2016-01-19 18:47:35,807][com.java.SeleniumDriver] [  856] - ------------------------------------------
[INFO ][2016-01-19 18:47:35,807][com.java.SeleniumDriver] [  857] - Test case being Executed: 39
[INFO ][2016-01-19 18:47:35,807][com.java.SeleniumDriver] [  869] - Test step:39
[INFO ][2016-01-19 18:47:35,807][com.java.SeleniumDriver] [  881] - Datavalue is----------5
[INFO ][2016-01-19 18:47:35,807][com.java.SeleniumDriver] [  905] - DataField : test
[INFO ][2016-01-19 18:47:35,807][com.java.SeleniumDriver] [  907] - DataValue : 5
[INFO ][2016-01-19 18:47:35,807][com.java.SeleniumDriver] [  913] - <In Set values of the page>
[INFO ][2016-01-19 18:47:35,807][com.java.SeleniumDriver] [  916] - {Data Fields & Data Values Exist}
[INFO ][2016-01-19 18:47:35,807][com.java.SeleniumDriver] [  918] - --------------------------setting values-----------------------------
[INFO ][2016-01-19 18:47:35,807][com.java.SeleniumDriver] [  921] - Action Type : WAITTIME
[DEBUG][2016-01-19 18:47:35,807][com.java.TestType] [ 6007] - sleepTime: 5000
[INFO ][2016-01-19 18:47:40,808][com.java.SeleniumDriver] [  930] -  RESULT true
[INFO ][2016-01-19 18:47:40,808][com.java.SeleniumDriver] [ 1136] - ?   P A S S   ?
[INFO ][2016-01-19 18:47:40,808][com.java.SeleniumDriver] [  856] - ------------------------------------------
[INFO ][2016-01-19 18:47:40,808][com.java.SeleniumDriver] [  857] - Test case being Executed: 39
[INFO ][2016-01-19 18:47:40,808][com.java.SeleniumDriver] [  869] - Test step:40
[INFO ][2016-01-19 18:47:40,808][com.java.SeleniumDriver] [  881] - Datavalue is----------null
[DEBUG][2016-01-19 18:47:40,808][com.java.SeleniumDriver] [  899] - Exception: null
[INFO ][2016-01-19 18:47:40,808][com.java.SeleniumDriver] [  905] - DataField : BTNparent
[INFO ][2016-01-19 18:47:40,808][com.java.SeleniumDriver] [  907] - DataValue : 
[INFO ][2016-01-19 18:47:40,808][com.java.SeleniumDriver] [  913] - <In Set values of the page>
[INFO ][2016-01-19 18:47:40,808][com.java.SeleniumDriver] [  916] - {Data Fields & Data Values Exist}
[INFO ][2016-01-19 18:47:40,808][com.java.SeleniumDriver] [  918] - --------------------------setting values-----------------------------
[INFO ][2016-01-19 18:47:40,808][com.java.SeleniumDriver] [  921] - Action Type : SELECTFRAME
[INFO ][2016-01-19 18:47:40,829][com.java.SeleniumDriver] [  930] -  RESULT true
[INFO ][2016-01-19 18:47:40,829][com.java.SeleniumDriver] [ 1136] - ?   P A S S   ?
[INFO ][2016-01-19 18:47:40,829][com.java.SeleniumDriver] [  856] - ------------------------------------------
[INFO ][2016-01-19 18:47:40,829][com.java.SeleniumDriver] [  857] - Test case being Executed: 39
[INFO ][2016-01-19 18:47:40,829][com.java.SeleniumDriver] [  869] - Test step:41
[INFO ][2016-01-19 18:47:40,829][com.java.SeleniumDriver] [  881] - Datavalue is----------null
[DEBUG][2016-01-19 18:47:40,829][com.java.SeleniumDriver] [  899] - Exception: null
[INFO ][2016-01-19 18:47:40,829][com.java.SeleniumDriver] [  905] - DataField : BTNcloseAllTabs
[INFO ][2016-01-19 18:47:40,829][com.java.SeleniumDriver] [  907] - DataValue : 
[INFO ][2016-01-19 18:47:40,829][com.java.SeleniumDriver] [  913] - <In Set values of the page>
[INFO ][2016-01-19 18:47:40,829][com.java.SeleniumDriver] [  916] - {Data Fields & Data Values Exist}
[INFO ][2016-01-19 18:47:40,829][com.java.SeleniumDriver] [  918] - --------------------------setting values-----------------------------
[INFO ][2016-01-19 18:47:40,829][com.java.SeleniumDriver] [  921] - Action Type : CLICK
[INFO ][2016-01-19 18:47:40,829][com.java.TestType] [ 6572] - Field ::BTNcloseAllTabs
[INFO ][2016-01-19 18:47:40,829][com.java.TestType] [ 6193] - value = 
[INFO ][2016-01-19 18:47:41,829][com.java.TestType] [ 6689] - BEFORE CLICK
[INFO ][2016-01-19 18:47:45,387][com.java.TestType] [ 6696] - Unable to click the object Close all tabs button
[INFO ][2016-01-19 18:47:45,387][com.java.SeleniumDriver] [  930] -  RESULT true
[INFO ][2016-01-19 18:47:45,387][com.java.SeleniumDriver] [ 1136] - ?   P A S S   ?
[INFO ][2016-01-19 18:47:45,387][com.java.SeleniumDriver] [  856] - ------------------------------------------
[INFO ][2016-01-19 18:47:45,387][com.java.SeleniumDriver] [  857] - Test case being Executed: 39
[INFO ][2016-01-19 18:47:45,387][com.java.SeleniumDriver] [  869] - Test step:42
[INFO ][2016-01-19 18:47:45,387][com.java.SeleniumDriver] [  881] - Datavalue is----------3
[INFO ][2016-01-19 18:47:45,387][com.java.SeleniumDriver] [  905] - DataField : XPH//div[contains(text(), 'My Dashboard')]
[INFO ][2016-01-19 18:47:45,387][com.java.SeleniumDriver] [  907] - DataValue : 3
[INFO ][2016-01-19 18:47:45,387][com.java.SeleniumDriver] [  913] - <In Set values of the page>
[INFO ][2016-01-19 18:47:45,387][com.java.SeleniumDriver] [  916] - {Data Fields & Data Values Exist}
[INFO ][2016-01-19 18:47:45,387][com.java.SeleniumDriver] [  918] - --------------------------setting values-----------------------------
[INFO ][2016-01-19 18:47:45,387][com.java.SeleniumDriver] [  921] - Action Type : WAITFORELEMENT
[INFO ][2016-01-19 18:47:45,541][com.java.SeleniumDriver] [  930] -  RESULT true
[INFO ][2016-01-19 18:47:45,541][com.java.SeleniumDriver] [ 1136] - ?   P A S S   ?
[INFO ][2016-01-19 18:47:45,541][com.java.SeleniumDriver] [  856] - ------------------------------------------
[INFO ][2016-01-19 18:47:45,541][com.java.SeleniumDriver] [  857] - Test case being Executed: 39
[INFO ][2016-01-19 18:47:45,541][com.java.SeleniumDriver] [  869] - Test step:43
[INFO ][2016-01-19 18:47:45,541][com.java.SeleniumDriver] [  881] - Datavalue is----------My Dashboard
[INFO ][2016-01-19 18:47:45,541][com.java.SeleniumDriver] [  905] - DataField : XPH//div[contains(text(), 'My Dashboard')]
[INFO ][2016-01-19 18:47:45,541][com.java.SeleniumDriver] [  907] - DataValue : My Dashboard
[INFO ][2016-01-19 18:47:45,541][com.java.SeleniumDriver] [  913] - <In Set values of the page>
[INFO ][2016-01-19 18:47:45,541][com.java.SeleniumDriver] [  916] - {Data Fields & Data Values Exist}
[INFO ][2016-01-19 18:47:45,541][com.java.SeleniumDriver] [  918] - --------------------------setting values-----------------------------
[INFO ][2016-01-19 18:47:45,541][com.java.SeleniumDriver] [  921] - Action Type : VERIFY
[INFO ][2016-01-19 18:47:45,541][com.java.TestType] [ 7702] - field= XPH//div[contains(text(), 'My Dashboard')] value= My Dashboard
[INFO ][2016-01-19 18:47:45,541][com.java.TestType] [ 6193] - value = My Dashboard
[INFO ][2016-01-19 18:47:45,941][com.java.SeleniumDriver] [  930] -  RESULT true
[INFO ][2016-01-19 18:47:45,941][com.java.SeleniumDriver] [ 1136] - ?   P A S S   ?
[DEBUG][2016-01-19 18:47:45,941][com.java.SeleniumDriver] [ 1248] - Case found
[DEBUG][2016-01-19 18:47:45,941][com.java.SeleniumDriver] [ 1253] - Incrementing ReportCounters[0]:2
[INFO ][2016-01-19 18:47:45,941][com.java.SeleniumDriver] [ 1272] - The results are-------------------[39, 1, Admin: GL Mapping: Profit Centers: Description of Profit Center Associated with Region, Pass, , Tue Jan 19 18:45:01 IST 2016, 39, 3, Admin: GL Mapping: Profit Centers: Description of Profit Center Associated with Region, Pass, , Tue Jan 19 18:45:07 IST 2016, 39, 4, Admin: GL Mapping: Profit Centers: Description of Profit Center Associated with Region, Pass, , Tue Jan 19 18:45:35 IST 2016, 39, 5, Admin: GL Mapping: Profit Centers: Description of Profit Center Associated with Region, Pass, , Tue Jan 19 18:45:35 IST 2016, 39, 6, Admin: GL Mapping: Profit Centers: Description of Profit Center Associated with Region, Pass, , Tue Jan 19 18:45:36 IST 2016, 39, 7, Admin: GL Mapping: Profit Centers: Description of Profit Center Associated with Region, Pass, , Tue Jan 19 18:45:36 IST 2016, 39, 8, Admin: GL Mapping: Profit Centers: Description of Profit Center Associated with Region, Pass, , Tue Jan 19 18:45:49 IST 2016, 39, 9, Admin: GL Mapping: Profit Centers: Description of Profit Center Associated with Region, Pass, , Tue Jan 19 18:45:50 IST 2016, 39, 10, Admin: GL Mapping: Profit Centers: Description of Profit Center Associated with Region, Pass, , Tue Jan 19 18:45:52 IST 2016, 39, 11, Admin: GL Mapping: Profit Centers: Description of Profit Center Associated with Region, Pass, , Tue Jan 19 18:45:54 IST 2016, 39, 12, Admin: GL Mapping: Profit Centers: Description of Profit Center Associated with Region, Pass, , Tue Jan 19 18:45:55 IST 2016, 39, 13, Admin: GL Mapping: Profit Centers: Description of Profit Center Associated with Region, Pass, , Tue Jan 19 18:45:57 IST 2016, 39, 14, Admin: GL Mapping: Profit Centers: Description of Profit Center Associated with Region, Pass, , Tue Jan 19 18:45:57 IST 2016, 39, 15, Admin: GL Mapping: Profit Centers: Description of Profit Center Associated with Region, Pass, , Tue Jan 19 18:45:57 IST 2016, 39, 16, Admin: GL Mapping: Profit Centers: Description of Profit Center Associated with Region, Pass, , Tue Jan 19 18:45:59 IST 2016, 39, 17, Admin: GL Mapping: Profit Centers: Description of Profit Center Associated with Region, Pass, , Tue Jan 19 18:46:04 IST 2016, 39, 18, Admin: GL Mapping: Profit Centers: Description of Profit Center Associated with Region, Pass, , Tue Jan 19 18:46:05 IST 2016, 39, 19, Admin: GL Mapping: Profit Centers: Description of Profit Center Associated with Region, Pass, , Tue Jan 19 18:46:06 IST 2016, 39, 20, Admin: GL Mapping: Profit Centers: Description of Profit Center Associated with Region, Pass, , Tue Jan 19 18:46:06 IST 2016, 39, 21, Admin: GL Mapping: Profit Centers: Description of Profit Center Associated with Region, Pass, , Tue Jan 19 18:46:11 IST 2016, 39, 22, Admin: GL Mapping: Profit Centers: Description of Profit Center Associated with Region, Pass, , Tue Jan 19 18:46:11 IST 2016, 39, 23, Admin: GL Mapping: Profit Centers: Description of Profit Center Associated with Region, Pass, , Tue Jan 19 18:46:11 IST 2016, 39, 24, Admin: GL Mapping: Profit Centers: Description of Profit Center Associated with Region, Pass, , Tue Jan 19 18:46:16 IST 2016, 39, 25, Admin: GL Mapping: Profit Centers: Description of Profit Center Associated with Region, Pass, , Tue Jan 19 18:46:16 IST 2016, 39, 26, Admin: GL Mapping: Profit Centers: Description of Profit Center Associated with Region, Pass, , Tue Jan 19 18:46:17 IST 2016, 39, 27, Admin: GL Mapping: Profit Centers: Description of Profit Center Associated with Region, Pass, , Tue Jan 19 18:46:18 IST 2016, 39, 28, Admin: GL Mapping: Profit Centers: Description of Profit Center Associated with Region, Pass, , Tue Jan 19 18:46:28 IST 2016, 39, 29, Admin: GL Mapping: Profit Centers: Description of Profit Center Associated with Region, Pass, , Tue Jan 19 18:46:29 IST 2016, 39, 30, Admin: GL Mapping: Profit Centers: Description of Profit Center Associated with Region, Pass, , Tue Jan 19 18:46:59 IST 2016, 39, 31, Admin: GL Mapping: Profit Centers: Description of Profit Center Associated with Region, Pass, , Tue Jan 19 18:47:27 IST 2016, 39, 32, Admin: GL Mapping: Profit Centers: Description of Profit Center Associated with Region, Pass, , Tue Jan 19 18:47:27 IST 2016, 39, 33, Admin: GL Mapping: Profit Centers: Description of Profit Center Associated with Region, Pass, , Tue Jan 19 18:47:28 IST 2016, 39, 34, Admin: GL Mapping: Profit Centers: Description of Profit Center Associated with Region, Pass, , Tue Jan 19 18:47:28 IST 2016, 39, 35, Admin: GL Mapping: Profit Centers: Description of Profit Center Associated with Region, Pass, , Tue Jan 19 18:47:30 IST 2016, 39, 36, Admin: GL Mapping: Profit Centers: Description of Profit Center Associated with Region, Pass, , Tue Jan 19 18:47:31 IST 2016, 39, 37, Admin: GL Mapping: Profit Centers: Description of Profit Center Associated with Region, Pass, , Tue Jan 19 18:47:34 IST 2016, 39, 38, Admin: GL Mapping: Profit Centers: Description of Profit Center Associated with Region, Pass, , Tue Jan 19 18:47:35 IST 2016, 39, 39, Admin: GL Mapping: Profit Centers: Description of Profit Center Associated with Region, Pass, , Tue Jan 19 18:47:40 IST 2016, 39, 40, Admin: GL Mapping: Profit Centers: Description of Profit Center Associated with Region, Pass, , Tue Jan 19 18:47:40 IST 2016, 39, 41, Admin: GL Mapping: Profit Centers: Description of Profit Center Associated with Region, Pass, , Tue Jan 19 18:47:45 IST 2016, 39, 42, Admin: GL Mapping: Profit Centers: Description of Profit Center Associated with Region, Pass, , Tue Jan 19 18:47:45 IST 2016, 39, 43, Admin: GL Mapping: Profit Centers: Description of Profit Center Associated with Region, Pass, , Tue Jan 19 18:47:45 IST 2016]
[INFO ][2016-01-19 18:47:45,941][com.java.SeleniumDriver] [ 1276] - End time is-------3 min 41 sec
[INFO ][2016-01-19 18:47:45,941][com.java.SeleniumDriver] [ 1277] - The results are-------------------[39, 1, Admin: GL Mapping: Profit Centers: Description of Profit Center Associated with Region, Pass, , Tue Jan 19 18:45:01 IST 2016, 39, 3, Admin: GL Mapping: Profit Centers: Description of Profit Center Associated with Region, Pass, , Tue Jan 19 18:45:07 IST 2016, 39, 4, Admin: GL Mapping: Profit Centers: Description of Profit Center Associated with Region, Pass, , Tue Jan 19 18:45:35 IST 2016, 39, 5, Admin: GL Mapping: Profit Centers: Description of Profit Center Associated with Region, Pass, , Tue Jan 19 18:45:35 IST 2016, 39, 6, Admin: GL Mapping: Profit Centers: Description of Profit Center Associated with Region, Pass, , Tue Jan 19 18:45:36 IST 2016, 39, 7, Admin: GL Mapping: Profit Centers: Description of Profit Center Associated with Region, Pass, , Tue Jan 19 18:45:36 IST 2016, 39, 8, Admin: GL Mapping: Profit Centers: Description of Profit Center Associated with Region, Pass, , Tue Jan 19 18:45:49 IST 2016, 39, 9, Admin: GL Mapping: Profit Centers: Description of Profit Center Associated with Region, Pass, , Tue Jan 19 18:45:50 IST 2016, 39, 10, Admin: GL Mapping: Profit Centers: Description of Profit Center Associated with Region, Pass, , Tue Jan 19 18:45:52 IST 2016, 39, 11, Admin: GL Mapping: Profit Centers: Description of Profit Center Associated with Region, Pass, , Tue Jan 19 18:45:54 IST 2016, 39, 12, Admin: GL Mapping: Profit Centers: Description of Profit Center Associated with Region, Pass, , Tue Jan 19 18:45:55 IST 2016, 39, 13, Admin: GL Mapping: Profit Centers: Description of Profit Center Associated with Region, Pass, , Tue Jan 19 18:45:57 IST 2016, 39, 14, Admin: GL Mapping: Profit Centers: Description of Profit Center Associated with Region, Pass, , Tue Jan 19 18:45:57 IST 2016, 39, 15, Admin: GL Mapping: Profit Centers: Description of Profit Center Associated with Region, Pass, , Tue Jan 19 18:45:57 IST 2016, 39, 16, Admin: GL Mapping: Profit Centers: Description of Profit Center Associated with Region, Pass, , Tue Jan 19 18:45:59 IST 2016, 39, 17, Admin: GL Mapping: Profit Centers: Description of Profit Center Associated with Region, Pass, , Tue Jan 19 18:46:04 IST 2016, 39, 18, Admin: GL Mapping: Profit Centers: Description of Profit Center Associated with Region, Pass, , Tue Jan 19 18:46:05 IST 2016, 39, 19, Admin: GL Mapping: Profit Centers: Description of Profit Center Associated with Region, Pass, , Tue Jan 19 18:46:06 IST 2016, 39, 20, Admin: GL Mapping: Profit Centers: Description of Profit Center Associated with Region, Pass, , Tue Jan 19 18:46:06 IST 2016, 39, 21, Admin: GL Mapping: Profit Centers: Description of Profit Center Associated with Region, Pass, , Tue Jan 19 18:46:11 IST 2016, 39, 22, Admin: GL Mapping: Profit Centers: Description of Profit Center Associated with Region, Pass, , Tue Jan 19 18:46:11 IST 2016, 39, 23, Admin: GL Mapping: Profit Centers: Description of Profit Center Associated with Region, Pass, , Tue Jan 19 18:46:11 IST 2016, 39, 24, Admin: GL Mapping: Profit Centers: Description of Profit Center Associated with Region, Pass, , Tue Jan 19 18:46:16 IST 2016, 39, 25, Admin: GL Mapping: Profit Centers: Description of Profit Center Associated with Region, Pass, , Tue Jan 19 18:46:16 IST 2016, 39, 26, Admin: GL Mapping: Profit Centers: Description of Profit Center Associated with Region, Pass, , Tue Jan 19 18:46:17 IST 2016, 39, 27, Admin: GL Mapping: Profit Centers: Description of Profit Center Associated with Region, Pass, , Tue Jan 19 18:46:18 IST 2016, 39, 28, Admin: GL Mapping: Profit Centers: Description of Profit Center Associated with Region, Pass, , Tue Jan 19 18:46:28 IST 2016, 39, 29, Admin: GL Mapping: Profit Centers: Description of Profit Center Associated with Region, Pass, , Tue Jan 19 18:46:29 IST 2016, 39, 30, Admin: GL Mapping: Profit Centers: Description of Profit Center Associated with Region, Pass, , Tue Jan 19 18:46:59 IST 2016, 39, 31, Admin: GL Mapping: Profit Centers: Description of Profit Center Associated with Region, Pass, , Tue Jan 19 18:47:27 IST 2016, 39, 32, Admin: GL Mapping: Profit Centers: Description of Profit Center Associated with Region, Pass, , Tue Jan 19 18:47:27 IST 2016, 39, 33, Admin: GL Mapping: Profit Centers: Description of Profit Center Associated with Region, Pass, , Tue Jan 19 18:47:28 IST 2016, 39, 34, Admin: GL Mapping: Profit Centers: Description of Profit Center Associated with Region, Pass, , Tue Jan 19 18:47:28 IST 2016, 39, 35, Admin: GL Mapping: Profit Centers: Description of Profit Center Associated with Region, Pass, , Tue Jan 19 18:47:30 IST 2016, 39, 36, Admin: GL Mapping: Profit Centers: Description of Profit Center Associated with Region, Pass, , Tue Jan 19 18:47:31 IST 2016, 39, 37, Admin: GL Mapping: Profit Centers: Description of Profit Center Associated with Region, Pass, , Tue Jan 19 18:47:34 IST 2016, 39, 38, Admin: GL Mapping: Profit Centers: Description of Profit Center Associated with Region, Pass, , Tue Jan 19 18:47:35 IST 2016, 39, 39, Admin: GL Mapping: Profit Centers: Description of Profit Center Associated with Region, Pass, , Tue Jan 19 18:47:40 IST 2016, 39, 40, Admin: GL Mapping: Profit Centers: Description of Profit Center Associated with Region, Pass, , Tue Jan 19 18:47:40 IST 2016, 39, 41, Admin: GL Mapping: Profit Centers: Description of Profit Center Associated with Region, Pass, , Tue Jan 19 18:47:45 IST 2016, 39, 42, Admin: GL Mapping: Profit Centers: Description of Profit Center Associated with Region, Pass, , Tue Jan 19 18:47:45 IST 2016, 39, 43, Admin: GL Mapping: Profit Centers: Description of Profit Center Associated with Region, Pass, , Tue Jan 19 18:47:45 IST 2016]
[DEBUG][2016-01-19 18:47:45,941][com.java.ImportnExport.ExportTestResultsExcel] [  222] - testResultPath = D:\BankersDashboard/TestReports/Test Results_BankersDashBoard_011916_184406_IE10_United Bank.xls
[DEBUG][2016-01-19 18:47:45,941][com.java.ImportnExport.ExportTestResultsExcel] [  223] - browser is------------IE10
[DEBUG][2016-01-19 18:47:45,941][com.java.ImportnExport.ExportTestResultsExcel] [  270] - result.size() = 252
[DEBUG][2016-01-19 18:47:45,941][com.java.ImportnExport.ExportTestResultsExcel] [  274] - No of rows in sheet=2
[DEBUG][2016-01-19 18:47:45,941][com.java.ImportnExport.ExportTestResultsExcel] [  301] - ..in export..39
[DEBUG][2016-01-19 18:47:45,941][com.java.ImportnExport.ExportTestResultsExcel] [  301] - ..in export..Admin: GL Mapping: Profit Centers: Description of Profit Center Associated with Region
[DEBUG][2016-01-19 18:47:45,941][com.java.ImportnExport.ExportTestResultsExcel] [  301] - ..in export..Pass
[DEBUG][2016-01-19 18:47:45,941][com.java.ImportnExport.ExportTestResultsExcel] [  301] - ..in export..
[DEBUG][2016-01-19 18:47:45,941][com.java.ImportnExport.ExportTestResultsExcel] [  301] - ..in export..Tue Jan 19 18:45:01 IST 2016
[INFO ][2016-01-19 18:47:45,941][com.java.SeleniumDriver] [ 1337] - out loop:1 size:2 TestCases:[1, 39] testcases:[1, 39]
[INFO ][2016-01-19 18:47:47,941][com.java.SeleniumDriver] [ 1380] - Total Number of Cases:2
[INFO ][2016-01-19 18:47:47,941][com.java.TemplateGenerator] [  302] - Executed:2
[INFO ][2016-01-19 18:47:47,941][com.java.TemplateGenerator] [  303] - Passed:2
[INFO ][2016-01-19 18:47:47,941][com.java.TemplateGenerator] [  304] - Failed:0
[INFO ][2016-01-19 18:47:47,941][com.java.TemplateGenerator] [  305] - Skipeed:0
[INFO ][2016-01-19 18:47:47,941][com.java.TemplateGenerator] [  306] - Application URL:https://clients-xuat.bankersdashboard.com
[INFO ][2016-01-19 18:47:47,941][com.java.TemplateGenerator] [  307] - Start Time:011916_184406
[INFO ][2016-01-19 18:47:47,941][com.java.TemplateGenerator] [  308] -  Creating HTML Report 
[ERROR][2016-01-19 18:47:47,941][com.java.TemplateGenerator] [  409] - Unparseable date: "Tue Jan 19 06:44:06 IST 2016"
[INFO ][2016-01-19 18:47:47,941][com.java.TemplateGenerator] [  654] -  Exporting case :: 1
[INFO ][2016-01-19 18:47:47,941][com.java.TemplateGenerator] [  654] -  Exporting case :: 39
[INFO ][2016-01-19 18:47:47,941][com.java.SeleniumDriver] [ 1429] - End Time:011916_184747
[INFO ][2016-01-19 18:47:47,941][com.java.SeleniumDriver] [ 1432] - Data in Test Execution Details:{1=PASS, 39=PASS}
[INFO ][2016-01-19 18:47:47,941][com.java.SeleniumDriver] [ 1433] - Data in Failed Execution Deatils:{}
[INFO ][2016-01-19 18:47:47,941][com.java.SeleniumDriver] [ 1435] - ReportCounter:Total:2 :: PASS: 2 ::FAIL: 0
[INFO ][2016-01-19 18:47:47,941][com.java.SeleniumDriver] [ 1436] - FailedReportCounter:Total:0 :: PASS: 0 ::FAIL: 0
[INFO ][2016-01-19 18:47:47,951][com.java.EmailTestReport] [   63] - Sending report mail details:
[INFO ][2016-01-19 18:47:47,951][com.java.EmailTestReport] [   80] - Excel Report Path:D:\BankersDashboard/TestReports/Test Results_BankersDashBoard_011916_184406_IE10_United Bank.xls
[INFO ][2016-01-19 18:47:47,951][com.java.EmailTestReport] [   81] - HTML Report Path:D:\BankersDashboard//TestReports//Test Results_BankersDashBoard_011916_184406_IE10_United Bank.html
[INFO ][2016-01-19 18:47:47,951][com.java.EmailTestReport] [   82] - smtpHostName:mail01.valuelabs.com
[INFO ][2016-01-19 18:47:47,951][com.java.EmailTestReport] [   83] - Recipient:venkateswararao.gubbala@valuelabs.com;
[INFO ][2016-01-19 18:47:47,951][com.java.EmailTestReport] [   84] - From:venkateswararao.gubbala@valuelabs.com;
[INFO ][2016-01-19 18:47:47,951][com.java.EmailTestReport] [   85] - Subject:Deluxe Corp Bankers Dashboard Automation Test Report - United Bank - IE10
[INFO ][2016-01-19 18:47:47,972][com.java.EmailTestReport] [  143] -  Added venkateswararao.gubbala@valuelabs.com
[INFO ][2016-01-19 18:47:51,332][com.java.SeleniumDriver] [  722] - quitting the browser 
[INFO ][2016-01-19 18:47:53,064][com.java.SeleniumDriver] [  264] - Execution Completed Stopping the thread
