[INFO ][2015-11-03 15:13:53,186][com.java.SeleniumDriver] [  213] - Execute Failed Casesfalse
[INFO ][2015-11-03 15:13:53,191][com.java.SeleniumDriver] [  214] - Browser: IE11
[INFO ][2015-11-03 15:13:53,191][com.java.SeleniumDriver] [  215] - [1, 9]
[INFO ][2015-11-03 15:13:53,191][com.java.SeleniumDriver] [  216] - Total TestCases:2
[INFO ][2015-11-03 15:13:53,191][com.java.SeleniumDriver] [  217] -  Reading Properties from Property File 
[DEBUG][2015-11-03 15:13:53,192][com.java.SeleniumDriver] [  238] - url : https://clients-xuat.bankersdashboard.com
[INFO ][2015-11-03 15:13:53,193][com.java.ImportnExport.ExportTestResultsExcel] [  116] - Time Stamp Tue Nov 03 03:13:53 IST 2015
[INFO ][2015-11-03 15:13:53,193][com.java.ImportnExport.ExportTestResultsExcel] [  175] - OUT FILE : D:\BankersDashboard/TestReports/Test Results_BankersDashBoard_110315_151353_IE11_Any Bank USA.xls
[INFO ][2015-11-03 15:13:53,220][com.java.ImportnExport.ExportTestResultsExcel] [  180] - Test Result file is created
[DEBUG][2015-11-03 15:13:53,320][com.java.SeleniumDriver] [  425] - Hub ip address is-------172.17.68.34
[INFO ][2015-11-03 15:13:53,321][com.java.SeleniumDriver] [  451] - Grid URL:http://172.17.68.34:4444/wd/hub
[INFO ][2015-11-03 15:13:53,321][com.java.SeleniumDriver] [  452] - Capability:Capabilities [{platform=ANY, ensureCleanSession=true, ignoreProtectedModeSettings=true, acceptSslCerts=true, ignoreZoomSetting=true, browserName=internet explorer, browserstack.ie.noFlash=true, version=Node1}]
[ERROR][2015-11-03 15:13:54,634][com.java.SeleniumDriver] [  496] - Unable invoke browser in grid:Could not start a new session. Possible causes are invalid address of the remote server or browser start-up failure.
Build info: version: '2.48.2', revision: '41bccdd', time: '2015-10-09 19:59:12'
System info: host: 'FVTIII438F1D', ip: '172.17.68.34', os.name: 'Windows 7', os.arch: 'x86', os.version: '6.1', java.version: '1.7.0_55'
Driver info: driver.version: SeleniumDriver
[INFO ][2015-11-03 15:13:54,634][com.java.SeleniumDriver] [  498] - Executing on local machine
[INFO ][2015-11-03 15:14:03,859][com.java.SeleniumDriver] [  248] - IE11is opened
[INFO ][2015-11-03 15:14:04,535][com.java.SeleniumDriver] [  752] - Test cases to be executed are: [1, 9]
[INFO ][2015-11-03 15:14:04,535][com.java.ImportnExport.ImportTestDataDetailsExcel] [   49] - test data details path===== D:\BankersDashboard\TestInputs\TestData.xls
[INFO ][2015-11-03 15:14:15,344][com.java.SeleniumDriver] [  788] - ------------------------------------------
[INFO ][2015-11-03 15:14:15,344][com.java.SeleniumDriver] [  789] - Test case being Executed: 1
[INFO ][2015-11-03 15:14:15,360][com.java.SeleniumDriver] [  800] - Test step:1
[INFO ][2015-11-03 15:14:15,360][com.java.SeleniumDriver] [  812] - Datavalue is----------Concept#1:1-14
[INFO ][2015-11-03 15:14:15,360][com.java.SeleniumDriver] [  836] - DataField : test
[INFO ][2015-11-03 15:14:15,360][com.java.SeleniumDriver] [  838] - DataValue : Concept#1:1-14
[INFO ][2015-11-03 15:14:15,360][com.java.SeleniumDriver] [  844] - <In Set values of the page>
[INFO ][2015-11-03 15:14:15,360][com.java.SeleniumDriver] [  847] - {Data Fields & Data Values Exist}
[INFO ][2015-11-03 15:14:15,360][com.java.SeleniumDriver] [  849] - --------------------------setting values-----------------------------
[INFO ][2015-11-03 15:14:15,360][com.java.SeleniumDriver] [  852] - Action Type : ExecuteTestCase
[INFO ][2015-11-03 15:14:15,378][com.java.TestType] [  411] - The Concept sheet name is ---------- Concept
[INFO ][2015-11-03 15:14:15,378][com.java.TestType] [  414] - The Concept ID  is ---------- 1
[DEBUG][2015-11-03 15:14:15,379][com.java.TestType] [  418] - Steps being executted in the Concept are: 1:14
[INFO ][2015-11-03 15:14:15,379][com.java.TestType] [  425] - Test data details path ---------- D:\BankersDashboard\TestInputs\TestData.xls
[INFO ][2015-11-03 15:14:15,410][com.java.TestType] [  456] -  str(1) = 1
[INFO ][2015-11-03 15:14:15,410][com.java.TestType] [  459] - Test case Id is---1
[INFO ][2015-11-03 15:14:15,410][com.java.TestType] [  461] - 1
[INFO ][2015-11-03 15:14:15,410][com.java.TestType] [  456] -  str(2) = 1
[INFO ][2015-11-03 15:14:15,412][com.java.TestType] [  508] - row values are--------{1=com.java.Objects.TestDataDetails@168e0e7}
[INFO ][2015-11-03 15:14:15,413][com.java.TestType] [  456] -  str(1) = 1
[INFO ][2015-11-03 15:14:15,413][com.java.TestType] [  459] - Test case Id is---1
[INFO ][2015-11-03 15:14:15,413][com.java.TestType] [  461] - 1
[INFO ][2015-11-03 15:14:15,413][com.java.TestType] [  456] -  str(2) = 2
[INFO ][2015-11-03 15:14:15,416][com.java.TestType] [  508] - row values are--------{1=com.java.Objects.TestDataDetails@168e0e7, 2=com.java.Objects.TestDataDetails@1bf57bb}
[INFO ][2015-11-03 15:14:15,416][com.java.TestType] [  456] -  str(1) = 1
[INFO ][2015-11-03 15:14:15,416][com.java.TestType] [  459] - Test case Id is---1
[INFO ][2015-11-03 15:14:15,416][com.java.TestType] [  461] - 1
[INFO ][2015-11-03 15:14:15,416][com.java.TestType] [  456] -  str(2) = 3
[INFO ][2015-11-03 15:14:15,417][com.java.TestType] [  508] - row values are--------{1=com.java.Objects.TestDataDetails@168e0e7, 2=com.java.Objects.TestDataDetails@1bf57bb, 3=com.java.Objects.TestDataDetails@f5bb3d}
[INFO ][2015-11-03 15:14:15,417][com.java.TestType] [  456] -  str(1) = 1
[INFO ][2015-11-03 15:14:15,418][com.java.TestType] [  459] - Test case Id is---1
[INFO ][2015-11-03 15:14:15,418][com.java.TestType] [  461] - 1
[INFO ][2015-11-03 15:14:15,418][com.java.TestType] [  456] -  str(2) = 4
[INFO ][2015-11-03 15:14:15,419][com.java.TestType] [  508] - row values are--------{1=com.java.Objects.TestDataDetails@168e0e7, 2=com.java.Objects.TestDataDetails@1bf57bb, 3=com.java.Objects.TestDataDetails@f5bb3d, 4=com.java.Objects.TestDataDetails@945083}
[INFO ][2015-11-03 15:14:15,419][com.java.TestType] [  456] -  str(1) = 1
[INFO ][2015-11-03 15:14:15,419][com.java.TestType] [  459] - Test case Id is---1
[INFO ][2015-11-03 15:14:15,419][com.java.TestType] [  461] - 1
[INFO ][2015-11-03 15:14:15,420][com.java.TestType] [  456] -  str(2) = 5
[INFO ][2015-11-03 15:14:15,421][com.java.TestType] [  508] - row values are--------{1=com.java.Objects.TestDataDetails@168e0e7, 2=com.java.Objects.TestDataDetails@1bf57bb, 3=com.java.Objects.TestDataDetails@f5bb3d, 4=com.java.Objects.TestDataDetails@945083, 5=com.java.Objects.TestDataDetails@1fc0cb0}
[INFO ][2015-11-03 15:14:15,421][com.java.TestType] [  456] -  str(1) = 1
[INFO ][2015-11-03 15:14:15,421][com.java.TestType] [  459] - Test case Id is---1
[INFO ][2015-11-03 15:14:15,421][com.java.TestType] [  461] - 1
[INFO ][2015-11-03 15:14:15,421][com.java.TestType] [  456] -  str(2) = 6
[INFO ][2015-11-03 15:14:15,422][com.java.TestType] [  508] - row values are--------{1=com.java.Objects.TestDataDetails@168e0e7, 2=com.java.Objects.TestDataDetails@1bf57bb, 3=com.java.Objects.TestDataDetails@f5bb3d, 4=com.java.Objects.TestDataDetails@945083, 5=com.java.Objects.TestDataDetails@1fc0cb0, 6=com.java.Objects.TestDataDetails@1183515}
[INFO ][2015-11-03 15:14:15,422][com.java.TestType] [  456] -  str(1) = 1
[INFO ][2015-11-03 15:14:15,422][com.java.TestType] [  459] - Test case Id is---1
[INFO ][2015-11-03 15:14:15,422][com.java.TestType] [  461] - 1
[INFO ][2015-11-03 15:14:15,422][com.java.TestType] [  456] -  str(2) = 7
[INFO ][2015-11-03 15:14:15,423][com.java.TestType] [  508] - row values are--------{1=com.java.Objects.TestDataDetails@168e0e7, 2=com.java.Objects.TestDataDetails@1bf57bb, 3=com.java.Objects.TestDataDetails@f5bb3d, 4=com.java.Objects.TestDataDetails@945083, 5=com.java.Objects.TestDataDetails@1fc0cb0, 6=com.java.Objects.TestDataDetails@1183515, 7=com.java.Objects.TestDataDetails@15eb475}
[INFO ][2015-11-03 15:14:15,423][com.java.TestType] [  456] -  str(1) = 1
[INFO ][2015-11-03 15:14:15,423][com.java.TestType] [  459] - Test case Id is---1
[INFO ][2015-11-03 15:14:15,423][com.java.TestType] [  461] - 1
[INFO ][2015-11-03 15:14:15,424][com.java.TestType] [  456] -  str(2) = 8
[INFO ][2015-11-03 15:14:15,426][com.java.TestType] [  508] - row values are--------{1=com.java.Objects.TestDataDetails@168e0e7, 2=com.java.Objects.TestDataDetails@1bf57bb, 3=com.java.Objects.TestDataDetails@f5bb3d, 4=com.java.Objects.TestDataDetails@945083, 5=com.java.Objects.TestDataDetails@1fc0cb0, 6=com.java.Objects.TestDataDetails@1183515, 7=com.java.Objects.TestDataDetails@15eb475, 8=com.java.Objects.TestDataDetails@193c96b}
[INFO ][2015-11-03 15:14:15,426][com.java.TestType] [  456] -  str(1) = 1
[INFO ][2015-11-03 15:14:15,426][com.java.TestType] [  459] - Test case Id is---1
[INFO ][2015-11-03 15:14:15,426][com.java.TestType] [  461] - 1
[INFO ][2015-11-03 15:14:15,426][com.java.TestType] [  456] -  str(2) = 9
[INFO ][2015-11-03 15:14:15,427][com.java.TestType] [  508] - row values are--------{1=com.java.Objects.TestDataDetails@168e0e7, 2=com.java.Objects.TestDataDetails@1bf57bb, 3=com.java.Objects.TestDataDetails@f5bb3d, 4=com.java.Objects.TestDataDetails@945083, 5=com.java.Objects.TestDataDetails@1fc0cb0, 6=com.java.Objects.TestDataDetails@1183515, 7=com.java.Objects.TestDataDetails@15eb475, 8=com.java.Objects.TestDataDetails@193c96b, 9=com.java.Objects.TestDataDetails@1ba3e33}
[INFO ][2015-11-03 15:14:15,427][com.java.TestType] [  456] -  str(1) = 1
[INFO ][2015-11-03 15:14:15,427][com.java.TestType] [  459] - Test case Id is---1
[INFO ][2015-11-03 15:14:15,427][com.java.TestType] [  461] - 1
[INFO ][2015-11-03 15:14:15,427][com.java.TestType] [  456] -  str(2) = 10
[INFO ][2015-11-03 15:14:15,428][com.java.TestType] [  508] - row values are--------{1=com.java.Objects.TestDataDetails@168e0e7, 2=com.java.Objects.TestDataDetails@1bf57bb, 3=com.java.Objects.TestDataDetails@f5bb3d, 4=com.java.Objects.TestDataDetails@945083, 5=com.java.Objects.TestDataDetails@1fc0cb0, 6=com.java.Objects.TestDataDetails@1183515, 7=com.java.Objects.TestDataDetails@15eb475, 8=com.java.Objects.TestDataDetails@193c96b, 9=com.java.Objects.TestDataDetails@1ba3e33, 10=com.java.Objects.TestDataDetails@1ddbf6e}
[INFO ][2015-11-03 15:14:15,428][com.java.TestType] [  456] -  str(1) = 1
[INFO ][2015-11-03 15:14:15,428][com.java.TestType] [  459] - Test case Id is---1
[INFO ][2015-11-03 15:14:15,428][com.java.TestType] [  461] - 1
[INFO ][2015-11-03 15:14:15,428][com.java.TestType] [  456] -  str(2) = 11
[INFO ][2015-11-03 15:14:15,429][com.java.TestType] [  508] - row values are--------{1=com.java.Objects.TestDataDetails@168e0e7, 2=com.java.Objects.TestDataDetails@1bf57bb, 3=com.java.Objects.TestDataDetails@f5bb3d, 4=com.java.Objects.TestDataDetails@945083, 5=com.java.Objects.TestDataDetails@1fc0cb0, 6=com.java.Objects.TestDataDetails@1183515, 7=com.java.Objects.TestDataDetails@15eb475, 8=com.java.Objects.TestDataDetails@193c96b, 9=com.java.Objects.TestDataDetails@1ba3e33, 10=com.java.Objects.TestDataDetails@1ddbf6e, 11=com.java.Objects.TestDataDetails@110b9b2}
[INFO ][2015-11-03 15:14:15,429][com.java.TestType] [  456] -  str(1) = 1
[INFO ][2015-11-03 15:14:15,429][com.java.TestType] [  459] - Test case Id is---1
[INFO ][2015-11-03 15:14:15,429][com.java.TestType] [  461] - 1
[INFO ][2015-11-03 15:14:15,429][com.java.TestType] [  456] -  str(2) = 12
[INFO ][2015-11-03 15:14:15,430][com.java.TestType] [  508] - row values are--------{1=com.java.Objects.TestDataDetails@168e0e7, 2=com.java.Objects.TestDataDetails@1bf57bb, 3=com.java.Objects.TestDataDetails@f5bb3d, 4=com.java.Objects.TestDataDetails@945083, 5=com.java.Objects.TestDataDetails@1fc0cb0, 6=com.java.Objects.TestDataDetails@1183515, 7=com.java.Objects.TestDataDetails@15eb475, 8=com.java.Objects.TestDataDetails@193c96b, 9=com.java.Objects.TestDataDetails@1ba3e33, 10=com.java.Objects.TestDataDetails@1ddbf6e, 11=com.java.Objects.TestDataDetails@110b9b2, 12=com.java.Objects.TestDataDetails@1cae761}
[INFO ][2015-11-03 15:14:15,430][com.java.TestType] [  456] -  str(1) = 1
[INFO ][2015-11-03 15:14:15,430][com.java.TestType] [  459] - Test case Id is---1
[INFO ][2015-11-03 15:14:15,430][com.java.TestType] [  461] - 1
[INFO ][2015-11-03 15:14:15,431][com.java.TestType] [  456] -  str(2) = 13
[INFO ][2015-11-03 15:14:15,431][com.java.TestType] [  508] - row values are--------{1=com.java.Objects.TestDataDetails@168e0e7, 2=com.java.Objects.TestDataDetails@1bf57bb, 3=com.java.Objects.TestDataDetails@f5bb3d, 4=com.java.Objects.TestDataDetails@945083, 5=com.java.Objects.TestDataDetails@1fc0cb0, 6=com.java.Objects.TestDataDetails@1183515, 7=com.java.Objects.TestDataDetails@15eb475, 8=com.java.Objects.TestDataDetails@193c96b, 9=com.java.Objects.TestDataDetails@1ba3e33, 10=com.java.Objects.TestDataDetails@1ddbf6e, 11=com.java.Objects.TestDataDetails@110b9b2, 12=com.java.Objects.TestDataDetails@1cae761, 13=com.java.Objects.TestDataDetails@abd44}
[INFO ][2015-11-03 15:14:15,431][com.java.TestType] [  456] -  str(1) = 1
[INFO ][2015-11-03 15:14:15,431][com.java.TestType] [  459] - Test case Id is---1
[INFO ][2015-11-03 15:14:15,432][com.java.TestType] [  461] - 1
[INFO ][2015-11-03 15:14:15,432][com.java.TestType] [  456] -  str(2) = 14
[INFO ][2015-11-03 15:14:15,432][com.java.TestType] [  508] - row values are--------{1=com.java.Objects.TestDataDetails@168e0e7, 2=com.java.Objects.TestDataDetails@1bf57bb, 3=com.java.Objects.TestDataDetails@f5bb3d, 4=com.java.Objects.TestDataDetails@945083, 5=com.java.Objects.TestDataDetails@1fc0cb0, 6=com.java.Objects.TestDataDetails@1183515, 7=com.java.Objects.TestDataDetails@15eb475, 8=com.java.Objects.TestDataDetails@193c96b, 9=com.java.Objects.TestDataDetails@1ba3e33, 10=com.java.Objects.TestDataDetails@1ddbf6e, 11=com.java.Objects.TestDataDetails@110b9b2, 12=com.java.Objects.TestDataDetails@1cae761, 13=com.java.Objects.TestDataDetails@abd44, 14=com.java.Objects.TestDataDetails@90555f}
[INFO ][2015-11-03 15:14:15,432][com.java.TestType] [ 7899] - Looping 1TCID = 1
[DEBUG][2015-11-03 15:14:15,433][com.java.TestType] [ 7940] - Concept ID:1 :: Step being Executed: 1::1
[INFO ][2015-11-03 15:14:15,433][com.java.TestType] [ 7978] - dataFields : TXTusername
[DEBUG][2015-11-03 15:14:15,433][com.java.TestType] [ 7984] - <In Set values of the page>
[DEBUG][2015-11-03 15:14:15,433][com.java.TestType] [ 7989] - {Data Fields & Data Values Exist}
[INFO ][2015-11-03 15:14:15,433][com.java.TestType] [ 7995] - --------------------------setting values-----------------------------
[INFO ][2015-11-03 15:14:15,433][com.java.TestType] [ 7998] - Action Type : CLEARANDENTER
[INFO ][2015-11-03 15:14:15,435][com.java.TestType] [ 3750] - value = naresh.nayini.00000
[INFO ][2015-11-03 15:14:20,259][com.java.TestType] [ 8017] -  RESULT true
[INFO ][2015-11-03 15:14:20,259][com.java.TestType] [ 8134] - ?   P A S S   ?
[DEBUG][2015-11-03 15:14:20,259][com.java.TestType] [ 7940] - Concept ID:1 :: Step being Executed: 1::2
[INFO ][2015-11-03 15:14:20,259][com.java.TestType] [ 7978] - dataFields : TXTpassword
[DEBUG][2015-11-03 15:14:20,259][com.java.TestType] [ 7984] - <In Set values of the page>
[DEBUG][2015-11-03 15:14:20,259][com.java.TestType] [ 7989] - {Data Fields & Data Values Exist}
[INFO ][2015-11-03 15:14:20,259][com.java.TestType] [ 7995] - --------------------------setting values-----------------------------
[INFO ][2015-11-03 15:14:20,260][com.java.TestType] [ 7998] - Action Type : CLEARANDENTER
[INFO ][2015-11-03 15:14:20,260][com.java.TestType] [ 3750] - value = Password1*
[INFO ][2015-11-03 15:14:25,170][com.java.TestType] [ 8017] -  RESULT true
[INFO ][2015-11-03 15:14:25,170][com.java.TestType] [ 8134] - ?   P A S S   ?
[DEBUG][2015-11-03 15:14:25,170][com.java.TestType] [ 7940] - Concept ID:1 :: Step being Executed: 1::3
[ERROR][2015-11-03 15:14:25,170][com.java.TestType] [ 7973] - Exception: null
[INFO ][2015-11-03 15:14:25,170][com.java.TestType] [ 7978] - dataFields : XPH//button[@type='submit']
[DEBUG][2015-11-03 15:14:25,170][com.java.TestType] [ 7984] - <In Set values of the page>
[DEBUG][2015-11-03 15:14:25,170][com.java.TestType] [ 7989] - {Data Fields & Data Values Exist}
[INFO ][2015-11-03 15:14:25,170][com.java.TestType] [ 7995] - --------------------------setting values-----------------------------
[INFO ][2015-11-03 15:14:25,171][com.java.TestType] [ 7998] - Action Type : Click
[INFO ][2015-11-03 15:14:25,171][com.java.TestType] [ 4063] - Field ::XPH//button[@type='submit']
[INFO ][2015-11-03 15:14:26,171][com.java.TestType] [ 4122] - BEFORE CLICK
[INFO ][2015-11-03 15:14:30,914][com.java.TestType] [ 4130] - Unable to click the object Login
[INFO ][2015-11-03 15:14:30,914][com.java.TestType] [ 8017] -  RESULT true
[INFO ][2015-11-03 15:14:30,914][com.java.TestType] [ 8134] - ?   P A S S   ?
[DEBUG][2015-11-03 15:14:30,914][com.java.TestType] [ 7940] - Concept ID:1 :: Step being Executed: 1::4
[INFO ][2015-11-03 15:14:30,914][com.java.TestType] [ 7978] - dataFields : LNKLogout
[DEBUG][2015-11-03 15:14:30,914][com.java.TestType] [ 7984] - <In Set values of the page>
[DEBUG][2015-11-03 15:14:30,914][com.java.TestType] [ 7989] - {Data Fields & Data Values Exist}
[INFO ][2015-11-03 15:14:30,914][com.java.TestType] [ 7995] - --------------------------setting values-----------------------------
[INFO ][2015-11-03 15:14:30,914][com.java.TestType] [ 7998] - Action Type : WaitForElement
[INFO ][2015-11-03 15:14:30,958][com.java.TestType] [ 8017] -  RESULT true
[INFO ][2015-11-03 15:14:30,958][com.java.TestType] [ 8134] - ?   P A S S   ?
[DEBUG][2015-11-03 15:14:30,958][com.java.TestType] [ 7940] - Concept ID:1 :: Step being Executed: 1::13
[INFO ][2015-11-03 15:14:30,958][com.java.TestType] [ 7978] - dataFields : LGN
[DEBUG][2015-11-03 15:14:30,958][com.java.TestType] [ 7984] - <In Set values of the page>
[DEBUG][2015-11-03 15:14:30,958][com.java.TestType] [ 7989] - {Data Fields & Data Values Exist}
[INFO ][2015-11-03 15:14:30,959][com.java.TestType] [ 7995] - --------------------------setting values-----------------------------
[INFO ][2015-11-03 15:14:30,959][com.java.TestType] [ 7998] - Action Type : Verify
[INFO ][2015-11-03 15:14:30,959][com.java.TestType] [ 4876] - field= LGN value= Username
[INFO ][2015-11-03 15:14:30,960][com.java.TestType] [ 3750] - value = Username
[INFO ][2015-11-03 15:14:31,116][com.java.TestType] [ 8017] -  RESULT true
[INFO ][2015-11-03 15:14:31,116][com.java.TestType] [ 8134] - ?   P A S S   ?
[DEBUG][2015-11-03 15:14:31,116][com.java.TestType] [ 7940] - Concept ID:1 :: Step being Executed: 1::14
[INFO ][2015-11-03 15:14:31,116][com.java.TestType] [ 7978] - dataFields : BTN
[DEBUG][2015-11-03 15:14:31,116][com.java.TestType] [ 7984] - <In Set values of the page>
[DEBUG][2015-11-03 15:14:31,116][com.java.TestType] [ 7989] - {Data Fields & Data Values Exist}
[INFO ][2015-11-03 15:14:31,116][com.java.TestType] [ 7995] - --------------------------setting values-----------------------------
[INFO ][2015-11-03 15:14:31,116][com.java.TestType] [ 7998] - Action Type : Verify
[INFO ][2015-11-03 15:14:31,117][com.java.TestType] [ 4876] - field= BTN value= //img[contains(@src,'bdlogo.jpg')]
[INFO ][2015-11-03 15:14:31,117][com.java.TestType] [ 3750] - value = //img[contains(@src,'bdlogo.jpg')]
[INFO ][2015-11-03 15:14:31,151][com.java.TestType] [ 8017] -  RESULT true
[INFO ][2015-11-03 15:14:31,151][com.java.TestType] [ 8134] - ?   P A S S   ?
[INFO ][2015-11-03 15:14:31,151][com.java.TestType] [ 8205] - Looping End......
[INFO ][2015-11-03 15:14:31,155][com.java.SeleniumDriver] [  861] -  RESULT true
[INFO ][2015-11-03 15:14:31,155][com.java.SeleniumDriver] [ 1066] - ?   P A S S   ?
[INFO ][2015-11-03 15:14:31,155][com.java.SeleniumDriver] [  788] - ------------------------------------------
[INFO ][2015-11-03 15:14:31,155][com.java.SeleniumDriver] [  789] - Test case being Executed: 1
[INFO ][2015-11-03 15:14:31,155][com.java.SeleniumDriver] [  800] - Test step:2
[INFO ][2015-11-03 15:14:31,155][com.java.SeleniumDriver] [  812] - Datavalue is----------Concept#2:1-2
[INFO ][2015-11-03 15:14:31,155][com.java.SeleniumDriver] [  836] - DataField : test
[INFO ][2015-11-03 15:14:31,155][com.java.SeleniumDriver] [  838] - DataValue : Concept#2:1-2
[INFO ][2015-11-03 15:14:31,155][com.java.SeleniumDriver] [  844] - <In Set values of the page>
[INFO ][2015-11-03 15:14:31,155][com.java.SeleniumDriver] [  847] - {Data Fields & Data Values Exist}
[INFO ][2015-11-03 15:14:31,155][com.java.SeleniumDriver] [  849] - --------------------------setting values-----------------------------
[INFO ][2015-11-03 15:14:31,156][com.java.SeleniumDriver] [  852] - Action Type : ExecuteTestCase
[INFO ][2015-11-03 15:14:31,156][com.java.TestType] [  411] - The Concept sheet name is ---------- Concept
[INFO ][2015-11-03 15:14:31,156][com.java.TestType] [  414] - The Concept ID  is ---------- 2
[DEBUG][2015-11-03 15:14:31,156][com.java.TestType] [  418] - Steps being executted in the Concept are: 1:2
[INFO ][2015-11-03 15:14:31,156][com.java.TestType] [  425] - Test data details path ---------- D:\BankersDashboard\TestInputs\TestData.xls
[INFO ][2015-11-03 15:14:31,191][com.java.TestType] [  456] -  str(1) = 2
[INFO ][2015-11-03 15:14:31,191][com.java.TestType] [  459] - Test case Id is---2
[INFO ][2015-11-03 15:14:31,191][com.java.TestType] [  461] - 2
[INFO ][2015-11-03 15:14:31,191][com.java.TestType] [  456] -  str(2) = 1
[INFO ][2015-11-03 15:14:31,193][com.java.TestType] [  508] - row values are--------{1=com.java.Objects.TestDataDetails@171dd3}
[INFO ][2015-11-03 15:14:31,193][com.java.TestType] [  456] -  str(1) = 2
[INFO ][2015-11-03 15:14:31,193][com.java.TestType] [  459] - Test case Id is---2
[INFO ][2015-11-03 15:14:31,193][com.java.TestType] [  461] - 2
[INFO ][2015-11-03 15:14:31,193][com.java.TestType] [  456] -  str(2) = 2
[INFO ][2015-11-03 15:14:31,194][com.java.TestType] [  508] - row values are--------{1=com.java.Objects.TestDataDetails@171dd3, 2=com.java.Objects.TestDataDetails@81ee9f}
[INFO ][2015-11-03 15:14:31,194][com.java.TestType] [  456] -  str(1) = 2
[INFO ][2015-11-03 15:14:31,194][com.java.TestType] [  459] - Test case Id is---2
[INFO ][2015-11-03 15:14:31,194][com.java.TestType] [  461] - 2
[INFO ][2015-11-03 15:14:31,194][com.java.TestType] [  456] -  str(2) = 3
[INFO ][2015-11-03 15:14:31,194][com.java.TestType] [  508] - row values are--------{1=com.java.Objects.TestDataDetails@171dd3, 2=com.java.Objects.TestDataDetails@81ee9f, 3=com.java.Objects.TestDataDetails@d20b9}
[INFO ][2015-11-03 15:14:31,195][com.java.TestType] [ 7899] - Looping 1TCID = 2
[DEBUG][2015-11-03 15:14:31,195][com.java.TestType] [ 7940] - Concept ID:2 :: Step being Executed: 2::1
[INFO ][2015-11-03 15:14:31,196][com.java.TestType] [ 7978] - dataFields : BNK//select[@id='bank']
[DEBUG][2015-11-03 15:14:31,196][com.java.TestType] [ 7984] - <In Set values of the page>
[DEBUG][2015-11-03 15:14:31,196][com.java.TestType] [ 7989] - {Data Fields & Data Values Exist}
[INFO ][2015-11-03 15:14:31,196][com.java.TestType] [ 7995] - --------------------------setting values-----------------------------
[INFO ][2015-11-03 15:14:31,196][com.java.TestType] [ 7998] - Action Type : Select
[INFO ][2015-11-03 15:14:31,196][com.java.TestType] [ 3750] - value = PFC
[INFO ][2015-11-03 15:14:31,396][com.java.TestType] [ 8017] -  RESULT true
[INFO ][2015-11-03 15:14:31,396][com.java.TestType] [ 8134] - ?   P A S S   ?
[DEBUG][2015-11-03 15:14:31,396][com.java.TestType] [ 7940] - Concept ID:2 :: Step being Executed: 2::2
[INFO ][2015-11-03 15:14:31,396][com.java.TestType] [ 7978] - dataFields : LNKLogout
[DEBUG][2015-11-03 15:14:31,396][com.java.TestType] [ 7984] - <In Set values of the page>
[DEBUG][2015-11-03 15:14:31,396][com.java.TestType] [ 7989] - {Data Fields & Data Values Exist}
[INFO ][2015-11-03 15:14:31,396][com.java.TestType] [ 7995] - --------------------------setting values-----------------------------
[INFO ][2015-11-03 15:14:31,396][com.java.TestType] [ 7998] - Action Type : WaitTime
[DEBUG][2015-11-03 15:14:31,397][com.java.TestType] [ 3654] - sleepTime: 5000
[INFO ][2015-11-03 15:14:36,398][com.java.TestType] [ 8017] -  RESULT true
[INFO ][2015-11-03 15:14:36,398][com.java.TestType] [ 8134] - ?   P A S S   ?
[INFO ][2015-11-03 15:14:36,398][com.java.TestType] [ 8205] - Looping End......
[INFO ][2015-11-03 15:14:36,402][com.java.SeleniumDriver] [  861] -  RESULT true
[INFO ][2015-11-03 15:14:36,403][com.java.SeleniumDriver] [ 1066] - ?   P A S S   ?
[INFO ][2015-11-03 15:14:36,403][com.java.SeleniumDriver] [  788] - ------------------------------------------
[INFO ][2015-11-03 15:14:36,403][com.java.SeleniumDriver] [  789] - Test case being Executed: 1
[INFO ][2015-11-03 15:14:36,403][com.java.SeleniumDriver] [  800] - Test step:3
[INFO ][2015-11-03 15:14:36,403][com.java.SeleniumDriver] [  812] - Datavalue is----------2
[INFO ][2015-11-03 15:14:36,403][com.java.SeleniumDriver] [  836] - DataField : XPH//button[contains(text(),'Add Content')]
[INFO ][2015-11-03 15:14:36,403][com.java.SeleniumDriver] [  838] - DataValue : 2
[INFO ][2015-11-03 15:14:36,403][com.java.SeleniumDriver] [  844] - <In Set values of the page>
[INFO ][2015-11-03 15:14:36,403][com.java.SeleniumDriver] [  847] - {Data Fields & Data Values Exist}
[INFO ][2015-11-03 15:14:36,403][com.java.SeleniumDriver] [  849] - --------------------------setting values-----------------------------
[INFO ][2015-11-03 15:14:36,403][com.java.SeleniumDriver] [  852] - Action Type : WAITFORELEMENT
[DEBUG][2015-11-03 15:14:38,546][com.java.TestType] [ 4616] - //button[contains(text(),'Add Content')]   :: Element not Found
[INFO ][2015-11-03 15:14:38,546][com.java.SeleniumDriver] [  861] -  RESULT false
[INFO ][2015-11-03 15:14:38,546][com.java.SeleniumDriver] [  908] - ?   F A I L   ?
[INFO ][2015-11-03 15:14:38,546][com.java.SeleniumDriver] [  916] - Browser Type : IE11
[INFO ][2015-11-03 15:14:38,546][com.java.SeleniumDriver] [  917] - Adding Failed case1
[INFO ][2015-11-03 15:14:39,188][com.java.SeleniumDriver] [ 1030] - failedCases = 1
[ERROR][2015-11-03 15:14:39,188][com.java.SeleniumDriver] [ 1516] - Platform Errors : Our apologies...::We have encountered an issue with your request.::Our apologies?:We encountered an issue with your request.
[INFO ][2015-11-03 15:14:39,188][com.java.SeleniumDriver] [ 1520] - Length =3
[ERROR][2015-11-03 15:14:39,188][com.java.SeleniumDriver] [ 1523] - Error 0 = Our apologies...
[DEBUG][2015-11-03 15:14:39,255][com.java.SeleniumDriver] [ 1536] - Unable to get the Platform Error list from Hash Map.
[DEBUG][2015-11-03 15:14:39,268][com.java.SeleniumDriver] [ 1168] - Case found
[DEBUG][2015-11-03 15:14:39,268][com.java.SeleniumDriver] [ 1173] - Incrementing ReportCounters[0]:1
[INFO ][2015-11-03 15:14:39,268][com.java.SeleniumDriver] [ 1192] - The results are-------------------[1, 3, Add Custom Calculation Indicator to Start Page, Fail, 
Test case failed at Step No. :: 3   Error Message ::  //button[contains(text(),'Add Content')]   :: Element not Found. Screen Shot : D:\BankersDashboard\TestReports\110315\1_110315_151438_IE11.png, Tue Nov 03 15:14:39 IST 2015]
[INFO ][2015-11-03 15:14:39,268][com.java.SeleniumDriver] [ 1196] - End time is-------48 sec
[INFO ][2015-11-03 15:14:39,268][com.java.SeleniumDriver] [ 1197] - The results are-------------------[1, 3, Add Custom Calculation Indicator to Start Page, Fail, 
Test case failed at Step No. :: 3   Error Message ::  //button[contains(text(),'Add Content')]   :: Element not Found. Screen Shot : D:\BankersDashboard\TestReports\110315\1_110315_151438_IE11.png, Tue Nov 03 15:14:39 IST 2015]
[DEBUG][2015-11-03 15:14:39,269][com.java.ImportnExport.ExportTestResultsExcel] [  222] - testResultPath = D:\BankersDashboard/TestReports/Test Results_BankersDashBoard_110315_151353_IE11_Any Bank USA.xls
[DEBUG][2015-11-03 15:14:39,269][com.java.ImportnExport.ExportTestResultsExcel] [  223] - browser is------------IE11
[DEBUG][2015-11-03 15:14:39,310][com.java.ImportnExport.ExportTestResultsExcel] [  270] - result.size() = 6
[DEBUG][2015-11-03 15:14:39,310][com.java.ImportnExport.ExportTestResultsExcel] [  274] - No of rows in sheet=1
[DEBUG][2015-11-03 15:14:39,310][com.java.ImportnExport.ExportTestResultsExcel] [  301] - ..in export..1
[DEBUG][2015-11-03 15:14:39,311][com.java.ImportnExport.ExportTestResultsExcel] [  301] - ..in export..Add Custom Calculation Indicator to Start Page
[DEBUG][2015-11-03 15:14:39,311][com.java.ImportnExport.ExportTestResultsExcel] [  301] - ..in export..Fail
[DEBUG][2015-11-03 15:14:39,311][com.java.ImportnExport.ExportTestResultsExcel] [  301] - ..in export..
Test case failed at Step No. :: 3   Error Message ::  //button[contains(text(),'Add Content')]   :: Element not Found. Screen Shot : D:\BankersDashboard\TestReports\110315\1_110315_151438_IE11.png
[DEBUG][2015-11-03 15:14:39,311][com.java.ImportnExport.ExportTestResultsExcel] [  301] - ..in export..Tue Nov 03 15:14:39 IST 2015
[INFO ][2015-11-03 15:14:39,312][com.java.SeleniumDriver] [ 1255] - out loop:0 size:2 TestCases:[1, 9] testcases:[1, 9]
[INFO ][2015-11-03 15:14:39,313][com.java.ImportnExport.ImportTestDataDetailsExcel] [   49] - test data details path===== D:\BankersDashboard\TestInputs\TestData.xls
[INFO ][2015-11-03 15:14:51,347][com.java.SeleniumDriver] [  788] - ------------------------------------------
[INFO ][2015-11-03 15:14:51,347][com.java.SeleniumDriver] [  789] - Test case being Executed: 9
[INFO ][2015-11-03 15:14:51,347][com.java.SeleniumDriver] [  800] - Test step:1
[INFO ][2015-11-03 15:14:51,347][com.java.SeleniumDriver] [  812] - Datavalue is----------Logout
[INFO ][2015-11-03 15:14:51,347][com.java.SeleniumDriver] [  836] - DataField : BTN
[INFO ][2015-11-03 15:14:51,347][com.java.SeleniumDriver] [  838] - DataValue : Logout
[INFO ][2015-11-03 15:14:51,347][com.java.SeleniumDriver] [  844] - <In Set values of the page>
[INFO ][2015-11-03 15:14:51,347][com.java.SeleniumDriver] [  847] - {Data Fields & Data Values Exist}
[INFO ][2015-11-03 15:14:51,347][com.java.SeleniumDriver] [  849] - --------------------------setting values-----------------------------
[INFO ][2015-11-03 15:14:51,347][com.java.SeleniumDriver] [  852] - Action Type : Verify
[INFO ][2015-11-03 15:14:51,347][com.java.TestType] [ 4876] - field= BTN value= Logout
[INFO ][2015-11-03 15:14:51,347][com.java.TestType] [ 3750] - value = Logout
[INFO ][2015-11-03 15:14:51,383][com.java.SeleniumDriver] [  861] -  RESULT true
[INFO ][2015-11-03 15:14:51,383][com.java.SeleniumDriver] [ 1066] - ?   P A S S   ?
[INFO ][2015-11-03 15:14:51,383][com.java.SeleniumDriver] [ 1108] - step change to 3
[INFO ][2015-11-03 15:14:51,383][com.java.SeleniumDriver] [  788] - ------------------------------------------
[INFO ][2015-11-03 15:14:51,383][com.java.SeleniumDriver] [  789] - Test case being Executed: 9
[INFO ][2015-11-03 15:14:51,383][com.java.SeleniumDriver] [  800] - Test step:3
[INFO ][2015-11-03 15:14:51,383][com.java.SeleniumDriver] [  812] - Datavalue is----------null
[DEBUG][2015-11-03 15:14:51,384][com.java.SeleniumDriver] [  830] - Exception: null
[INFO ][2015-11-03 15:14:51,384][com.java.SeleniumDriver] [  836] - DataField : //span[@class='icon-hammer']&&//a[text()='Custom Calculations']
[INFO ][2015-11-03 15:14:51,384][com.java.SeleniumDriver] [  838] - DataValue : 
[INFO ][2015-11-03 15:14:51,384][com.java.SeleniumDriver] [  844] - <In Set values of the page>
[INFO ][2015-11-03 15:14:51,384][com.java.SeleniumDriver] [  847] - {Data Fields & Data Values Exist}
[INFO ][2015-11-03 15:14:51,384][com.java.SeleniumDriver] [  849] - --------------------------setting values-----------------------------
[INFO ][2015-11-03 15:14:51,384][com.java.SeleniumDriver] [  852] - Action Type : MOUSEOVER
[DEBUG][2015-11-03 15:14:54,454][com.java.TestType] [ 4616] - //span[@class='icon-hammer']   :: Element not Found
[ERROR][2015-11-03 15:14:55,587][com.java.TestType] [  930] - exception value : Modal dialog present: An unexpected error has occurred.  The error is...

Internal Server Error

Please contact us so that we can resolve this issue as soon as possible.
Build info: version: '2.48.2', revision: '41bccdd', time: '2015-10-09 19:59:12'
System info: host: 'FVTIII438F1D', ip: '172.17.68.34', os.name: 'Windows 7', os.arch: 'x86', os.version: '6.1', java.version: '1.7.0_55'
Session ID: ca4387b2-bdf9-4a26-83b0-ba78f0f0324d
Driver info: org.openqa.selenium.ie.InternetExplorerDriver
Capabilities [{platform=WINDOWS, javascriptEnabled=true, elementScrollBehavior=0, ignoreZoomSetting=false, enablePersistentHover=true, ie.ensureCleanSession=false, browserName=internet explorer, enableElementCacheCleanup=true, unexpectedAlertBehaviour=dismiss, version=11, ie.usePerProcessProxy=false, ignoreProtectedModeSettings=true, cssSelectorsEnabled=true, requireWindowFocus=false, initialBrowserUrl=http://localhost:39067/, handlesAlerts=true, ie.forceCreateProcessApi=false, nativeEvents=true, browserAttachTimeout=0, ie.browserCommandLineSwitches=, takesScreenshot=true}]
[INFO ][2015-11-03 15:14:55,587][com.java.SeleniumDriver] [  861] -  RESULT false
[INFO ][2015-11-03 15:14:55,587][com.java.SeleniumDriver] [  908] - ?   F A I L   ?
[INFO ][2015-11-03 15:14:55,587][com.java.SeleniumDriver] [  916] - Browser Type : IE11
[INFO ][2015-11-03 15:14:55,587][com.java.SeleniumDriver] [  917] - Adding Failed case9
[INFO ][2015-11-03 15:14:56,871][com.java.SeleniumDriver] [ 1030] - failedCases = 1,9
[ERROR][2015-11-03 15:14:56,871][com.java.SeleniumDriver] [ 1516] - Platform Errors : Our apologies...::We have encountered an issue with your request.::Our apologies?:We encountered an issue with your request.
[INFO ][2015-11-03 15:14:56,872][com.java.SeleniumDriver] [ 1520] - Length =3
[ERROR][2015-11-03 15:14:56,872][com.java.SeleniumDriver] [ 1523] - Error 0 = Our apologies...
[ERROR][2015-11-03 15:14:56,947][com.java.SeleniumDriver] [ 1523] - Error 1 = We have encountered an issue with your request.
[ERROR][2015-11-03 15:14:56,982][com.java.SeleniumDriver] [ 1523] - Error 2 = Our apologies?:We encountered an issue with your request.
[DEBUG][2015-11-03 15:14:57,031][com.java.SeleniumDriver] [ 1168] - Case found
[DEBUG][2015-11-03 15:14:57,031][com.java.SeleniumDriver] [ 1173] - Incrementing ReportCounters[0]:2
[INFO ][2015-11-03 15:14:57,031][com.java.SeleniumDriver] [ 1192] - The results are-------------------[9, 3, Tools->Custom Calculations, Fail, 
Test case failed at Step No. :: 3   Error Message ::  Element: //span[@class='icon-hammer'] is not found. Screen Shot : D:\BankersDashboard\TestReports\110315\9_110315_151455_IE11.png, Tue Nov 03 15:14:57 IST 2015]
[INFO ][2015-11-03 15:14:57,031][com.java.SeleniumDriver] [ 1196] - End time is-------1 min 6 sec
[INFO ][2015-11-03 15:14:57,031][com.java.SeleniumDriver] [ 1197] - The results are-------------------[9, 3, Tools->Custom Calculations, Fail, 
Test case failed at Step No. :: 3   Error Message ::  Element: //span[@class='icon-hammer'] is not found. Screen Shot : D:\BankersDashboard\TestReports\110315\9_110315_151455_IE11.png, Tue Nov 03 15:14:57 IST 2015]
[DEBUG][2015-11-03 15:14:57,031][com.java.ImportnExport.ExportTestResultsExcel] [  222] - testResultPath = D:\BankersDashboard/TestReports/Test Results_BankersDashBoard_110315_151353_IE11_Any Bank USA.xls
[DEBUG][2015-11-03 15:14:57,031][com.java.ImportnExport.ExportTestResultsExcel] [  223] - browser is------------IE11
[DEBUG][2015-11-03 15:14:57,033][com.java.ImportnExport.ExportTestResultsExcel] [  270] - result.size() = 6
[DEBUG][2015-11-03 15:14:57,033][com.java.ImportnExport.ExportTestResultsExcel] [  274] - No of rows in sheet=2
[DEBUG][2015-11-03 15:14:57,033][com.java.ImportnExport.ExportTestResultsExcel] [  301] - ..in export..9
[DEBUG][2015-11-03 15:14:57,034][com.java.ImportnExport.ExportTestResultsExcel] [  301] - ..in export..Tools->Custom Calculations
[DEBUG][2015-11-03 15:14:57,034][com.java.ImportnExport.ExportTestResultsExcel] [  301] - ..in export..Fail
[DEBUG][2015-11-03 15:14:57,034][com.java.ImportnExport.ExportTestResultsExcel] [  301] - ..in export..
Test case failed at Step No. :: 3   Error Message ::  Element: //span[@class='icon-hammer'] is not found. Screen Shot : D:\BankersDashboard\TestReports\110315\9_110315_151455_IE11.png
[DEBUG][2015-11-03 15:14:57,035][com.java.ImportnExport.ExportTestResultsExcel] [  301] - ..in export..Tue Nov 03 15:14:57 IST 2015
[INFO ][2015-11-03 15:14:57,036][com.java.SeleniumDriver] [ 1255] - out loop:1 size:2 TestCases:[1, 9] testcases:[1, 9]
[INFO ][2015-11-03 15:14:59,036][com.java.SeleniumDriver] [ 1297] - Total Number of Cases:2
[INFO ][2015-11-03 15:14:59,036][com.java.TemplateGenerator] [  302] - Executed:2
[INFO ][2015-11-03 15:14:59,037][com.java.TemplateGenerator] [  303] - Passed:0
[INFO ][2015-11-03 15:14:59,037][com.java.TemplateGenerator] [  304] - Failed:2
[INFO ][2015-11-03 15:14:59,038][com.java.TemplateGenerator] [  305] - Skipeed:0
[INFO ][2015-11-03 15:14:59,038][com.java.TemplateGenerator] [  306] - Application URL:https://clients-xuat.bankersdashboard.com
[INFO ][2015-11-03 15:14:59,038][com.java.TemplateGenerator] [  307] - Start Time:110315_151353
[INFO ][2015-11-03 15:14:59,038][com.java.TemplateGenerator] [  308] -  Creating HTML Report 
[ERROR][2015-11-03 15:14:59,038][com.java.TemplateGenerator] [  409] - Unparseable date: "Tue Nov 03 03:13:53 IST 2015"
[INFO ][2015-11-03 15:14:59,038][com.java.TemplateGenerator] [  654] -  Exporting case :: 1
[INFO ][2015-11-03 15:14:59,039][com.java.TemplateGenerator] [  654] -  Exporting case :: 9
[INFO ][2015-11-03 15:14:59,043][com.java.SeleniumDriver] [ 1346] - End Time:110315_151459
[INFO ][2015-11-03 15:14:59,043][com.java.SeleniumDriver] [ 1349] - Data in Test Execution Details:{1=FAILTest case failed at Step No. :: 3   Error Message ::  //button[contains(text(),'Add Content')]   :: Element not Found, 9=FAILTest case failed at Step No. :: 3   Error Message ::  Element: //span[@class='icon-hammer'] is not found}
[INFO ][2015-11-03 15:14:59,043][com.java.SeleniumDriver] [ 1350] - Data in Failed Execution Deatils:{}
[INFO ][2015-11-03 15:14:59,043][com.java.SeleniumDriver] [ 1352] - ReportCounter:Total:2 :: PASS: 0 ::FAIL: 2
[INFO ][2015-11-03 15:14:59,043][com.java.SeleniumDriver] [ 1353] - FailedReportCounter:Total:0 :: PASS: 0 ::FAIL: 0
[INFO ][2015-11-03 15:14:59,050][com.java.EmailTestReport] [   63] - Sending report mail details:
[INFO ][2015-11-03 15:14:59,050][com.java.EmailTestReport] [   80] - Excel Report Path:D:\BankersDashboard/TestReports/Test Results_BankersDashBoard_110315_151353_IE11_Any Bank USA.xls
[INFO ][2015-11-03 15:14:59,050][com.java.EmailTestReport] [   81] - HTML Report Path:D:\BankersDashboard//TestReports//Test Results_BankersDashBoard_110315_151353_IE11_Any Bank USA.html
[INFO ][2015-11-03 15:14:59,050][com.java.EmailTestReport] [   82] - smtpHostName:mail01.valuelabs.com
[INFO ][2015-11-03 15:14:59,050][com.java.EmailTestReport] [   83] - Recipient:venkateswararao.gubbala@valuelabs.com
[INFO ][2015-11-03 15:14:59,050][com.java.EmailTestReport] [   84] - From:venkateswararao.gubbala@valuelabs.com
[INFO ][2015-11-03 15:14:59,050][com.java.EmailTestReport] [   85] - Subject:DestinationRewards Automation Test Report - Any Bank USA - IE11
[INFO ][2015-11-03 15:14:59,066][com.java.EmailTestReport] [  143] -  Added venkateswararao.gubbala@valuelabs.com
