[INFO ][2015-12-21 18:31:59,938][com.java.SeleniumDriver] [  213] - Execute Failed Casesfalse
[INFO ][2015-12-21 18:31:59,938][com.java.SeleniumDriver] [  214] - Browser: IE10
[INFO ][2015-12-21 18:31:59,938][com.java.SeleniumDriver] [  215] - [1, 26]
[INFO ][2015-12-21 18:31:59,938][com.java.SeleniumDriver] [  216] - Total TestCases:2
[INFO ][2015-12-21 18:31:59,938][com.java.SeleniumDriver] [  217] -  Reading Properties from Property File 
[DEBUG][2015-12-21 18:31:59,938][com.java.SeleniumDriver] [  238] - url : https://clients-xuat.bankersdashboard.com
[INFO ][2015-12-21 18:31:59,938][com.java.ImportnExport.ExportTestResultsExcel] [  116] - Time Stamp Mon Dec 21 06:31:59 IST 2015
[INFO ][2015-12-21 18:31:59,938][com.java.ImportnExport.ExportTestResultsExcel] [  175] - OUT FILE : D:\BankersDashboard/TestReports/Test Results_BankersDashBoard_122115_183159_IE10_Bank of North Carolina.xls
[INFO ][2015-12-21 18:31:59,969][com.java.ImportnExport.ExportTestResultsExcel] [  180] - Test Result file is created
[DEBUG][2015-12-21 18:32:00,079][com.java.SeleniumDriver] [  426] - Hub ip address is-------172.17.68.34
[INFO ][2015-12-21 18:32:00,079][com.java.SeleniumDriver] [  452] - Grid URL:http://172.17.68.34:4444/wd/hub
[INFO ][2015-12-21 18:32:00,079][com.java.SeleniumDriver] [  453] - Capability:Capabilities [{platform=ANY, ensureCleanSession=true, ignoreProtectedModeSettings=true, acceptSslCerts=true, ignoreZoomSetting=true, browserName=internet explorer, browserstack.ie.noFlash=true, version=null}]
[ERROR][2015-12-21 18:32:01,419][com.java.SeleniumDriver] [  497] - Unable invoke browser in grid:Could not start a new session. Possible causes are invalid address of the remote server or browser start-up failure.
Build info: version: '2.48.2', revision: '41bccdd', time: '2015-10-09 19:59:12'
System info: host: 'FVTIII438F1D', ip: '172.17.68.34', os.name: 'Windows 7', os.arch: 'x86', os.version: '6.1', java.version: '1.7.0_55'
Driver info: driver.version: SeleniumDriver
[INFO ][2015-12-21 18:32:01,419][com.java.SeleniumDriver] [  499] - Executing on local machine
[INFO ][2015-12-21 18:32:11,954][com.java.SeleniumDriver] [  248] - IE10is opened
[INFO ][2015-12-21 18:32:12,589][com.java.SeleniumDriver] [  754] - Test cases to be executed are: [1, 26]
[INFO ][2015-12-21 18:32:12,660][com.java.ImportnExport.ImportTestDataDetailsExcel] [   49] - test data details path===== D:\BankersDashboard\TestInputs\TestData.xls
[INFO ][2015-12-21 18:32:12,740][com.java.SeleniumDriver] [  821] - ------------------------------------------
[INFO ][2015-12-21 18:32:12,740][com.java.SeleniumDriver] [  822] - Test case being Executed: 1
[INFO ][2015-12-21 18:32:12,740][com.java.SeleniumDriver] [  833] - Test step:1
[INFO ][2015-12-21 18:32:12,740][com.java.SeleniumDriver] [  845] - Datavalue is----------Concept#1:1-16
[INFO ][2015-12-21 18:32:12,740][com.java.SeleniumDriver] [  869] - DataField : test
[INFO ][2015-12-21 18:32:12,740][com.java.SeleniumDriver] [  871] - DataValue : Concept#1:1-16
[INFO ][2015-12-21 18:32:12,740][com.java.SeleniumDriver] [  877] - <In Set values of the page>
[INFO ][2015-12-21 18:32:12,740][com.java.SeleniumDriver] [  880] - {Data Fields & Data Values Exist}
[INFO ][2015-12-21 18:32:12,740][com.java.SeleniumDriver] [  882] - --------------------------setting values-----------------------------
[INFO ][2015-12-21 18:32:12,740][com.java.SeleniumDriver] [  885] - Action Type : ExecuteTestCase
[INFO ][2015-12-21 18:32:12,770][com.java.TestType] [  437] - The Concept sheet name is ---------- Concept
[INFO ][2015-12-21 18:32:12,770][com.java.TestType] [  440] - The Concept ID  is ---------- 1
[DEBUG][2015-12-21 18:32:12,770][com.java.TestType] [  444] - Steps being executted in the Concept are: 1:16
[INFO ][2015-12-21 18:32:12,770][com.java.TestType] [  451] - Test data details path ---------- D:\BankersDashboard\TestInputs\TestData.xls
[INFO ][2015-12-21 18:32:12,810][com.java.TestType] [  482] -  str(1) = 1
[INFO ][2015-12-21 18:32:12,810][com.java.TestType] [  485] - Test case Id is---1
[INFO ][2015-12-21 18:32:12,810][com.java.TestType] [  487] - 1
[INFO ][2015-12-21 18:32:12,810][com.java.TestType] [  482] -  str(2) = 1
[INFO ][2015-12-21 18:32:12,810][com.java.TestType] [  534] - row values are--------{1=com.java.Objects.TestDataDetails@1aa4854}
[INFO ][2015-12-21 18:32:12,810][com.java.TestType] [  482] -  str(1) = 1
[INFO ][2015-12-21 18:32:12,810][com.java.TestType] [  485] - Test case Id is---1
[INFO ][2015-12-21 18:32:12,810][com.java.TestType] [  487] - 1
[INFO ][2015-12-21 18:32:12,810][com.java.TestType] [  482] -  str(2) = 2
[INFO ][2015-12-21 18:32:12,810][com.java.TestType] [  534] - row values are--------{1=com.java.Objects.TestDataDetails@1aa4854, 2=com.java.Objects.TestDataDetails@e6570a}
[INFO ][2015-12-21 18:32:12,810][com.java.TestType] [  482] -  str(1) = 1
[INFO ][2015-12-21 18:32:12,810][com.java.TestType] [  485] - Test case Id is---1
[INFO ][2015-12-21 18:32:12,810][com.java.TestType] [  487] - 1
[INFO ][2015-12-21 18:32:12,820][com.java.TestType] [  482] -  str(2) = 3
[INFO ][2015-12-21 18:32:12,820][com.java.TestType] [  534] - row values are--------{1=com.java.Objects.TestDataDetails@1aa4854, 2=com.java.Objects.TestDataDetails@e6570a, 3=com.java.Objects.TestDataDetails@164976a}
[INFO ][2015-12-21 18:32:12,820][com.java.TestType] [  482] -  str(1) = 1
[INFO ][2015-12-21 18:32:12,820][com.java.TestType] [  485] - Test case Id is---1
[INFO ][2015-12-21 18:32:12,820][com.java.TestType] [  487] - 1
[INFO ][2015-12-21 18:32:12,820][com.java.TestType] [  482] -  str(2) = 4
[INFO ][2015-12-21 18:32:12,820][com.java.TestType] [  534] - row values are--------{1=com.java.Objects.TestDataDetails@1aa4854, 2=com.java.Objects.TestDataDetails@e6570a, 3=com.java.Objects.TestDataDetails@164976a, 4=com.java.Objects.TestDataDetails@182e2d1}
[INFO ][2015-12-21 18:32:12,820][com.java.TestType] [  482] -  str(1) = 1
[INFO ][2015-12-21 18:32:12,820][com.java.TestType] [  485] - Test case Id is---1
[INFO ][2015-12-21 18:32:12,820][com.java.TestType] [  487] - 1
[INFO ][2015-12-21 18:32:12,820][com.java.TestType] [  482] -  str(2) = 5
[INFO ][2015-12-21 18:32:12,820][com.java.TestType] [  534] - row values are--------{1=com.java.Objects.TestDataDetails@1aa4854, 2=com.java.Objects.TestDataDetails@e6570a, 3=com.java.Objects.TestDataDetails@164976a, 4=com.java.Objects.TestDataDetails@182e2d1, 5=com.java.Objects.TestDataDetails@1391cbb}
[INFO ][2015-12-21 18:32:12,820][com.java.TestType] [  482] -  str(1) = 1
[INFO ][2015-12-21 18:32:12,820][com.java.TestType] [  485] - Test case Id is---1
[INFO ][2015-12-21 18:32:12,820][com.java.TestType] [  487] - 1
[INFO ][2015-12-21 18:32:12,820][com.java.TestType] [  482] -  str(2) = 6
[INFO ][2015-12-21 18:32:12,820][com.java.TestType] [  534] - row values are--------{1=com.java.Objects.TestDataDetails@1aa4854, 2=com.java.Objects.TestDataDetails@e6570a, 3=com.java.Objects.TestDataDetails@164976a, 4=com.java.Objects.TestDataDetails@182e2d1, 5=com.java.Objects.TestDataDetails@1391cbb, 6=com.java.Objects.TestDataDetails@90da23}
[INFO ][2015-12-21 18:32:12,820][com.java.TestType] [  482] -  str(1) = 1
[INFO ][2015-12-21 18:32:12,820][com.java.TestType] [  485] - Test case Id is---1
[INFO ][2015-12-21 18:32:12,820][com.java.TestType] [  487] - 1
[INFO ][2015-12-21 18:32:12,820][com.java.TestType] [  482] -  str(2) = 7
[INFO ][2015-12-21 18:32:12,820][com.java.TestType] [  534] - row values are--------{1=com.java.Objects.TestDataDetails@1aa4854, 2=com.java.Objects.TestDataDetails@e6570a, 3=com.java.Objects.TestDataDetails@164976a, 4=com.java.Objects.TestDataDetails@182e2d1, 5=com.java.Objects.TestDataDetails@1391cbb, 6=com.java.Objects.TestDataDetails@90da23, 7=com.java.Objects.TestDataDetails@947958}
[INFO ][2015-12-21 18:32:12,820][com.java.TestType] [  482] -  str(1) = 1
[INFO ][2015-12-21 18:32:12,820][com.java.TestType] [  485] - Test case Id is---1
[INFO ][2015-12-21 18:32:12,820][com.java.TestType] [  487] - 1
[INFO ][2015-12-21 18:32:12,820][com.java.TestType] [  482] -  str(2) = 8
[INFO ][2015-12-21 18:32:12,820][com.java.TestType] [  534] - row values are--------{1=com.java.Objects.TestDataDetails@1aa4854, 2=com.java.Objects.TestDataDetails@e6570a, 3=com.java.Objects.TestDataDetails@164976a, 4=com.java.Objects.TestDataDetails@182e2d1, 5=com.java.Objects.TestDataDetails@1391cbb, 6=com.java.Objects.TestDataDetails@90da23, 7=com.java.Objects.TestDataDetails@947958, 8=com.java.Objects.TestDataDetails@1d64832}
[INFO ][2015-12-21 18:32:12,820][com.java.TestType] [  482] -  str(1) = 1
[INFO ][2015-12-21 18:32:12,820][com.java.TestType] [  485] - Test case Id is---1
[INFO ][2015-12-21 18:32:12,820][com.java.TestType] [  487] - 1
[INFO ][2015-12-21 18:32:12,820][com.java.TestType] [  482] -  str(2) = 9
[INFO ][2015-12-21 18:32:12,820][com.java.TestType] [  534] - row values are--------{1=com.java.Objects.TestDataDetails@1aa4854, 2=com.java.Objects.TestDataDetails@e6570a, 3=com.java.Objects.TestDataDetails@164976a, 4=com.java.Objects.TestDataDetails@182e2d1, 5=com.java.Objects.TestDataDetails@1391cbb, 6=com.java.Objects.TestDataDetails@90da23, 7=com.java.Objects.TestDataDetails@947958, 8=com.java.Objects.TestDataDetails@1d64832, 9=com.java.Objects.TestDataDetails@66eace}
[INFO ][2015-12-21 18:32:12,820][com.java.TestType] [  482] -  str(1) = 1
[INFO ][2015-12-21 18:32:12,820][com.java.TestType] [  485] - Test case Id is---1
[INFO ][2015-12-21 18:32:12,820][com.java.TestType] [  487] - 1
[INFO ][2015-12-21 18:32:12,830][com.java.TestType] [  482] -  str(2) = 10
[INFO ][2015-12-21 18:32:12,830][com.java.TestType] [  534] - row values are--------{1=com.java.Objects.TestDataDetails@1aa4854, 2=com.java.Objects.TestDataDetails@e6570a, 3=com.java.Objects.TestDataDetails@164976a, 4=com.java.Objects.TestDataDetails@182e2d1, 5=com.java.Objects.TestDataDetails@1391cbb, 6=com.java.Objects.TestDataDetails@90da23, 7=com.java.Objects.TestDataDetails@947958, 8=com.java.Objects.TestDataDetails@1d64832, 9=com.java.Objects.TestDataDetails@66eace, 10=com.java.Objects.TestDataDetails@1976ec3}
[INFO ][2015-12-21 18:32:12,830][com.java.TestType] [  482] -  str(1) = 1
[INFO ][2015-12-21 18:32:12,830][com.java.TestType] [  485] - Test case Id is---1
[INFO ][2015-12-21 18:32:12,830][com.java.TestType] [  487] - 1
[INFO ][2015-12-21 18:32:12,830][com.java.TestType] [  482] -  str(2) = 11
[INFO ][2015-12-21 18:32:12,830][com.java.TestType] [  534] - row values are--------{1=com.java.Objects.TestDataDetails@1aa4854, 2=com.java.Objects.TestDataDetails@e6570a, 3=com.java.Objects.TestDataDetails@164976a, 4=com.java.Objects.TestDataDetails@182e2d1, 5=com.java.Objects.TestDataDetails@1391cbb, 6=com.java.Objects.TestDataDetails@90da23, 7=com.java.Objects.TestDataDetails@947958, 8=com.java.Objects.TestDataDetails@1d64832, 9=com.java.Objects.TestDataDetails@66eace, 10=com.java.Objects.TestDataDetails@1976ec3, 11=com.java.Objects.TestDataDetails@ee9545}
[INFO ][2015-12-21 18:32:12,830][com.java.TestType] [  482] -  str(1) = 1
[INFO ][2015-12-21 18:32:12,830][com.java.TestType] [  485] - Test case Id is---1
[INFO ][2015-12-21 18:32:12,830][com.java.TestType] [  487] - 1
[INFO ][2015-12-21 18:32:12,830][com.java.TestType] [  482] -  str(2) = 12
[INFO ][2015-12-21 18:32:12,830][com.java.TestType] [  534] - row values are--------{1=com.java.Objects.TestDataDetails@1aa4854, 2=com.java.Objects.TestDataDetails@e6570a, 3=com.java.Objects.TestDataDetails@164976a, 4=com.java.Objects.TestDataDetails@182e2d1, 5=com.java.Objects.TestDataDetails@1391cbb, 6=com.java.Objects.TestDataDetails@90da23, 7=com.java.Objects.TestDataDetails@947958, 8=com.java.Objects.TestDataDetails@1d64832, 9=com.java.Objects.TestDataDetails@66eace, 10=com.java.Objects.TestDataDetails@1976ec3, 11=com.java.Objects.TestDataDetails@ee9545, 12=com.java.Objects.TestDataDetails@1f9a828}
[INFO ][2015-12-21 18:32:12,830][com.java.TestType] [  482] -  str(1) = 1
[INFO ][2015-12-21 18:32:12,830][com.java.TestType] [  485] - Test case Id is---1
[INFO ][2015-12-21 18:32:12,830][com.java.TestType] [  487] - 1
[INFO ][2015-12-21 18:32:12,830][com.java.TestType] [  482] -  str(2) = 13
[INFO ][2015-12-21 18:32:12,830][com.java.TestType] [  534] - row values are--------{1=com.java.Objects.TestDataDetails@1aa4854, 2=com.java.Objects.TestDataDetails@e6570a, 3=com.java.Objects.TestDataDetails@164976a, 4=com.java.Objects.TestDataDetails@182e2d1, 5=com.java.Objects.TestDataDetails@1391cbb, 6=com.java.Objects.TestDataDetails@90da23, 7=com.java.Objects.TestDataDetails@947958, 8=com.java.Objects.TestDataDetails@1d64832, 9=com.java.Objects.TestDataDetails@66eace, 10=com.java.Objects.TestDataDetails@1976ec3, 11=com.java.Objects.TestDataDetails@ee9545, 12=com.java.Objects.TestDataDetails@1f9a828, 13=com.java.Objects.TestDataDetails@14d8b8d}
[INFO ][2015-12-21 18:32:12,830][com.java.TestType] [  482] -  str(1) = 1
[INFO ][2015-12-21 18:32:12,830][com.java.TestType] [  485] - Test case Id is---1
[INFO ][2015-12-21 18:32:12,830][com.java.TestType] [  487] - 1
[INFO ][2015-12-21 18:32:12,830][com.java.TestType] [  482] -  str(2) = 14
[INFO ][2015-12-21 18:32:12,830][com.java.TestType] [  534] - row values are--------{1=com.java.Objects.TestDataDetails@1aa4854, 2=com.java.Objects.TestDataDetails@e6570a, 3=com.java.Objects.TestDataDetails@164976a, 4=com.java.Objects.TestDataDetails@182e2d1, 5=com.java.Objects.TestDataDetails@1391cbb, 6=com.java.Objects.TestDataDetails@90da23, 7=com.java.Objects.TestDataDetails@947958, 8=com.java.Objects.TestDataDetails@1d64832, 9=com.java.Objects.TestDataDetails@66eace, 10=com.java.Objects.TestDataDetails@1976ec3, 11=com.java.Objects.TestDataDetails@ee9545, 12=com.java.Objects.TestDataDetails@1f9a828, 13=com.java.Objects.TestDataDetails@14d8b8d, 14=com.java.Objects.TestDataDetails@1361707}
[INFO ][2015-12-21 18:32:12,830][com.java.TestType] [  482] -  str(1) = 1
[INFO ][2015-12-21 18:32:12,830][com.java.TestType] [  485] - Test case Id is---1
[INFO ][2015-12-21 18:32:12,830][com.java.TestType] [  487] - 1
[INFO ][2015-12-21 18:32:12,830][com.java.TestType] [  482] -  str(2) = 15
[INFO ][2015-12-21 18:32:12,830][com.java.TestType] [  534] - row values are--------{1=com.java.Objects.TestDataDetails@1aa4854, 2=com.java.Objects.TestDataDetails@e6570a, 3=com.java.Objects.TestDataDetails@164976a, 4=com.java.Objects.TestDataDetails@182e2d1, 5=com.java.Objects.TestDataDetails@1391cbb, 6=com.java.Objects.TestDataDetails@90da23, 7=com.java.Objects.TestDataDetails@947958, 8=com.java.Objects.TestDataDetails@1d64832, 9=com.java.Objects.TestDataDetails@66eace, 10=com.java.Objects.TestDataDetails@1976ec3, 11=com.java.Objects.TestDataDetails@ee9545, 12=com.java.Objects.TestDataDetails@1f9a828, 13=com.java.Objects.TestDataDetails@14d8b8d, 14=com.java.Objects.TestDataDetails@1361707, 15=com.java.Objects.TestDataDetails@dd7463}
[INFO ][2015-12-21 18:32:12,830][com.java.TestType] [  482] -  str(1) = 1
[INFO ][2015-12-21 18:32:12,830][com.java.TestType] [  485] - Test case Id is---1
[INFO ][2015-12-21 18:32:12,830][com.java.TestType] [  487] - 1
[INFO ][2015-12-21 18:32:12,830][com.java.TestType] [  482] -  str(2) = 16
[INFO ][2015-12-21 18:32:12,830][com.java.TestType] [  534] - row values are--------{1=com.java.Objects.TestDataDetails@1aa4854, 2=com.java.Objects.TestDataDetails@e6570a, 3=com.java.Objects.TestDataDetails@164976a, 4=com.java.Objects.TestDataDetails@182e2d1, 5=com.java.Objects.TestDataDetails@1391cbb, 6=com.java.Objects.TestDataDetails@90da23, 7=com.java.Objects.TestDataDetails@947958, 8=com.java.Objects.TestDataDetails@1d64832, 9=com.java.Objects.TestDataDetails@66eace, 10=com.java.Objects.TestDataDetails@1976ec3, 11=com.java.Objects.TestDataDetails@ee9545, 12=com.java.Objects.TestDataDetails@1f9a828, 13=com.java.Objects.TestDataDetails@14d8b8d, 14=com.java.Objects.TestDataDetails@1361707, 15=com.java.Objects.TestDataDetails@dd7463, 16=com.java.Objects.TestDataDetails@1f5784f}
[INFO ][2015-12-21 18:32:12,830][com.java.TestType] [10240] - Looping 1TCID = 1
[DEBUG][2015-12-21 18:32:12,830][com.java.TestType] [10281] - Concept ID:1 :: Step being Executed: 1::1
[INFO ][2015-12-21 18:32:12,830][com.java.TestType] [10319] - dataFields : TXTusername
[DEBUG][2015-12-21 18:32:12,840][com.java.TestType] [10325] - <In Set values of the page>
[DEBUG][2015-12-21 18:32:12,840][com.java.TestType] [10330] - {Data Fields & Data Values Exist}
[INFO ][2015-12-21 18:32:12,840][com.java.TestType] [10336] - --------------------------setting values-----------------------------
[INFO ][2015-12-21 18:32:12,840][com.java.TestType] [10339] - Action Type : CLEARANDENTER
[INFO ][2015-12-21 18:32:12,840][com.java.TestType] [ 5577] - value = valuelabs.ie10.33527
[INFO ][2015-12-21 18:32:17,582][com.java.TestType] [10358] -  RESULT true
[INFO ][2015-12-21 18:32:17,582][com.java.TestType] [10475] - ?   P A S S   ?
[DEBUG][2015-12-21 18:32:17,582][com.java.TestType] [10281] - Concept ID:1 :: Step being Executed: 1::2
[INFO ][2015-12-21 18:32:17,582][com.java.TestType] [10319] - dataFields : TXTpassword
[DEBUG][2015-12-21 18:32:17,582][com.java.TestType] [10325] - <In Set values of the page>
[DEBUG][2015-12-21 18:32:17,582][com.java.TestType] [10330] - {Data Fields & Data Values Exist}
[INFO ][2015-12-21 18:32:17,585][com.java.TestType] [10336] - --------------------------setting values-----------------------------
[INFO ][2015-12-21 18:32:17,585][com.java.TestType] [10339] - Action Type : CLEARANDENTER
[INFO ][2015-12-21 18:32:17,585][com.java.TestType] [ 5577] - value = Password1*
[INFO ][2015-12-21 18:32:22,431][com.java.TestType] [10358] -  RESULT true
[INFO ][2015-12-21 18:32:22,431][com.java.TestType] [10475] - ?   P A S S   ?
[DEBUG][2015-12-21 18:32:22,431][com.java.TestType] [10281] - Concept ID:1 :: Step being Executed: 1::3
[ERROR][2015-12-21 18:32:22,431][com.java.TestType] [10314] - Exception: null
[INFO ][2015-12-21 18:32:22,431][com.java.TestType] [10319] - dataFields : XPH//button[@type='submit']
[DEBUG][2015-12-21 18:32:22,431][com.java.TestType] [10325] - <In Set values of the page>
[DEBUG][2015-12-21 18:32:22,431][com.java.TestType] [10330] - {Data Fields & Data Values Exist}
[INFO ][2015-12-21 18:32:22,431][com.java.TestType] [10336] - --------------------------setting values-----------------------------
[INFO ][2015-12-21 18:32:22,431][com.java.TestType] [10339] - Action Type : Click
[INFO ][2015-12-21 18:32:22,431][com.java.TestType] [ 5956] - Field ::XPH//button[@type='submit']
[INFO ][2015-12-21 18:32:22,431][com.java.TestType] [ 5577] - value = 
[INFO ][2015-12-21 18:32:23,431][com.java.TestType] [ 6093] - BEFORE CLICK
[INFO ][2015-12-21 18:32:24,313][com.java.TestType] [ 6101] - Unable to click the object Login
[INFO ][2015-12-21 18:32:24,313][com.java.TestType] [10358] -  RESULT true
[INFO ][2015-12-21 18:32:24,313][com.java.TestType] [10475] - ?   P A S S   ?
[DEBUG][2015-12-21 18:32:24,313][com.java.TestType] [10281] - Concept ID:1 :: Step being Executed: 1::4
[INFO ][2015-12-21 18:32:24,313][com.java.TestType] [10319] - dataFields : LNKLogout
[DEBUG][2015-12-21 18:32:24,313][com.java.TestType] [10325] - <In Set values of the page>
[DEBUG][2015-12-21 18:32:24,313][com.java.TestType] [10330] - {Data Fields & Data Values Exist}
[INFO ][2015-12-21 18:32:24,313][com.java.TestType] [10336] - --------------------------setting values-----------------------------
[INFO ][2015-12-21 18:32:24,313][com.java.TestType] [10339] - Action Type : WaitForElement
[INFO ][2015-12-21 18:32:27,772][com.java.TestType] [10358] -  RESULT true
[INFO ][2015-12-21 18:32:27,772][com.java.TestType] [10475] - ?   P A S S   ?
[DEBUG][2015-12-21 18:32:27,772][com.java.TestType] [10281] - Concept ID:1 :: Step being Executed: 1::15
[INFO ][2015-12-21 18:32:27,772][com.java.TestType] [10319] - dataFields : LNK
[DEBUG][2015-12-21 18:32:27,772][com.java.TestType] [10325] - <In Set values of the page>
[DEBUG][2015-12-21 18:32:27,772][com.java.TestType] [10330] - {Data Fields & Data Values Exist}
[INFO ][2015-12-21 18:32:27,772][com.java.TestType] [10336] - --------------------------setting values-----------------------------
[INFO ][2015-12-21 18:32:27,772][com.java.TestType] [10339] - Action Type : Verify
[INFO ][2015-12-21 18:32:27,772][com.java.TestType] [ 6926] - field= LNK value= Logout
[INFO ][2015-12-21 18:32:27,773][com.java.TestType] [ 5577] - value = Logout
[INFO ][2015-12-21 18:32:27,813][com.java.TestType] [10358] -  RESULT true
[INFO ][2015-12-21 18:32:27,813][com.java.TestType] [10475] - ?   P A S S   ?
[DEBUG][2015-12-21 18:32:27,813][com.java.TestType] [10281] - Concept ID:1 :: Step being Executed: 1::16
[INFO ][2015-12-21 18:32:27,813][com.java.TestType] [10319] - dataFields : BTN
[DEBUG][2015-12-21 18:32:27,813][com.java.TestType] [10325] - <In Set values of the page>
[DEBUG][2015-12-21 18:32:27,813][com.java.TestType] [10330] - {Data Fields & Data Values Exist}
[INFO ][2015-12-21 18:32:27,813][com.java.TestType] [10336] - --------------------------setting values-----------------------------
[INFO ][2015-12-21 18:32:27,813][com.java.TestType] [10339] - Action Type : Verify
[INFO ][2015-12-21 18:32:27,813][com.java.TestType] [ 6926] - field= BTN value= //img[contains(@src,'bdlogo.jpg')]
[INFO ][2015-12-21 18:32:27,813][com.java.TestType] [ 5577] - value = //img[contains(@src,'bdlogo.jpg')]
[INFO ][2015-12-21 18:32:27,883][com.java.TestType] [10358] -  RESULT true
[INFO ][2015-12-21 18:32:27,883][com.java.TestType] [10475] - ?   P A S S   ?
[INFO ][2015-12-21 18:32:27,883][com.java.TestType] [10546] - Looping End......
[INFO ][2015-12-21 18:32:27,883][com.java.SeleniumDriver] [  894] -  RESULT true
[INFO ][2015-12-21 18:32:27,883][com.java.SeleniumDriver] [ 1100] - ?   P A S S   ?
[INFO ][2015-12-21 18:32:27,883][com.java.SeleniumDriver] [  821] - ------------------------------------------
[INFO ][2015-12-21 18:32:27,883][com.java.SeleniumDriver] [  822] - Test case being Executed: 1
[INFO ][2015-12-21 18:32:27,883][com.java.SeleniumDriver] [  833] - Test step:2
[INFO ][2015-12-21 18:32:27,883][com.java.SeleniumDriver] [  845] - Datavalue is----------Concept#2:1-2
[INFO ][2015-12-21 18:32:27,883][com.java.SeleniumDriver] [  869] - DataField : test
[INFO ][2015-12-21 18:32:27,883][com.java.SeleniumDriver] [  871] - DataValue : Concept#2:1-2
[INFO ][2015-12-21 18:32:27,883][com.java.SeleniumDriver] [  877] - <In Set values of the page>
[INFO ][2015-12-21 18:32:27,883][com.java.SeleniumDriver] [  880] - {Data Fields & Data Values Exist}
[INFO ][2015-12-21 18:32:27,883][com.java.SeleniumDriver] [  882] - --------------------------setting values-----------------------------
[INFO ][2015-12-21 18:32:27,883][com.java.SeleniumDriver] [  885] - Action Type : ExecuteTestCase
[INFO ][2015-12-21 18:32:27,883][com.java.TestType] [  437] - The Concept sheet name is ---------- Concept
[INFO ][2015-12-21 18:32:27,883][com.java.TestType] [  440] - The Concept ID  is ---------- 2
[DEBUG][2015-12-21 18:32:27,883][com.java.TestType] [  444] - Steps being executted in the Concept are: 1:2
[INFO ][2015-12-21 18:32:27,883][com.java.TestType] [  451] - Test data details path ---------- D:\BankersDashboard\TestInputs\TestData.xls
[INFO ][2015-12-21 18:32:27,913][com.java.TestType] [  482] -  str(1) = 2
[INFO ][2015-12-21 18:32:27,913][com.java.TestType] [  485] - Test case Id is---2
[INFO ][2015-12-21 18:32:27,913][com.java.TestType] [  487] - 2
[INFO ][2015-12-21 18:32:27,913][com.java.TestType] [  482] -  str(2) = 1
[INFO ][2015-12-21 18:32:27,913][com.java.TestType] [  534] - row values are--------{1=com.java.Objects.TestDataDetails@1091451}
[INFO ][2015-12-21 18:32:27,913][com.java.TestType] [  482] -  str(1) = 2
[INFO ][2015-12-21 18:32:27,913][com.java.TestType] [  485] - Test case Id is---2
[INFO ][2015-12-21 18:32:27,913][com.java.TestType] [  487] - 2
[INFO ][2015-12-21 18:32:27,913][com.java.TestType] [  482] -  str(2) = 2
[INFO ][2015-12-21 18:32:27,913][com.java.TestType] [  534] - row values are--------{1=com.java.Objects.TestDataDetails@1091451, 2=com.java.Objects.TestDataDetails@17afec6}
[INFO ][2015-12-21 18:32:27,913][com.java.TestType] [  482] -  str(1) = 2
[INFO ][2015-12-21 18:32:27,913][com.java.TestType] [  485] - Test case Id is---2
[INFO ][2015-12-21 18:32:27,913][com.java.TestType] [  487] - 2
[INFO ][2015-12-21 18:32:27,913][com.java.TestType] [  482] -  str(2) = 3
[INFO ][2015-12-21 18:32:27,923][com.java.TestType] [  534] - row values are--------{1=com.java.Objects.TestDataDetails@1091451, 2=com.java.Objects.TestDataDetails@17afec6, 3=com.java.Objects.TestDataDetails@1c31063}
[INFO ][2015-12-21 18:32:27,923][com.java.TestType] [10240] - Looping 1TCID = 2
[DEBUG][2015-12-21 18:32:27,923][com.java.TestType] [10281] - Concept ID:2 :: Step being Executed: 2::1
[INFO ][2015-12-21 18:32:27,923][com.java.TestType] [10319] - dataFields : BNK//select[@id='bank']
[DEBUG][2015-12-21 18:32:27,923][com.java.TestType] [10325] - <In Set values of the page>
[DEBUG][2015-12-21 18:32:27,923][com.java.TestType] [10330] - {Data Fields & Data Values Exist}
[INFO ][2015-12-21 18:32:27,923][com.java.TestType] [10336] - --------------------------setting values-----------------------------
[INFO ][2015-12-21 18:32:27,923][com.java.TestType] [10339] - Action Type : Select
[INFO ][2015-12-21 18:32:27,923][com.java.TestType] [ 5577] - value = PFC
[INFO ][2015-12-21 18:32:28,360][com.java.TestType] [10358] -  RESULT true
[INFO ][2015-12-21 18:32:28,360][com.java.TestType] [10475] - ?   P A S S   ?
[DEBUG][2015-12-21 18:32:28,360][com.java.TestType] [10281] - Concept ID:2 :: Step being Executed: 2::2
[INFO ][2015-12-21 18:32:28,360][com.java.TestType] [10319] - dataFields : LNKLogout
[DEBUG][2015-12-21 18:32:28,360][com.java.TestType] [10325] - <In Set values of the page>
[DEBUG][2015-12-21 18:32:28,360][com.java.TestType] [10330] - {Data Fields & Data Values Exist}
[INFO ][2015-12-21 18:32:28,360][com.java.TestType] [10336] - --------------------------setting values-----------------------------
[INFO ][2015-12-21 18:32:28,360][com.java.TestType] [10339] - Action Type : WaitTime
[DEBUG][2015-12-21 18:32:28,360][com.java.TestType] [ 5397] - sleepTime: 5000
[INFO ][2015-12-21 18:32:33,363][com.java.TestType] [10358] -  RESULT true
[INFO ][2015-12-21 18:32:33,363][com.java.TestType] [10475] - ?   P A S S   ?
[INFO ][2015-12-21 18:32:33,363][com.java.TestType] [10546] - Looping End......
[INFO ][2015-12-21 18:32:33,363][com.java.SeleniumDriver] [  894] -  RESULT true
[INFO ][2015-12-21 18:32:33,363][com.java.SeleniumDriver] [ 1100] - ?   P A S S   ?
[INFO ][2015-12-21 18:32:33,363][com.java.SeleniumDriver] [  821] - ------------------------------------------
[INFO ][2015-12-21 18:32:33,363][com.java.SeleniumDriver] [  822] - Test case being Executed: 1
[INFO ][2015-12-21 18:32:33,363][com.java.SeleniumDriver] [  833] - Test step:3
[INFO ][2015-12-21 18:32:33,363][com.java.SeleniumDriver] [  845] - Datavalue is----------2
[INFO ][2015-12-21 18:32:33,363][com.java.SeleniumDriver] [  869] - DataField : XPH//button[contains(text(),'Add Content')]
[INFO ][2015-12-21 18:32:33,363][com.java.SeleniumDriver] [  871] - DataValue : 2
[INFO ][2015-12-21 18:32:33,363][com.java.SeleniumDriver] [  877] - <In Set values of the page>
[INFO ][2015-12-21 18:32:33,363][com.java.SeleniumDriver] [  880] - {Data Fields & Data Values Exist}
[INFO ][2015-12-21 18:32:33,363][com.java.SeleniumDriver] [  882] - --------------------------setting values-----------------------------
[INFO ][2015-12-21 18:32:33,363][com.java.SeleniumDriver] [  885] - Action Type : WAITFORELEMENT
[INFO ][2015-12-21 18:32:33,404][com.java.SeleniumDriver] [  894] -  RESULT true
[INFO ][2015-12-21 18:32:33,404][com.java.SeleniumDriver] [ 1100] - ?   P A S S   ?
[DEBUG][2015-12-21 18:32:33,404][com.java.SeleniumDriver] [ 1212] - Case found
[DEBUG][2015-12-21 18:32:33,404][com.java.SeleniumDriver] [ 1217] - Incrementing ReportCounters[0]:1
[INFO ][2015-12-21 18:32:33,404][com.java.SeleniumDriver] [ 1236] - The results are-------------------[1, 1, Valid Login, Pass, , Mon Dec 21 18:32:27 IST 2015, 1, 2, Valid Login, Pass, , Mon Dec 21 18:32:33 IST 2015, 1, 3, Valid Login, Pass, , Mon Dec 21 18:32:33 IST 2015]
[INFO ][2015-12-21 18:32:33,404][com.java.SeleniumDriver] [ 1240] - End time is-------35 sec
[INFO ][2015-12-21 18:32:33,404][com.java.SeleniumDriver] [ 1241] - The results are-------------------[1, 1, Valid Login, Pass, , Mon Dec 21 18:32:27 IST 2015, 1, 2, Valid Login, Pass, , Mon Dec 21 18:32:33 IST 2015, 1, 3, Valid Login, Pass, , Mon Dec 21 18:32:33 IST 2015]
[DEBUG][2015-12-21 18:32:33,404][com.java.ImportnExport.ExportTestResultsExcel] [  222] - testResultPath = D:\BankersDashboard/TestReports/Test Results_BankersDashBoard_122115_183159_IE10_Bank of North Carolina.xls
[DEBUG][2015-12-21 18:32:33,404][com.java.ImportnExport.ExportTestResultsExcel] [  223] - browser is------------IE10
[DEBUG][2015-12-21 18:32:33,454][com.java.ImportnExport.ExportTestResultsExcel] [  270] - result.size() = 18
[DEBUG][2015-12-21 18:32:33,454][com.java.ImportnExport.ExportTestResultsExcel] [  274] - No of rows in sheet=1
[DEBUG][2015-12-21 18:32:33,454][com.java.ImportnExport.ExportTestResultsExcel] [  301] - ..in export..1
[DEBUG][2015-12-21 18:32:33,454][com.java.ImportnExport.ExportTestResultsExcel] [  301] - ..in export..Valid Login
[DEBUG][2015-12-21 18:32:33,454][com.java.ImportnExport.ExportTestResultsExcel] [  301] - ..in export..Pass
[DEBUG][2015-12-21 18:32:33,454][com.java.ImportnExport.ExportTestResultsExcel] [  301] - ..in export..
[DEBUG][2015-12-21 18:32:33,454][com.java.ImportnExport.ExportTestResultsExcel] [  301] - ..in export..Mon Dec 21 18:32:27 IST 2015
[INFO ][2015-12-21 18:32:33,454][com.java.SeleniumDriver] [ 1299] - out loop:0 size:2 TestCases:[1, 26] testcases:[1, 26]
[INFO ][2015-12-21 18:32:33,454][com.java.ImportnExport.ImportTestDataDetailsExcel] [   49] - test data details path===== D:\BankersDashboard\TestInputs\TestData.xls
[INFO ][2015-12-21 18:32:51,970][com.java.SeleniumDriver] [  821] - ------------------------------------------
[INFO ][2015-12-21 18:32:51,970][com.java.SeleniumDriver] [  822] - Test case being Executed: 26
[INFO ][2015-12-21 18:32:51,970][com.java.SeleniumDriver] [  833] - Test step:1
[INFO ][2015-12-21 18:32:51,970][com.java.SeleniumDriver] [  845] - Datavalue is----------Logout
[INFO ][2015-12-21 18:32:51,970][com.java.SeleniumDriver] [  869] - DataField : BTN
[INFO ][2015-12-21 18:32:51,970][com.java.SeleniumDriver] [  871] - DataValue : Logout
[INFO ][2015-12-21 18:32:51,970][com.java.SeleniumDriver] [  877] - <In Set values of the page>
[INFO ][2015-12-21 18:32:51,970][com.java.SeleniumDriver] [  880] - {Data Fields & Data Values Exist}
[INFO ][2015-12-21 18:32:51,970][com.java.SeleniumDriver] [  882] - --------------------------setting values-----------------------------
[INFO ][2015-12-21 18:32:51,970][com.java.SeleniumDriver] [  885] - Action Type : Verify
[INFO ][2015-12-21 18:32:51,970][com.java.TestType] [ 6926] - field= BTN value= Logout
[INFO ][2015-12-21 18:32:51,970][com.java.TestType] [ 5577] - value = Logout
[INFO ][2015-12-21 18:32:52,051][com.java.SeleniumDriver] [  894] -  RESULT true
[INFO ][2015-12-21 18:32:52,051][com.java.SeleniumDriver] [ 1100] - ?   P A S S   ?
[INFO ][2015-12-21 18:32:52,051][com.java.SeleniumDriver] [ 1142] - step change to 3
[INFO ][2015-12-21 18:32:52,051][com.java.SeleniumDriver] [  821] - ------------------------------------------
[INFO ][2015-12-21 18:32:52,051][com.java.SeleniumDriver] [  822] - Test case being Executed: 26
[INFO ][2015-12-21 18:32:52,051][com.java.SeleniumDriver] [  833] - Test step:3
[INFO ][2015-12-21 18:32:52,051][com.java.SeleniumDriver] [  845] - Datavalue is----------Concept#2:1-2
[INFO ][2015-12-21 18:32:52,051][com.java.SeleniumDriver] [  869] - DataField : test
[INFO ][2015-12-21 18:32:52,051][com.java.SeleniumDriver] [  871] - DataValue : Concept#2:1-2
[INFO ][2015-12-21 18:32:52,051][com.java.SeleniumDriver] [  877] - <In Set values of the page>
[INFO ][2015-12-21 18:32:52,051][com.java.SeleniumDriver] [  880] - {Data Fields & Data Values Exist}
[INFO ][2015-12-21 18:32:52,051][com.java.SeleniumDriver] [  882] - --------------------------setting values-----------------------------
[INFO ][2015-12-21 18:32:52,051][com.java.SeleniumDriver] [  885] - Action Type : ExecuteTestCase
[INFO ][2015-12-21 18:32:52,051][com.java.TestType] [  437] - The Concept sheet name is ---------- Concept
[INFO ][2015-12-21 18:32:52,051][com.java.TestType] [  440] - The Concept ID  is ---------- 2
[DEBUG][2015-12-21 18:32:52,051][com.java.TestType] [  444] - Steps being executted in the Concept are: 1:2
[INFO ][2015-12-21 18:32:52,051][com.java.TestType] [  451] - Test data details path ---------- D:\BankersDashboard\TestInputs\TestData.xls
[INFO ][2015-12-21 18:32:52,081][com.java.TestType] [  482] -  str(1) = 2
[INFO ][2015-12-21 18:32:52,081][com.java.TestType] [  485] - Test case Id is---2
[INFO ][2015-12-21 18:32:52,081][com.java.TestType] [  487] - 2
[INFO ][2015-12-21 18:32:52,081][com.java.TestType] [  482] -  str(2) = 1
[INFO ][2015-12-21 18:32:52,081][com.java.TestType] [  534] - row values are--------{1=com.java.Objects.TestDataDetails@1b47065}
[INFO ][2015-12-21 18:32:52,081][com.java.TestType] [  482] -  str(1) = 2
[INFO ][2015-12-21 18:32:52,081][com.java.TestType] [  485] - Test case Id is---2
[INFO ][2015-12-21 18:32:52,081][com.java.TestType] [  487] - 2
[INFO ][2015-12-21 18:32:52,081][com.java.TestType] [  482] -  str(2) = 2
[INFO ][2015-12-21 18:32:52,081][com.java.TestType] [  534] - row values are--------{1=com.java.Objects.TestDataDetails@1b47065, 2=com.java.Objects.TestDataDetails@9da0a7}
[INFO ][2015-12-21 18:32:52,081][com.java.TestType] [  482] -  str(1) = 2
[INFO ][2015-12-21 18:32:52,081][com.java.TestType] [  485] - Test case Id is---2
[INFO ][2015-12-21 18:32:52,081][com.java.TestType] [  487] - 2
[INFO ][2015-12-21 18:32:52,081][com.java.TestType] [  482] -  str(2) = 3
[INFO ][2015-12-21 18:32:52,081][com.java.TestType] [  534] - row values are--------{1=com.java.Objects.TestDataDetails@1b47065, 2=com.java.Objects.TestDataDetails@9da0a7, 3=com.java.Objects.TestDataDetails@e072e3}
[INFO ][2015-12-21 18:32:52,081][com.java.TestType] [10240] - Looping 1TCID = 2
[DEBUG][2015-12-21 18:32:52,081][com.java.TestType] [10281] - Concept ID:2 :: Step being Executed: 2::1
[INFO ][2015-12-21 18:32:52,081][com.java.TestType] [10319] - dataFields : BNK//select[@id='bank']
[DEBUG][2015-12-21 18:32:52,081][com.java.TestType] [10325] - <In Set values of the page>
[DEBUG][2015-12-21 18:32:52,081][com.java.TestType] [10330] - {Data Fields & Data Values Exist}
[INFO ][2015-12-21 18:32:52,081][com.java.TestType] [10336] - --------------------------setting values-----------------------------
[INFO ][2015-12-21 18:32:52,081][com.java.TestType] [10339] - Action Type : Select
[INFO ][2015-12-21 18:32:52,081][com.java.TestType] [ 5577] - value = PFC
[INFO ][2015-12-21 18:32:52,271][com.java.TestType] [10358] -  RESULT true
[INFO ][2015-12-21 18:32:52,271][com.java.TestType] [10475] - ?   P A S S   ?
[DEBUG][2015-12-21 18:32:52,271][com.java.TestType] [10281] - Concept ID:2 :: Step being Executed: 2::2
[INFO ][2015-12-21 18:32:52,271][com.java.TestType] [10319] - dataFields : LNKLogout
[DEBUG][2015-12-21 18:32:52,271][com.java.TestType] [10325] - <In Set values of the page>
[DEBUG][2015-12-21 18:32:52,271][com.java.TestType] [10330] - {Data Fields & Data Values Exist}
[INFO ][2015-12-21 18:32:52,271][com.java.TestType] [10336] - --------------------------setting values-----------------------------
[INFO ][2015-12-21 18:32:52,271][com.java.TestType] [10339] - Action Type : WaitTime
[DEBUG][2015-12-21 18:32:52,271][com.java.TestType] [ 5397] - sleepTime: 5000
[INFO ][2015-12-21 18:32:57,276][com.java.TestType] [10358] -  RESULT true
[INFO ][2015-12-21 18:32:57,276][com.java.TestType] [10475] - ?   P A S S   ?
[INFO ][2015-12-21 18:32:57,276][com.java.TestType] [10546] - Looping End......
[INFO ][2015-12-21 18:32:57,276][com.java.SeleniumDriver] [  894] -  RESULT true
[INFO ][2015-12-21 18:32:57,276][com.java.SeleniumDriver] [ 1100] - ?   P A S S   ?
[INFO ][2015-12-21 18:32:57,276][com.java.SeleniumDriver] [  821] - ------------------------------------------
[INFO ][2015-12-21 18:32:57,276][com.java.SeleniumDriver] [  822] - Test case being Executed: 26
[INFO ][2015-12-21 18:32:57,276][com.java.SeleniumDriver] [  833] - Test step:4
[INFO ][2015-12-21 18:32:57,276][com.java.SeleniumDriver] [  845] - Datavalue is----------null
[DEBUG][2015-12-21 18:32:57,276][com.java.SeleniumDriver] [  863] - Exception: null
[INFO ][2015-12-21 18:32:57,276][com.java.SeleniumDriver] [  869] - DataField : //span[@class='icon-cog2']&&//a[@data-id="UserSettings"]
[INFO ][2015-12-21 18:32:57,276][com.java.SeleniumDriver] [  871] - DataValue : 
[INFO ][2015-12-21 18:32:57,276][com.java.SeleniumDriver] [  877] - <In Set values of the page>
[INFO ][2015-12-21 18:32:57,276][com.java.SeleniumDriver] [  880] - {Data Fields & Data Values Exist}
[INFO ][2015-12-21 18:32:57,276][com.java.SeleniumDriver] [  882] - --------------------------setting values-----------------------------
[INFO ][2015-12-21 18:32:57,276][com.java.SeleniumDriver] [  885] - Action Type : MOUSEOVER
[INFO ][2015-12-21 18:33:20,272][com.java.SeleniumDriver] [  894] -  RESULT true
[INFO ][2015-12-21 18:33:20,272][com.java.SeleniumDriver] [ 1100] - ?   P A S S   ?
[INFO ][2015-12-21 18:33:20,272][com.java.SeleniumDriver] [  821] - ------------------------------------------
[INFO ][2015-12-21 18:33:20,272][com.java.SeleniumDriver] [  822] - Test case being Executed: 26
[INFO ][2015-12-21 18:33:20,272][com.java.SeleniumDriver] [  833] - Test step:5
[INFO ][2015-12-21 18:33:20,272][com.java.SeleniumDriver] [  845] - Datavalue is----------2
[INFO ][2015-12-21 18:33:20,272][com.java.SeleniumDriver] [  869] - DataField : BTNframeDialogContent
[INFO ][2015-12-21 18:33:20,272][com.java.SeleniumDriver] [  871] - DataValue : 2
[INFO ][2015-12-21 18:33:20,272][com.java.SeleniumDriver] [  877] - <In Set values of the page>
[INFO ][2015-12-21 18:33:20,272][com.java.SeleniumDriver] [  880] - {Data Fields & Data Values Exist}
[INFO ][2015-12-21 18:33:20,272][com.java.SeleniumDriver] [  882] - --------------------------setting values-----------------------------
[INFO ][2015-12-21 18:33:20,272][com.java.SeleniumDriver] [  885] - Action Type : WAITFORELEMENT
