[INFO ][2016-02-08 15:50:18,739][com.java.SeleniumDriver] [  213] - Execute Failed Casesfalse
[INFO ][2016-02-08 15:50:18,739][com.java.SeleniumDriver] [  214] - Browser: IE10
[INFO ][2016-02-08 15:50:18,749][com.java.SeleniumDriver] [  215] - [1, 9, 12]
[INFO ][2016-02-08 15:50:18,749][com.java.SeleniumDriver] [  216] - Total TestCases:3
[INFO ][2016-02-08 15:50:18,749][com.java.SeleniumDriver] [  217] -  Reading Properties from Property File 
[DEBUG][2016-02-08 15:50:18,749][com.java.SeleniumDriver] [  238] - url : https://clients-xuat.bankersdashboard.com
[INFO ][2016-02-08 15:50:18,749][com.java.ImportnExport.ExportTestResultsExcel] [  116] - Time Stamp Mon Feb 08 03:50:18 IST 2016
[INFO ][2016-02-08 15:50:18,749][com.java.ImportnExport.ExportTestResultsExcel] [  175] - OUT FILE : D:\BankersDashboard/TestReports/Test Results_BankersDashBoard_020816_155018_IE10_United Bank.xls
[INFO ][2016-02-08 15:50:18,770][com.java.ImportnExport.ExportTestResultsExcel] [  180] - Test Result file is created
[DEBUG][2016-02-08 15:50:18,880][com.java.SeleniumDriver] [  426] - Hub ip address is-------172.17.68.34
[INFO ][2016-02-08 15:50:18,880][com.java.SeleniumDriver] [  452] - Grid URL:http://172.17.68.34:4444/wd/hub
[INFO ][2016-02-08 15:50:18,880][com.java.SeleniumDriver] [  453] - Capability:Capabilities [{platform=ANY, ensureCleanSession=true, ignoreProtectedModeSettings=true, acceptSslCerts=true, ignoreZoomSetting=true, browserName=internet explorer, browserstack.ie.noFlash=true, version=null}]
[ERROR][2016-02-08 15:50:20,180][com.java.SeleniumDriver] [  498] - Unable invoke browser in grid:Could not start a new session. Possible causes are invalid address of the remote server or browser start-up failure.
Build info: version: '2.48.2', revision: '41bccdd', time: '2015-10-09 19:59:12'
System info: host: 'FVTIII438F1D', ip: '172.17.68.34', os.name: 'Windows 7', os.arch: 'x86', os.version: '6.1', java.version: '1.7.0_55'
Driver info: driver.version: SeleniumDriver
[INFO ][2016-02-08 15:50:20,180][com.java.SeleniumDriver] [  500] - Executing on local machine
[INFO ][2016-02-08 15:50:30,879][com.java.SeleniumDriver] [  248] - IE10is opened
[INFO ][2016-02-08 15:50:31,714][com.java.SeleniumDriver] [  756] - Test cases to be executed are: [1, 9, 12]
[INFO ][2016-02-08 15:50:31,735][com.java.ImportnExport.ImportTestDataDetailsExcel] [   49] - test data details path===== D:\BankersDashboard\TestInputs\TestData.xls
[INFO ][2016-02-08 15:50:31,835][com.java.SeleniumDriver] [  856] - ------------------------------------------
[INFO ][2016-02-08 15:50:31,835][com.java.SeleniumDriver] [  857] - Test case being Executed: 1
[INFO ][2016-02-08 15:50:31,835][com.java.SeleniumDriver] [  869] - Test step:1
[INFO ][2016-02-08 15:50:31,835][com.java.SeleniumDriver] [  881] - Datavalue is----------Concept#1:1-16
[INFO ][2016-02-08 15:50:31,835][com.java.SeleniumDriver] [  905] - DataField : test
[INFO ][2016-02-08 15:50:31,835][com.java.SeleniumDriver] [  907] - DataValue : Concept#1:1-16
[INFO ][2016-02-08 15:50:31,835][com.java.SeleniumDriver] [  913] - <In Set values of the page>
[INFO ][2016-02-08 15:50:31,835][com.java.SeleniumDriver] [  916] - {Data Fields & Data Values Exist}
[INFO ][2016-02-08 15:50:31,835][com.java.SeleniumDriver] [  918] - --------------------------setting values-----------------------------
[INFO ][2016-02-08 15:50:31,835][com.java.SeleniumDriver] [  921] - Action Type : ExecuteTestCase
[INFO ][2016-02-08 15:50:31,865][com.java.TestType] [  448] - The Concept sheet name is ---------- Concept
[INFO ][2016-02-08 15:50:31,865][com.java.TestType] [  451] - The Concept ID  is ---------- 1
[DEBUG][2016-02-08 15:50:31,865][com.java.TestType] [  455] - Steps being executted in the Concept are: 1:16
[INFO ][2016-02-08 15:50:31,865][com.java.TestType] [  462] - Test data details path ---------- D:\BankersDashboard\TestInputs\TestData.xls
[INFO ][2016-02-08 15:50:31,905][com.java.TestType] [  493] -  str(1) = 1
[INFO ][2016-02-08 15:50:31,905][com.java.TestType] [  496] - Test case Id is---1
[INFO ][2016-02-08 15:50:31,905][com.java.TestType] [  498] - 1
[INFO ][2016-02-08 15:50:31,905][com.java.TestType] [  493] -  str(2) = 1
[INFO ][2016-02-08 15:50:31,905][com.java.TestType] [  493] -  str(1) = 1
[INFO ][2016-02-08 15:50:31,905][com.java.TestType] [  496] - Test case Id is---1
[INFO ][2016-02-08 15:50:31,905][com.java.TestType] [  498] - 1
[INFO ][2016-02-08 15:50:31,905][com.java.TestType] [  493] -  str(2) = 2
[INFO ][2016-02-08 15:50:31,905][com.java.TestType] [  493] -  str(1) = 1
[INFO ][2016-02-08 15:50:31,905][com.java.TestType] [  496] - Test case Id is---1
[INFO ][2016-02-08 15:50:31,905][com.java.TestType] [  498] - 1
[INFO ][2016-02-08 15:50:31,905][com.java.TestType] [  493] -  str(2) = 3
[INFO ][2016-02-08 15:50:31,915][com.java.TestType] [  493] -  str(1) = 1
[INFO ][2016-02-08 15:50:31,915][com.java.TestType] [  496] - Test case Id is---1
[INFO ][2016-02-08 15:50:31,915][com.java.TestType] [  498] - 1
[INFO ][2016-02-08 15:50:31,915][com.java.TestType] [  493] -  str(2) = 4
[INFO ][2016-02-08 15:50:31,915][com.java.TestType] [  493] -  str(1) = 1
[INFO ][2016-02-08 15:50:31,915][com.java.TestType] [  496] - Test case Id is---1
[INFO ][2016-02-08 15:50:31,915][com.java.TestType] [  498] - 1
[INFO ][2016-02-08 15:50:31,915][com.java.TestType] [  493] -  str(2) = 5
[INFO ][2016-02-08 15:50:31,915][com.java.TestType] [  493] -  str(1) = 1
[INFO ][2016-02-08 15:50:31,915][com.java.TestType] [  496] - Test case Id is---1
[INFO ][2016-02-08 15:50:31,915][com.java.TestType] [  498] - 1
[INFO ][2016-02-08 15:50:31,915][com.java.TestType] [  493] -  str(2) = 6
[INFO ][2016-02-08 15:50:31,915][com.java.TestType] [  493] -  str(1) = 1
[INFO ][2016-02-08 15:50:31,915][com.java.TestType] [  496] - Test case Id is---1
[INFO ][2016-02-08 15:50:31,915][com.java.TestType] [  498] - 1
[INFO ][2016-02-08 15:50:31,915][com.java.TestType] [  493] -  str(2) = 7
[INFO ][2016-02-08 15:50:31,915][com.java.TestType] [  493] -  str(1) = 1
[INFO ][2016-02-08 15:50:31,915][com.java.TestType] [  496] - Test case Id is---1
[INFO ][2016-02-08 15:50:31,915][com.java.TestType] [  498] - 1
[INFO ][2016-02-08 15:50:31,915][com.java.TestType] [  493] -  str(2) = 8
[INFO ][2016-02-08 15:50:31,915][com.java.TestType] [  493] -  str(1) = 1
[INFO ][2016-02-08 15:50:31,915][com.java.TestType] [  496] - Test case Id is---1
[INFO ][2016-02-08 15:50:31,915][com.java.TestType] [  498] - 1
[INFO ][2016-02-08 15:50:31,915][com.java.TestType] [  493] -  str(2) = 9
[INFO ][2016-02-08 15:50:31,925][com.java.TestType] [  493] -  str(1) = 1
[INFO ][2016-02-08 15:50:31,925][com.java.TestType] [  496] - Test case Id is---1
[INFO ][2016-02-08 15:50:31,925][com.java.TestType] [  498] - 1
[INFO ][2016-02-08 15:50:31,925][com.java.TestType] [  493] -  str(2) = 10
[INFO ][2016-02-08 15:50:31,925][com.java.TestType] [  493] -  str(1) = 1
[INFO ][2016-02-08 15:50:31,925][com.java.TestType] [  496] - Test case Id is---1
[INFO ][2016-02-08 15:50:31,925][com.java.TestType] [  498] - 1
[INFO ][2016-02-08 15:50:31,925][com.java.TestType] [  493] -  str(2) = 11
[INFO ][2016-02-08 15:50:31,925][com.java.TestType] [  493] -  str(1) = 1
[INFO ][2016-02-08 15:50:31,925][com.java.TestType] [  496] - Test case Id is---1
[INFO ][2016-02-08 15:50:31,925][com.java.TestType] [  498] - 1
[INFO ][2016-02-08 15:50:31,925][com.java.TestType] [  493] -  str(2) = 12
[INFO ][2016-02-08 15:50:31,925][com.java.TestType] [  493] -  str(1) = 1
[INFO ][2016-02-08 15:50:31,925][com.java.TestType] [  496] - Test case Id is---1
[INFO ][2016-02-08 15:50:31,925][com.java.TestType] [  498] - 1
[INFO ][2016-02-08 15:50:31,925][com.java.TestType] [  493] -  str(2) = 13
[INFO ][2016-02-08 15:50:31,925][com.java.TestType] [  493] -  str(1) = 1
[INFO ][2016-02-08 15:50:31,925][com.java.TestType] [  496] - Test case Id is---1
[INFO ][2016-02-08 15:50:31,925][com.java.TestType] [  498] - 1
[INFO ][2016-02-08 15:50:31,925][com.java.TestType] [  493] -  str(2) = 14
[INFO ][2016-02-08 15:50:31,925][com.java.TestType] [  493] -  str(1) = 1
[INFO ][2016-02-08 15:50:31,925][com.java.TestType] [  496] - Test case Id is---1
[INFO ][2016-02-08 15:50:31,925][com.java.TestType] [  498] - 1
[INFO ][2016-02-08 15:50:31,925][com.java.TestType] [  493] -  str(2) = 15
[INFO ][2016-02-08 15:50:31,925][com.java.TestType] [  493] -  str(1) = 1
[INFO ][2016-02-08 15:50:31,925][com.java.TestType] [  496] - Test case Id is---1
[INFO ][2016-02-08 15:50:31,925][com.java.TestType] [  498] - 1
[INFO ][2016-02-08 15:50:31,925][com.java.TestType] [  493] -  str(2) = 16
[INFO ][2016-02-08 15:50:31,925][com.java.TestType] [12120] - Looping 1TCID = 1
[DEBUG][2016-02-08 15:50:31,925][com.java.TestType] [12161] - Concept ID:1 :: Step being Executed: 1::1
[INFO ][2016-02-08 15:50:31,925][com.java.TestType] [12199] - dataFields : TXTusername
[DEBUG][2016-02-08 15:50:31,925][com.java.TestType] [12205] - <In Set values of the page>
[DEBUG][2016-02-08 15:50:31,925][com.java.TestType] [12210] - {Data Fields & Data Values Exist}
[INFO ][2016-02-08 15:50:31,925][com.java.TestType] [12216] - --------------------------setting values-----------------------------
[INFO ][2016-02-08 15:50:31,925][com.java.TestType] [12219] - Action Type : CLEARANDENTER
[INFO ][2016-02-08 15:50:34,206][com.java.TestType] [ 6748] - value = valuelabs.ie10.00058
[INFO ][2016-02-08 15:50:36,650][com.java.TestType] [12238] -  RESULT true
[INFO ][2016-02-08 15:50:36,650][com.java.TestType] [12355] - ?   P A S S   ?
[DEBUG][2016-02-08 15:50:36,650][com.java.TestType] [12161] - Concept ID:1 :: Step being Executed: 1::2
[INFO ][2016-02-08 15:50:36,650][com.java.TestType] [12199] - dataFields : TXTpassword
[DEBUG][2016-02-08 15:50:36,650][com.java.TestType] [12205] - <In Set values of the page>
[DEBUG][2016-02-08 15:50:36,650][com.java.TestType] [12210] - {Data Fields & Data Values Exist}
[INFO ][2016-02-08 15:50:36,650][com.java.TestType] [12216] - --------------------------setting values-----------------------------
[INFO ][2016-02-08 15:50:36,650][com.java.TestType] [12219] - Action Type : CLEARANDENTER
[INFO ][2016-02-08 15:50:38,891][com.java.TestType] [ 6748] - value = Password1*
[INFO ][2016-02-08 15:50:41,438][com.java.TestType] [12238] -  RESULT true
[INFO ][2016-02-08 15:50:41,438][com.java.TestType] [12355] - ?   P A S S   ?
[DEBUG][2016-02-08 15:50:41,438][com.java.TestType] [12161] - Concept ID:1 :: Step being Executed: 1::3
[ERROR][2016-02-08 15:50:41,438][com.java.TestType] [12194] - Exception: null
[INFO ][2016-02-08 15:50:41,438][com.java.TestType] [12199] - dataFields : XPH//button[@type='submit']
[DEBUG][2016-02-08 15:50:41,438][com.java.TestType] [12205] - <In Set values of the page>
[DEBUG][2016-02-08 15:50:41,438][com.java.TestType] [12210] - {Data Fields & Data Values Exist}
[INFO ][2016-02-08 15:50:41,438][com.java.TestType] [12216] - --------------------------setting values-----------------------------
[INFO ][2016-02-08 15:50:41,438][com.java.TestType] [12219] - Action Type : Click
[INFO ][2016-02-08 15:50:41,438][com.java.TestType] [ 7149] - Field ::XPH//button[@type='submit']
[INFO ][2016-02-08 15:50:41,438][com.java.TestType] [ 6748] - value = 
[INFO ][2016-02-08 15:50:42,438][com.java.TestType] [ 7326] - BEFORE CLICK
[INFO ][2016-02-08 15:50:43,301][com.java.TestType] [ 7334] - Unable to click the object Login
[INFO ][2016-02-08 15:50:43,301][com.java.TestType] [12238] -  RESULT true
[INFO ][2016-02-08 15:50:43,301][com.java.TestType] [12355] - ?   P A S S   ?
[DEBUG][2016-02-08 15:50:43,301][com.java.TestType] [12161] - Concept ID:1 :: Step being Executed: 1::4
[INFO ][2016-02-08 15:50:43,301][com.java.TestType] [12199] - dataFields : LNKLogout
[DEBUG][2016-02-08 15:50:43,301][com.java.TestType] [12205] - <In Set values of the page>
[DEBUG][2016-02-08 15:50:43,301][com.java.TestType] [12210] - {Data Fields & Data Values Exist}
[INFO ][2016-02-08 15:50:43,301][com.java.TestType] [12216] - --------------------------setting values-----------------------------
[INFO ][2016-02-08 15:50:43,301][com.java.TestType] [12219] - Action Type : WaitForElement
