[INFO ][2016-02-10 19:16:16,589][com.java.SeleniumDriver] [  213] - Execute Failed Casesfalse
[INFO ][2016-02-10 19:16:16,589][com.java.SeleniumDriver] [  214] - Browser: IE10
[INFO ][2016-02-10 19:16:16,589][com.java.SeleniumDriver] [  215] - [1, 24]
[INFO ][2016-02-10 19:16:16,589][com.java.SeleniumDriver] [  216] - Total TestCases:2
[INFO ][2016-02-10 19:16:16,589][com.java.SeleniumDriver] [  217] -  Reading Properties from Property File 
[DEBUG][2016-02-10 19:16:16,589][com.java.SeleniumDriver] [  238] - url : https://clients-xuat.bankersdashboard.com
[INFO ][2016-02-10 19:16:16,589][com.java.ImportnExport.ExportTestResultsExcel] [  116] - Time Stamp Wed Feb 10 07:16:16 IST 2016
[INFO ][2016-02-10 19:16:16,589][com.java.ImportnExport.ExportTestResultsExcel] [  175] - OUT FILE : D:\BankersDashboard/TestReports/Test Results_BankersDashBoard_021016_191616_IE10_First Bank.xls
[INFO ][2016-02-10 19:16:16,620][com.java.ImportnExport.ExportTestResultsExcel] [  180] - Test Result file is created
[DEBUG][2016-02-10 19:16:16,720][com.java.SeleniumDriver] [  426] - Hub ip address is-------172.17.68.34
[INFO ][2016-02-10 19:16:16,720][com.java.SeleniumDriver] [  452] - Grid URL:http://172.17.68.34:4444/wd/hub
[INFO ][2016-02-10 19:16:16,720][com.java.SeleniumDriver] [  453] - Capability:Capabilities [{platform=ANY, ensureCleanSession=true, ignoreProtectedModeSettings=true, acceptSslCerts=true, ignoreZoomSetting=true, browserName=internet explorer, browserstack.ie.noFlash=true, version=null}]
[ERROR][2016-02-10 19:16:18,020][com.java.SeleniumDriver] [  498] - Unable invoke browser in grid:Could not start a new session. Possible causes are invalid address of the remote server or browser start-up failure.
Build info: version: '2.48.2', revision: '41bccdd', time: '2015-10-09 19:59:12'
System info: host: 'FVTIII438F1D', ip: '172.17.68.34', os.name: 'Windows 7', os.arch: 'x86', os.version: '6.1', java.version: '1.7.0_55'
Driver info: driver.version: SeleniumDriver
[INFO ][2016-02-10 19:16:18,020][com.java.SeleniumDriver] [  500] - Executing on local machine
[INFO ][2016-02-10 19:16:28,484][com.java.SeleniumDriver] [  248] - IE10is opened
[INFO ][2016-02-10 19:16:29,319][com.java.SeleniumDriver] [  756] - Test cases to be executed are: [1, 24]
[INFO ][2016-02-10 19:16:29,340][com.java.ImportnExport.ImportTestDataDetailsExcel] [   49] - test data details path===== D:\BankersDashboard\TestInputs\TestData.xls
[INFO ][2016-02-10 19:16:29,440][com.java.SeleniumDriver] [  856] - ------------------------------------------
[INFO ][2016-02-10 19:16:29,440][com.java.SeleniumDriver] [  857] - Test case being Executed: 1
[INFO ][2016-02-10 19:16:29,440][com.java.SeleniumDriver] [  869] - Test step:1
[INFO ][2016-02-10 19:16:29,440][com.java.SeleniumDriver] [  881] - Datavalue is----------Concept#1:1-16
[INFO ][2016-02-10 19:16:29,440][com.java.SeleniumDriver] [  905] - DataField : test
[INFO ][2016-02-10 19:16:29,440][com.java.SeleniumDriver] [  907] - DataValue : Concept#1:1-16
[INFO ][2016-02-10 19:16:29,440][com.java.SeleniumDriver] [  913] - <In Set values of the page>
[INFO ][2016-02-10 19:16:29,440][com.java.SeleniumDriver] [  916] - {Data Fields & Data Values Exist}
[INFO ][2016-02-10 19:16:29,440][com.java.SeleniumDriver] [  918] - --------------------------setting values-----------------------------
[INFO ][2016-02-10 19:16:29,440][com.java.SeleniumDriver] [  921] - Action Type : ExecuteTestCase
[INFO ][2016-02-10 19:16:29,460][com.java.TestType] [  460] - The Concept sheet name is ---------- Concept
[INFO ][2016-02-10 19:16:29,460][com.java.TestType] [  463] - The Concept ID  is ---------- 1
[DEBUG][2016-02-10 19:16:29,460][com.java.TestType] [  467] - Steps being executted in the Concept are: 1:16
[INFO ][2016-02-10 19:16:29,460][com.java.TestType] [  474] - Test data details path ---------- D:\BankersDashboard\TestInputs\TestData.xls
[INFO ][2016-02-10 19:16:29,500][com.java.TestType] [  505] -  str(1) = 1
[INFO ][2016-02-10 19:16:29,500][com.java.TestType] [  508] - Test case Id is---1
[INFO ][2016-02-10 19:16:29,500][com.java.TestType] [  510] - 1
[INFO ][2016-02-10 19:16:29,500][com.java.TestType] [  505] -  str(2) = 1
[INFO ][2016-02-10 19:16:29,500][com.java.TestType] [  505] -  str(1) = 1
[INFO ][2016-02-10 19:16:29,500][com.java.TestType] [  508] - Test case Id is---1
[INFO ][2016-02-10 19:16:29,500][com.java.TestType] [  510] - 1
[INFO ][2016-02-10 19:16:29,500][com.java.TestType] [  505] -  str(2) = 2
[INFO ][2016-02-10 19:16:29,500][com.java.TestType] [  505] -  str(1) = 1
[INFO ][2016-02-10 19:16:29,500][com.java.TestType] [  508] - Test case Id is---1
[INFO ][2016-02-10 19:16:29,500][com.java.TestType] [  510] - 1
[INFO ][2016-02-10 19:16:29,500][com.java.TestType] [  505] -  str(2) = 3
[INFO ][2016-02-10 19:16:29,500][com.java.TestType] [  505] -  str(1) = 1
[INFO ][2016-02-10 19:16:29,510][com.java.TestType] [  508] - Test case Id is---1
[INFO ][2016-02-10 19:16:29,510][com.java.TestType] [  510] - 1
[INFO ][2016-02-10 19:16:29,510][com.java.TestType] [  505] -  str(2) = 4
[INFO ][2016-02-10 19:16:29,510][com.java.TestType] [  505] -  str(1) = 1
[INFO ][2016-02-10 19:16:29,510][com.java.TestType] [  508] - Test case Id is---1
[INFO ][2016-02-10 19:16:29,510][com.java.TestType] [  510] - 1
[INFO ][2016-02-10 19:16:29,510][com.java.TestType] [  505] -  str(2) = 5
[INFO ][2016-02-10 19:16:29,510][com.java.TestType] [  505] -  str(1) = 1
[INFO ][2016-02-10 19:16:29,510][com.java.TestType] [  508] - Test case Id is---1
[INFO ][2016-02-10 19:16:29,510][com.java.TestType] [  510] - 1
[INFO ][2016-02-10 19:16:29,510][com.java.TestType] [  505] -  str(2) = 6
[INFO ][2016-02-10 19:16:29,510][com.java.TestType] [  505] -  str(1) = 1
[INFO ][2016-02-10 19:16:29,510][com.java.TestType] [  508] - Test case Id is---1
[INFO ][2016-02-10 19:16:29,510][com.java.TestType] [  510] - 1
[INFO ][2016-02-10 19:16:29,510][com.java.TestType] [  505] -  str(2) = 7
[INFO ][2016-02-10 19:16:29,510][com.java.TestType] [  505] -  str(1) = 1
[INFO ][2016-02-10 19:16:29,510][com.java.TestType] [  508] - Test case Id is---1
[INFO ][2016-02-10 19:16:29,510][com.java.TestType] [  510] - 1
[INFO ][2016-02-10 19:16:29,510][com.java.TestType] [  505] -  str(2) = 8
[INFO ][2016-02-10 19:16:29,510][com.java.TestType] [  505] -  str(1) = 1
[INFO ][2016-02-10 19:16:29,510][com.java.TestType] [  508] - Test case Id is---1
[INFO ][2016-02-10 19:16:29,510][com.java.TestType] [  510] - 1
[INFO ][2016-02-10 19:16:29,510][com.java.TestType] [  505] -  str(2) = 9
[INFO ][2016-02-10 19:16:29,510][com.java.TestType] [  505] -  str(1) = 1
[INFO ][2016-02-10 19:16:29,510][com.java.TestType] [  508] - Test case Id is---1
[INFO ][2016-02-10 19:16:29,510][com.java.TestType] [  510] - 1
[INFO ][2016-02-10 19:16:29,510][com.java.TestType] [  505] -  str(2) = 10
[INFO ][2016-02-10 19:16:29,510][com.java.TestType] [  505] -  str(1) = 1
[INFO ][2016-02-10 19:16:29,510][com.java.TestType] [  508] - Test case Id is---1
[INFO ][2016-02-10 19:16:29,510][com.java.TestType] [  510] - 1
[INFO ][2016-02-10 19:16:29,510][com.java.TestType] [  505] -  str(2) = 11
[INFO ][2016-02-10 19:16:29,520][com.java.TestType] [  505] -  str(1) = 1
[INFO ][2016-02-10 19:16:29,520][com.java.TestType] [  508] - Test case Id is---1
[INFO ][2016-02-10 19:16:29,520][com.java.TestType] [  510] - 1
[INFO ][2016-02-10 19:16:29,520][com.java.TestType] [  505] -  str(2) = 12
[INFO ][2016-02-10 19:16:29,520][com.java.TestType] [  505] -  str(1) = 1
[INFO ][2016-02-10 19:16:29,520][com.java.TestType] [  508] - Test case Id is---1
[INFO ][2016-02-10 19:16:29,520][com.java.TestType] [  510] - 1
[INFO ][2016-02-10 19:16:29,520][com.java.TestType] [  505] -  str(2) = 13
[INFO ][2016-02-10 19:16:29,520][com.java.TestType] [  505] -  str(1) = 1
[INFO ][2016-02-10 19:16:29,520][com.java.TestType] [  508] - Test case Id is---1
[INFO ][2016-02-10 19:16:29,520][com.java.TestType] [  510] - 1
[INFO ][2016-02-10 19:16:29,520][com.java.TestType] [  505] -  str(2) = 14
[INFO ][2016-02-10 19:16:29,520][com.java.TestType] [  505] -  str(1) = 1
[INFO ][2016-02-10 19:16:29,520][com.java.TestType] [  508] - Test case Id is---1
[INFO ][2016-02-10 19:16:29,520][com.java.TestType] [  510] - 1
[INFO ][2016-02-10 19:16:29,520][com.java.TestType] [  505] -  str(2) = 15
[INFO ][2016-02-10 19:16:29,520][com.java.TestType] [  505] -  str(1) = 1
[INFO ][2016-02-10 19:16:29,520][com.java.TestType] [  508] - Test case Id is---1
[INFO ][2016-02-10 19:16:29,520][com.java.TestType] [  510] - 1
[INFO ][2016-02-10 19:16:29,520][com.java.TestType] [  505] -  str(2) = 16
[INFO ][2016-02-10 19:16:29,520][com.java.TestType] [12463] - Looping 1TCID = 1
[DEBUG][2016-02-10 19:16:29,520][com.java.TestType] [12504] - Concept ID:1 :: Step being Executed: 1::1
[INFO ][2016-02-10 19:16:29,520][com.java.TestType] [12542] - dataFields : TXTusername
[DEBUG][2016-02-10 19:16:29,520][com.java.TestType] [12548] - <In Set values of the page>
[DEBUG][2016-02-10 19:16:29,520][com.java.TestType] [12553] - {Data Fields & Data Values Exist}
[INFO ][2016-02-10 19:16:29,520][com.java.TestType] [12559] - --------------------------setting values-----------------------------
[INFO ][2016-02-10 19:16:29,520][com.java.TestType] [12562] - Action Type : CLEARANDENTER
[INFO ][2016-02-10 19:16:31,811][com.java.TestType] [ 6884] - value = valuelabs.ie10.15019
[INFO ][2016-02-10 19:16:34,257][com.java.TestType] [12581] -  RESULT true
[INFO ][2016-02-10 19:16:34,257][com.java.TestType] [12698] - ?   P A S S   ?
[DEBUG][2016-02-10 19:16:34,257][com.java.TestType] [12504] - Concept ID:1 :: Step being Executed: 1::2
[INFO ][2016-02-10 19:16:34,257][com.java.TestType] [12542] - dataFields : TXTpassword
[DEBUG][2016-02-10 19:16:34,257][com.java.TestType] [12548] - <In Set values of the page>
[DEBUG][2016-02-10 19:16:34,257][com.java.TestType] [12553] - {Data Fields & Data Values Exist}
[INFO ][2016-02-10 19:16:34,257][com.java.TestType] [12559] - --------------------------setting values-----------------------------
[INFO ][2016-02-10 19:16:34,257][com.java.TestType] [12562] - Action Type : CLEARANDENTER
[INFO ][2016-02-10 19:16:36,498][com.java.TestType] [ 6884] - value = Password1*
[INFO ][2016-02-10 19:16:39,067][com.java.TestType] [12581] -  RESULT true
[INFO ][2016-02-10 19:16:39,067][com.java.TestType] [12698] - ?   P A S S   ?
[DEBUG][2016-02-10 19:16:39,067][com.java.TestType] [12504] - Concept ID:1 :: Step being Executed: 1::3
[ERROR][2016-02-10 19:16:39,067][com.java.TestType] [12537] - Exception: null
[INFO ][2016-02-10 19:16:39,067][com.java.TestType] [12542] - dataFields : XPH//button[@type='submit']
[DEBUG][2016-02-10 19:16:39,067][com.java.TestType] [12548] - <In Set values of the page>
[DEBUG][2016-02-10 19:16:39,067][com.java.TestType] [12553] - {Data Fields & Data Values Exist}
[INFO ][2016-02-10 19:16:39,067][com.java.TestType] [12559] - --------------------------setting values-----------------------------
[INFO ][2016-02-10 19:16:39,067][com.java.TestType] [12562] - Action Type : Click
[INFO ][2016-02-10 19:16:39,067][com.java.TestType] [ 7297] - Field ::XPH//button[@type='submit']
[INFO ][2016-02-10 19:16:39,067][com.java.TestType] [ 6884] - value = 
[INFO ][2016-02-10 19:16:40,067][com.java.TestType] [ 7493] - BEFORE CLICK
[INFO ][2016-02-10 19:16:40,899][com.java.TestType] [ 7501] - Unable to click the object Login
[INFO ][2016-02-10 19:16:40,899][com.java.TestType] [12581] -  RESULT true
[INFO ][2016-02-10 19:16:40,899][com.java.TestType] [12698] - ?   P A S S   ?
[DEBUG][2016-02-10 19:16:40,899][com.java.TestType] [12504] - Concept ID:1 :: Step being Executed: 1::4
[INFO ][2016-02-10 19:16:40,899][com.java.TestType] [12542] - dataFields : LNKLogout
[DEBUG][2016-02-10 19:16:40,899][com.java.TestType] [12548] - <In Set values of the page>
[DEBUG][2016-02-10 19:16:40,899][com.java.TestType] [12553] - {Data Fields & Data Values Exist}
[INFO ][2016-02-10 19:16:40,899][com.java.TestType] [12559] - --------------------------setting values-----------------------------
[INFO ][2016-02-10 19:16:40,899][com.java.TestType] [12562] - Action Type : WaitForElement
[INFO ][2016-02-10 19:16:44,368][com.java.TestType] [12581] -  RESULT true
[INFO ][2016-02-10 19:16:44,368][com.java.TestType] [12698] - ?   P A S S   ?
[DEBUG][2016-02-10 19:16:44,368][com.java.TestType] [12504] - Concept ID:1 :: Step being Executed: 1::15
[INFO ][2016-02-10 19:16:44,368][com.java.TestType] [12542] - dataFields : LNK
[DEBUG][2016-02-10 19:16:44,368][com.java.TestType] [12548] - <In Set values of the page>
[DEBUG][2016-02-10 19:16:44,368][com.java.TestType] [12553] - {Data Fields & Data Values Exist}
[INFO ][2016-02-10 19:16:44,368][com.java.TestType] [12559] - --------------------------setting values-----------------------------
[INFO ][2016-02-10 19:16:44,368][com.java.TestType] [12562] - Action Type : Verify
[INFO ][2016-02-10 19:16:44,368][com.java.TestType] [ 8585] - field= LNK value= Logout
[INFO ][2016-02-10 19:16:44,368][com.java.TestType] [ 6884] - value = Logout
[INFO ][2016-02-10 19:16:44,409][com.java.TestType] [12581] -  RESULT true
[INFO ][2016-02-10 19:16:44,409][com.java.TestType] [12698] - ?   P A S S   ?
[DEBUG][2016-02-10 19:16:44,409][com.java.TestType] [12504] - Concept ID:1 :: Step being Executed: 1::16
[INFO ][2016-02-10 19:16:44,409][com.java.TestType] [12542] - dataFields : BTN
[DEBUG][2016-02-10 19:16:44,409][com.java.TestType] [12548] - <In Set values of the page>
[DEBUG][2016-02-10 19:16:44,409][com.java.TestType] [12553] - {Data Fields & Data Values Exist}
[INFO ][2016-02-10 19:16:44,409][com.java.TestType] [12559] - --------------------------setting values-----------------------------
[INFO ][2016-02-10 19:16:44,409][com.java.TestType] [12562] - Action Type : Verify
[INFO ][2016-02-10 19:16:44,409][com.java.TestType] [ 8585] - field= BTN value= //img[contains(@src,'bdlogo.jpg')]
[INFO ][2016-02-10 19:16:44,409][com.java.TestType] [ 6884] - value = //img[contains(@src,'bdlogo.jpg')]
[INFO ][2016-02-10 19:16:44,479][com.java.TestType] [12581] -  RESULT true
[INFO ][2016-02-10 19:16:44,479][com.java.TestType] [12698] - ?   P A S S   ?
[INFO ][2016-02-10 19:16:44,479][com.java.TestType] [12769] - Looping End......
[INFO ][2016-02-10 19:16:44,479][com.java.SeleniumDriver] [  930] -  RESULT true
[INFO ][2016-02-10 19:16:44,479][com.java.SeleniumDriver] [ 1136] - ?   P A S S   ?
[INFO ][2016-02-10 19:16:44,479][com.java.SeleniumDriver] [  856] - ------------------------------------------
[INFO ][2016-02-10 19:16:44,479][com.java.SeleniumDriver] [  857] - Test case being Executed: 1
[INFO ][2016-02-10 19:16:44,479][com.java.SeleniumDriver] [  869] - Test step:2
[INFO ][2016-02-10 19:16:44,479][com.java.SeleniumDriver] [  881] - Datavalue is----------Concept#2:1-2
[INFO ][2016-02-10 19:16:44,479][com.java.SeleniumDriver] [  905] - DataField : test
[INFO ][2016-02-10 19:16:44,479][com.java.SeleniumDriver] [  907] - DataValue : Concept#2:1-2
[INFO ][2016-02-10 19:16:44,479][com.java.SeleniumDriver] [  913] - <In Set values of the page>
[INFO ][2016-02-10 19:16:44,479][com.java.SeleniumDriver] [  916] - {Data Fields & Data Values Exist}
[INFO ][2016-02-10 19:16:44,479][com.java.SeleniumDriver] [  918] - --------------------------setting values-----------------------------
[INFO ][2016-02-10 19:16:44,479][com.java.SeleniumDriver] [  921] - Action Type : ExecuteTestCase
[INFO ][2016-02-10 19:16:44,479][com.java.TestType] [  460] - The Concept sheet name is ---------- Concept
[INFO ][2016-02-10 19:16:44,479][com.java.TestType] [  463] - The Concept ID  is ---------- 2
[DEBUG][2016-02-10 19:16:44,479][com.java.TestType] [  467] - Steps being executted in the Concept are: 1:2
[INFO ][2016-02-10 19:16:44,479][com.java.TestType] [  474] - Test data details path ---------- D:\BankersDashboard\TestInputs\TestData.xls
[INFO ][2016-02-10 19:16:44,519][com.java.TestType] [  505] -  str(1) = 2
[INFO ][2016-02-10 19:16:44,519][com.java.TestType] [  508] - Test case Id is---2
[INFO ][2016-02-10 19:16:44,519][com.java.TestType] [  510] - 2
[INFO ][2016-02-10 19:16:44,519][com.java.TestType] [  505] -  str(2) = 1
[INFO ][2016-02-10 19:16:44,519][com.java.TestType] [  505] -  str(1) = 2
[INFO ][2016-02-10 19:16:44,519][com.java.TestType] [  508] - Test case Id is---2
[INFO ][2016-02-10 19:16:44,519][com.java.TestType] [  510] - 2
[INFO ][2016-02-10 19:16:44,519][com.java.TestType] [  505] -  str(2) = 2
[INFO ][2016-02-10 19:16:44,519][com.java.TestType] [  505] -  str(1) = 2
[INFO ][2016-02-10 19:16:44,519][com.java.TestType] [  508] - Test case Id is---2
[INFO ][2016-02-10 19:16:44,519][com.java.TestType] [  510] - 2
[INFO ][2016-02-10 19:16:44,519][com.java.TestType] [  505] -  str(2) = 3
[INFO ][2016-02-10 19:16:44,519][com.java.TestType] [12463] - Looping 1TCID = 2
[DEBUG][2016-02-10 19:16:44,519][com.java.TestType] [12504] - Concept ID:2 :: Step being Executed: 2::1
[INFO ][2016-02-10 19:16:44,519][com.java.TestType] [12542] - dataFields : BNK//select[@id='bank']
[DEBUG][2016-02-10 19:16:44,519][com.java.TestType] [12548] - <In Set values of the page>
[DEBUG][2016-02-10 19:16:44,519][com.java.TestType] [12553] - {Data Fields & Data Values Exist}
[INFO ][2016-02-10 19:16:44,519][com.java.TestType] [12559] - --------------------------setting values-----------------------------
[INFO ][2016-02-10 19:16:44,519][com.java.TestType] [12562] - Action Type : Select
[INFO ][2016-02-10 19:16:44,519][com.java.TestType] [ 6884] - value = PFC
[INFO ][2016-02-10 19:16:44,924][com.java.TestType] [12581] -  RESULT true
[INFO ][2016-02-10 19:16:44,924][com.java.TestType] [12698] - ?   P A S S   ?
[DEBUG][2016-02-10 19:16:44,924][com.java.TestType] [12504] - Concept ID:2 :: Step being Executed: 2::2
[INFO ][2016-02-10 19:16:44,924][com.java.TestType] [12542] - dataFields : LNKLogout
[DEBUG][2016-02-10 19:16:44,924][com.java.TestType] [12548] - <In Set values of the page>
[DEBUG][2016-02-10 19:16:44,924][com.java.TestType] [12553] - {Data Fields & Data Values Exist}
[INFO ][2016-02-10 19:16:44,924][com.java.TestType] [12559] - --------------------------setting values-----------------------------
[INFO ][2016-02-10 19:16:44,924][com.java.TestType] [12562] - Action Type : WaitTime
[DEBUG][2016-02-10 19:16:44,924][com.java.TestType] [ 6693] - sleepTime: 5000
[INFO ][2016-02-10 19:16:49,929][com.java.TestType] [12581] -  RESULT true
[INFO ][2016-02-10 19:16:49,929][com.java.TestType] [12698] - ?   P A S S   ?
[INFO ][2016-02-10 19:16:49,929][com.java.TestType] [12769] - Looping End......
[INFO ][2016-02-10 19:16:49,929][com.java.SeleniumDriver] [  930] -  RESULT true
[INFO ][2016-02-10 19:16:49,929][com.java.SeleniumDriver] [ 1136] - ?   P A S S   ?
[INFO ][2016-02-10 19:16:49,929][com.java.SeleniumDriver] [  856] - ------------------------------------------
[INFO ][2016-02-10 19:16:49,929][com.java.SeleniumDriver] [  857] - Test case being Executed: 1
[INFO ][2016-02-10 19:16:49,929][com.java.SeleniumDriver] [  869] - Test step:3
[INFO ][2016-02-10 19:16:49,929][com.java.SeleniumDriver] [  881] - Datavalue is----------2
[INFO ][2016-02-10 19:16:49,929][com.java.SeleniumDriver] [  905] - DataField : XPH//button[contains(text(),'Add Content')]
[INFO ][2016-02-10 19:16:49,929][com.java.SeleniumDriver] [  907] - DataValue : 2
[INFO ][2016-02-10 19:16:49,929][com.java.SeleniumDriver] [  913] - <In Set values of the page>
[INFO ][2016-02-10 19:16:49,929][com.java.SeleniumDriver] [  916] - {Data Fields & Data Values Exist}
[INFO ][2016-02-10 19:16:49,929][com.java.SeleniumDriver] [  918] - --------------------------setting values-----------------------------
[INFO ][2016-02-10 19:16:49,929][com.java.SeleniumDriver] [  921] - Action Type : WAITFORELEMENT
[INFO ][2016-02-10 19:16:49,970][com.java.SeleniumDriver] [  930] -  RESULT true
[INFO ][2016-02-10 19:16:49,970][com.java.SeleniumDriver] [ 1136] - ?   P A S S   ?
[DEBUG][2016-02-10 19:16:49,970][com.java.SeleniumDriver] [ 1248] - Case found
[DEBUG][2016-02-10 19:16:49,970][com.java.SeleniumDriver] [ 1253] - Incrementing ReportCounters[0]:1
[INFO ][2016-02-10 19:16:49,970][com.java.SeleniumDriver] [ 1272] - The results are-------------------[1, 1, Valid Login, Pass, , Wed Feb 10 19:16:44 IST 2016, 1, 2, Valid Login, Pass, , Wed Feb 10 19:16:49 IST 2016, 1, 3, Valid Login, Pass, , Wed Feb 10 19:16:49 IST 2016]
[INFO ][2016-02-10 19:16:49,970][com.java.SeleniumDriver] [ 1276] - End time is-------35 sec
[INFO ][2016-02-10 19:16:49,970][com.java.SeleniumDriver] [ 1277] - The results are-------------------[1, 1, Valid Login, Pass, , Wed Feb 10 19:16:44 IST 2016, 1, 2, Valid Login, Pass, , Wed Feb 10 19:16:49 IST 2016, 1, 3, Valid Login, Pass, , Wed Feb 10 19:16:49 IST 2016]
[DEBUG][2016-02-10 19:16:49,970][com.java.ImportnExport.ExportTestResultsExcel] [  222] - testResultPath = D:\BankersDashboard/TestReports/Test Results_BankersDashBoard_021016_191616_IE10_First Bank.xls
[DEBUG][2016-02-10 19:16:49,970][com.java.ImportnExport.ExportTestResultsExcel] [  223] - browser is------------IE10
[DEBUG][2016-02-10 19:16:50,010][com.java.ImportnExport.ExportTestResultsExcel] [  270] - result.size() = 18
[DEBUG][2016-02-10 19:16:50,010][com.java.ImportnExport.ExportTestResultsExcel] [  274] - No of rows in sheet=1
[DEBUG][2016-02-10 19:16:50,010][com.java.ImportnExport.ExportTestResultsExcel] [  301] - ..in export..1
[DEBUG][2016-02-10 19:16:50,010][com.java.ImportnExport.ExportTestResultsExcel] [  301] - ..in export..Valid Login
[DEBUG][2016-02-10 19:16:50,010][com.java.ImportnExport.ExportTestResultsExcel] [  301] - ..in export..Pass
[DEBUG][2016-02-10 19:16:50,010][com.java.ImportnExport.ExportTestResultsExcel] [  301] - ..in export..
[DEBUG][2016-02-10 19:16:50,010][com.java.ImportnExport.ExportTestResultsExcel] [  301] - ..in export..Wed Feb 10 19:16:44 IST 2016
[INFO ][2016-02-10 19:16:50,010][com.java.SeleniumDriver] [ 1337] - out loop:0 size:2 TestCases:[1, 24] testcases:[1, 24]
[INFO ][2016-02-10 19:16:50,010][com.java.ImportnExport.ImportTestDataDetailsExcel] [   49] - test data details path===== D:\BankersDashboard\TestInputs\TestData.xls
[INFO ][2016-02-10 19:17:10,463][com.java.SeleniumDriver] [  856] - ------------------------------------------
[INFO ][2016-02-10 19:17:10,463][com.java.SeleniumDriver] [  857] - Test case being Executed: 24
[INFO ][2016-02-10 19:17:10,463][com.java.SeleniumDriver] [  869] - Test step:1
[INFO ][2016-02-10 19:17:10,463][com.java.SeleniumDriver] [  881] - Datavalue is----------Logout
[INFO ][2016-02-10 19:17:10,463][com.java.SeleniumDriver] [  905] - DataField : BTN
[INFO ][2016-02-10 19:17:10,463][com.java.SeleniumDriver] [  907] - DataValue : Logout
[INFO ][2016-02-10 19:17:10,463][com.java.SeleniumDriver] [  913] - <In Set values of the page>
[INFO ][2016-02-10 19:17:10,463][com.java.SeleniumDriver] [  916] - {Data Fields & Data Values Exist}
[INFO ][2016-02-10 19:17:10,463][com.java.SeleniumDriver] [  918] - --------------------------setting values-----------------------------
[INFO ][2016-02-10 19:17:10,463][com.java.SeleniumDriver] [  921] - Action Type : Verify
[INFO ][2016-02-10 19:17:10,463][com.java.TestType] [ 8585] - field= BTN value= Logout
[INFO ][2016-02-10 19:17:10,463][com.java.TestType] [ 6884] - value = Logout
[INFO ][2016-02-10 19:17:10,524][com.java.SeleniumDriver] [  930] -  RESULT true
[INFO ][2016-02-10 19:17:10,524][com.java.SeleniumDriver] [ 1136] - ?   P A S S   ?
[INFO ][2016-02-10 19:17:10,524][com.java.SeleniumDriver] [ 1178] - step change to 3
[INFO ][2016-02-10 19:17:10,524][com.java.SeleniumDriver] [  856] - ------------------------------------------
[INFO ][2016-02-10 19:17:10,524][com.java.SeleniumDriver] [  857] - Test case being Executed: 24
[INFO ][2016-02-10 19:17:10,524][com.java.SeleniumDriver] [  869] - Test step:3
[INFO ][2016-02-10 19:17:10,524][com.java.SeleniumDriver] [  881] - Datavalue is----------Concept#2:1-2
[INFO ][2016-02-10 19:17:10,524][com.java.SeleniumDriver] [  905] - DataField : test
[INFO ][2016-02-10 19:17:10,524][com.java.SeleniumDriver] [  907] - DataValue : Concept#2:1-2
[INFO ][2016-02-10 19:17:10,524][com.java.SeleniumDriver] [  913] - <In Set values of the page>
[INFO ][2016-02-10 19:17:10,524][com.java.SeleniumDriver] [  916] - {Data Fields & Data Values Exist}
[INFO ][2016-02-10 19:17:10,524][com.java.SeleniumDriver] [  918] - --------------------------setting values-----------------------------
[INFO ][2016-02-10 19:17:10,524][com.java.SeleniumDriver] [  921] - Action Type : ExecuteTestCase
[INFO ][2016-02-10 19:17:10,524][com.java.TestType] [  460] - The Concept sheet name is ---------- Concept
[INFO ][2016-02-10 19:17:10,524][com.java.TestType] [  463] - The Concept ID  is ---------- 2
[DEBUG][2016-02-10 19:17:10,524][com.java.TestType] [  467] - Steps being executted in the Concept are: 1:2
[INFO ][2016-02-10 19:17:10,524][com.java.TestType] [  474] - Test data details path ---------- D:\BankersDashboard\TestInputs\TestData.xls
[INFO ][2016-02-10 19:17:10,554][com.java.TestType] [  505] -  str(1) = 2
[INFO ][2016-02-10 19:17:10,554][com.java.TestType] [  508] - Test case Id is---2
[INFO ][2016-02-10 19:17:10,554][com.java.TestType] [  510] - 2
[INFO ][2016-02-10 19:17:10,554][com.java.TestType] [  505] -  str(2) = 1
[INFO ][2016-02-10 19:17:10,554][com.java.TestType] [  505] -  str(1) = 2
[INFO ][2016-02-10 19:17:10,564][com.java.TestType] [  508] - Test case Id is---2
[INFO ][2016-02-10 19:17:10,564][com.java.TestType] [  510] - 2
[INFO ][2016-02-10 19:17:10,564][com.java.TestType] [  505] -  str(2) = 2
[INFO ][2016-02-10 19:17:10,564][com.java.TestType] [  505] -  str(1) = 2
[INFO ][2016-02-10 19:17:10,564][com.java.TestType] [  508] - Test case Id is---2
[INFO ][2016-02-10 19:17:10,564][com.java.TestType] [  510] - 2
[INFO ][2016-02-10 19:17:10,564][com.java.TestType] [  505] -  str(2) = 3
[INFO ][2016-02-10 19:17:10,564][com.java.TestType] [12463] - Looping 1TCID = 2
[DEBUG][2016-02-10 19:17:10,564][com.java.TestType] [12504] - Concept ID:2 :: Step being Executed: 2::1
[INFO ][2016-02-10 19:17:10,564][com.java.TestType] [12542] - dataFields : BNK//select[@id='bank']
[DEBUG][2016-02-10 19:17:10,564][com.java.TestType] [12548] - <In Set values of the page>
[DEBUG][2016-02-10 19:17:10,564][com.java.TestType] [12553] - {Data Fields & Data Values Exist}
[INFO ][2016-02-10 19:17:10,564][com.java.TestType] [12559] - --------------------------setting values-----------------------------
[INFO ][2016-02-10 19:17:10,564][com.java.TestType] [12562] - Action Type : Select
[INFO ][2016-02-10 19:17:10,564][com.java.TestType] [ 6884] - value = PFC
[INFO ][2016-02-10 19:17:10,764][com.java.TestType] [12581] -  RESULT true
[INFO ][2016-02-10 19:17:10,764][com.java.TestType] [12698] - ?   P A S S   ?
[DEBUG][2016-02-10 19:17:10,764][com.java.TestType] [12504] - Concept ID:2 :: Step being Executed: 2::2
[INFO ][2016-02-10 19:17:10,764][com.java.TestType] [12542] - dataFields : LNKLogout
[DEBUG][2016-02-10 19:17:10,764][com.java.TestType] [12548] - <In Set values of the page>
[DEBUG][2016-02-10 19:17:10,764][com.java.TestType] [12553] - {Data Fields & Data Values Exist}
[INFO ][2016-02-10 19:17:10,764][com.java.TestType] [12559] - --------------------------setting values-----------------------------
[INFO ][2016-02-10 19:17:10,764][com.java.TestType] [12562] - Action Type : WaitTime
[DEBUG][2016-02-10 19:17:10,764][com.java.TestType] [ 6693] - sleepTime: 5000
[INFO ][2016-02-10 19:17:15,764][com.java.TestType] [12581] -  RESULT true
[INFO ][2016-02-10 19:17:15,764][com.java.TestType] [12698] - ?   P A S S   ?
[INFO ][2016-02-10 19:17:15,764][com.java.TestType] [12769] - Looping End......
[INFO ][2016-02-10 19:17:15,764][com.java.SeleniumDriver] [  930] -  RESULT true
[INFO ][2016-02-10 19:17:15,764][com.java.SeleniumDriver] [ 1136] - ?   P A S S   ?
[INFO ][2016-02-10 19:17:15,764][com.java.SeleniumDriver] [  856] - ------------------------------------------
[INFO ][2016-02-10 19:17:15,764][com.java.SeleniumDriver] [  857] - Test case being Executed: 24
[INFO ][2016-02-10 19:17:15,764][com.java.SeleniumDriver] [  869] - Test step:4
[INFO ][2016-02-10 19:17:15,764][com.java.SeleniumDriver] [  881] - Datavalue is----------null
[DEBUG][2016-02-10 19:17:15,764][com.java.SeleniumDriver] [  899] - Exception: null
[INFO ][2016-02-10 19:17:15,764][com.java.SeleniumDriver] [  905] - DataField : //span[@class='icon-user4']&&//a[text()='G/L Mapping']&&//a[@data-id="AcctMapping"]
[INFO ][2016-02-10 19:17:15,764][com.java.SeleniumDriver] [  907] - DataValue : 
[INFO ][2016-02-10 19:17:15,764][com.java.SeleniumDriver] [  913] - <In Set values of the page>
[INFO ][2016-02-10 19:17:15,764][com.java.SeleniumDriver] [  916] - {Data Fields & Data Values Exist}
[INFO ][2016-02-10 19:17:15,764][com.java.SeleniumDriver] [  918] - --------------------------setting values-----------------------------
[INFO ][2016-02-10 19:17:15,764][com.java.SeleniumDriver] [  921] - Action Type : MOUSEOVER
[INFO ][2016-02-10 19:18:00,488][com.java.SeleniumDriver] [  930] -  RESULT true
[INFO ][2016-02-10 19:18:00,488][com.java.SeleniumDriver] [ 1136] - ?   P A S S   ?
[INFO ][2016-02-10 19:18:00,488][com.java.SeleniumDriver] [  856] - ------------------------------------------
[INFO ][2016-02-10 19:18:00,488][com.java.SeleniumDriver] [  857] - Test case being Executed: 24
[INFO ][2016-02-10 19:18:00,488][com.java.SeleniumDriver] [  869] - Test step:5
[INFO ][2016-02-10 19:18:00,488][com.java.SeleniumDriver] [  881] - Datavalue is----------Assets
[INFO ][2016-02-10 19:18:00,488][com.java.SeleniumDriver] [  905] - DataField : XPH//*[@id='glMappingTabAssets']
[INFO ][2016-02-10 19:18:00,488][com.java.SeleniumDriver] [  907] - DataValue : Assets
[INFO ][2016-02-10 19:18:00,488][com.java.SeleniumDriver] [  913] - <In Set values of the page>
[INFO ][2016-02-10 19:18:00,488][com.java.SeleniumDriver] [  916] - {Data Fields & Data Values Exist}
[INFO ][2016-02-10 19:18:00,488][com.java.SeleniumDriver] [  918] - --------------------------setting values-----------------------------
[INFO ][2016-02-10 19:18:00,488][com.java.SeleniumDriver] [  921] - Action Type : VERIFY
[INFO ][2016-02-10 19:18:00,488][com.java.TestType] [ 8585] - field= XPH//*[@id='glMappingTabAssets'] value= Assets
[INFO ][2016-02-10 19:18:00,488][com.java.TestType] [ 6884] - value = Assets
[INFO ][2016-02-10 19:18:00,715][com.java.SeleniumDriver] [  930] -  RESULT true
[INFO ][2016-02-10 19:18:00,715][com.java.SeleniumDriver] [ 1136] - ?   P A S S   ?
[INFO ][2016-02-10 19:18:00,715][com.java.SeleniumDriver] [  856] - ------------------------------------------
[INFO ][2016-02-10 19:18:00,715][com.java.SeleniumDriver] [  857] - Test case being Executed: 24
[INFO ][2016-02-10 19:18:00,715][com.java.SeleniumDriver] [  869] - Test step:6
[INFO ][2016-02-10 19:18:00,715][com.java.SeleniumDriver] [  881] - Datavalue is----------null
[DEBUG][2016-02-10 19:18:00,715][com.java.SeleniumDriver] [  899] - Exception: null
[INFO ][2016-02-10 19:18:00,715][com.java.SeleniumDriver] [  905] - DataField : FEA
[INFO ][2016-02-10 19:18:00,715][com.java.SeleniumDriver] [  907] - DataValue : 
[INFO ][2016-02-10 19:18:00,715][com.java.SeleniumDriver] [  913] - <In Set values of the page>
[INFO ][2016-02-10 19:18:00,715][com.java.SeleniumDriver] [  916] - {Data Fields & Data Values Exist}
[INFO ][2016-02-10 19:18:00,715][com.java.SeleniumDriver] [  918] - --------------------------setting values-----------------------------
[INFO ][2016-02-10 19:18:00,715][com.java.SeleniumDriver] [  921] - Action Type : CLICKACCOUNT
[INFO ][2016-02-10 19:18:31,905][com.java.SeleniumDriver] [  930] -  RESULT true
[INFO ][2016-02-10 19:18:31,905][com.java.SeleniumDriver] [ 1136] - ?   P A S S   ?
[INFO ][2016-02-10 19:18:31,905][com.java.SeleniumDriver] [  856] - ------------------------------------------
[INFO ][2016-02-10 19:18:31,905][com.java.SeleniumDriver] [  857] - Test case being Executed: 24
[INFO ][2016-02-10 19:18:31,905][com.java.SeleniumDriver] [  869] - Test step:7
[INFO ][2016-02-10 19:18:31,905][com.java.SeleniumDriver] [  881] - Datavalue is----------5
[INFO ][2016-02-10 19:18:31,905][com.java.SeleniumDriver] [  905] - DataField : test
[INFO ][2016-02-10 19:18:31,905][com.java.SeleniumDriver] [  907] - DataValue : 5
[INFO ][2016-02-10 19:18:31,905][com.java.SeleniumDriver] [  913] - <In Set values of the page>
[INFO ][2016-02-10 19:18:31,905][com.java.SeleniumDriver] [  916] - {Data Fields & Data Values Exist}
[INFO ][2016-02-10 19:18:31,905][com.java.SeleniumDriver] [  918] - --------------------------setting values-----------------------------
[INFO ][2016-02-10 19:18:31,905][com.java.SeleniumDriver] [  921] - Action Type : WAITTIME
[DEBUG][2016-02-10 19:18:31,905][com.java.TestType] [ 6693] - sleepTime: 5000
[INFO ][2016-02-10 19:18:36,906][com.java.SeleniumDriver] [  930] -  RESULT true
[INFO ][2016-02-10 19:18:36,906][com.java.SeleniumDriver] [ 1136] - ?   P A S S   ?
[INFO ][2016-02-10 19:18:36,906][com.java.SeleniumDriver] [  856] - ------------------------------------------
[INFO ][2016-02-10 19:18:36,906][com.java.SeleniumDriver] [  857] - Test case being Executed: 24
[INFO ][2016-02-10 19:18:36,906][com.java.SeleniumDriver] [  869] - Test step:8
[INFO ][2016-02-10 19:18:36,906][com.java.SeleniumDriver] [  881] - Datavalue is----------GL Account Mapping
[INFO ][2016-02-10 19:18:36,906][com.java.SeleniumDriver] [  905] - DataField : XPH//span[contains(text(),'GL Account Mapping')]
[INFO ][2016-02-10 19:18:36,906][com.java.SeleniumDriver] [  907] - DataValue : GL Account Mapping
[INFO ][2016-02-10 19:18:36,906][com.java.SeleniumDriver] [  913] - <In Set values of the page>
[INFO ][2016-02-10 19:18:36,906][com.java.SeleniumDriver] [  916] - {Data Fields & Data Values Exist}
[INFO ][2016-02-10 19:18:36,906][com.java.SeleniumDriver] [  918] - --------------------------setting values-----------------------------
[INFO ][2016-02-10 19:18:36,906][com.java.SeleniumDriver] [  921] - Action Type : VERIFY
[INFO ][2016-02-10 19:18:36,906][com.java.TestType] [ 8585] - field= XPH//span[contains(text(),'GL Account Mapping')] value= GL Account Mapping
[INFO ][2016-02-10 19:18:36,906][com.java.TestType] [ 6884] - value = GL Account Mapping
[ERROR][2016-02-10 19:18:50,111][com.java.TestType] [ 9127] - Element  not found ://span[contains(text(),'GL Account Mapping')]
[INFO ][2016-02-10 19:18:50,111][com.java.SeleniumDriver] [  930] -  RESULT false
[INFO ][2016-02-10 19:18:50,111][com.java.SeleniumDriver] [  977] - ?   F A I L   ?
[INFO ][2016-02-10 19:18:50,111][com.java.SeleniumDriver] [  985] - Browser Type : IE10
[INFO ][2016-02-10 19:18:50,111][com.java.SeleniumDriver] [  986] - Adding Failed case24
[INFO ][2016-02-10 19:18:50,321][com.java.SeleniumDriver] [ 1100] - failedCases = 24
[ERROR][2016-02-10 19:18:50,321][com.java.SeleniumDriver] [ 1599] - Platform Errors : Our apologies...::We have encountered an issue with your request.::Our apologies?:We encountered an issue with your request.
[INFO ][2016-02-10 19:18:50,321][com.java.SeleniumDriver] [ 1603] - Length =3
[ERROR][2016-02-10 19:18:50,321][com.java.SeleniumDriver] [ 1606] - Error 0 = Our apologies...
[ERROR][2016-02-10 19:18:50,421][com.java.SeleniumDriver] [ 1606] - Error 1 = We have encountered an issue with your request.
[ERROR][2016-02-10 19:18:50,501][com.java.SeleniumDriver] [ 1606] - Error 2 = Our apologies?:We encountered an issue with your request.
[INFO ][2016-02-10 19:18:50,601][com.java.SeleniumDriver] [ 1617] - strError:
[DEBUG][2016-02-10 19:18:50,621][com.java.SeleniumDriver] [ 1248] - Case found
[DEBUG][2016-02-10 19:18:50,621][com.java.SeleniumDriver] [ 1253] - Incrementing ReportCounters[0]:2
[INFO ][2016-02-10 19:18:50,621][com.java.SeleniumDriver] [ 1272] - The results are-------------------[24, 8, Admin: GL Mapping: Account Mapping: Attempt to Map G/L Account with Fee Account without Mapping to Child Account, Fail, 
Test case failed at Step No. :: 8   Error Message ::  Element not found://span[contains(text(),'GL Account Mapping')]. Screen Shot : D:\BankersDashboard\TestReports\021016\24_021016_191850_IE10.png, Wed Feb 10 19:18:50 IST 2016]
[INFO ][2016-02-10 19:18:50,621][com.java.SeleniumDriver] [ 1276] - End time is-------2 min 36 sec
[INFO ][2016-02-10 19:18:50,621][com.java.SeleniumDriver] [ 1277] - The results are-------------------[24, 8, Admin: GL Mapping: Account Mapping: Attempt to Map G/L Account with Fee Account without Mapping to Child Account, Fail, 
Test case failed at Step No. :: 8   Error Message ::  Element not found://span[contains(text(),'GL Account Mapping')]. Screen Shot : D:\BankersDashboard\TestReports\021016\24_021016_191850_IE10.png, Wed Feb 10 19:18:50 IST 2016]
[DEBUG][2016-02-10 19:18:50,621][com.java.ImportnExport.ExportTestResultsExcel] [  222] - testResultPath = D:\BankersDashboard/TestReports/Test Results_BankersDashBoard_021016_191616_IE10_First Bank.xls
[DEBUG][2016-02-10 19:18:50,621][com.java.ImportnExport.ExportTestResultsExcel] [  223] - browser is------------IE10
[DEBUG][2016-02-10 19:18:50,621][com.java.ImportnExport.ExportTestResultsExcel] [  270] - result.size() = 6
[DEBUG][2016-02-10 19:18:50,621][com.java.ImportnExport.ExportTestResultsExcel] [  274] - No of rows in sheet=2
[DEBUG][2016-02-10 19:18:50,621][com.java.ImportnExport.ExportTestResultsExcel] [  301] - ..in export..24
[DEBUG][2016-02-10 19:18:50,621][com.java.ImportnExport.ExportTestResultsExcel] [  301] - ..in export..Admin: GL Mapping: Account Mapping: Attempt to Map G/L Account with Fee Account without Mapping to Child Account
[DEBUG][2016-02-10 19:18:50,621][com.java.ImportnExport.ExportTestResultsExcel] [  301] - ..in export..Fail
[DEBUG][2016-02-10 19:18:50,621][com.java.ImportnExport.ExportTestResultsExcel] [  301] - ..in export..
Test case failed at Step No. :: 8   Error Message ::  Element not found://span[contains(text(),'GL Account Mapping')]. Screen Shot : D:\BankersDashboard\TestReports\021016\24_021016_191850_IE10.png
[DEBUG][2016-02-10 19:18:50,621][com.java.ImportnExport.ExportTestResultsExcel] [  301] - ..in export..Wed Feb 10 19:18:50 IST 2016
[INFO ][2016-02-10 19:18:50,621][com.java.SeleniumDriver] [ 1337] - out loop:1 size:2 TestCases:[1, 24] testcases:[1, 24]
[INFO ][2016-02-10 19:18:52,621][com.java.SeleniumDriver] [ 1380] - Total Number of Cases:2
[INFO ][2016-02-10 19:18:52,621][com.java.TemplateGenerator] [  302] - Executed:2
[INFO ][2016-02-10 19:18:52,621][com.java.TemplateGenerator] [  303] - Passed:1
[INFO ][2016-02-10 19:18:52,621][com.java.TemplateGenerator] [  304] - Failed:1
[INFO ][2016-02-10 19:18:52,621][com.java.TemplateGenerator] [  305] - Skipeed:0
[INFO ][2016-02-10 19:18:52,621][com.java.TemplateGenerator] [  306] - Application URL:https://clients-xuat.bankersdashboard.com
[INFO ][2016-02-10 19:18:52,621][com.java.TemplateGenerator] [  307] - Start Time:021016_191616
[INFO ][2016-02-10 19:18:52,621][com.java.TemplateGenerator] [  308] -  Creating HTML Report 
[ERROR][2016-02-10 19:18:52,621][com.java.TemplateGenerator] [  409] - Unparseable date: "Wed Feb 10 07:16:16 IST 2016"
[INFO ][2016-02-10 19:18:52,621][com.java.TemplateGenerator] [  654] -  Exporting case :: 1
[INFO ][2016-02-10 19:18:52,621][com.java.TemplateGenerator] [  654] -  Exporting case :: 24
[INFO ][2016-02-10 19:18:52,621][com.java.SeleniumDriver] [ 1429] - End Time:021016_191852
[INFO ][2016-02-10 19:18:52,621][com.java.SeleniumDriver] [ 1432] - Data in Test Execution Details:{1=PASS, 24=FAILTest case failed at Step No. :: 8   Error Message ::  Element not found://span[contains(text(),'GL Account Mapping')]}
[INFO ][2016-02-10 19:18:52,621][com.java.SeleniumDriver] [ 1433] - Data in Failed Execution Deatils:{}
[INFO ][2016-02-10 19:18:52,621][com.java.SeleniumDriver] [ 1435] - ReportCounter:Total:2 :: PASS: 1 ::FAIL: 1
[INFO ][2016-02-10 19:18:52,621][com.java.SeleniumDriver] [ 1436] - FailedReportCounter:Total:0 :: PASS: 0 ::FAIL: 0
[INFO ][2016-02-10 19:18:52,622][com.java.EmailTestReport] [   63] - Sending report mail details:
[INFO ][2016-02-10 19:18:52,622][com.java.EmailTestReport] [   80] - Excel Report Path:D:\BankersDashboard/TestReports/Test Results_BankersDashBoard_021016_191616_IE10_First Bank.xls
[INFO ][2016-02-10 19:18:52,622][com.java.EmailTestReport] [   81] - HTML Report Path:D:\BankersDashboard//TestReports//Test Results_BankersDashBoard_021016_191616_IE10_First Bank.html
[INFO ][2016-02-10 19:18:52,622][com.java.EmailTestReport] [   82] - smtpHostName:mail01.valuelabs.com
[INFO ][2016-02-10 19:18:52,622][com.java.EmailTestReport] [   83] - Recipient:venkateswararao.gubbala@valuelabs.com;
[INFO ][2016-02-10 19:18:52,622][com.java.EmailTestReport] [   84] - From:venkateswararao.gubbala@valuelabs.com;
[INFO ][2016-02-10 19:18:52,622][com.java.EmailTestReport] [   85] - Subject:Deluxe Corp Bankers Dashboard Automation Test Report - First Bank - IE10
[INFO ][2016-02-10 19:18:52,652][com.java.EmailTestReport] [  143] -  Added venkateswararao.gubbala@valuelabs.com
[INFO ][2016-02-10 19:18:56,102][com.java.SeleniumDriver] [  722] - quitting the browser 
[INFO ][2016-02-10 19:18:58,409][com.java.SeleniumDriver] [  264] - Execution Completed Stopping the thread
