[INFO ][2015-11-27 18:26:16,618][com.java.SeleniumDriver] [  213] - Execute Failed Casestrue
[INFO ][2015-11-27 18:26:16,618][com.java.SeleniumDriver] [  214] - Browser: IE10
[INFO ][2015-11-27 18:26:16,618][com.java.SeleniumDriver] [  215] - [1, 2]
[INFO ][2015-11-27 18:26:16,618][com.java.SeleniumDriver] [  216] - Total TestCases:2
[INFO ][2015-11-27 18:26:16,618][com.java.SeleniumDriver] [  217] -  Reading Properties from Property File 
[DEBUG][2015-11-27 18:26:16,618][com.java.SeleniumDriver] [  238] - url : https://clients-xuat.bankersdashboard.com
[INFO ][2015-11-27 18:26:16,618][com.java.ImportnExport.ExportTestResultsExcel] [  116] - Time Stamp Fri Nov 27 06:26:16 IST 2015
[INFO ][2015-11-27 18:26:16,618][com.java.ImportnExport.ExportTestResultsExcel] [  175] - OUT FILE : D:\BankersDashboard/TestReports/Test Results_BankersDashBoard_112715_182616_IE10_Any Bank USA.xls
[INFO ][2015-11-27 18:26:16,648][com.java.ImportnExport.ExportTestResultsExcel] [  180] - Test Result file is created
[DEBUG][2015-11-27 18:26:16,749][com.java.SeleniumDriver] [  425] - Hub ip address is-------172.17.68.34
[INFO ][2015-11-27 18:26:16,749][com.java.SeleniumDriver] [  451] - Grid URL:http://172.17.68.34:4444/wd/hub
[INFO ][2015-11-27 18:26:16,749][com.java.SeleniumDriver] [  452] - Capability:Capabilities [{platform=ANY, ensureCleanSession=true, ignoreProtectedModeSettings=true, acceptSslCerts=true, ignoreZoomSetting=true, browserName=internet explorer, browserstack.ie.noFlash=true, version=null}]
[ERROR][2015-11-27 18:26:18,089][com.java.SeleniumDriver] [  496] - Unable invoke browser in grid:Could not start a new session. Possible causes are invalid address of the remote server or browser start-up failure.
Build info: version: '2.48.2', revision: '41bccdd', time: '2015-10-09 19:59:12'
System info: host: 'FVTIII438F1D', ip: '172.17.68.34', os.name: 'Windows 7', os.arch: 'x86', os.version: '6.1', java.version: '1.7.0_55'
Driver info: driver.version: SeleniumDriver
[INFO ][2015-11-27 18:26:18,089][com.java.SeleniumDriver] [  498] - Executing on local machine
[INFO ][2015-11-27 18:26:27,773][com.java.SeleniumDriver] [  248] - IE10is opened
[INFO ][2015-11-27 18:26:28,596][com.java.SeleniumDriver] [  753] - Test cases to be executed are: [1, 2]
[INFO ][2015-11-27 18:26:28,607][com.java.ImportnExport.ImportTestDataDetailsExcel] [   49] - test data details path===== D:\BankersDashboard\TestInputs\TestData.xls
[INFO ][2015-11-27 18:26:30,387][com.java.SeleniumDriver] [  796] - ------------------------------------------
[INFO ][2015-11-27 18:26:30,387][com.java.SeleniumDriver] [  797] - Test case being Executed: 1
[INFO ][2015-11-27 18:26:30,387][com.java.SeleniumDriver] [  808] - Test step:1
[INFO ][2015-11-27 18:26:30,387][com.java.SeleniumDriver] [  820] - Datavalue is----------Concept#1:1-14
[INFO ][2015-11-27 18:26:30,387][com.java.SeleniumDriver] [  844] - DataField : test
[INFO ][2015-11-27 18:26:30,387][com.java.SeleniumDriver] [  846] - DataValue : Concept#1:1-14
[INFO ][2015-11-27 18:26:30,387][com.java.SeleniumDriver] [  852] - <In Set values of the page>
[INFO ][2015-11-27 18:26:30,387][com.java.SeleniumDriver] [  855] - {Data Fields & Data Values Exist}
[INFO ][2015-11-27 18:26:30,387][com.java.SeleniumDriver] [  857] - --------------------------setting values-----------------------------
[INFO ][2015-11-27 18:26:30,387][com.java.SeleniumDriver] [  860] - Action Type : ExecuteTestCase
[INFO ][2015-11-27 18:26:30,418][com.java.TestType] [  432] - The Concept sheet name is ---------- Concept
[INFO ][2015-11-27 18:26:30,418][com.java.TestType] [  435] - The Concept ID  is ---------- 1
[DEBUG][2015-11-27 18:26:30,418][com.java.TestType] [  439] - Steps being executted in the Concept are: 1:14
[INFO ][2015-11-27 18:26:30,418][com.java.TestType] [  446] - Test data details path ---------- D:\BankersDashboard\TestInputs\TestData.xls
[INFO ][2015-11-27 18:26:31,008][com.java.TestType] [  477] -  str(1) = 1
[INFO ][2015-11-27 18:26:31,008][com.java.TestType] [  480] - Test case Id is---1
[INFO ][2015-11-27 18:26:31,008][com.java.TestType] [  482] - 1
[INFO ][2015-11-27 18:26:31,008][com.java.TestType] [  477] -  str(2) = 1
[INFO ][2015-11-27 18:26:31,008][com.java.TestType] [  529] - row values are--------{1=com.java.Objects.TestDataDetails@2ff0ee}
[INFO ][2015-11-27 18:26:31,008][com.java.TestType] [  477] -  str(1) = 1
[INFO ][2015-11-27 18:26:31,008][com.java.TestType] [  480] - Test case Id is---1
[INFO ][2015-11-27 18:26:31,008][com.java.TestType] [  482] - 1
[INFO ][2015-11-27 18:26:31,008][com.java.TestType] [  477] -  str(2) = 2
[INFO ][2015-11-27 18:26:31,008][com.java.TestType] [  529] - row values are--------{1=com.java.Objects.TestDataDetails@2ff0ee, 2=com.java.Objects.TestDataDetails@6dee4c}
[INFO ][2015-11-27 18:26:31,008][com.java.TestType] [  477] -  str(1) = 1
[INFO ][2015-11-27 18:26:31,008][com.java.TestType] [  480] - Test case Id is---1
[INFO ][2015-11-27 18:26:31,008][com.java.TestType] [  482] - 1
[INFO ][2015-11-27 18:26:31,008][com.java.TestType] [  477] -  str(2) = 3
[INFO ][2015-11-27 18:26:31,008][com.java.TestType] [  529] - row values are--------{1=com.java.Objects.TestDataDetails@2ff0ee, 2=com.java.Objects.TestDataDetails@6dee4c, 3=com.java.Objects.TestDataDetails@f5627f}
[INFO ][2015-11-27 18:26:31,008][com.java.TestType] [  477] -  str(1) = 1
[INFO ][2015-11-27 18:26:31,008][com.java.TestType] [  480] - Test case Id is---1
[INFO ][2015-11-27 18:26:31,008][com.java.TestType] [  482] - 1
[INFO ][2015-11-27 18:26:31,008][com.java.TestType] [  477] -  str(2) = 4
[INFO ][2015-11-27 18:26:31,008][com.java.TestType] [  529] - row values are--------{1=com.java.Objects.TestDataDetails@2ff0ee, 2=com.java.Objects.TestDataDetails@6dee4c, 3=com.java.Objects.TestDataDetails@f5627f, 4=com.java.Objects.TestDataDetails@1b7815e}
[INFO ][2015-11-27 18:26:31,008][com.java.TestType] [  477] -  str(1) = 1
[INFO ][2015-11-27 18:26:31,018][com.java.TestType] [  480] - Test case Id is---1
[INFO ][2015-11-27 18:26:31,018][com.java.TestType] [  482] - 1
[INFO ][2015-11-27 18:26:31,018][com.java.TestType] [  477] -  str(2) = 5
[INFO ][2015-11-27 18:26:31,018][com.java.TestType] [  529] - row values are--------{1=com.java.Objects.TestDataDetails@2ff0ee, 2=com.java.Objects.TestDataDetails@6dee4c, 3=com.java.Objects.TestDataDetails@f5627f, 4=com.java.Objects.TestDataDetails@1b7815e, 5=com.java.Objects.TestDataDetails@19a0eb1}
[INFO ][2015-11-27 18:26:31,018][com.java.TestType] [  477] -  str(1) = 1
[INFO ][2015-11-27 18:26:31,018][com.java.TestType] [  480] - Test case Id is---1
[INFO ][2015-11-27 18:26:31,018][com.java.TestType] [  482] - 1
[INFO ][2015-11-27 18:26:31,018][com.java.TestType] [  477] -  str(2) = 6
[INFO ][2015-11-27 18:26:31,018][com.java.TestType] [  529] - row values are--------{1=com.java.Objects.TestDataDetails@2ff0ee, 2=com.java.Objects.TestDataDetails@6dee4c, 3=com.java.Objects.TestDataDetails@f5627f, 4=com.java.Objects.TestDataDetails@1b7815e, 5=com.java.Objects.TestDataDetails@19a0eb1, 6=com.java.Objects.TestDataDetails@1b00667}
[INFO ][2015-11-27 18:26:31,018][com.java.TestType] [  477] -  str(1) = 1
[INFO ][2015-11-27 18:26:31,018][com.java.TestType] [  480] - Test case Id is---1
[INFO ][2015-11-27 18:26:31,018][com.java.TestType] [  482] - 1
[INFO ][2015-11-27 18:26:31,018][com.java.TestType] [  477] -  str(2) = 7
[INFO ][2015-11-27 18:26:31,018][com.java.TestType] [  529] - row values are--------{1=com.java.Objects.TestDataDetails@2ff0ee, 2=com.java.Objects.TestDataDetails@6dee4c, 3=com.java.Objects.TestDataDetails@f5627f, 4=com.java.Objects.TestDataDetails@1b7815e, 5=com.java.Objects.TestDataDetails@19a0eb1, 6=com.java.Objects.TestDataDetails@1b00667, 7=com.java.Objects.TestDataDetails@1e63c41}
[INFO ][2015-11-27 18:26:31,018][com.java.TestType] [  477] -  str(1) = 1
[INFO ][2015-11-27 18:26:31,018][com.java.TestType] [  480] - Test case Id is---1
[INFO ][2015-11-27 18:26:31,018][com.java.TestType] [  482] - 1
[INFO ][2015-11-27 18:26:31,018][com.java.TestType] [  477] -  str(2) = 8
[INFO ][2015-11-27 18:26:31,018][com.java.TestType] [  529] - row values are--------{1=com.java.Objects.TestDataDetails@2ff0ee, 2=com.java.Objects.TestDataDetails@6dee4c, 3=com.java.Objects.TestDataDetails@f5627f, 4=com.java.Objects.TestDataDetails@1b7815e, 5=com.java.Objects.TestDataDetails@19a0eb1, 6=com.java.Objects.TestDataDetails@1b00667, 7=com.java.Objects.TestDataDetails@1e63c41, 8=com.java.Objects.TestDataDetails@17ff62f}
[INFO ][2015-11-27 18:26:31,018][com.java.TestType] [  477] -  str(1) = 1
[INFO ][2015-11-27 18:26:31,018][com.java.TestType] [  480] - Test case Id is---1
[INFO ][2015-11-27 18:26:31,018][com.java.TestType] [  482] - 1
[INFO ][2015-11-27 18:26:31,018][com.java.TestType] [  477] -  str(2) = 9
[INFO ][2015-11-27 18:26:31,018][com.java.TestType] [  529] - row values are--------{1=com.java.Objects.TestDataDetails@2ff0ee, 2=com.java.Objects.TestDataDetails@6dee4c, 3=com.java.Objects.TestDataDetails@f5627f, 4=com.java.Objects.TestDataDetails@1b7815e, 5=com.java.Objects.TestDataDetails@19a0eb1, 6=com.java.Objects.TestDataDetails@1b00667, 7=com.java.Objects.TestDataDetails@1e63c41, 8=com.java.Objects.TestDataDetails@17ff62f, 9=com.java.Objects.TestDataDetails@6d3603}
[INFO ][2015-11-27 18:26:31,018][com.java.TestType] [  477] -  str(1) = 1
[INFO ][2015-11-27 18:26:31,018][com.java.TestType] [  480] - Test case Id is---1
[INFO ][2015-11-27 18:26:31,018][com.java.TestType] [  482] - 1
[INFO ][2015-11-27 18:26:31,018][com.java.TestType] [  477] -  str(2) = 10
[INFO ][2015-11-27 18:26:31,018][com.java.TestType] [  529] - row values are--------{1=com.java.Objects.TestDataDetails@2ff0ee, 2=com.java.Objects.TestDataDetails@6dee4c, 3=com.java.Objects.TestDataDetails@f5627f, 4=com.java.Objects.TestDataDetails@1b7815e, 5=com.java.Objects.TestDataDetails@19a0eb1, 6=com.java.Objects.TestDataDetails@1b00667, 7=com.java.Objects.TestDataDetails@1e63c41, 8=com.java.Objects.TestDataDetails@17ff62f, 9=com.java.Objects.TestDataDetails@6d3603, 10=com.java.Objects.TestDataDetails@1bda9b9}
[INFO ][2015-11-27 18:26:31,018][com.java.TestType] [  477] -  str(1) = 1
[INFO ][2015-11-27 18:26:31,018][com.java.TestType] [  480] - Test case Id is---1
[INFO ][2015-11-27 18:26:31,018][com.java.TestType] [  482] - 1
[INFO ][2015-11-27 18:26:31,018][com.java.TestType] [  477] -  str(2) = 11
[INFO ][2015-11-27 18:26:31,018][com.java.TestType] [  529] - row values are--------{1=com.java.Objects.TestDataDetails@2ff0ee, 2=com.java.Objects.TestDataDetails@6dee4c, 3=com.java.Objects.TestDataDetails@f5627f, 4=com.java.Objects.TestDataDetails@1b7815e, 5=com.java.Objects.TestDataDetails@19a0eb1, 6=com.java.Objects.TestDataDetails@1b00667, 7=com.java.Objects.TestDataDetails@1e63c41, 8=com.java.Objects.TestDataDetails@17ff62f, 9=com.java.Objects.TestDataDetails@6d3603, 10=com.java.Objects.TestDataDetails@1bda9b9, 11=com.java.Objects.TestDataDetails@1aeb73d}
[INFO ][2015-11-27 18:26:31,018][com.java.TestType] [  477] -  str(1) = 1
[INFO ][2015-11-27 18:26:31,018][com.java.TestType] [  480] - Test case Id is---1
[INFO ][2015-11-27 18:26:31,028][com.java.TestType] [  482] - 1
[INFO ][2015-11-27 18:26:31,028][com.java.TestType] [  477] -  str(2) = 12
[INFO ][2015-11-27 18:26:31,028][com.java.TestType] [  529] - row values are--------{1=com.java.Objects.TestDataDetails@2ff0ee, 2=com.java.Objects.TestDataDetails@6dee4c, 3=com.java.Objects.TestDataDetails@f5627f, 4=com.java.Objects.TestDataDetails@1b7815e, 5=com.java.Objects.TestDataDetails@19a0eb1, 6=com.java.Objects.TestDataDetails@1b00667, 7=com.java.Objects.TestDataDetails@1e63c41, 8=com.java.Objects.TestDataDetails@17ff62f, 9=com.java.Objects.TestDataDetails@6d3603, 10=com.java.Objects.TestDataDetails@1bda9b9, 11=com.java.Objects.TestDataDetails@1aeb73d, 12=com.java.Objects.TestDataDetails@1d7dfe4}
[INFO ][2015-11-27 18:26:31,028][com.java.TestType] [  477] -  str(1) = 1
[INFO ][2015-11-27 18:26:31,028][com.java.TestType] [  480] - Test case Id is---1
[INFO ][2015-11-27 18:26:31,028][com.java.TestType] [  482] - 1
[INFO ][2015-11-27 18:26:31,028][com.java.TestType] [  477] -  str(2) = 13
[INFO ][2015-11-27 18:26:31,028][com.java.TestType] [  529] - row values are--------{1=com.java.Objects.TestDataDetails@2ff0ee, 2=com.java.Objects.TestDataDetails@6dee4c, 3=com.java.Objects.TestDataDetails@f5627f, 4=com.java.Objects.TestDataDetails@1b7815e, 5=com.java.Objects.TestDataDetails@19a0eb1, 6=com.java.Objects.TestDataDetails@1b00667, 7=com.java.Objects.TestDataDetails@1e63c41, 8=com.java.Objects.TestDataDetails@17ff62f, 9=com.java.Objects.TestDataDetails@6d3603, 10=com.java.Objects.TestDataDetails@1bda9b9, 11=com.java.Objects.TestDataDetails@1aeb73d, 12=com.java.Objects.TestDataDetails@1d7dfe4, 13=com.java.Objects.TestDataDetails@c33633}
[INFO ][2015-11-27 18:26:31,028][com.java.TestType] [  477] -  str(1) = 1
[INFO ][2015-11-27 18:26:31,028][com.java.TestType] [  480] - Test case Id is---1
[INFO ][2015-11-27 18:26:31,028][com.java.TestType] [  482] - 1
[INFO ][2015-11-27 18:26:31,028][com.java.TestType] [  477] -  str(2) = 14
[INFO ][2015-11-27 18:26:31,028][com.java.TestType] [  529] - row values are--------{1=com.java.Objects.TestDataDetails@2ff0ee, 2=com.java.Objects.TestDataDetails@6dee4c, 3=com.java.Objects.TestDataDetails@f5627f, 4=com.java.Objects.TestDataDetails@1b7815e, 5=com.java.Objects.TestDataDetails@19a0eb1, 6=com.java.Objects.TestDataDetails@1b00667, 7=com.java.Objects.TestDataDetails@1e63c41, 8=com.java.Objects.TestDataDetails@17ff62f, 9=com.java.Objects.TestDataDetails@6d3603, 10=com.java.Objects.TestDataDetails@1bda9b9, 11=com.java.Objects.TestDataDetails@1aeb73d, 12=com.java.Objects.TestDataDetails@1d7dfe4, 13=com.java.Objects.TestDataDetails@c33633, 14=com.java.Objects.TestDataDetails@14b3a91}
[INFO ][2015-11-27 18:26:31,028][com.java.TestType] [ 9265] - Looping 1TCID = 1
[DEBUG][2015-11-27 18:26:31,028][com.java.TestType] [ 9306] - Concept ID:1 :: Step being Executed: 1::1
[INFO ][2015-11-27 18:26:31,028][com.java.TestType] [ 9344] - dataFields : TXTusername
[DEBUG][2015-11-27 18:26:31,028][com.java.TestType] [ 9350] - <In Set values of the page>
[DEBUG][2015-11-27 18:26:31,028][com.java.TestType] [ 9355] - {Data Fields & Data Values Exist}
[INFO ][2015-11-27 18:26:31,028][com.java.TestType] [ 9361] - --------------------------setting values-----------------------------
[INFO ][2015-11-27 18:26:31,028][com.java.TestType] [ 9364] - Action Type : CLEARANDENTER
[INFO ][2015-11-27 18:26:31,028][com.java.TestType] [ 4790] - value = naresh.nayini.00000
[INFO ][2015-11-27 18:26:35,880][com.java.TestType] [ 9383] -  RESULT true
[INFO ][2015-11-27 18:26:35,880][com.java.TestType] [ 9500] - ?   P A S S   ?
[DEBUG][2015-11-27 18:26:35,880][com.java.TestType] [ 9306] - Concept ID:1 :: Step being Executed: 1::2
[INFO ][2015-11-27 18:26:35,880][com.java.TestType] [ 9344] - dataFields : TXTpassword
[DEBUG][2015-11-27 18:26:35,880][com.java.TestType] [ 9350] - <In Set values of the page>
[DEBUG][2015-11-27 18:26:35,880][com.java.TestType] [ 9355] - {Data Fields & Data Values Exist}
[INFO ][2015-11-27 18:26:35,880][com.java.TestType] [ 9361] - --------------------------setting values-----------------------------
[INFO ][2015-11-27 18:26:35,880][com.java.TestType] [ 9364] - Action Type : CLEARANDENTER
[INFO ][2015-11-27 18:26:35,880][com.java.TestType] [ 4790] - value = Password1*
[INFO ][2015-11-27 18:26:40,837][com.java.TestType] [ 9383] -  RESULT true
[INFO ][2015-11-27 18:26:40,837][com.java.TestType] [ 9500] - ?   P A S S   ?
[DEBUG][2015-11-27 18:26:40,837][com.java.TestType] [ 9306] - Concept ID:1 :: Step being Executed: 1::3
[ERROR][2015-11-27 18:26:40,837][com.java.TestType] [ 9339] - Exception: null
[INFO ][2015-11-27 18:26:40,837][com.java.TestType] [ 9344] - dataFields : XPH//button[@type='submit']
[DEBUG][2015-11-27 18:26:40,837][com.java.TestType] [ 9350] - <In Set values of the page>
[DEBUG][2015-11-27 18:26:40,837][com.java.TestType] [ 9355] - {Data Fields & Data Values Exist}
[INFO ][2015-11-27 18:26:40,837][com.java.TestType] [ 9361] - --------------------------setting values-----------------------------
[INFO ][2015-11-27 18:26:40,837][com.java.TestType] [ 9364] - Action Type : Click
[INFO ][2015-11-27 18:26:40,837][com.java.TestType] [ 5118] - Field ::XPH//button[@type='submit']
[INFO ][2015-11-27 18:26:41,837][com.java.TestType] [ 5205] - BEFORE CLICK
[INFO ][2015-11-27 18:26:42,694][com.java.TestType] [ 5213] - Unable to click the object Login
[INFO ][2015-11-27 18:26:42,694][com.java.TestType] [ 9383] -  RESULT true
[INFO ][2015-11-27 18:26:42,694][com.java.TestType] [ 9500] - ?   P A S S   ?
[DEBUG][2015-11-27 18:26:42,694][com.java.TestType] [ 9306] - Concept ID:1 :: Step being Executed: 1::4
[INFO ][2015-11-27 18:26:42,694][com.java.TestType] [ 9344] - dataFields : LNKLogout
[DEBUG][2015-11-27 18:26:42,694][com.java.TestType] [ 9350] - <In Set values of the page>
[DEBUG][2015-11-27 18:26:42,694][com.java.TestType] [ 9355] - {Data Fields & Data Values Exist}
[INFO ][2015-11-27 18:26:42,694][com.java.TestType] [ 9361] - --------------------------setting values-----------------------------
[INFO ][2015-11-27 18:26:42,694][com.java.TestType] [ 9364] - Action Type : WaitForElement
[INFO ][2015-11-27 18:26:46,048][com.java.TestType] [ 9383] -  RESULT true
[INFO ][2015-11-27 18:26:46,048][com.java.TestType] [ 9500] - ?   P A S S   ?
[DEBUG][2015-11-27 18:26:46,048][com.java.TestType] [ 9306] - Concept ID:1 :: Step being Executed: 1::13
[INFO ][2015-11-27 18:26:46,048][com.java.TestType] [ 9344] - dataFields : LNK
[DEBUG][2015-11-27 18:26:46,048][com.java.TestType] [ 9350] - <In Set values of the page>
[DEBUG][2015-11-27 18:26:46,048][com.java.TestType] [ 9355] - {Data Fields & Data Values Exist}
[INFO ][2015-11-27 18:26:46,048][com.java.TestType] [ 9361] - --------------------------setting values-----------------------------
[INFO ][2015-11-27 18:26:46,048][com.java.TestType] [ 9364] - Action Type : Verify
[INFO ][2015-11-27 18:26:46,048][com.java.TestType] [ 5975] - field= LNK value= Logout
[INFO ][2015-11-27 18:26:46,048][com.java.TestType] [ 4790] - value = Logout
[INFO ][2015-11-27 18:26:46,089][com.java.TestType] [ 9383] -  RESULT true
[INFO ][2015-11-27 18:26:46,089][com.java.TestType] [ 9500] - ?   P A S S   ?
[DEBUG][2015-11-27 18:26:46,089][com.java.TestType] [ 9306] - Concept ID:1 :: Step being Executed: 1::14
[INFO ][2015-11-27 18:26:46,089][com.java.TestType] [ 9344] - dataFields : BTN
[DEBUG][2015-11-27 18:26:46,089][com.java.TestType] [ 9350] - <In Set values of the page>
[DEBUG][2015-11-27 18:26:46,089][com.java.TestType] [ 9355] - {Data Fields & Data Values Exist}
[INFO ][2015-11-27 18:26:46,089][com.java.TestType] [ 9361] - --------------------------setting values-----------------------------
[INFO ][2015-11-27 18:26:46,089][com.java.TestType] [ 9364] - Action Type : Verify
[INFO ][2015-11-27 18:26:46,089][com.java.TestType] [ 5975] - field= BTN value= //img[contains(@src,'bdlogo.jpg')]
[INFO ][2015-11-27 18:26:46,089][com.java.TestType] [ 4790] - value = //img[contains(@src,'bdlogo.jpg')]
[INFO ][2015-11-27 18:26:46,169][com.java.TestType] [ 9383] -  RESULT true
[INFO ][2015-11-27 18:26:46,169][com.java.TestType] [ 9500] - ?   P A S S   ?
[INFO ][2015-11-27 18:26:46,169][com.java.TestType] [ 9571] - Looping End......
[INFO ][2015-11-27 18:26:46,169][com.java.SeleniumDriver] [  869] -  RESULT true
[INFO ][2015-11-27 18:26:46,169][com.java.SeleniumDriver] [ 1075] - ?   P A S S   ?
[INFO ][2015-11-27 18:26:46,169][com.java.SeleniumDriver] [  796] - ------------------------------------------
[INFO ][2015-11-27 18:26:46,169][com.java.SeleniumDriver] [  797] - Test case being Executed: 1
[INFO ][2015-11-27 18:26:46,169][com.java.SeleniumDriver] [  808] - Test step:2
[INFO ][2015-11-27 18:26:46,169][com.java.SeleniumDriver] [  820] - Datavalue is----------Concept#2:1-2
[INFO ][2015-11-27 18:26:46,169][com.java.SeleniumDriver] [  844] - DataField : test
[INFO ][2015-11-27 18:26:46,169][com.java.SeleniumDriver] [  846] - DataValue : Concept#2:1-2
[INFO ][2015-11-27 18:26:46,169][com.java.SeleniumDriver] [  852] - <In Set values of the page>
[INFO ][2015-11-27 18:26:46,169][com.java.SeleniumDriver] [  855] - {Data Fields & Data Values Exist}
[INFO ][2015-11-27 18:26:46,169][com.java.SeleniumDriver] [  857] - --------------------------setting values-----------------------------
[INFO ][2015-11-27 18:26:46,169][com.java.SeleniumDriver] [  860] - Action Type : ExecuteTestCase
[INFO ][2015-11-27 18:26:46,169][com.java.TestType] [  432] - The Concept sheet name is ---------- Concept
[INFO ][2015-11-27 18:26:46,169][com.java.TestType] [  435] - The Concept ID  is ---------- 2
[DEBUG][2015-11-27 18:26:46,169][com.java.TestType] [  439] - Steps being executted in the Concept are: 1:2
[INFO ][2015-11-27 18:26:46,169][com.java.TestType] [  446] - Test data details path ---------- D:\BankersDashboard\TestInputs\TestData.xls
[INFO ][2015-11-27 18:26:47,064][com.java.TestType] [  477] -  str(1) = 2
[INFO ][2015-11-27 18:26:47,074][com.java.TestType] [  480] - Test case Id is---2
[INFO ][2015-11-27 18:26:47,074][com.java.TestType] [  482] - 2
[INFO ][2015-11-27 18:26:47,074][com.java.TestType] [  477] -  str(2) = 1
[INFO ][2015-11-27 18:26:47,074][com.java.TestType] [  529] - row values are--------{1=com.java.Objects.TestDataDetails@dca1b0}
[INFO ][2015-11-27 18:26:47,074][com.java.TestType] [  477] -  str(1) = 2
[INFO ][2015-11-27 18:26:47,074][com.java.TestType] [  480] - Test case Id is---2
[INFO ][2015-11-27 18:26:47,074][com.java.TestType] [  482] - 2
[INFO ][2015-11-27 18:26:47,074][com.java.TestType] [  477] -  str(2) = 2
[INFO ][2015-11-27 18:26:47,074][com.java.TestType] [  529] - row values are--------{1=com.java.Objects.TestDataDetails@dca1b0, 2=com.java.Objects.TestDataDetails@18524a1}
[INFO ][2015-11-27 18:26:47,074][com.java.TestType] [  477] -  str(1) = 2
[INFO ][2015-11-27 18:26:47,074][com.java.TestType] [  480] - Test case Id is---2
[INFO ][2015-11-27 18:26:47,074][com.java.TestType] [  482] - 2
[INFO ][2015-11-27 18:26:47,074][com.java.TestType] [  477] -  str(2) = 3
[INFO ][2015-11-27 18:26:47,074][com.java.TestType] [  529] - row values are--------{1=com.java.Objects.TestDataDetails@dca1b0, 2=com.java.Objects.TestDataDetails@18524a1, 3=com.java.Objects.TestDataDetails@141e366}
[INFO ][2015-11-27 18:26:47,074][com.java.TestType] [ 9265] - Looping 1TCID = 2
[DEBUG][2015-11-27 18:26:47,074][com.java.TestType] [ 9306] - Concept ID:2 :: Step being Executed: 2::1
[INFO ][2015-11-27 18:26:47,074][com.java.TestType] [ 9344] - dataFields : BNK//select[@id='bank']
[DEBUG][2015-11-27 18:26:47,074][com.java.TestType] [ 9350] - <In Set values of the page>
[DEBUG][2015-11-27 18:26:47,074][com.java.TestType] [ 9355] - {Data Fields & Data Values Exist}
[INFO ][2015-11-27 18:26:47,074][com.java.TestType] [ 9361] - --------------------------setting values-----------------------------
[INFO ][2015-11-27 18:26:47,074][com.java.TestType] [ 9364] - Action Type : Select
[INFO ][2015-11-27 18:26:47,074][com.java.TestType] [ 4790] - value = PFC
[INFO ][2015-11-27 18:26:47,255][com.java.TestType] [ 9383] -  RESULT true
[INFO ][2015-11-27 18:26:47,255][com.java.TestType] [ 9500] - ?   P A S S   ?
[DEBUG][2015-11-27 18:26:47,255][com.java.TestType] [ 9306] - Concept ID:2 :: Step being Executed: 2::2
[INFO ][2015-11-27 18:26:47,255][com.java.TestType] [ 9344] - dataFields : LNKLogout
[DEBUG][2015-11-27 18:26:47,255][com.java.TestType] [ 9350] - <In Set values of the page>
[DEBUG][2015-11-27 18:26:47,255][com.java.TestType] [ 9355] - {Data Fields & Data Values Exist}
[INFO ][2015-11-27 18:26:47,255][com.java.TestType] [ 9361] - --------------------------setting values-----------------------------
[INFO ][2015-11-27 18:26:47,255][com.java.TestType] [ 9364] - Action Type : WaitTime
[DEBUG][2015-11-27 18:26:47,255][com.java.TestType] [ 4610] - sleepTime: 5000
[INFO ][2015-11-27 18:26:52,264][com.java.TestType] [ 9383] -  RESULT true
[INFO ][2015-11-27 18:26:52,264][com.java.TestType] [ 9500] - ?   P A S S   ?
[INFO ][2015-11-27 18:26:52,264][com.java.TestType] [ 9571] - Looping End......
[INFO ][2015-11-27 18:26:52,264][com.java.SeleniumDriver] [  869] -  RESULT true
[INFO ][2015-11-27 18:26:52,264][com.java.SeleniumDriver] [ 1075] - ?   P A S S   ?
[INFO ][2015-11-27 18:26:52,264][com.java.SeleniumDriver] [  796] - ------------------------------------------
[INFO ][2015-11-27 18:26:52,264][com.java.SeleniumDriver] [  797] - Test case being Executed: 1
[INFO ][2015-11-27 18:26:52,264][com.java.SeleniumDriver] [  808] - Test step:3
[INFO ][2015-11-27 18:26:52,264][com.java.SeleniumDriver] [  820] - Datavalue is----------2
[INFO ][2015-11-27 18:26:52,264][com.java.SeleniumDriver] [  844] - DataField : XPH//button[contains(text(),'Add Content')]
[INFO ][2015-11-27 18:26:52,264][com.java.SeleniumDriver] [  846] - DataValue : 2
[INFO ][2015-11-27 18:26:52,264][com.java.SeleniumDriver] [  852] - <In Set values of the page>
[INFO ][2015-11-27 18:26:52,264][com.java.SeleniumDriver] [  855] - {Data Fields & Data Values Exist}
[INFO ][2015-11-27 18:26:52,264][com.java.SeleniumDriver] [  857] - --------------------------setting values-----------------------------
[INFO ][2015-11-27 18:26:52,264][com.java.SeleniumDriver] [  860] - Action Type : WAITFORELEMENT
[INFO ][2015-11-27 18:26:52,305][com.java.SeleniumDriver] [  869] -  RESULT true
[INFO ][2015-11-27 18:26:52,305][com.java.SeleniumDriver] [ 1075] - ?   P A S S   ?
[DEBUG][2015-11-27 18:26:52,305][com.java.SeleniumDriver] [ 1187] - Case found
[DEBUG][2015-11-27 18:26:52,305][com.java.SeleniumDriver] [ 1192] - Incrementing ReportCounters[0]:1
[INFO ][2015-11-27 18:26:52,305][com.java.SeleniumDriver] [ 1211] - The results are-------------------[1, 1, Valid Login, Pass, , Fri Nov 27 18:26:46 IST 2015, 1, 2, Valid Login, Pass, , Fri Nov 27 18:26:52 IST 2015, 1, 3, Valid Login, Pass, , Fri Nov 27 18:26:52 IST 2015]
[INFO ][2015-11-27 18:26:52,305][com.java.SeleniumDriver] [ 1215] - End time is-------37 sec
[INFO ][2015-11-27 18:26:52,305][com.java.SeleniumDriver] [ 1216] - The results are-------------------[1, 1, Valid Login, Pass, , Fri Nov 27 18:26:46 IST 2015, 1, 2, Valid Login, Pass, , Fri Nov 27 18:26:52 IST 2015, 1, 3, Valid Login, Pass, , Fri Nov 27 18:26:52 IST 2015]
[DEBUG][2015-11-27 18:26:52,305][com.java.ImportnExport.ExportTestResultsExcel] [  222] - testResultPath = D:\BankersDashboard/TestReports/Test Results_BankersDashBoard_112715_182616_IE10_Any Bank USA.xls
[DEBUG][2015-11-27 18:26:52,305][com.java.ImportnExport.ExportTestResultsExcel] [  223] - browser is------------IE10
[DEBUG][2015-11-27 18:26:52,355][com.java.ImportnExport.ExportTestResultsExcel] [  270] - result.size() = 18
[DEBUG][2015-11-27 18:26:52,355][com.java.ImportnExport.ExportTestResultsExcel] [  274] - No of rows in sheet=1
[DEBUG][2015-11-27 18:26:52,355][com.java.ImportnExport.ExportTestResultsExcel] [  301] - ..in export..1
[DEBUG][2015-11-27 18:26:52,355][com.java.ImportnExport.ExportTestResultsExcel] [  301] - ..in export..Valid Login
[DEBUG][2015-11-27 18:26:52,355][com.java.ImportnExport.ExportTestResultsExcel] [  301] - ..in export..Pass
[DEBUG][2015-11-27 18:26:52,355][com.java.ImportnExport.ExportTestResultsExcel] [  301] - ..in export..
[DEBUG][2015-11-27 18:26:52,355][com.java.ImportnExport.ExportTestResultsExcel] [  301] - ..in export..Fri Nov 27 18:26:46 IST 2015
[INFO ][2015-11-27 18:26:52,355][com.java.SeleniumDriver] [ 1274] - out loop:0 size:2 TestCases:[1, 2] testcases:[1, 2]
[INFO ][2015-11-27 18:26:52,355][com.java.ImportnExport.ImportTestDataDetailsExcel] [   49] - test data details path===== D:\BankersDashboard\TestInputs\TestData.xls
[INFO ][2015-11-27 18:27:09,599][com.java.SeleniumDriver] [  796] - ------------------------------------------
[INFO ][2015-11-27 18:27:09,599][com.java.SeleniumDriver] [  797] - Test case being Executed: 2
[INFO ][2015-11-27 18:27:09,599][com.java.SeleniumDriver] [  808] - Test step:1
[INFO ][2015-11-27 18:27:09,599][com.java.SeleniumDriver] [  820] - Datavalue is----------Logout
[INFO ][2015-11-27 18:27:09,599][com.java.SeleniumDriver] [  844] - DataField : BTN
[INFO ][2015-11-27 18:27:09,599][com.java.SeleniumDriver] [  846] - DataValue : Logout
[INFO ][2015-11-27 18:27:09,599][com.java.SeleniumDriver] [  852] - <In Set values of the page>
[INFO ][2015-11-27 18:27:09,599][com.java.SeleniumDriver] [  855] - {Data Fields & Data Values Exist}
[INFO ][2015-11-27 18:27:09,599][com.java.SeleniumDriver] [  857] - --------------------------setting values-----------------------------
[INFO ][2015-11-27 18:27:09,599][com.java.SeleniumDriver] [  860] - Action Type : Verify
[INFO ][2015-11-27 18:27:09,599][com.java.TestType] [ 5975] - field= BTN value= Logout
[INFO ][2015-11-27 18:27:09,599][com.java.TestType] [ 4790] - value = Logout
[INFO ][2015-11-27 18:27:09,680][com.java.SeleniumDriver] [  869] -  RESULT true
[INFO ][2015-11-27 18:27:09,680][com.java.SeleniumDriver] [ 1075] - ?   P A S S   ?
[INFO ][2015-11-27 18:27:09,680][com.java.SeleniumDriver] [ 1117] - step change to 3
[INFO ][2015-11-27 18:27:09,680][com.java.SeleniumDriver] [  796] - ------------------------------------------
[INFO ][2015-11-27 18:27:09,680][com.java.SeleniumDriver] [  797] - Test case being Executed: 2
[INFO ][2015-11-27 18:27:09,680][com.java.SeleniumDriver] [  808] - Test step:3
[INFO ][2015-11-27 18:27:09,680][com.java.SeleniumDriver] [  820] - Datavalue is----------Concept#2:1-2
[INFO ][2015-11-27 18:27:09,680][com.java.SeleniumDriver] [  844] - DataField : test
[INFO ][2015-11-27 18:27:09,680][com.java.SeleniumDriver] [  846] - DataValue : Concept#2:1-2
[INFO ][2015-11-27 18:27:09,680][com.java.SeleniumDriver] [  852] - <In Set values of the page>
[INFO ][2015-11-27 18:27:09,680][com.java.SeleniumDriver] [  855] - {Data Fields & Data Values Exist}
[INFO ][2015-11-27 18:27:09,680][com.java.SeleniumDriver] [  857] - --------------------------setting values-----------------------------
[INFO ][2015-11-27 18:27:09,680][com.java.SeleniumDriver] [  860] - Action Type : ExecuteTestCase
[INFO ][2015-11-27 18:27:09,680][com.java.TestType] [  432] - The Concept sheet name is ---------- Concept
[INFO ][2015-11-27 18:27:09,680][com.java.TestType] [  435] - The Concept ID  is ---------- 2
[DEBUG][2015-11-27 18:27:09,680][com.java.TestType] [  439] - Steps being executted in the Concept are: 1:2
[INFO ][2015-11-27 18:27:09,680][com.java.TestType] [  446] - Test data details path ---------- D:\BankersDashboard\TestInputs\TestData.xls
[INFO ][2015-11-27 18:27:10,280][com.java.TestType] [  477] -  str(1) = 2
[INFO ][2015-11-27 18:27:10,280][com.java.TestType] [  480] - Test case Id is---2
[INFO ][2015-11-27 18:27:10,280][com.java.TestType] [  482] - 2
[INFO ][2015-11-27 18:27:10,280][com.java.TestType] [  477] -  str(2) = 1
[INFO ][2015-11-27 18:27:10,280][com.java.TestType] [  529] - row values are--------{1=com.java.Objects.TestDataDetails@b56ed9}
[INFO ][2015-11-27 18:27:10,280][com.java.TestType] [  477] -  str(1) = 2
[INFO ][2015-11-27 18:27:10,280][com.java.TestType] [  480] - Test case Id is---2
[INFO ][2015-11-27 18:27:10,280][com.java.TestType] [  482] - 2
[INFO ][2015-11-27 18:27:10,280][com.java.TestType] [  477] -  str(2) = 2
[INFO ][2015-11-27 18:27:10,280][com.java.TestType] [  529] - row values are--------{1=com.java.Objects.TestDataDetails@b56ed9, 2=com.java.Objects.TestDataDetails@44c1b9}
[INFO ][2015-11-27 18:27:10,280][com.java.TestType] [  477] -  str(1) = 2
[INFO ][2015-11-27 18:27:10,280][com.java.TestType] [  480] - Test case Id is---2
[INFO ][2015-11-27 18:27:10,280][com.java.TestType] [  482] - 2
[INFO ][2015-11-27 18:27:10,280][com.java.TestType] [  477] -  str(2) = 3
[INFO ][2015-11-27 18:27:10,280][com.java.TestType] [  529] - row values are--------{1=com.java.Objects.TestDataDetails@b56ed9, 2=com.java.Objects.TestDataDetails@44c1b9, 3=com.java.Objects.TestDataDetails@104e75b}
[INFO ][2015-11-27 18:27:10,280][com.java.TestType] [ 9265] - Looping 1TCID = 2
[DEBUG][2015-11-27 18:27:10,280][com.java.TestType] [ 9306] - Concept ID:2 :: Step being Executed: 2::1
[INFO ][2015-11-27 18:27:10,280][com.java.TestType] [ 9344] - dataFields : BNK//select[@id='bank']
[DEBUG][2015-11-27 18:27:10,280][com.java.TestType] [ 9350] - <In Set values of the page>
[DEBUG][2015-11-27 18:27:10,280][com.java.TestType] [ 9355] - {Data Fields & Data Values Exist}
[INFO ][2015-11-27 18:27:10,280][com.java.TestType] [ 9361] - --------------------------setting values-----------------------------
[INFO ][2015-11-27 18:27:10,280][com.java.TestType] [ 9364] - Action Type : Select
[INFO ][2015-11-27 18:27:10,280][com.java.TestType] [ 4790] - value = PFC
[INFO ][2015-11-27 18:27:10,470][com.java.TestType] [ 9383] -  RESULT true
[INFO ][2015-11-27 18:27:10,470][com.java.TestType] [ 9500] - ?   P A S S   ?
[DEBUG][2015-11-27 18:27:10,470][com.java.TestType] [ 9306] - Concept ID:2 :: Step being Executed: 2::2
[INFO ][2015-11-27 18:27:10,470][com.java.TestType] [ 9344] - dataFields : LNKLogout
[DEBUG][2015-11-27 18:27:10,470][com.java.TestType] [ 9350] - <In Set values of the page>
[DEBUG][2015-11-27 18:27:10,470][com.java.TestType] [ 9355] - {Data Fields & Data Values Exist}
[INFO ][2015-11-27 18:27:10,470][com.java.TestType] [ 9361] - --------------------------setting values-----------------------------
[INFO ][2015-11-27 18:27:10,470][com.java.TestType] [ 9364] - Action Type : WaitTime
[DEBUG][2015-11-27 18:27:10,470][com.java.TestType] [ 4610] - sleepTime: 5000
[INFO ][2015-11-27 18:27:15,470][com.java.TestType] [ 9383] -  RESULT true
[INFO ][2015-11-27 18:27:15,470][com.java.TestType] [ 9500] - ?   P A S S   ?
[INFO ][2015-11-27 18:27:15,470][com.java.TestType] [ 9571] - Looping End......
[INFO ][2015-11-27 18:27:15,470][com.java.SeleniumDriver] [  869] -  RESULT true
[INFO ][2015-11-27 18:27:15,470][com.java.SeleniumDriver] [ 1075] - ?   P A S S   ?
[INFO ][2015-11-27 18:27:15,470][com.java.SeleniumDriver] [  796] - ------------------------------------------
[INFO ][2015-11-27 18:27:15,470][com.java.SeleniumDriver] [  797] - Test case being Executed: 2
[INFO ][2015-11-27 18:27:15,470][com.java.SeleniumDriver] [  808] - Test step:4
[INFO ][2015-11-27 18:27:15,470][com.java.SeleniumDriver] [  820] - Datavalue is----------null
[DEBUG][2015-11-27 18:27:15,470][com.java.SeleniumDriver] [  838] - Exception: null
[INFO ][2015-11-27 18:27:15,470][com.java.SeleniumDriver] [  844] - DataField : //span[@class="icon-stats"]&&//a[@data-id="Manage"]
[INFO ][2015-11-27 18:27:15,470][com.java.SeleniumDriver] [  846] - DataValue : 
[INFO ][2015-11-27 18:27:15,470][com.java.SeleniumDriver] [  852] - <In Set values of the page>
[INFO ][2015-11-27 18:27:15,470][com.java.SeleniumDriver] [  855] - {Data Fields & Data Values Exist}
[INFO ][2015-11-27 18:27:15,470][com.java.SeleniumDriver] [  857] - --------------------------setting values-----------------------------
[INFO ][2015-11-27 18:27:15,470][com.java.SeleniumDriver] [  860] - Action Type : MOUSEOVER
[INFO ][2015-11-27 18:27:38,469][com.java.SeleniumDriver] [  869] -  RESULT true
[INFO ][2015-11-27 18:27:38,469][com.java.SeleniumDriver] [ 1075] - ?   P A S S   ?
[INFO ][2015-11-27 18:27:38,469][com.java.SeleniumDriver] [  796] - ------------------------------------------
[INFO ][2015-11-27 18:27:38,469][com.java.SeleniumDriver] [  797] - Test case being Executed: 2
[INFO ][2015-11-27 18:27:38,469][com.java.SeleniumDriver] [  808] - Test step:5
[INFO ][2015-11-27 18:27:38,469][com.java.SeleniumDriver] [  820] - Datavalue is----------null
[DEBUG][2015-11-27 18:27:38,469][com.java.SeleniumDriver] [  838] - Exception: null
[INFO ][2015-11-27 18:27:38,469][com.java.SeleniumDriver] [  844] - DataField : BTNdivHelpText
[INFO ][2015-11-27 18:27:38,469][com.java.SeleniumDriver] [  846] - DataValue : 
[INFO ][2015-11-27 18:27:38,469][com.java.SeleniumDriver] [  852] - <In Set values of the page>
[INFO ][2015-11-27 18:27:38,469][com.java.SeleniumDriver] [  855] - {Data Fields & Data Values Exist}
[INFO ][2015-11-27 18:27:38,469][com.java.SeleniumDriver] [  857] - --------------------------setting values-----------------------------
[INFO ][2015-11-27 18:27:38,469][com.java.SeleniumDriver] [  860] - Action Type : WAITFORELEMENT
[INFO ][2015-11-27 18:27:39,660][com.java.SeleniumDriver] [  869] -  RESULT true
[INFO ][2015-11-27 18:27:39,660][com.java.SeleniumDriver] [ 1075] - ?   P A S S   ?
[INFO ][2015-11-27 18:27:39,660][com.java.SeleniumDriver] [  796] - ------------------------------------------
[INFO ][2015-11-27 18:27:39,660][com.java.SeleniumDriver] [  797] - Test case being Executed: 2
[INFO ][2015-11-27 18:27:39,660][com.java.SeleniumDriver] [  808] - Test step:6
[INFO ][2015-11-27 18:27:39,660][com.java.SeleniumDriver] [  820] - Datavalue is----------Manage Projections
[INFO ][2015-11-27 18:27:39,660][com.java.SeleniumDriver] [  844] - DataField : XPH//span[@class="ui-dialog-title"]
[INFO ][2015-11-27 18:27:39,660][com.java.SeleniumDriver] [  846] - DataValue : Manage Projections
[INFO ][2015-11-27 18:27:39,660][com.java.SeleniumDriver] [  852] - <In Set values of the page>
[INFO ][2015-11-27 18:27:39,660][com.java.SeleniumDriver] [  855] - {Data Fields & Data Values Exist}
[INFO ][2015-11-27 18:27:39,660][com.java.SeleniumDriver] [  857] - --------------------------setting values-----------------------------
[INFO ][2015-11-27 18:27:39,660][com.java.SeleniumDriver] [  860] - Action Type : VERIFY
[INFO ][2015-11-27 18:27:39,660][com.java.TestType] [ 5975] - field= XPH//span[@class="ui-dialog-title"] value= Manage Projections
[INFO ][2015-11-27 18:27:39,660][com.java.TestType] [ 4790] - value = Manage Projections
[INFO ][2015-11-27 18:27:39,801][com.java.SeleniumDriver] [  869] -  RESULT true
[INFO ][2015-11-27 18:27:39,801][com.java.SeleniumDriver] [ 1075] - ?   P A S S   ?
[INFO ][2015-11-27 18:27:39,801][com.java.SeleniumDriver] [  796] - ------------------------------------------
[INFO ][2015-11-27 18:27:39,801][com.java.SeleniumDriver] [  797] - Test case being Executed: 2
[INFO ][2015-11-27 18:27:39,801][com.java.SeleniumDriver] [  808] - Test step:7
[INFO ][2015-11-27 18:27:39,801][com.java.SeleniumDriver] [  820] - Datavalue is----------null
[DEBUG][2015-11-27 18:27:39,801][com.java.SeleniumDriver] [  838] - Exception: null
[INFO ][2015-11-27 18:27:39,801][com.java.SeleniumDriver] [  844] - DataField : BTNframeDialogContent
[INFO ][2015-11-27 18:27:39,801][com.java.SeleniumDriver] [  846] - DataValue : 
[INFO ][2015-11-27 18:27:39,801][com.java.SeleniumDriver] [  852] - <In Set values of the page>
[INFO ][2015-11-27 18:27:39,801][com.java.SeleniumDriver] [  855] - {Data Fields & Data Values Exist}
[INFO ][2015-11-27 18:27:39,801][com.java.SeleniumDriver] [  857] - --------------------------setting values-----------------------------
[INFO ][2015-11-27 18:27:39,801][com.java.SeleniumDriver] [  860] - Action Type : SELECTFRAME
[INFO ][2015-11-27 18:27:41,042][com.java.SeleniumDriver] [  869] -  RESULT true
[INFO ][2015-11-27 18:27:41,042][com.java.SeleniumDriver] [ 1075] - ?   P A S S   ?
[INFO ][2015-11-27 18:27:41,042][com.java.SeleniumDriver] [  796] - ------------------------------------------
[INFO ][2015-11-27 18:27:41,042][com.java.SeleniumDriver] [  797] - Test case being Executed: 2
[INFO ][2015-11-27 18:27:41,042][com.java.SeleniumDriver] [  808] - Test step:8
[INFO ][2015-11-27 18:27:41,042][com.java.SeleniumDriver] [  820] - Datavalue is----------index:1
[INFO ][2015-11-27 18:27:41,042][com.java.SeleniumDriver] [  844] - DataField : COBddlProjections
[INFO ][2015-11-27 18:27:41,042][com.java.SeleniumDriver] [  846] - DataValue : index:1
[INFO ][2015-11-27 18:27:41,042][com.java.SeleniumDriver] [  852] - <In Set values of the page>
[INFO ][2015-11-27 18:27:41,042][com.java.SeleniumDriver] [  855] - {Data Fields & Data Values Exist}
[INFO ][2015-11-27 18:27:41,042][com.java.SeleniumDriver] [  857] - --------------------------setting values-----------------------------
[INFO ][2015-11-27 18:27:41,042][com.java.SeleniumDriver] [  860] - Action Type : SELECT
[INFO ][2015-11-27 18:27:41,042][com.java.TestType] [ 4790] - value = 1
[INFO ][2015-11-27 18:27:42,173][com.java.TestType] [ 4908] -  In COB ddlProjections : 1
[INFO ][2015-11-27 18:27:42,373][com.java.SeleniumDriver] [  869] -  RESULT true
[INFO ][2015-11-27 18:27:42,373][com.java.SeleniumDriver] [ 1075] - ?   P A S S   ?
[INFO ][2015-11-27 18:27:42,373][com.java.SeleniumDriver] [  796] - ------------------------------------------
[INFO ][2015-11-27 18:27:42,373][com.java.SeleniumDriver] [  797] - Test case being Executed: 2
[INFO ][2015-11-27 18:27:42,373][com.java.SeleniumDriver] [  808] - Test step:9
[INFO ][2015-11-27 18:27:42,373][com.java.SeleniumDriver] [  820] - Datavalue is----------SelectedProjection
[INFO ][2015-11-27 18:27:42,373][com.java.SeleniumDriver] [  844] - DataField : SLBddlProjections
[INFO ][2015-11-27 18:27:42,373][com.java.SeleniumDriver] [  846] - DataValue : SelectedProjection
[INFO ][2015-11-27 18:27:42,373][com.java.SeleniumDriver] [  852] - <In Set values of the page>
[INFO ][2015-11-27 18:27:42,373][com.java.SeleniumDriver] [  855] - {Data Fields & Data Values Exist}
[INFO ][2015-11-27 18:27:42,373][com.java.SeleniumDriver] [  857] - --------------------------setting values-----------------------------
[INFO ][2015-11-27 18:27:42,373][com.java.SeleniumDriver] [  860] - Action Type : STOREVALUE
[INFO ][2015-11-27 18:27:42,373][com.java.TestType] [ 7152] - field= SLBddlProjections
[INFO ][2015-11-27 18:27:43,594][com.java.SeleniumDriver] [  869] -  RESULT true
[INFO ][2015-11-27 18:27:43,594][com.java.SeleniumDriver] [ 1075] - ?   P A S S   ?
[INFO ][2015-11-27 18:27:43,594][com.java.SeleniumDriver] [  796] - ------------------------------------------
[INFO ][2015-11-27 18:27:43,594][com.java.SeleniumDriver] [  797] - Test case being Executed: 2
[INFO ][2015-11-27 18:27:43,594][com.java.SeleniumDriver] [  808] - Test step:10
[INFO ][2015-11-27 18:27:43,594][com.java.SeleniumDriver] [  820] - Datavalue is----------null
[DEBUG][2015-11-27 18:27:43,594][com.java.SeleniumDriver] [  838] - Exception: null
[INFO ][2015-11-27 18:27:43,594][com.java.SeleniumDriver] [  844] - DataField : BTNparent
[INFO ][2015-11-27 18:27:43,594][com.java.SeleniumDriver] [  846] - DataValue : 
[INFO ][2015-11-27 18:27:43,594][com.java.SeleniumDriver] [  852] - <In Set values of the page>
[INFO ][2015-11-27 18:27:43,594][com.java.SeleniumDriver] [  855] - {Data Fields & Data Values Exist}
[INFO ][2015-11-27 18:27:43,594][com.java.SeleniumDriver] [  857] - --------------------------setting values-----------------------------
[INFO ][2015-11-27 18:27:43,594][com.java.SeleniumDriver] [  860] - Action Type : SELECTFRAME
[INFO ][2015-11-27 18:27:43,604][com.java.SeleniumDriver] [  869] -  RESULT true
[INFO ][2015-11-27 18:27:43,604][com.java.SeleniumDriver] [ 1075] - ?   P A S S   ?
[INFO ][2015-11-27 18:27:43,604][com.java.SeleniumDriver] [  796] - ------------------------------------------
[INFO ][2015-11-27 18:27:43,604][com.java.SeleniumDriver] [  797] - Test case being Executed: 2
[INFO ][2015-11-27 18:27:43,604][com.java.SeleniumDriver] [  808] - Test step:11
[INFO ][2015-11-27 18:27:43,604][com.java.SeleniumDriver] [  820] - Datavalue is----------null
[DEBUG][2015-11-27 18:27:43,604][com.java.SeleniumDriver] [  838] - Exception: null
[INFO ][2015-11-27 18:27:43,604][com.java.SeleniumDriver] [  844] - DataField : HDN//span[@class="ui-button-text" and contains(text(),'Continue')]
[INFO ][2015-11-27 18:27:43,604][com.java.SeleniumDriver] [  846] - DataValue : 
[INFO ][2015-11-27 18:27:43,604][com.java.SeleniumDriver] [  852] - <In Set values of the page>
[INFO ][2015-11-27 18:27:43,604][com.java.SeleniumDriver] [  855] - {Data Fields & Data Values Exist}
[INFO ][2015-11-27 18:27:43,604][com.java.SeleniumDriver] [  857] - --------------------------setting values-----------------------------
[INFO ][2015-11-27 18:27:43,604][com.java.SeleniumDriver] [  860] - Action Type : CLICK
[INFO ][2015-11-27 18:27:43,604][com.java.TestType] [ 5118] - Field ::HDN//span[@class="ui-button-text" and contains(text(),'Continue')]
[INFO ][2015-11-27 18:27:44,745][com.java.SeleniumDriver] [  869] -  RESULT true
[INFO ][2015-11-27 18:27:44,745][com.java.SeleniumDriver] [ 1075] - ?   P A S S   ?
[INFO ][2015-11-27 18:27:44,745][com.java.SeleniumDriver] [  796] - ------------------------------------------
[INFO ][2015-11-27 18:27:44,745][com.java.SeleniumDriver] [  797] - Test case being Executed: 2
[INFO ][2015-11-27 18:27:44,745][com.java.SeleniumDriver] [  808] - Test step:12
[INFO ][2015-11-27 18:27:44,745][com.java.SeleniumDriver] [  820] - Datavalue is----------3
[INFO ][2015-11-27 18:27:44,745][com.java.SeleniumDriver] [  844] - DataField : XPH//img[@id='loading']
[INFO ][2015-11-27 18:27:44,745][com.java.SeleniumDriver] [  846] - DataValue : 3
[INFO ][2015-11-27 18:27:44,745][com.java.SeleniumDriver] [  852] - <In Set values of the page>
[INFO ][2015-11-27 18:27:44,745][com.java.SeleniumDriver] [  855] - {Data Fields & Data Values Exist}
[INFO ][2015-11-27 18:27:44,745][com.java.SeleniumDriver] [  857] - --------------------------setting values-----------------------------
[INFO ][2015-11-27 18:27:44,745][com.java.SeleniumDriver] [  860] - Action Type : WaitForElement
[INFO ][2015-11-27 18:27:44,775][com.java.SeleniumDriver] [  869] -  RESULT true
[INFO ][2015-11-27 18:27:44,775][com.java.SeleniumDriver] [ 1075] - ?   P A S S   ?
[INFO ][2015-11-27 18:27:44,775][com.java.SeleniumDriver] [  796] - ------------------------------------------
[INFO ][2015-11-27 18:27:44,775][com.java.SeleniumDriver] [  797] - Test case being Executed: 2
[INFO ][2015-11-27 18:27:44,775][com.java.SeleniumDriver] [  808] - Test step:13
[INFO ][2015-11-27 18:27:44,775][com.java.SeleniumDriver] [  820] - Datavalue is----------120
[INFO ][2015-11-27 18:27:44,775][com.java.SeleniumDriver] [  844] - DataField : XPH//img[@id='loading']
[INFO ][2015-11-27 18:27:44,775][com.java.SeleniumDriver] [  846] - DataValue : 120
[INFO ][2015-11-27 18:27:44,775][com.java.SeleniumDriver] [  852] - <In Set values of the page>
[INFO ][2015-11-27 18:27:44,775][com.java.SeleniumDriver] [  855] - {Data Fields & Data Values Exist}
[INFO ][2015-11-27 18:27:44,775][com.java.SeleniumDriver] [  857] - --------------------------setting values-----------------------------
[INFO ][2015-11-27 18:27:44,775][com.java.SeleniumDriver] [  860] - Action Type : waitForElementNotPresent
[INFO ][2015-11-27 18:27:44,865][com.java.SeleniumDriver] [  869] -  RESULT true
[INFO ][2015-11-27 18:27:44,865][com.java.SeleniumDriver] [ 1075] - ?   P A S S   ?
[INFO ][2015-11-27 18:27:44,865][com.java.SeleniumDriver] [  796] - ------------------------------------------
[INFO ][2015-11-27 18:27:44,865][com.java.SeleniumDriver] [  797] - Test case being Executed: 2
[INFO ][2015-11-27 18:27:44,865][com.java.SeleniumDriver] [  808] - Test step:14
[INFO ][2015-11-27 18:27:44,865][com.java.SeleniumDriver] [  820] - Datavalue is----------null
[DEBUG][2015-11-27 18:27:44,865][com.java.SeleniumDriver] [  838] - Exception: null
[INFO ][2015-11-27 18:27:44,865][com.java.SeleniumDriver] [  844] - DataField : BTNframeProjectionOpen
[INFO ][2015-11-27 18:27:44,865][com.java.SeleniumDriver] [  846] - DataValue : 
[INFO ][2015-11-27 18:27:44,865][com.java.SeleniumDriver] [  852] - <In Set values of the page>
[INFO ][2015-11-27 18:27:44,865][com.java.SeleniumDriver] [  855] - {Data Fields & Data Values Exist}
[INFO ][2015-11-27 18:27:44,865][com.java.SeleniumDriver] [  857] - --------------------------setting values-----------------------------
[INFO ][2015-11-27 18:27:44,865][com.java.SeleniumDriver] [  860] - Action Type : WAITFORELEMENT
[INFO ][2015-11-27 18:27:46,095][com.java.SeleniumDriver] [  869] -  RESULT true
[INFO ][2015-11-27 18:27:46,095][com.java.SeleniumDriver] [ 1075] - ?   P A S S   ?
[INFO ][2015-11-27 18:27:46,095][com.java.SeleniumDriver] [  796] - ------------------------------------------
[INFO ][2015-11-27 18:27:46,095][com.java.SeleniumDriver] [  797] - Test case being Executed: 2
[INFO ][2015-11-27 18:27:46,095][com.java.SeleniumDriver] [  808] - Test step:15
[INFO ][2015-11-27 18:27:46,095][com.java.SeleniumDriver] [  820] - Datavalue is----------null
[DEBUG][2015-11-27 18:27:46,095][com.java.SeleniumDriver] [  838] - Exception: null
[INFO ][2015-11-27 18:27:46,095][com.java.SeleniumDriver] [  844] - DataField : BTNframeProjectionOpen
[INFO ][2015-11-27 18:27:46,095][com.java.SeleniumDriver] [  846] - DataValue : 
[INFO ][2015-11-27 18:27:46,095][com.java.SeleniumDriver] [  852] - <In Set values of the page>
[INFO ][2015-11-27 18:27:46,095][com.java.SeleniumDriver] [  855] - {Data Fields & Data Values Exist}
[INFO ][2015-11-27 18:27:46,095][com.java.SeleniumDriver] [  857] - --------------------------setting values-----------------------------
[INFO ][2015-11-27 18:27:46,095][com.java.SeleniumDriver] [  860] - Action Type : SELECTFRAME
[INFO ][2015-11-27 18:27:47,347][com.java.SeleniumDriver] [  869] -  RESULT true
[INFO ][2015-11-27 18:27:47,347][com.java.SeleniumDriver] [ 1075] - ?   P A S S   ?
[INFO ][2015-11-27 18:27:47,347][com.java.SeleniumDriver] [  796] - ------------------------------------------
[INFO ][2015-11-27 18:27:47,347][com.java.SeleniumDriver] [  797] - Test case being Executed: 2
[INFO ][2015-11-27 18:27:47,347][com.java.SeleniumDriver] [  808] - Test step:16
[INFO ][2015-11-27 18:27:47,347][com.java.SeleniumDriver] [  820] - Datavalue is----------HMVSelectedProjection
[INFO ][2015-11-27 18:27:47,347][com.java.SeleniumDriver] [  844] - DataField : XPH//span[@id='projTitle']
[INFO ][2015-11-27 18:27:47,347][com.java.SeleniumDriver] [  846] - DataValue : HMVSelectedProjection
[INFO ][2015-11-27 18:27:47,347][com.java.SeleniumDriver] [  852] - <In Set values of the page>
[INFO ][2015-11-27 18:27:47,347][com.java.SeleniumDriver] [  855] - {Data Fields & Data Values Exist}
[INFO ][2015-11-27 18:27:47,347][com.java.SeleniumDriver] [  857] - --------------------------setting values-----------------------------
[INFO ][2015-11-27 18:27:47,347][com.java.SeleniumDriver] [  860] - Action Type : VERIFY
[INFO ][2015-11-27 18:27:47,347][com.java.TestType] [ 5975] - field= XPH//span[@id='projTitle'] value= HMVSelectedProjection
[INFO ][2015-11-27 18:27:47,347][com.java.TestType] [ 4790] - value = 3-Year Forecast
[INFO ][2015-11-27 18:27:47,477][com.java.SeleniumDriver] [  869] -  RESULT true
[INFO ][2015-11-27 18:27:47,477][com.java.SeleniumDriver] [ 1075] - ?   P A S S   ?
[INFO ][2015-11-27 18:27:47,477][com.java.SeleniumDriver] [  796] - ------------------------------------------
[INFO ][2015-11-27 18:27:47,477][com.java.SeleniumDriver] [  797] - Test case being Executed: 2
[INFO ][2015-11-27 18:27:47,477][com.java.SeleniumDriver] [  808] - Test step:17
[INFO ][2015-11-27 18:27:47,477][com.java.SeleniumDriver] [  820] - Datavalue is----------//table[@class="dlg_Outer_Table"]
[INFO ][2015-11-27 18:27:47,477][com.java.SeleniumDriver] [  844] - DataField : BTN
[INFO ][2015-11-27 18:27:47,477][com.java.SeleniumDriver] [  846] - DataValue : //table[@class="dlg_Outer_Table"]
[INFO ][2015-11-27 18:27:47,477][com.java.SeleniumDriver] [  852] - <In Set values of the page>
[INFO ][2015-11-27 18:27:47,477][com.java.SeleniumDriver] [  855] - {Data Fields & Data Values Exist}
[INFO ][2015-11-27 18:27:47,477][com.java.SeleniumDriver] [  857] - --------------------------setting values-----------------------------
[INFO ][2015-11-27 18:27:47,477][com.java.SeleniumDriver] [  860] - Action Type : VERIFY
[INFO ][2015-11-27 18:27:47,477][com.java.TestType] [ 5975] - field= BTN value= //table[@class="dlg_Outer_Table"]
[INFO ][2015-11-27 18:27:47,477][com.java.TestType] [ 4790] - value = //table[@class="dlg_Outer_Table"]
[INFO ][2015-11-27 18:27:47,544][com.java.SeleniumDriver] [  869] -  RESULT true
[INFO ][2015-11-27 18:27:47,544][com.java.SeleniumDriver] [ 1075] - ?   P A S S   ?
[INFO ][2015-11-27 18:27:47,544][com.java.SeleniumDriver] [  796] - ------------------------------------------
[INFO ][2015-11-27 18:27:47,544][com.java.SeleniumDriver] [  797] - Test case being Executed: 2
[INFO ][2015-11-27 18:27:47,544][com.java.SeleniumDriver] [  808] - Test step:18
[INFO ][2015-11-27 18:27:47,544][com.java.SeleniumDriver] [  820] - Datavalue is----------Copy To New Projection
[INFO ][2015-11-27 18:27:47,544][com.java.SeleniumDriver] [  844] - DataField : XPH//table[@class="dlg_Outer_Table"]//td[@class="dlg_Label" and contains(text(),'Copy To New Projection')]
[INFO ][2015-11-27 18:27:47,544][com.java.SeleniumDriver] [  846] - DataValue : Copy To New Projection
[INFO ][2015-11-27 18:27:47,544][com.java.SeleniumDriver] [  852] - <In Set values of the page>
[INFO ][2015-11-27 18:27:47,544][com.java.SeleniumDriver] [  855] - {Data Fields & Data Values Exist}
[INFO ][2015-11-27 18:27:47,544][com.java.SeleniumDriver] [  857] - --------------------------setting values-----------------------------
[INFO ][2015-11-27 18:27:47,544][com.java.SeleniumDriver] [  860] - Action Type : VERIFY
[INFO ][2015-11-27 18:27:47,544][com.java.TestType] [ 5975] - field= XPH//table[@class="dlg_Outer_Table"]//td[@class="dlg_Label" and contains(text(),'Copy To New Projection')] value= Copy To New Projection
[INFO ][2015-11-27 18:27:47,544][com.java.TestType] [ 4790] - value = Copy To New Projection
[INFO ][2015-11-27 18:27:47,674][com.java.SeleniumDriver] [  869] -  RESULT true
[INFO ][2015-11-27 18:27:47,674][com.java.SeleniumDriver] [ 1075] - ?   P A S S   ?
[INFO ][2015-11-27 18:27:47,674][com.java.SeleniumDriver] [  796] - ------------------------------------------
[INFO ][2015-11-27 18:27:47,674][com.java.SeleniumDriver] [  797] - Test case being Executed: 2
[INFO ][2015-11-27 18:27:47,674][com.java.SeleniumDriver] [  808] - Test step:19
[INFO ][2015-11-27 18:27:47,674][com.java.SeleniumDriver] [  820] - Datavalue is----------null
[DEBUG][2015-11-27 18:27:47,674][com.java.SeleniumDriver] [  838] - Exception: null
[INFO ][2015-11-27 18:27:47,674][com.java.SeleniumDriver] [  844] - DataField : BTNnewProjectionStartYear
[INFO ][2015-11-27 18:27:47,674][com.java.SeleniumDriver] [  846] - DataValue : 
[INFO ][2015-11-27 18:27:47,674][com.java.SeleniumDriver] [  852] - <In Set values of the page>
[INFO ][2015-11-27 18:27:47,674][com.java.SeleniumDriver] [  855] - {Data Fields & Data Values Exist}
[INFO ][2015-11-27 18:27:47,674][com.java.SeleniumDriver] [  857] - --------------------------setting values-----------------------------
[INFO ][2015-11-27 18:27:47,674][com.java.SeleniumDriver] [  860] - Action Type : ISDISABLED
[INFO ][2015-11-27 18:27:47,674][com.java.TestType] [ 7077] - field= BTNnewProjectionStartYear
[INFO ][2015-11-27 18:27:49,805][com.java.SeleniumDriver] [  869] -  RESULT true
[INFO ][2015-11-27 18:27:49,805][com.java.SeleniumDriver] [ 1075] - ?   P A S S   ?
[INFO ][2015-11-27 18:27:49,805][com.java.SeleniumDriver] [  796] - ------------------------------------------
[INFO ][2015-11-27 18:27:49,805][com.java.SeleniumDriver] [  797] - Test case being Executed: 2
[INFO ][2015-11-27 18:27:49,805][com.java.SeleniumDriver] [  808] - Test step:20
[INFO ][2015-11-27 18:27:49,805][com.java.SeleniumDriver] [  820] - Datavalue is----------SelectedYear
[INFO ][2015-11-27 18:27:49,805][com.java.SeleniumDriver] [  844] - DataField : XPHnewProjectionStartYear
[INFO ][2015-11-27 18:27:49,805][com.java.SeleniumDriver] [  846] - DataValue : SelectedYear
[INFO ][2015-11-27 18:27:49,805][com.java.SeleniumDriver] [  852] - <In Set values of the page>
[INFO ][2015-11-27 18:27:49,805][com.java.SeleniumDriver] [  855] - {Data Fields & Data Values Exist}
[INFO ][2015-11-27 18:27:49,805][com.java.SeleniumDriver] [  857] - --------------------------setting values-----------------------------
[INFO ][2015-11-27 18:27:49,805][com.java.SeleniumDriver] [  860] - Action Type : STOREVALUE
[INFO ][2015-11-27 18:27:49,805][com.java.TestType] [ 7152] - field= XPHnewProjectionStartYear
[DEBUG][2015-11-27 18:27:51,976][com.java.TestType] [ 7204] - Key:: SelectedYear   Value:: 
[INFO ][2015-11-27 18:27:51,976][com.java.SeleniumDriver] [  869] -  RESULT true
[INFO ][2015-11-27 18:27:51,976][com.java.SeleniumDriver] [ 1075] - ?   P A S S   ?
[INFO ][2015-11-27 18:27:51,976][com.java.SeleniumDriver] [  796] - ------------------------------------------
[INFO ][2015-11-27 18:27:51,976][com.java.SeleniumDriver] [  797] - Test case being Executed: 2
[INFO ][2015-11-27 18:27:51,976][com.java.SeleniumDriver] [  808] - Test step:21
[INFO ][2015-11-27 18:27:51,976][com.java.SeleniumDriver] [  820] - Datavalue is----------3
[INFO ][2015-11-27 18:27:51,976][com.java.SeleniumDriver] [  844] - DataField : TXTnewProjectionNumYears
[INFO ][2015-11-27 18:27:51,976][com.java.SeleniumDriver] [  846] - DataValue : 3
[INFO ][2015-11-27 18:27:51,976][com.java.SeleniumDriver] [  852] - <In Set values of the page>
[INFO ][2015-11-27 18:27:51,976][com.java.SeleniumDriver] [  855] - {Data Fields & Data Values Exist}
[INFO ][2015-11-27 18:27:51,976][com.java.SeleniumDriver] [  857] - --------------------------setting values-----------------------------
[INFO ][2015-11-27 18:27:51,976][com.java.SeleniumDriver] [  860] - Action Type : CLEARANDENTER
[INFO ][2015-11-27 18:27:51,976][com.java.TestType] [ 4790] - value = 3
[INFO ][2015-11-27 18:27:56,407][com.java.SeleniumDriver] [  869] -  RESULT true
[INFO ][2015-11-27 18:27:56,407][com.java.SeleniumDriver] [ 1075] - ?   P A S S   ?
[INFO ][2015-11-27 18:27:56,407][com.java.SeleniumDriver] [  796] - ------------------------------------------
[INFO ][2015-11-27 18:27:56,407][com.java.SeleniumDriver] [  797] - Test case being Executed: 2
[INFO ][2015-11-27 18:27:56,407][com.java.SeleniumDriver] [  808] - Test step:22
[INFO ][2015-11-27 18:27:56,407][com.java.SeleniumDriver] [  820] - Datavalue is----------EnteredYears
[INFO ][2015-11-27 18:27:56,407][com.java.SeleniumDriver] [  844] - DataField : XPHnewProjectionName
[INFO ][2015-11-27 18:27:56,407][com.java.SeleniumDriver] [  846] - DataValue : EnteredYears
[INFO ][2015-11-27 18:27:56,407][com.java.SeleniumDriver] [  852] - <In Set values of the page>
[INFO ][2015-11-27 18:27:56,407][com.java.SeleniumDriver] [  855] - {Data Fields & Data Values Exist}
[INFO ][2015-11-27 18:27:56,407][com.java.SeleniumDriver] [  857] - --------------------------setting values-----------------------------
[INFO ][2015-11-27 18:27:56,407][com.java.SeleniumDriver] [  860] - Action Type : STOREVALUE
[INFO ][2015-11-27 18:27:56,407][com.java.TestType] [ 7152] - field= XPHnewProjectionName
[DEBUG][2015-11-27 18:27:58,558][com.java.TestType] [ 7204] - Key:: EnteredYears   Value:: 
[INFO ][2015-11-27 18:27:58,558][com.java.SeleniumDriver] [  869] -  RESULT true
[INFO ][2015-11-27 18:27:58,558][com.java.SeleniumDriver] [ 1075] - ?   P A S S   ?
[INFO ][2015-11-27 18:27:58,558][com.java.SeleniumDriver] [  796] - ------------------------------------------
[INFO ][2015-11-27 18:27:58,558][com.java.SeleniumDriver] [  797] - Test case being Executed: 2
[INFO ][2015-11-27 18:27:58,558][com.java.SeleniumDriver] [  808] - Test step:23
[INFO ][2015-11-27 18:27:58,558][com.java.SeleniumDriver] [  820] - Datavalue is----------RNDCopyTest
[INFO ][2015-11-27 18:27:58,558][com.java.SeleniumDriver] [  844] - DataField : TXTnewProjectionName
[INFO ][2015-11-27 18:27:58,558][com.java.SeleniumDriver] [  846] - DataValue : RNDCopyTest
[INFO ][2015-11-27 18:27:58,558][com.java.SeleniumDriver] [  852] - <In Set values of the page>
[INFO ][2015-11-27 18:27:58,558][com.java.SeleniumDriver] [  855] - {Data Fields & Data Values Exist}
[INFO ][2015-11-27 18:27:58,558][com.java.SeleniumDriver] [  857] - --------------------------setting values-----------------------------
[INFO ][2015-11-27 18:27:58,558][com.java.SeleniumDriver] [  860] - Action Type : CLEARANDENTER
[INFO ][2015-11-27 18:27:58,558][com.java.TestType] [ 4790] - value = CopyTest70326
[INFO ][2015-11-27 18:28:03,310][com.java.SeleniumDriver] [  869] -  RESULT true
[INFO ][2015-11-27 18:28:03,310][com.java.SeleniumDriver] [ 1075] - ?   P A S S   ?
[INFO ][2015-11-27 18:28:03,310][com.java.SeleniumDriver] [  796] - ------------------------------------------
[INFO ][2015-11-27 18:28:03,310][com.java.SeleniumDriver] [  797] - Test case being Executed: 2
[INFO ][2015-11-27 18:28:03,310][com.java.SeleniumDriver] [  808] - Test step:24
[INFO ][2015-11-27 18:28:03,310][com.java.SeleniumDriver] [  820] - Datavalue is----------CopyPrjName
[INFO ][2015-11-27 18:28:03,310][com.java.SeleniumDriver] [  844] - DataField : XPHnewProjectionName
[INFO ][2015-11-27 18:28:03,310][com.java.SeleniumDriver] [  846] - DataValue : CopyPrjName
[INFO ][2015-11-27 18:28:03,310][com.java.SeleniumDriver] [  852] - <In Set values of the page>
[INFO ][2015-11-27 18:28:03,310][com.java.SeleniumDriver] [  855] - {Data Fields & Data Values Exist}
[INFO ][2015-11-27 18:28:03,310][com.java.SeleniumDriver] [  857] - --------------------------setting values-----------------------------
[INFO ][2015-11-27 18:28:03,310][com.java.SeleniumDriver] [  860] - Action Type : STOREVALUE
[INFO ][2015-11-27 18:28:03,310][com.java.TestType] [ 7152] - field= XPHnewProjectionName
[DEBUG][2015-11-27 18:28:05,479][com.java.TestType] [ 7204] - Key:: CopyPrjName   Value:: 
[INFO ][2015-11-27 18:28:05,479][com.java.SeleniumDriver] [  869] -  RESULT true
[INFO ][2015-11-27 18:28:05,479][com.java.SeleniumDriver] [ 1075] - ?   P A S S   ?
[INFO ][2015-11-27 18:28:05,479][com.java.SeleniumDriver] [  796] - ------------------------------------------
[INFO ][2015-11-27 18:28:05,479][com.java.SeleniumDriver] [  797] - Test case being Executed: 2
[INFO ][2015-11-27 18:28:05,479][com.java.SeleniumDriver] [  808] - Test step:25
[INFO ][2015-11-27 18:28:05,479][com.java.SeleniumDriver] [  820] - Datavalue is----------null
[DEBUG][2015-11-27 18:28:05,479][com.java.SeleniumDriver] [  838] - Exception: null
[INFO ][2015-11-27 18:28:05,479][com.java.SeleniumDriver] [  844] - DataField : BTNCopy
[INFO ][2015-11-27 18:28:05,479][com.java.SeleniumDriver] [  846] - DataValue : 
[INFO ][2015-11-27 18:28:05,479][com.java.SeleniumDriver] [  852] - <In Set values of the page>
[INFO ][2015-11-27 18:28:05,479][com.java.SeleniumDriver] [  855] - {Data Fields & Data Values Exist}
[INFO ][2015-11-27 18:28:05,479][com.java.SeleniumDriver] [  857] - --------------------------setting values-----------------------------
[INFO ][2015-11-27 18:28:05,479][com.java.SeleniumDriver] [  860] - Action Type : CLICKANDWAIT
[INFO ][2015-11-27 18:28:05,479][com.java.TestType] [ 5118] - Field ::BTNCopy
[INFO ][2015-11-27 18:28:06,479][com.java.TestType] [ 5184] - BEFORE CLICK
[INFO ][2015-11-27 18:28:15,752][com.java.TestType] [ 5191] - Unable to click the object null
[INFO ][2015-11-27 18:28:15,762][com.java.SeleniumDriver] [  869] -  RESULT true
[INFO ][2015-11-27 18:28:15,762][com.java.SeleniumDriver] [ 1075] - ?   P A S S   ?
[INFO ][2015-11-27 18:28:15,762][com.java.SeleniumDriver] [  796] - ------------------------------------------
[INFO ][2015-11-27 18:28:15,762][com.java.SeleniumDriver] [  797] - Test case being Executed: 2
[INFO ][2015-11-27 18:28:15,762][com.java.SeleniumDriver] [  808] - Test step:26
[INFO ][2015-11-27 18:28:15,762][com.java.SeleniumDriver] [  820] - Datavalue is----------8
[INFO ][2015-11-27 18:28:15,762][com.java.SeleniumDriver] [  844] - DataField : BTNDelete
[INFO ][2015-11-27 18:28:15,762][com.java.SeleniumDriver] [  846] - DataValue : 8
[INFO ][2015-11-27 18:28:15,762][com.java.SeleniumDriver] [  852] - <In Set values of the page>
[INFO ][2015-11-27 18:28:15,762][com.java.SeleniumDriver] [  855] - {Data Fields & Data Values Exist}
[INFO ][2015-11-27 18:28:15,762][com.java.SeleniumDriver] [  857] - --------------------------setting values-----------------------------
[INFO ][2015-11-27 18:28:15,762][com.java.SeleniumDriver] [  860] - Action Type : WAITFORELEMENT
[INFO ][2015-11-27 18:28:17,844][com.java.SeleniumDriver] [  869] -  RESULT true
[INFO ][2015-11-27 18:28:17,844][com.java.SeleniumDriver] [ 1075] - ?   P A S S   ?
[INFO ][2015-11-27 18:28:17,844][com.java.SeleniumDriver] [  796] - ------------------------------------------
[INFO ][2015-11-27 18:28:17,844][com.java.SeleniumDriver] [  797] - Test case being Executed: 2
[INFO ][2015-11-27 18:28:17,844][com.java.SeleniumDriver] [  808] - Test step:27
[INFO ][2015-11-27 18:28:17,844][com.java.SeleniumDriver] [  820] - Datavalue is----------null
[DEBUG][2015-11-27 18:28:17,844][com.java.SeleniumDriver] [  838] - Exception: null
[INFO ][2015-11-27 18:28:17,844][com.java.SeleniumDriver] [  844] - DataField : BTNparent
[INFO ][2015-11-27 18:28:17,844][com.java.SeleniumDriver] [  846] - DataValue : 
[INFO ][2015-11-27 18:28:17,844][com.java.SeleniumDriver] [  852] - <In Set values of the page>
[INFO ][2015-11-27 18:28:17,844][com.java.SeleniumDriver] [  855] - {Data Fields & Data Values Exist}
[INFO ][2015-11-27 18:28:17,844][com.java.SeleniumDriver] [  857] - --------------------------setting values-----------------------------
[INFO ][2015-11-27 18:28:17,844][com.java.SeleniumDriver] [  860] - Action Type : SELECTFRAME
[INFO ][2015-11-27 18:28:17,845][com.java.SeleniumDriver] [  869] -  RESULT true
[INFO ][2015-11-27 18:28:17,845][com.java.SeleniumDriver] [ 1075] - ?   P A S S   ?
[INFO ][2015-11-27 18:28:17,845][com.java.SeleniumDriver] [  796] - ------------------------------------------
[INFO ][2015-11-27 18:28:17,845][com.java.SeleniumDriver] [  797] - Test case being Executed: 2
[INFO ][2015-11-27 18:28:17,845][com.java.SeleniumDriver] [  808] - Test step:28
[INFO ][2015-11-27 18:28:17,845][com.java.SeleniumDriver] [  820] - Datavalue is----------5
[INFO ][2015-11-27 18:28:17,845][com.java.SeleniumDriver] [  844] - DataField : BTNframeProjectionOpen
[INFO ][2015-11-27 18:28:17,845][com.java.SeleniumDriver] [  846] - DataValue : 5
[INFO ][2015-11-27 18:28:17,845][com.java.SeleniumDriver] [  852] - <In Set values of the page>
[INFO ][2015-11-27 18:28:17,845][com.java.SeleniumDriver] [  855] - {Data Fields & Data Values Exist}
[INFO ][2015-11-27 18:28:17,845][com.java.SeleniumDriver] [  857] - --------------------------setting values-----------------------------
[INFO ][2015-11-27 18:28:17,845][com.java.SeleniumDriver] [  860] - Action Type : WAITFORELEMENT
[INFO ][2015-11-27 18:28:19,055][com.java.SeleniumDriver] [  869] -  RESULT true
[INFO ][2015-11-27 18:28:19,055][com.java.SeleniumDriver] [ 1075] - ?   P A S S   ?
[INFO ][2015-11-27 18:28:19,055][com.java.SeleniumDriver] [  796] - ------------------------------------------
[INFO ][2015-11-27 18:28:19,055][com.java.SeleniumDriver] [  797] - Test case being Executed: 2
[INFO ][2015-11-27 18:28:19,055][com.java.SeleniumDriver] [  808] - Test step:29
[INFO ][2015-11-27 18:28:19,055][com.java.SeleniumDriver] [  820] - Datavalue is----------null
[DEBUG][2015-11-27 18:28:19,055][com.java.SeleniumDriver] [  838] - Exception: null
[INFO ][2015-11-27 18:28:19,055][com.java.SeleniumDriver] [  844] - DataField : BTNframeProjectionOpen
[INFO ][2015-11-27 18:28:19,055][com.java.SeleniumDriver] [  846] - DataValue : 
[INFO ][2015-11-27 18:28:19,055][com.java.SeleniumDriver] [  852] - <In Set values of the page>
[INFO ][2015-11-27 18:28:19,055][com.java.SeleniumDriver] [  855] - {Data Fields & Data Values Exist}
[INFO ][2015-11-27 18:28:19,055][com.java.SeleniumDriver] [  857] - --------------------------setting values-----------------------------
[INFO ][2015-11-27 18:28:19,055][com.java.SeleniumDriver] [  860] - Action Type : SELECTFRAME
[INFO ][2015-11-27 18:28:20,317][com.java.SeleniumDriver] [  869] -  RESULT true
[INFO ][2015-11-27 18:28:20,317][com.java.SeleniumDriver] [ 1075] - ?   P A S S   ?
[INFO ][2015-11-27 18:28:20,317][com.java.SeleniumDriver] [  796] - ------------------------------------------
[INFO ][2015-11-27 18:28:20,317][com.java.SeleniumDriver] [  797] - Test case being Executed: 2
[INFO ][2015-11-27 18:28:20,317][com.java.SeleniumDriver] [  808] - Test step:30
[INFO ][2015-11-27 18:28:20,317][com.java.SeleniumDriver] [  820] - Datavalue is----------HMVSelectedYear
[INFO ][2015-11-27 18:28:20,317][com.java.SeleniumDriver] [  844] - DataField : XPH//table[@id="table_0"]//td[contains(text(),'Projection Start Year:')]/following-sibling::td
[INFO ][2015-11-27 18:28:20,317][com.java.SeleniumDriver] [  846] - DataValue : HMVSelectedYear
[INFO ][2015-11-27 18:28:20,317][com.java.SeleniumDriver] [  852] - <In Set values of the page>
[INFO ][2015-11-27 18:28:20,317][com.java.SeleniumDriver] [  855] - {Data Fields & Data Values Exist}
[INFO ][2015-11-27 18:28:20,317][com.java.SeleniumDriver] [  857] - --------------------------setting values-----------------------------
[INFO ][2015-11-27 18:28:20,317][com.java.SeleniumDriver] [  860] - Action Type : VERIFY
[INFO ][2015-11-27 18:28:20,317][com.java.TestType] [ 5975] - field= XPH//table[@id="table_0"]//td[contains(text(),'Projection Start Year:')]/following-sibling::td value= HMVSelectedYear
[INFO ][2015-11-27 18:28:20,317][com.java.TestType] [ 4790] - value = 
[INFO ][2015-11-27 18:28:20,467][com.java.SeleniumDriver] [  869] -  RESULT true
[INFO ][2015-11-27 18:28:20,467][com.java.SeleniumDriver] [ 1075] - ?   P A S S   ?
[INFO ][2015-11-27 18:28:20,467][com.java.SeleniumDriver] [  796] - ------------------------------------------
[INFO ][2015-11-27 18:28:20,467][com.java.SeleniumDriver] [  797] - Test case being Executed: 2
[INFO ][2015-11-27 18:28:20,467][com.java.SeleniumDriver] [  808] - Test step:31
[INFO ][2015-11-27 18:28:20,467][com.java.SeleniumDriver] [  820] - Datavalue is----------HMVCopyPrjName
[INFO ][2015-11-27 18:28:20,467][com.java.SeleniumDriver] [  844] - DataField : XPHDescription
[INFO ][2015-11-27 18:28:20,467][com.java.SeleniumDriver] [  846] - DataValue : HMVCopyPrjName
[INFO ][2015-11-27 18:28:20,467][com.java.SeleniumDriver] [  852] - <In Set values of the page>
[INFO ][2015-11-27 18:28:20,467][com.java.SeleniumDriver] [  855] - {Data Fields & Data Values Exist}
[INFO ][2015-11-27 18:28:20,467][com.java.SeleniumDriver] [  857] - --------------------------setting values-----------------------------
[INFO ][2015-11-27 18:28:20,467][com.java.SeleniumDriver] [  860] - Action Type : VERIFY
[INFO ][2015-11-27 18:28:20,467][com.java.TestType] [ 5975] - field= XPHDescription value= HMVCopyPrjName
[INFO ][2015-11-27 18:28:20,467][com.java.TestType] [ 4790] - value = 
[INFO ][2015-11-27 18:28:22,658][com.java.SeleniumDriver] [  869] -  RESULT true
[INFO ][2015-11-27 18:28:22,658][com.java.SeleniumDriver] [ 1075] - ?   P A S S   ?
[INFO ][2015-11-27 18:28:22,658][com.java.SeleniumDriver] [  796] - ------------------------------------------
[INFO ][2015-11-27 18:28:22,658][com.java.SeleniumDriver] [  797] - Test case being Executed: 2
[INFO ][2015-11-27 18:28:22,658][com.java.SeleniumDriver] [  808] - Test step:32
[INFO ][2015-11-27 18:28:22,658][com.java.SeleniumDriver] [  820] - Datavalue is----------HMVEnteredYears
[INFO ][2015-11-27 18:28:22,658][com.java.SeleniumDriver] [  844] - DataField : XPH//table[@id="table_0"]//td[contains(text(),'Number of Years:')]/following-sibling::td[1]
[INFO ][2015-11-27 18:28:22,658][com.java.SeleniumDriver] [  846] - DataValue : HMVEnteredYears
[INFO ][2015-11-27 18:28:22,658][com.java.SeleniumDriver] [  852] - <In Set values of the page>
[INFO ][2015-11-27 18:28:22,658][com.java.SeleniumDriver] [  855] - {Data Fields & Data Values Exist}
[INFO ][2015-11-27 18:28:22,658][com.java.SeleniumDriver] [  857] - --------------------------setting values-----------------------------
[INFO ][2015-11-27 18:28:22,658][com.java.SeleniumDriver] [  860] - Action Type : VERIFY
[INFO ][2015-11-27 18:28:22,658][com.java.TestType] [ 5975] - field= XPH//table[@id="table_0"]//td[contains(text(),'Number of Years:')]/following-sibling::td[1] value= HMVEnteredYears
[INFO ][2015-11-27 18:28:22,658][com.java.TestType] [ 4790] - value = 
[INFO ][2015-11-27 18:28:22,788][com.java.SeleniumDriver] [  869] -  RESULT true
[INFO ][2015-11-27 18:28:22,788][com.java.SeleniumDriver] [ 1075] - ?   P A S S   ?
[INFO ][2015-11-27 18:28:22,788][com.java.SeleniumDriver] [  796] - ------------------------------------------
[INFO ][2015-11-27 18:28:22,788][com.java.SeleniumDriver] [  797] - Test case being Executed: 2
[INFO ][2015-11-27 18:28:22,788][com.java.SeleniumDriver] [  808] - Test step:33
[INFO ][2015-11-27 18:28:22,788][com.java.SeleniumDriver] [  820] - Datavalue is----------null
[DEBUG][2015-11-27 18:28:22,788][com.java.SeleniumDriver] [  838] - Exception: null
[INFO ][2015-11-27 18:28:22,788][com.java.SeleniumDriver] [  844] - DataField : HDN//table[@class="dialogue"]//div[contains(text(),'Balance Sheet')]
[INFO ][2015-11-27 18:28:22,788][com.java.SeleniumDriver] [  846] - DataValue : 
[INFO ][2015-11-27 18:28:22,788][com.java.SeleniumDriver] [  852] - <In Set values of the page>
[INFO ][2015-11-27 18:28:22,788][com.java.SeleniumDriver] [  855] - {Data Fields & Data Values Exist}
[INFO ][2015-11-27 18:28:22,788][com.java.SeleniumDriver] [  857] - --------------------------setting values-----------------------------
[INFO ][2015-11-27 18:28:22,788][com.java.SeleniumDriver] [  860] - Action Type : CLICK
[INFO ][2015-11-27 18:28:22,788][com.java.TestType] [ 5118] - Field ::HDN//table[@class="dialogue"]//div[contains(text(),'Balance Sheet')]
[INFO ][2015-11-27 18:28:23,869][com.java.SeleniumDriver] [  869] -  RESULT true
[INFO ][2015-11-27 18:28:23,869][com.java.SeleniumDriver] [ 1075] - ?   P A S S   ?
[INFO ][2015-11-27 18:28:23,869][com.java.SeleniumDriver] [  796] - ------------------------------------------
[INFO ][2015-11-27 18:28:23,869][com.java.SeleniumDriver] [  797] - Test case being Executed: 2
[INFO ][2015-11-27 18:28:23,869][com.java.SeleniumDriver] [  808] - Test step:34
[INFO ][2015-11-27 18:28:23,869][com.java.SeleniumDriver] [  820] - Datavalue is----------10
[INFO ][2015-11-27 18:28:23,869][com.java.SeleniumDriver] [  844] - DataField : null
[INFO ][2015-11-27 18:28:23,869][com.java.SeleniumDriver] [  846] - DataValue : 10
[INFO ][2015-11-27 18:28:23,869][com.java.SeleniumDriver] [  852] - <In Set values of the page>
[INFO ][2015-11-27 18:28:23,869][com.java.SeleniumDriver] [  855] - {Data Fields & Data Values Exist}
[INFO ][2015-11-27 18:28:23,869][com.java.SeleniumDriver] [  857] - --------------------------setting values-----------------------------
[INFO ][2015-11-27 18:28:23,869][com.java.SeleniumDriver] [  860] - Action Type : Waittime
[DEBUG][2015-11-27 18:28:23,869][com.java.TestType] [ 4610] - sleepTime: 10000
[INFO ][2015-11-27 18:28:33,874][com.java.SeleniumDriver] [  869] -  RESULT true
[INFO ][2015-11-27 18:28:33,874][com.java.SeleniumDriver] [ 1075] - ?   P A S S   ?
[INFO ][2015-11-27 18:28:33,874][com.java.SeleniumDriver] [  796] - ------------------------------------------
[INFO ][2015-11-27 18:28:33,874][com.java.SeleniumDriver] [  797] - Test case being Executed: 2
[INFO ][2015-11-27 18:28:33,874][com.java.SeleniumDriver] [  808] - Test step:35
[INFO ][2015-11-27 18:28:33,874][com.java.SeleniumDriver] [  820] - Datavalue is----------HMVSelectedYear::HMVEnteredYears::null
[INFO ][2015-11-27 18:28:33,874][com.java.SeleniumDriver] [  844] - DataField : XPH//table[@id="table_1"]//td[@class="dlg_ColumnHeader"]
[INFO ][2015-11-27 18:28:33,874][com.java.SeleniumDriver] [  846] - DataValue : HMVSelectedYear::HMVEnteredYears::null
[INFO ][2015-11-27 18:28:33,874][com.java.SeleniumDriver] [  852] - <In Set values of the page>
[INFO ][2015-11-27 18:28:33,874][com.java.SeleniumDriver] [  855] - {Data Fields & Data Values Exist}
[INFO ][2015-11-27 18:28:33,874][com.java.SeleniumDriver] [  857] - --------------------------setting values-----------------------------
[INFO ][2015-11-27 18:28:33,874][com.java.SeleniumDriver] [  860] - Action Type : MANAGEPRJINCANDDEC
[INFO ][2015-11-27 18:28:42,740][com.java.TestType] [  859] - field = XPH//table[@id="table_1"]//td[@class="dlg_ColumnHeader"]
[INFO ][2015-11-27 18:29:07,350][com.java.TestType] [  859] - field = XPH//table[@id="table_1"]//td[@class="dlg_ColumnHeader"]
