[INFO ][2016-02-10 17:49:05,498][com.java.SeleniumDriver] [  213] - Execute Failed Casesfalse
[INFO ][2016-02-10 17:49:05,498][com.java.SeleniumDriver] [  214] - Browser: IE10
[INFO ][2016-02-10 17:49:05,498][com.java.SeleniumDriver] [  215] - [1, 38, 41, 47, 49, 50, 16, 19]
[INFO ][2016-02-10 17:49:05,498][com.java.SeleniumDriver] [  216] - Total TestCases:8
[INFO ][2016-02-10 17:49:05,498][com.java.SeleniumDriver] [  217] -  Reading Properties from Property File 
[DEBUG][2016-02-10 17:49:05,498][com.java.SeleniumDriver] [  238] - url : https://clients-xuat.bankersdashboard.com
[INFO ][2016-02-10 17:49:05,498][com.java.ImportnExport.ExportTestResultsExcel] [  116] - Time Stamp Wed Feb 10 05:49:05 IST 2016
[INFO ][2016-02-10 17:49:05,498][com.java.ImportnExport.ExportTestResultsExcel] [  175] - OUT FILE : D:\BankersDashboard/TestReports/Test Results_BankersDashBoard_021016_174905_IE10_First Bank.xls
[INFO ][2016-02-10 17:49:05,530][com.java.ImportnExport.ExportTestResultsExcel] [  180] - Test Result file is created
[DEBUG][2016-02-10 17:49:05,640][com.java.SeleniumDriver] [  426] - Hub ip address is-------172.17.68.34
[INFO ][2016-02-10 17:49:05,640][com.java.SeleniumDriver] [  452] - Grid URL:http://172.17.68.34:4444/wd/hub
[INFO ][2016-02-10 17:49:05,640][com.java.SeleniumDriver] [  453] - Capability:Capabilities [{platform=ANY, ensureCleanSession=true, ignoreProtectedModeSettings=true, acceptSslCerts=true, ignoreZoomSetting=true, browserName=internet explorer, browserstack.ie.noFlash=true, version=null}]
[ERROR][2016-02-10 17:49:06,966][com.java.SeleniumDriver] [  498] - Unable invoke browser in grid:Could not start a new session. Possible causes are invalid address of the remote server or browser start-up failure.
Build info: version: '2.48.2', revision: '41bccdd', time: '2015-10-09 19:59:12'
System info: host: 'FVTIII438F1D', ip: '172.17.68.34', os.name: 'Windows 7', os.arch: 'x86', os.version: '6.1', java.version: '1.7.0_55'
Driver info: driver.version: SeleniumDriver
[INFO ][2016-02-10 17:49:06,966][com.java.SeleniumDriver] [  500] - Executing on local machine
[ERROR][2016-02-10 17:49:25,032][com.java.SeleniumDriver] [  539] - Unable to invoke the browser:IE10
[ERROR][2016-02-10 17:49:25,032][com.java.SeleniumDriver] [  540] - Error:Could not start a new session. Possible causes are invalid address of the remote server or browser start-up failure.
Build info: version: '2.48.2', revision: '41bccdd', time: '2015-10-09 19:59:12'
System info: host: 'FVTIII438F1D', ip: '172.17.68.34', os.name: 'Windows 7', os.arch: 'x86', os.version: '6.1', java.version: '1.7.0_55'
Driver info: driver.version: SeleniumDriver
[INFO ][2016-02-10 17:49:25,032][com.java.SeleniumDriver] [  567] - Total Number of Cases:8
[INFO ][2016-02-10 17:49:25,032][com.java.SeleniumDriver] [  568] - Executed:0
[INFO ][2016-02-10 17:49:25,032][com.java.SeleniumDriver] [  569] - Passed:0
[INFO ][2016-02-10 17:49:25,032][com.java.SeleniumDriver] [  570] - Failed:0
[INFO ][2016-02-10 17:49:25,032][com.java.SeleniumDriver] [  571] - Skipeed:8
[INFO ][2016-02-10 17:49:25,032][com.java.SeleniumDriver] [  572] - Application URL:https://clients-xuat.bankersdashboard.com
[INFO ][2016-02-10 17:49:25,032][com.java.SeleniumDriver] [  573] - Start Time:021016_174905
[WARN ][2016-02-10 17:49:25,079][com.java.SeleniumDriver] [  602] - WARNNING:: Final results mismatched for skipped count
[INFO ][2016-02-10 17:49:25,079][com.java.SeleniumDriver] [  603] - WARNNING:: Actual data totalTestCases:8 finalReportCounter: Total:0 :: skipped: 0
[INFO ][2016-02-10 17:49:25,079][com.java.SeleniumDriver] [  606] - TotalTestCases:8
[INFO ][2016-02-10 17:49:25,079][com.java.SeleniumDriver] [  607] - finalReportCounter:Total:0 :: PASS: 0 ::FAIL: 0
[INFO ][2016-02-10 17:49:25,079][com.java.TemplateGenerator] [  302] - Executed:0
[INFO ][2016-02-10 17:49:25,079][com.java.TemplateGenerator] [  303] - Passed:0
[INFO ][2016-02-10 17:49:25,079][com.java.TemplateGenerator] [  304] - Failed:0
[INFO ][2016-02-10 17:49:25,079][com.java.TemplateGenerator] [  305] - Skipeed:8
[INFO ][2016-02-10 17:49:25,079][com.java.TemplateGenerator] [  306] - Application URL:https://clients-xuat.bankersdashboard.com
[INFO ][2016-02-10 17:49:25,079][com.java.TemplateGenerator] [  307] - Start Time:021016_174905
[INFO ][2016-02-10 17:49:25,079][com.java.TemplateGenerator] [  308] -  Creating HTML Report 
[ERROR][2016-02-10 17:49:25,079][com.java.TemplateGenerator] [  409] - Unparseable date: "Wed Feb 10 05:49:05 IST 2016"
[ERROR][2016-02-10 17:49:25,079][com.java.SeleniumDriver] [  663] - Stopping the theread, Unable to invoke browser: IE10Error:Could not start a new session. Possible causes are invalid address of the remote server or browser start-up failure.
Build info: version: '2.48.2', revision: '41bccdd', time: '2015-10-09 19:59:12'
System info: host: 'FVTIII438F1D', ip: '172.17.68.34', os.name: 'Windows 7', os.arch: 'x86', os.version: '6.1', java.version: '1.7.0_55'
Driver info: driver.version: SeleniumDriver
