[INFO ][2015-12-02 14:38:28,546][com.java.SeleniumDriver] [  213] - Execute Failed Casesfalse
[INFO ][2015-12-02 14:38:28,546][com.java.SeleniumDriver] [  214] - Browser: IE10
[INFO ][2015-12-02 14:38:28,546][com.java.SeleniumDriver] [  215] - [1, 9]
[INFO ][2015-12-02 14:38:28,547][com.java.SeleniumDriver] [  216] - Total TestCases:2
[INFO ][2015-12-02 14:38:28,547][com.java.SeleniumDriver] [  217] -  Reading Properties from Property File 
[DEBUG][2015-12-02 14:38:28,547][com.java.SeleniumDriver] [  238] - url : https://clients-xuat.bankersdashboard.com
[INFO ][2015-12-02 14:38:28,549][com.java.ImportnExport.ExportTestResultsExcel] [  116] - Time Stamp Wed Dec 02 02:38:28 IST 2015
[INFO ][2015-12-02 14:38:28,549][com.java.ImportnExport.ExportTestResultsExcel] [  175] - OUT FILE : D:\BankersDashboard/TestReports/Test Results_BankersDashBoard_120215_143828_IE10_Any Bank USA.xls
[INFO ][2015-12-02 14:38:28,579][com.java.ImportnExport.ExportTestResultsExcel] [  180] - Test Result file is created
[DEBUG][2015-12-02 14:38:28,689][com.java.SeleniumDriver] [  426] - Hub ip address is-------172.17.68.34
[INFO ][2015-12-02 14:38:28,690][com.java.SeleniumDriver] [  452] - Grid URL:http://172.17.68.34:4444/wd/hub
[INFO ][2015-12-02 14:38:28,690][com.java.SeleniumDriver] [  453] - Capability:Capabilities [{platform=ANY, ensureCleanSession=true, ignoreProtectedModeSettings=true, acceptSslCerts=true, ignoreZoomSetting=true, browserName=internet explorer, browserstack.ie.noFlash=true, version=null}]
[ERROR][2015-12-02 14:38:30,042][com.java.SeleniumDriver] [  497] - Unable invoke browser in grid:Could not start a new session. Possible causes are invalid address of the remote server or browser start-up failure.
Build info: version: '2.48.2', revision: '41bccdd', time: '2015-10-09 19:59:12'
System info: host: 'FVTIII438F1D', ip: '172.17.68.34', os.name: 'Windows 7', os.arch: 'x86', os.version: '6.1', java.version: '1.7.0_55'
Driver info: driver.version: SeleniumDriver
[INFO ][2015-12-02 14:38:30,043][com.java.SeleniumDriver] [  499] - Executing on local machine
[INFO ][2015-12-02 14:38:39,748][com.java.SeleniumDriver] [  248] - IE10is opened
[INFO ][2015-12-02 14:38:40,616][com.java.SeleniumDriver] [  754] - Test cases to be executed are: [1, 9]
[INFO ][2015-12-02 14:38:40,637][com.java.ImportnExport.ImportTestDataDetailsExcel] [   49] - test data details path===== D:\BankersDashboard\TestInputs\TestData.xls
[INFO ][2015-12-02 14:38:40,704][com.java.SeleniumDriver] [  801] - ------------------------------------------
[INFO ][2015-12-02 14:38:40,704][com.java.SeleniumDriver] [  802] - Test case being Executed: 1
[INFO ][2015-12-02 14:38:40,704][com.java.SeleniumDriver] [  813] - Test step:1
[INFO ][2015-12-02 14:38:40,704][com.java.SeleniumDriver] [  825] - Datavalue is----------Concept#1:1-14
[INFO ][2015-12-02 14:38:40,704][com.java.SeleniumDriver] [  849] - DataField : test
[INFO ][2015-12-02 14:38:40,704][com.java.SeleniumDriver] [  851] - DataValue : Concept#1:1-14
[INFO ][2015-12-02 14:38:40,705][com.java.SeleniumDriver] [  857] - <In Set values of the page>
[INFO ][2015-12-02 14:38:40,705][com.java.SeleniumDriver] [  860] - {Data Fields & Data Values Exist}
[INFO ][2015-12-02 14:38:40,705][com.java.SeleniumDriver] [  862] - --------------------------setting values-----------------------------
[INFO ][2015-12-02 14:38:40,705][com.java.SeleniumDriver] [  865] - Action Type : ExecuteTestCase
[INFO ][2015-12-02 14:38:40,735][com.java.TestType] [  433] - The Concept sheet name is ---------- Concept
[INFO ][2015-12-02 14:38:40,735][com.java.TestType] [  436] - The Concept ID  is ---------- 1
[DEBUG][2015-12-02 14:38:40,735][com.java.TestType] [  440] - Steps being executted in the Concept are: 1:14
[INFO ][2015-12-02 14:38:40,735][com.java.TestType] [  447] - Test data details path ---------- D:\BankersDashboard\TestInputs\TestData.xls
[INFO ][2015-12-02 14:38:40,778][com.java.TestType] [  478] -  str(1) = 1
[INFO ][2015-12-02 14:38:40,778][com.java.TestType] [  481] - Test case Id is---1
[INFO ][2015-12-02 14:38:40,778][com.java.TestType] [  483] - 1
[INFO ][2015-12-02 14:38:40,778][com.java.TestType] [  478] -  str(2) = 1
[INFO ][2015-12-02 14:38:40,783][com.java.TestType] [  530] - row values are--------{1=com.java.Objects.TestDataDetails@a97693}
[INFO ][2015-12-02 14:38:40,783][com.java.TestType] [  478] -  str(1) = 1
[INFO ][2015-12-02 14:38:40,783][com.java.TestType] [  481] - Test case Id is---1
[INFO ][2015-12-02 14:38:40,783][com.java.TestType] [  483] - 1
[INFO ][2015-12-02 14:38:40,783][com.java.TestType] [  478] -  str(2) = 2
[INFO ][2015-12-02 14:38:40,784][com.java.TestType] [  530] - row values are--------{1=com.java.Objects.TestDataDetails@a97693, 2=com.java.Objects.TestDataDetails@57b4bc}
[INFO ][2015-12-02 14:38:40,785][com.java.TestType] [  478] -  str(1) = 1
[INFO ][2015-12-02 14:38:40,785][com.java.TestType] [  481] - Test case Id is---1
[INFO ][2015-12-02 14:38:40,785][com.java.TestType] [  483] - 1
[INFO ][2015-12-02 14:38:40,785][com.java.TestType] [  478] -  str(2) = 3
[INFO ][2015-12-02 14:38:40,786][com.java.TestType] [  530] - row values are--------{1=com.java.Objects.TestDataDetails@a97693, 2=com.java.Objects.TestDataDetails@57b4bc, 3=com.java.Objects.TestDataDetails@9d50f0}
[INFO ][2015-12-02 14:38:40,786][com.java.TestType] [  478] -  str(1) = 1
[INFO ][2015-12-02 14:38:40,787][com.java.TestType] [  481] - Test case Id is---1
[INFO ][2015-12-02 14:38:40,787][com.java.TestType] [  483] - 1
[INFO ][2015-12-02 14:38:40,787][com.java.TestType] [  478] -  str(2) = 4
[INFO ][2015-12-02 14:38:40,788][com.java.TestType] [  530] - row values are--------{1=com.java.Objects.TestDataDetails@a97693, 2=com.java.Objects.TestDataDetails@57b4bc, 3=com.java.Objects.TestDataDetails@9d50f0, 4=com.java.Objects.TestDataDetails@177fb29}
[INFO ][2015-12-02 14:38:40,788][com.java.TestType] [  478] -  str(1) = 1
[INFO ][2015-12-02 14:38:40,788][com.java.TestType] [  481] - Test case Id is---1
[INFO ][2015-12-02 14:38:40,788][com.java.TestType] [  483] - 1
[INFO ][2015-12-02 14:38:40,789][com.java.TestType] [  478] -  str(2) = 5
[INFO ][2015-12-02 14:38:40,790][com.java.TestType] [  530] - row values are--------{1=com.java.Objects.TestDataDetails@a97693, 2=com.java.Objects.TestDataDetails@57b4bc, 3=com.java.Objects.TestDataDetails@9d50f0, 4=com.java.Objects.TestDataDetails@177fb29, 5=com.java.Objects.TestDataDetails@15609e1}
[INFO ][2015-12-02 14:38:40,790][com.java.TestType] [  478] -  str(1) = 1
[INFO ][2015-12-02 14:38:40,790][com.java.TestType] [  481] - Test case Id is---1
[INFO ][2015-12-02 14:38:40,790][com.java.TestType] [  483] - 1
[INFO ][2015-12-02 14:38:40,790][com.java.TestType] [  478] -  str(2) = 6
[INFO ][2015-12-02 14:38:40,791][com.java.TestType] [  530] - row values are--------{1=com.java.Objects.TestDataDetails@a97693, 2=com.java.Objects.TestDataDetails@57b4bc, 3=com.java.Objects.TestDataDetails@9d50f0, 4=com.java.Objects.TestDataDetails@177fb29, 5=com.java.Objects.TestDataDetails@15609e1, 6=com.java.Objects.TestDataDetails@1e8bec9}
[INFO ][2015-12-02 14:38:40,791][com.java.TestType] [  478] -  str(1) = 1
[INFO ][2015-12-02 14:38:40,791][com.java.TestType] [  481] - Test case Id is---1
[INFO ][2015-12-02 14:38:40,791][com.java.TestType] [  483] - 1
[INFO ][2015-12-02 14:38:40,791][com.java.TestType] [  478] -  str(2) = 7
[INFO ][2015-12-02 14:38:40,792][com.java.TestType] [  530] - row values are--------{1=com.java.Objects.TestDataDetails@a97693, 2=com.java.Objects.TestDataDetails@57b4bc, 3=com.java.Objects.TestDataDetails@9d50f0, 4=com.java.Objects.TestDataDetails@177fb29, 5=com.java.Objects.TestDataDetails@15609e1, 6=com.java.Objects.TestDataDetails@1e8bec9, 7=com.java.Objects.TestDataDetails@ee1649}
[INFO ][2015-12-02 14:38:40,792][com.java.TestType] [  478] -  str(1) = 1
[INFO ][2015-12-02 14:38:40,792][com.java.TestType] [  481] - Test case Id is---1
[INFO ][2015-12-02 14:38:40,792][com.java.TestType] [  483] - 1
[INFO ][2015-12-02 14:38:40,792][com.java.TestType] [  478] -  str(2) = 8
[INFO ][2015-12-02 14:38:40,793][com.java.TestType] [  530] - row values are--------{1=com.java.Objects.TestDataDetails@a97693, 2=com.java.Objects.TestDataDetails@57b4bc, 3=com.java.Objects.TestDataDetails@9d50f0, 4=com.java.Objects.TestDataDetails@177fb29, 5=com.java.Objects.TestDataDetails@15609e1, 6=com.java.Objects.TestDataDetails@1e8bec9, 7=com.java.Objects.TestDataDetails@ee1649, 8=com.java.Objects.TestDataDetails@1a7d906}
[INFO ][2015-12-02 14:38:40,793][com.java.TestType] [  478] -  str(1) = 1
[INFO ][2015-12-02 14:38:40,793][com.java.TestType] [  481] - Test case Id is---1
[INFO ][2015-12-02 14:38:40,794][com.java.TestType] [  483] - 1
[INFO ][2015-12-02 14:38:40,794][com.java.TestType] [  478] -  str(2) = 9
[INFO ][2015-12-02 14:38:40,794][com.java.TestType] [  530] - row values are--------{1=com.java.Objects.TestDataDetails@a97693, 2=com.java.Objects.TestDataDetails@57b4bc, 3=com.java.Objects.TestDataDetails@9d50f0, 4=com.java.Objects.TestDataDetails@177fb29, 5=com.java.Objects.TestDataDetails@15609e1, 6=com.java.Objects.TestDataDetails@1e8bec9, 7=com.java.Objects.TestDataDetails@ee1649, 8=com.java.Objects.TestDataDetails@1a7d906, 9=com.java.Objects.TestDataDetails@e4ffab}
[INFO ][2015-12-02 14:38:40,794][com.java.TestType] [  478] -  str(1) = 1
[INFO ][2015-12-02 14:38:40,795][com.java.TestType] [  481] - Test case Id is---1
[INFO ][2015-12-02 14:38:40,795][com.java.TestType] [  483] - 1
[INFO ][2015-12-02 14:38:40,795][com.java.TestType] [  478] -  str(2) = 10
[INFO ][2015-12-02 14:38:40,796][com.java.TestType] [  530] - row values are--------{1=com.java.Objects.TestDataDetails@a97693, 2=com.java.Objects.TestDataDetails@57b4bc, 3=com.java.Objects.TestDataDetails@9d50f0, 4=com.java.Objects.TestDataDetails@177fb29, 5=com.java.Objects.TestDataDetails@15609e1, 6=com.java.Objects.TestDataDetails@1e8bec9, 7=com.java.Objects.TestDataDetails@ee1649, 8=com.java.Objects.TestDataDetails@1a7d906, 9=com.java.Objects.TestDataDetails@e4ffab, 10=com.java.Objects.TestDataDetails@1a4ad63}
[INFO ][2015-12-02 14:38:40,796][com.java.TestType] [  478] -  str(1) = 1
[INFO ][2015-12-02 14:38:40,796][com.java.TestType] [  481] - Test case Id is---1
[INFO ][2015-12-02 14:38:40,796][com.java.TestType] [  483] - 1
[INFO ][2015-12-02 14:38:40,796][com.java.TestType] [  478] -  str(2) = 11
[INFO ][2015-12-02 14:38:40,797][com.java.TestType] [  530] - row values are--------{1=com.java.Objects.TestDataDetails@a97693, 2=com.java.Objects.TestDataDetails@57b4bc, 3=com.java.Objects.TestDataDetails@9d50f0, 4=com.java.Objects.TestDataDetails@177fb29, 5=com.java.Objects.TestDataDetails@15609e1, 6=com.java.Objects.TestDataDetails@1e8bec9, 7=com.java.Objects.TestDataDetails@ee1649, 8=com.java.Objects.TestDataDetails@1a7d906, 9=com.java.Objects.TestDataDetails@e4ffab, 10=com.java.Objects.TestDataDetails@1a4ad63, 11=com.java.Objects.TestDataDetails@ad443d}
[INFO ][2015-12-02 14:38:40,797][com.java.TestType] [  478] -  str(1) = 1
[INFO ][2015-12-02 14:38:40,797][com.java.TestType] [  481] - Test case Id is---1
[INFO ][2015-12-02 14:38:40,799][com.java.TestType] [  483] - 1
[INFO ][2015-12-02 14:38:40,799][com.java.TestType] [  478] -  str(2) = 12
[INFO ][2015-12-02 14:38:40,800][com.java.TestType] [  530] - row values are--------{1=com.java.Objects.TestDataDetails@a97693, 2=com.java.Objects.TestDataDetails@57b4bc, 3=com.java.Objects.TestDataDetails@9d50f0, 4=com.java.Objects.TestDataDetails@177fb29, 5=com.java.Objects.TestDataDetails@15609e1, 6=com.java.Objects.TestDataDetails@1e8bec9, 7=com.java.Objects.TestDataDetails@ee1649, 8=com.java.Objects.TestDataDetails@1a7d906, 9=com.java.Objects.TestDataDetails@e4ffab, 10=com.java.Objects.TestDataDetails@1a4ad63, 11=com.java.Objects.TestDataDetails@ad443d, 12=com.java.Objects.TestDataDetails@2f4161}
[INFO ][2015-12-02 14:38:40,800][com.java.TestType] [  478] -  str(1) = 1
[INFO ][2015-12-02 14:38:40,800][com.java.TestType] [  481] - Test case Id is---1
[INFO ][2015-12-02 14:38:40,800][com.java.TestType] [  483] - 1
[INFO ][2015-12-02 14:38:40,800][com.java.TestType] [  478] -  str(2) = 13
[INFO ][2015-12-02 14:38:40,801][com.java.TestType] [  530] - row values are--------{1=com.java.Objects.TestDataDetails@a97693, 2=com.java.Objects.TestDataDetails@57b4bc, 3=com.java.Objects.TestDataDetails@9d50f0, 4=com.java.Objects.TestDataDetails@177fb29, 5=com.java.Objects.TestDataDetails@15609e1, 6=com.java.Objects.TestDataDetails@1e8bec9, 7=com.java.Objects.TestDataDetails@ee1649, 8=com.java.Objects.TestDataDetails@1a7d906, 9=com.java.Objects.TestDataDetails@e4ffab, 10=com.java.Objects.TestDataDetails@1a4ad63, 11=com.java.Objects.TestDataDetails@ad443d, 12=com.java.Objects.TestDataDetails@2f4161, 13=com.java.Objects.TestDataDetails@1cbaad7}
[INFO ][2015-12-02 14:38:40,801][com.java.TestType] [  478] -  str(1) = 1
[INFO ][2015-12-02 14:38:40,801][com.java.TestType] [  481] - Test case Id is---1
[INFO ][2015-12-02 14:38:40,801][com.java.TestType] [  483] - 1
[INFO ][2015-12-02 14:38:40,801][com.java.TestType] [  478] -  str(2) = 14
[INFO ][2015-12-02 14:38:40,802][com.java.TestType] [  530] - row values are--------{1=com.java.Objects.TestDataDetails@a97693, 2=com.java.Objects.TestDataDetails@57b4bc, 3=com.java.Objects.TestDataDetails@9d50f0, 4=com.java.Objects.TestDataDetails@177fb29, 5=com.java.Objects.TestDataDetails@15609e1, 6=com.java.Objects.TestDataDetails@1e8bec9, 7=com.java.Objects.TestDataDetails@ee1649, 8=com.java.Objects.TestDataDetails@1a7d906, 9=com.java.Objects.TestDataDetails@e4ffab, 10=com.java.Objects.TestDataDetails@1a4ad63, 11=com.java.Objects.TestDataDetails@ad443d, 12=com.java.Objects.TestDataDetails@2f4161, 13=com.java.Objects.TestDataDetails@1cbaad7, 14=com.java.Objects.TestDataDetails@169fcd6}
[INFO ][2015-12-02 14:38:40,802][com.java.TestType] [ 9471] - Looping 1TCID = 1
[DEBUG][2015-12-02 14:38:40,802][com.java.TestType] [ 9512] - Concept ID:1 :: Step being Executed: 1::1
[INFO ][2015-12-02 14:38:40,802][com.java.TestType] [ 9550] - dataFields : TXTusername
[DEBUG][2015-12-02 14:38:40,802][com.java.TestType] [ 9556] - <In Set values of the page>
[DEBUG][2015-12-02 14:38:40,802][com.java.TestType] [ 9561] - {Data Fields & Data Values Exist}
[INFO ][2015-12-02 14:38:40,803][com.java.TestType] [ 9567] - --------------------------setting values-----------------------------
[INFO ][2015-12-02 14:38:40,803][com.java.TestType] [ 9570] - Action Type : CLEARANDENTER
[INFO ][2015-12-02 14:38:40,803][com.java.TestType] [ 4994] - value = naresh.nayini.00000
[INFO ][2015-12-02 14:38:45,622][com.java.TestType] [ 9589] -  RESULT true
[INFO ][2015-12-02 14:38:45,622][com.java.TestType] [ 9706] - ?   P A S S   ?
[DEBUG][2015-12-02 14:38:45,622][com.java.TestType] [ 9512] - Concept ID:1 :: Step being Executed: 1::2
[INFO ][2015-12-02 14:38:45,622][com.java.TestType] [ 9550] - dataFields : TXTpassword
[DEBUG][2015-12-02 14:38:45,622][com.java.TestType] [ 9556] - <In Set values of the page>
[DEBUG][2015-12-02 14:38:45,622][com.java.TestType] [ 9561] - {Data Fields & Data Values Exist}
[INFO ][2015-12-02 14:38:45,622][com.java.TestType] [ 9567] - --------------------------setting values-----------------------------
[INFO ][2015-12-02 14:38:45,623][com.java.TestType] [ 9570] - Action Type : CLEARANDENTER
[INFO ][2015-12-02 14:38:45,623][com.java.TestType] [ 4994] - value = Password1*
[INFO ][2015-12-02 14:38:50,519][com.java.TestType] [ 9589] -  RESULT true
[INFO ][2015-12-02 14:38:50,519][com.java.TestType] [ 9706] - ?   P A S S   ?
[DEBUG][2015-12-02 14:38:50,519][com.java.TestType] [ 9512] - Concept ID:1 :: Step being Executed: 1::3
[ERROR][2015-12-02 14:38:50,520][com.java.TestType] [ 9545] - Exception: null
[INFO ][2015-12-02 14:38:50,520][com.java.TestType] [ 9550] - dataFields : XPH//button[@type='submit']
[DEBUG][2015-12-02 14:38:50,520][com.java.TestType] [ 9556] - <In Set values of the page>
[DEBUG][2015-12-02 14:38:50,520][com.java.TestType] [ 9561] - {Data Fields & Data Values Exist}
[INFO ][2015-12-02 14:38:50,520][com.java.TestType] [ 9567] - --------------------------setting values-----------------------------
[INFO ][2015-12-02 14:38:50,520][com.java.TestType] [ 9570] - Action Type : Click
[INFO ][2015-12-02 14:38:50,520][com.java.TestType] [ 5322] - Field ::XPH//button[@type='submit']
[INFO ][2015-12-02 14:38:51,522][com.java.TestType] [ 5409] - BEFORE CLICK
[INFO ][2015-12-02 14:38:54,480][com.java.TestType] [ 5417] - Unable to click the object Login
[INFO ][2015-12-02 14:38:54,480][com.java.TestType] [ 9589] -  RESULT true
[INFO ][2015-12-02 14:38:54,480][com.java.TestType] [ 9706] - ?   P A S S   ?
[DEBUG][2015-12-02 14:38:54,480][com.java.TestType] [ 9512] - Concept ID:1 :: Step being Executed: 1::4
[INFO ][2015-12-02 14:38:54,480][com.java.TestType] [ 9550] - dataFields : LNKLogout
[DEBUG][2015-12-02 14:38:54,480][com.java.TestType] [ 9556] - <In Set values of the page>
[DEBUG][2015-12-02 14:38:54,480][com.java.TestType] [ 9561] - {Data Fields & Data Values Exist}
[INFO ][2015-12-02 14:38:54,480][com.java.TestType] [ 9567] - --------------------------setting values-----------------------------
[INFO ][2015-12-02 14:38:54,480][com.java.TestType] [ 9570] - Action Type : WaitForElement
[INFO ][2015-12-02 14:38:54,521][com.java.TestType] [ 9589] -  RESULT true
[INFO ][2015-12-02 14:38:54,521][com.java.TestType] [ 9706] - ?   P A S S   ?
[DEBUG][2015-12-02 14:38:54,521][com.java.TestType] [ 9512] - Concept ID:1 :: Step being Executed: 1::13
[INFO ][2015-12-02 14:38:54,521][com.java.TestType] [ 9550] - dataFields : LNK
[DEBUG][2015-12-02 14:38:54,521][com.java.TestType] [ 9556] - <In Set values of the page>
[DEBUG][2015-12-02 14:38:54,521][com.java.TestType] [ 9561] - {Data Fields & Data Values Exist}
[INFO ][2015-12-02 14:38:54,521][com.java.TestType] [ 9567] - --------------------------setting values-----------------------------
[INFO ][2015-12-02 14:38:54,521][com.java.TestType] [ 9570] - Action Type : Verify
[INFO ][2015-12-02 14:38:54,521][com.java.TestType] [ 6179] - field= LNK value= Logout
[INFO ][2015-12-02 14:38:54,522][com.java.TestType] [ 4994] - value = Logout
[INFO ][2015-12-02 14:38:54,556][com.java.TestType] [ 9589] -  RESULT true
[INFO ][2015-12-02 14:38:54,556][com.java.TestType] [ 9706] - ?   P A S S   ?
[DEBUG][2015-12-02 14:38:54,556][com.java.TestType] [ 9512] - Concept ID:1 :: Step being Executed: 1::14
[INFO ][2015-12-02 14:38:54,556][com.java.TestType] [ 9550] - dataFields : BTN
[DEBUG][2015-12-02 14:38:54,557][com.java.TestType] [ 9556] - <In Set values of the page>
[DEBUG][2015-12-02 14:38:54,557][com.java.TestType] [ 9561] - {Data Fields & Data Values Exist}
[INFO ][2015-12-02 14:38:54,557][com.java.TestType] [ 9567] - --------------------------setting values-----------------------------
[INFO ][2015-12-02 14:38:54,557][com.java.TestType] [ 9570] - Action Type : Verify
[INFO ][2015-12-02 14:38:54,557][com.java.TestType] [ 6179] - field= BTN value= //img[contains(@src,'bdlogo.jpg')]
[INFO ][2015-12-02 14:38:54,557][com.java.TestType] [ 4994] - value = //img[contains(@src,'bdlogo.jpg')]
[INFO ][2015-12-02 14:38:54,614][com.java.TestType] [ 9589] -  RESULT true
[INFO ][2015-12-02 14:38:54,614][com.java.TestType] [ 9706] - ?   P A S S   ?
[INFO ][2015-12-02 14:38:54,614][com.java.TestType] [ 9777] - Looping End......
[INFO ][2015-12-02 14:38:54,618][com.java.SeleniumDriver] [  874] -  RESULT true
[INFO ][2015-12-02 14:38:54,618][com.java.SeleniumDriver] [ 1080] - ?   P A S S   ?
[INFO ][2015-12-02 14:38:54,618][com.java.SeleniumDriver] [  801] - ------------------------------------------
[INFO ][2015-12-02 14:38:54,618][com.java.SeleniumDriver] [  802] - Test case being Executed: 1
[INFO ][2015-12-02 14:38:54,619][com.java.SeleniumDriver] [  813] - Test step:2
[INFO ][2015-12-02 14:38:54,619][com.java.SeleniumDriver] [  825] - Datavalue is----------Concept#2:1-2
[INFO ][2015-12-02 14:38:54,619][com.java.SeleniumDriver] [  849] - DataField : test
[INFO ][2015-12-02 14:38:54,619][com.java.SeleniumDriver] [  851] - DataValue : Concept#2:1-2
[INFO ][2015-12-02 14:38:54,619][com.java.SeleniumDriver] [  857] - <In Set values of the page>
[INFO ][2015-12-02 14:38:54,619][com.java.SeleniumDriver] [  860] - {Data Fields & Data Values Exist}
[INFO ][2015-12-02 14:38:54,619][com.java.SeleniumDriver] [  862] - --------------------------setting values-----------------------------
[INFO ][2015-12-02 14:38:54,619][com.java.SeleniumDriver] [  865] - Action Type : ExecuteTestCase
[INFO ][2015-12-02 14:38:54,619][com.java.TestType] [  433] - The Concept sheet name is ---------- Concept
[INFO ][2015-12-02 14:38:54,620][com.java.TestType] [  436] - The Concept ID  is ---------- 2
[DEBUG][2015-12-02 14:38:54,620][com.java.TestType] [  440] - Steps being executted in the Concept are: 1:2
[INFO ][2015-12-02 14:38:54,620][com.java.TestType] [  447] - Test data details path ---------- D:\BankersDashboard\TestInputs\TestData.xls
[INFO ][2015-12-02 14:38:54,652][com.java.TestType] [  478] -  str(1) = 2
[INFO ][2015-12-02 14:38:54,652][com.java.TestType] [  481] - Test case Id is---2
[INFO ][2015-12-02 14:38:54,653][com.java.TestType] [  483] - 2
[INFO ][2015-12-02 14:38:54,653][com.java.TestType] [  478] -  str(2) = 1
[INFO ][2015-12-02 14:38:54,654][com.java.TestType] [  530] - row values are--------{1=com.java.Objects.TestDataDetails@1186df7}
[INFO ][2015-12-02 14:38:54,654][com.java.TestType] [  478] -  str(1) = 2
[INFO ][2015-12-02 14:38:54,654][com.java.TestType] [  481] - Test case Id is---2
[INFO ][2015-12-02 14:38:54,654][com.java.TestType] [  483] - 2
[INFO ][2015-12-02 14:38:54,655][com.java.TestType] [  478] -  str(2) = 2
[INFO ][2015-12-02 14:38:54,655][com.java.TestType] [  530] - row values are--------{1=com.java.Objects.TestDataDetails@1186df7, 2=com.java.Objects.TestDataDetails@d41caa}
[INFO ][2015-12-02 14:38:54,655][com.java.TestType] [  478] -  str(1) = 2
[INFO ][2015-12-02 14:38:54,655][com.java.TestType] [  481] - Test case Id is---2
[INFO ][2015-12-02 14:38:54,655][com.java.TestType] [  483] - 2
[INFO ][2015-12-02 14:38:54,656][com.java.TestType] [  478] -  str(2) = 3
[INFO ][2015-12-02 14:38:54,656][com.java.TestType] [  530] - row values are--------{1=com.java.Objects.TestDataDetails@1186df7, 2=com.java.Objects.TestDataDetails@d41caa, 3=com.java.Objects.TestDataDetails@fcb593}
[INFO ][2015-12-02 14:38:54,656][com.java.TestType] [ 9471] - Looping 1TCID = 2
[DEBUG][2015-12-02 14:38:54,656][com.java.TestType] [ 9512] - Concept ID:2 :: Step being Executed: 2::1
[INFO ][2015-12-02 14:38:54,657][com.java.TestType] [ 9550] - dataFields : BNK//select[@id='bank']
[DEBUG][2015-12-02 14:38:54,657][com.java.TestType] [ 9556] - <In Set values of the page>
[DEBUG][2015-12-02 14:38:54,657][com.java.TestType] [ 9561] - {Data Fields & Data Values Exist}
[INFO ][2015-12-02 14:38:54,657][com.java.TestType] [ 9567] - --------------------------setting values-----------------------------
[INFO ][2015-12-02 14:38:54,657][com.java.TestType] [ 9570] - Action Type : Select
[INFO ][2015-12-02 14:38:54,657][com.java.TestType] [ 4994] - value = PFC
[INFO ][2015-12-02 14:38:54,936][com.java.TestType] [ 9589] -  RESULT true
[INFO ][2015-12-02 14:38:54,936][com.java.TestType] [ 9706] - ?   P A S S   ?
[DEBUG][2015-12-02 14:38:54,936][com.java.TestType] [ 9512] - Concept ID:2 :: Step being Executed: 2::2
[INFO ][2015-12-02 14:38:54,937][com.java.TestType] [ 9550] - dataFields : LNKLogout
[DEBUG][2015-12-02 14:38:54,937][com.java.TestType] [ 9556] - <In Set values of the page>
[DEBUG][2015-12-02 14:38:54,937][com.java.TestType] [ 9561] - {Data Fields & Data Values Exist}
[INFO ][2015-12-02 14:38:54,937][com.java.TestType] [ 9567] - --------------------------setting values-----------------------------
[INFO ][2015-12-02 14:38:54,937][com.java.TestType] [ 9570] - Action Type : WaitTime
[DEBUG][2015-12-02 14:38:54,937][com.java.TestType] [ 4814] - sleepTime: 5000
[INFO ][2015-12-02 14:38:59,936][com.java.TestType] [ 9589] -  RESULT true
[INFO ][2015-12-02 14:38:59,936][com.java.TestType] [ 9706] - ?   P A S S   ?
[INFO ][2015-12-02 14:38:59,936][com.java.TestType] [ 9777] - Looping End......
[INFO ][2015-12-02 14:38:59,940][com.java.SeleniumDriver] [  874] -  RESULT true
[INFO ][2015-12-02 14:38:59,940][com.java.SeleniumDriver] [ 1080] - ?   P A S S   ?
[INFO ][2015-12-02 14:38:59,940][com.java.SeleniumDriver] [  801] - ------------------------------------------
[INFO ][2015-12-02 14:38:59,940][com.java.SeleniumDriver] [  802] - Test case being Executed: 1
[INFO ][2015-12-02 14:38:59,940][com.java.SeleniumDriver] [  813] - Test step:3
[INFO ][2015-12-02 14:38:59,941][com.java.SeleniumDriver] [  825] - Datavalue is----------2
[INFO ][2015-12-02 14:38:59,941][com.java.SeleniumDriver] [  849] - DataField : XPH//button[contains(text(),'Add Content')]
[INFO ][2015-12-02 14:38:59,941][com.java.SeleniumDriver] [  851] - DataValue : 2
[INFO ][2015-12-02 14:38:59,941][com.java.SeleniumDriver] [  857] - <In Set values of the page>
[INFO ][2015-12-02 14:38:59,941][com.java.SeleniumDriver] [  860] - {Data Fields & Data Values Exist}
[INFO ][2015-12-02 14:38:59,941][com.java.SeleniumDriver] [  862] - --------------------------setting values-----------------------------
[INFO ][2015-12-02 14:38:59,941][com.java.SeleniumDriver] [  865] - Action Type : WAITFORELEMENT
[INFO ][2015-12-02 14:38:59,977][com.java.SeleniumDriver] [  874] -  RESULT true
[INFO ][2015-12-02 14:38:59,978][com.java.SeleniumDriver] [ 1080] - ?   P A S S   ?
[DEBUG][2015-12-02 14:38:59,978][com.java.SeleniumDriver] [ 1192] - Case found
[DEBUG][2015-12-02 14:38:59,978][com.java.SeleniumDriver] [ 1197] - Incrementing ReportCounters[0]:1
[INFO ][2015-12-02 14:38:59,978][com.java.SeleniumDriver] [ 1216] - The results are-------------------[1, 1, Valid Login, Pass, , Wed Dec 02 14:38:54 IST 2015, 1, 2, Valid Login, Pass, , Wed Dec 02 14:38:59 IST 2015, 1, 3, Valid Login, Pass, , Wed Dec 02 14:38:59 IST 2015]
[INFO ][2015-12-02 14:38:59,978][com.java.SeleniumDriver] [ 1220] - End time is-------33 sec
[INFO ][2015-12-02 14:38:59,978][com.java.SeleniumDriver] [ 1221] - The results are-------------------[1, 1, Valid Login, Pass, , Wed Dec 02 14:38:54 IST 2015, 1, 2, Valid Login, Pass, , Wed Dec 02 14:38:59 IST 2015, 1, 3, Valid Login, Pass, , Wed Dec 02 14:38:59 IST 2015]
[DEBUG][2015-12-02 14:38:59,978][com.java.ImportnExport.ExportTestResultsExcel] [  222] - testResultPath = D:\BankersDashboard/TestReports/Test Results_BankersDashBoard_120215_143828_IE10_Any Bank USA.xls
[DEBUG][2015-12-02 14:38:59,978][com.java.ImportnExport.ExportTestResultsExcel] [  223] - browser is------------IE10
[DEBUG][2015-12-02 14:39:00,029][com.java.ImportnExport.ExportTestResultsExcel] [  270] - result.size() = 18
[DEBUG][2015-12-02 14:39:00,029][com.java.ImportnExport.ExportTestResultsExcel] [  274] - No of rows in sheet=1
[DEBUG][2015-12-02 14:39:00,029][com.java.ImportnExport.ExportTestResultsExcel] [  301] - ..in export..1
[DEBUG][2015-12-02 14:39:00,029][com.java.ImportnExport.ExportTestResultsExcel] [  301] - ..in export..Valid Login
[DEBUG][2015-12-02 14:39:00,029][com.java.ImportnExport.ExportTestResultsExcel] [  301] - ..in export..Pass
[DEBUG][2015-12-02 14:39:00,029][com.java.ImportnExport.ExportTestResultsExcel] [  301] - ..in export..
[DEBUG][2015-12-02 14:39:00,030][com.java.ImportnExport.ExportTestResultsExcel] [  301] - ..in export..Wed Dec 02 14:38:54 IST 2015
[INFO ][2015-12-02 14:39:00,031][com.java.SeleniumDriver] [ 1279] - out loop:0 size:2 TestCases:[1, 9] testcases:[1, 9]
[INFO ][2015-12-02 14:39:00,033][com.java.ImportnExport.ImportTestDataDetailsExcel] [   49] - test data details path===== D:\BankersDashboard\TestInputs\TestData.xls
[DEBUG][2015-12-02 14:39:24,304][com.java.TestType] [ 5903] - //td[text()='Consolidated']   :: Element not Found
[INFO ][2015-12-02 14:39:34,303][com.java.SeleniumDriver] [  801] - ------------------------------------------
[INFO ][2015-12-02 14:39:34,303][com.java.SeleniumDriver] [  802] - Test case being Executed: 9
[INFO ][2015-12-02 14:39:34,303][com.java.SeleniumDriver] [  813] - Test step:1
[INFO ][2015-12-02 14:39:34,303][com.java.SeleniumDriver] [  825] - Datavalue is----------Logout
[INFO ][2015-12-02 14:39:34,303][com.java.SeleniumDriver] [  849] - DataField : BTN
[INFO ][2015-12-02 14:39:34,303][com.java.SeleniumDriver] [  851] - DataValue : Logout
[INFO ][2015-12-02 14:39:34,303][com.java.SeleniumDriver] [  857] - <In Set values of the page>
[INFO ][2015-12-02 14:39:34,303][com.java.SeleniumDriver] [  860] - {Data Fields & Data Values Exist}
[INFO ][2015-12-02 14:39:34,303][com.java.SeleniumDriver] [  862] - --------------------------setting values-----------------------------
[INFO ][2015-12-02 14:39:34,303][com.java.SeleniumDriver] [  865] - Action Type : Verify
[INFO ][2015-12-02 14:39:34,303][com.java.TestType] [ 6179] - field= BTN value= Logout
[INFO ][2015-12-02 14:39:34,303][com.java.TestType] [ 4994] - value = Logout
[INFO ][2015-12-02 14:39:34,377][com.java.SeleniumDriver] [  874] -  RESULT true
[INFO ][2015-12-02 14:39:34,377][com.java.SeleniumDriver] [ 1080] - ?   P A S S   ?
[INFO ][2015-12-02 14:39:34,377][com.java.SeleniumDriver] [ 1122] - step change to 3
[INFO ][2015-12-02 14:39:34,377][com.java.SeleniumDriver] [  801] - ------------------------------------------
[INFO ][2015-12-02 14:39:34,377][com.java.SeleniumDriver] [  802] - Test case being Executed: 9
[INFO ][2015-12-02 14:39:34,377][com.java.SeleniumDriver] [  813] - Test step:3
[INFO ][2015-12-02 14:39:34,377][com.java.SeleniumDriver] [  825] - Datavalue is----------Concept#2:1-2
[INFO ][2015-12-02 14:39:34,377][com.java.SeleniumDriver] [  849] - DataField : test
[INFO ][2015-12-02 14:39:34,377][com.java.SeleniumDriver] [  851] - DataValue : Concept#2:1-2
[INFO ][2015-12-02 14:39:34,377][com.java.SeleniumDriver] [  857] - <In Set values of the page>
[INFO ][2015-12-02 14:39:34,377][com.java.SeleniumDriver] [  860] - {Data Fields & Data Values Exist}
[INFO ][2015-12-02 14:39:34,377][com.java.SeleniumDriver] [  862] - --------------------------setting values-----------------------------
[INFO ][2015-12-02 14:39:34,377][com.java.SeleniumDriver] [  865] - Action Type : ExecuteTestCase
[INFO ][2015-12-02 14:39:34,378][com.java.TestType] [  433] - The Concept sheet name is ---------- Concept
[INFO ][2015-12-02 14:39:34,378][com.java.TestType] [  436] - The Concept ID  is ---------- 2
[DEBUG][2015-12-02 14:39:34,378][com.java.TestType] [  440] - Steps being executted in the Concept are: 1:2
[INFO ][2015-12-02 14:39:34,378][com.java.TestType] [  447] - Test data details path ---------- D:\BankersDashboard\TestInputs\TestData.xls
[INFO ][2015-12-02 14:39:34,410][com.java.TestType] [  478] -  str(1) = 2
[INFO ][2015-12-02 14:39:34,410][com.java.TestType] [  481] - Test case Id is---2
[INFO ][2015-12-02 14:39:34,410][com.java.TestType] [  483] - 2
[INFO ][2015-12-02 14:39:34,410][com.java.TestType] [  478] -  str(2) = 1
[INFO ][2015-12-02 14:39:34,411][com.java.TestType] [  530] - row values are--------{1=com.java.Objects.TestDataDetails@1431617}
[INFO ][2015-12-02 14:39:34,411][com.java.TestType] [  478] -  str(1) = 2
[INFO ][2015-12-02 14:39:34,411][com.java.TestType] [  481] - Test case Id is---2
[INFO ][2015-12-02 14:39:34,411][com.java.TestType] [  483] - 2
[INFO ][2015-12-02 14:39:34,412][com.java.TestType] [  478] -  str(2) = 2
[INFO ][2015-12-02 14:39:34,413][com.java.TestType] [  530] - row values are--------{1=com.java.Objects.TestDataDetails@1431617, 2=com.java.Objects.TestDataDetails@1b19723}
[INFO ][2015-12-02 14:39:34,413][com.java.TestType] [  478] -  str(1) = 2
[INFO ][2015-12-02 14:39:34,413][com.java.TestType] [  481] - Test case Id is---2
[INFO ][2015-12-02 14:39:34,413][com.java.TestType] [  483] - 2
[INFO ][2015-12-02 14:39:34,413][com.java.TestType] [  478] -  str(2) = 3
[INFO ][2015-12-02 14:39:34,414][com.java.TestType] [  530] - row values are--------{1=com.java.Objects.TestDataDetails@1431617, 2=com.java.Objects.TestDataDetails@1b19723, 3=com.java.Objects.TestDataDetails@181121}
[INFO ][2015-12-02 14:39:34,414][com.java.TestType] [ 9471] - Looping 1TCID = 2
[DEBUG][2015-12-02 14:39:34,414][com.java.TestType] [ 9512] - Concept ID:2 :: Step being Executed: 2::1
[INFO ][2015-12-02 14:39:34,414][com.java.TestType] [ 9550] - dataFields : BNK//select[@id='bank']
[DEBUG][2015-12-02 14:39:34,414][com.java.TestType] [ 9556] - <In Set values of the page>
[DEBUG][2015-12-02 14:39:34,414][com.java.TestType] [ 9561] - {Data Fields & Data Values Exist}
[INFO ][2015-12-02 14:39:34,414][com.java.TestType] [ 9567] - --------------------------setting values-----------------------------
[INFO ][2015-12-02 14:39:34,415][com.java.TestType] [ 9570] - Action Type : Select
[INFO ][2015-12-02 14:39:34,415][com.java.TestType] [ 4994] - value = PFC
[INFO ][2015-12-02 14:39:34,600][com.java.TestType] [ 9589] -  RESULT true
[INFO ][2015-12-02 14:39:34,600][com.java.TestType] [ 9706] - ?   P A S S   ?
[DEBUG][2015-12-02 14:39:34,600][com.java.TestType] [ 9512] - Concept ID:2 :: Step being Executed: 2::2
[INFO ][2015-12-02 14:39:34,601][com.java.TestType] [ 9550] - dataFields : LNKLogout
[DEBUG][2015-12-02 14:39:34,601][com.java.TestType] [ 9556] - <In Set values of the page>
[DEBUG][2015-12-02 14:39:34,601][com.java.TestType] [ 9561] - {Data Fields & Data Values Exist}
[INFO ][2015-12-02 14:39:34,601][com.java.TestType] [ 9567] - --------------------------setting values-----------------------------
[INFO ][2015-12-02 14:39:34,601][com.java.TestType] [ 9570] - Action Type : WaitTime
[DEBUG][2015-12-02 14:39:34,601][com.java.TestType] [ 4814] - sleepTime: 5000
[INFO ][2015-12-02 14:39:39,600][com.java.TestType] [ 9589] -  RESULT true
[INFO ][2015-12-02 14:39:39,600][com.java.TestType] [ 9706] - ?   P A S S   ?
[INFO ][2015-12-02 14:39:39,600][com.java.TestType] [ 9777] - Looping End......
[INFO ][2015-12-02 14:39:39,604][com.java.SeleniumDriver] [  874] -  RESULT true
[INFO ][2015-12-02 14:39:39,604][com.java.SeleniumDriver] [ 1080] - ?   P A S S   ?
[INFO ][2015-12-02 14:39:39,604][com.java.SeleniumDriver] [  801] - ------------------------------------------
[INFO ][2015-12-02 14:39:39,604][com.java.SeleniumDriver] [  802] - Test case being Executed: 9
[INFO ][2015-12-02 14:39:39,604][com.java.SeleniumDriver] [  813] - Test step:4
[INFO ][2015-12-02 14:39:39,604][com.java.SeleniumDriver] [  825] - Datavalue is----------null
[DEBUG][2015-12-02 14:39:39,606][com.java.SeleniumDriver] [  843] - Exception: null
[INFO ][2015-12-02 14:39:39,606][com.java.SeleniumDriver] [  849] - DataField : //span[@class='icon-stats']&&//a[@data-id="CreateNew"]
[INFO ][2015-12-02 14:39:39,606][com.java.SeleniumDriver] [  851] - DataValue : 
[INFO ][2015-12-02 14:39:39,607][com.java.SeleniumDriver] [  857] - <In Set values of the page>
[INFO ][2015-12-02 14:39:39,607][com.java.SeleniumDriver] [  860] - {Data Fields & Data Values Exist}
[INFO ][2015-12-02 14:39:39,607][com.java.SeleniumDriver] [  862] - --------------------------setting values-----------------------------
[INFO ][2015-12-02 14:39:39,607][com.java.SeleniumDriver] [  865] - Action Type : MOUSEOVER
[INFO ][2015-12-02 14:40:02,642][com.java.SeleniumDriver] [  874] -  RESULT true
[INFO ][2015-12-02 14:40:02,642][com.java.SeleniumDriver] [ 1080] - ?   P A S S   ?
[INFO ][2015-12-02 14:40:02,642][com.java.SeleniumDriver] [  801] - ------------------------------------------
[INFO ][2015-12-02 14:40:02,642][com.java.SeleniumDriver] [  802] - Test case being Executed: 9
[INFO ][2015-12-02 14:40:02,642][com.java.SeleniumDriver] [  813] - Test step:5
[INFO ][2015-12-02 14:40:02,642][com.java.SeleniumDriver] [  825] - Datavalue is----------2
[INFO ][2015-12-02 14:40:02,642][com.java.SeleniumDriver] [  849] - DataField : XPH//span[@class='ui-dialog-title']
[INFO ][2015-12-02 14:40:02,642][com.java.SeleniumDriver] [  851] - DataValue : 2
[INFO ][2015-12-02 14:40:02,642][com.java.SeleniumDriver] [  857] - <In Set values of the page>
[INFO ][2015-12-02 14:40:02,642][com.java.SeleniumDriver] [  860] - {Data Fields & Data Values Exist}
[INFO ][2015-12-02 14:40:02,642][com.java.SeleniumDriver] [  862] - --------------------------setting values-----------------------------
[INFO ][2015-12-02 14:40:02,642][com.java.SeleniumDriver] [  865] - Action Type : WAITFORELEMENT
[INFO ][2015-12-02 14:40:02,678][com.java.SeleniumDriver] [  874] -  RESULT true
[INFO ][2015-12-02 14:40:02,679][com.java.SeleniumDriver] [ 1080] - ?   P A S S   ?
[INFO ][2015-12-02 14:40:02,679][com.java.SeleniumDriver] [  801] - ------------------------------------------
[INFO ][2015-12-02 14:40:02,679][com.java.SeleniumDriver] [  802] - Test case being Executed: 9
[INFO ][2015-12-02 14:40:02,679][com.java.SeleniumDriver] [  813] - Test step:6
[INFO ][2015-12-02 14:40:02,679][com.java.SeleniumDriver] [  825] - Datavalue is----------Create New Projection
[INFO ][2015-12-02 14:40:02,679][com.java.SeleniumDriver] [  849] - DataField : XPH//span[@class='ui-dialog-title']
[INFO ][2015-12-02 14:40:02,679][com.java.SeleniumDriver] [  851] - DataValue : Create New Projection
[INFO ][2015-12-02 14:40:02,679][com.java.SeleniumDriver] [  857] - <In Set values of the page>
[INFO ][2015-12-02 14:40:02,679][com.java.SeleniumDriver] [  860] - {Data Fields & Data Values Exist}
[INFO ][2015-12-02 14:40:02,679][com.java.SeleniumDriver] [  862] - --------------------------setting values-----------------------------
[INFO ][2015-12-02 14:40:02,679][com.java.SeleniumDriver] [  865] - Action Type : VERIFY
[INFO ][2015-12-02 14:40:02,679][com.java.TestType] [ 6179] - field= XPH//span[@class='ui-dialog-title'] value= Create New Projection
[INFO ][2015-12-02 14:40:02,679][com.java.TestType] [ 4994] - value = Create New Projection
[INFO ][2015-12-02 14:40:02,813][com.java.SeleniumDriver] [  874] -  RESULT true
[INFO ][2015-12-02 14:40:02,813][com.java.SeleniumDriver] [ 1080] - ?   P A S S   ?
[INFO ][2015-12-02 14:40:02,814][com.java.SeleniumDriver] [  801] - ------------------------------------------
[INFO ][2015-12-02 14:40:02,814][com.java.SeleniumDriver] [  802] - Test case being Executed: 9
[INFO ][2015-12-02 14:40:02,814][com.java.SeleniumDriver] [  813] - Test step:7
[INFO ][2015-12-02 14:40:02,814][com.java.SeleniumDriver] [  825] - Datavalue is----------null
[DEBUG][2015-12-02 14:40:02,814][com.java.SeleniumDriver] [  843] - Exception: null
[INFO ][2015-12-02 14:40:02,814][com.java.SeleniumDriver] [  849] - DataField : BTNframeDialogContent
[INFO ][2015-12-02 14:40:02,814][com.java.SeleniumDriver] [  851] - DataValue : 
[INFO ][2015-12-02 14:40:02,814][com.java.SeleniumDriver] [  857] - <In Set values of the page>
[INFO ][2015-12-02 14:40:02,814][com.java.SeleniumDriver] [  860] - {Data Fields & Data Values Exist}
[INFO ][2015-12-02 14:40:02,814][com.java.SeleniumDriver] [  862] - --------------------------setting values-----------------------------
[INFO ][2015-12-02 14:40:02,814][com.java.SeleniumDriver] [  865] - Action Type : SELECTFRAME
[INFO ][2015-12-02 14:40:04,069][com.java.SeleniumDriver] [  874] -  RESULT true
[INFO ][2015-12-02 14:40:04,069][com.java.SeleniumDriver] [ 1080] - ?   P A S S   ?
[INFO ][2015-12-02 14:40:04,070][com.java.SeleniumDriver] [  801] - ------------------------------------------
[INFO ][2015-12-02 14:40:04,070][com.java.SeleniumDriver] [  802] - Test case being Executed: 9
[INFO ][2015-12-02 14:40:04,070][com.java.SeleniumDriver] [  813] - Test step:8
[INFO ][2015-12-02 14:40:04,070][com.java.SeleniumDriver] [  825] - Datavalue is----------null
[DEBUG][2015-12-02 14:40:04,070][com.java.SeleniumDriver] [  843] - Exception: null
[INFO ][2015-12-02 14:40:04,070][com.java.SeleniumDriver] [  849] - DataField : //span[@id='lblYear']
[INFO ][2015-12-02 14:40:04,070][com.java.SeleniumDriver] [  851] - DataValue : 
[INFO ][2015-12-02 14:40:04,070][com.java.SeleniumDriver] [  857] - <In Set values of the page>
[INFO ][2015-12-02 14:40:04,070][com.java.SeleniumDriver] [  860] - {Data Fields & Data Values Exist}
[INFO ][2015-12-02 14:40:04,070][com.java.SeleniumDriver] [  862] - --------------------------setting values-----------------------------
[INFO ][2015-12-02 14:40:04,070][com.java.SeleniumDriver] [  865] - Action Type : PRESENTYEAR
[INFO ][2015-12-02 14:40:04,172][com.java.SeleniumDriver] [  874] -  RESULT true
[INFO ][2015-12-02 14:40:04,173][com.java.SeleniumDriver] [ 1080] - ?   P A S S   ?
[INFO ][2015-12-02 14:40:04,173][com.java.SeleniumDriver] [  801] - ------------------------------------------
[INFO ][2015-12-02 14:40:04,173][com.java.SeleniumDriver] [  802] - Test case being Executed: 9
[INFO ][2015-12-02 14:40:04,173][com.java.SeleniumDriver] [  813] - Test step:9
[INFO ][2015-12-02 14:40:04,173][com.java.SeleniumDriver] [  825] - Datavalue is----------Currentyear
[INFO ][2015-12-02 14:40:04,173][com.java.SeleniumDriver] [  849] - DataField : XPH//span[@id='lblYear']
[INFO ][2015-12-02 14:40:04,173][com.java.SeleniumDriver] [  851] - DataValue : Currentyear
[INFO ][2015-12-02 14:40:04,173][com.java.SeleniumDriver] [  857] - <In Set values of the page>
[INFO ][2015-12-02 14:40:04,173][com.java.SeleniumDriver] [  860] - {Data Fields & Data Values Exist}
[INFO ][2015-12-02 14:40:04,173][com.java.SeleniumDriver] [  862] - --------------------------setting values-----------------------------
[INFO ][2015-12-02 14:40:04,173][com.java.SeleniumDriver] [  865] - Action Type : storevalue
[INFO ][2015-12-02 14:40:04,173][com.java.TestType] [ 7357] - field= XPH//span[@id='lblYear']
[DEBUG][2015-12-02 14:40:04,252][com.java.TestType] [ 7409] - Key:: Currentyear   Value:: 2015
[INFO ][2015-12-02 14:40:04,252][com.java.SeleniumDriver] [  874] -  RESULT true
[INFO ][2015-12-02 14:40:04,252][com.java.SeleniumDriver] [ 1080] - ?   P A S S   ?
[INFO ][2015-12-02 14:40:04,253][com.java.SeleniumDriver] [  801] - ------------------------------------------
[INFO ][2015-12-02 14:40:04,253][com.java.SeleniumDriver] [  802] - Test case being Executed: 9
[INFO ][2015-12-02 14:40:04,253][com.java.SeleniumDriver] [  813] - Test step:10
[INFO ][2015-12-02 14:40:04,253][com.java.SeleniumDriver] [  825] - Datavalue is----------4
[INFO ][2015-12-02 14:40:04,253][com.java.SeleniumDriver] [  849] - DataField : BTNtxtNumYears
[INFO ][2015-12-02 14:40:04,253][com.java.SeleniumDriver] [  851] - DataValue : 4
[INFO ][2015-12-02 14:40:04,253][com.java.SeleniumDriver] [  857] - <In Set values of the page>
[INFO ][2015-12-02 14:40:04,253][com.java.SeleniumDriver] [  860] - {Data Fields & Data Values Exist}
[INFO ][2015-12-02 14:40:04,253][com.java.SeleniumDriver] [  862] - --------------------------setting values-----------------------------
[INFO ][2015-12-02 14:40:04,253][com.java.SeleniumDriver] [  865] - Action Type : CLEARANDENTER
[INFO ][2015-12-02 14:40:04,253][com.java.TestType] [ 4994] - value = 4
[INFO ][2015-12-02 14:40:06,598][com.java.SeleniumDriver] [  874] -  RESULT true
[INFO ][2015-12-02 14:40:06,598][com.java.SeleniumDriver] [ 1080] - ?   P A S S   ?
[INFO ][2015-12-02 14:40:06,599][com.java.SeleniumDriver] [  801] - ------------------------------------------
[INFO ][2015-12-02 14:40:06,599][com.java.SeleniumDriver] [  802] - Test case being Executed: 9
[INFO ][2015-12-02 14:40:06,599][com.java.SeleniumDriver] [  813] - Test step:11
[INFO ][2015-12-02 14:40:06,599][com.java.SeleniumDriver] [  825] - Datavalue is----------Numberofyears
[INFO ][2015-12-02 14:40:06,599][com.java.SeleniumDriver] [  849] - DataField : TXTtxtNumYears
[INFO ][2015-12-02 14:40:06,599][com.java.SeleniumDriver] [  851] - DataValue : Numberofyears
[INFO ][2015-12-02 14:40:06,599][com.java.SeleniumDriver] [  857] - <In Set values of the page>
[INFO ][2015-12-02 14:40:06,599][com.java.SeleniumDriver] [  860] - {Data Fields & Data Values Exist}
[INFO ][2015-12-02 14:40:06,599][com.java.SeleniumDriver] [  862] - --------------------------setting values-----------------------------
[INFO ][2015-12-02 14:40:06,599][com.java.SeleniumDriver] [  865] - Action Type : storevalue
[INFO ][2015-12-02 14:40:06,599][com.java.TestType] [ 7357] - field= TXTtxtNumYears
[DEBUG][2015-12-02 14:40:07,720][com.java.TestType] [ 7371] - Key:: Numberofyears  Value:: 4
[INFO ][2015-12-02 14:40:07,721][com.java.SeleniumDriver] [  874] -  RESULT true
[INFO ][2015-12-02 14:40:07,721][com.java.SeleniumDriver] [ 1080] - ?   P A S S   ?
[INFO ][2015-12-02 14:40:07,721][com.java.SeleniumDriver] [  801] - ------------------------------------------
[INFO ][2015-12-02 14:40:07,721][com.java.SeleniumDriver] [  802] - Test case being Executed: 9
[INFO ][2015-12-02 14:40:07,721][com.java.SeleniumDriver] [  813] - Test step:12
[INFO ][2015-12-02 14:40:07,721][com.java.SeleniumDriver] [  825] - Datavalue is----------RNDVL_Projection
[INFO ][2015-12-02 14:40:07,721][com.java.SeleniumDriver] [  849] - DataField : BTNtxtDescription
[INFO ][2015-12-02 14:40:07,721][com.java.SeleniumDriver] [  851] - DataValue : RNDVL_Projection
[INFO ][2015-12-02 14:40:07,721][com.java.SeleniumDriver] [  857] - <In Set values of the page>
[INFO ][2015-12-02 14:40:07,721][com.java.SeleniumDriver] [  860] - {Data Fields & Data Values Exist}
[INFO ][2015-12-02 14:40:07,721][com.java.SeleniumDriver] [  862] - --------------------------setting values-----------------------------
[INFO ][2015-12-02 14:40:07,721][com.java.SeleniumDriver] [  865] - Action Type : CLEARANDENTER
[INFO ][2015-12-02 14:40:07,722][com.java.TestType] [ 4994] - value = VL_Projection70643
[INFO ][2015-12-02 14:40:12,545][com.java.SeleniumDriver] [  874] -  RESULT true
[INFO ][2015-12-02 14:40:12,545][com.java.SeleniumDriver] [ 1080] - ?   P A S S   ?
[INFO ][2015-12-02 14:40:12,545][com.java.SeleniumDriver] [  801] - ------------------------------------------
[INFO ][2015-12-02 14:40:12,545][com.java.SeleniumDriver] [  802] - Test case being Executed: 9
[INFO ][2015-12-02 14:40:12,545][com.java.SeleniumDriver] [  813] - Test step:13
[INFO ][2015-12-02 14:40:12,545][com.java.SeleniumDriver] [  825] - Datavalue is----------Textdescription
[INFO ][2015-12-02 14:40:12,545][com.java.SeleniumDriver] [  849] - DataField : TXTtxtDescription
[INFO ][2015-12-02 14:40:12,545][com.java.SeleniumDriver] [  851] - DataValue : Textdescription
[INFO ][2015-12-02 14:40:12,545][com.java.SeleniumDriver] [  857] - <In Set values of the page>
[INFO ][2015-12-02 14:40:12,546][com.java.SeleniumDriver] [  860] - {Data Fields & Data Values Exist}
[INFO ][2015-12-02 14:40:12,546][com.java.SeleniumDriver] [  862] - --------------------------setting values-----------------------------
[INFO ][2015-12-02 14:40:12,546][com.java.SeleniumDriver] [  865] - Action Type : storevalue
[INFO ][2015-12-02 14:40:12,546][com.java.TestType] [ 7357] - field= TXTtxtDescription
[DEBUG][2015-12-02 14:40:13,861][com.java.TestType] [ 7371] - Key:: Textdescription  Value:: VL_Projection70643
[INFO ][2015-12-02 14:40:13,861][com.java.SeleniumDriver] [  874] -  RESULT true
[INFO ][2015-12-02 14:40:13,862][com.java.SeleniumDriver] [ 1080] - ?   P A S S   ?
[INFO ][2015-12-02 14:40:13,862][com.java.SeleniumDriver] [  801] - ------------------------------------------
[INFO ][2015-12-02 14:40:13,862][com.java.SeleniumDriver] [  802] - Test case being Executed: 9
[INFO ][2015-12-02 14:40:13,862][com.java.SeleniumDriver] [  813] - Test step:14
[INFO ][2015-12-02 14:40:13,862][com.java.SeleniumDriver] [  825] - Datavalue is----------null
[DEBUG][2015-12-02 14:40:13,862][com.java.SeleniumDriver] [  843] - Exception: null
[INFO ][2015-12-02 14:40:13,862][com.java.SeleniumDriver] [  849] - DataField : BTNrdoMakePublicYes
[INFO ][2015-12-02 14:40:13,862][com.java.SeleniumDriver] [  851] - DataValue : 
[INFO ][2015-12-02 14:40:13,862][com.java.SeleniumDriver] [  857] - <In Set values of the page>
[INFO ][2015-12-02 14:40:13,862][com.java.SeleniumDriver] [  860] - {Data Fields & Data Values Exist}
[INFO ][2015-12-02 14:40:13,862][com.java.SeleniumDriver] [  862] - --------------------------setting values-----------------------------
[INFO ][2015-12-02 14:40:13,862][com.java.SeleniumDriver] [  865] - Action Type : Click
[INFO ][2015-12-02 14:40:13,862][com.java.TestType] [ 5322] - Field ::BTNrdoMakePublicYes
[INFO ][2015-12-02 14:40:14,862][com.java.TestType] [ 5388] - BEFORE CLICK
[INFO ][2015-12-02 14:40:16,061][com.java.TestType] [ 5395] - Unable to click the object Click on yes radio Button
[INFO ][2015-12-02 14:40:16,061][com.java.SeleniumDriver] [  874] -  RESULT true
[INFO ][2015-12-02 14:40:16,062][com.java.SeleniumDriver] [ 1080] - ?   P A S S   ?
[INFO ][2015-12-02 14:40:16,062][com.java.SeleniumDriver] [  801] - ------------------------------------------
[INFO ][2015-12-02 14:40:16,062][com.java.SeleniumDriver] [  802] - Test case being Executed: 9
[INFO ][2015-12-02 14:40:16,062][com.java.SeleniumDriver] [  813] - Test step:15
[INFO ][2015-12-02 14:40:16,062][com.java.SeleniumDriver] [  825] - Datavalue is----------null
[DEBUG][2015-12-02 14:40:16,062][com.java.SeleniumDriver] [  843] - Exception: null
[INFO ][2015-12-02 14:40:16,062][com.java.SeleniumDriver] [  849] - DataField : BTNParent
[INFO ][2015-12-02 14:40:16,062][com.java.SeleniumDriver] [  851] - DataValue : 
[INFO ][2015-12-02 14:40:16,062][com.java.SeleniumDriver] [  857] - <In Set values of the page>
[INFO ][2015-12-02 14:40:16,062][com.java.SeleniumDriver] [  860] - {Data Fields & Data Values Exist}
[INFO ][2015-12-02 14:40:16,062][com.java.SeleniumDriver] [  862] - --------------------------setting values-----------------------------
[INFO ][2015-12-02 14:40:16,062][com.java.SeleniumDriver] [  865] - Action Type : SELECTFRAME
[INFO ][2015-12-02 14:40:16,076][com.java.SeleniumDriver] [  874] -  RESULT true
[INFO ][2015-12-02 14:40:16,076][com.java.SeleniumDriver] [ 1080] - ?   P A S S   ?
[INFO ][2015-12-02 14:40:16,076][com.java.SeleniumDriver] [  801] - ------------------------------------------
[INFO ][2015-12-02 14:40:16,076][com.java.SeleniumDriver] [  802] - Test case being Executed: 9
[INFO ][2015-12-02 14:40:16,077][com.java.SeleniumDriver] [  813] - Test step:16
[INFO ][2015-12-02 14:40:16,077][com.java.SeleniumDriver] [  825] - Datavalue is----------null
[DEBUG][2015-12-02 14:40:16,077][com.java.SeleniumDriver] [  843] - Exception: null
[INFO ][2015-12-02 14:40:16,077][com.java.SeleniumDriver] [  849] - DataField : XPH//span[text()='Create']
[INFO ][2015-12-02 14:40:16,077][com.java.SeleniumDriver] [  851] - DataValue : 
[INFO ][2015-12-02 14:40:16,077][com.java.SeleniumDriver] [  857] - <In Set values of the page>
[INFO ][2015-12-02 14:40:16,077][com.java.SeleniumDriver] [  860] - {Data Fields & Data Values Exist}
[INFO ][2015-12-02 14:40:16,077][com.java.SeleniumDriver] [  862] - --------------------------setting values-----------------------------
[INFO ][2015-12-02 14:40:16,077][com.java.SeleniumDriver] [  865] - Action Type : Click
[INFO ][2015-12-02 14:40:16,077][com.java.TestType] [ 5322] - Field ::XPH//span[text()='Create']
[INFO ][2015-12-02 14:40:17,076][com.java.TestType] [ 5409] - BEFORE CLICK
[INFO ][2015-12-02 14:40:17,937][com.java.TestType] [ 5417] - Unable to click the object Create Button
[INFO ][2015-12-02 14:40:17,937][com.java.SeleniumDriver] [  874] -  RESULT true
[INFO ][2015-12-02 14:40:17,937][com.java.SeleniumDriver] [ 1080] - ?   P A S S   ?
[INFO ][2015-12-02 14:40:17,937][com.java.SeleniumDriver] [ 1122] - step change to 23
[INFO ][2015-12-02 14:40:17,937][com.java.SeleniumDriver] [  801] - ------------------------------------------
[INFO ][2015-12-02 14:40:17,937][com.java.SeleniumDriver] [  802] - Test case being Executed: 9
[INFO ][2015-12-02 14:40:17,937][com.java.SeleniumDriver] [  813] - Test step:23
[INFO ][2015-12-02 14:40:17,937][com.java.SeleniumDriver] [  825] - Datavalue is----------null
[DEBUG][2015-12-02 14:40:17,939][com.java.SeleniumDriver] [  843] - Exception: null
[INFO ][2015-12-02 14:40:17,939][com.java.SeleniumDriver] [  849] - DataField : BTNframeProjectionOpen
[INFO ][2015-12-02 14:40:17,939][com.java.SeleniumDriver] [  851] - DataValue : 
[INFO ][2015-12-02 14:40:17,939][com.java.SeleniumDriver] [  857] - <In Set values of the page>
[INFO ][2015-12-02 14:40:17,939][com.java.SeleniumDriver] [  860] - {Data Fields & Data Values Exist}
[INFO ][2015-12-02 14:40:17,939][com.java.SeleniumDriver] [  862] - --------------------------setting values-----------------------------
[INFO ][2015-12-02 14:40:17,939][com.java.SeleniumDriver] [  865] - Action Type : SELECTFRAME
[INFO ][2015-12-02 14:40:19,202][com.java.SeleniumDriver] [  874] -  RESULT true
[INFO ][2015-12-02 14:40:19,203][com.java.SeleniumDriver] [ 1080] - ?   P A S S   ?
[INFO ][2015-12-02 14:40:19,203][com.java.SeleniumDriver] [  801] - ------------------------------------------
[INFO ][2015-12-02 14:40:19,203][com.java.SeleniumDriver] [  802] - Test case being Executed: 9
[INFO ][2015-12-02 14:40:19,203][com.java.SeleniumDriver] [  813] - Test step:24
[INFO ][2015-12-02 14:40:19,203][com.java.SeleniumDriver] [  825] - Datavalue is----------2
[INFO ][2015-12-02 14:40:19,203][com.java.SeleniumDriver] [  849] - DataField : DSPDelete
[INFO ][2015-12-02 14:40:19,203][com.java.SeleniumDriver] [  851] - DataValue : 2
[INFO ][2015-12-02 14:40:19,203][com.java.SeleniumDriver] [  857] - <In Set values of the page>
[INFO ][2015-12-02 14:40:19,203][com.java.SeleniumDriver] [  860] - {Data Fields & Data Values Exist}
[INFO ][2015-12-02 14:40:19,203][com.java.SeleniumDriver] [  862] - --------------------------setting values-----------------------------
[INFO ][2015-12-02 14:40:19,203][com.java.SeleniumDriver] [  865] - Action Type : WAITFORELEMENT
[INFO ][2015-12-02 14:40:27,977][com.java.SeleniumDriver] [  874] -  RESULT true
[INFO ][2015-12-02 14:40:27,977][com.java.SeleniumDriver] [ 1080] - ?   P A S S   ?
[INFO ][2015-12-02 14:40:27,977][com.java.SeleniumDriver] [  801] - ------------------------------------------
[INFO ][2015-12-02 14:40:27,977][com.java.SeleniumDriver] [  802] - Test case being Executed: 9
[INFO ][2015-12-02 14:40:27,977][com.java.SeleniumDriver] [  813] - Test step:25
[INFO ][2015-12-02 14:40:27,977][com.java.SeleniumDriver] [  825] - Datavalue is----------2
[INFO ][2015-12-02 14:40:27,977][com.java.SeleniumDriver] [  849] - DataField : XPH//table[@class="dialogue"]//div[contains(text(),'Balance Sheet')]
[INFO ][2015-12-02 14:40:27,977][com.java.SeleniumDriver] [  851] - DataValue : 2
[INFO ][2015-12-02 14:40:27,977][com.java.SeleniumDriver] [  857] - <In Set values of the page>
[INFO ][2015-12-02 14:40:27,977][com.java.SeleniumDriver] [  860] - {Data Fields & Data Values Exist}
[INFO ][2015-12-02 14:40:27,977][com.java.SeleniumDriver] [  862] - --------------------------setting values-----------------------------
[INFO ][2015-12-02 14:40:27,977][com.java.SeleniumDriver] [  865] - Action Type : WAITFORELEMENT
[INFO ][2015-12-02 14:40:28,021][com.java.SeleniumDriver] [  874] -  RESULT true
[INFO ][2015-12-02 14:40:28,022][com.java.SeleniumDriver] [ 1080] - ?   P A S S   ?
[INFO ][2015-12-02 14:40:28,022][com.java.SeleniumDriver] [  801] - ------------------------------------------
[INFO ][2015-12-02 14:40:28,022][com.java.SeleniumDriver] [  802] - Test case being Executed: 9
[INFO ][2015-12-02 14:40:28,022][com.java.SeleniumDriver] [  813] - Test step:26
[INFO ][2015-12-02 14:40:28,022][com.java.SeleniumDriver] [  825] - Datavalue is----------null
[DEBUG][2015-12-02 14:40:28,022][com.java.SeleniumDriver] [  843] - Exception: null
[INFO ][2015-12-02 14:40:28,022][com.java.SeleniumDriver] [  849] - DataField : HDN//table[@class="dialogue"]//div[contains(text(),'Balance Sheet')]
[INFO ][2015-12-02 14:40:28,022][com.java.SeleniumDriver] [  851] - DataValue : 
[INFO ][2015-12-02 14:40:28,022][com.java.SeleniumDriver] [  857] - <In Set values of the page>
[INFO ][2015-12-02 14:40:28,022][com.java.SeleniumDriver] [  860] - {Data Fields & Data Values Exist}
[INFO ][2015-12-02 14:40:28,022][com.java.SeleniumDriver] [  862] - --------------------------setting values-----------------------------
[INFO ][2015-12-02 14:40:28,022][com.java.SeleniumDriver] [  865] - Action Type : CLICK
[INFO ][2015-12-02 14:40:28,023][com.java.TestType] [ 5322] - Field ::HDN//table[@class="dialogue"]//div[contains(text(),'Balance Sheet')]
[INFO ][2015-12-02 14:40:29,095][com.java.SeleniumDriver] [  874] -  RESULT true
[INFO ][2015-12-02 14:40:29,096][com.java.SeleniumDriver] [ 1080] - ?   P A S S   ?
[INFO ][2015-12-02 14:40:29,096][com.java.SeleniumDriver] [  801] - ------------------------------------------
[INFO ][2015-12-02 14:40:29,096][com.java.SeleniumDriver] [  802] - Test case being Executed: 9
[INFO ][2015-12-02 14:40:29,096][com.java.SeleniumDriver] [  813] - Test step:27
[INFO ][2015-12-02 14:40:29,096][com.java.SeleniumDriver] [  825] - Datavalue is----------6
[INFO ][2015-12-02 14:40:29,096][com.java.SeleniumDriver] [  849] - DataField : null
[INFO ][2015-12-02 14:40:29,096][com.java.SeleniumDriver] [  851] - DataValue : 6
[INFO ][2015-12-02 14:40:29,096][com.java.SeleniumDriver] [  857] - <In Set values of the page>
[INFO ][2015-12-02 14:40:29,096][com.java.SeleniumDriver] [  860] - {Data Fields & Data Values Exist}
[INFO ][2015-12-02 14:40:29,096][com.java.SeleniumDriver] [  862] - --------------------------setting values-----------------------------
[INFO ][2015-12-02 14:40:29,096][com.java.SeleniumDriver] [  865] - Action Type : Waittime
[DEBUG][2015-12-02 14:40:29,096][com.java.TestType] [ 4814] - sleepTime: 6000
[INFO ][2015-12-02 14:40:35,096][com.java.SeleniumDriver] [  874] -  RESULT true
[INFO ][2015-12-02 14:40:35,096][com.java.SeleniumDriver] [ 1080] - ?   P A S S   ?
[INFO ][2015-12-02 14:40:35,096][com.java.SeleniumDriver] [  801] - ------------------------------------------
[INFO ][2015-12-02 14:40:35,096][com.java.SeleniumDriver] [  802] - Test case being Executed: 9
[INFO ][2015-12-02 14:40:35,096][com.java.SeleniumDriver] [  813] - Test step:28
[INFO ][2015-12-02 14:40:35,096][com.java.SeleniumDriver] [  825] - Datavalue is----------HMVCurrentyear::HMVNumberofyears::null
[INFO ][2015-12-02 14:40:35,096][com.java.SeleniumDriver] [  849] - DataField : XPH//table[@id="table_1"]//td[@class="dlg_ColumnHeader"]
[INFO ][2015-12-02 14:40:35,096][com.java.SeleniumDriver] [  851] - DataValue : HMVCurrentyear::HMVNumberofyears::null
[INFO ][2015-12-02 14:40:35,096][com.java.SeleniumDriver] [  857] - <In Set values of the page>
[INFO ][2015-12-02 14:40:35,096][com.java.SeleniumDriver] [  860] - {Data Fields & Data Values Exist}
[INFO ][2015-12-02 14:40:35,096][com.java.SeleniumDriver] [  862] - --------------------------setting values-----------------------------
[INFO ][2015-12-02 14:40:35,096][com.java.SeleniumDriver] [  865] - Action Type : MANAGEPRJINCANDDEC
[INFO ][2015-12-02 14:40:35,097][com.java.TestType] [ 1070] - field = XPH//table[@id="table_1"]//td[@class="dlg_ColumnHeader"]
[INFO ][2015-12-02 14:40:35,097][com.java.TestType] [ 4994] - value = 4
[INFO ][2015-12-02 14:40:35,097][com.java.TestType] [ 4994] - value = 2015
[INFO ][2015-12-02 14:40:35,463][com.java.SeleniumDriver] [  874] -  RESULT true
[INFO ][2015-12-02 14:40:35,463][com.java.SeleniumDriver] [ 1080] - ?   P A S S   ?
[INFO ][2015-12-02 14:40:35,463][com.java.SeleniumDriver] [  801] - ------------------------------------------
[INFO ][2015-12-02 14:40:35,464][com.java.SeleniumDriver] [  802] - Test case being Executed: 9
[INFO ][2015-12-02 14:40:35,464][com.java.SeleniumDriver] [  813] - Test step:29
[INFO ][2015-12-02 14:40:35,464][com.java.SeleniumDriver] [  825] - Datavalue is----------null
[DEBUG][2015-12-02 14:40:35,464][com.java.SeleniumDriver] [  843] - Exception: null
[INFO ][2015-12-02 14:40:35,464][com.java.SeleniumDriver] [  849] - DataField : XPH//table[@id='table_1']
[INFO ][2015-12-02 14:40:35,464][com.java.SeleniumDriver] [  851] - DataValue : 
[INFO ][2015-12-02 14:40:35,464][com.java.SeleniumDriver] [  857] - <In Set values of the page>
[INFO ][2015-12-02 14:40:35,464][com.java.SeleniumDriver] [  860] - {Data Fields & Data Values Exist}
[INFO ][2015-12-02 14:40:35,464][com.java.SeleniumDriver] [  862] - --------------------------setting values-----------------------------
[INFO ][2015-12-02 14:40:35,464][com.java.SeleniumDriver] [  865] - Action Type : FILLTABLEINPROJECTIONS
