[INFO ][2015-11-09 13:02:35,128][com.java.SeleniumDriver] [  213] - Execute Failed Casesfalse
[INFO ][2015-11-09 13:02:35,143][com.java.SeleniumDriver] [  214] - Browser: IE11
[INFO ][2015-11-09 13:02:35,143][com.java.SeleniumDriver] [  215] - [1, 10]
[INFO ][2015-11-09 13:02:35,143][com.java.SeleniumDriver] [  216] - Total TestCases:2
[INFO ][2015-11-09 13:02:35,143][com.java.SeleniumDriver] [  217] -  Reading Properties from Property File 
[DEBUG][2015-11-09 13:02:35,143][com.java.SeleniumDriver] [  238] - url : https://clients-xuat.bankersdashboard.com
[INFO ][2015-11-09 13:02:35,143][com.java.ImportnExport.ExportTestResultsExcel] [  116] - Time Stamp Mon Nov 09 01:02:35 IST 2015
[INFO ][2015-11-09 13:02:35,143][com.java.ImportnExport.ExportTestResultsExcel] [  175] - OUT FILE : D:\BankersDashboard/TestReports/Test Results_BankersDashBoard_110915_130235_IE11_Any Bank USA.xls
[INFO ][2015-11-09 13:02:35,159][com.java.ImportnExport.ExportTestResultsExcel] [  180] - Test Result file is created
[DEBUG][2015-11-09 13:02:35,270][com.java.SeleniumDriver] [  425] - Hub ip address is-------172.17.68.34
[INFO ][2015-11-09 13:02:35,270][com.java.SeleniumDriver] [  451] - Grid URL:http://172.17.68.34:4444/wd/hub
[INFO ][2015-11-09 13:02:35,270][com.java.SeleniumDriver] [  452] - Capability:Capabilities [{platform=ANY, ensureCleanSession=true, ignoreProtectedModeSettings=true, acceptSslCerts=true, ignoreZoomSetting=true, browserName=internet explorer, browserstack.ie.noFlash=true, version=Node1}]
[ERROR][2015-11-09 13:02:36,580][com.java.SeleniumDriver] [  496] - Unable invoke browser in grid:Could not start a new session. Possible causes are invalid address of the remote server or browser start-up failure.
Build info: version: '2.48.2', revision: '41bccdd', time: '2015-10-09 19:59:12'
System info: host: 'FVTIII438F1D', ip: '172.17.68.34', os.name: 'Windows 7', os.arch: 'x86', os.version: '6.1', java.version: '1.7.0_55'
Driver info: driver.version: SeleniumDriver
[INFO ][2015-11-09 13:02:36,580][com.java.SeleniumDriver] [  498] - Executing on local machine
[INFO ][2015-11-09 13:02:47,958][com.java.SeleniumDriver] [  248] - IE11is opened
[INFO ][2015-11-09 13:02:48,600][com.java.SeleniumDriver] [  752] - Test cases to be executed are: [1, 10]
[INFO ][2015-11-09 13:02:48,600][com.java.ImportnExport.ImportTestDataDetailsExcel] [   49] - test data details path===== D:\BankersDashboard\TestInputs\TestData.xls
[INFO ][2015-11-09 13:02:59,407][com.java.SeleniumDriver] [  788] - ------------------------------------------
[INFO ][2015-11-09 13:02:59,407][com.java.SeleniumDriver] [  789] - Test case being Executed: 1
[INFO ][2015-11-09 13:02:59,408][com.java.SeleniumDriver] [  800] - Test step:1
[INFO ][2015-11-09 13:02:59,408][com.java.SeleniumDriver] [  812] - Datavalue is----------Concept#1:1-14
[INFO ][2015-11-09 13:02:59,408][com.java.SeleniumDriver] [  836] - DataField : test
[INFO ][2015-11-09 13:02:59,408][com.java.SeleniumDriver] [  838] - DataValue : Concept#1:1-14
[INFO ][2015-11-09 13:02:59,408][com.java.SeleniumDriver] [  844] - <In Set values of the page>
[INFO ][2015-11-09 13:02:59,408][com.java.SeleniumDriver] [  847] - {Data Fields & Data Values Exist}
[INFO ][2015-11-09 13:02:59,408][com.java.SeleniumDriver] [  849] - --------------------------setting values-----------------------------
[INFO ][2015-11-09 13:02:59,408][com.java.SeleniumDriver] [  852] - Action Type : ExecuteTestCase
[INFO ][2015-11-09 13:02:59,439][com.java.TestType] [  420] - The Concept sheet name is ---------- Concept
[INFO ][2015-11-09 13:02:59,439][com.java.TestType] [  423] - The Concept ID  is ---------- 1
[DEBUG][2015-11-09 13:02:59,439][com.java.TestType] [  427] - Steps being executted in the Concept are: 1:14
[INFO ][2015-11-09 13:02:59,439][com.java.TestType] [  434] - Test data details path ---------- D:\BankersDashboard\TestInputs\TestData.xls
[INFO ][2015-11-09 13:02:59,470][com.java.TestType] [  465] -  str(1) = 1
[INFO ][2015-11-09 13:02:59,470][com.java.TestType] [  468] - Test case Id is---1
[INFO ][2015-11-09 13:02:59,470][com.java.TestType] [  470] - 1
[INFO ][2015-11-09 13:02:59,470][com.java.TestType] [  465] -  str(2) = 1
[INFO ][2015-11-09 13:02:59,470][com.java.TestType] [  517] - row values are--------{1=com.java.Objects.TestDataDetails@19fbe63}
[INFO ][2015-11-09 13:02:59,470][com.java.TestType] [  465] -  str(1) = 1
[INFO ][2015-11-09 13:02:59,470][com.java.TestType] [  468] - Test case Id is---1
[INFO ][2015-11-09 13:02:59,470][com.java.TestType] [  470] - 1
[INFO ][2015-11-09 13:02:59,470][com.java.TestType] [  465] -  str(2) = 2
[INFO ][2015-11-09 13:02:59,470][com.java.TestType] [  517] - row values are--------{1=com.java.Objects.TestDataDetails@19fbe63, 2=com.java.Objects.TestDataDetails@53951e}
[INFO ][2015-11-09 13:02:59,470][com.java.TestType] [  465] -  str(1) = 1
[INFO ][2015-11-09 13:02:59,470][com.java.TestType] [  468] - Test case Id is---1
[INFO ][2015-11-09 13:02:59,470][com.java.TestType] [  470] - 1
[INFO ][2015-11-09 13:02:59,470][com.java.TestType] [  465] -  str(2) = 3
[INFO ][2015-11-09 13:02:59,470][com.java.TestType] [  517] - row values are--------{1=com.java.Objects.TestDataDetails@19fbe63, 2=com.java.Objects.TestDataDetails@53951e, 3=com.java.Objects.TestDataDetails@c32a5d}
[INFO ][2015-11-09 13:02:59,470][com.java.TestType] [  465] -  str(1) = 1
[INFO ][2015-11-09 13:02:59,470][com.java.TestType] [  468] - Test case Id is---1
[INFO ][2015-11-09 13:02:59,470][com.java.TestType] [  470] - 1
[INFO ][2015-11-09 13:02:59,470][com.java.TestType] [  465] -  str(2) = 4
[INFO ][2015-11-09 13:02:59,470][com.java.TestType] [  517] - row values are--------{1=com.java.Objects.TestDataDetails@19fbe63, 2=com.java.Objects.TestDataDetails@53951e, 3=com.java.Objects.TestDataDetails@c32a5d, 4=com.java.Objects.TestDataDetails@264f65}
[INFO ][2015-11-09 13:02:59,470][com.java.TestType] [  465] -  str(1) = 1
[INFO ][2015-11-09 13:02:59,470][com.java.TestType] [  468] - Test case Id is---1
[INFO ][2015-11-09 13:02:59,470][com.java.TestType] [  470] - 1
[INFO ][2015-11-09 13:02:59,470][com.java.TestType] [  465] -  str(2) = 5
[INFO ][2015-11-09 13:02:59,470][com.java.TestType] [  517] - row values are--------{1=com.java.Objects.TestDataDetails@19fbe63, 2=com.java.Objects.TestDataDetails@53951e, 3=com.java.Objects.TestDataDetails@c32a5d, 4=com.java.Objects.TestDataDetails@264f65, 5=com.java.Objects.TestDataDetails@125554}
[INFO ][2015-11-09 13:02:59,470][com.java.TestType] [  465] -  str(1) = 1
[INFO ][2015-11-09 13:02:59,470][com.java.TestType] [  468] - Test case Id is---1
[INFO ][2015-11-09 13:02:59,470][com.java.TestType] [  470] - 1
[INFO ][2015-11-09 13:02:59,470][com.java.TestType] [  465] -  str(2) = 6
[INFO ][2015-11-09 13:02:59,470][com.java.TestType] [  517] - row values are--------{1=com.java.Objects.TestDataDetails@19fbe63, 2=com.java.Objects.TestDataDetails@53951e, 3=com.java.Objects.TestDataDetails@c32a5d, 4=com.java.Objects.TestDataDetails@264f65, 5=com.java.Objects.TestDataDetails@125554, 6=com.java.Objects.TestDataDetails@8b873e}
[INFO ][2015-11-09 13:02:59,470][com.java.TestType] [  465] -  str(1) = 1
[INFO ][2015-11-09 13:02:59,470][com.java.TestType] [  468] - Test case Id is---1
[INFO ][2015-11-09 13:02:59,470][com.java.TestType] [  470] - 1
[INFO ][2015-11-09 13:02:59,470][com.java.TestType] [  465] -  str(2) = 7
[INFO ][2015-11-09 13:02:59,486][com.java.TestType] [  517] - row values are--------{1=com.java.Objects.TestDataDetails@19fbe63, 2=com.java.Objects.TestDataDetails@53951e, 3=com.java.Objects.TestDataDetails@c32a5d, 4=com.java.Objects.TestDataDetails@264f65, 5=com.java.Objects.TestDataDetails@125554, 6=com.java.Objects.TestDataDetails@8b873e, 7=com.java.Objects.TestDataDetails@103b7e8}
[INFO ][2015-11-09 13:02:59,486][com.java.TestType] [  465] -  str(1) = 1
[INFO ][2015-11-09 13:02:59,486][com.java.TestType] [  468] - Test case Id is---1
[INFO ][2015-11-09 13:02:59,486][com.java.TestType] [  470] - 1
[INFO ][2015-11-09 13:02:59,486][com.java.TestType] [  465] -  str(2) = 8
[INFO ][2015-11-09 13:02:59,486][com.java.TestType] [  517] - row values are--------{1=com.java.Objects.TestDataDetails@19fbe63, 2=com.java.Objects.TestDataDetails@53951e, 3=com.java.Objects.TestDataDetails@c32a5d, 4=com.java.Objects.TestDataDetails@264f65, 5=com.java.Objects.TestDataDetails@125554, 6=com.java.Objects.TestDataDetails@8b873e, 7=com.java.Objects.TestDataDetails@103b7e8, 8=com.java.Objects.TestDataDetails@ea401c}
[INFO ][2015-11-09 13:02:59,486][com.java.TestType] [  465] -  str(1) = 1
[INFO ][2015-11-09 13:02:59,486][com.java.TestType] [  468] - Test case Id is---1
[INFO ][2015-11-09 13:02:59,486][com.java.TestType] [  470] - 1
[INFO ][2015-11-09 13:02:59,486][com.java.TestType] [  465] -  str(2) = 9
[INFO ][2015-11-09 13:02:59,486][com.java.TestType] [  517] - row values are--------{1=com.java.Objects.TestDataDetails@19fbe63, 2=com.java.Objects.TestDataDetails@53951e, 3=com.java.Objects.TestDataDetails@c32a5d, 4=com.java.Objects.TestDataDetails@264f65, 5=com.java.Objects.TestDataDetails@125554, 6=com.java.Objects.TestDataDetails@8b873e, 7=com.java.Objects.TestDataDetails@103b7e8, 8=com.java.Objects.TestDataDetails@ea401c, 9=com.java.Objects.TestDataDetails@699c99}
[INFO ][2015-11-09 13:02:59,486][com.java.TestType] [  465] -  str(1) = 1
[INFO ][2015-11-09 13:02:59,486][com.java.TestType] [  468] - Test case Id is---1
[INFO ][2015-11-09 13:02:59,486][com.java.TestType] [  470] - 1
[INFO ][2015-11-09 13:02:59,486][com.java.TestType] [  465] -  str(2) = 10
[INFO ][2015-11-09 13:02:59,486][com.java.TestType] [  517] - row values are--------{1=com.java.Objects.TestDataDetails@19fbe63, 2=com.java.Objects.TestDataDetails@53951e, 3=com.java.Objects.TestDataDetails@c32a5d, 4=com.java.Objects.TestDataDetails@264f65, 5=com.java.Objects.TestDataDetails@125554, 6=com.java.Objects.TestDataDetails@8b873e, 7=com.java.Objects.TestDataDetails@103b7e8, 8=com.java.Objects.TestDataDetails@ea401c, 9=com.java.Objects.TestDataDetails@699c99, 10=com.java.Objects.TestDataDetails@16f1c5d}
[INFO ][2015-11-09 13:02:59,486][com.java.TestType] [  465] -  str(1) = 1
[INFO ][2015-11-09 13:02:59,486][com.java.TestType] [  468] - Test case Id is---1
[INFO ][2015-11-09 13:02:59,486][com.java.TestType] [  470] - 1
[INFO ][2015-11-09 13:02:59,486][com.java.TestType] [  465] -  str(2) = 11
[INFO ][2015-11-09 13:02:59,486][com.java.TestType] [  517] - row values are--------{1=com.java.Objects.TestDataDetails@19fbe63, 2=com.java.Objects.TestDataDetails@53951e, 3=com.java.Objects.TestDataDetails@c32a5d, 4=com.java.Objects.TestDataDetails@264f65, 5=com.java.Objects.TestDataDetails@125554, 6=com.java.Objects.TestDataDetails@8b873e, 7=com.java.Objects.TestDataDetails@103b7e8, 8=com.java.Objects.TestDataDetails@ea401c, 9=com.java.Objects.TestDataDetails@699c99, 10=com.java.Objects.TestDataDetails@16f1c5d, 11=com.java.Objects.TestDataDetails@8c530}
[INFO ][2015-11-09 13:02:59,486][com.java.TestType] [  465] -  str(1) = 1
[INFO ][2015-11-09 13:02:59,486][com.java.TestType] [  468] - Test case Id is---1
[INFO ][2015-11-09 13:02:59,486][com.java.TestType] [  470] - 1
[INFO ][2015-11-09 13:02:59,486][com.java.TestType] [  465] -  str(2) = 12
[INFO ][2015-11-09 13:02:59,486][com.java.TestType] [  517] - row values are--------{1=com.java.Objects.TestDataDetails@19fbe63, 2=com.java.Objects.TestDataDetails@53951e, 3=com.java.Objects.TestDataDetails@c32a5d, 4=com.java.Objects.TestDataDetails@264f65, 5=com.java.Objects.TestDataDetails@125554, 6=com.java.Objects.TestDataDetails@8b873e, 7=com.java.Objects.TestDataDetails@103b7e8, 8=com.java.Objects.TestDataDetails@ea401c, 9=com.java.Objects.TestDataDetails@699c99, 10=com.java.Objects.TestDataDetails@16f1c5d, 11=com.java.Objects.TestDataDetails@8c530, 12=com.java.Objects.TestDataDetails@1282220}
[INFO ][2015-11-09 13:02:59,486][com.java.TestType] [  465] -  str(1) = 1
[INFO ][2015-11-09 13:02:59,486][com.java.TestType] [  468] - Test case Id is---1
[INFO ][2015-11-09 13:02:59,486][com.java.TestType] [  470] - 1
[INFO ][2015-11-09 13:02:59,486][com.java.TestType] [  465] -  str(2) = 13
[INFO ][2015-11-09 13:02:59,486][com.java.TestType] [  517] - row values are--------{1=com.java.Objects.TestDataDetails@19fbe63, 2=com.java.Objects.TestDataDetails@53951e, 3=com.java.Objects.TestDataDetails@c32a5d, 4=com.java.Objects.TestDataDetails@264f65, 5=com.java.Objects.TestDataDetails@125554, 6=com.java.Objects.TestDataDetails@8b873e, 7=com.java.Objects.TestDataDetails@103b7e8, 8=com.java.Objects.TestDataDetails@ea401c, 9=com.java.Objects.TestDataDetails@699c99, 10=com.java.Objects.TestDataDetails@16f1c5d, 11=com.java.Objects.TestDataDetails@8c530, 12=com.java.Objects.TestDataDetails@1282220, 13=com.java.Objects.TestDataDetails@dc926f}
[INFO ][2015-11-09 13:02:59,486][com.java.TestType] [  465] -  str(1) = 1
[INFO ][2015-11-09 13:02:59,486][com.java.TestType] [  468] - Test case Id is---1
[INFO ][2015-11-09 13:02:59,486][com.java.TestType] [  470] - 1
[INFO ][2015-11-09 13:02:59,486][com.java.TestType] [  465] -  str(2) = 14
[INFO ][2015-11-09 13:02:59,486][com.java.TestType] [  517] - row values are--------{1=com.java.Objects.TestDataDetails@19fbe63, 2=com.java.Objects.TestDataDetails@53951e, 3=com.java.Objects.TestDataDetails@c32a5d, 4=com.java.Objects.TestDataDetails@264f65, 5=com.java.Objects.TestDataDetails@125554, 6=com.java.Objects.TestDataDetails@8b873e, 7=com.java.Objects.TestDataDetails@103b7e8, 8=com.java.Objects.TestDataDetails@ea401c, 9=com.java.Objects.TestDataDetails@699c99, 10=com.java.Objects.TestDataDetails@16f1c5d, 11=com.java.Objects.TestDataDetails@8c530, 12=com.java.Objects.TestDataDetails@1282220, 13=com.java.Objects.TestDataDetails@dc926f, 14=com.java.Objects.TestDataDetails@12fb603}
[INFO ][2015-11-09 13:02:59,486][com.java.TestType] [ 8225] - Looping 1TCID = 1
[DEBUG][2015-11-09 13:02:59,486][com.java.TestType] [ 8266] - Concept ID:1 :: Step being Executed: 1::1
[INFO ][2015-11-09 13:02:59,486][com.java.TestType] [ 8304] - dataFields : TXTusername
[DEBUG][2015-11-09 13:02:59,486][com.java.TestType] [ 8310] - <In Set values of the page>
[DEBUG][2015-11-09 13:02:59,486][com.java.TestType] [ 8315] - {Data Fields & Data Values Exist}
[INFO ][2015-11-09 13:02:59,486][com.java.TestType] [ 8321] - --------------------------setting values-----------------------------
[INFO ][2015-11-09 13:02:59,486][com.java.TestType] [ 8324] - Action Type : CLEARANDENTER
[INFO ][2015-11-09 13:02:59,486][com.java.TestType] [ 4075] - value = naresh.nayini.00000
[INFO ][2015-11-09 13:03:04,510][com.java.TestType] [ 8343] -  RESULT true
[INFO ][2015-11-09 13:03:04,510][com.java.TestType] [ 8460] - ?   P A S S   ?
[DEBUG][2015-11-09 13:03:04,510][com.java.TestType] [ 8266] - Concept ID:1 :: Step being Executed: 1::2
[INFO ][2015-11-09 13:03:04,510][com.java.TestType] [ 8304] - dataFields : TXTpassword
[DEBUG][2015-11-09 13:03:04,510][com.java.TestType] [ 8310] - <In Set values of the page>
[DEBUG][2015-11-09 13:03:04,510][com.java.TestType] [ 8315] - {Data Fields & Data Values Exist}
[INFO ][2015-11-09 13:03:04,510][com.java.TestType] [ 8321] - --------------------------setting values-----------------------------
[INFO ][2015-11-09 13:03:04,510][com.java.TestType] [ 8324] - Action Type : CLEARANDENTER
[INFO ][2015-11-09 13:03:04,510][com.java.TestType] [ 4075] - value = Password1*
[INFO ][2015-11-09 13:03:09,778][com.java.TestType] [ 8343] -  RESULT true
[INFO ][2015-11-09 13:03:09,778][com.java.TestType] [ 8460] - ?   P A S S   ?
[DEBUG][2015-11-09 13:03:09,778][com.java.TestType] [ 8266] - Concept ID:1 :: Step being Executed: 1::3
[ERROR][2015-11-09 13:03:09,778][com.java.TestType] [ 8299] - Exception: null
[INFO ][2015-11-09 13:03:09,778][com.java.TestType] [ 8304] - dataFields : XPH//button[@type='submit']
[DEBUG][2015-11-09 13:03:09,778][com.java.TestType] [ 8310] - <In Set values of the page>
[DEBUG][2015-11-09 13:03:09,778][com.java.TestType] [ 8315] - {Data Fields & Data Values Exist}
[INFO ][2015-11-09 13:03:09,778][com.java.TestType] [ 8321] - --------------------------setting values-----------------------------
[INFO ][2015-11-09 13:03:09,778][com.java.TestType] [ 8324] - Action Type : Click
[INFO ][2015-11-09 13:03:09,778][com.java.TestType] [ 4388] - Field ::XPH//button[@type='submit']
[INFO ][2015-11-09 13:03:10,792][com.java.TestType] [ 4447] - BEFORE CLICK
[INFO ][2015-11-09 13:03:19,043][com.java.TestType] [ 4455] - Unable to click the object Login
[INFO ][2015-11-09 13:03:19,043][com.java.TestType] [ 8343] -  RESULT true
[INFO ][2015-11-09 13:03:19,043][com.java.TestType] [ 8460] - ?   P A S S   ?
[DEBUG][2015-11-09 13:03:19,043][com.java.TestType] [ 8266] - Concept ID:1 :: Step being Executed: 1::4
[INFO ][2015-11-09 13:03:19,043][com.java.TestType] [ 8304] - dataFields : LNKLogout
[DEBUG][2015-11-09 13:03:19,043][com.java.TestType] [ 8310] - <In Set values of the page>
[DEBUG][2015-11-09 13:03:19,043][com.java.TestType] [ 8315] - {Data Fields & Data Values Exist}
[INFO ][2015-11-09 13:03:19,043][com.java.TestType] [ 8321] - --------------------------setting values-----------------------------
[INFO ][2015-11-09 13:03:19,043][com.java.TestType] [ 8324] - Action Type : WaitForElement
[INFO ][2015-11-09 13:03:19,075][com.java.TestType] [ 8343] -  RESULT true
[INFO ][2015-11-09 13:03:19,075][com.java.TestType] [ 8460] - ?   P A S S   ?
[DEBUG][2015-11-09 13:03:19,075][com.java.TestType] [ 8266] - Concept ID:1 :: Step being Executed: 1::13
[INFO ][2015-11-09 13:03:19,075][com.java.TestType] [ 8304] - dataFields : LNK
[DEBUG][2015-11-09 13:03:19,075][com.java.TestType] [ 8310] - <In Set values of the page>
[DEBUG][2015-11-09 13:03:19,075][com.java.TestType] [ 8315] - {Data Fields & Data Values Exist}
[INFO ][2015-11-09 13:03:19,075][com.java.TestType] [ 8321] - --------------------------setting values-----------------------------
[INFO ][2015-11-09 13:03:19,075][com.java.TestType] [ 8324] - Action Type : Verify
[INFO ][2015-11-09 13:03:19,075][com.java.TestType] [ 5201] - field= LNK value= Logout
[INFO ][2015-11-09 13:03:19,075][com.java.TestType] [ 4075] - value = Logout
[INFO ][2015-11-09 13:03:19,106][com.java.TestType] [ 8343] -  RESULT true
[INFO ][2015-11-09 13:03:19,106][com.java.TestType] [ 8460] - ?   P A S S   ?
[DEBUG][2015-11-09 13:03:19,106][com.java.TestType] [ 8266] - Concept ID:1 :: Step being Executed: 1::14
[INFO ][2015-11-09 13:03:19,106][com.java.TestType] [ 8304] - dataFields : BTN
[DEBUG][2015-11-09 13:03:19,106][com.java.TestType] [ 8310] - <In Set values of the page>
[DEBUG][2015-11-09 13:03:19,106][com.java.TestType] [ 8315] - {Data Fields & Data Values Exist}
[INFO ][2015-11-09 13:03:19,106][com.java.TestType] [ 8321] - --------------------------setting values-----------------------------
[INFO ][2015-11-09 13:03:19,106][com.java.TestType] [ 8324] - Action Type : Verify
[INFO ][2015-11-09 13:03:19,106][com.java.TestType] [ 5201] - field= BTN value= //img[contains(@src,'bdlogo.jpg')]
[INFO ][2015-11-09 13:03:19,106][com.java.TestType] [ 4075] - value = //img[contains(@src,'bdlogo.jpg')]
[INFO ][2015-11-09 13:03:19,153][com.java.TestType] [ 8343] -  RESULT true
[INFO ][2015-11-09 13:03:19,153][com.java.TestType] [ 8460] - ?   P A S S   ?
[INFO ][2015-11-09 13:03:19,153][com.java.TestType] [ 8531] - Looping End......
[INFO ][2015-11-09 13:03:19,153][com.java.SeleniumDriver] [  861] -  RESULT true
[INFO ][2015-11-09 13:03:19,153][com.java.SeleniumDriver] [ 1066] - ?   P A S S   ?
[INFO ][2015-11-09 13:03:19,153][com.java.SeleniumDriver] [  788] - ------------------------------------------
[INFO ][2015-11-09 13:03:19,153][com.java.SeleniumDriver] [  789] - Test case being Executed: 1
[INFO ][2015-11-09 13:03:19,153][com.java.SeleniumDriver] [  800] - Test step:2
[INFO ][2015-11-09 13:03:19,153][com.java.SeleniumDriver] [  812] - Datavalue is----------Concept#2:1-2
[INFO ][2015-11-09 13:03:19,153][com.java.SeleniumDriver] [  836] - DataField : test
[INFO ][2015-11-09 13:03:19,153][com.java.SeleniumDriver] [  838] - DataValue : Concept#2:1-2
[INFO ][2015-11-09 13:03:19,153][com.java.SeleniumDriver] [  844] - <In Set values of the page>
[INFO ][2015-11-09 13:03:19,153][com.java.SeleniumDriver] [  847] - {Data Fields & Data Values Exist}
[INFO ][2015-11-09 13:03:19,153][com.java.SeleniumDriver] [  849] - --------------------------setting values-----------------------------
[INFO ][2015-11-09 13:03:19,153][com.java.SeleniumDriver] [  852] - Action Type : ExecuteTestCase
[INFO ][2015-11-09 13:03:19,153][com.java.TestType] [  420] - The Concept sheet name is ---------- Concept
[INFO ][2015-11-09 13:03:19,153][com.java.TestType] [  423] - The Concept ID  is ---------- 2
[DEBUG][2015-11-09 13:03:19,153][com.java.TestType] [  427] - Steps being executted in the Concept are: 1:2
[INFO ][2015-11-09 13:03:19,153][com.java.TestType] [  434] - Test data details path ---------- D:\BankersDashboard\TestInputs\TestData.xls
[INFO ][2015-11-09 13:03:19,184][com.java.TestType] [  465] -  str(1) = 2
[INFO ][2015-11-09 13:03:19,184][com.java.TestType] [  468] - Test case Id is---2
[INFO ][2015-11-09 13:03:19,184][com.java.TestType] [  470] - 2
[INFO ][2015-11-09 13:03:19,184][com.java.TestType] [  465] -  str(2) = 1
[INFO ][2015-11-09 13:03:19,184][com.java.TestType] [  517] - row values are--------{1=com.java.Objects.TestDataDetails@1a296b8}
[INFO ][2015-11-09 13:03:19,184][com.java.TestType] [  465] -  str(1) = 2
[INFO ][2015-11-09 13:03:19,184][com.java.TestType] [  468] - Test case Id is---2
[INFO ][2015-11-09 13:03:19,184][com.java.TestType] [  470] - 2
[INFO ][2015-11-09 13:03:19,184][com.java.TestType] [  465] -  str(2) = 2
[INFO ][2015-11-09 13:03:19,184][com.java.TestType] [  517] - row values are--------{1=com.java.Objects.TestDataDetails@1a296b8, 2=com.java.Objects.TestDataDetails@1ec04ab}
[INFO ][2015-11-09 13:03:19,184][com.java.TestType] [  465] -  str(1) = 2
[INFO ][2015-11-09 13:03:19,184][com.java.TestType] [  468] - Test case Id is---2
[INFO ][2015-11-09 13:03:19,184][com.java.TestType] [  470] - 2
[INFO ][2015-11-09 13:03:19,184][com.java.TestType] [  465] -  str(2) = 3
[INFO ][2015-11-09 13:03:19,184][com.java.TestType] [  517] - row values are--------{1=com.java.Objects.TestDataDetails@1a296b8, 2=com.java.Objects.TestDataDetails@1ec04ab, 3=com.java.Objects.TestDataDetails@1a15f06}
[INFO ][2015-11-09 13:03:19,184][com.java.TestType] [ 8225] - Looping 1TCID = 2
[DEBUG][2015-11-09 13:03:19,184][com.java.TestType] [ 8266] - Concept ID:2 :: Step being Executed: 2::1
[INFO ][2015-11-09 13:03:19,184][com.java.TestType] [ 8304] - dataFields : BNK//select[@id='bank']
[DEBUG][2015-11-09 13:03:19,184][com.java.TestType] [ 8310] - <In Set values of the page>
[DEBUG][2015-11-09 13:03:19,184][com.java.TestType] [ 8315] - {Data Fields & Data Values Exist}
[INFO ][2015-11-09 13:03:19,184][com.java.TestType] [ 8321] - --------------------------setting values-----------------------------
[INFO ][2015-11-09 13:03:19,184][com.java.TestType] [ 8324] - Action Type : Select
[INFO ][2015-11-09 13:03:19,184][com.java.TestType] [ 4075] - value = PFC
[INFO ][2015-11-09 13:03:19,387][com.java.TestType] [ 8343] -  RESULT true
[INFO ][2015-11-09 13:03:19,387][com.java.TestType] [ 8460] - ?   P A S S   ?
[DEBUG][2015-11-09 13:03:19,387][com.java.TestType] [ 8266] - Concept ID:2 :: Step being Executed: 2::2
[INFO ][2015-11-09 13:03:19,387][com.java.TestType] [ 8304] - dataFields : LNKLogout
[DEBUG][2015-11-09 13:03:19,387][com.java.TestType] [ 8310] - <In Set values of the page>
[DEBUG][2015-11-09 13:03:19,387][com.java.TestType] [ 8315] - {Data Fields & Data Values Exist}
[INFO ][2015-11-09 13:03:19,387][com.java.TestType] [ 8321] - --------------------------setting values-----------------------------
[INFO ][2015-11-09 13:03:19,387][com.java.TestType] [ 8324] - Action Type : WaitTime
[DEBUG][2015-11-09 13:03:19,387][com.java.TestType] [ 3911] - sleepTime: 5000
[INFO ][2015-11-09 13:03:24,390][com.java.TestType] [ 8343] -  RESULT true
[INFO ][2015-11-09 13:03:24,390][com.java.TestType] [ 8460] - ?   P A S S   ?
[INFO ][2015-11-09 13:03:24,390][com.java.TestType] [ 8531] - Looping End......
[INFO ][2015-11-09 13:03:24,390][com.java.SeleniumDriver] [  861] -  RESULT true
[INFO ][2015-11-09 13:03:24,390][com.java.SeleniumDriver] [ 1066] - ?   P A S S   ?
[INFO ][2015-11-09 13:03:24,390][com.java.SeleniumDriver] [  788] - ------------------------------------------
[INFO ][2015-11-09 13:03:24,390][com.java.SeleniumDriver] [  789] - Test case being Executed: 1
[INFO ][2015-11-09 13:03:24,390][com.java.SeleniumDriver] [  800] - Test step:3
[INFO ][2015-11-09 13:03:24,390][com.java.SeleniumDriver] [  812] - Datavalue is----------2
[INFO ][2015-11-09 13:03:24,390][com.java.SeleniumDriver] [  836] - DataField : XPH//button[contains(text(),'Add Content')]
[INFO ][2015-11-09 13:03:24,390][com.java.SeleniumDriver] [  838] - DataValue : 2
[INFO ][2015-11-09 13:03:24,390][com.java.SeleniumDriver] [  844] - <In Set values of the page>
[INFO ][2015-11-09 13:03:24,390][com.java.SeleniumDriver] [  847] - {Data Fields & Data Values Exist}
[INFO ][2015-11-09 13:03:24,390][com.java.SeleniumDriver] [  849] - --------------------------setting values-----------------------------
[INFO ][2015-11-09 13:03:24,390][com.java.SeleniumDriver] [  852] - Action Type : WAITFORELEMENT
[INFO ][2015-11-09 13:03:24,438][com.java.SeleniumDriver] [  861] -  RESULT true
[INFO ][2015-11-09 13:03:24,438][com.java.SeleniumDriver] [ 1066] - ?   P A S S   ?
[DEBUG][2015-11-09 13:03:24,438][com.java.SeleniumDriver] [ 1168] - Case found
[DEBUG][2015-11-09 13:03:24,438][com.java.SeleniumDriver] [ 1173] - Incrementing ReportCounters[0]:1
[INFO ][2015-11-09 13:03:24,438][com.java.SeleniumDriver] [ 1192] - The results are-------------------[1, 1, Valid Login, Pass, , Mon Nov 09 13:03:19 IST 2015, 1, 2, Valid Login, Pass, , Mon Nov 09 13:03:24 IST 2015, 1, 3, Valid Login, Pass, , Mon Nov 09 13:03:24 IST 2015]
[INFO ][2015-11-09 13:03:24,438][com.java.SeleniumDriver] [ 1196] - End time is-------51 sec
[INFO ][2015-11-09 13:03:24,438][com.java.SeleniumDriver] [ 1197] - The results are-------------------[1, 1, Valid Login, Pass, , Mon Nov 09 13:03:19 IST 2015, 1, 2, Valid Login, Pass, , Mon Nov 09 13:03:24 IST 2015, 1, 3, Valid Login, Pass, , Mon Nov 09 13:03:24 IST 2015]
[DEBUG][2015-11-09 13:03:24,438][com.java.ImportnExport.ExportTestResultsExcel] [  222] - testResultPath = D:\BankersDashboard/TestReports/Test Results_BankersDashBoard_110915_130235_IE11_Any Bank USA.xls
[DEBUG][2015-11-09 13:03:24,438][com.java.ImportnExport.ExportTestResultsExcel] [  223] - browser is------------IE11
[DEBUG][2015-11-09 13:03:24,469][com.java.ImportnExport.ExportTestResultsExcel] [  270] - result.size() = 18
[DEBUG][2015-11-09 13:03:24,469][com.java.ImportnExport.ExportTestResultsExcel] [  274] - No of rows in sheet=1
[DEBUG][2015-11-09 13:03:24,469][com.java.ImportnExport.ExportTestResultsExcel] [  301] - ..in export..1
[DEBUG][2015-11-09 13:03:24,469][com.java.ImportnExport.ExportTestResultsExcel] [  301] - ..in export..Valid Login
[DEBUG][2015-11-09 13:03:24,469][com.java.ImportnExport.ExportTestResultsExcel] [  301] - ..in export..Pass
[DEBUG][2015-11-09 13:03:24,469][com.java.ImportnExport.ExportTestResultsExcel] [  301] - ..in export..
[DEBUG][2015-11-09 13:03:24,469][com.java.ImportnExport.ExportTestResultsExcel] [  301] - ..in export..Mon Nov 09 13:03:19 IST 2015
[INFO ][2015-11-09 13:03:24,469][com.java.SeleniumDriver] [ 1255] - out loop:0 size:2 TestCases:[1, 10] testcases:[1, 10]
[INFO ][2015-11-09 13:03:24,469][com.java.ImportnExport.ImportTestDataDetailsExcel] [   49] - test data details path===== D:\BankersDashboard\TestInputs\TestData.xls
[INFO ][2015-11-09 13:03:38,194][com.java.SeleniumDriver] [  788] - ------------------------------------------
[INFO ][2015-11-09 13:03:38,194][com.java.SeleniumDriver] [  789] - Test case being Executed: 10
[INFO ][2015-11-09 13:03:38,194][com.java.SeleniumDriver] [  800] - Test step:1
[INFO ][2015-11-09 13:03:38,194][com.java.SeleniumDriver] [  812] - Datavalue is----------Logout
[INFO ][2015-11-09 13:03:38,194][com.java.SeleniumDriver] [  836] - DataField : BTN
[INFO ][2015-11-09 13:03:38,194][com.java.SeleniumDriver] [  838] - DataValue : Logout
[INFO ][2015-11-09 13:03:38,194][com.java.SeleniumDriver] [  844] - <In Set values of the page>
[INFO ][2015-11-09 13:03:38,194][com.java.SeleniumDriver] [  847] - {Data Fields & Data Values Exist}
[INFO ][2015-11-09 13:03:38,194][com.java.SeleniumDriver] [  849] - --------------------------setting values-----------------------------
[INFO ][2015-11-09 13:03:38,194][com.java.SeleniumDriver] [  852] - Action Type : Verify
[INFO ][2015-11-09 13:03:38,194][com.java.TestType] [ 5201] - field= BTN value= Logout
[INFO ][2015-11-09 13:03:38,194][com.java.TestType] [ 4075] - value = Logout
[INFO ][2015-11-09 13:03:38,242][com.java.SeleniumDriver] [  861] -  RESULT true
[INFO ][2015-11-09 13:03:38,242][com.java.SeleniumDriver] [ 1066] - ?   P A S S   ?
[INFO ][2015-11-09 13:03:38,242][com.java.SeleniumDriver] [ 1108] - step change to 3
[INFO ][2015-11-09 13:03:38,242][com.java.SeleniumDriver] [  788] - ------------------------------------------
[INFO ][2015-11-09 13:03:38,242][com.java.SeleniumDriver] [  789] - Test case being Executed: 10
[INFO ][2015-11-09 13:03:38,242][com.java.SeleniumDriver] [  800] - Test step:3
[INFO ][2015-11-09 13:03:38,242][com.java.SeleniumDriver] [  812] - Datavalue is----------Concept#2:1-2
[INFO ][2015-11-09 13:03:38,242][com.java.SeleniumDriver] [  836] - DataField : test
[INFO ][2015-11-09 13:03:38,242][com.java.SeleniumDriver] [  838] - DataValue : Concept#2:1-2
[INFO ][2015-11-09 13:03:38,242][com.java.SeleniumDriver] [  844] - <In Set values of the page>
[INFO ][2015-11-09 13:03:38,242][com.java.SeleniumDriver] [  847] - {Data Fields & Data Values Exist}
[INFO ][2015-11-09 13:03:38,242][com.java.SeleniumDriver] [  849] - --------------------------setting values-----------------------------
[INFO ][2015-11-09 13:03:38,242][com.java.SeleniumDriver] [  852] - Action Type : ExecuteTestCase
[INFO ][2015-11-09 13:03:38,242][com.java.TestType] [  420] - The Concept sheet name is ---------- Concept
[INFO ][2015-11-09 13:03:38,242][com.java.TestType] [  423] - The Concept ID  is ---------- 2
[DEBUG][2015-11-09 13:03:38,242][com.java.TestType] [  427] - Steps being executted in the Concept are: 1:2
[INFO ][2015-11-09 13:03:38,242][com.java.TestType] [  434] - Test data details path ---------- D:\BankersDashboard\TestInputs\TestData.xls
[INFO ][2015-11-09 13:03:38,273][com.java.TestType] [  465] -  str(1) = 2
[INFO ][2015-11-09 13:03:38,273][com.java.TestType] [  468] - Test case Id is---2
[INFO ][2015-11-09 13:03:38,273][com.java.TestType] [  470] - 2
[INFO ][2015-11-09 13:03:38,273][com.java.TestType] [  465] -  str(2) = 1
[INFO ][2015-11-09 13:03:38,273][com.java.TestType] [  517] - row values are--------{1=com.java.Objects.TestDataDetails@1b4124d}
[INFO ][2015-11-09 13:03:38,273][com.java.TestType] [  465] -  str(1) = 2
[INFO ][2015-11-09 13:03:38,273][com.java.TestType] [  468] - Test case Id is---2
[INFO ][2015-11-09 13:03:38,273][com.java.TestType] [  470] - 2
[INFO ][2015-11-09 13:03:38,273][com.java.TestType] [  465] -  str(2) = 2
[INFO ][2015-11-09 13:03:38,273][com.java.TestType] [  517] - row values are--------{1=com.java.Objects.TestDataDetails@1b4124d, 2=com.java.Objects.TestDataDetails@1a706b0}
[INFO ][2015-11-09 13:03:38,273][com.java.TestType] [  465] -  str(1) = 2
[INFO ][2015-11-09 13:03:38,273][com.java.TestType] [  468] - Test case Id is---2
[INFO ][2015-11-09 13:03:38,273][com.java.TestType] [  470] - 2
[INFO ][2015-11-09 13:03:38,273][com.java.TestType] [  465] -  str(2) = 3
[INFO ][2015-11-09 13:03:38,273][com.java.TestType] [  517] - row values are--------{1=com.java.Objects.TestDataDetails@1b4124d, 2=com.java.Objects.TestDataDetails@1a706b0, 3=com.java.Objects.TestDataDetails@518236}
[INFO ][2015-11-09 13:03:38,273][com.java.TestType] [ 8225] - Looping 1TCID = 2
[DEBUG][2015-11-09 13:03:38,273][com.java.TestType] [ 8266] - Concept ID:2 :: Step being Executed: 2::1
[INFO ][2015-11-09 13:03:38,273][com.java.TestType] [ 8304] - dataFields : BNK//select[@id='bank']
[DEBUG][2015-11-09 13:03:38,273][com.java.TestType] [ 8310] - <In Set values of the page>
[DEBUG][2015-11-09 13:03:38,273][com.java.TestType] [ 8315] - {Data Fields & Data Values Exist}
[INFO ][2015-11-09 13:03:38,273][com.java.TestType] [ 8321] - --------------------------setting values-----------------------------
[INFO ][2015-11-09 13:03:38,273][com.java.TestType] [ 8324] - Action Type : Select
[INFO ][2015-11-09 13:03:38,273][com.java.TestType] [ 4075] - value = PFC
[INFO ][2015-11-09 13:03:38,461][com.java.TestType] [ 8343] -  RESULT true
[INFO ][2015-11-09 13:03:38,461][com.java.TestType] [ 8460] - ?   P A S S   ?
[DEBUG][2015-11-09 13:03:38,461][com.java.TestType] [ 8266] - Concept ID:2 :: Step being Executed: 2::2
[INFO ][2015-11-09 13:03:38,461][com.java.TestType] [ 8304] - dataFields : LNKLogout
[DEBUG][2015-11-09 13:03:38,461][com.java.TestType] [ 8310] - <In Set values of the page>
[DEBUG][2015-11-09 13:03:38,461][com.java.TestType] [ 8315] - {Data Fields & Data Values Exist}
[INFO ][2015-11-09 13:03:38,461][com.java.TestType] [ 8321] - --------------------------setting values-----------------------------
[INFO ][2015-11-09 13:03:38,461][com.java.TestType] [ 8324] - Action Type : WaitTime
[DEBUG][2015-11-09 13:03:38,461][com.java.TestType] [ 3911] - sleepTime: 5000
[INFO ][2015-11-09 13:03:43,468][com.java.TestType] [ 8343] -  RESULT true
[INFO ][2015-11-09 13:03:43,468][com.java.TestType] [ 8460] - ?   P A S S   ?
[INFO ][2015-11-09 13:03:43,468][com.java.TestType] [ 8531] - Looping End......
[INFO ][2015-11-09 13:03:43,468][com.java.SeleniumDriver] [  861] -  RESULT true
[INFO ][2015-11-09 13:03:43,468][com.java.SeleniumDriver] [ 1066] - ?   P A S S   ?
[INFO ][2015-11-09 13:03:43,468][com.java.SeleniumDriver] [  788] - ------------------------------------------
[INFO ][2015-11-09 13:03:43,468][com.java.SeleniumDriver] [  789] - Test case being Executed: 10
[INFO ][2015-11-09 13:03:43,468][com.java.SeleniumDriver] [  800] - Test step:4
[INFO ][2015-11-09 13:03:43,468][com.java.SeleniumDriver] [  812] - Datavalue is----------2
[INFO ][2015-11-09 13:03:43,468][com.java.SeleniumDriver] [  836] - DataField : BTNG/L
[INFO ][2015-11-09 13:03:43,468][com.java.SeleniumDriver] [  838] - DataValue : 2
[INFO ][2015-11-09 13:03:43,468][com.java.SeleniumDriver] [  844] - <In Set values of the page>
[INFO ][2015-11-09 13:03:43,468][com.java.SeleniumDriver] [  847] - {Data Fields & Data Values Exist}
[INFO ][2015-11-09 13:03:43,468][com.java.SeleniumDriver] [  849] - --------------------------setting values-----------------------------
[INFO ][2015-11-09 13:03:43,468][com.java.SeleniumDriver] [  852] - Action Type : WAITFORELEMENT
[INFO ][2015-11-09 13:03:43,516][com.java.SeleniumDriver] [  861] -  RESULT true
[INFO ][2015-11-09 13:03:43,516][com.java.SeleniumDriver] [ 1066] - ?   P A S S   ?
[INFO ][2015-11-09 13:03:43,516][com.java.SeleniumDriver] [  788] - ------------------------------------------
[INFO ][2015-11-09 13:03:43,516][com.java.SeleniumDriver] [  789] - Test case being Executed: 10
[INFO ][2015-11-09 13:03:43,516][com.java.SeleniumDriver] [  800] - Test step:5
[INFO ][2015-11-09 13:03:43,516][com.java.SeleniumDriver] [  812] - Datavalue is----------CNS
[INFO ][2015-11-09 13:03:43,516][com.java.SeleniumDriver] [  836] - DataField : BNK//select[@id='bank']
[INFO ][2015-11-09 13:03:43,516][com.java.SeleniumDriver] [  838] - DataValue : CNS
[INFO ][2015-11-09 13:03:43,516][com.java.SeleniumDriver] [  844] - <In Set values of the page>
[INFO ][2015-11-09 13:03:43,516][com.java.SeleniumDriver] [  847] - {Data Fields & Data Values Exist}
[INFO ][2015-11-09 13:03:43,516][com.java.SeleniumDriver] [  849] - --------------------------setting values-----------------------------
[INFO ][2015-11-09 13:03:43,516][com.java.SeleniumDriver] [  852] - Action Type : SELECT
[INFO ][2015-11-09 13:03:43,516][com.java.TestType] [ 4075] - value = CNS
[INFO ][2015-11-09 13:03:43,801][com.java.SeleniumDriver] [  861] -  RESULT true
[INFO ][2015-11-09 13:03:43,801][com.java.SeleniumDriver] [ 1066] - ?   P A S S   ?
[INFO ][2015-11-09 13:03:43,801][com.java.SeleniumDriver] [  788] - ------------------------------------------
[INFO ][2015-11-09 13:03:43,801][com.java.SeleniumDriver] [  789] - Test case being Executed: 10
[INFO ][2015-11-09 13:03:43,801][com.java.SeleniumDriver] [  800] - Test step:6
[INFO ][2015-11-09 13:03:43,801][com.java.SeleniumDriver] [  812] - Datavalue is----------2
[INFO ][2015-11-09 13:03:43,801][com.java.SeleniumDriver] [  836] - DataField : BTNG/L
[INFO ][2015-11-09 13:03:43,801][com.java.SeleniumDriver] [  838] - DataValue : 2
[INFO ][2015-11-09 13:03:43,801][com.java.SeleniumDriver] [  844] - <In Set values of the page>
[INFO ][2015-11-09 13:03:43,801][com.java.SeleniumDriver] [  847] - {Data Fields & Data Values Exist}
[INFO ][2015-11-09 13:03:43,801][com.java.SeleniumDriver] [  849] - --------------------------setting values-----------------------------
[INFO ][2015-11-09 13:03:43,801][com.java.SeleniumDriver] [  852] - Action Type : WAITFORELEMENT
[INFO ][2015-11-09 13:03:43,848][com.java.SeleniumDriver] [  861] -  RESULT true
[INFO ][2015-11-09 13:03:43,848][com.java.SeleniumDriver] [ 1066] - ?   P A S S   ?
[INFO ][2015-11-09 13:03:43,848][com.java.SeleniumDriver] [  788] - ------------------------------------------
[INFO ][2015-11-09 13:03:43,848][com.java.SeleniumDriver] [  789] - Test case being Executed: 10
[INFO ][2015-11-09 13:03:43,848][com.java.SeleniumDriver] [  800] - Test step:7
[INFO ][2015-11-09 13:03:43,848][com.java.SeleniumDriver] [  812] - Datavalue is----------null
[DEBUG][2015-11-09 13:03:43,848][com.java.SeleniumDriver] [  830] - Exception: null
[INFO ][2015-11-09 13:03:43,848][com.java.SeleniumDriver] [  836] - DataField : //span[@class="icon-coin"]&&//a[text()='Balance Sheet']&&//a[@data-id="BSCompare"]
[INFO ][2015-11-09 13:03:43,848][com.java.SeleniumDriver] [  838] - DataValue : 
[INFO ][2015-11-09 13:03:43,848][com.java.SeleniumDriver] [  844] - <In Set values of the page>
[INFO ][2015-11-09 13:03:43,848][com.java.SeleniumDriver] [  847] - {Data Fields & Data Values Exist}
[INFO ][2015-11-09 13:03:43,848][com.java.SeleniumDriver] [  849] - --------------------------setting values-----------------------------
[INFO ][2015-11-09 13:03:43,848][com.java.SeleniumDriver] [  852] - Action Type : MOUSEOVER
[INFO ][2015-11-09 13:03:58,300][com.java.SeleniumDriver] [  861] -  RESULT true
[INFO ][2015-11-09 13:03:58,300][com.java.SeleniumDriver] [ 1066] - ?   P A S S   ?
[INFO ][2015-11-09 13:03:58,300][com.java.SeleniumDriver] [  788] - ------------------------------------------
[INFO ][2015-11-09 13:03:58,300][com.java.SeleniumDriver] [  789] - Test case being Executed: 10
[INFO ][2015-11-09 13:03:58,300][com.java.SeleniumDriver] [  800] - Test step:8
[INFO ][2015-11-09 13:03:58,300][com.java.SeleniumDriver] [  812] - Datavalue is----------2
[INFO ][2015-11-09 13:03:58,300][com.java.SeleniumDriver] [  836] - DataField : XPH//span[contains(text(),'Show Report')]
[INFO ][2015-11-09 13:03:58,300][com.java.SeleniumDriver] [  838] - DataValue : 2
[INFO ][2015-11-09 13:03:58,300][com.java.SeleniumDriver] [  844] - <In Set values of the page>
[INFO ][2015-11-09 13:03:58,300][com.java.SeleniumDriver] [  847] - {Data Fields & Data Values Exist}
[INFO ][2015-11-09 13:03:58,300][com.java.SeleniumDriver] [  849] - --------------------------setting values-----------------------------
[INFO ][2015-11-09 13:03:58,300][com.java.SeleniumDriver] [  852] - Action Type : WAITFORELEMENT
[INFO ][2015-11-09 13:03:58,333][com.java.SeleniumDriver] [  861] -  RESULT true
[INFO ][2015-11-09 13:03:58,333][com.java.SeleniumDriver] [ 1066] - ?   P A S S   ?
[INFO ][2015-11-09 13:03:58,333][com.java.SeleniumDriver] [  788] - ------------------------------------------
[INFO ][2015-11-09 13:03:58,333][com.java.SeleniumDriver] [  789] - Test case being Executed: 10
[INFO ][2015-11-09 13:03:58,335][com.java.SeleniumDriver] [  800] - Test step:9
[INFO ][2015-11-09 13:03:58,335][com.java.SeleniumDriver] [  812] - Datavalue is----------frameDialogContent
[INFO ][2015-11-09 13:03:58,335][com.java.SeleniumDriver] [  836] - DataField : BTN
[INFO ][2015-11-09 13:03:58,335][com.java.SeleniumDriver] [  838] - DataValue : frameDialogContent
[INFO ][2015-11-09 13:03:58,335][com.java.SeleniumDriver] [  844] - <In Set values of the page>
[INFO ][2015-11-09 13:03:58,335][com.java.SeleniumDriver] [  847] - {Data Fields & Data Values Exist}
[INFO ][2015-11-09 13:03:58,335][com.java.SeleniumDriver] [  849] - --------------------------setting values-----------------------------
[INFO ][2015-11-09 13:03:58,335][com.java.SeleniumDriver] [  852] - Action Type : SELECTFRAMEBYNAME
[INFO ][2015-11-09 13:03:58,335][com.java.TestType] [ 4075] - value = frameDialogContent
[INFO ][2015-11-09 13:03:58,400][com.java.SeleniumDriver] [  861] -  RESULT true
[INFO ][2015-11-09 13:03:58,400][com.java.SeleniumDriver] [ 1066] - ?   P A S S   ?
[INFO ][2015-11-09 13:03:58,400][com.java.SeleniumDriver] [  788] - ------------------------------------------
[INFO ][2015-11-09 13:03:58,400][com.java.SeleniumDriver] [  789] - Test case being Executed: 10
[INFO ][2015-11-09 13:03:58,400][com.java.SeleniumDriver] [  800] - Test step:10
[INFO ][2015-11-09 13:03:58,400][com.java.SeleniumDriver] [  812] - Datavalue is----------null
[DEBUG][2015-11-09 13:03:58,400][com.java.SeleniumDriver] [  830] - Exception: null
[INFO ][2015-11-09 13:03:58,400][com.java.SeleniumDriver] [  836] - DataField : BTNcbExpandCenters
[INFO ][2015-11-09 13:03:58,400][com.java.SeleniumDriver] [  838] - DataValue : 
[INFO ][2015-11-09 13:03:58,400][com.java.SeleniumDriver] [  844] - <In Set values of the page>
[INFO ][2015-11-09 13:03:58,400][com.java.SeleniumDriver] [  847] - {Data Fields & Data Values Exist}
[INFO ][2015-11-09 13:03:58,400][com.java.SeleniumDriver] [  849] - --------------------------setting values-----------------------------
[INFO ][2015-11-09 13:03:58,400][com.java.SeleniumDriver] [  852] - Action Type : CLICK
[INFO ][2015-11-09 13:03:58,400][com.java.TestType] [ 4388] - Field ::BTNcbExpandCenters
[INFO ][2015-11-09 13:03:59,400][com.java.TestType] [ 4426] - BEFORE CLICK
[INFO ][2015-11-09 13:04:00,597][com.java.TestType] [ 4433] - Unable to click the object Expand Columns checkbox
[INFO ][2015-11-09 13:04:00,597][com.java.SeleniumDriver] [  861] -  RESULT true
[INFO ][2015-11-09 13:04:00,597][com.java.SeleniumDriver] [ 1066] - ?   P A S S   ?
[INFO ][2015-11-09 13:04:00,597][com.java.SeleniumDriver] [  788] - ------------------------------------------
[INFO ][2015-11-09 13:04:00,597][com.java.SeleniumDriver] [  789] - Test case being Executed: 10
[INFO ][2015-11-09 13:04:00,597][com.java.SeleniumDriver] [  800] - Test step:11
[INFO ][2015-11-09 13:04:00,597][com.java.SeleniumDriver] [  812] - Datavalue is----------null
[DEBUG][2015-11-09 13:04:00,597][com.java.SeleniumDriver] [  830] - Exception: null
[INFO ][2015-11-09 13:04:00,597][com.java.SeleniumDriver] [  836] - DataField : BTNparent
[INFO ][2015-11-09 13:04:00,597][com.java.SeleniumDriver] [  838] - DataValue : 
[INFO ][2015-11-09 13:04:00,597][com.java.SeleniumDriver] [  844] - <In Set values of the page>
[INFO ][2015-11-09 13:04:00,597][com.java.SeleniumDriver] [  847] - {Data Fields & Data Values Exist}
[INFO ][2015-11-09 13:04:00,597][com.java.SeleniumDriver] [  849] - --------------------------setting values-----------------------------
[INFO ][2015-11-09 13:04:00,597][com.java.SeleniumDriver] [  852] - Action Type : SELECTFRAME
[INFO ][2015-11-09 13:04:00,609][com.java.SeleniumDriver] [  861] -  RESULT true
[INFO ][2015-11-09 13:04:00,609][com.java.SeleniumDriver] [ 1066] - ?   P A S S   ?
[INFO ][2015-11-09 13:04:00,609][com.java.SeleniumDriver] [  788] - ------------------------------------------
[INFO ][2015-11-09 13:04:00,609][com.java.SeleniumDriver] [  789] - Test case being Executed: 10
[INFO ][2015-11-09 13:04:00,609][com.java.SeleniumDriver] [  800] - Test step:12
[INFO ][2015-11-09 13:04:00,609][com.java.SeleniumDriver] [  812] - Datavalue is----------null
[DEBUG][2015-11-09 13:04:00,609][com.java.SeleniumDriver] [  830] - Exception: null
[INFO ][2015-11-09 13:04:00,609][com.java.SeleniumDriver] [  836] - DataField : XPH//span[contains(text(),'Show Report')]
[INFO ][2015-11-09 13:04:00,609][com.java.SeleniumDriver] [  838] - DataValue : 
[INFO ][2015-11-09 13:04:00,609][com.java.SeleniumDriver] [  844] - <In Set values of the page>
[INFO ][2015-11-09 13:04:00,609][com.java.SeleniumDriver] [  847] - {Data Fields & Data Values Exist}
[INFO ][2015-11-09 13:04:00,609][com.java.SeleniumDriver] [  849] - --------------------------setting values-----------------------------
[INFO ][2015-11-09 13:04:00,609][com.java.SeleniumDriver] [  852] - Action Type : CLICK
[INFO ][2015-11-09 13:04:00,609][com.java.TestType] [ 4388] - Field ::XPH//span[contains(text(),'Show Report')]
[INFO ][2015-11-09 13:04:01,609][com.java.TestType] [ 4447] - BEFORE CLICK
[INFO ][2015-11-09 13:04:03,004][com.java.TestType] [ 4455] - Unable to click the object Show Report button
[INFO ][2015-11-09 13:04:03,004][com.java.SeleniumDriver] [  861] -  RESULT true
[INFO ][2015-11-09 13:04:03,004][com.java.SeleniumDriver] [ 1066] - ?   P A S S   ?
[INFO ][2015-11-09 13:04:03,004][com.java.SeleniumDriver] [  788] - ------------------------------------------
[INFO ][2015-11-09 13:04:03,004][com.java.SeleniumDriver] [  789] - Test case being Executed: 10
[INFO ][2015-11-09 13:04:03,004][com.java.SeleniumDriver] [  800] - Test step:13
[INFO ][2015-11-09 13:04:03,004][com.java.SeleniumDriver] [  812] - Datavalue is----------2
[INFO ][2015-11-09 13:04:03,004][com.java.SeleniumDriver] [  836] - DataField : XPH//td[@class='ReportTitle']
[INFO ][2015-11-09 13:04:03,004][com.java.SeleniumDriver] [  838] - DataValue : 2
[INFO ][2015-11-09 13:04:03,004][com.java.SeleniumDriver] [  844] - <In Set values of the page>
[INFO ][2015-11-09 13:04:03,004][com.java.SeleniumDriver] [  847] - {Data Fields & Data Values Exist}
[INFO ][2015-11-09 13:04:03,004][com.java.SeleniumDriver] [  849] - --------------------------setting values-----------------------------
[INFO ][2015-11-09 13:04:03,004][com.java.SeleniumDriver] [  852] - Action Type : WAITFORELEMENT
[INFO ][2015-11-09 13:04:05,211][com.java.SeleniumDriver] [  861] -  RESULT true
[INFO ][2015-11-09 13:04:05,211][com.java.SeleniumDriver] [ 1066] - ?   P A S S   ?
[INFO ][2015-11-09 13:04:05,211][com.java.SeleniumDriver] [  788] - ------------------------------------------
[INFO ][2015-11-09 13:04:05,211][com.java.SeleniumDriver] [  789] - Test case being Executed: 10
[INFO ][2015-11-09 13:04:05,211][com.java.SeleniumDriver] [  800] - Test step:14
[INFO ][2015-11-09 13:04:05,211][com.java.SeleniumDriver] [  812] - Datavalue is----------td:BSCompare
[INFO ][2015-11-09 13:04:05,211][com.java.SeleniumDriver] [  836] - DataField : XPH//td[@class='ReportTitle']
[INFO ][2015-11-09 13:04:05,211][com.java.SeleniumDriver] [  838] - DataValue : td:BSCompare
[INFO ][2015-11-09 13:04:05,213][com.java.SeleniumDriver] [  844] - <In Set values of the page>
[INFO ][2015-11-09 13:04:05,213][com.java.SeleniumDriver] [  847] - {Data Fields & Data Values Exist}
[INFO ][2015-11-09 13:04:05,213][com.java.SeleniumDriver] [  849] - --------------------------setting values-----------------------------
[INFO ][2015-11-09 13:04:05,213][com.java.SeleniumDriver] [  852] - Action Type : VERIFY
[INFO ][2015-11-09 13:04:05,213][com.java.TestType] [ 5201] - field= XPH//td[@class='ReportTitle'] value= td:BSCompare
[INFO ][2015-11-09 13:04:05,213][com.java.TestType] [ 4075] - value = 
[INFO ][2015-11-09 13:04:05,319][com.java.SeleniumDriver] [  861] -  RESULT true
[INFO ][2015-11-09 13:04:05,319][com.java.SeleniumDriver] [ 1066] - ?   P A S S   ?
[INFO ][2015-11-09 13:04:05,319][com.java.SeleniumDriver] [  788] - ------------------------------------------
[INFO ][2015-11-09 13:04:05,319][com.java.SeleniumDriver] [  789] - Test case being Executed: 10
[INFO ][2015-11-09 13:04:05,319][com.java.SeleniumDriver] [  800] - Test step:15
[INFO ][2015-11-09 13:04:05,319][com.java.SeleniumDriver] [  812] - Datavalue is----------//table[@id='ReportTable2']/tbody/tr
[INFO ][2015-11-09 13:04:05,319][com.java.SeleniumDriver] [  836] - DataField : BTN
[INFO ][2015-11-09 13:04:05,319][com.java.SeleniumDriver] [  838] - DataValue : //table[@id='ReportTable2']/tbody/tr
[INFO ][2015-11-09 13:04:05,319][com.java.SeleniumDriver] [  844] - <In Set values of the page>
[INFO ][2015-11-09 13:04:05,319][com.java.SeleniumDriver] [  847] - {Data Fields & Data Values Exist}
[INFO ][2015-11-09 13:04:05,319][com.java.SeleniumDriver] [  849] - --------------------------setting values-----------------------------
[INFO ][2015-11-09 13:04:05,319][com.java.SeleniumDriver] [  852] - Action Type : VERIFY
[INFO ][2015-11-09 13:04:05,319][com.java.TestType] [ 5201] - field= BTN value= //table[@id='ReportTable2']/tbody/tr
[INFO ][2015-11-09 13:04:05,319][com.java.TestType] [ 4075] - value = //table[@id='ReportTable2']/tbody/tr
[INFO ][2015-11-09 13:04:05,352][com.java.SeleniumDriver] [  861] -  RESULT true
[INFO ][2015-11-09 13:04:05,352][com.java.SeleniumDriver] [ 1066] - ?   P A S S   ?
[INFO ][2015-11-09 13:04:05,352][com.java.SeleniumDriver] [  788] - ------------------------------------------
[INFO ][2015-11-09 13:04:05,352][com.java.SeleniumDriver] [  789] - Test case being Executed: 10
[INFO ][2015-11-09 13:04:05,352][com.java.SeleniumDriver] [  800] - Test step:16
[INFO ][2015-11-09 13:04:05,352][com.java.SeleniumDriver] [  812] - Datavalue is----------null
[DEBUG][2015-11-09 13:04:05,352][com.java.SeleniumDriver] [  830] - Exception: null
[INFO ][2015-11-09 13:04:05,352][com.java.SeleniumDriver] [  836] - DataField : BTNdImage2-0
[INFO ][2015-11-09 13:04:05,352][com.java.SeleniumDriver] [  838] - DataValue : 
[INFO ][2015-11-09 13:04:05,352][com.java.SeleniumDriver] [  844] - <In Set values of the page>
[INFO ][2015-11-09 13:04:05,352][com.java.SeleniumDriver] [  847] - {Data Fields & Data Values Exist}
[INFO ][2015-11-09 13:04:05,352][com.java.SeleniumDriver] [  849] - --------------------------setting values-----------------------------
[INFO ][2015-11-09 13:04:05,352][com.java.SeleniumDriver] [  852] - Action Type : CLICK
[INFO ][2015-11-09 13:04:05,352][com.java.TestType] [ 4388] - Field ::BTNdImage2-0
[INFO ][2015-11-09 13:04:06,352][com.java.TestType] [ 4426] - BEFORE CLICK
[INFO ][2015-11-09 13:04:07,765][com.java.TestType] [ 4433] - Unable to click the object Expand button
[INFO ][2015-11-09 13:04:07,765][com.java.SeleniumDriver] [  861] -  RESULT true
[INFO ][2015-11-09 13:04:07,765][com.java.SeleniumDriver] [ 1066] - ?   P A S S   ?
[INFO ][2015-11-09 13:04:07,765][com.java.SeleniumDriver] [  788] - ------------------------------------------
[INFO ][2015-11-09 13:04:07,765][com.java.SeleniumDriver] [  789] - Test case being Executed: 10
[INFO ][2015-11-09 13:04:07,765][com.java.SeleniumDriver] [  800] - Test step:17
[INFO ][2015-11-09 13:04:07,765][com.java.SeleniumDriver] [  812] - Datavalue is----------Eliminations
[INFO ][2015-11-09 13:04:07,765][com.java.SeleniumDriver] [  836] - DataField : XPH//b[text()='Eliminations']
[INFO ][2015-11-09 13:04:07,765][com.java.SeleniumDriver] [  838] - DataValue : Eliminations
[INFO ][2015-11-09 13:04:07,765][com.java.SeleniumDriver] [  844] - <In Set values of the page>
[INFO ][2015-11-09 13:04:07,765][com.java.SeleniumDriver] [  847] - {Data Fields & Data Values Exist}
[INFO ][2015-11-09 13:04:07,765][com.java.SeleniumDriver] [  849] - --------------------------setting values-----------------------------
[INFO ][2015-11-09 13:04:07,765][com.java.SeleniumDriver] [  852] - Action Type : VERIFY
[INFO ][2015-11-09 13:04:07,765][com.java.TestType] [ 5201] - field= XPH//b[text()='Eliminations'] value= Eliminations
[INFO ][2015-11-09 13:04:07,765][com.java.TestType] [ 4075] - value = Eliminations
[INFO ][2015-11-09 13:04:07,873][com.java.SeleniumDriver] [  861] -  RESULT true
[INFO ][2015-11-09 13:04:07,873][com.java.SeleniumDriver] [ 1066] - ?   P A S S   ?
[INFO ][2015-11-09 13:04:07,873][com.java.SeleniumDriver] [  788] - ------------------------------------------
[INFO ][2015-11-09 13:04:07,875][com.java.SeleniumDriver] [  789] - Test case being Executed: 10
[INFO ][2015-11-09 13:04:07,875][com.java.SeleniumDriver] [  800] - Test step:18
[INFO ][2015-11-09 13:04:07,875][com.java.SeleniumDriver] [  812] - Datavalue is----------null
[DEBUG][2015-11-09 13:04:07,875][com.java.SeleniumDriver] [  830] - Exception: null
[INFO ][2015-11-09 13:04:07,875][com.java.SeleniumDriver] [  836] - DataField : BTNdImage2-0
[INFO ][2015-11-09 13:04:07,875][com.java.SeleniumDriver] [  838] - DataValue : 
[INFO ][2015-11-09 13:04:07,875][com.java.SeleniumDriver] [  844] - <In Set values of the page>
[INFO ][2015-11-09 13:04:07,875][com.java.SeleniumDriver] [  847] - {Data Fields & Data Values Exist}
[INFO ][2015-11-09 13:04:07,875][com.java.SeleniumDriver] [  849] - --------------------------setting values-----------------------------
[INFO ][2015-11-09 13:04:07,875][com.java.SeleniumDriver] [  852] - Action Type : CLICK
[INFO ][2015-11-09 13:04:07,875][com.java.TestType] [ 4388] - Field ::BTNdImage2-0
[INFO ][2015-11-09 13:04:08,875][com.java.TestType] [ 4426] - BEFORE CLICK
[INFO ][2015-11-09 13:04:10,281][com.java.TestType] [ 4433] - Unable to click the object Collapse button
[INFO ][2015-11-09 13:04:10,281][com.java.SeleniumDriver] [  861] -  RESULT true
[INFO ][2015-11-09 13:04:10,281][com.java.SeleniumDriver] [ 1066] - ?   P A S S   ?
[INFO ][2015-11-09 13:04:10,281][com.java.SeleniumDriver] [  788] - ------------------------------------------
[INFO ][2015-11-09 13:04:10,281][com.java.SeleniumDriver] [  789] - Test case being Executed: 10
[INFO ][2015-11-09 13:04:10,281][com.java.SeleniumDriver] [  800] - Test step:19
[INFO ][2015-11-09 13:04:10,281][com.java.SeleniumDriver] [  812] - Datavalue is----------null
[DEBUG][2015-11-09 13:04:10,281][com.java.SeleniumDriver] [  830] - Exception: null
[INFO ][2015-11-09 13:04:10,281][com.java.SeleniumDriver] [  836] - DataField : BTNdImage2-1
[INFO ][2015-11-09 13:04:10,281][com.java.SeleniumDriver] [  838] - DataValue : 
[INFO ][2015-11-09 13:04:10,284][com.java.SeleniumDriver] [  844] - <In Set values of the page>
[INFO ][2015-11-09 13:04:10,284][com.java.SeleniumDriver] [  847] - {Data Fields & Data Values Exist}
[INFO ][2015-11-09 13:04:10,284][com.java.SeleniumDriver] [  849] - --------------------------setting values-----------------------------
[INFO ][2015-11-09 13:04:10,284][com.java.SeleniumDriver] [  852] - Action Type : CLICK
[INFO ][2015-11-09 13:04:10,284][com.java.TestType] [ 4388] - Field ::BTNdImage2-1
[INFO ][2015-11-09 13:04:11,284][com.java.TestType] [ 4426] - BEFORE CLICK
[INFO ][2015-11-09 13:04:12,687][com.java.TestType] [ 4433] - Unable to click the object Expand button
[INFO ][2015-11-09 13:04:12,687][com.java.SeleniumDriver] [  861] -  RESULT true
[INFO ][2015-11-09 13:04:12,687][com.java.SeleniumDriver] [ 1066] - ?   P A S S   ?
[INFO ][2015-11-09 13:04:12,687][com.java.SeleniumDriver] [  788] - ------------------------------------------
[INFO ][2015-11-09 13:04:12,687][com.java.SeleniumDriver] [  789] - Test case being Executed: 10
[INFO ][2015-11-09 13:04:12,687][com.java.SeleniumDriver] [  800] - Test step:20
[INFO ][2015-11-09 13:04:12,687][com.java.SeleniumDriver] [  812] - Datavalue is----------Eliminations
[INFO ][2015-11-09 13:04:12,687][com.java.SeleniumDriver] [  836] - DataField : MSG
[INFO ][2015-11-09 13:04:12,687][com.java.SeleniumDriver] [  838] - DataValue : Eliminations
[INFO ][2015-11-09 13:04:12,687][com.java.SeleniumDriver] [  844] - <In Set values of the page>
[INFO ][2015-11-09 13:04:12,687][com.java.SeleniumDriver] [  847] - {Data Fields & Data Values Exist}
[INFO ][2015-11-09 13:04:12,687][com.java.SeleniumDriver] [  849] - --------------------------setting values-----------------------------
[INFO ][2015-11-09 13:04:12,687][com.java.SeleniumDriver] [  852] - Action Type : VERIFY
[INFO ][2015-11-09 13:04:12,687][com.java.TestType] [ 5201] - field= MSG value= Eliminations
[INFO ][2015-11-09 13:04:12,687][com.java.TestType] [ 4075] - value = Eliminations
[DEBUG][2015-11-09 13:04:12,687][com.java.TestType] [ 5778] - value :: Eliminations
[INFO ][2015-11-09 13:04:12,745][com.java.SeleniumDriver] [  861] -  RESULT true
[INFO ][2015-11-09 13:04:12,745][com.java.SeleniumDriver] [ 1066] - ?   P A S S   ?
[INFO ][2015-11-09 13:04:12,745][com.java.SeleniumDriver] [  788] - ------------------------------------------
[INFO ][2015-11-09 13:04:12,745][com.java.SeleniumDriver] [  789] - Test case being Executed: 10
[INFO ][2015-11-09 13:04:12,745][com.java.SeleniumDriver] [  800] - Test step:21
[INFO ][2015-11-09 13:04:12,745][com.java.SeleniumDriver] [  812] - Datavalue is----------null
[DEBUG][2015-11-09 13:04:12,745][com.java.SeleniumDriver] [  830] - Exception: null
[INFO ][2015-11-09 13:04:12,745][com.java.SeleniumDriver] [  836] - DataField : BTNdImage2-1
[INFO ][2015-11-09 13:04:12,745][com.java.SeleniumDriver] [  838] - DataValue : 
[INFO ][2015-11-09 13:04:12,745][com.java.SeleniumDriver] [  844] - <In Set values of the page>
[INFO ][2015-11-09 13:04:12,745][com.java.SeleniumDriver] [  847] - {Data Fields & Data Values Exist}
[INFO ][2015-11-09 13:04:12,745][com.java.SeleniumDriver] [  849] - --------------------------setting values-----------------------------
[INFO ][2015-11-09 13:04:12,745][com.java.SeleniumDriver] [  852] - Action Type : CLICK
[INFO ][2015-11-09 13:04:12,745][com.java.TestType] [ 4388] - Field ::BTNdImage2-1
[INFO ][2015-11-09 13:04:13,745][com.java.TestType] [ 4426] - BEFORE CLICK
[INFO ][2015-11-09 13:04:15,118][com.java.TestType] [ 4433] - Unable to click the object Collapse button
[INFO ][2015-11-09 13:04:15,118][com.java.SeleniumDriver] [  861] -  RESULT true
[INFO ][2015-11-09 13:04:15,118][com.java.SeleniumDriver] [ 1066] - ?   P A S S   ?
[INFO ][2015-11-09 13:04:15,118][com.java.SeleniumDriver] [  788] - ------------------------------------------
[INFO ][2015-11-09 13:04:15,118][com.java.SeleniumDriver] [  789] - Test case being Executed: 10
[INFO ][2015-11-09 13:04:15,118][com.java.SeleniumDriver] [  800] - Test step:22
[INFO ][2015-11-09 13:04:15,118][com.java.SeleniumDriver] [  812] - Datavalue is----------PFC
[INFO ][2015-11-09 13:04:15,118][com.java.SeleniumDriver] [  836] - DataField : BNK//select[@id='bank']
[INFO ][2015-11-09 13:04:15,118][com.java.SeleniumDriver] [  838] - DataValue : PFC
[INFO ][2015-11-09 13:04:15,118][com.java.SeleniumDriver] [  844] - <In Set values of the page>
[INFO ][2015-11-09 13:04:15,118][com.java.SeleniumDriver] [  847] - {Data Fields & Data Values Exist}
[INFO ][2015-11-09 13:04:15,118][com.java.SeleniumDriver] [  849] - --------------------------setting values-----------------------------
[INFO ][2015-11-09 13:04:15,118][com.java.SeleniumDriver] [  852] - Action Type : SELECT
[INFO ][2015-11-09 13:04:15,118][com.java.TestType] [ 4075] - value = PFC
[INFO ][2015-11-09 13:04:15,408][com.java.SeleniumDriver] [  861] -  RESULT true
[INFO ][2015-11-09 13:04:15,408][com.java.SeleniumDriver] [ 1066] - ?   P A S S   ?
[INFO ][2015-11-09 13:04:15,408][com.java.SeleniumDriver] [  788] - ------------------------------------------
[INFO ][2015-11-09 13:04:15,408][com.java.SeleniumDriver] [  789] - Test case being Executed: 10
[INFO ][2015-11-09 13:04:15,408][com.java.SeleniumDriver] [  800] - Test step:23
[INFO ][2015-11-09 13:04:15,408][com.java.SeleniumDriver] [  812] - Datavalue is----------4
[INFO ][2015-11-09 13:04:15,408][com.java.SeleniumDriver] [  836] - DataField : BTNG/L
[INFO ][2015-11-09 13:04:15,408][com.java.SeleniumDriver] [  838] - DataValue : 4
[INFO ][2015-11-09 13:04:15,408][com.java.SeleniumDriver] [  844] - <In Set values of the page>
[INFO ][2015-11-09 13:04:15,408][com.java.SeleniumDriver] [  847] - {Data Fields & Data Values Exist}
[INFO ][2015-11-09 13:04:15,408][com.java.SeleniumDriver] [  849] - --------------------------setting values-----------------------------
[INFO ][2015-11-09 13:04:15,408][com.java.SeleniumDriver] [  852] - Action Type : WAITFORELEMENT
[INFO ][2015-11-09 13:04:15,451][com.java.SeleniumDriver] [  861] -  RESULT true
[INFO ][2015-11-09 13:04:15,451][com.java.SeleniumDriver] [ 1066] - ?   P A S S   ?
[INFO ][2015-11-09 13:04:15,451][com.java.SeleniumDriver] [  788] - ------------------------------------------
[INFO ][2015-11-09 13:04:15,451][com.java.SeleniumDriver] [  789] - Test case being Executed: 10
[INFO ][2015-11-09 13:04:15,451][com.java.SeleniumDriver] [  800] - Test step:24
[INFO ][2015-11-09 13:04:15,451][com.java.SeleniumDriver] [  812] - Datavalue is----------null
[DEBUG][2015-11-09 13:04:15,451][com.java.SeleniumDriver] [  830] - Exception: null
[INFO ][2015-11-09 13:04:15,451][com.java.SeleniumDriver] [  836] - DataField : //span[@class="icon-coin"]&&//a[text()='Balance Sheet']&&//a[@data-id="BSCompare"]
[INFO ][2015-11-09 13:04:15,451][com.java.SeleniumDriver] [  838] - DataValue : 
[INFO ][2015-11-09 13:04:15,451][com.java.SeleniumDriver] [  844] - <In Set values of the page>
[INFO ][2015-11-09 13:04:15,451][com.java.SeleniumDriver] [  847] - {Data Fields & Data Values Exist}
[INFO ][2015-11-09 13:04:15,451][com.java.SeleniumDriver] [  849] - --------------------------setting values-----------------------------
[INFO ][2015-11-09 13:04:15,451][com.java.SeleniumDriver] [  852] - Action Type : MOUSEOVER
[INFO ][2015-11-09 13:04:30,916][com.java.SeleniumDriver] [  861] -  RESULT true
[INFO ][2015-11-09 13:04:30,916][com.java.SeleniumDriver] [ 1066] - ?   P A S S   ?
[INFO ][2015-11-09 13:04:30,916][com.java.SeleniumDriver] [  788] - ------------------------------------------
[INFO ][2015-11-09 13:04:30,916][com.java.SeleniumDriver] [  789] - Test case being Executed: 10
[INFO ][2015-11-09 13:04:30,916][com.java.SeleniumDriver] [  800] - Test step:25
[INFO ][2015-11-09 13:04:30,916][com.java.SeleniumDriver] [  812] - Datavalue is----------2
[INFO ][2015-11-09 13:04:30,916][com.java.SeleniumDriver] [  836] - DataField : XPH//span[contains(text(),'Show Report')]
[INFO ][2015-11-09 13:04:30,916][com.java.SeleniumDriver] [  838] - DataValue : 2
[INFO ][2015-11-09 13:04:30,916][com.java.SeleniumDriver] [  844] - <In Set values of the page>
[INFO ][2015-11-09 13:04:30,916][com.java.SeleniumDriver] [  847] - {Data Fields & Data Values Exist}
[INFO ][2015-11-09 13:04:30,916][com.java.SeleniumDriver] [  849] - --------------------------setting values-----------------------------
[INFO ][2015-11-09 13:04:30,916][com.java.SeleniumDriver] [  852] - Action Type : WAITFORELEMENT
[INFO ][2015-11-09 13:04:30,947][com.java.SeleniumDriver] [  861] -  RESULT true
[INFO ][2015-11-09 13:04:30,947][com.java.SeleniumDriver] [ 1066] - ?   P A S S   ?
[INFO ][2015-11-09 13:04:30,947][com.java.SeleniumDriver] [  788] - ------------------------------------------
[INFO ][2015-11-09 13:04:30,947][com.java.SeleniumDriver] [  789] - Test case being Executed: 10
[INFO ][2015-11-09 13:04:30,947][com.java.SeleniumDriver] [  800] - Test step:26
[INFO ][2015-11-09 13:04:30,947][com.java.SeleniumDriver] [  812] - Datavalue is----------frameDialogContent
[INFO ][2015-11-09 13:04:30,947][com.java.SeleniumDriver] [  836] - DataField : BTN
[INFO ][2015-11-09 13:04:30,947][com.java.SeleniumDriver] [  838] - DataValue : frameDialogContent
[INFO ][2015-11-09 13:04:30,947][com.java.SeleniumDriver] [  844] - <In Set values of the page>
[INFO ][2015-11-09 13:04:30,947][com.java.SeleniumDriver] [  847] - {Data Fields & Data Values Exist}
[INFO ][2015-11-09 13:04:30,947][com.java.SeleniumDriver] [  849] - --------------------------setting values-----------------------------
[INFO ][2015-11-09 13:04:30,947][com.java.SeleniumDriver] [  852] - Action Type : SELECTFRAMEBYNAME
[INFO ][2015-11-09 13:04:30,947][com.java.TestType] [ 4075] - value = frameDialogContent
[INFO ][2015-11-09 13:04:31,025][com.java.SeleniumDriver] [  861] -  RESULT true
[INFO ][2015-11-09 13:04:31,025][com.java.SeleniumDriver] [ 1066] - ?   P A S S   ?
[INFO ][2015-11-09 13:04:31,025][com.java.SeleniumDriver] [  788] - ------------------------------------------
[INFO ][2015-11-09 13:04:31,025][com.java.SeleniumDriver] [  789] - Test case being Executed: 10
[INFO ][2015-11-09 13:04:31,025][com.java.SeleniumDriver] [  800] - Test step:27
[INFO ][2015-11-09 13:04:31,025][com.java.SeleniumDriver] [  812] - Datavalue is----------null
[DEBUG][2015-11-09 13:04:31,025][com.java.SeleniumDriver] [  830] - Exception: null
[INFO ][2015-11-09 13:04:31,025][com.java.SeleniumDriver] [  836] - DataField : BTNcbExpandCenters
[INFO ][2015-11-09 13:04:31,025][com.java.SeleniumDriver] [  838] - DataValue : 
[INFO ][2015-11-09 13:04:31,025][com.java.SeleniumDriver] [  844] - <In Set values of the page>
[INFO ][2015-11-09 13:04:31,025][com.java.SeleniumDriver] [  847] - {Data Fields & Data Values Exist}
[INFO ][2015-11-09 13:04:31,025][com.java.SeleniumDriver] [  849] - --------------------------setting values-----------------------------
[INFO ][2015-11-09 13:04:31,025][com.java.SeleniumDriver] [  852] - Action Type : CLICK
[INFO ][2015-11-09 13:04:31,025][com.java.TestType] [ 4388] - Field ::BTNcbExpandCenters
[INFO ][2015-11-09 13:04:32,039][com.java.TestType] [ 4426] - BEFORE CLICK
[INFO ][2015-11-09 13:04:33,304][com.java.TestType] [ 4433] - Unable to click the object Expand Columns checkbox
[INFO ][2015-11-09 13:04:33,304][com.java.SeleniumDriver] [  861] -  RESULT true
[INFO ][2015-11-09 13:04:33,304][com.java.SeleniumDriver] [ 1066] - ?   P A S S   ?
[INFO ][2015-11-09 13:04:33,304][com.java.SeleniumDriver] [  788] - ------------------------------------------
[INFO ][2015-11-09 13:04:33,304][com.java.SeleniumDriver] [  789] - Test case being Executed: 10
[INFO ][2015-11-09 13:04:33,304][com.java.SeleniumDriver] [  800] - Test step:28
[INFO ][2015-11-09 13:04:33,304][com.java.SeleniumDriver] [  812] - Datavalue is----------null
[DEBUG][2015-11-09 13:04:33,304][com.java.SeleniumDriver] [  830] - Exception: null
[INFO ][2015-11-09 13:04:33,304][com.java.SeleniumDriver] [  836] - DataField : BTNparent
[INFO ][2015-11-09 13:04:33,304][com.java.SeleniumDriver] [  838] - DataValue : 
[INFO ][2015-11-09 13:04:33,304][com.java.SeleniumDriver] [  844] - <In Set values of the page>
[INFO ][2015-11-09 13:04:33,304][com.java.SeleniumDriver] [  847] - {Data Fields & Data Values Exist}
[INFO ][2015-11-09 13:04:33,304][com.java.SeleniumDriver] [  849] - --------------------------setting values-----------------------------
[INFO ][2015-11-09 13:04:33,304][com.java.SeleniumDriver] [  852] - Action Type : SELECTFRAME
[INFO ][2015-11-09 13:04:33,320][com.java.SeleniumDriver] [  861] -  RESULT true
[INFO ][2015-11-09 13:04:33,320][com.java.SeleniumDriver] [ 1066] - ?   P A S S   ?
[INFO ][2015-11-09 13:04:33,320][com.java.SeleniumDriver] [  788] - ------------------------------------------
[INFO ][2015-11-09 13:04:33,320][com.java.SeleniumDriver] [  789] - Test case being Executed: 10
[INFO ][2015-11-09 13:04:33,320][com.java.SeleniumDriver] [  800] - Test step:29
[INFO ][2015-11-09 13:04:33,320][com.java.SeleniumDriver] [  812] - Datavalue is----------null
[DEBUG][2015-11-09 13:04:33,320][com.java.SeleniumDriver] [  830] - Exception: null
[INFO ][2015-11-09 13:04:33,320][com.java.SeleniumDriver] [  836] - DataField : XPH//span[contains(text(),'Show Report')]
[INFO ][2015-11-09 13:04:33,320][com.java.SeleniumDriver] [  838] - DataValue : 
[INFO ][2015-11-09 13:04:33,320][com.java.SeleniumDriver] [  844] - <In Set values of the page>
[INFO ][2015-11-09 13:04:33,320][com.java.SeleniumDriver] [  847] - {Data Fields & Data Values Exist}
[INFO ][2015-11-09 13:04:33,320][com.java.SeleniumDriver] [  849] - --------------------------setting values-----------------------------
[INFO ][2015-11-09 13:04:33,320][com.java.SeleniumDriver] [  852] - Action Type : CLICK
[INFO ][2015-11-09 13:04:33,320][com.java.TestType] [ 4388] - Field ::XPH//span[contains(text(),'Show Report')]
[INFO ][2015-11-09 13:04:34,334][com.java.TestType] [ 4447] - BEFORE CLICK
[INFO ][2015-11-09 13:04:35,753][com.java.TestType] [ 4455] - Unable to click the object Show Report button
[INFO ][2015-11-09 13:04:35,753][com.java.SeleniumDriver] [  861] -  RESULT true
[INFO ][2015-11-09 13:04:35,753][com.java.SeleniumDriver] [ 1066] - ?   P A S S   ?
[INFO ][2015-11-09 13:04:35,753][com.java.SeleniumDriver] [  788] - ------------------------------------------
[INFO ][2015-11-09 13:04:35,753][com.java.SeleniumDriver] [  789] - Test case being Executed: 10
[INFO ][2015-11-09 13:04:35,753][com.java.SeleniumDriver] [  800] - Test step:30
[INFO ][2015-11-09 13:04:35,753][com.java.SeleniumDriver] [  812] - Datavalue is----------2
[INFO ][2015-11-09 13:04:35,753][com.java.SeleniumDriver] [  836] - DataField : XPH//td[@class='ReportTitle']
[INFO ][2015-11-09 13:04:35,753][com.java.SeleniumDriver] [  838] - DataValue : 2
[INFO ][2015-11-09 13:04:35,753][com.java.SeleniumDriver] [  844] - <In Set values of the page>
[INFO ][2015-11-09 13:04:35,753][com.java.SeleniumDriver] [  847] - {Data Fields & Data Values Exist}
[INFO ][2015-11-09 13:04:35,753][com.java.SeleniumDriver] [  849] - --------------------------setting values-----------------------------
[INFO ][2015-11-09 13:04:35,753][com.java.SeleniumDriver] [  852] - Action Type : WAITFORELEMENT
[INFO ][2015-11-09 13:04:36,895][com.java.SeleniumDriver] [  861] -  RESULT true
[INFO ][2015-11-09 13:04:36,895][com.java.SeleniumDriver] [ 1066] - ?   P A S S   ?
[INFO ][2015-11-09 13:04:36,895][com.java.SeleniumDriver] [  788] - ------------------------------------------
[INFO ][2015-11-09 13:04:36,895][com.java.SeleniumDriver] [  789] - Test case being Executed: 10
[INFO ][2015-11-09 13:04:36,895][com.java.SeleniumDriver] [  800] - Test step:31
[INFO ][2015-11-09 13:04:36,895][com.java.SeleniumDriver] [  812] - Datavalue is----------td:BSCompare
[INFO ][2015-11-09 13:04:36,895][com.java.SeleniumDriver] [  836] - DataField : XPH//td[@class='ReportTitle']
[INFO ][2015-11-09 13:04:36,895][com.java.SeleniumDriver] [  838] - DataValue : td:BSCompare
[INFO ][2015-11-09 13:04:36,895][com.java.SeleniumDriver] [  844] - <In Set values of the page>
[INFO ][2015-11-09 13:04:36,895][com.java.SeleniumDriver] [  847] - {Data Fields & Data Values Exist}
[INFO ][2015-11-09 13:04:36,895][com.java.SeleniumDriver] [  849] - --------------------------setting values-----------------------------
[INFO ][2015-11-09 13:04:36,895][com.java.SeleniumDriver] [  852] - Action Type : VERIFY
[INFO ][2015-11-09 13:04:36,895][com.java.TestType] [ 5201] - field= XPH//td[@class='ReportTitle'] value= td:BSCompare
[INFO ][2015-11-09 13:04:36,895][com.java.TestType] [ 4075] - value = 
[INFO ][2015-11-09 13:04:37,145][com.java.SeleniumDriver] [  861] -  RESULT true
[INFO ][2015-11-09 13:04:37,145][com.java.SeleniumDriver] [ 1066] - ?   P A S S   ?
[INFO ][2015-11-09 13:04:37,145][com.java.SeleniumDriver] [  788] - ------------------------------------------
[INFO ][2015-11-09 13:04:37,145][com.java.SeleniumDriver] [  789] - Test case being Executed: 10
[INFO ][2015-11-09 13:04:37,145][com.java.SeleniumDriver] [  800] - Test step:32
[INFO ][2015-11-09 13:04:37,145][com.java.SeleniumDriver] [  812] - Datavalue is----------//table[@id='ReportTable2']/tbody/tr
[INFO ][2015-11-09 13:04:37,145][com.java.SeleniumDriver] [  836] - DataField : BTN
[INFO ][2015-11-09 13:04:37,145][com.java.SeleniumDriver] [  838] - DataValue : //table[@id='ReportTable2']/tbody/tr
[INFO ][2015-11-09 13:04:37,145][com.java.SeleniumDriver] [  844] - <In Set values of the page>
[INFO ][2015-11-09 13:04:37,145][com.java.SeleniumDriver] [  847] - {Data Fields & Data Values Exist}
[INFO ][2015-11-09 13:04:37,145][com.java.SeleniumDriver] [  849] - --------------------------setting values-----------------------------
[INFO ][2015-11-09 13:04:37,145][com.java.SeleniumDriver] [  852] - Action Type : VERIFY
[INFO ][2015-11-09 13:04:37,145][com.java.TestType] [ 5201] - field= BTN value= //table[@id='ReportTable2']/tbody/tr
[INFO ][2015-11-09 13:04:37,145][com.java.TestType] [ 4075] - value = //table[@id='ReportTable2']/tbody/tr
[INFO ][2015-11-09 13:04:37,208][com.java.SeleniumDriver] [  861] -  RESULT true
[INFO ][2015-11-09 13:04:37,208][com.java.SeleniumDriver] [ 1066] - ?   P A S S   ?
[INFO ][2015-11-09 13:04:37,208][com.java.SeleniumDriver] [  788] - ------------------------------------------
[INFO ][2015-11-09 13:04:37,208][com.java.SeleniumDriver] [  789] - Test case being Executed: 10
[INFO ][2015-11-09 13:04:37,208][com.java.SeleniumDriver] [  800] - Test step:33
[INFO ][2015-11-09 13:04:37,208][com.java.SeleniumDriver] [  812] - Datavalue is----------null
[DEBUG][2015-11-09 13:04:37,208][com.java.SeleniumDriver] [  830] - Exception: null
[INFO ][2015-11-09 13:04:37,208][com.java.SeleniumDriver] [  836] - DataField : BTNdImage2-0
[INFO ][2015-11-09 13:04:37,208][com.java.SeleniumDriver] [  838] - DataValue : 
[INFO ][2015-11-09 13:04:37,208][com.java.SeleniumDriver] [  844] - <In Set values of the page>
[INFO ][2015-11-09 13:04:37,208][com.java.SeleniumDriver] [  847] - {Data Fields & Data Values Exist}
[INFO ][2015-11-09 13:04:37,208][com.java.SeleniumDriver] [  849] - --------------------------setting values-----------------------------
[INFO ][2015-11-09 13:04:37,208][com.java.SeleniumDriver] [  852] - Action Type : CLICK
[INFO ][2015-11-09 13:04:37,208][com.java.TestType] [ 4388] - Field ::BTNdImage2-0
[INFO ][2015-11-09 13:04:38,222][com.java.TestType] [ 4426] - BEFORE CLICK
[INFO ][2015-11-09 13:04:39,708][com.java.TestType] [ 4433] - Unable to click the object Expand button
[INFO ][2015-11-09 13:04:39,708][com.java.SeleniumDriver] [  861] -  RESULT true
[INFO ][2015-11-09 13:04:39,708][com.java.SeleniumDriver] [ 1066] - ?   P A S S   ?
[INFO ][2015-11-09 13:04:39,708][com.java.SeleniumDriver] [  788] - ------------------------------------------
[INFO ][2015-11-09 13:04:39,708][com.java.SeleniumDriver] [  789] - Test case being Executed: 10
[INFO ][2015-11-09 13:04:39,708][com.java.SeleniumDriver] [  800] - Test step:34
[INFO ][2015-11-09 13:04:39,708][com.java.SeleniumDriver] [  812] - Datavalue is----------Eliminations
[INFO ][2015-11-09 13:04:39,708][com.java.SeleniumDriver] [  836] - DataField : LNK
[INFO ][2015-11-09 13:04:39,708][com.java.SeleniumDriver] [  838] - DataValue : Eliminations
[INFO ][2015-11-09 13:04:39,708][com.java.SeleniumDriver] [  844] - <In Set values of the page>
[INFO ][2015-11-09 13:04:39,708][com.java.SeleniumDriver] [  847] - {Data Fields & Data Values Exist}
[INFO ][2015-11-09 13:04:39,708][com.java.SeleniumDriver] [  849] - --------------------------setting values-----------------------------
[INFO ][2015-11-09 13:04:39,708][com.java.SeleniumDriver] [  852] - Action Type : VERIFYNOTPRESENT
[INFO ][2015-11-09 13:04:39,708][com.java.TestType] [ 6389] - field= LNK value= Eliminations
[INFO ][2015-11-09 13:04:58,085][com.java.SeleniumDriver] [  861] -  RESULT true
[INFO ][2015-11-09 13:04:58,085][com.java.SeleniumDriver] [ 1066] - ?   P A S S   ?
[INFO ][2015-11-09 13:04:58,085][com.java.SeleniumDriver] [  788] - ------------------------------------------
[INFO ][2015-11-09 13:04:58,085][com.java.SeleniumDriver] [  789] - Test case being Executed: 10
[INFO ][2015-11-09 13:04:58,085][com.java.SeleniumDriver] [  800] - Test step:35
[INFO ][2015-11-09 13:04:58,085][com.java.SeleniumDriver] [  812] - Datavalue is----------null
[DEBUG][2015-11-09 13:04:58,085][com.java.SeleniumDriver] [  830] - Exception: null
[INFO ][2015-11-09 13:04:58,085][com.java.SeleniumDriver] [  836] - DataField : BTNdImage2-0
[INFO ][2015-11-09 13:04:58,085][com.java.SeleniumDriver] [  838] - DataValue : 
[INFO ][2015-11-09 13:04:58,085][com.java.SeleniumDriver] [  844] - <In Set values of the page>
[INFO ][2015-11-09 13:04:58,085][com.java.SeleniumDriver] [  847] - {Data Fields & Data Values Exist}
[INFO ][2015-11-09 13:04:58,085][com.java.SeleniumDriver] [  849] - --------------------------setting values-----------------------------
[INFO ][2015-11-09 13:04:58,085][com.java.SeleniumDriver] [  852] - Action Type : CLICK
[INFO ][2015-11-09 13:04:58,085][com.java.TestType] [ 4388] - Field ::BTNdImage2-0
[INFO ][2015-11-09 13:04:59,100][com.java.TestType] [ 4426] - BEFORE CLICK
[INFO ][2015-11-09 13:05:00,567][com.java.TestType] [ 4433] - Unable to click the object Collapse button
[INFO ][2015-11-09 13:05:00,567][com.java.SeleniumDriver] [  861] -  RESULT true
[INFO ][2015-11-09 13:05:00,567][com.java.SeleniumDriver] [ 1066] - ?   P A S S   ?
[INFO ][2015-11-09 13:05:00,567][com.java.SeleniumDriver] [  788] - ------------------------------------------
[INFO ][2015-11-09 13:05:00,567][com.java.SeleniumDriver] [  789] - Test case being Executed: 10
[INFO ][2015-11-09 13:05:00,567][com.java.SeleniumDriver] [  800] - Test step:36
[INFO ][2015-11-09 13:05:00,567][com.java.SeleniumDriver] [  812] - Datavalue is----------null
[DEBUG][2015-11-09 13:05:00,567][com.java.SeleniumDriver] [  830] - Exception: null
[INFO ][2015-11-09 13:05:00,567][com.java.SeleniumDriver] [  836] - DataField : BTNdImage2-1
[INFO ][2015-11-09 13:05:00,567][com.java.SeleniumDriver] [  838] - DataValue : 
[INFO ][2015-11-09 13:05:00,567][com.java.SeleniumDriver] [  844] - <In Set values of the page>
[INFO ][2015-11-09 13:05:00,567][com.java.SeleniumDriver] [  847] - {Data Fields & Data Values Exist}
[INFO ][2015-11-09 13:05:00,567][com.java.SeleniumDriver] [  849] - --------------------------setting values-----------------------------
[INFO ][2015-11-09 13:05:00,567][com.java.SeleniumDriver] [  852] - Action Type : CLICK
[INFO ][2015-11-09 13:05:00,567][com.java.TestType] [ 4388] - Field ::BTNdImage2-1
[INFO ][2015-11-09 13:05:01,581][com.java.TestType] [ 4426] - BEFORE CLICK
[INFO ][2015-11-09 13:05:03,064][com.java.TestType] [ 4433] - Unable to click the object Expand button
[INFO ][2015-11-09 13:05:03,064][com.java.SeleniumDriver] [  861] -  RESULT true
[INFO ][2015-11-09 13:05:03,064][com.java.SeleniumDriver] [ 1066] - ?   P A S S   ?
[INFO ][2015-11-09 13:05:03,064][com.java.SeleniumDriver] [  788] - ------------------------------------------
[INFO ][2015-11-09 13:05:03,064][com.java.SeleniumDriver] [  789] - Test case being Executed: 10
[INFO ][2015-11-09 13:05:03,064][com.java.SeleniumDriver] [  800] - Test step:37
[INFO ][2015-11-09 13:05:03,064][com.java.SeleniumDriver] [  812] - Datavalue is----------Eliminations
[INFO ][2015-11-09 13:05:03,064][com.java.SeleniumDriver] [  836] - DataField : LNK
[INFO ][2015-11-09 13:05:03,064][com.java.SeleniumDriver] [  838] - DataValue : Eliminations
[INFO ][2015-11-09 13:05:03,064][com.java.SeleniumDriver] [  844] - <In Set values of the page>
[INFO ][2015-11-09 13:05:03,064][com.java.SeleniumDriver] [  847] - {Data Fields & Data Values Exist}
[INFO ][2015-11-09 13:05:03,064][com.java.SeleniumDriver] [  849] - --------------------------setting values-----------------------------
[INFO ][2015-11-09 13:05:03,064][com.java.SeleniumDriver] [  852] - Action Type : VERIFYNOTPRESENT
[INFO ][2015-11-09 13:05:03,064][com.java.TestType] [ 6389] - field= LNK value= Eliminations
[INFO ][2015-11-09 13:05:21,410][com.java.SeleniumDriver] [  861] -  RESULT true
[INFO ][2015-11-09 13:05:21,410][com.java.SeleniumDriver] [ 1066] - ?   P A S S   ?
[INFO ][2015-11-09 13:05:21,410][com.java.SeleniumDriver] [  788] - ------------------------------------------
[INFO ][2015-11-09 13:05:21,410][com.java.SeleniumDriver] [  789] - Test case being Executed: 10
[INFO ][2015-11-09 13:05:21,410][com.java.SeleniumDriver] [  800] - Test step:38
[INFO ][2015-11-09 13:05:21,410][com.java.SeleniumDriver] [  812] - Datavalue is----------null
[DEBUG][2015-11-09 13:05:21,410][com.java.SeleniumDriver] [  830] - Exception: null
[INFO ][2015-11-09 13:05:21,410][com.java.SeleniumDriver] [  836] - DataField : BTNdImage2-1
[INFO ][2015-11-09 13:05:21,410][com.java.SeleniumDriver] [  838] - DataValue : 
[INFO ][2015-11-09 13:05:21,410][com.java.SeleniumDriver] [  844] - <In Set values of the page>
[INFO ][2015-11-09 13:05:21,410][com.java.SeleniumDriver] [  847] - {Data Fields & Data Values Exist}
[INFO ][2015-11-09 13:05:21,410][com.java.SeleniumDriver] [  849] - --------------------------setting values-----------------------------
[INFO ][2015-11-09 13:05:21,410][com.java.SeleniumDriver] [  852] - Action Type : CLICK
[INFO ][2015-11-09 13:05:21,410][com.java.TestType] [ 4388] - Field ::BTNdImage2-1
[INFO ][2015-11-09 13:05:22,425][com.java.TestType] [ 4426] - BEFORE CLICK
[INFO ][2015-11-09 13:05:23,892][com.java.TestType] [ 4433] - Unable to click the object Collapse button
[INFO ][2015-11-09 13:05:23,892][com.java.SeleniumDriver] [  861] -  RESULT true
[INFO ][2015-11-09 13:05:23,892][com.java.SeleniumDriver] [ 1066] - ?   P A S S   ?
[DEBUG][2015-11-09 13:05:23,892][com.java.SeleniumDriver] [ 1168] - Case found
[DEBUG][2015-11-09 13:05:23,892][com.java.SeleniumDriver] [ 1173] - Incrementing ReportCounters[0]:2
[INFO ][2015-11-09 13:05:23,892][com.java.SeleniumDriver] [ 1192] - The results are-------------------[10, 1, GL: Balance Sheet: Balance Sheet Report: Eliminations Negative Test, Pass, , Mon Nov 09 13:03:38 IST 2015, 10, 3, GL: Balance Sheet: Balance Sheet Report: Eliminations Negative Test, Pass, , Mon Nov 09 13:03:43 IST 2015, 10, 4, GL: Balance Sheet: Balance Sheet Report: Eliminations Negative Test, Pass, , Mon Nov 09 13:03:43 IST 2015, 10, 5, GL: Balance Sheet: Balance Sheet Report: Eliminations Negative Test, Pass, , Mon Nov 09 13:03:43 IST 2015, 10, 6, GL: Balance Sheet: Balance Sheet Report: Eliminations Negative Test, Pass, , Mon Nov 09 13:03:43 IST 2015, 10, 7, GL: Balance Sheet: Balance Sheet Report: Eliminations Negative Test, Pass, , Mon Nov 09 13:03:58 IST 2015, 10, 8, GL: Balance Sheet: Balance Sheet Report: Eliminations Negative Test, Pass, , Mon Nov 09 13:03:58 IST 2015, 10, 9, GL: Balance Sheet: Balance Sheet Report: Eliminations Negative Test, Pass, , Mon Nov 09 13:03:58 IST 2015, 10, 10, GL: Balance Sheet: Balance Sheet Report: Eliminations Negative Test, Pass, , Mon Nov 09 13:04:00 IST 2015, 10, 11, GL: Balance Sheet: Balance Sheet Report: Eliminations Negative Test, Pass, , Mon Nov 09 13:04:00 IST 2015, 10, 12, GL: Balance Sheet: Balance Sheet Report: Eliminations Negative Test, Pass, , Mon Nov 09 13:04:03 IST 2015, 10, 13, GL: Balance Sheet: Balance Sheet Report: Eliminations Negative Test, Pass, , Mon Nov 09 13:04:05 IST 2015, 10, 14, GL: Balance Sheet: Balance Sheet Report: Eliminations Negative Test, Pass, , Mon Nov 09 13:04:05 IST 2015, 10, 15, GL: Balance Sheet: Balance Sheet Report: Eliminations Negative Test, Pass, , Mon Nov 09 13:04:05 IST 2015, 10, 16, GL: Balance Sheet: Balance Sheet Report: Eliminations Negative Test, Pass, , Mon Nov 09 13:04:07 IST 2015, 10, 17, GL: Balance Sheet: Balance Sheet Report: Eliminations Negative Test, Pass, , Mon Nov 09 13:04:07 IST 2015, 10, 18, GL: Balance Sheet: Balance Sheet Report: Eliminations Negative Test, Pass, , Mon Nov 09 13:04:10 IST 2015, 10, 19, GL: Balance Sheet: Balance Sheet Report: Eliminations Negative Test, Pass, , Mon Nov 09 13:04:12 IST 2015, 10, 20, GL: Balance Sheet: Balance Sheet Report: Eliminations Negative Test, Pass, , Mon Nov 09 13:04:12 IST 2015, 10, 21, GL: Balance Sheet: Balance Sheet Report: Eliminations Negative Test, Pass, , Mon Nov 09 13:04:15 IST 2015, 10, 22, GL: Balance Sheet: Balance Sheet Report: Eliminations Positive Test, Pass, , Mon Nov 09 13:04:15 IST 2015, 10, 23, GL: Balance Sheet: Balance Sheet Report: Eliminations Positive Test, Pass, , Mon Nov 09 13:04:15 IST 2015, 10, 24, GL: Balance Sheet: Balance Sheet Report: Eliminations Positive Test, Pass, , Mon Nov 09 13:04:30 IST 2015, 10, 25, GL: Balance Sheet: Balance Sheet Report: Eliminations Positive Test, Pass, , Mon Nov 09 13:04:30 IST 2015, 10, 26, GL: Balance Sheet: Balance Sheet Report: Eliminations Positive Test, Pass, , Mon Nov 09 13:04:31 IST 2015, 10, 27, GL: Balance Sheet: Balance Sheet Report: Eliminations Positive Test, Pass, , Mon Nov 09 13:04:33 IST 2015, 10, 28, GL: Balance Sheet: Balance Sheet Report: Eliminations Positive Test, Pass, , Mon Nov 09 13:04:33 IST 2015, 10, 29, GL: Balance Sheet: Balance Sheet Report: Eliminations Positive Test, Pass, , Mon Nov 09 13:04:35 IST 2015, 10, 30, GL: Balance Sheet: Balance Sheet Report: Eliminations Positive Test, Pass, , Mon Nov 09 13:04:36 IST 2015, 10, 31, GL: Balance Sheet: Balance Sheet Report: Eliminations Positive Test, Pass, , Mon Nov 09 13:04:37 IST 2015, 10, 32, GL: Balance Sheet: Balance Sheet Report: Eliminations Positive Test, Pass, , Mon Nov 09 13:04:37 IST 2015, 10, 33, GL: Balance Sheet: Balance Sheet Report: Eliminations Negative Test, Pass, , Mon Nov 09 13:04:39 IST 2015, 10, 34, GL: Balance Sheet: Balance Sheet Report: Eliminations Negative Test, Pass, , Mon Nov 09 13:04:58 IST 2015, 10, 35, GL: Balance Sheet: Balance Sheet Report: Eliminations Negative Test, Pass, , Mon Nov 09 13:05:00 IST 2015, 10, 36, GL: Balance Sheet: Balance Sheet Report: Eliminations Negative Test, Pass, , Mon Nov 09 13:05:03 IST 2015, 10, 37, GL: Balance Sheet: Balance Sheet Report: Eliminations Negative Test, Pass, , Mon Nov 09 13:05:21 IST 2015, 10, 38, GL: Balance Sheet: Balance Sheet Report: Eliminations Negative Test, Pass, , Mon Nov 09 13:05:23 IST 2015]
[INFO ][2015-11-09 13:05:23,892][com.java.SeleniumDriver] [ 1196] - End time is-------2 min 50 sec
[INFO ][2015-11-09 13:05:23,892][com.java.SeleniumDriver] [ 1197] - The results are-------------------[10, 1, GL: Balance Sheet: Balance Sheet Report: Eliminations Negative Test, Pass, , Mon Nov 09 13:03:38 IST 2015, 10, 3, GL: Balance Sheet: Balance Sheet Report: Eliminations Negative Test, Pass, , Mon Nov 09 13:03:43 IST 2015, 10, 4, GL: Balance Sheet: Balance Sheet Report: Eliminations Negative Test, Pass, , Mon Nov 09 13:03:43 IST 2015, 10, 5, GL: Balance Sheet: Balance Sheet Report: Eliminations Negative Test, Pass, , Mon Nov 09 13:03:43 IST 2015, 10, 6, GL: Balance Sheet: Balance Sheet Report: Eliminations Negative Test, Pass, , Mon Nov 09 13:03:43 IST 2015, 10, 7, GL: Balance Sheet: Balance Sheet Report: Eliminations Negative Test, Pass, , Mon Nov 09 13:03:58 IST 2015, 10, 8, GL: Balance Sheet: Balance Sheet Report: Eliminations Negative Test, Pass, , Mon Nov 09 13:03:58 IST 2015, 10, 9, GL: Balance Sheet: Balance Sheet Report: Eliminations Negative Test, Pass, , Mon Nov 09 13:03:58 IST 2015, 10, 10, GL: Balance Sheet: Balance Sheet Report: Eliminations Negative Test, Pass, , Mon Nov 09 13:04:00 IST 2015, 10, 11, GL: Balance Sheet: Balance Sheet Report: Eliminations Negative Test, Pass, , Mon Nov 09 13:04:00 IST 2015, 10, 12, GL: Balance Sheet: Balance Sheet Report: Eliminations Negative Test, Pass, , Mon Nov 09 13:04:03 IST 2015, 10, 13, GL: Balance Sheet: Balance Sheet Report: Eliminations Negative Test, Pass, , Mon Nov 09 13:04:05 IST 2015, 10, 14, GL: Balance Sheet: Balance Sheet Report: Eliminations Negative Test, Pass, , Mon Nov 09 13:04:05 IST 2015, 10, 15, GL: Balance Sheet: Balance Sheet Report: Eliminations Negative Test, Pass, , Mon Nov 09 13:04:05 IST 2015, 10, 16, GL: Balance Sheet: Balance Sheet Report: Eliminations Negative Test, Pass, , Mon Nov 09 13:04:07 IST 2015, 10, 17, GL: Balance Sheet: Balance Sheet Report: Eliminations Negative Test, Pass, , Mon Nov 09 13:04:07 IST 2015, 10, 18, GL: Balance Sheet: Balance Sheet Report: Eliminations Negative Test, Pass, , Mon Nov 09 13:04:10 IST 2015, 10, 19, GL: Balance Sheet: Balance Sheet Report: Eliminations Negative Test, Pass, , Mon Nov 09 13:04:12 IST 2015, 10, 20, GL: Balance Sheet: Balance Sheet Report: Eliminations Negative Test, Pass, , Mon Nov 09 13:04:12 IST 2015, 10, 21, GL: Balance Sheet: Balance Sheet Report: Eliminations Negative Test, Pass, , Mon Nov 09 13:04:15 IST 2015, 10, 22, GL: Balance Sheet: Balance Sheet Report: Eliminations Positive Test, Pass, , Mon Nov 09 13:04:15 IST 2015, 10, 23, GL: Balance Sheet: Balance Sheet Report: Eliminations Positive Test, Pass, , Mon Nov 09 13:04:15 IST 2015, 10, 24, GL: Balance Sheet: Balance Sheet Report: Eliminations Positive Test, Pass, , Mon Nov 09 13:04:30 IST 2015, 10, 25, GL: Balance Sheet: Balance Sheet Report: Eliminations Positive Test, Pass, , Mon Nov 09 13:04:30 IST 2015, 10, 26, GL: Balance Sheet: Balance Sheet Report: Eliminations Positive Test, Pass, , Mon Nov 09 13:04:31 IST 2015, 10, 27, GL: Balance Sheet: Balance Sheet Report: Eliminations Positive Test, Pass, , Mon Nov 09 13:04:33 IST 2015, 10, 28, GL: Balance Sheet: Balance Sheet Report: Eliminations Positive Test, Pass, , Mon Nov 09 13:04:33 IST 2015, 10, 29, GL: Balance Sheet: Balance Sheet Report: Eliminations Positive Test, Pass, , Mon Nov 09 13:04:35 IST 2015, 10, 30, GL: Balance Sheet: Balance Sheet Report: Eliminations Positive Test, Pass, , Mon Nov 09 13:04:36 IST 2015, 10, 31, GL: Balance Sheet: Balance Sheet Report: Eliminations Positive Test, Pass, , Mon Nov 09 13:04:37 IST 2015, 10, 32, GL: Balance Sheet: Balance Sheet Report: Eliminations Positive Test, Pass, , Mon Nov 09 13:04:37 IST 2015, 10, 33, GL: Balance Sheet: Balance Sheet Report: Eliminations Negative Test, Pass, , Mon Nov 09 13:04:39 IST 2015, 10, 34, GL: Balance Sheet: Balance Sheet Report: Eliminations Negative Test, Pass, , Mon Nov 09 13:04:58 IST 2015, 10, 35, GL: Balance Sheet: Balance Sheet Report: Eliminations Negative Test, Pass, , Mon Nov 09 13:05:00 IST 2015, 10, 36, GL: Balance Sheet: Balance Sheet Report: Eliminations Negative Test, Pass, , Mon Nov 09 13:05:03 IST 2015, 10, 37, GL: Balance Sheet: Balance Sheet Report: Eliminations Negative Test, Pass, , Mon Nov 09 13:05:21 IST 2015, 10, 38, GL: Balance Sheet: Balance Sheet Report: Eliminations Negative Test, Pass, , Mon Nov 09 13:05:23 IST 2015]
[DEBUG][2015-11-09 13:05:23,892][com.java.ImportnExport.ExportTestResultsExcel] [  222] - testResultPath = D:\BankersDashboard/TestReports/Test Results_BankersDashBoard_110915_130235_IE11_Any Bank USA.xls
[DEBUG][2015-11-09 13:05:23,892][com.java.ImportnExport.ExportTestResultsExcel] [  223] - browser is------------IE11
[DEBUG][2015-11-09 13:05:23,892][com.java.ImportnExport.ExportTestResultsExcel] [  270] - result.size() = 222
[DEBUG][2015-11-09 13:05:23,892][com.java.ImportnExport.ExportTestResultsExcel] [  274] - No of rows in sheet=2
[DEBUG][2015-11-09 13:05:23,892][com.java.ImportnExport.ExportTestResultsExcel] [  301] - ..in export..10
[DEBUG][2015-11-09 13:05:23,892][com.java.ImportnExport.ExportTestResultsExcel] [  301] - ..in export..GL: Balance Sheet: Balance Sheet Report: Eliminations Negative Test
[DEBUG][2015-11-09 13:05:23,892][com.java.ImportnExport.ExportTestResultsExcel] [  301] - ..in export..Pass
[DEBUG][2015-11-09 13:05:23,892][com.java.ImportnExport.ExportTestResultsExcel] [  301] - ..in export..
[DEBUG][2015-11-09 13:05:23,892][com.java.ImportnExport.ExportTestResultsExcel] [  301] - ..in export..Mon Nov 09 13:03:38 IST 2015
[INFO ][2015-11-09 13:05:23,892][com.java.SeleniumDriver] [ 1255] - out loop:1 size:2 TestCases:[1, 10] testcases:[1, 10]
[INFO ][2015-11-09 13:05:25,904][com.java.SeleniumDriver] [ 1297] - Total Number of Cases:2
[INFO ][2015-11-09 13:05:25,904][com.java.TemplateGenerator] [  302] - Executed:2
[INFO ][2015-11-09 13:05:25,904][com.java.TemplateGenerator] [  303] - Passed:2
[INFO ][2015-11-09 13:05:25,904][com.java.TemplateGenerator] [  304] - Failed:0
[INFO ][2015-11-09 13:05:25,904][com.java.TemplateGenerator] [  305] - Skipeed:0
[INFO ][2015-11-09 13:05:25,904][com.java.TemplateGenerator] [  306] - Application URL:https://clients-xuat.bankersdashboard.com
[INFO ][2015-11-09 13:05:25,904][com.java.TemplateGenerator] [  307] - Start Time:110915_130235
[INFO ][2015-11-09 13:05:25,904][com.java.TemplateGenerator] [  308] -  Creating HTML Report 
[ERROR][2015-11-09 13:05:25,904][com.java.TemplateGenerator] [  409] - Unparseable date: "Mon Nov 09 01:02:35 IST 2015"
[INFO ][2015-11-09 13:05:25,904][com.java.TemplateGenerator] [  654] -  Exporting case :: 1
[INFO ][2015-11-09 13:05:25,904][com.java.TemplateGenerator] [  654] -  Exporting case :: 10
[INFO ][2015-11-09 13:05:25,904][com.java.SeleniumDriver] [ 1346] - End Time:110915_130525
[INFO ][2015-11-09 13:05:25,904][com.java.SeleniumDriver] [ 1349] - Data in Test Execution Details:{1=PASS, 10=PASS}
[INFO ][2015-11-09 13:05:25,904][com.java.SeleniumDriver] [ 1350] - Data in Failed Execution Deatils:{}
[INFO ][2015-11-09 13:05:25,904][com.java.SeleniumDriver] [ 1352] - ReportCounter:Total:2 :: PASS: 2 ::FAIL: 0
[INFO ][2015-11-09 13:05:25,904][com.java.SeleniumDriver] [ 1353] - FailedReportCounter:Total:0 :: PASS: 0 ::FAIL: 0
[INFO ][2015-11-09 13:05:25,904][com.java.EmailTestReport] [   63] - Sending report mail details:
[INFO ][2015-11-09 13:05:25,904][com.java.EmailTestReport] [   80] - Excel Report Path:D:\BankersDashboard/TestReports/Test Results_BankersDashBoard_110915_130235_IE11_Any Bank USA.xls
[INFO ][2015-11-09 13:05:25,905][com.java.EmailTestReport] [   81] - HTML Report Path:D:\BankersDashboard//TestReports//Test Results_BankersDashBoard_110915_130235_IE11_Any Bank USA.html
[INFO ][2015-11-09 13:05:25,905][com.java.EmailTestReport] [   82] - smtpHostName:mail01.valuelabs.com
[INFO ][2015-11-09 13:05:25,905][com.java.EmailTestReport] [   83] - Recipient:venkateswararao.gubbala@valuelabs.com
[INFO ][2015-11-09 13:05:25,905][com.java.EmailTestReport] [   84] - From:venkateswararao.gubbala@valuelabs.com
[INFO ][2015-11-09 13:05:25,905][com.java.EmailTestReport] [   85] - Subject:Deluxe Corp Bankers Dashboard Automation Test Report - Any Bank USA - IE11
[INFO ][2015-11-09 13:05:25,905][com.java.EmailTestReport] [  143] -  Added venkateswararao.gubbala@valuelabs.com
[INFO ][2015-11-09 13:05:29,311][com.java.SeleniumDriver] [  719] - quitting the browser 
[INFO ][2015-11-09 13:05:30,591][com.java.SeleniumDriver] [  263] - Execution Completed Stopping the thread
