[INFO ][2016-01-21 15:34:48,967][com.java.SeleniumDriver] [  213] - Execute Failed Casesfalse
[INFO ][2016-01-21 15:34:48,967][com.java.SeleniumDriver] [  214] - Browser: IE10
[INFO ][2016-01-21 15:34:48,967][com.java.SeleniumDriver] [  215] - [1, 5]
[INFO ][2016-01-21 15:34:48,968][com.java.SeleniumDriver] [  216] - Total TestCases:2
[INFO ][2016-01-21 15:34:48,968][com.java.SeleniumDriver] [  217] -  Reading Properties from Property File 
[DEBUG][2016-01-21 15:34:48,968][com.java.SeleniumDriver] [  238] - url : https://clients-xuat.bankersdashboard.com
[INFO ][2016-01-21 15:34:48,969][com.java.ImportnExport.ExportTestResultsExcel] [  116] - Time Stamp Thu Jan 21 03:34:48 IST 2016
[INFO ][2016-01-21 15:34:48,970][com.java.ImportnExport.ExportTestResultsExcel] [  175] - OUT FILE : D:\BankersDashboard/TestReports/Test Results_BankersDashBoard_012116_153448_IE10_Any Bank USA.xls
[INFO ][2016-01-21 15:34:48,999][com.java.ImportnExport.ExportTestResultsExcel] [  180] - Test Result file is created
[DEBUG][2016-01-21 15:34:49,106][com.java.SeleniumDriver] [  426] - Hub ip address is-------172.17.68.34
[INFO ][2016-01-21 15:34:49,107][com.java.SeleniumDriver] [  452] - Grid URL:http://172.17.68.34:4444/wd/hub
[INFO ][2016-01-21 15:34:49,107][com.java.SeleniumDriver] [  453] - Capability:Capabilities [{platform=ANY, ensureCleanSession=true, ignoreProtectedModeSettings=true, acceptSslCerts=true, ignoreZoomSetting=true, browserName=internet explorer, browserstack.ie.noFlash=true, version=null}]
[ERROR][2016-01-21 15:34:50,438][com.java.SeleniumDriver] [  498] - Unable invoke browser in grid:Could not start a new session. Possible causes are invalid address of the remote server or browser start-up failure.
Build info: version: '2.48.2', revision: '41bccdd', time: '2015-10-09 19:59:12'
System info: host: 'FVTIII438F1D', ip: '172.17.68.34', os.name: 'Windows 7', os.arch: 'x86', os.version: '6.1', java.version: '1.7.0_55'
Driver info: driver.version: SeleniumDriver
[INFO ][2016-01-21 15:34:50,438][com.java.SeleniumDriver] [  500] - Executing on local machine
[INFO ][2016-01-21 15:35:01,105][com.java.SeleniumDriver] [  248] - IE10is opened
[INFO ][2016-01-21 15:35:01,958][com.java.SeleniumDriver] [  756] - Test cases to be executed are: [1, 5]
[INFO ][2016-01-21 15:35:01,983][com.java.ImportnExport.ImportTestDataDetailsExcel] [   49] - test data details path===== D:\BankersDashboard\TestInputs\TestData.xls
[INFO ][2016-01-21 15:35:02,114][com.java.SeleniumDriver] [  856] - ------------------------------------------
[INFO ][2016-01-21 15:35:02,114][com.java.SeleniumDriver] [  857] - Test case being Executed: 1
[INFO ][2016-01-21 15:35:02,114][com.java.SeleniumDriver] [  869] - Test step:1
[INFO ][2016-01-21 15:35:02,116][com.java.SeleniumDriver] [  881] - Datavalue is----------Concept#1:1-14
[INFO ][2016-01-21 15:35:02,116][com.java.SeleniumDriver] [  905] - DataField : test
[INFO ][2016-01-21 15:35:02,116][com.java.SeleniumDriver] [  907] - DataValue : Concept#1:1-14
[INFO ][2016-01-21 15:35:02,116][com.java.SeleniumDriver] [  913] - <In Set values of the page>
[INFO ][2016-01-21 15:35:02,116][com.java.SeleniumDriver] [  916] - {Data Fields & Data Values Exist}
[INFO ][2016-01-21 15:35:02,117][com.java.SeleniumDriver] [  918] - --------------------------setting values-----------------------------
[INFO ][2016-01-21 15:35:02,117][com.java.SeleniumDriver] [  921] - Action Type : ExecuteTestCase
[INFO ][2016-01-21 15:35:02,136][com.java.TestType] [  442] - The Concept sheet name is ---------- Concept
[INFO ][2016-01-21 15:35:02,136][com.java.TestType] [  445] - The Concept ID  is ---------- 1
[DEBUG][2016-01-21 15:35:02,137][com.java.TestType] [  449] - Steps being executted in the Concept are: 1:14
[INFO ][2016-01-21 15:35:02,137][com.java.TestType] [  456] - Test data details path ---------- D:\BankersDashboard\TestInputs\TestData.xls
[INFO ][2016-01-21 15:35:02,760][com.java.TestType] [  487] -  str(1) = 1
[INFO ][2016-01-21 15:35:02,760][com.java.TestType] [  490] - Test case Id is---1
[INFO ][2016-01-21 15:35:02,760][com.java.TestType] [  492] - 1
[INFO ][2016-01-21 15:35:02,760][com.java.TestType] [  487] -  str(2) = 1
[INFO ][2016-01-21 15:35:02,762][com.java.TestType] [  487] -  str(1) = 1
[INFO ][2016-01-21 15:35:02,762][com.java.TestType] [  490] - Test case Id is---1
[INFO ][2016-01-21 15:35:02,763][com.java.TestType] [  492] - 1
[INFO ][2016-01-21 15:35:02,763][com.java.TestType] [  487] -  str(2) = 2
[INFO ][2016-01-21 15:35:02,764][com.java.TestType] [  487] -  str(1) = 1
[INFO ][2016-01-21 15:35:02,764][com.java.TestType] [  490] - Test case Id is---1
[INFO ][2016-01-21 15:35:02,766][com.java.TestType] [  492] - 1
[INFO ][2016-01-21 15:35:02,766][com.java.TestType] [  487] -  str(2) = 3
[INFO ][2016-01-21 15:35:02,767][com.java.TestType] [  487] -  str(1) = 1
[INFO ][2016-01-21 15:35:02,767][com.java.TestType] [  490] - Test case Id is---1
[INFO ][2016-01-21 15:35:02,767][com.java.TestType] [  492] - 1
[INFO ][2016-01-21 15:35:02,767][com.java.TestType] [  487] -  str(2) = 4
[INFO ][2016-01-21 15:35:02,769][com.java.TestType] [  487] -  str(1) = 1
[INFO ][2016-01-21 15:35:02,769][com.java.TestType] [  490] - Test case Id is---1
[INFO ][2016-01-21 15:35:02,769][com.java.TestType] [  492] - 1
[INFO ][2016-01-21 15:35:02,769][com.java.TestType] [  487] -  str(2) = 5
[INFO ][2016-01-21 15:35:02,770][com.java.TestType] [  487] -  str(1) = 1
[INFO ][2016-01-21 15:35:02,770][com.java.TestType] [  490] - Test case Id is---1
[INFO ][2016-01-21 15:35:02,770][com.java.TestType] [  492] - 1
[INFO ][2016-01-21 15:35:02,770][com.java.TestType] [  487] -  str(2) = 6
[INFO ][2016-01-21 15:35:02,771][com.java.TestType] [  487] -  str(1) = 1
[INFO ][2016-01-21 15:35:02,771][com.java.TestType] [  490] - Test case Id is---1
[INFO ][2016-01-21 15:35:02,771][com.java.TestType] [  492] - 1
[INFO ][2016-01-21 15:35:02,771][com.java.TestType] [  487] -  str(2) = 7
[INFO ][2016-01-21 15:35:02,772][com.java.TestType] [  487] -  str(1) = 1
[INFO ][2016-01-21 15:35:02,772][com.java.TestType] [  490] - Test case Id is---1
[INFO ][2016-01-21 15:35:02,772][com.java.TestType] [  492] - 1
[INFO ][2016-01-21 15:35:02,772][com.java.TestType] [  487] -  str(2) = 8
[INFO ][2016-01-21 15:35:02,773][com.java.TestType] [  487] -  str(1) = 1
[INFO ][2016-01-21 15:35:02,773][com.java.TestType] [  490] - Test case Id is---1
[INFO ][2016-01-21 15:35:02,773][com.java.TestType] [  492] - 1
[INFO ][2016-01-21 15:35:02,773][com.java.TestType] [  487] -  str(2) = 9
[INFO ][2016-01-21 15:35:02,774][com.java.TestType] [  487] -  str(1) = 1
[INFO ][2016-01-21 15:35:02,774][com.java.TestType] [  490] - Test case Id is---1
[INFO ][2016-01-21 15:35:02,775][com.java.TestType] [  492] - 1
[INFO ][2016-01-21 15:35:02,775][com.java.TestType] [  487] -  str(2) = 10
[INFO ][2016-01-21 15:35:02,776][com.java.TestType] [  487] -  str(1) = 1
[INFO ][2016-01-21 15:35:02,776][com.java.TestType] [  490] - Test case Id is---1
[INFO ][2016-01-21 15:35:02,776][com.java.TestType] [  492] - 1
[INFO ][2016-01-21 15:35:02,776][com.java.TestType] [  487] -  str(2) = 11
[INFO ][2016-01-21 15:35:02,777][com.java.TestType] [  487] -  str(1) = 1
[INFO ][2016-01-21 15:35:02,777][com.java.TestType] [  490] - Test case Id is---1
[INFO ][2016-01-21 15:35:02,777][com.java.TestType] [  492] - 1
[INFO ][2016-01-21 15:35:02,777][com.java.TestType] [  487] -  str(2) = 12
[INFO ][2016-01-21 15:35:02,778][com.java.TestType] [  487] -  str(1) = 1
[INFO ][2016-01-21 15:35:02,778][com.java.TestType] [  490] - Test case Id is---1
[INFO ][2016-01-21 15:35:02,778][com.java.TestType] [  492] - 1
[INFO ][2016-01-21 15:35:02,778][com.java.TestType] [  487] -  str(2) = 13
[INFO ][2016-01-21 15:35:02,779][com.java.TestType] [  487] -  str(1) = 1
[INFO ][2016-01-21 15:35:02,779][com.java.TestType] [  490] - Test case Id is---1
[INFO ][2016-01-21 15:35:02,779][com.java.TestType] [  492] - 1
[INFO ][2016-01-21 15:35:02,779][com.java.TestType] [  487] -  str(2) = 14
[INFO ][2016-01-21 15:35:02,780][com.java.TestType] [11639] - Looping 1TCID = 1
[DEBUG][2016-01-21 15:35:02,780][com.java.TestType] [11680] - Concept ID:1 :: Step being Executed: 1::1
[INFO ][2016-01-21 15:35:02,780][com.java.TestType] [11718] - dataFields : TXTusername
[DEBUG][2016-01-21 15:35:02,780][com.java.TestType] [11724] - <In Set values of the page>
[DEBUG][2016-01-21 15:35:02,780][com.java.TestType] [11729] - {Data Fields & Data Values Exist}
[INFO ][2016-01-21 15:35:02,780][com.java.TestType] [11735] - --------------------------setting values-----------------------------
[INFO ][2016-01-21 15:35:02,780][com.java.TestType] [11738] - Action Type : CLEARANDENTER
[INFO ][2016-01-21 15:35:05,078][com.java.TestType] [ 6382] - value = naresh.nayini.00000
[INFO ][2016-01-21 15:35:07,456][com.java.TestType] [11757] -  RESULT true
[INFO ][2016-01-21 15:35:07,457][com.java.TestType] [11874] - ?   P A S S   ?
[DEBUG][2016-01-21 15:35:07,457][com.java.TestType] [11680] - Concept ID:1 :: Step being Executed: 1::2
[INFO ][2016-01-21 15:35:07,457][com.java.TestType] [11718] - dataFields : TXTpassword
[DEBUG][2016-01-21 15:35:07,457][com.java.TestType] [11724] - <In Set values of the page>
[DEBUG][2016-01-21 15:35:07,457][com.java.TestType] [11729] - {Data Fields & Data Values Exist}
[INFO ][2016-01-21 15:35:07,457][com.java.TestType] [11735] - --------------------------setting values-----------------------------
[INFO ][2016-01-21 15:35:07,457][com.java.TestType] [11738] - Action Type : CLEARANDENTER
[INFO ][2016-01-21 15:35:09,707][com.java.TestType] [ 6382] - value = Password1*
[INFO ][2016-01-21 15:35:12,217][com.java.TestType] [11757] -  RESULT true
[INFO ][2016-01-21 15:35:12,217][com.java.TestType] [11874] - ?   P A S S   ?
[DEBUG][2016-01-21 15:35:12,217][com.java.TestType] [11680] - Concept ID:1 :: Step being Executed: 1::3
[ERROR][2016-01-21 15:35:12,217][com.java.TestType] [11713] - Exception: null
[INFO ][2016-01-21 15:35:12,217][com.java.TestType] [11718] - dataFields : XPH//button[@type='submit']
[DEBUG][2016-01-21 15:35:12,217][com.java.TestType] [11724] - <In Set values of the page>
[DEBUG][2016-01-21 15:35:12,217][com.java.TestType] [11729] - {Data Fields & Data Values Exist}
[INFO ][2016-01-21 15:35:12,217][com.java.TestType] [11735] - --------------------------setting values-----------------------------
[INFO ][2016-01-21 15:35:12,218][com.java.TestType] [11738] - Action Type : Click
[INFO ][2016-01-21 15:35:12,218][com.java.TestType] [ 6761] - Field ::XPH//button[@type='submit']
[INFO ][2016-01-21 15:35:12,218][com.java.TestType] [ 6382] - value = 
[INFO ][2016-01-21 15:35:13,220][com.java.TestType] [ 6934] - BEFORE CLICK
[INFO ][2016-01-21 15:35:16,417][com.java.TestType] [ 6942] - Unable to click the object Login
[INFO ][2016-01-21 15:35:16,417][com.java.TestType] [11757] -  RESULT true
[INFO ][2016-01-21 15:35:16,417][com.java.TestType] [11874] - ?   P A S S   ?
[DEBUG][2016-01-21 15:35:16,417][com.java.TestType] [11680] - Concept ID:1 :: Step being Executed: 1::4
[INFO ][2016-01-21 15:35:16,417][com.java.TestType] [11718] - dataFields : LNKLogout
[DEBUG][2016-01-21 15:35:16,417][com.java.TestType] [11724] - <In Set values of the page>
[DEBUG][2016-01-21 15:35:16,417][com.java.TestType] [11729] - {Data Fields & Data Values Exist}
[INFO ][2016-01-21 15:35:16,417][com.java.TestType] [11735] - --------------------------setting values-----------------------------
[INFO ][2016-01-21 15:35:16,417][com.java.TestType] [11738] - Action Type : WaitForElement
[INFO ][2016-01-21 15:35:16,454][com.java.TestType] [11757] -  RESULT true
[INFO ][2016-01-21 15:35:16,455][com.java.TestType] [11874] - ?   P A S S   ?
[DEBUG][2016-01-21 15:35:16,455][com.java.TestType] [11680] - Concept ID:1 :: Step being Executed: 1::13
[INFO ][2016-01-21 15:35:16,455][com.java.TestType] [11718] - dataFields : LNK
[DEBUG][2016-01-21 15:35:16,455][com.java.TestType] [11724] - <In Set values of the page>
[DEBUG][2016-01-21 15:35:16,456][com.java.TestType] [11729] - {Data Fields & Data Values Exist}
[INFO ][2016-01-21 15:35:16,456][com.java.TestType] [11735] - --------------------------setting values-----------------------------
[INFO ][2016-01-21 15:35:16,456][com.java.TestType] [11738] - Action Type : Verify
[INFO ][2016-01-21 15:35:16,456][com.java.TestType] [ 7972] - field= LNK value= Logout
[INFO ][2016-01-21 15:35:16,459][com.java.TestType] [ 6382] - value = Logout
[INFO ][2016-01-21 15:35:16,497][com.java.TestType] [11757] -  RESULT true
[INFO ][2016-01-21 15:35:16,497][com.java.TestType] [11874] - ?   P A S S   ?
[DEBUG][2016-01-21 15:35:16,497][com.java.TestType] [11680] - Concept ID:1 :: Step being Executed: 1::14
[INFO ][2016-01-21 15:35:16,497][com.java.TestType] [11718] - dataFields : BTN
[DEBUG][2016-01-21 15:35:16,497][com.java.TestType] [11724] - <In Set values of the page>
[DEBUG][2016-01-21 15:35:16,497][com.java.TestType] [11729] - {Data Fields & Data Values Exist}
[INFO ][2016-01-21 15:35:16,498][com.java.TestType] [11735] - --------------------------setting values-----------------------------
[INFO ][2016-01-21 15:35:16,498][com.java.TestType] [11738] - Action Type : Verify
[INFO ][2016-01-21 15:35:16,498][com.java.TestType] [ 7972] - field= BTN value= //img[contains(@src,'bdlogo.jpg')]
[INFO ][2016-01-21 15:35:16,498][com.java.TestType] [ 6382] - value = //img[contains(@src,'bdlogo.jpg')]
[INFO ][2016-01-21 15:35:16,568][com.java.TestType] [11757] -  RESULT true
[INFO ][2016-01-21 15:35:16,568][com.java.TestType] [11874] - ?   P A S S   ?
[INFO ][2016-01-21 15:35:16,568][com.java.TestType] [11945] - Looping End......
[INFO ][2016-01-21 15:35:16,569][com.java.SeleniumDriver] [  930] -  RESULT true
[INFO ][2016-01-21 15:35:16,569][com.java.SeleniumDriver] [ 1136] - ?   P A S S   ?
[INFO ][2016-01-21 15:35:16,569][com.java.SeleniumDriver] [  856] - ------------------------------------------
[INFO ][2016-01-21 15:35:16,569][com.java.SeleniumDriver] [  857] - Test case being Executed: 1
[INFO ][2016-01-21 15:35:16,569][com.java.SeleniumDriver] [  869] - Test step:2
[INFO ][2016-01-21 15:35:16,570][com.java.SeleniumDriver] [  881] - Datavalue is----------Concept#2:1-2
[INFO ][2016-01-21 15:35:16,570][com.java.SeleniumDriver] [  905] - DataField : test
[INFO ][2016-01-21 15:35:16,570][com.java.SeleniumDriver] [  907] - DataValue : Concept#2:1-2
[INFO ][2016-01-21 15:35:16,570][com.java.SeleniumDriver] [  913] - <In Set values of the page>
[INFO ][2016-01-21 15:35:16,570][com.java.SeleniumDriver] [  916] - {Data Fields & Data Values Exist}
[INFO ][2016-01-21 15:35:16,570][com.java.SeleniumDriver] [  918] - --------------------------setting values-----------------------------
[INFO ][2016-01-21 15:35:16,570][com.java.SeleniumDriver] [  921] - Action Type : ExecuteTestCase
[INFO ][2016-01-21 15:35:16,570][com.java.TestType] [  442] - The Concept sheet name is ---------- Concept
[INFO ][2016-01-21 15:35:16,571][com.java.TestType] [  445] - The Concept ID  is ---------- 2
[DEBUG][2016-01-21 15:35:16,571][com.java.TestType] [  449] - Steps being executted in the Concept are: 1:2
[INFO ][2016-01-21 15:35:16,571][com.java.TestType] [  456] - Test data details path ---------- D:\BankersDashboard\TestInputs\TestData.xls
[INFO ][2016-01-21 15:35:17,242][com.java.TestType] [  487] -  str(1) = 2
[INFO ][2016-01-21 15:35:17,243][com.java.TestType] [  490] - Test case Id is---2
[INFO ][2016-01-21 15:35:17,243][com.java.TestType] [  492] - 2
[INFO ][2016-01-21 15:35:17,243][com.java.TestType] [  487] -  str(2) = 1
[INFO ][2016-01-21 15:35:17,245][com.java.TestType] [  487] -  str(1) = 2
[INFO ][2016-01-21 15:35:17,245][com.java.TestType] [  490] - Test case Id is---2
[INFO ][2016-01-21 15:35:17,245][com.java.TestType] [  492] - 2
[INFO ][2016-01-21 15:35:17,245][com.java.TestType] [  487] -  str(2) = 2
[INFO ][2016-01-21 15:35:17,246][com.java.TestType] [  487] -  str(1) = 2
[INFO ][2016-01-21 15:35:17,246][com.java.TestType] [  490] - Test case Id is---2
[INFO ][2016-01-21 15:35:17,246][com.java.TestType] [  492] - 2
[INFO ][2016-01-21 15:35:17,246][com.java.TestType] [  487] -  str(2) = 3
[INFO ][2016-01-21 15:35:17,247][com.java.TestType] [11639] - Looping 1TCID = 2
[DEBUG][2016-01-21 15:35:17,247][com.java.TestType] [11680] - Concept ID:2 :: Step being Executed: 2::1
[INFO ][2016-01-21 15:35:17,247][com.java.TestType] [11718] - dataFields : BNK//select[@id='bank']
[DEBUG][2016-01-21 15:35:17,247][com.java.TestType] [11724] - <In Set values of the page>
[DEBUG][2016-01-21 15:35:17,247][com.java.TestType] [11729] - {Data Fields & Data Values Exist}
[INFO ][2016-01-21 15:35:17,247][com.java.TestType] [11735] - --------------------------setting values-----------------------------
[INFO ][2016-01-21 15:35:17,247][com.java.TestType] [11738] - Action Type : Select
[INFO ][2016-01-21 15:35:17,247][com.java.TestType] [ 6382] - value = PFC
[INFO ][2016-01-21 15:35:17,701][com.java.TestType] [11757] -  RESULT true
[INFO ][2016-01-21 15:35:17,701][com.java.TestType] [11874] - ?   P A S S   ?
[DEBUG][2016-01-21 15:35:17,701][com.java.TestType] [11680] - Concept ID:2 :: Step being Executed: 2::2
[INFO ][2016-01-21 15:35:17,701][com.java.TestType] [11718] - dataFields : LNKLogout
[DEBUG][2016-01-21 15:35:17,701][com.java.TestType] [11724] - <In Set values of the page>
[DEBUG][2016-01-21 15:35:17,701][com.java.TestType] [11729] - {Data Fields & Data Values Exist}
[INFO ][2016-01-21 15:35:17,701][com.java.TestType] [11735] - --------------------------setting values-----------------------------
[INFO ][2016-01-21 15:35:17,702][com.java.TestType] [11738] - Action Type : WaitTime
[DEBUG][2016-01-21 15:35:17,702][com.java.TestType] [ 6196] - sleepTime: 5000
[INFO ][2016-01-21 15:35:22,727][com.java.TestType] [11757] -  RESULT true
[INFO ][2016-01-21 15:35:22,727][com.java.TestType] [11874] - ?   P A S S   ?
[INFO ][2016-01-21 15:35:22,727][com.java.TestType] [11945] - Looping End......
[INFO ][2016-01-21 15:35:22,727][com.java.SeleniumDriver] [  930] -  RESULT true
[INFO ][2016-01-21 15:35:22,727][com.java.SeleniumDriver] [ 1136] - ?   P A S S   ?
[INFO ][2016-01-21 15:35:22,727][com.java.SeleniumDriver] [  856] - ------------------------------------------
[INFO ][2016-01-21 15:35:22,727][com.java.SeleniumDriver] [  857] - Test case being Executed: 1
[INFO ][2016-01-21 15:35:22,727][com.java.SeleniumDriver] [  869] - Test step:3
[INFO ][2016-01-21 15:35:22,727][com.java.SeleniumDriver] [  881] - Datavalue is----------2
[INFO ][2016-01-21 15:35:22,727][com.java.SeleniumDriver] [  905] - DataField : XPH//button[contains(text(),'Add Content')]
[INFO ][2016-01-21 15:35:22,727][com.java.SeleniumDriver] [  907] - DataValue : 2
[INFO ][2016-01-21 15:35:22,727][com.java.SeleniumDriver] [  913] - <In Set values of the page>
[INFO ][2016-01-21 15:35:22,727][com.java.SeleniumDriver] [  916] - {Data Fields & Data Values Exist}
[INFO ][2016-01-21 15:35:22,727][com.java.SeleniumDriver] [  918] - --------------------------setting values-----------------------------
[INFO ][2016-01-21 15:35:22,727][com.java.SeleniumDriver] [  921] - Action Type : WAITFORELEMENT
[INFO ][2016-01-21 15:35:22,768][com.java.SeleniumDriver] [  930] -  RESULT true
[INFO ][2016-01-21 15:35:22,768][com.java.SeleniumDriver] [ 1136] - ?   P A S S   ?
[DEBUG][2016-01-21 15:35:22,768][com.java.SeleniumDriver] [ 1248] - Case found
[DEBUG][2016-01-21 15:35:22,768][com.java.SeleniumDriver] [ 1253] - Incrementing ReportCounters[0]:1
[INFO ][2016-01-21 15:35:22,768][com.java.SeleniumDriver] [ 1272] - The results are-------------------[1, 1, Valid Login, Pass, , Thu Jan 21 15:35:16 IST 2016, 1, 2, Valid Login, Pass, , Thu Jan 21 15:35:22 IST 2016, 1, 3, Valid Login, Pass, , Thu Jan 21 15:35:22 IST 2016]
[INFO ][2016-01-21 15:35:22,768][com.java.SeleniumDriver] [ 1276] - End time is-------36 sec
[INFO ][2016-01-21 15:35:22,768][com.java.SeleniumDriver] [ 1277] - The results are-------------------[1, 1, Valid Login, Pass, , Thu Jan 21 15:35:16 IST 2016, 1, 2, Valid Login, Pass, , Thu Jan 21 15:35:22 IST 2016, 1, 3, Valid Login, Pass, , Thu Jan 21 15:35:22 IST 2016]
[DEBUG][2016-01-21 15:35:22,768][com.java.ImportnExport.ExportTestResultsExcel] [  222] - testResultPath = D:\BankersDashboard/TestReports/Test Results_BankersDashBoard_012116_153448_IE10_Any Bank USA.xls
[DEBUG][2016-01-21 15:35:22,768][com.java.ImportnExport.ExportTestResultsExcel] [  223] - browser is------------IE10
[DEBUG][2016-01-21 15:35:22,808][com.java.ImportnExport.ExportTestResultsExcel] [  270] - result.size() = 18
[DEBUG][2016-01-21 15:35:22,808][com.java.ImportnExport.ExportTestResultsExcel] [  274] - No of rows in sheet=1
[DEBUG][2016-01-21 15:35:22,808][com.java.ImportnExport.ExportTestResultsExcel] [  301] - ..in export..1
[DEBUG][2016-01-21 15:35:22,808][com.java.ImportnExport.ExportTestResultsExcel] [  301] - ..in export..Valid Login
[DEBUG][2016-01-21 15:35:22,808][com.java.ImportnExport.ExportTestResultsExcel] [  301] - ..in export..Pass
[DEBUG][2016-01-21 15:35:22,808][com.java.ImportnExport.ExportTestResultsExcel] [  301] - ..in export..
[DEBUG][2016-01-21 15:35:22,808][com.java.ImportnExport.ExportTestResultsExcel] [  301] - ..in export..Thu Jan 21 15:35:16 IST 2016
[INFO ][2016-01-21 15:35:22,818][com.java.SeleniumDriver] [ 1337] - out loop:0 size:2 TestCases:[1, 5] testcases:[1, 5]
[INFO ][2016-01-21 15:35:22,818][com.java.ImportnExport.ImportTestDataDetailsExcel] [   49] - test data details path===== D:\BankersDashboard\TestInputs\TestData.xls
[INFO ][2016-01-21 15:35:38,280][com.java.SeleniumDriver] [  856] - ------------------------------------------
[INFO ][2016-01-21 15:35:38,280][com.java.SeleniumDriver] [  857] - Test case being Executed: 5
[INFO ][2016-01-21 15:35:38,280][com.java.SeleniumDriver] [  869] - Test step:1
[INFO ][2016-01-21 15:35:38,280][com.java.SeleniumDriver] [  881] - Datavalue is----------Logout
[INFO ][2016-01-21 15:35:38,280][com.java.SeleniumDriver] [  905] - DataField : BTN
[INFO ][2016-01-21 15:35:38,280][com.java.SeleniumDriver] [  907] - DataValue : Logout
[INFO ][2016-01-21 15:35:38,280][com.java.SeleniumDriver] [  913] - <In Set values of the page>
[INFO ][2016-01-21 15:35:38,280][com.java.SeleniumDriver] [  916] - {Data Fields & Data Values Exist}
[INFO ][2016-01-21 15:35:38,280][com.java.SeleniumDriver] [  918] - --------------------------setting values-----------------------------
[INFO ][2016-01-21 15:35:38,280][com.java.SeleniumDriver] [  921] - Action Type : Verify
[INFO ][2016-01-21 15:35:38,280][com.java.TestType] [ 7972] - field= BTN value= Logout
[INFO ][2016-01-21 15:35:38,280][com.java.TestType] [ 6382] - value = Logout
[INFO ][2016-01-21 15:35:38,361][com.java.SeleniumDriver] [  930] -  RESULT true
[INFO ][2016-01-21 15:35:38,361][com.java.SeleniumDriver] [ 1136] - ?   P A S S   ?
[INFO ][2016-01-21 15:35:38,361][com.java.SeleniumDriver] [ 1178] - step change to 3
[INFO ][2016-01-21 15:35:38,361][com.java.SeleniumDriver] [  856] - ------------------------------------------
[INFO ][2016-01-21 15:35:38,361][com.java.SeleniumDriver] [  857] - Test case being Executed: 5
[INFO ][2016-01-21 15:35:38,361][com.java.SeleniumDriver] [  869] - Test step:3
[INFO ][2016-01-21 15:35:38,361][com.java.SeleniumDriver] [  881] - Datavalue is----------Concept#2:1-2
[INFO ][2016-01-21 15:35:38,361][com.java.SeleniumDriver] [  905] - DataField : test
[INFO ][2016-01-21 15:35:38,361][com.java.SeleniumDriver] [  907] - DataValue : Concept#2:1-2
[INFO ][2016-01-21 15:35:38,361][com.java.SeleniumDriver] [  913] - <In Set values of the page>
[INFO ][2016-01-21 15:35:38,361][com.java.SeleniumDriver] [  916] - {Data Fields & Data Values Exist}
[INFO ][2016-01-21 15:35:38,361][com.java.SeleniumDriver] [  918] - --------------------------setting values-----------------------------
[INFO ][2016-01-21 15:35:38,361][com.java.SeleniumDriver] [  921] - Action Type : ExecuteTestCase
[INFO ][2016-01-21 15:35:38,361][com.java.TestType] [  442] - The Concept sheet name is ---------- Concept
[INFO ][2016-01-21 15:35:38,361][com.java.TestType] [  445] - The Concept ID  is ---------- 2
[DEBUG][2016-01-21 15:35:38,361][com.java.TestType] [  449] - Steps being executted in the Concept are: 1:2
[INFO ][2016-01-21 15:35:38,361][com.java.TestType] [  456] - Test data details path ---------- D:\BankersDashboard\TestInputs\TestData.xls
[INFO ][2016-01-21 15:35:38,951][com.java.TestType] [  487] -  str(1) = 2
[INFO ][2016-01-21 15:35:38,951][com.java.TestType] [  490] - Test case Id is---2
[INFO ][2016-01-21 15:35:38,951][com.java.TestType] [  492] - 2
[INFO ][2016-01-21 15:35:38,951][com.java.TestType] [  487] -  str(2) = 1
[INFO ][2016-01-21 15:35:38,951][com.java.TestType] [  487] -  str(1) = 2
[INFO ][2016-01-21 15:35:38,951][com.java.TestType] [  490] - Test case Id is---2
[INFO ][2016-01-21 15:35:38,951][com.java.TestType] [  492] - 2
[INFO ][2016-01-21 15:35:38,951][com.java.TestType] [  487] -  str(2) = 2
[INFO ][2016-01-21 15:35:38,951][com.java.TestType] [  487] -  str(1) = 2
[INFO ][2016-01-21 15:35:38,951][com.java.TestType] [  490] - Test case Id is---2
[INFO ][2016-01-21 15:35:38,951][com.java.TestType] [  492] - 2
[INFO ][2016-01-21 15:35:38,951][com.java.TestType] [  487] -  str(2) = 3
[INFO ][2016-01-21 15:35:38,951][com.java.TestType] [11639] - Looping 1TCID = 2
[DEBUG][2016-01-21 15:35:38,951][com.java.TestType] [11680] - Concept ID:2 :: Step being Executed: 2::1
[INFO ][2016-01-21 15:35:38,951][com.java.TestType] [11718] - dataFields : BNK//select[@id='bank']
[DEBUG][2016-01-21 15:35:38,951][com.java.TestType] [11724] - <In Set values of the page>
[DEBUG][2016-01-21 15:35:38,951][com.java.TestType] [11729] - {Data Fields & Data Values Exist}
[INFO ][2016-01-21 15:35:38,951][com.java.TestType] [11735] - --------------------------setting values-----------------------------
[INFO ][2016-01-21 15:35:38,951][com.java.TestType] [11738] - Action Type : Select
[INFO ][2016-01-21 15:35:38,951][com.java.TestType] [ 6382] - value = PFC
[INFO ][2016-01-21 15:35:39,141][com.java.TestType] [11757] -  RESULT true
[INFO ][2016-01-21 15:35:39,141][com.java.TestType] [11874] - ?   P A S S   ?
[DEBUG][2016-01-21 15:35:39,141][com.java.TestType] [11680] - Concept ID:2 :: Step being Executed: 2::2
[INFO ][2016-01-21 15:35:39,141][com.java.TestType] [11718] - dataFields : LNKLogout
[DEBUG][2016-01-21 15:35:39,141][com.java.TestType] [11724] - <In Set values of the page>
[DEBUG][2016-01-21 15:35:39,141][com.java.TestType] [11729] - {Data Fields & Data Values Exist}
[INFO ][2016-01-21 15:35:39,141][com.java.TestType] [11735] - --------------------------setting values-----------------------------
[INFO ][2016-01-21 15:35:39,141][com.java.TestType] [11738] - Action Type : WaitTime
[DEBUG][2016-01-21 15:35:39,141][com.java.TestType] [ 6196] - sleepTime: 5000
[INFO ][2016-01-21 15:35:44,141][com.java.TestType] [11757] -  RESULT true
[INFO ][2016-01-21 15:35:44,141][com.java.TestType] [11874] - ?   P A S S   ?
[INFO ][2016-01-21 15:35:44,141][com.java.TestType] [11945] - Looping End......
[INFO ][2016-01-21 15:35:44,141][com.java.SeleniumDriver] [  930] -  RESULT true
[INFO ][2016-01-21 15:35:44,141][com.java.SeleniumDriver] [ 1136] - ?   P A S S   ?
[INFO ][2016-01-21 15:35:44,141][com.java.SeleniumDriver] [  856] - ------------------------------------------
[INFO ][2016-01-21 15:35:44,141][com.java.SeleniumDriver] [  857] - Test case being Executed: 5
[INFO ][2016-01-21 15:35:44,141][com.java.SeleniumDriver] [  869] - Test step:4
[INFO ][2016-01-21 15:35:44,141][com.java.SeleniumDriver] [  881] - Datavalue is----------2
[INFO ][2016-01-21 15:35:44,141][com.java.SeleniumDriver] [  905] - DataField : BTNG/L
[INFO ][2016-01-21 15:35:44,141][com.java.SeleniumDriver] [  907] - DataValue : 2
[INFO ][2016-01-21 15:35:44,141][com.java.SeleniumDriver] [  913] - <In Set values of the page>
[INFO ][2016-01-21 15:35:44,141][com.java.SeleniumDriver] [  916] - {Data Fields & Data Values Exist}
[INFO ][2016-01-21 15:35:44,141][com.java.SeleniumDriver] [  918] - --------------------------setting values-----------------------------
[INFO ][2016-01-21 15:35:44,141][com.java.SeleniumDriver] [  921] - Action Type : WAITFORELEMENT
[INFO ][2016-01-21 15:35:44,182][com.java.SeleniumDriver] [  930] -  RESULT true
[INFO ][2016-01-21 15:35:44,182][com.java.SeleniumDriver] [ 1136] - ?   P A S S   ?
[INFO ][2016-01-21 15:35:44,182][com.java.SeleniumDriver] [  856] - ------------------------------------------
[INFO ][2016-01-21 15:35:44,182][com.java.SeleniumDriver] [  857] - Test case being Executed: 5
[INFO ][2016-01-21 15:35:44,182][com.java.SeleniumDriver] [  869] - Test step:5
[INFO ][2016-01-21 15:35:44,182][com.java.SeleniumDriver] [  881] - Datavalue is----------null
[DEBUG][2016-01-21 15:35:44,182][com.java.SeleniumDriver] [  899] - Exception: null
[INFO ][2016-01-21 15:35:44,182][com.java.SeleniumDriver] [  905] - DataField : //a[starts-with(normalize-space(.), 'Settings')]/span[2]&&//a[starts-with(normalize-space(.), 'Customize')]&&//li[@data-id='MyDashboard']/a[starts-with(text(), 'My Dashboard')]
[INFO ][2016-01-21 15:35:44,182][com.java.SeleniumDriver] [  907] - DataValue : 
[INFO ][2016-01-21 15:35:44,182][com.java.SeleniumDriver] [  913] - <In Set values of the page>
[INFO ][2016-01-21 15:35:44,182][com.java.SeleniumDriver] [  916] - {Data Fields & Data Values Exist}
[INFO ][2016-01-21 15:35:44,182][com.java.SeleniumDriver] [  918] - --------------------------setting values-----------------------------
[INFO ][2016-01-21 15:35:44,182][com.java.SeleniumDriver] [  921] - Action Type : MOUSEOVER
[INFO ][2016-01-21 15:36:11,751][com.java.SeleniumDriver] [  930] -  RESULT true
[INFO ][2016-01-21 15:36:11,751][com.java.SeleniumDriver] [ 1136] - ?   P A S S   ?
[INFO ][2016-01-21 15:36:11,751][com.java.SeleniumDriver] [  856] - ------------------------------------------
[INFO ][2016-01-21 15:36:11,751][com.java.SeleniumDriver] [  857] - Test case being Executed: 5
[INFO ][2016-01-21 15:36:11,751][com.java.SeleniumDriver] [  869] - Test step:6
[INFO ][2016-01-21 15:36:11,751][com.java.SeleniumDriver] [  881] - Datavalue is----------5
[INFO ][2016-01-21 15:36:11,751][com.java.SeleniumDriver] [  905] - DataField : BTN//iframe[@id='frameDialogContent']
[INFO ][2016-01-21 15:36:11,751][com.java.SeleniumDriver] [  907] - DataValue : 5
[INFO ][2016-01-21 15:36:11,751][com.java.SeleniumDriver] [  913] - <In Set values of the page>
[INFO ][2016-01-21 15:36:11,751][com.java.SeleniumDriver] [  916] - {Data Fields & Data Values Exist}
[INFO ][2016-01-21 15:36:11,751][com.java.SeleniumDriver] [  918] - --------------------------setting values-----------------------------
[INFO ][2016-01-21 15:36:11,751][com.java.SeleniumDriver] [  921] - Action Type : WAITFORELEMENT
[INFO ][2016-01-21 15:36:11,792][com.java.SeleniumDriver] [  930] -  RESULT true
[INFO ][2016-01-21 15:36:11,792][com.java.SeleniumDriver] [ 1136] - ?   P A S S   ?
[INFO ][2016-01-21 15:36:11,792][com.java.SeleniumDriver] [  856] - ------------------------------------------
[INFO ][2016-01-21 15:36:11,792][com.java.SeleniumDriver] [  857] - Test case being Executed: 5
[INFO ][2016-01-21 15:36:11,792][com.java.SeleniumDriver] [  869] - Test step:7
[INFO ][2016-01-21 15:36:11,792][com.java.SeleniumDriver] [  881] - Datavalue is----------null
[DEBUG][2016-01-21 15:36:11,792][com.java.SeleniumDriver] [  899] - Exception: null
[INFO ][2016-01-21 15:36:11,792][com.java.SeleniumDriver] [  905] - DataField : BTN//iframe[@id='frameDialogContent']
[INFO ][2016-01-21 15:36:11,792][com.java.SeleniumDriver] [  907] - DataValue : 
[INFO ][2016-01-21 15:36:11,792][com.java.SeleniumDriver] [  913] - <In Set values of the page>
[INFO ][2016-01-21 15:36:11,792][com.java.SeleniumDriver] [  916] - {Data Fields & Data Values Exist}
[INFO ][2016-01-21 15:36:11,792][com.java.SeleniumDriver] [  918] - --------------------------setting values-----------------------------
[INFO ][2016-01-21 15:36:11,792][com.java.SeleniumDriver] [  921] - Action Type : SELECTFRAME
[INFO ][2016-01-21 15:36:11,892][com.java.SeleniumDriver] [  930] -  RESULT true
[INFO ][2016-01-21 15:36:11,892][com.java.SeleniumDriver] [ 1136] - ?   P A S S   ?
[INFO ][2016-01-21 15:36:11,892][com.java.SeleniumDriver] [  856] - ------------------------------------------
[INFO ][2016-01-21 15:36:11,892][com.java.SeleniumDriver] [  857] - Test case being Executed: 5
[INFO ][2016-01-21 15:36:11,892][com.java.SeleniumDriver] [  869] - Test step:8
[INFO ][2016-01-21 15:36:11,892][com.java.SeleniumDriver] [  881] - Datavalue is----------#_keys
[INFO ][2016-01-21 15:36:11,892][com.java.SeleniumDriver] [  905] - DataField : XPH//td[starts-with(text(), '#_CAL')]
[INFO ][2016-01-21 15:36:11,892][com.java.SeleniumDriver] [  907] - DataValue : #_keys
[INFO ][2016-01-21 15:36:11,892][com.java.SeleniumDriver] [  913] - <In Set values of the page>
[INFO ][2016-01-21 15:36:11,892][com.java.SeleniumDriver] [  916] - {Data Fields & Data Values Exist}
[INFO ][2016-01-21 15:36:11,892][com.java.SeleniumDriver] [  918] - --------------------------setting values-----------------------------
[INFO ][2016-01-21 15:36:11,892][com.java.SeleniumDriver] [  921] - Action Type : STOREVALUE
[INFO ][2016-01-21 15:36:11,892][com.java.TestType] [ 9399] - field= XPH//td[starts-with(text(), '#_CAL')]
[DEBUG][2016-01-21 15:36:11,972][com.java.TestType] [ 9454] - Key:: #_keys   Value:: #_CAL63404
[INFO ][2016-01-21 15:36:11,972][com.java.SeleniumDriver] [  930] -  RESULT true
[INFO ][2016-01-21 15:36:11,972][com.java.SeleniumDriver] [ 1136] - ?   P A S S   ?
[INFO ][2016-01-21 15:36:11,972][com.java.SeleniumDriver] [  856] - ------------------------------------------
[INFO ][2016-01-21 15:36:11,972][com.java.SeleniumDriver] [  857] - Test case being Executed: 5
[INFO ][2016-01-21 15:36:11,972][com.java.SeleniumDriver] [  869] - Test step:9
[INFO ][2016-01-21 15:36:11,972][com.java.SeleniumDriver] [  881] - Datavalue is----------null
[DEBUG][2016-01-21 15:36:11,972][com.java.SeleniumDriver] [  899] - Exception: null
[INFO ][2016-01-21 15:36:11,972][com.java.SeleniumDriver] [  905] - DataField : BTNparent
[INFO ][2016-01-21 15:36:11,972][com.java.SeleniumDriver] [  907] - DataValue : 
[INFO ][2016-01-21 15:36:11,972][com.java.SeleniumDriver] [  913] - <In Set values of the page>
[INFO ][2016-01-21 15:36:11,972][com.java.SeleniumDriver] [  916] - {Data Fields & Data Values Exist}
[INFO ][2016-01-21 15:36:11,972][com.java.SeleniumDriver] [  918] - --------------------------setting values-----------------------------
[INFO ][2016-01-21 15:36:11,972][com.java.SeleniumDriver] [  921] - Action Type : SELECTFRAME
[INFO ][2016-01-21 15:36:11,982][com.java.SeleniumDriver] [  930] -  RESULT true
[INFO ][2016-01-21 15:36:11,982][com.java.SeleniumDriver] [ 1136] - ?   P A S S   ?
[INFO ][2016-01-21 15:36:11,982][com.java.SeleniumDriver] [  856] - ------------------------------------------
[INFO ][2016-01-21 15:36:11,982][com.java.SeleniumDriver] [  857] - Test case being Executed: 5
[INFO ][2016-01-21 15:36:11,982][com.java.SeleniumDriver] [  869] - Test step:10
[INFO ][2016-01-21 15:36:11,982][com.java.SeleniumDriver] [  881] - Datavalue is----------5
[INFO ][2016-01-21 15:36:11,982][com.java.SeleniumDriver] [  905] - DataField : XPH//span[contains(text(),'Finished')]
[INFO ][2016-01-21 15:36:11,982][com.java.SeleniumDriver] [  907] - DataValue : 5
[INFO ][2016-01-21 15:36:11,982][com.java.SeleniumDriver] [  913] - <In Set values of the page>
[INFO ][2016-01-21 15:36:11,982][com.java.SeleniumDriver] [  916] - {Data Fields & Data Values Exist}
[INFO ][2016-01-21 15:36:11,982][com.java.SeleniumDriver] [  918] - --------------------------setting values-----------------------------
[INFO ][2016-01-21 15:36:11,982][com.java.SeleniumDriver] [  921] - Action Type : WAITFORELEMENT
[INFO ][2016-01-21 15:36:12,022][com.java.SeleniumDriver] [  930] -  RESULT true
[INFO ][2016-01-21 15:36:12,022][com.java.SeleniumDriver] [ 1136] - ?   P A S S   ?
[INFO ][2016-01-21 15:36:12,022][com.java.SeleniumDriver] [  856] - ------------------------------------------
[INFO ][2016-01-21 15:36:12,022][com.java.SeleniumDriver] [  857] - Test case being Executed: 5
[INFO ][2016-01-21 15:36:12,022][com.java.SeleniumDriver] [  869] - Test step:11
[INFO ][2016-01-21 15:36:12,022][com.java.SeleniumDriver] [  881] - Datavalue is----------null
[DEBUG][2016-01-21 15:36:12,022][com.java.SeleniumDriver] [  899] - Exception: null
[INFO ][2016-01-21 15:36:12,022][com.java.SeleniumDriver] [  905] - DataField : HDN//span[contains(text(),'Finished')]
[INFO ][2016-01-21 15:36:12,022][com.java.SeleniumDriver] [  907] - DataValue : 
[INFO ][2016-01-21 15:36:12,022][com.java.SeleniumDriver] [  913] - <In Set values of the page>
[INFO ][2016-01-21 15:36:12,022][com.java.SeleniumDriver] [  916] - {Data Fields & Data Values Exist}
[INFO ][2016-01-21 15:36:12,022][com.java.SeleniumDriver] [  918] - --------------------------setting values-----------------------------
[INFO ][2016-01-21 15:36:12,022][com.java.SeleniumDriver] [  921] - Action Type : CLICK
[INFO ][2016-01-21 15:36:12,022][com.java.TestType] [ 6761] - Field ::HDN//span[contains(text(),'Finished')]
[INFO ][2016-01-21 15:36:12,022][com.java.TestType] [ 6382] - value = 
[INFO ][2016-01-21 15:36:13,193][com.java.SeleniumDriver] [  930] -  RESULT true
[INFO ][2016-01-21 15:36:13,193][com.java.SeleniumDriver] [ 1136] - ?   P A S S   ?
[INFO ][2016-01-21 15:36:13,193][com.java.SeleniumDriver] [  856] - ------------------------------------------
[INFO ][2016-01-21 15:36:13,193][com.java.SeleniumDriver] [  857] - Test case being Executed: 5
[INFO ][2016-01-21 15:36:13,193][com.java.SeleniumDriver] [  869] - Test step:12
[INFO ][2016-01-21 15:36:13,193][com.java.SeleniumDriver] [  881] - Datavalue is----------10
[INFO ][2016-01-21 15:36:13,193][com.java.SeleniumDriver] [  905] - DataField : DSP//div[@class='widgetBody']//tr[last()]
[INFO ][2016-01-21 15:36:13,193][com.java.SeleniumDriver] [  907] - DataValue : 10
[INFO ][2016-01-21 15:36:13,193][com.java.SeleniumDriver] [  913] - <In Set values of the page>
[INFO ][2016-01-21 15:36:13,193][com.java.SeleniumDriver] [  916] - {Data Fields & Data Values Exist}
[INFO ][2016-01-21 15:36:13,193][com.java.SeleniumDriver] [  918] - --------------------------setting values-----------------------------
[INFO ][2016-01-21 15:36:13,193][com.java.SeleniumDriver] [  921] - Action Type : WaitForElement
[INFO ][2016-01-21 15:36:13,343][com.java.SeleniumDriver] [  930] -  RESULT true
[INFO ][2016-01-21 15:36:13,343][com.java.SeleniumDriver] [ 1136] - ?   P A S S   ?
[INFO ][2016-01-21 15:36:13,343][com.java.SeleniumDriver] [  856] - ------------------------------------------
[INFO ][2016-01-21 15:36:13,343][com.java.SeleniumDriver] [  857] - Test case being Executed: 5
[INFO ][2016-01-21 15:36:13,343][com.java.SeleniumDriver] [  869] - Test step:13
[INFO ][2016-01-21 15:36:13,343][com.java.SeleniumDriver] [  881] - Datavalue is----------HMV#_keys
[INFO ][2016-01-21 15:36:13,343][com.java.SeleniumDriver] [  905] - DataField : MSG
[INFO ][2016-01-21 15:36:13,343][com.java.SeleniumDriver] [  907] - DataValue : HMV#_keys
[INFO ][2016-01-21 15:36:13,343][com.java.SeleniumDriver] [  913] - <In Set values of the page>
[INFO ][2016-01-21 15:36:13,343][com.java.SeleniumDriver] [  916] - {Data Fields & Data Values Exist}
[INFO ][2016-01-21 15:36:13,343][com.java.SeleniumDriver] [  918] - --------------------------setting values-----------------------------
[INFO ][2016-01-21 15:36:13,343][com.java.SeleniumDriver] [  921] - Action Type : verify
[INFO ][2016-01-21 15:36:13,343][com.java.TestType] [ 7972] - field= MSG value= HMV#_keys
[INFO ][2016-01-21 15:36:13,343][com.java.TestType] [ 6382] - value = #_CAL63404
[DEBUG][2016-01-21 15:36:13,343][com.java.TestType] [ 8802] - value :: #_CAL63404
[INFO ][2016-01-21 15:36:13,403][com.java.SeleniumDriver] [  930] -  RESULT true
[INFO ][2016-01-21 15:36:13,403][com.java.SeleniumDriver] [ 1136] - ?   P A S S   ?
[INFO ][2016-01-21 15:36:13,403][com.java.SeleniumDriver] [  856] - ------------------------------------------
[INFO ][2016-01-21 15:36:13,403][com.java.SeleniumDriver] [  857] - Test case being Executed: 5
[INFO ][2016-01-21 15:36:13,403][com.java.SeleniumDriver] [  869] - Test step:14
[INFO ][2016-01-21 15:36:13,403][com.java.SeleniumDriver] [  881] - Datavalue is----------5
[INFO ][2016-01-21 15:36:13,403][com.java.SeleniumDriver] [  905] - DataField : test
[INFO ][2016-01-21 15:36:13,403][com.java.SeleniumDriver] [  907] - DataValue : 5
[INFO ][2016-01-21 15:36:13,403][com.java.SeleniumDriver] [  913] - <In Set values of the page>
[INFO ][2016-01-21 15:36:13,403][com.java.SeleniumDriver] [  916] - {Data Fields & Data Values Exist}
[INFO ][2016-01-21 15:36:13,403][com.java.SeleniumDriver] [  918] - --------------------------setting values-----------------------------
[INFO ][2016-01-21 15:36:13,403][com.java.SeleniumDriver] [  921] - Action Type : WaitTime
[DEBUG][2016-01-21 15:36:13,403][com.java.TestType] [ 6196] - sleepTime: 5000
[INFO ][2016-01-21 15:36:18,403][com.java.SeleniumDriver] [  930] -  RESULT true
[INFO ][2016-01-21 15:36:18,403][com.java.SeleniumDriver] [ 1136] - ?   P A S S   ?
[INFO ][2016-01-21 15:36:18,403][com.java.SeleniumDriver] [  856] - ------------------------------------------
[INFO ][2016-01-21 15:36:18,403][com.java.SeleniumDriver] [  857] - Test case being Executed: 5
[INFO ][2016-01-21 15:36:18,403][com.java.SeleniumDriver] [  869] - Test step:15
[INFO ][2016-01-21 15:36:18,403][com.java.SeleniumDriver] [  881] - Datavalue is----------Concept#9:1-23
[INFO ][2016-01-21 15:36:18,403][com.java.SeleniumDriver] [  905] - DataField : test
[INFO ][2016-01-21 15:36:18,403][com.java.SeleniumDriver] [  907] - DataValue : Concept#9:1-23
[INFO ][2016-01-21 15:36:18,403][com.java.SeleniumDriver] [  913] - <In Set values of the page>
[INFO ][2016-01-21 15:36:18,403][com.java.SeleniumDriver] [  916] - {Data Fields & Data Values Exist}
[INFO ][2016-01-21 15:36:18,403][com.java.SeleniumDriver] [  918] - --------------------------setting values-----------------------------
[INFO ][2016-01-21 15:36:18,403][com.java.SeleniumDriver] [  921] - Action Type : ExecuteTestCase
[INFO ][2016-01-21 15:36:18,403][com.java.TestType] [  442] - The Concept sheet name is ---------- Concept
[INFO ][2016-01-21 15:36:18,403][com.java.TestType] [  445] - The Concept ID  is ---------- 9
[DEBUG][2016-01-21 15:36:18,403][com.java.TestType] [  449] - Steps being executted in the Concept are: 1:23
[INFO ][2016-01-21 15:36:18,403][com.java.TestType] [  456] - Test data details path ---------- D:\BankersDashboard\TestInputs\TestData.xls
[INFO ][2016-01-21 15:36:18,944][com.java.TestType] [  487] -  str(1) = 9
[INFO ][2016-01-21 15:36:18,944][com.java.TestType] [  490] - Test case Id is---9
[INFO ][2016-01-21 15:36:18,944][com.java.TestType] [  492] - 9
[INFO ][2016-01-21 15:36:18,944][com.java.TestType] [  487] -  str(2) = 1
[INFO ][2016-01-21 15:36:18,954][com.java.TestType] [  487] -  str(1) = 9
[INFO ][2016-01-21 15:36:18,954][com.java.TestType] [  490] - Test case Id is---9
[INFO ][2016-01-21 15:36:18,954][com.java.TestType] [  492] - 9
[INFO ][2016-01-21 15:36:18,954][com.java.TestType] [  487] -  str(2) = 2
[INFO ][2016-01-21 15:36:18,954][com.java.TestType] [  487] -  str(1) = 9
[INFO ][2016-01-21 15:36:18,954][com.java.TestType] [  490] - Test case Id is---9
[INFO ][2016-01-21 15:36:18,954][com.java.TestType] [  492] - 9
[INFO ][2016-01-21 15:36:18,954][com.java.TestType] [  487] -  str(2) = 3
[INFO ][2016-01-21 15:36:18,954][com.java.TestType] [  487] -  str(1) = 9
[INFO ][2016-01-21 15:36:18,954][com.java.TestType] [  490] - Test case Id is---9
[INFO ][2016-01-21 15:36:18,954][com.java.TestType] [  492] - 9
[INFO ][2016-01-21 15:36:18,954][com.java.TestType] [  487] -  str(2) = 4
[INFO ][2016-01-21 15:36:18,954][com.java.TestType] [  487] -  str(1) = 9
[INFO ][2016-01-21 15:36:18,954][com.java.TestType] [  490] - Test case Id is---9
[INFO ][2016-01-21 15:36:18,954][com.java.TestType] [  492] - 9
[INFO ][2016-01-21 15:36:18,954][com.java.TestType] [  487] -  str(2) = 5
[INFO ][2016-01-21 15:36:18,954][com.java.TestType] [  487] -  str(1) = 9
[INFO ][2016-01-21 15:36:18,954][com.java.TestType] [  490] - Test case Id is---9
[INFO ][2016-01-21 15:36:18,954][com.java.TestType] [  492] - 9
[INFO ][2016-01-21 15:36:18,954][com.java.TestType] [  487] -  str(2) = 6
[INFO ][2016-01-21 15:36:18,954][com.java.TestType] [  487] -  str(1) = 9
[INFO ][2016-01-21 15:36:18,954][com.java.TestType] [  490] - Test case Id is---9
[INFO ][2016-01-21 15:36:18,954][com.java.TestType] [  492] - 9
[INFO ][2016-01-21 15:36:18,954][com.java.TestType] [  487] -  str(2) = 7
[INFO ][2016-01-21 15:36:18,954][com.java.TestType] [  487] -  str(1) = 9
[INFO ][2016-01-21 15:36:18,954][com.java.TestType] [  490] - Test case Id is---9
[INFO ][2016-01-21 15:36:18,954][com.java.TestType] [  492] - 9
[INFO ][2016-01-21 15:36:18,954][com.java.TestType] [  487] -  str(2) = 8
[INFO ][2016-01-21 15:36:18,954][com.java.TestType] [  487] -  str(1) = 9
[INFO ][2016-01-21 15:36:18,954][com.java.TestType] [  490] - Test case Id is---9
[INFO ][2016-01-21 15:36:18,954][com.java.TestType] [  492] - 9
[INFO ][2016-01-21 15:36:18,954][com.java.TestType] [  487] -  str(2) = 9
[INFO ][2016-01-21 15:36:18,954][com.java.TestType] [  487] -  str(1) = 9
[INFO ][2016-01-21 15:36:18,954][com.java.TestType] [  490] - Test case Id is---9
[INFO ][2016-01-21 15:36:18,954][com.java.TestType] [  492] - 9
[INFO ][2016-01-21 15:36:18,954][com.java.TestType] [  487] -  str(2) = 10
[INFO ][2016-01-21 15:36:18,954][com.java.TestType] [  487] -  str(1) = 9
[INFO ][2016-01-21 15:36:18,954][com.java.TestType] [  490] - Test case Id is---9
[INFO ][2016-01-21 15:36:18,954][com.java.TestType] [  492] - 9
[INFO ][2016-01-21 15:36:18,954][com.java.TestType] [  487] -  str(2) = 11
[INFO ][2016-01-21 15:36:18,954][com.java.TestType] [  487] -  str(1) = 9
[INFO ][2016-01-21 15:36:18,964][com.java.TestType] [  490] - Test case Id is---9
[INFO ][2016-01-21 15:36:18,964][com.java.TestType] [  492] - 9
[INFO ][2016-01-21 15:36:18,964][com.java.TestType] [  487] -  str(2) = 12
[INFO ][2016-01-21 15:36:18,964][com.java.TestType] [  487] -  str(1) = 9
[INFO ][2016-01-21 15:36:18,964][com.java.TestType] [  490] - Test case Id is---9
[INFO ][2016-01-21 15:36:18,964][com.java.TestType] [  492] - 9
[INFO ][2016-01-21 15:36:18,964][com.java.TestType] [  487] -  str(2) = 13
[INFO ][2016-01-21 15:36:18,964][com.java.TestType] [  487] -  str(1) = 9
[INFO ][2016-01-21 15:36:18,964][com.java.TestType] [  490] - Test case Id is---9
[INFO ][2016-01-21 15:36:18,964][com.java.TestType] [  492] - 9
[INFO ][2016-01-21 15:36:18,964][com.java.TestType] [  487] -  str(2) = 14
[INFO ][2016-01-21 15:36:18,964][com.java.TestType] [  487] -  str(1) = 9
[INFO ][2016-01-21 15:36:18,964][com.java.TestType] [  490] - Test case Id is---9
[INFO ][2016-01-21 15:36:18,964][com.java.TestType] [  492] - 9
[INFO ][2016-01-21 15:36:18,964][com.java.TestType] [  487] -  str(2) = 15
[INFO ][2016-01-21 15:36:18,964][com.java.TestType] [  487] -  str(1) = 9
[INFO ][2016-01-21 15:36:18,964][com.java.TestType] [  490] - Test case Id is---9
[INFO ][2016-01-21 15:36:18,964][com.java.TestType] [  492] - 9
[INFO ][2016-01-21 15:36:18,964][com.java.TestType] [  487] -  str(2) = 16
[INFO ][2016-01-21 15:36:18,964][com.java.TestType] [  487] -  str(1) = 9
[INFO ][2016-01-21 15:36:18,964][com.java.TestType] [  490] - Test case Id is---9
[INFO ][2016-01-21 15:36:18,964][com.java.TestType] [  492] - 9
[INFO ][2016-01-21 15:36:18,964][com.java.TestType] [  487] -  str(2) = 17
[INFO ][2016-01-21 15:36:18,964][com.java.TestType] [  487] -  str(1) = 9
[INFO ][2016-01-21 15:36:18,964][com.java.TestType] [  490] - Test case Id is---9
[INFO ][2016-01-21 15:36:18,964][com.java.TestType] [  492] - 9
[INFO ][2016-01-21 15:36:18,964][com.java.TestType] [  487] -  str(2) = 18
[INFO ][2016-01-21 15:36:18,964][com.java.TestType] [  487] -  str(1) = 9
[INFO ][2016-01-21 15:36:18,964][com.java.TestType] [  490] - Test case Id is---9
[INFO ][2016-01-21 15:36:18,964][com.java.TestType] [  492] - 9
[INFO ][2016-01-21 15:36:18,964][com.java.TestType] [  487] -  str(2) = 19
[INFO ][2016-01-21 15:36:18,964][com.java.TestType] [  487] -  str(1) = 9
[INFO ][2016-01-21 15:36:18,964][com.java.TestType] [  490] - Test case Id is---9
[INFO ][2016-01-21 15:36:18,964][com.java.TestType] [  492] - 9
[INFO ][2016-01-21 15:36:18,964][com.java.TestType] [  487] -  str(2) = 20
[INFO ][2016-01-21 15:36:18,964][com.java.TestType] [  487] -  str(1) = 9
[INFO ][2016-01-21 15:36:18,964][com.java.TestType] [  490] - Test case Id is---9
[INFO ][2016-01-21 15:36:18,964][com.java.TestType] [  492] - 9
[INFO ][2016-01-21 15:36:18,964][com.java.TestType] [  487] -  str(2) = 21
[INFO ][2016-01-21 15:36:18,964][com.java.TestType] [  487] -  str(1) = 9
[INFO ][2016-01-21 15:36:18,964][com.java.TestType] [  490] - Test case Id is---9
[INFO ][2016-01-21 15:36:18,964][com.java.TestType] [  492] - 9
[INFO ][2016-01-21 15:36:18,964][com.java.TestType] [  487] -  str(2) = 22
[INFO ][2016-01-21 15:36:18,964][com.java.TestType] [  487] -  str(1) = 9
[INFO ][2016-01-21 15:36:18,964][com.java.TestType] [  490] - Test case Id is---9
[INFO ][2016-01-21 15:36:18,964][com.java.TestType] [  492] - 9
[INFO ][2016-01-21 15:36:18,964][com.java.TestType] [  487] -  str(2) = 23
[INFO ][2016-01-21 15:36:18,964][com.java.TestType] [11639] - Looping 1TCID = 9
[DEBUG][2016-01-21 15:36:18,974][com.java.TestType] [11680] - Concept ID:9 :: Step being Executed: 9::1
[ERROR][2016-01-21 15:36:18,974][com.java.TestType] [11713] - Exception: null
[INFO ][2016-01-21 15:36:18,974][com.java.TestType] [11718] - dataFields : BTNparent
[DEBUG][2016-01-21 15:36:18,974][com.java.TestType] [11724] - <In Set values of the page>
[DEBUG][2016-01-21 15:36:18,974][com.java.TestType] [11729] - {Data Fields & Data Values Exist}
[INFO ][2016-01-21 15:36:18,974][com.java.TestType] [11735] - --------------------------setting values-----------------------------
[INFO ][2016-01-21 15:36:18,974][com.java.TestType] [11738] - Action Type : SELECTFRAME
[INFO ][2016-01-21 15:36:18,984][com.java.TestType] [11757] -  RESULT true
[INFO ][2016-01-21 15:36:18,984][com.java.TestType] [11874] - ?   P A S S   ?
[DEBUG][2016-01-21 15:36:18,984][com.java.TestType] [11680] - Concept ID:9 :: Step being Executed: 9::2
[INFO ][2016-01-21 15:36:18,984][com.java.TestType] [11718] - dataFields : test
[DEBUG][2016-01-21 15:36:18,984][com.java.TestType] [11724] - <In Set values of the page>
[DEBUG][2016-01-21 15:36:18,984][com.java.TestType] [11729] - {Data Fields & Data Values Exist}
[INFO ][2016-01-21 15:36:18,984][com.java.TestType] [11735] - --------------------------setting values-----------------------------
[INFO ][2016-01-21 15:36:18,984][com.java.TestType] [11738] - Action Type : OPENURL
[INFO ][2016-01-21 15:36:18,984][com.java.TestType] [ 6382] - value = https://clients-xuat.bankersdashboard.com
[INFO ][2016-01-21 15:36:18,984][com.java.TestType] [  358] - Open URL : https://clients-xuat.bankersdashboard.com
[INFO ][2016-01-21 15:36:21,316][com.java.TestType] [11757] -  RESULT true
[INFO ][2016-01-21 15:36:21,316][com.java.TestType] [11874] - ?   P A S S   ?
[DEBUG][2016-01-21 15:36:21,316][com.java.TestType] [11680] - Concept ID:9 :: Step being Executed: 9::3
[ERROR][2016-01-21 15:36:21,316][com.java.TestType] [11713] - Exception: null
[INFO ][2016-01-21 15:36:21,316][com.java.TestType] [11718] - dataFields : //span[@class='icon-hammer']&&//a[text()='Custom Calculations']
[DEBUG][2016-01-21 15:36:21,316][com.java.TestType] [11724] - <In Set values of the page>
[DEBUG][2016-01-21 15:36:21,316][com.java.TestType] [11729] - {Data Fields & Data Values Exist}
[INFO ][2016-01-21 15:36:21,316][com.java.TestType] [11735] - --------------------------setting values-----------------------------
[INFO ][2016-01-21 15:36:21,316][com.java.TestType] [11738] - Action Type : MOUSEOVER
[INFO ][2016-01-21 15:36:45,000][com.java.TestType] [11757] -  RESULT true
[INFO ][2016-01-21 15:36:45,000][com.java.TestType] [11874] - ?   P A S S   ?
[DEBUG][2016-01-21 15:36:45,000][com.java.TestType] [11680] - Concept ID:9 :: Step being Executed: 9::4
[INFO ][2016-01-21 15:36:45,000][com.java.TestType] [11718] - dataFields : BTN//iframe[@class='frameTabContent']
[DEBUG][2016-01-21 15:36:45,000][com.java.TestType] [11724] - <In Set values of the page>
[DEBUG][2016-01-21 15:36:45,000][com.java.TestType] [11729] - {Data Fields & Data Values Exist}
[INFO ][2016-01-21 15:36:45,000][com.java.TestType] [11735] - --------------------------setting values-----------------------------
[INFO ][2016-01-21 15:36:45,000][com.java.TestType] [11738] - Action Type : waitforelement
[INFO ][2016-01-21 15:36:45,041][com.java.TestType] [11757] -  RESULT true
[INFO ][2016-01-21 15:36:45,041][com.java.TestType] [11874] - ?   P A S S   ?
[DEBUG][2016-01-21 15:36:45,041][com.java.TestType] [11680] - Concept ID:9 :: Step being Executed: 9::5
[INFO ][2016-01-21 15:36:45,041][com.java.TestType] [11718] - dataFields : XPH//li[@class="inactiveTab"]//a[@title="Custom Calcs"]
[DEBUG][2016-01-21 15:36:45,041][com.java.TestType] [11724] - <In Set values of the page>
[DEBUG][2016-01-21 15:36:45,041][com.java.TestType] [11729] - {Data Fields & Data Values Exist}
[INFO ][2016-01-21 15:36:45,041][com.java.TestType] [11735] - --------------------------setting values-----------------------------
[INFO ][2016-01-21 15:36:45,041][com.java.TestType] [11738] - Action Type : waitforelement
[INFO ][2016-01-21 15:36:45,081][com.java.TestType] [11757] -  RESULT true
[INFO ][2016-01-21 15:36:45,081][com.java.TestType] [11874] - ?   P A S S   ?
[DEBUG][2016-01-21 15:36:45,081][com.java.TestType] [11680] - Concept ID:9 :: Step being Executed: 9::6
[ERROR][2016-01-21 15:36:45,081][com.java.TestType] [11713] - Exception: null
[INFO ][2016-01-21 15:36:45,081][com.java.TestType] [11718] - dataFields : XPH//li[@class="inactiveTab"]//a[@title="Custom Calcs"]
[DEBUG][2016-01-21 15:36:45,081][com.java.TestType] [11724] - <In Set values of the page>
[DEBUG][2016-01-21 15:36:45,081][com.java.TestType] [11729] - {Data Fields & Data Values Exist}
[INFO ][2016-01-21 15:36:45,081][com.java.TestType] [11735] - --------------------------setting values-----------------------------
[INFO ][2016-01-21 15:36:45,081][com.java.TestType] [11738] - Action Type : click
[INFO ][2016-01-21 15:36:45,081][com.java.TestType] [ 6761] - Field ::XPH//li[@class="inactiveTab"]//a[@title="Custom Calcs"]
[INFO ][2016-01-21 15:36:45,081][com.java.TestType] [ 6382] - value = 
[INFO ][2016-01-21 15:36:46,081][com.java.TestType] [ 6934] - BEFORE CLICK
[INFO ][2016-01-21 15:36:47,443][com.java.TestType] [ 6942] - Unable to click the object click on add button
[INFO ][2016-01-21 15:36:47,443][com.java.TestType] [11757] -  RESULT true
[INFO ][2016-01-21 15:36:47,443][com.java.TestType] [11874] - ?   P A S S   ?
[DEBUG][2016-01-21 15:36:47,443][com.java.TestType] [11680] - Concept ID:9 :: Step being Executed: 9::7
[INFO ][2016-01-21 15:36:47,443][com.java.TestType] [11718] - dataFields : test
[DEBUG][2016-01-21 15:36:47,443][com.java.TestType] [11724] - <In Set values of the page>
[DEBUG][2016-01-21 15:36:47,443][com.java.TestType] [11729] - {Data Fields & Data Values Exist}
[INFO ][2016-01-21 15:36:47,443][com.java.TestType] [11735] - --------------------------setting values-----------------------------
[INFO ][2016-01-21 15:36:47,443][com.java.TestType] [11738] - Action Type : WaitTime
[DEBUG][2016-01-21 15:36:47,443][com.java.TestType] [ 6196] - sleepTime: 5000
[INFO ][2016-01-21 15:36:52,444][com.java.TestType] [11757] -  RESULT true
[INFO ][2016-01-21 15:36:52,444][com.java.TestType] [11874] - ?   P A S S   ?
[DEBUG][2016-01-21 15:36:52,444][com.java.TestType] [11680] - Concept ID:9 :: Step being Executed: 9::8
[ERROR][2016-01-21 15:36:52,444][com.java.TestType] [11713] - Exception: null
[INFO ][2016-01-21 15:36:52,444][com.java.TestType] [11718] - dataFields : XPH//li[@class="inactiveTab"]//a[@title="Custom Calcs"]//span[@class="closeimg icon-close icon-xs"]
[DEBUG][2016-01-21 15:36:52,444][com.java.TestType] [11724] - <In Set values of the page>
[DEBUG][2016-01-21 15:36:52,444][com.java.TestType] [11729] - {Data Fields & Data Values Exist}
[INFO ][2016-01-21 15:36:52,444][com.java.TestType] [11735] - --------------------------setting values-----------------------------
[INFO ][2016-01-21 15:36:52,444][com.java.TestType] [11738] - Action Type : click
[INFO ][2016-01-21 15:36:52,444][com.java.TestType] [ 6761] - Field ::XPH//li[@class="inactiveTab"]//a[@title="Custom Calcs"]//span[@class="closeimg icon-close icon-xs"]
[INFO ][2016-01-21 15:36:52,444][com.java.TestType] [ 6382] - value = 
[INFO ][2016-01-21 15:36:53,445][com.java.TestType] [ 6934] - BEFORE CLICK
[INFO ][2016-01-21 15:36:55,590][com.java.TestType] [ 6942] - Unable to click the object click on add button
[INFO ][2016-01-21 15:36:55,590][com.java.TestType] [11757] -  RESULT true
[INFO ][2016-01-21 15:36:55,590][com.java.TestType] [11874] - ?   P A S S   ?
[DEBUG][2016-01-21 15:36:55,590][com.java.TestType] [11680] - Concept ID:9 :: Step being Executed: 9::9
[INFO ][2016-01-21 15:36:55,590][com.java.TestType] [11718] - dataFields : BTN//iframe[@class='frameTabContent']
[DEBUG][2016-01-21 15:36:55,590][com.java.TestType] [11724] - <In Set values of the page>
[DEBUG][2016-01-21 15:36:55,590][com.java.TestType] [11729] - {Data Fields & Data Values Exist}
[INFO ][2016-01-21 15:36:55,590][com.java.TestType] [11735] - --------------------------setting values-----------------------------
[INFO ][2016-01-21 15:36:55,590][com.java.TestType] [11738] - Action Type : waitforelement
[INFO ][2016-01-21 15:36:55,741][com.java.TestType] [11757] -  RESULT true
[INFO ][2016-01-21 15:36:55,741][com.java.TestType] [11874] - ?   P A S S   ?
[DEBUG][2016-01-21 15:36:55,741][com.java.TestType] [11680] - Concept ID:9 :: Step being Executed: 9::10
[ERROR][2016-01-21 15:36:55,741][com.java.TestType] [11713] - Exception: null
[INFO ][2016-01-21 15:36:55,741][com.java.TestType] [11718] - dataFields : BTN//iframe[@class='frameTabContent']
[DEBUG][2016-01-21 15:36:55,741][com.java.TestType] [11724] - <In Set values of the page>
[DEBUG][2016-01-21 15:36:55,741][com.java.TestType] [11729] - {Data Fields & Data Values Exist}
[INFO ][2016-01-21 15:36:55,741][com.java.TestType] [11735] - --------------------------setting values-----------------------------
[INFO ][2016-01-21 15:36:55,741][com.java.TestType] [11738] - Action Type : SELECTFRAME
[INFO ][2016-01-21 15:36:56,101][com.java.TestType] [11757] -  RESULT true
[INFO ][2016-01-21 15:36:56,101][com.java.TestType] [11874] - ?   P A S S   ?
[DEBUG][2016-01-21 15:36:56,101][com.java.TestType] [11680] - Concept ID:9 :: Step being Executed: 9::11
[INFO ][2016-01-21 15:36:56,101][com.java.TestType] [11718] - dataFields : null
[DEBUG][2016-01-21 15:36:56,101][com.java.TestType] [11724] - <In Set values of the page>
[INFO ][2016-01-21 15:36:56,101][com.java.TestType] [11874] - ?   P A S S   ?
[DEBUG][2016-01-21 15:36:56,101][com.java.TestType] [11680] - Concept ID:9 :: Step being Executed: 9::12
[INFO ][2016-01-21 15:36:56,101][com.java.TestType] [11718] - dataFields : EDT//div[@class='dataTables_filter']/label/input
[DEBUG][2016-01-21 15:36:56,101][com.java.TestType] [11724] - <In Set values of the page>
[DEBUG][2016-01-21 15:36:56,101][com.java.TestType] [11729] - {Data Fields & Data Values Exist}
[INFO ][2016-01-21 15:36:56,101][com.java.TestType] [11735] - --------------------------setting values-----------------------------
[INFO ][2016-01-21 15:36:56,101][com.java.TestType] [11738] - Action Type : CLEARANDENTER
[INFO ][2016-01-21 15:36:56,291][com.java.TestType] [ 6382] - value = #_CAL63404
[INFO ][2016-01-21 15:36:57,111][com.java.TestType] [11757] -  RESULT true
[INFO ][2016-01-21 15:36:57,111][com.java.TestType] [11874] - ?   P A S S   ?
[DEBUG][2016-01-21 15:36:57,111][com.java.TestType] [11680] - Concept ID:9 :: Step being Executed: 9::13
[INFO ][2016-01-21 15:36:57,111][com.java.TestType] [11718] - dataFields : null
[DEBUG][2016-01-21 15:36:57,111][com.java.TestType] [11724] - <In Set values of the page>
[INFO ][2016-01-21 15:36:57,111][com.java.TestType] [11874] - ?   P A S S   ?
[DEBUG][2016-01-21 15:36:57,111][com.java.TestType] [11680] - Concept ID:9 :: Step being Executed: 9::14
[INFO ][2016-01-21 15:36:57,111][com.java.TestType] [11718] - dataFields : HDC//td[contains(text(),'mytext')]
[DEBUG][2016-01-21 15:36:57,111][com.java.TestType] [11724] - <In Set values of the page>
[DEBUG][2016-01-21 15:36:57,111][com.java.TestType] [11729] - {Data Fields & Data Values Exist}
[INFO ][2016-01-21 15:36:57,111][com.java.TestType] [11735] - --------------------------setting values-----------------------------
[INFO ][2016-01-21 15:36:57,111][com.java.TestType] [11738] - Action Type : CLICK
[INFO ][2016-01-21 15:36:57,111][com.java.TestType] [ 6761] - Field ::HDC//td[contains(text(),'mytext')]
[INFO ][2016-01-21 15:36:57,111][com.java.TestType] [ 6382] - value = #_keys
[INFO ][2016-01-21 15:36:58,452][com.java.TestType] [11757] -  RESULT true
[INFO ][2016-01-21 15:36:58,452][com.java.TestType] [11874] - ?   P A S S   ?
[DEBUG][2016-01-21 15:36:58,452][com.java.TestType] [11680] - Concept ID:9 :: Step being Executed: 9::15
[ERROR][2016-01-21 15:36:58,452][com.java.TestType] [11713] - Exception: null
[INFO ][2016-01-21 15:36:58,452][com.java.TestType] [11718] - dataFields : MTC//div[@class="actions"]//span[@class="glyphicon glyphicon-remove"]
[DEBUG][2016-01-21 15:36:58,452][com.java.TestType] [11724] - <In Set values of the page>
[DEBUG][2016-01-21 15:36:58,452][com.java.TestType] [11729] - {Data Fields & Data Values Exist}
[INFO ][2016-01-21 15:36:58,452][com.java.TestType] [11735] - --------------------------setting values-----------------------------
[INFO ][2016-01-21 15:36:58,452][com.java.TestType] [11738] - Action Type : CLICKWITHALERT
[INFO ][2016-01-21 15:37:05,913][com.java.TestType] [11757] -  RESULT true
[INFO ][2016-01-21 15:37:05,913][com.java.TestType] [11874] - ?   P A S S   ?
[DEBUG][2016-01-21 15:37:05,913][com.java.TestType] [11680] - Concept ID:9 :: Step being Executed: 9::16
[INFO ][2016-01-21 15:37:05,913][com.java.TestType] [11718] - dataFields : EDT//div[@class='dataTables_filter']/label/input
[DEBUG][2016-01-21 15:37:05,913][com.java.TestType] [11724] - <In Set values of the page>
[DEBUG][2016-01-21 15:37:05,913][com.java.TestType] [11729] - {Data Fields & Data Values Exist}
[INFO ][2016-01-21 15:37:05,913][com.java.TestType] [11735] - --------------------------setting values-----------------------------
[INFO ][2016-01-21 15:37:05,913][com.java.TestType] [11738] - Action Type : CLEARANDENTER
[INFO ][2016-01-21 15:37:06,014][com.java.TestType] [ 6382] - value = #_CAL
[INFO ][2016-01-21 15:37:06,774][com.java.TestType] [11757] -  RESULT true
[INFO ][2016-01-21 15:37:06,774][com.java.TestType] [11874] - ?   P A S S   ?
[DEBUG][2016-01-21 15:37:06,774][com.java.TestType] [11680] - Concept ID:9 :: Step being Executed: 9::17
[INFO ][2016-01-21 15:37:06,774][com.java.TestType] [11718] - dataFields : null
[DEBUG][2016-01-21 15:37:06,774][com.java.TestType] [11724] - <In Set values of the page>
[INFO ][2016-01-21 15:37:06,774][com.java.TestType] [11874] - ?   P A S S   ?
[DEBUG][2016-01-21 15:37:06,774][com.java.TestType] [11680] - Concept ID:9 :: Step being Executed: 9::18
[ERROR][2016-01-21 15:37:06,774][com.java.TestType] [11713] - Exception: null
[INFO ][2016-01-21 15:37:06,774][com.java.TestType] [11718] - dataFields : HDC//td[starts-with(text(), '#_CAL')]
[DEBUG][2016-01-21 15:37:06,774][com.java.TestType] [11724] - <In Set values of the page>
[DEBUG][2016-01-21 15:37:06,774][com.java.TestType] [11729] - {Data Fields & Data Values Exist}
[INFO ][2016-01-21 15:37:06,774][com.java.TestType] [11735] - --------------------------setting values-----------------------------
[INFO ][2016-01-21 15:37:06,774][com.java.TestType] [11738] - Action Type : CLICK
[INFO ][2016-01-21 15:37:06,774][com.java.TestType] [ 6761] - Field ::HDC//td[starts-with(text(), '#_CAL')]
[INFO ][2016-01-21 15:37:06,774][com.java.TestType] [ 6382] - value = 
[INFO ][2016-01-21 15:37:08,159][com.java.TestType] [11757] -  RESULT true
[INFO ][2016-01-21 15:37:08,159][com.java.TestType] [11874] - ?   P A S S   ?
[DEBUG][2016-01-21 15:37:08,159][com.java.TestType] [11680] - Concept ID:9 :: Step being Executed: 9::19
[ERROR][2016-01-21 15:37:08,159][com.java.TestType] [11713] - Exception: null
[INFO ][2016-01-21 15:37:08,159][com.java.TestType] [11718] - dataFields : MTC//div[@class="actions"]//span[@class="glyphicon glyphicon-remove"]
[DEBUG][2016-01-21 15:37:08,159][com.java.TestType] [11724] - <In Set values of the page>
[DEBUG][2016-01-21 15:37:08,159][com.java.TestType] [11729] - {Data Fields & Data Values Exist}
[INFO ][2016-01-21 15:37:08,159][com.java.TestType] [11735] - --------------------------setting values-----------------------------
[INFO ][2016-01-21 15:37:08,159][com.java.TestType] [11738] - Action Type : CLICKWITHALERT
[INFO ][2016-01-21 15:37:15,640][com.java.TestType] [11757] -  RESULT true
[INFO ][2016-01-21 15:37:15,640][com.java.TestType] [11874] - ?   P A S S   ?
[DEBUG][2016-01-21 15:37:15,640][com.java.TestType] [11680] - Concept ID:9 :: Step being Executed: 9::20
[INFO ][2016-01-21 15:37:15,640][com.java.TestType] [11718] - dataFields : null
[DEBUG][2016-01-21 15:37:15,640][com.java.TestType] [11724] - <In Set values of the page>
[INFO ][2016-01-21 15:37:15,640][com.java.TestType] [11874] - ?   P A S S   ?
[DEBUG][2016-01-21 15:37:15,640][com.java.TestType] [11680] - Concept ID:9 :: Step being Executed: 9::21
[ERROR][2016-01-21 15:37:15,640][com.java.TestType] [11713] - Exception: null
[INFO ][2016-01-21 15:37:15,640][com.java.TestType] [11718] - dataFields : BTNparent
[DEBUG][2016-01-21 15:37:15,640][com.java.TestType] [11724] - <In Set values of the page>
[DEBUG][2016-01-21 15:37:15,640][com.java.TestType] [11729] - {Data Fields & Data Values Exist}
[INFO ][2016-01-21 15:37:15,640][com.java.TestType] [11735] - --------------------------setting values-----------------------------
[INFO ][2016-01-21 15:37:15,640][com.java.TestType] [11738] - Action Type : SELECTFRAME
[INFO ][2016-01-21 15:37:15,641][com.java.TestType] [11757] -  RESULT true
[INFO ][2016-01-21 15:37:15,641][com.java.TestType] [11874] - ?   P A S S   ?
[DEBUG][2016-01-21 15:37:15,641][com.java.TestType] [11680] - Concept ID:9 :: Step being Executed: 9::22
[INFO ][2016-01-21 15:37:15,641][com.java.TestType] [11718] - dataFields : XPH//div[contains(text(), 'My Dashboard')]
[DEBUG][2016-01-21 15:37:15,641][com.java.TestType] [11724] - <In Set values of the page>
[DEBUG][2016-01-21 15:37:15,641][com.java.TestType] [11729] - {Data Fields & Data Values Exist}
[INFO ][2016-01-21 15:37:15,641][com.java.TestType] [11735] - --------------------------setting values-----------------------------
[INFO ][2016-01-21 15:37:15,641][com.java.TestType] [11738] - Action Type : WAITFORELEMENT
[INFO ][2016-01-21 15:37:15,711][com.java.TestType] [11757] -  RESULT true
[INFO ][2016-01-21 15:37:15,711][com.java.TestType] [11874] - ?   P A S S   ?
[DEBUG][2016-01-21 15:37:15,711][com.java.TestType] [11680] - Concept ID:9 :: Step being Executed: 9::23
[INFO ][2016-01-21 15:37:15,711][com.java.TestType] [11718] - dataFields : BTN
[DEBUG][2016-01-21 15:37:15,711][com.java.TestType] [11724] - <In Set values of the page>
[DEBUG][2016-01-21 15:37:15,711][com.java.TestType] [11729] - {Data Fields & Data Values Exist}
[INFO ][2016-01-21 15:37:15,711][com.java.TestType] [11735] - --------------------------setting values-----------------------------
[INFO ][2016-01-21 15:37:15,711][com.java.TestType] [11738] - Action Type : Verify
[INFO ][2016-01-21 15:37:15,711][com.java.TestType] [ 7972] - field= BTN value= //div[contains(text(), 'My Dashboard')]
[INFO ][2016-01-21 15:37:15,711][com.java.TestType] [ 6382] - value = //div[contains(text(), 'My Dashboard')]
[INFO ][2016-01-21 15:37:15,831][com.java.TestType] [11757] -  RESULT true
[INFO ][2016-01-21 15:37:15,831][com.java.TestType] [11874] - ?   P A S S   ?
[INFO ][2016-01-21 15:37:15,831][com.java.TestType] [11945] - Looping End......
[INFO ][2016-01-21 15:37:15,831][com.java.SeleniumDriver] [  930] -  RESULT true
[INFO ][2016-01-21 15:37:15,831][com.java.SeleniumDriver] [ 1136] - ?   P A S S   ?
[DEBUG][2016-01-21 15:37:15,831][com.java.SeleniumDriver] [ 1248] - Case found
[DEBUG][2016-01-21 15:37:15,831][com.java.SeleniumDriver] [ 1253] - Incrementing ReportCounters[0]:2
[INFO ][2016-01-21 15:37:15,831][com.java.SeleniumDriver] [ 1272] - The results are-------------------[5, 1, Settings: Customize My Dashboards: Custom Calculations: Edit Custom Calculation Indicator, Pass, , Thu Jan 21 15:35:38 IST 2016, 5, 3, Settings: Customize My Dashboards: Custom Calculations: Edit Custom Calculation Indicator, Pass, , Thu Jan 21 15:35:44 IST 2016, 5, 4, Settings: Customize My Dashboards: Custom Calculations: Edit Custom Calculation Indicator, Pass, , Thu Jan 21 15:35:44 IST 2016, 5, 5, Settings: Customize My Dashboards: Custom Calculations: Edit Custom Calculation Indicator, Pass, , Thu Jan 21 15:36:11 IST 2016, 5, 6, Settings: Customize My Dashboards: Custom Calculations: Edit Custom Calculation Indicator, Pass, , Thu Jan 21 15:36:11 IST 2016, 5, 7, Settings: Customize My Dashboards: Custom Calculations: Edit Custom Calculation Indicator, Pass, , Thu Jan 21 15:36:11 IST 2016, 5, 8, Settings: Customize My Dashboards: Custom Calculations: Edit Custom Calculation Indicator, Pass, , Thu Jan 21 15:36:11 IST 2016, 5, 9, Settings: Customize My Dashboards: Custom Calculations: Edit Custom Calculation Indicator, Pass, , Thu Jan 21 15:36:11 IST 2016, 5, 10, Settings: Customize My Dashboards: Custom Calculations: Edit Custom Calculation Indicator, Pass, , Thu Jan 21 15:36:12 IST 2016, 5, 11, Settings: Customize My Dashboards: Custom Calculations: Edit Custom Calculation Indicator, Pass, , Thu Jan 21 15:36:13 IST 2016, 5, 12, Settings: Customize My Dashboards: Custom Calculations: Edit Custom Calculation Indicator, Pass, , Thu Jan 21 15:36:13 IST 2016, 5, 13, Settings: Customize My Dashboards: Custom Calculations: Edit Custom Calculation Indicator, Pass, , Thu Jan 21 15:36:13 IST 2016, 5, 14, Settings: Customize My Dashboards: Custom Calculations: Edit Custom Calculation Indicator, Pass, , Thu Jan 21 15:36:18 IST 2016, 5, 15, Settings: Customize My Dashboards: Custom Calculations: Edit Custom Calculation Indicator, Pass, , Thu Jan 21 15:37:15 IST 2016]
[INFO ][2016-01-21 15:37:15,831][com.java.SeleniumDriver] [ 1276] - End time is-------2 min 29 sec
[INFO ][2016-01-21 15:37:15,831][com.java.SeleniumDriver] [ 1277] - The results are-------------------[5, 1, Settings: Customize My Dashboards: Custom Calculations: Edit Custom Calculation Indicator, Pass, , Thu Jan 21 15:35:38 IST 2016, 5, 3, Settings: Customize My Dashboards: Custom Calculations: Edit Custom Calculation Indicator, Pass, , Thu Jan 21 15:35:44 IST 2016, 5, 4, Settings: Customize My Dashboards: Custom Calculations: Edit Custom Calculation Indicator, Pass, , Thu Jan 21 15:35:44 IST 2016, 5, 5, Settings: Customize My Dashboards: Custom Calculations: Edit Custom Calculation Indicator, Pass, , Thu Jan 21 15:36:11 IST 2016, 5, 6, Settings: Customize My Dashboards: Custom Calculations: Edit Custom Calculation Indicator, Pass, , Thu Jan 21 15:36:11 IST 2016, 5, 7, Settings: Customize My Dashboards: Custom Calculations: Edit Custom Calculation Indicator, Pass, , Thu Jan 21 15:36:11 IST 2016, 5, 8, Settings: Customize My Dashboards: Custom Calculations: Edit Custom Calculation Indicator, Pass, , Thu Jan 21 15:36:11 IST 2016, 5, 9, Settings: Customize My Dashboards: Custom Calculations: Edit Custom Calculation Indicator, Pass, , Thu Jan 21 15:36:11 IST 2016, 5, 10, Settings: Customize My Dashboards: Custom Calculations: Edit Custom Calculation Indicator, Pass, , Thu Jan 21 15:36:12 IST 2016, 5, 11, Settings: Customize My Dashboards: Custom Calculations: Edit Custom Calculation Indicator, Pass, , Thu Jan 21 15:36:13 IST 2016, 5, 12, Settings: Customize My Dashboards: Custom Calculations: Edit Custom Calculation Indicator, Pass, , Thu Jan 21 15:36:13 IST 2016, 5, 13, Settings: Customize My Dashboards: Custom Calculations: Edit Custom Calculation Indicator, Pass, , Thu Jan 21 15:36:13 IST 2016, 5, 14, Settings: Customize My Dashboards: Custom Calculations: Edit Custom Calculation Indicator, Pass, , Thu Jan 21 15:36:18 IST 2016, 5, 15, Settings: Customize My Dashboards: Custom Calculations: Edit Custom Calculation Indicator, Pass, , Thu Jan 21 15:37:15 IST 2016]
[DEBUG][2016-01-21 15:37:15,831][com.java.ImportnExport.ExportTestResultsExcel] [  222] - testResultPath = D:\BankersDashboard/TestReports/Test Results_BankersDashBoard_012116_153448_IE10_Any Bank USA.xls
[DEBUG][2016-01-21 15:37:15,831][com.java.ImportnExport.ExportTestResultsExcel] [  223] - browser is------------IE10
[DEBUG][2016-01-21 15:37:15,831][com.java.ImportnExport.ExportTestResultsExcel] [  270] - result.size() = 84
[DEBUG][2016-01-21 15:37:15,831][com.java.ImportnExport.ExportTestResultsExcel] [  274] - No of rows in sheet=2
[DEBUG][2016-01-21 15:37:15,831][com.java.ImportnExport.ExportTestResultsExcel] [  301] - ..in export..5
[DEBUG][2016-01-21 15:37:15,831][com.java.ImportnExport.ExportTestResultsExcel] [  301] - ..in export..Settings: Customize My Dashboards: Custom Calculations: Edit Custom Calculation Indicator
[DEBUG][2016-01-21 15:37:15,831][com.java.ImportnExport.ExportTestResultsExcel] [  301] - ..in export..Pass
[DEBUG][2016-01-21 15:37:15,831][com.java.ImportnExport.ExportTestResultsExcel] [  301] - ..in export..
[DEBUG][2016-01-21 15:37:15,831][com.java.ImportnExport.ExportTestResultsExcel] [  301] - ..in export..Thu Jan 21 15:35:38 IST 2016
[INFO ][2016-01-21 15:37:15,841][com.java.SeleniumDriver] [ 1337] - out loop:1 size:2 TestCases:[1, 5] testcases:[1, 5]
[INFO ][2016-01-21 15:37:17,842][com.java.SeleniumDriver] [ 1380] - Total Number of Cases:2
[INFO ][2016-01-21 15:37:17,842][com.java.TemplateGenerator] [  302] - Executed:2
[INFO ][2016-01-21 15:37:17,842][com.java.TemplateGenerator] [  303] - Passed:2
[INFO ][2016-01-21 15:37:17,842][com.java.TemplateGenerator] [  304] - Failed:0
[INFO ][2016-01-21 15:37:17,842][com.java.TemplateGenerator] [  305] - Skipeed:0
[INFO ][2016-01-21 15:37:17,842][com.java.TemplateGenerator] [  306] - Application URL:https://clients-xuat.bankersdashboard.com
[INFO ][2016-01-21 15:37:17,842][com.java.TemplateGenerator] [  307] - Start Time:012116_153448
[INFO ][2016-01-21 15:37:17,842][com.java.TemplateGenerator] [  308] -  Creating HTML Report 
[ERROR][2016-01-21 15:37:17,842][com.java.TemplateGenerator] [  409] - Unparseable date: "Thu Jan 21 03:34:48 IST 2016"
[INFO ][2016-01-21 15:37:17,842][com.java.TemplateGenerator] [  654] -  Exporting case :: 1
[INFO ][2016-01-21 15:37:17,842][com.java.TemplateGenerator] [  654] -  Exporting case :: 5
[INFO ][2016-01-21 15:37:17,842][com.java.SeleniumDriver] [ 1429] - End Time:012116_153717
[INFO ][2016-01-21 15:37:17,842][com.java.SeleniumDriver] [ 1432] - Data in Test Execution Details:{1=PASS, 5=PASS}
[INFO ][2016-01-21 15:37:17,842][com.java.SeleniumDriver] [ 1433] - Data in Failed Execution Deatils:{}
[INFO ][2016-01-21 15:37:17,842][com.java.SeleniumDriver] [ 1435] - ReportCounter:Total:2 :: PASS: 2 ::FAIL: 0
[INFO ][2016-01-21 15:37:17,842][com.java.SeleniumDriver] [ 1436] - FailedReportCounter:Total:0 :: PASS: 0 ::FAIL: 0
[INFO ][2016-01-21 15:37:17,843][com.java.EmailTestReport] [   63] - Sending report mail details:
[INFO ][2016-01-21 15:37:17,843][com.java.EmailTestReport] [   80] - Excel Report Path:D:\BankersDashboard/TestReports/Test Results_BankersDashBoard_012116_153448_IE10_Any Bank USA.xls
[INFO ][2016-01-21 15:37:17,843][com.java.EmailTestReport] [   81] - HTML Report Path:D:\BankersDashboard//TestReports//Test Results_BankersDashBoard_012116_153448_IE10_Any Bank USA.html
[INFO ][2016-01-21 15:37:17,843][com.java.EmailTestReport] [   82] - smtpHostName:mail01.valuelabs.com
[INFO ][2016-01-21 15:37:17,843][com.java.EmailTestReport] [   83] - Recipient:venkateswararao.gubbala@valuelabs.com;
[INFO ][2016-01-21 15:37:17,843][com.java.EmailTestReport] [   84] - From:venkateswararao.gubbala@valuelabs.com;
[INFO ][2016-01-21 15:37:17,843][com.java.EmailTestReport] [   85] - Subject:Deluxe Corp Bankers Dashboard Automation Test Report - Any Bank USA - IE10
[INFO ][2016-01-21 15:37:17,863][com.java.EmailTestReport] [  143] -  Added venkateswararao.gubbala@valuelabs.com
[INFO ][2016-01-21 15:37:20,983][com.java.SeleniumDriver] [  722] - quitting the browser 
[INFO ][2016-01-21 15:37:22,725][com.java.SeleniumDriver] [  264] - Execution Completed Stopping the thread
