[INFO ][2015-11-09 16:21:53,139][com.java.SeleniumDriver] [  213] - Execute Failed Casesfalse
[INFO ][2015-11-09 16:21:53,149][com.java.SeleniumDriver] [  214] - Browser: IE11
[INFO ][2015-11-09 16:21:53,149][com.java.SeleniumDriver] [  215] - [1, 10]
[INFO ][2015-11-09 16:21:53,149][com.java.SeleniumDriver] [  216] - Total TestCases:2
[INFO ][2015-11-09 16:21:53,149][com.java.SeleniumDriver] [  217] -  Reading Properties from Property File 
[DEBUG][2015-11-09 16:21:53,149][com.java.SeleniumDriver] [  238] - url : https://clients-xuat.bankersdashboard.com
[INFO ][2015-11-09 16:21:53,149][com.java.ImportnExport.ExportTestResultsExcel] [  116] - Time Stamp Mon Nov 09 04:21:53 IST 2015
[INFO ][2015-11-09 16:21:53,149][com.java.ImportnExport.ExportTestResultsExcel] [  175] - OUT FILE : D:\BankersDashboard/TestReports/Test Results_BankersDashBoard_110915_162153_IE11_Simmons First National Bank.xls
[INFO ][2015-11-09 16:21:53,170][com.java.ImportnExport.ExportTestResultsExcel] [  180] - Test Result file is created
[DEBUG][2015-11-09 16:21:53,270][com.java.SeleniumDriver] [  425] - Hub ip address is-------172.17.68.34
[INFO ][2015-11-09 16:21:53,270][com.java.SeleniumDriver] [  451] - Grid URL:http://172.17.68.34:4444/wd/hub
[INFO ][2015-11-09 16:21:53,270][com.java.SeleniumDriver] [  452] - Capability:Capabilities [{platform=ANY, ensureCleanSession=true, ignoreProtectedModeSettings=true, acceptSslCerts=true, ignoreZoomSetting=true, browserName=internet explorer, browserstack.ie.noFlash=true, version=Node1}]
[ERROR][2015-11-09 16:21:54,570][com.java.SeleniumDriver] [  496] - Unable invoke browser in grid:Could not start a new session. Possible causes are invalid address of the remote server or browser start-up failure.
Build info: version: '2.48.2', revision: '41bccdd', time: '2015-10-09 19:59:12'
System info: host: 'FVTIII438F1D', ip: '172.17.68.34', os.name: 'Windows 7', os.arch: 'x86', os.version: '6.1', java.version: '1.7.0_55'
Driver info: driver.version: SeleniumDriver
[INFO ][2015-11-09 16:21:54,570][com.java.SeleniumDriver] [  498] - Executing on local machine
[INFO ][2015-11-09 16:22:04,300][com.java.SeleniumDriver] [  248] - IE11is opened
[INFO ][2015-11-09 16:22:05,157][com.java.SeleniumDriver] [  752] - Test cases to be executed are: [1, 10]
[INFO ][2015-11-09 16:22:05,157][com.java.ImportnExport.ImportTestDataDetailsExcel] [   49] - test data details path===== D:\BankersDashboard\TestInputs\TestData.xls
[INFO ][2015-11-09 16:22:16,128][com.java.SeleniumDriver] [  788] - ------------------------------------------
[INFO ][2015-11-09 16:22:16,128][com.java.SeleniumDriver] [  789] - Test case being Executed: 1
[INFO ][2015-11-09 16:22:16,129][com.java.SeleniumDriver] [  800] - Test step:1
[INFO ][2015-11-09 16:22:16,129][com.java.SeleniumDriver] [  812] - Datavalue is----------Concept#1:1-14
[INFO ][2015-11-09 16:22:16,139][com.java.SeleniumDriver] [  836] - DataField : test
[INFO ][2015-11-09 16:22:16,139][com.java.SeleniumDriver] [  838] - DataValue : Concept#1:1-14
[INFO ][2015-11-09 16:22:16,139][com.java.SeleniumDriver] [  844] - <In Set values of the page>
[INFO ][2015-11-09 16:22:16,139][com.java.SeleniumDriver] [  847] - {Data Fields & Data Values Exist}
[INFO ][2015-11-09 16:22:16,139][com.java.SeleniumDriver] [  849] - --------------------------setting values-----------------------------
[INFO ][2015-11-09 16:22:16,139][com.java.SeleniumDriver] [  852] - Action Type : ExecuteTestCase
[INFO ][2015-11-09 16:22:16,159][com.java.TestType] [  422] - The Concept sheet name is ---------- Concept
[INFO ][2015-11-09 16:22:16,159][com.java.TestType] [  425] - The Concept ID  is ---------- 1
[DEBUG][2015-11-09 16:22:16,159][com.java.TestType] [  429] - Steps being executted in the Concept are: 1:14
[INFO ][2015-11-09 16:22:16,159][com.java.TestType] [  436] - Test data details path ---------- D:\BankersDashboard\TestInputs\TestData.xls
[INFO ][2015-11-09 16:22:16,199][com.java.TestType] [  467] -  str(1) = 1
[INFO ][2015-11-09 16:22:16,199][com.java.TestType] [  470] - Test case Id is---1
[INFO ][2015-11-09 16:22:16,199][com.java.TestType] [  472] - 1
[INFO ][2015-11-09 16:22:16,199][com.java.TestType] [  467] -  str(2) = 1
[INFO ][2015-11-09 16:22:16,199][com.java.TestType] [  519] - row values are--------{1=com.java.Objects.TestDataDetails@8b6c02}
[INFO ][2015-11-09 16:22:16,199][com.java.TestType] [  467] -  str(1) = 1
[INFO ][2015-11-09 16:22:16,199][com.java.TestType] [  470] - Test case Id is---1
[INFO ][2015-11-09 16:22:16,199][com.java.TestType] [  472] - 1
[INFO ][2015-11-09 16:22:16,199][com.java.TestType] [  467] -  str(2) = 2
[INFO ][2015-11-09 16:22:16,199][com.java.TestType] [  519] - row values are--------{1=com.java.Objects.TestDataDetails@8b6c02, 2=com.java.Objects.TestDataDetails@f28a30}
[INFO ][2015-11-09 16:22:16,199][com.java.TestType] [  467] -  str(1) = 1
[INFO ][2015-11-09 16:22:16,199][com.java.TestType] [  470] - Test case Id is---1
[INFO ][2015-11-09 16:22:16,199][com.java.TestType] [  472] - 1
[INFO ][2015-11-09 16:22:16,199][com.java.TestType] [  467] -  str(2) = 3
[INFO ][2015-11-09 16:22:16,199][com.java.TestType] [  519] - row values are--------{1=com.java.Objects.TestDataDetails@8b6c02, 2=com.java.Objects.TestDataDetails@f28a30, 3=com.java.Objects.TestDataDetails@18eb0a5}
[INFO ][2015-11-09 16:22:16,199][com.java.TestType] [  467] -  str(1) = 1
[INFO ][2015-11-09 16:22:16,199][com.java.TestType] [  470] - Test case Id is---1
[INFO ][2015-11-09 16:22:16,199][com.java.TestType] [  472] - 1
[INFO ][2015-11-09 16:22:16,199][com.java.TestType] [  467] -  str(2) = 4
[INFO ][2015-11-09 16:22:16,209][com.java.TestType] [  519] - row values are--------{1=com.java.Objects.TestDataDetails@8b6c02, 2=com.java.Objects.TestDataDetails@f28a30, 3=com.java.Objects.TestDataDetails@18eb0a5, 4=com.java.Objects.TestDataDetails@36ab12}
[INFO ][2015-11-09 16:22:16,209][com.java.TestType] [  467] -  str(1) = 1
[INFO ][2015-11-09 16:22:16,209][com.java.TestType] [  470] - Test case Id is---1
[INFO ][2015-11-09 16:22:16,209][com.java.TestType] [  472] - 1
[INFO ][2015-11-09 16:22:16,209][com.java.TestType] [  467] -  str(2) = 5
[INFO ][2015-11-09 16:22:16,209][com.java.TestType] [  519] - row values are--------{1=com.java.Objects.TestDataDetails@8b6c02, 2=com.java.Objects.TestDataDetails@f28a30, 3=com.java.Objects.TestDataDetails@18eb0a5, 4=com.java.Objects.TestDataDetails@36ab12, 5=com.java.Objects.TestDataDetails@9cce04}
[INFO ][2015-11-09 16:22:16,209][com.java.TestType] [  467] -  str(1) = 1
[INFO ][2015-11-09 16:22:16,209][com.java.TestType] [  470] - Test case Id is---1
[INFO ][2015-11-09 16:22:16,209][com.java.TestType] [  472] - 1
[INFO ][2015-11-09 16:22:16,209][com.java.TestType] [  467] -  str(2) = 6
[INFO ][2015-11-09 16:22:16,209][com.java.TestType] [  519] - row values are--------{1=com.java.Objects.TestDataDetails@8b6c02, 2=com.java.Objects.TestDataDetails@f28a30, 3=com.java.Objects.TestDataDetails@18eb0a5, 4=com.java.Objects.TestDataDetails@36ab12, 5=com.java.Objects.TestDataDetails@9cce04, 6=com.java.Objects.TestDataDetails@6db04e}
[INFO ][2015-11-09 16:22:16,209][com.java.TestType] [  467] -  str(1) = 1
[INFO ][2015-11-09 16:22:16,209][com.java.TestType] [  470] - Test case Id is---1
[INFO ][2015-11-09 16:22:16,209][com.java.TestType] [  472] - 1
[INFO ][2015-11-09 16:22:16,209][com.java.TestType] [  467] -  str(2) = 7
[INFO ][2015-11-09 16:22:16,209][com.java.TestType] [  519] - row values are--------{1=com.java.Objects.TestDataDetails@8b6c02, 2=com.java.Objects.TestDataDetails@f28a30, 3=com.java.Objects.TestDataDetails@18eb0a5, 4=com.java.Objects.TestDataDetails@36ab12, 5=com.java.Objects.TestDataDetails@9cce04, 6=com.java.Objects.TestDataDetails@6db04e, 7=com.java.Objects.TestDataDetails@1b12424}
[INFO ][2015-11-09 16:22:16,209][com.java.TestType] [  467] -  str(1) = 1
[INFO ][2015-11-09 16:22:16,209][com.java.TestType] [  470] - Test case Id is---1
[INFO ][2015-11-09 16:22:16,209][com.java.TestType] [  472] - 1
[INFO ][2015-11-09 16:22:16,209][com.java.TestType] [  467] -  str(2) = 8
[INFO ][2015-11-09 16:22:16,209][com.java.TestType] [  519] - row values are--------{1=com.java.Objects.TestDataDetails@8b6c02, 2=com.java.Objects.TestDataDetails@f28a30, 3=com.java.Objects.TestDataDetails@18eb0a5, 4=com.java.Objects.TestDataDetails@36ab12, 5=com.java.Objects.TestDataDetails@9cce04, 6=com.java.Objects.TestDataDetails@6db04e, 7=com.java.Objects.TestDataDetails@1b12424, 8=com.java.Objects.TestDataDetails@11843c0}
[INFO ][2015-11-09 16:22:16,209][com.java.TestType] [  467] -  str(1) = 1
[INFO ][2015-11-09 16:22:16,209][com.java.TestType] [  470] - Test case Id is---1
[INFO ][2015-11-09 16:22:16,209][com.java.TestType] [  472] - 1
[INFO ][2015-11-09 16:22:16,209][com.java.TestType] [  467] -  str(2) = 9
[INFO ][2015-11-09 16:22:16,209][com.java.TestType] [  519] - row values are--------{1=com.java.Objects.TestDataDetails@8b6c02, 2=com.java.Objects.TestDataDetails@f28a30, 3=com.java.Objects.TestDataDetails@18eb0a5, 4=com.java.Objects.TestDataDetails@36ab12, 5=com.java.Objects.TestDataDetails@9cce04, 6=com.java.Objects.TestDataDetails@6db04e, 7=com.java.Objects.TestDataDetails@1b12424, 8=com.java.Objects.TestDataDetails@11843c0, 9=com.java.Objects.TestDataDetails@1f8d47f}
[INFO ][2015-11-09 16:22:16,209][com.java.TestType] [  467] -  str(1) = 1
[INFO ][2015-11-09 16:22:16,209][com.java.TestType] [  470] - Test case Id is---1
[INFO ][2015-11-09 16:22:16,209][com.java.TestType] [  472] - 1
[INFO ][2015-11-09 16:22:16,219][com.java.TestType] [  467] -  str(2) = 10
[INFO ][2015-11-09 16:22:16,219][com.java.TestType] [  519] - row values are--------{1=com.java.Objects.TestDataDetails@8b6c02, 2=com.java.Objects.TestDataDetails@f28a30, 3=com.java.Objects.TestDataDetails@18eb0a5, 4=com.java.Objects.TestDataDetails@36ab12, 5=com.java.Objects.TestDataDetails@9cce04, 6=com.java.Objects.TestDataDetails@6db04e, 7=com.java.Objects.TestDataDetails@1b12424, 8=com.java.Objects.TestDataDetails@11843c0, 9=com.java.Objects.TestDataDetails@1f8d47f, 10=com.java.Objects.TestDataDetails@1cdca84}
[INFO ][2015-11-09 16:22:16,219][com.java.TestType] [  467] -  str(1) = 1
[INFO ][2015-11-09 16:22:16,219][com.java.TestType] [  470] - Test case Id is---1
[INFO ][2015-11-09 16:22:16,219][com.java.TestType] [  472] - 1
[INFO ][2015-11-09 16:22:16,219][com.java.TestType] [  467] -  str(2) = 11
[INFO ][2015-11-09 16:22:16,219][com.java.TestType] [  519] - row values are--------{1=com.java.Objects.TestDataDetails@8b6c02, 2=com.java.Objects.TestDataDetails@f28a30, 3=com.java.Objects.TestDataDetails@18eb0a5, 4=com.java.Objects.TestDataDetails@36ab12, 5=com.java.Objects.TestDataDetails@9cce04, 6=com.java.Objects.TestDataDetails@6db04e, 7=com.java.Objects.TestDataDetails@1b12424, 8=com.java.Objects.TestDataDetails@11843c0, 9=com.java.Objects.TestDataDetails@1f8d47f, 10=com.java.Objects.TestDataDetails@1cdca84, 11=com.java.Objects.TestDataDetails@1b972d9}
[INFO ][2015-11-09 16:22:16,219][com.java.TestType] [  467] -  str(1) = 1
[INFO ][2015-11-09 16:22:16,219][com.java.TestType] [  470] - Test case Id is---1
[INFO ][2015-11-09 16:22:16,219][com.java.TestType] [  472] - 1
[INFO ][2015-11-09 16:22:16,219][com.java.TestType] [  467] -  str(2) = 12
[INFO ][2015-11-09 16:22:16,219][com.java.TestType] [  519] - row values are--------{1=com.java.Objects.TestDataDetails@8b6c02, 2=com.java.Objects.TestDataDetails@f28a30, 3=com.java.Objects.TestDataDetails@18eb0a5, 4=com.java.Objects.TestDataDetails@36ab12, 5=com.java.Objects.TestDataDetails@9cce04, 6=com.java.Objects.TestDataDetails@6db04e, 7=com.java.Objects.TestDataDetails@1b12424, 8=com.java.Objects.TestDataDetails@11843c0, 9=com.java.Objects.TestDataDetails@1f8d47f, 10=com.java.Objects.TestDataDetails@1cdca84, 11=com.java.Objects.TestDataDetails@1b972d9, 12=com.java.Objects.TestDataDetails@4a198b}
[INFO ][2015-11-09 16:22:16,219][com.java.TestType] [  467] -  str(1) = 1
[INFO ][2015-11-09 16:22:16,219][com.java.TestType] [  470] - Test case Id is---1
[INFO ][2015-11-09 16:22:16,219][com.java.TestType] [  472] - 1
[INFO ][2015-11-09 16:22:16,219][com.java.TestType] [  467] -  str(2) = 13
[INFO ][2015-11-09 16:22:16,219][com.java.TestType] [  519] - row values are--------{1=com.java.Objects.TestDataDetails@8b6c02, 2=com.java.Objects.TestDataDetails@f28a30, 3=com.java.Objects.TestDataDetails@18eb0a5, 4=com.java.Objects.TestDataDetails@36ab12, 5=com.java.Objects.TestDataDetails@9cce04, 6=com.java.Objects.TestDataDetails@6db04e, 7=com.java.Objects.TestDataDetails@1b12424, 8=com.java.Objects.TestDataDetails@11843c0, 9=com.java.Objects.TestDataDetails@1f8d47f, 10=com.java.Objects.TestDataDetails@1cdca84, 11=com.java.Objects.TestDataDetails@1b972d9, 12=com.java.Objects.TestDataDetails@4a198b, 13=com.java.Objects.TestDataDetails@1489519}
[INFO ][2015-11-09 16:22:16,219][com.java.TestType] [  467] -  str(1) = 1
[INFO ][2015-11-09 16:22:16,219][com.java.TestType] [  470] - Test case Id is---1
[INFO ][2015-11-09 16:22:16,219][com.java.TestType] [  472] - 1
[INFO ][2015-11-09 16:22:16,219][com.java.TestType] [  467] -  str(2) = 14
[INFO ][2015-11-09 16:22:16,219][com.java.TestType] [  519] - row values are--------{1=com.java.Objects.TestDataDetails@8b6c02, 2=com.java.Objects.TestDataDetails@f28a30, 3=com.java.Objects.TestDataDetails@18eb0a5, 4=com.java.Objects.TestDataDetails@36ab12, 5=com.java.Objects.TestDataDetails@9cce04, 6=com.java.Objects.TestDataDetails@6db04e, 7=com.java.Objects.TestDataDetails@1b12424, 8=com.java.Objects.TestDataDetails@11843c0, 9=com.java.Objects.TestDataDetails@1f8d47f, 10=com.java.Objects.TestDataDetails@1cdca84, 11=com.java.Objects.TestDataDetails@1b972d9, 12=com.java.Objects.TestDataDetails@4a198b, 13=com.java.Objects.TestDataDetails@1489519, 14=com.java.Objects.TestDataDetails@1ce6e27}
[INFO ][2015-11-09 16:22:16,219][com.java.TestType] [ 8229] - Looping 1TCID = 1
[DEBUG][2015-11-09 16:22:16,219][com.java.TestType] [ 8270] - Concept ID:1 :: Step being Executed: 1::1
[INFO ][2015-11-09 16:22:16,219][com.java.TestType] [ 8308] - dataFields : TXTusername
[DEBUG][2015-11-09 16:22:16,219][com.java.TestType] [ 8314] - <In Set values of the page>
[DEBUG][2015-11-09 16:22:16,219][com.java.TestType] [ 8319] - {Data Fields & Data Values Exist}
[INFO ][2015-11-09 16:22:16,219][com.java.TestType] [ 8325] - --------------------------setting values-----------------------------
[INFO ][2015-11-09 16:22:16,219][com.java.TestType] [ 8328] - Action Type : CLEARANDENTER
[INFO ][2015-11-09 16:22:16,219][com.java.TestType] [ 4079] - value = valuelabs.ie11.03890
[INFO ][2015-11-09 16:22:21,100][com.java.TestType] [ 8347] -  RESULT true
[INFO ][2015-11-09 16:22:21,100][com.java.TestType] [ 8464] - ?   P A S S   ?
[DEBUG][2015-11-09 16:22:21,100][com.java.TestType] [ 8270] - Concept ID:1 :: Step being Executed: 1::2
[INFO ][2015-11-09 16:22:21,100][com.java.TestType] [ 8308] - dataFields : TXTpassword
[DEBUG][2015-11-09 16:22:21,100][com.java.TestType] [ 8314] - <In Set values of the page>
[DEBUG][2015-11-09 16:22:21,100][com.java.TestType] [ 8319] - {Data Fields & Data Values Exist}
[INFO ][2015-11-09 16:22:21,100][com.java.TestType] [ 8325] - --------------------------setting values-----------------------------
[INFO ][2015-11-09 16:22:21,100][com.java.TestType] [ 8328] - Action Type : CLEARANDENTER
[INFO ][2015-11-09 16:22:21,100][com.java.TestType] [ 4079] - value = Password1*
[INFO ][2015-11-09 16:22:26,113][com.java.TestType] [ 8347] -  RESULT true
[INFO ][2015-11-09 16:22:26,113][com.java.TestType] [ 8464] - ?   P A S S   ?
[DEBUG][2015-11-09 16:22:26,113][com.java.TestType] [ 8270] - Concept ID:1 :: Step being Executed: 1::3
[ERROR][2015-11-09 16:22:26,113][com.java.TestType] [ 8303] - Exception: null
[INFO ][2015-11-09 16:22:26,113][com.java.TestType] [ 8308] - dataFields : XPH//button[@type='submit']
[DEBUG][2015-11-09 16:22:26,113][com.java.TestType] [ 8314] - <In Set values of the page>
[DEBUG][2015-11-09 16:22:26,113][com.java.TestType] [ 8319] - {Data Fields & Data Values Exist}
[INFO ][2015-11-09 16:22:26,113][com.java.TestType] [ 8325] - --------------------------setting values-----------------------------
[INFO ][2015-11-09 16:22:26,113][com.java.TestType] [ 8328] - Action Type : Click
[INFO ][2015-11-09 16:22:26,113][com.java.TestType] [ 4392] - Field ::XPH//button[@type='submit']
[INFO ][2015-11-09 16:22:27,113][com.java.TestType] [ 4451] - BEFORE CLICK
[INFO ][2015-11-09 16:22:27,973][com.java.TestType] [ 4459] - Unable to click the object Login
[INFO ][2015-11-09 16:22:27,973][com.java.TestType] [ 8347] -  RESULT true
[INFO ][2015-11-09 16:22:27,973][com.java.TestType] [ 8464] - ?   P A S S   ?
[DEBUG][2015-11-09 16:22:27,973][com.java.TestType] [ 8270] - Concept ID:1 :: Step being Executed: 1::4
[INFO ][2015-11-09 16:22:27,973][com.java.TestType] [ 8308] - dataFields : LNKLogout
[DEBUG][2015-11-09 16:22:27,973][com.java.TestType] [ 8314] - <In Set values of the page>
[DEBUG][2015-11-09 16:22:27,973][com.java.TestType] [ 8319] - {Data Fields & Data Values Exist}
[INFO ][2015-11-09 16:22:27,973][com.java.TestType] [ 8325] - --------------------------setting values-----------------------------
[INFO ][2015-11-09 16:22:27,973][com.java.TestType] [ 8328] - Action Type : WaitForElement
[INFO ][2015-11-09 16:22:51,797][com.java.TestType] [ 8347] -  RESULT true
[INFO ][2015-11-09 16:22:51,797][com.java.TestType] [ 8464] - ?   P A S S   ?
[DEBUG][2015-11-09 16:22:51,797][com.java.TestType] [ 8270] - Concept ID:1 :: Step being Executed: 1::13
[INFO ][2015-11-09 16:22:51,797][com.java.TestType] [ 8308] - dataFields : LNK
[DEBUG][2015-11-09 16:22:51,797][com.java.TestType] [ 8314] - <In Set values of the page>
[DEBUG][2015-11-09 16:22:51,797][com.java.TestType] [ 8319] - {Data Fields & Data Values Exist}
[INFO ][2015-11-09 16:22:51,797][com.java.TestType] [ 8325] - --------------------------setting values-----------------------------
[INFO ][2015-11-09 16:22:51,797][com.java.TestType] [ 8328] - Action Type : Verify
[INFO ][2015-11-09 16:22:51,797][com.java.TestType] [ 5205] - field= LNK value= Logout
[INFO ][2015-11-09 16:22:51,797][com.java.TestType] [ 4079] - value = Logout
[INFO ][2015-11-09 16:22:51,838][com.java.TestType] [ 8347] -  RESULT true
[INFO ][2015-11-09 16:22:51,838][com.java.TestType] [ 8464] - ?   P A S S   ?
[DEBUG][2015-11-09 16:22:51,838][com.java.TestType] [ 8270] - Concept ID:1 :: Step being Executed: 1::14
[INFO ][2015-11-09 16:22:51,838][com.java.TestType] [ 8308] - dataFields : BTN
[DEBUG][2015-11-09 16:22:51,838][com.java.TestType] [ 8314] - <In Set values of the page>
[DEBUG][2015-11-09 16:22:51,838][com.java.TestType] [ 8319] - {Data Fields & Data Values Exist}
[INFO ][2015-11-09 16:22:51,838][com.java.TestType] [ 8325] - --------------------------setting values-----------------------------
[INFO ][2015-11-09 16:22:51,838][com.java.TestType] [ 8328] - Action Type : Verify
[INFO ][2015-11-09 16:22:51,838][com.java.TestType] [ 5205] - field= BTN value= //img[contains(@src,'bdlogo.jpg')]
[INFO ][2015-11-09 16:22:51,838][com.java.TestType] [ 4079] - value = //img[contains(@src,'bdlogo.jpg')]
[INFO ][2015-11-09 16:22:51,878][com.java.TestType] [ 8347] -  RESULT true
[INFO ][2015-11-09 16:22:51,878][com.java.TestType] [ 8464] - ?   P A S S   ?
[INFO ][2015-11-09 16:22:51,878][com.java.TestType] [ 8535] - Looping End......
[INFO ][2015-11-09 16:22:51,878][com.java.SeleniumDriver] [  861] -  RESULT true
[INFO ][2015-11-09 16:22:51,878][com.java.SeleniumDriver] [ 1066] - ?   P A S S   ?
[INFO ][2015-11-09 16:22:51,878][com.java.SeleniumDriver] [  788] - ------------------------------------------
[INFO ][2015-11-09 16:22:51,878][com.java.SeleniumDriver] [  789] - Test case being Executed: 1
[INFO ][2015-11-09 16:22:51,878][com.java.SeleniumDriver] [  800] - Test step:2
[INFO ][2015-11-09 16:22:51,878][com.java.SeleniumDriver] [  812] - Datavalue is----------Concept#2:1-2
[INFO ][2015-11-09 16:22:51,878][com.java.SeleniumDriver] [  836] - DataField : test
[INFO ][2015-11-09 16:22:51,878][com.java.SeleniumDriver] [  838] - DataValue : Concept#2:1-2
[INFO ][2015-11-09 16:22:51,878][com.java.SeleniumDriver] [  844] - <In Set values of the page>
[INFO ][2015-11-09 16:22:51,878][com.java.SeleniumDriver] [  847] - {Data Fields & Data Values Exist}
[INFO ][2015-11-09 16:22:51,878][com.java.SeleniumDriver] [  849] - --------------------------setting values-----------------------------
[INFO ][2015-11-09 16:22:51,878][com.java.SeleniumDriver] [  852] - Action Type : ExecuteTestCase
[INFO ][2015-11-09 16:22:51,878][com.java.TestType] [  422] - The Concept sheet name is ---------- Concept
[INFO ][2015-11-09 16:22:51,878][com.java.TestType] [  425] - The Concept ID  is ---------- 2
[DEBUG][2015-11-09 16:22:51,878][com.java.TestType] [  429] - Steps being executted in the Concept are: 1:2
[INFO ][2015-11-09 16:22:51,878][com.java.TestType] [  436] - Test data details path ---------- D:\BankersDashboard\TestInputs\TestData.xls
[INFO ][2015-11-09 16:22:51,918][com.java.TestType] [  467] -  str(1) = 2
[INFO ][2015-11-09 16:22:51,918][com.java.TestType] [  470] - Test case Id is---2
[INFO ][2015-11-09 16:22:51,918][com.java.TestType] [  472] - 2
[INFO ][2015-11-09 16:22:51,918][com.java.TestType] [  467] -  str(2) = 1
[INFO ][2015-11-09 16:22:51,918][com.java.TestType] [  519] - row values are--------{1=com.java.Objects.TestDataDetails@7598d7}
[INFO ][2015-11-09 16:22:51,918][com.java.TestType] [  467] -  str(1) = 2
[INFO ][2015-11-09 16:22:51,918][com.java.TestType] [  470] - Test case Id is---2
[INFO ][2015-11-09 16:22:51,918][com.java.TestType] [  472] - 2
[INFO ][2015-11-09 16:22:51,918][com.java.TestType] [  467] -  str(2) = 2
[INFO ][2015-11-09 16:22:51,918][com.java.TestType] [  519] - row values are--------{1=com.java.Objects.TestDataDetails@7598d7, 2=com.java.Objects.TestDataDetails@ab190c}
[INFO ][2015-11-09 16:22:51,918][com.java.TestType] [  467] -  str(1) = 2
[INFO ][2015-11-09 16:22:51,918][com.java.TestType] [  470] - Test case Id is---2
[INFO ][2015-11-09 16:22:51,918][com.java.TestType] [  472] - 2
[INFO ][2015-11-09 16:22:51,918][com.java.TestType] [  467] -  str(2) = 3
[INFO ][2015-11-09 16:22:51,918][com.java.TestType] [  519] - row values are--------{1=com.java.Objects.TestDataDetails@7598d7, 2=com.java.Objects.TestDataDetails@ab190c, 3=com.java.Objects.TestDataDetails@18ebfe0}
[INFO ][2015-11-09 16:22:51,918][com.java.TestType] [ 8229] - Looping 1TCID = 2
[DEBUG][2015-11-09 16:22:51,918][com.java.TestType] [ 8270] - Concept ID:2 :: Step being Executed: 2::1
[INFO ][2015-11-09 16:22:51,918][com.java.TestType] [ 8308] - dataFields : BNK//select[@id='bank']
[DEBUG][2015-11-09 16:22:51,918][com.java.TestType] [ 8314] - <In Set values of the page>
[DEBUG][2015-11-09 16:22:51,918][com.java.TestType] [ 8319] - {Data Fields & Data Values Exist}
[INFO ][2015-11-09 16:22:51,918][com.java.TestType] [ 8325] - --------------------------setting values-----------------------------
[INFO ][2015-11-09 16:22:51,918][com.java.TestType] [ 8328] - Action Type : Select
[INFO ][2015-11-09 16:22:51,918][com.java.TestType] [ 4079] - value = PFC
[INFO ][2015-11-09 16:22:52,206][com.java.TestType] [ 8347] -  RESULT true
[INFO ][2015-11-09 16:22:52,206][com.java.TestType] [ 8464] - ?   P A S S   ?
[DEBUG][2015-11-09 16:22:52,206][com.java.TestType] [ 8270] - Concept ID:2 :: Step being Executed: 2::2
[INFO ][2015-11-09 16:22:52,206][com.java.TestType] [ 8308] - dataFields : LNKLogout
[DEBUG][2015-11-09 16:22:52,206][com.java.TestType] [ 8314] - <In Set values of the page>
[DEBUG][2015-11-09 16:22:52,206][com.java.TestType] [ 8319] - {Data Fields & Data Values Exist}
[INFO ][2015-11-09 16:22:52,206][com.java.TestType] [ 8325] - --------------------------setting values-----------------------------
[INFO ][2015-11-09 16:22:52,206][com.java.TestType] [ 8328] - Action Type : WaitTime
[DEBUG][2015-11-09 16:22:52,206][com.java.TestType] [ 3914] - sleepTime: 5000
[INFO ][2015-11-09 16:22:57,208][com.java.TestType] [ 8347] -  RESULT true
[INFO ][2015-11-09 16:22:57,208][com.java.TestType] [ 8464] - ?   P A S S   ?
[INFO ][2015-11-09 16:22:57,208][com.java.TestType] [ 8535] - Looping End......
[INFO ][2015-11-09 16:22:57,208][com.java.SeleniumDriver] [  861] -  RESULT true
[INFO ][2015-11-09 16:22:57,208][com.java.SeleniumDriver] [ 1066] - ?   P A S S   ?
[INFO ][2015-11-09 16:22:57,208][com.java.SeleniumDriver] [  788] - ------------------------------------------
[INFO ][2015-11-09 16:22:57,208][com.java.SeleniumDriver] [  789] - Test case being Executed: 1
[INFO ][2015-11-09 16:22:57,208][com.java.SeleniumDriver] [  800] - Test step:3
[INFO ][2015-11-09 16:22:57,208][com.java.SeleniumDriver] [  812] - Datavalue is----------2
[INFO ][2015-11-09 16:22:57,208][com.java.SeleniumDriver] [  836] - DataField : XPH//button[contains(text(),'Add Content')]
[INFO ][2015-11-09 16:22:57,208][com.java.SeleniumDriver] [  838] - DataValue : 2
[INFO ][2015-11-09 16:22:57,208][com.java.SeleniumDriver] [  844] - <In Set values of the page>
[INFO ][2015-11-09 16:22:57,208][com.java.SeleniumDriver] [  847] - {Data Fields & Data Values Exist}
[INFO ][2015-11-09 16:22:57,208][com.java.SeleniumDriver] [  849] - --------------------------setting values-----------------------------
[INFO ][2015-11-09 16:22:57,208][com.java.SeleniumDriver] [  852] - Action Type : WAITFORELEMENT
[INFO ][2015-11-09 16:22:57,249][com.java.SeleniumDriver] [  861] -  RESULT true
[INFO ][2015-11-09 16:22:57,249][com.java.SeleniumDriver] [ 1066] - ?   P A S S   ?
[DEBUG][2015-11-09 16:22:57,249][com.java.SeleniumDriver] [ 1168] - Case found
[DEBUG][2015-11-09 16:22:57,249][com.java.SeleniumDriver] [ 1173] - Incrementing ReportCounters[0]:1
[INFO ][2015-11-09 16:22:57,249][com.java.SeleniumDriver] [ 1192] - The results are-------------------[1, 1, Valid Login, Pass, , Mon Nov 09 16:22:51 IST 2015, 1, 2, Valid Login, Pass, , Mon Nov 09 16:22:57 IST 2015, 1, 3, Valid Login, Pass, , Mon Nov 09 16:22:57 IST 2015]
[INFO ][2015-11-09 16:22:57,249][com.java.SeleniumDriver] [ 1196] - End time is-------1 min 6 sec
[INFO ][2015-11-09 16:22:57,249][com.java.SeleniumDriver] [ 1197] - The results are-------------------[1, 1, Valid Login, Pass, , Mon Nov 09 16:22:51 IST 2015, 1, 2, Valid Login, Pass, , Mon Nov 09 16:22:57 IST 2015, 1, 3, Valid Login, Pass, , Mon Nov 09 16:22:57 IST 2015]
[DEBUG][2015-11-09 16:22:57,249][com.java.ImportnExport.ExportTestResultsExcel] [  222] - testResultPath = D:\BankersDashboard/TestReports/Test Results_BankersDashBoard_110915_162153_IE11_Simmons First National Bank.xls
[DEBUG][2015-11-09 16:22:57,249][com.java.ImportnExport.ExportTestResultsExcel] [  223] - browser is------------IE11
[DEBUG][2015-11-09 16:22:57,289][com.java.ImportnExport.ExportTestResultsExcel] [  270] - result.size() = 18
[DEBUG][2015-11-09 16:22:57,289][com.java.ImportnExport.ExportTestResultsExcel] [  274] - No of rows in sheet=1
[DEBUG][2015-11-09 16:22:57,289][com.java.ImportnExport.ExportTestResultsExcel] [  301] - ..in export..1
[DEBUG][2015-11-09 16:22:57,289][com.java.ImportnExport.ExportTestResultsExcel] [  301] - ..in export..Valid Login
[DEBUG][2015-11-09 16:22:57,289][com.java.ImportnExport.ExportTestResultsExcel] [  301] - ..in export..Pass
[DEBUG][2015-11-09 16:22:57,289][com.java.ImportnExport.ExportTestResultsExcel] [  301] - ..in export..
[DEBUG][2015-11-09 16:22:57,289][com.java.ImportnExport.ExportTestResultsExcel] [  301] - ..in export..Mon Nov 09 16:22:51 IST 2015
[INFO ][2015-11-09 16:22:57,289][com.java.SeleniumDriver] [ 1255] - out loop:0 size:2 TestCases:[1, 10] testcases:[1, 10]
[INFO ][2015-11-09 16:22:57,289][com.java.ImportnExport.ImportTestDataDetailsExcel] [   49] - test data details path===== D:\BankersDashboard\TestInputs\TestData.xls
[INFO ][2015-11-09 16:23:55,988][com.java.SeleniumDriver] [  788] - ------------------------------------------
[INFO ][2015-11-09 16:23:55,988][com.java.SeleniumDriver] [  789] - Test case being Executed: 10
[INFO ][2015-11-09 16:23:55,988][com.java.SeleniumDriver] [  800] - Test step:1
[INFO ][2015-11-09 16:23:55,988][com.java.SeleniumDriver] [  812] - Datavalue is----------Logout
[INFO ][2015-11-09 16:23:55,988][com.java.SeleniumDriver] [  836] - DataField : BTN
[INFO ][2015-11-09 16:23:55,988][com.java.SeleniumDriver] [  838] - DataValue : Logout
[INFO ][2015-11-09 16:23:55,988][com.java.SeleniumDriver] [  844] - <In Set values of the page>
[INFO ][2015-11-09 16:23:55,988][com.java.SeleniumDriver] [  847] - {Data Fields & Data Values Exist}
[INFO ][2015-11-09 16:23:55,988][com.java.SeleniumDriver] [  849] - --------------------------setting values-----------------------------
[INFO ][2015-11-09 16:23:55,988][com.java.SeleniumDriver] [  852] - Action Type : Verify
[INFO ][2015-11-09 16:23:55,988][com.java.TestType] [ 5205] - field= BTN value= Logout
[INFO ][2015-11-09 16:23:55,988][com.java.TestType] [ 4079] - value = Logout
[INFO ][2015-11-09 16:23:56,019][com.java.SeleniumDriver] [  861] -  RESULT true
[INFO ][2015-11-09 16:23:56,019][com.java.SeleniumDriver] [ 1066] - ?   P A S S   ?
[INFO ][2015-11-09 16:23:56,019][com.java.SeleniumDriver] [ 1108] - step change to 3
[INFO ][2015-11-09 16:23:56,019][com.java.SeleniumDriver] [  788] - ------------------------------------------
[INFO ][2015-11-09 16:23:56,019][com.java.SeleniumDriver] [  789] - Test case being Executed: 10
[INFO ][2015-11-09 16:23:56,019][com.java.SeleniumDriver] [  800] - Test step:3
[INFO ][2015-11-09 16:23:56,019][com.java.SeleniumDriver] [  812] - Datavalue is----------Concept#2:1-2
[INFO ][2015-11-09 16:23:56,019][com.java.SeleniumDriver] [  836] - DataField : test
[INFO ][2015-11-09 16:23:56,019][com.java.SeleniumDriver] [  838] - DataValue : Concept#2:1-2
[INFO ][2015-11-09 16:23:56,019][com.java.SeleniumDriver] [  844] - <In Set values of the page>
[INFO ][2015-11-09 16:23:56,019][com.java.SeleniumDriver] [  847] - {Data Fields & Data Values Exist}
[INFO ][2015-11-09 16:23:56,019][com.java.SeleniumDriver] [  849] - --------------------------setting values-----------------------------
[INFO ][2015-11-09 16:23:56,019][com.java.SeleniumDriver] [  852] - Action Type : ExecuteTestCase
[INFO ][2015-11-09 16:23:56,019][com.java.TestType] [  422] - The Concept sheet name is ---------- Concept
[INFO ][2015-11-09 16:23:56,019][com.java.TestType] [  425] - The Concept ID  is ---------- 2
[DEBUG][2015-11-09 16:23:56,019][com.java.TestType] [  429] - Steps being executted in the Concept are: 1:2
[INFO ][2015-11-09 16:23:56,019][com.java.TestType] [  436] - Test data details path ---------- D:\BankersDashboard\TestInputs\TestData.xls
[INFO ][2015-11-09 16:23:56,049][com.java.TestType] [  467] -  str(1) = 2
[INFO ][2015-11-09 16:23:56,049][com.java.TestType] [  470] - Test case Id is---2
[INFO ][2015-11-09 16:23:56,049][com.java.TestType] [  472] - 2
[INFO ][2015-11-09 16:23:56,049][com.java.TestType] [  467] -  str(2) = 1
[INFO ][2015-11-09 16:23:56,049][com.java.TestType] [  519] - row values are--------{1=com.java.Objects.TestDataDetails@892ba5}
[INFO ][2015-11-09 16:23:56,049][com.java.TestType] [  467] -  str(1) = 2
[INFO ][2015-11-09 16:23:56,049][com.java.TestType] [  470] - Test case Id is---2
[INFO ][2015-11-09 16:23:56,049][com.java.TestType] [  472] - 2
[INFO ][2015-11-09 16:23:56,049][com.java.TestType] [  467] -  str(2) = 2
[INFO ][2015-11-09 16:23:56,049][com.java.TestType] [  519] - row values are--------{1=com.java.Objects.TestDataDetails@892ba5, 2=com.java.Objects.TestDataDetails@1f66c65}
[INFO ][2015-11-09 16:23:56,049][com.java.TestType] [  467] -  str(1) = 2
[INFO ][2015-11-09 16:23:56,049][com.java.TestType] [  470] - Test case Id is---2
[INFO ][2015-11-09 16:23:56,049][com.java.TestType] [  472] - 2
[INFO ][2015-11-09 16:23:56,049][com.java.TestType] [  467] -  str(2) = 3
[INFO ][2015-11-09 16:23:56,049][com.java.TestType] [  519] - row values are--------{1=com.java.Objects.TestDataDetails@892ba5, 2=com.java.Objects.TestDataDetails@1f66c65, 3=com.java.Objects.TestDataDetails@123c55}
[INFO ][2015-11-09 16:23:56,049][com.java.TestType] [ 8229] - Looping 1TCID = 2
[DEBUG][2015-11-09 16:23:56,049][com.java.TestType] [ 8270] - Concept ID:2 :: Step being Executed: 2::1
[INFO ][2015-11-09 16:23:56,049][com.java.TestType] [ 8308] - dataFields : BNK//select[@id='bank']
[DEBUG][2015-11-09 16:23:56,049][com.java.TestType] [ 8314] - <In Set values of the page>
[DEBUG][2015-11-09 16:23:56,049][com.java.TestType] [ 8319] - {Data Fields & Data Values Exist}
[INFO ][2015-11-09 16:23:56,049][com.java.TestType] [ 8325] - --------------------------setting values-----------------------------
[INFO ][2015-11-09 16:23:56,049][com.java.TestType] [ 8328] - Action Type : Select
[INFO ][2015-11-09 16:23:56,049][com.java.TestType] [ 4079] - value = PFC
[INFO ][2015-11-09 16:23:56,346][com.java.TestType] [ 8347] -  RESULT true
[INFO ][2015-11-09 16:23:56,346][com.java.TestType] [ 8464] - ?   P A S S   ?
[DEBUG][2015-11-09 16:23:56,346][com.java.TestType] [ 8270] - Concept ID:2 :: Step being Executed: 2::2
[INFO ][2015-11-09 16:23:56,346][com.java.TestType] [ 8308] - dataFields : LNKLogout
[DEBUG][2015-11-09 16:23:56,346][com.java.TestType] [ 8314] - <In Set values of the page>
[DEBUG][2015-11-09 16:23:56,346][com.java.TestType] [ 8319] - {Data Fields & Data Values Exist}
[INFO ][2015-11-09 16:23:56,346][com.java.TestType] [ 8325] - --------------------------setting values-----------------------------
[INFO ][2015-11-09 16:23:56,346][com.java.TestType] [ 8328] - Action Type : WaitTime
[DEBUG][2015-11-09 16:23:56,346][com.java.TestType] [ 3914] - sleepTime: 5000
[INFO ][2015-11-09 16:24:01,348][com.java.TestType] [ 8347] -  RESULT true
[INFO ][2015-11-09 16:24:01,348][com.java.TestType] [ 8464] - ?   P A S S   ?
[INFO ][2015-11-09 16:24:01,348][com.java.TestType] [ 8535] - Looping End......
[INFO ][2015-11-09 16:24:01,348][com.java.SeleniumDriver] [  861] -  RESULT true
[INFO ][2015-11-09 16:24:01,348][com.java.SeleniumDriver] [ 1066] - ?   P A S S   ?
[INFO ][2015-11-09 16:24:01,348][com.java.SeleniumDriver] [  788] - ------------------------------------------
[INFO ][2015-11-09 16:24:01,348][com.java.SeleniumDriver] [  789] - Test case being Executed: 10
[INFO ][2015-11-09 16:24:01,348][com.java.SeleniumDriver] [  800] - Test step:4
[INFO ][2015-11-09 16:24:01,348][com.java.SeleniumDriver] [  812] - Datavalue is----------2
[INFO ][2015-11-09 16:24:01,348][com.java.SeleniumDriver] [  836] - DataField : BTNG/L
[INFO ][2015-11-09 16:24:01,348][com.java.SeleniumDriver] [  838] - DataValue : 2
[INFO ][2015-11-09 16:24:01,348][com.java.SeleniumDriver] [  844] - <In Set values of the page>
[INFO ][2015-11-09 16:24:01,348][com.java.SeleniumDriver] [  847] - {Data Fields & Data Values Exist}
[INFO ][2015-11-09 16:24:01,348][com.java.SeleniumDriver] [  849] - --------------------------setting values-----------------------------
[INFO ][2015-11-09 16:24:01,348][com.java.SeleniumDriver] [  852] - Action Type : WAITFORELEMENT
[INFO ][2015-11-09 16:24:01,399][com.java.SeleniumDriver] [  861] -  RESULT true
[INFO ][2015-11-09 16:24:01,399][com.java.SeleniumDriver] [ 1066] - ?   P A S S   ?
[INFO ][2015-11-09 16:24:01,399][com.java.SeleniumDriver] [  788] - ------------------------------------------
[INFO ][2015-11-09 16:24:01,399][com.java.SeleniumDriver] [  789] - Test case being Executed: 10
[INFO ][2015-11-09 16:24:01,399][com.java.SeleniumDriver] [  800] - Test step:5
[INFO ][2015-11-09 16:24:01,399][com.java.SeleniumDriver] [  812] - Datavalue is----------CNS
[INFO ][2015-11-09 16:24:01,399][com.java.SeleniumDriver] [  836] - DataField : BNK//select[@id='bank']
[INFO ][2015-11-09 16:24:01,399][com.java.SeleniumDriver] [  838] - DataValue : CNS
[INFO ][2015-11-09 16:24:01,399][com.java.SeleniumDriver] [  844] - <In Set values of the page>
[INFO ][2015-11-09 16:24:01,399][com.java.SeleniumDriver] [  847] - {Data Fields & Data Values Exist}
[INFO ][2015-11-09 16:24:01,399][com.java.SeleniumDriver] [  849] - --------------------------setting values-----------------------------
[INFO ][2015-11-09 16:24:01,399][com.java.SeleniumDriver] [  852] - Action Type : SELECT
[INFO ][2015-11-09 16:24:01,399][com.java.TestType] [ 4079] - value = CNS
[INFO ][2015-11-09 16:24:01,641][com.java.SeleniumDriver] [  861] -  RESULT true
[INFO ][2015-11-09 16:24:01,641][com.java.SeleniumDriver] [ 1066] - ?   P A S S   ?
[INFO ][2015-11-09 16:24:01,641][com.java.SeleniumDriver] [  788] - ------------------------------------------
[INFO ][2015-11-09 16:24:01,641][com.java.SeleniumDriver] [  789] - Test case being Executed: 10
[INFO ][2015-11-09 16:24:01,641][com.java.SeleniumDriver] [  800] - Test step:6
[INFO ][2015-11-09 16:24:01,641][com.java.SeleniumDriver] [  812] - Datavalue is----------15
[INFO ][2015-11-09 16:24:01,641][com.java.SeleniumDriver] [  836] - DataField : null
[INFO ][2015-11-09 16:24:01,651][com.java.SeleniumDriver] [  838] - DataValue : 15
[INFO ][2015-11-09 16:24:01,651][com.java.SeleniumDriver] [  844] - <In Set values of the page>
[INFO ][2015-11-09 16:24:01,651][com.java.SeleniumDriver] [  847] - {Data Fields & Data Values Exist}
[INFO ][2015-11-09 16:24:01,651][com.java.SeleniumDriver] [  849] - --------------------------setting values-----------------------------
[INFO ][2015-11-09 16:24:01,651][com.java.SeleniumDriver] [  852] - Action Type : WAITTIME
[DEBUG][2015-11-09 16:24:01,651][com.java.TestType] [ 3914] - sleepTime: 15000
[INFO ][2015-11-09 16:24:16,657][com.java.SeleniumDriver] [  861] -  RESULT true
[INFO ][2015-11-09 16:24:16,657][com.java.SeleniumDriver] [ 1066] - ?   P A S S   ?
[INFO ][2015-11-09 16:24:16,657][com.java.SeleniumDriver] [  788] - ------------------------------------------
[INFO ][2015-11-09 16:24:16,657][com.java.SeleniumDriver] [  789] - Test case being Executed: 10
[INFO ][2015-11-09 16:24:16,657][com.java.SeleniumDriver] [  800] - Test step:7
[INFO ][2015-11-09 16:24:16,657][com.java.SeleniumDriver] [  812] - Datavalue is----------2
[INFO ][2015-11-09 16:24:16,657][com.java.SeleniumDriver] [  836] - DataField : BTNG/L
[INFO ][2015-11-09 16:24:16,657][com.java.SeleniumDriver] [  838] - DataValue : 2
[INFO ][2015-11-09 16:24:16,657][com.java.SeleniumDriver] [  844] - <In Set values of the page>
[INFO ][2015-11-09 16:24:16,657][com.java.SeleniumDriver] [  847] - {Data Fields & Data Values Exist}
[INFO ][2015-11-09 16:24:16,657][com.java.SeleniumDriver] [  849] - --------------------------setting values-----------------------------
[INFO ][2015-11-09 16:24:16,657][com.java.SeleniumDriver] [  852] - Action Type : WAITFORELEMENT
[INFO ][2015-11-09 16:24:37,130][com.java.SeleniumDriver] [  861] -  RESULT true
[INFO ][2015-11-09 16:24:37,130][com.java.SeleniumDriver] [ 1066] - ?   P A S S   ?
[INFO ][2015-11-09 16:24:37,130][com.java.SeleniumDriver] [  788] - ------------------------------------------
[INFO ][2015-11-09 16:24:37,130][com.java.SeleniumDriver] [  789] - Test case being Executed: 10
[INFO ][2015-11-09 16:24:37,130][com.java.SeleniumDriver] [  800] - Test step:8
[INFO ][2015-11-09 16:24:37,130][com.java.SeleniumDriver] [  812] - Datavalue is----------null
[DEBUG][2015-11-09 16:24:37,130][com.java.SeleniumDriver] [  830] - Exception: null
[INFO ][2015-11-09 16:24:37,130][com.java.SeleniumDriver] [  836] - DataField : //span[@class="icon-coin"]&&//a[text()='Balance Sheet']&&//a[@data-id="BSCompare"]
[INFO ][2015-11-09 16:24:37,130][com.java.SeleniumDriver] [  838] - DataValue : 
[INFO ][2015-11-09 16:24:37,130][com.java.SeleniumDriver] [  844] - <In Set values of the page>
[INFO ][2015-11-09 16:24:37,130][com.java.SeleniumDriver] [  847] - {Data Fields & Data Values Exist}
[INFO ][2015-11-09 16:24:37,130][com.java.SeleniumDriver] [  849] - --------------------------setting values-----------------------------
[INFO ][2015-11-09 16:24:37,130][com.java.SeleniumDriver] [  852] - Action Type : MOUSEOVER
[INFO ][2015-11-09 16:25:24,339][com.java.SeleniumDriver] [  861] -  RESULT true
[INFO ][2015-11-09 16:25:24,339][com.java.SeleniumDriver] [ 1066] - ?   P A S S   ?
[INFO ][2015-11-09 16:25:24,339][com.java.SeleniumDriver] [  788] - ------------------------------------------
[INFO ][2015-11-09 16:25:24,339][com.java.SeleniumDriver] [  789] - Test case being Executed: 10
[INFO ][2015-11-09 16:25:24,339][com.java.SeleniumDriver] [  800] - Test step:9
[INFO ][2015-11-09 16:25:24,339][com.java.SeleniumDriver] [  812] - Datavalue is----------2
[INFO ][2015-11-09 16:25:24,339][com.java.SeleniumDriver] [  836] - DataField : XPH//span[contains(text(),'Show Report')]
[INFO ][2015-11-09 16:25:24,339][com.java.SeleniumDriver] [  838] - DataValue : 2
[INFO ][2015-11-09 16:25:24,339][com.java.SeleniumDriver] [  844] - <In Set values of the page>
[INFO ][2015-11-09 16:25:24,339][com.java.SeleniumDriver] [  847] - {Data Fields & Data Values Exist}
[INFO ][2015-11-09 16:25:24,339][com.java.SeleniumDriver] [  849] - --------------------------setting values-----------------------------
[INFO ][2015-11-09 16:25:24,339][com.java.SeleniumDriver] [  852] - Action Type : WAITFORELEMENT
[INFO ][2015-11-09 16:25:24,379][com.java.SeleniumDriver] [  861] -  RESULT true
[INFO ][2015-11-09 16:25:24,379][com.java.SeleniumDriver] [ 1066] - ?   P A S S   ?
[INFO ][2015-11-09 16:25:24,379][com.java.SeleniumDriver] [  788] - ------------------------------------------
[INFO ][2015-11-09 16:25:24,379][com.java.SeleniumDriver] [  789] - Test case being Executed: 10
[INFO ][2015-11-09 16:25:24,379][com.java.SeleniumDriver] [  800] - Test step:10
[INFO ][2015-11-09 16:25:24,379][com.java.SeleniumDriver] [  812] - Datavalue is----------frameDialogContent
[INFO ][2015-11-09 16:25:24,379][com.java.SeleniumDriver] [  836] - DataField : BTN
[INFO ][2015-11-09 16:25:24,379][com.java.SeleniumDriver] [  838] - DataValue : frameDialogContent
[INFO ][2015-11-09 16:25:24,379][com.java.SeleniumDriver] [  844] - <In Set values of the page>
[INFO ][2015-11-09 16:25:24,379][com.java.SeleniumDriver] [  847] - {Data Fields & Data Values Exist}
[INFO ][2015-11-09 16:25:24,379][com.java.SeleniumDriver] [  849] - --------------------------setting values-----------------------------
[INFO ][2015-11-09 16:25:24,379][com.java.SeleniumDriver] [  852] - Action Type : SELECTFRAMEBYNAME
[INFO ][2015-11-09 16:25:24,379][com.java.TestType] [ 4079] - value = frameDialogContent
[INFO ][2015-11-09 16:25:24,449][com.java.SeleniumDriver] [  861] -  RESULT true
[INFO ][2015-11-09 16:25:24,449][com.java.SeleniumDriver] [ 1066] - ?   P A S S   ?
[INFO ][2015-11-09 16:25:24,449][com.java.SeleniumDriver] [  788] - ------------------------------------------
[INFO ][2015-11-09 16:25:24,449][com.java.SeleniumDriver] [  789] - Test case being Executed: 10
[INFO ][2015-11-09 16:25:24,449][com.java.SeleniumDriver] [  800] - Test step:11
[INFO ][2015-11-09 16:25:24,449][com.java.SeleniumDriver] [  812] - Datavalue is----------4
[INFO ][2015-11-09 16:25:24,449][com.java.SeleniumDriver] [  836] - DataField : BTNcbExpandCenters
[INFO ][2015-11-09 16:25:24,449][com.java.SeleniumDriver] [  838] - DataValue : 4
[INFO ][2015-11-09 16:25:24,449][com.java.SeleniumDriver] [  844] - <In Set values of the page>
[INFO ][2015-11-09 16:25:24,449][com.java.SeleniumDriver] [  847] - {Data Fields & Data Values Exist}
[INFO ][2015-11-09 16:25:24,449][com.java.SeleniumDriver] [  849] - --------------------------setting values-----------------------------
[INFO ][2015-11-09 16:25:24,449][com.java.SeleniumDriver] [  852] - Action Type : WAITFORELEMENT
[INFO ][2015-11-09 16:25:25,499][com.java.SeleniumDriver] [  861] -  RESULT true
[INFO ][2015-11-09 16:25:25,499][com.java.SeleniumDriver] [ 1066] - ?   P A S S   ?
[INFO ][2015-11-09 16:25:25,499][com.java.SeleniumDriver] [  788] - ------------------------------------------
[INFO ][2015-11-09 16:25:25,499][com.java.SeleniumDriver] [  789] - Test case being Executed: 10
[INFO ][2015-11-09 16:25:25,499][com.java.SeleniumDriver] [  800] - Test step:12
[INFO ][2015-11-09 16:25:25,499][com.java.SeleniumDriver] [  812] - Datavalue is----------null
[DEBUG][2015-11-09 16:25:25,499][com.java.SeleniumDriver] [  830] - Exception: null
[INFO ][2015-11-09 16:25:25,499][com.java.SeleniumDriver] [  836] - DataField : HDNcbExpandCenters
[INFO ][2015-11-09 16:25:25,499][com.java.SeleniumDriver] [  838] - DataValue : 
[INFO ][2015-11-09 16:25:25,499][com.java.SeleniumDriver] [  844] - <In Set values of the page>
[INFO ][2015-11-09 16:25:25,499][com.java.SeleniumDriver] [  847] - {Data Fields & Data Values Exist}
[INFO ][2015-11-09 16:25:25,499][com.java.SeleniumDriver] [  849] - --------------------------setting values-----------------------------
[INFO ][2015-11-09 16:25:25,499][com.java.SeleniumDriver] [  852] - Action Type : CLICK
[INFO ][2015-11-09 16:25:25,499][com.java.TestType] [ 4392] - Field ::HDNcbExpandCenters
[INFO ][2015-11-09 16:25:27,581][com.java.SeleniumDriver] [  861] -  RESULT true
[INFO ][2015-11-09 16:25:27,581][com.java.SeleniumDriver] [ 1066] - ?   P A S S   ?
[INFO ][2015-11-09 16:25:27,581][com.java.SeleniumDriver] [  788] - ------------------------------------------
[INFO ][2015-11-09 16:25:27,581][com.java.SeleniumDriver] [  789] - Test case being Executed: 10
[INFO ][2015-11-09 16:25:27,581][com.java.SeleniumDriver] [  800] - Test step:13
[INFO ][2015-11-09 16:25:27,581][com.java.SeleniumDriver] [  812] - Datavalue is----------null
[DEBUG][2015-11-09 16:25:27,581][com.java.SeleniumDriver] [  830] - Exception: null
[INFO ][2015-11-09 16:25:27,581][com.java.SeleniumDriver] [  836] - DataField : BTNparent
[INFO ][2015-11-09 16:25:27,581][com.java.SeleniumDriver] [  838] - DataValue : 
[INFO ][2015-11-09 16:25:27,581][com.java.SeleniumDriver] [  844] - <In Set values of the page>
[INFO ][2015-11-09 16:25:27,581][com.java.SeleniumDriver] [  847] - {Data Fields & Data Values Exist}
[INFO ][2015-11-09 16:25:27,581][com.java.SeleniumDriver] [  849] - --------------------------setting values-----------------------------
[INFO ][2015-11-09 16:25:27,581][com.java.SeleniumDriver] [  852] - Action Type : SELECTFRAME
[INFO ][2015-11-09 16:25:27,591][com.java.SeleniumDriver] [  861] -  RESULT true
[INFO ][2015-11-09 16:25:27,591][com.java.SeleniumDriver] [ 1066] - ?   P A S S   ?
[INFO ][2015-11-09 16:25:27,591][com.java.SeleniumDriver] [  788] - ------------------------------------------
[INFO ][2015-11-09 16:25:27,591][com.java.SeleniumDriver] [  789] - Test case being Executed: 10
[INFO ][2015-11-09 16:25:27,591][com.java.SeleniumDriver] [  800] - Test step:14
[INFO ][2015-11-09 16:25:27,591][com.java.SeleniumDriver] [  812] - Datavalue is----------null
[DEBUG][2015-11-09 16:25:27,591][com.java.SeleniumDriver] [  830] - Exception: null
[INFO ][2015-11-09 16:25:27,591][com.java.SeleniumDriver] [  836] - DataField : XPH//span[contains(text(),'Show Report')]
[INFO ][2015-11-09 16:25:27,591][com.java.SeleniumDriver] [  838] - DataValue : 
[INFO ][2015-11-09 16:25:27,591][com.java.SeleniumDriver] [  844] - <In Set values of the page>
[INFO ][2015-11-09 16:25:27,591][com.java.SeleniumDriver] [  847] - {Data Fields & Data Values Exist}
[INFO ][2015-11-09 16:25:27,591][com.java.SeleniumDriver] [  849] - --------------------------setting values-----------------------------
[INFO ][2015-11-09 16:25:27,591][com.java.SeleniumDriver] [  852] - Action Type : CLICK
[INFO ][2015-11-09 16:25:27,591][com.java.TestType] [ 4392] - Field ::XPH//span[contains(text(),'Show Report')]
[INFO ][2015-11-09 16:25:28,599][com.java.TestType] [ 4451] - BEFORE CLICK
[INFO ][2015-11-09 16:25:30,289][com.java.TestType] [ 4459] - Unable to click the object Show Report button
[INFO ][2015-11-09 16:25:30,289][com.java.SeleniumDriver] [  861] -  RESULT true
[INFO ][2015-11-09 16:25:30,289][com.java.SeleniumDriver] [ 1066] - ?   P A S S   ?
[INFO ][2015-11-09 16:25:30,289][com.java.SeleniumDriver] [  788] - ------------------------------------------
[INFO ][2015-11-09 16:25:30,289][com.java.SeleniumDriver] [  789] - Test case being Executed: 10
[INFO ][2015-11-09 16:25:30,289][com.java.SeleniumDriver] [  800] - Test step:15
[INFO ][2015-11-09 16:25:30,289][com.java.SeleniumDriver] [  812] - Datavalue is----------2
[INFO ][2015-11-09 16:25:30,289][com.java.SeleniumDriver] [  836] - DataField : XPH//td[@class='ReportTitle']
[INFO ][2015-11-09 16:25:30,289][com.java.SeleniumDriver] [  838] - DataValue : 2
[INFO ][2015-11-09 16:25:30,289][com.java.SeleniumDriver] [  844] - <In Set values of the page>
[INFO ][2015-11-09 16:25:30,289][com.java.SeleniumDriver] [  847] - {Data Fields & Data Values Exist}
[INFO ][2015-11-09 16:25:30,289][com.java.SeleniumDriver] [  849] - --------------------------setting values-----------------------------
[INFO ][2015-11-09 16:25:30,289][com.java.SeleniumDriver] [  852] - Action Type : WAITFORELEMENT
[INFO ][2015-11-09 16:25:37,848][com.java.SeleniumDriver] [  861] -  RESULT true
[INFO ][2015-11-09 16:25:37,848][com.java.SeleniumDriver] [ 1066] - ?   P A S S   ?
[INFO ][2015-11-09 16:25:37,848][com.java.SeleniumDriver] [  788] - ------------------------------------------
[INFO ][2015-11-09 16:25:37,848][com.java.SeleniumDriver] [  789] - Test case being Executed: 10
[INFO ][2015-11-09 16:25:37,848][com.java.SeleniumDriver] [  800] - Test step:16
[INFO ][2015-11-09 16:25:37,848][com.java.SeleniumDriver] [  812] - Datavalue is----------dt:BSCompare
[INFO ][2015-11-09 16:25:37,848][com.java.SeleniumDriver] [  836] - DataField : XPH//td[@class='ReportTitle']
[INFO ][2015-11-09 16:25:37,848][com.java.SeleniumDriver] [  838] - DataValue : dt:BSCompare
[INFO ][2015-11-09 16:25:37,848][com.java.SeleniumDriver] [  844] - <In Set values of the page>
[INFO ][2015-11-09 16:25:37,848][com.java.SeleniumDriver] [  847] - {Data Fields & Data Values Exist}
[INFO ][2015-11-09 16:25:37,848][com.java.SeleniumDriver] [  849] - --------------------------setting values-----------------------------
[INFO ][2015-11-09 16:25:37,848][com.java.SeleniumDriver] [  852] - Action Type : VERIFY
[INFO ][2015-11-09 16:25:37,848][com.java.TestType] [ 5205] - field= XPH//td[@class='ReportTitle'] value= dt:BSCompare
[INFO ][2015-11-09 16:25:37,848][com.java.TestType] [ 4079] - value = Balance Sheet Compare
[INFO ][2015-11-09 16:25:38,049][com.java.SeleniumDriver] [  861] -  RESULT true
[INFO ][2015-11-09 16:25:38,049][com.java.SeleniumDriver] [ 1066] - ?   P A S S   ?
[INFO ][2015-11-09 16:25:38,049][com.java.SeleniumDriver] [  788] - ------------------------------------------
[INFO ][2015-11-09 16:25:38,049][com.java.SeleniumDriver] [  789] - Test case being Executed: 10
[INFO ][2015-11-09 16:25:38,049][com.java.SeleniumDriver] [  800] - Test step:17
[INFO ][2015-11-09 16:25:38,049][com.java.SeleniumDriver] [  812] - Datavalue is----------//table[@id='ReportTable2']/tbody/tr
[INFO ][2015-11-09 16:25:38,049][com.java.SeleniumDriver] [  836] - DataField : BTN
[INFO ][2015-11-09 16:25:38,049][com.java.SeleniumDriver] [  838] - DataValue : //table[@id='ReportTable2']/tbody/tr
[INFO ][2015-11-09 16:25:38,049][com.java.SeleniumDriver] [  844] - <In Set values of the page>
[INFO ][2015-11-09 16:25:38,049][com.java.SeleniumDriver] [  847] - {Data Fields & Data Values Exist}
[INFO ][2015-11-09 16:25:38,049][com.java.SeleniumDriver] [  849] - --------------------------setting values-----------------------------
[INFO ][2015-11-09 16:25:38,049][com.java.SeleniumDriver] [  852] - Action Type : VERIFY
[INFO ][2015-11-09 16:25:38,049][com.java.TestType] [ 5205] - field= BTN value= //table[@id='ReportTable2']/tbody/tr
[INFO ][2015-11-09 16:25:38,049][com.java.TestType] [ 4079] - value = //table[@id='ReportTable2']/tbody/tr
[INFO ][2015-11-09 16:25:38,109][com.java.SeleniumDriver] [  861] -  RESULT true
[INFO ][2015-11-09 16:25:38,109][com.java.SeleniumDriver] [ 1066] - ?   P A S S   ?
[INFO ][2015-11-09 16:25:38,109][com.java.SeleniumDriver] [  788] - ------------------------------------------
[INFO ][2015-11-09 16:25:38,109][com.java.SeleniumDriver] [  789] - Test case being Executed: 10
[INFO ][2015-11-09 16:25:38,109][com.java.SeleniumDriver] [  800] - Test step:18
[INFO ][2015-11-09 16:25:38,109][com.java.SeleniumDriver] [  812] - Datavalue is----------null
[DEBUG][2015-11-09 16:25:38,109][com.java.SeleniumDriver] [  830] - Exception: null
[INFO ][2015-11-09 16:25:38,109][com.java.SeleniumDriver] [  836] - DataField : BTNdImage2-0
[INFO ][2015-11-09 16:25:38,109][com.java.SeleniumDriver] [  838] - DataValue : 
[INFO ][2015-11-09 16:25:38,109][com.java.SeleniumDriver] [  844] - <In Set values of the page>
[INFO ][2015-11-09 16:25:38,109][com.java.SeleniumDriver] [  847] - {Data Fields & Data Values Exist}
[INFO ][2015-11-09 16:25:38,109][com.java.SeleniumDriver] [  849] - --------------------------setting values-----------------------------
[INFO ][2015-11-09 16:25:38,109][com.java.SeleniumDriver] [  852] - Action Type : CLICK
[INFO ][2015-11-09 16:25:38,109][com.java.TestType] [ 4392] - Field ::BTNdImage2-0
[INFO ][2015-11-09 16:25:39,109][com.java.TestType] [ 4430] - BEFORE CLICK
[INFO ][2015-11-09 16:25:40,548][com.java.TestType] [ 4437] - Unable to click the object Expand button
[INFO ][2015-11-09 16:25:40,548][com.java.SeleniumDriver] [  861] -  RESULT true
[INFO ][2015-11-09 16:25:40,548][com.java.SeleniumDriver] [ 1066] - ?   P A S S   ?
[INFO ][2015-11-09 16:25:40,548][com.java.SeleniumDriver] [  788] - ------------------------------------------
[INFO ][2015-11-09 16:25:40,548][com.java.SeleniumDriver] [  789] - Test case being Executed: 10
[INFO ][2015-11-09 16:25:40,548][com.java.SeleniumDriver] [  800] - Test step:19
[INFO ][2015-11-09 16:25:40,548][com.java.SeleniumDriver] [  812] - Datavalue is----------Eliminations
[INFO ][2015-11-09 16:25:40,548][com.java.SeleniumDriver] [  836] - DataField : XPH//b[text()='Eliminations']
[INFO ][2015-11-09 16:25:40,548][com.java.SeleniumDriver] [  838] - DataValue : Eliminations
[INFO ][2015-11-09 16:25:40,548][com.java.SeleniumDriver] [  844] - <In Set values of the page>
[INFO ][2015-11-09 16:25:40,548][com.java.SeleniumDriver] [  847] - {Data Fields & Data Values Exist}
[INFO ][2015-11-09 16:25:40,548][com.java.SeleniumDriver] [  849] - --------------------------setting values-----------------------------
[INFO ][2015-11-09 16:25:40,548][com.java.SeleniumDriver] [  852] - Action Type : VERIFY
[INFO ][2015-11-09 16:25:40,548][com.java.TestType] [ 5205] - field= XPH//b[text()='Eliminations'] value= Eliminations
[INFO ][2015-11-09 16:25:40,548][com.java.TestType] [ 4079] - value = Eliminations
[ERROR][2015-11-09 16:26:01,150][com.java.TestType] [ 5508] - Element  not found :Eliminations
[INFO ][2015-11-09 16:26:01,150][com.java.SeleniumDriver] [  861] -  RESULT false
[INFO ][2015-11-09 16:26:01,150][com.java.SeleniumDriver] [  908] - ?   F A I L   ?
[INFO ][2015-11-09 16:26:01,150][com.java.SeleniumDriver] [  916] - Browser Type : IE11
[INFO ][2015-11-09 16:26:01,150][com.java.SeleniumDriver] [  917] - Adding Failed case10
[INFO ][2015-11-09 16:26:01,351][com.java.SeleniumDriver] [ 1030] - failedCases = 10
[ERROR][2015-11-09 16:26:01,351][com.java.SeleniumDriver] [ 1516] - Platform Errors : Our apologies...::We have encountered an issue with your request.::Our apologies?:We encountered an issue with your request.
[INFO ][2015-11-09 16:26:01,351][com.java.SeleniumDriver] [ 1520] - Length =3
[ERROR][2015-11-09 16:26:01,351][com.java.SeleniumDriver] [ 1523] - Error 0 = Our apologies...
[ERROR][2015-11-09 16:26:01,451][com.java.SeleniumDriver] [ 1523] - Error 1 = We have encountered an issue with your request.
[ERROR][2015-11-09 16:26:01,511][com.java.SeleniumDriver] [ 1523] - Error 2 = Our apologies?:We encountered an issue with your request.
[DEBUG][2015-11-09 16:26:01,611][com.java.SeleniumDriver] [ 1168] - Case found
[DEBUG][2015-11-09 16:26:01,611][com.java.SeleniumDriver] [ 1173] - Incrementing ReportCounters[0]:2
[INFO ][2015-11-09 16:26:01,611][com.java.SeleniumDriver] [ 1192] - The results are-------------------[10, 19, GL: Balance Sheet: Balance Sheet Report: Eliminations Negative Test, Fail, 
Test case failed at Step No. :: 19   Error Message ::  Element not found:Eliminations. Screen Shot : D:\BankersDashboard\TestReports\110915\10_110915_162601_IE11.png, Mon Nov 09 16:26:01 IST 2015]
[INFO ][2015-11-09 16:26:01,611][com.java.SeleniumDriver] [ 1196] - End time is-------4 min 10 sec
[INFO ][2015-11-09 16:26:01,611][com.java.SeleniumDriver] [ 1197] - The results are-------------------[10, 19, GL: Balance Sheet: Balance Sheet Report: Eliminations Negative Test, Fail, 
Test case failed at Step No. :: 19   Error Message ::  Element not found:Eliminations. Screen Shot : D:\BankersDashboard\TestReports\110915\10_110915_162601_IE11.png, Mon Nov 09 16:26:01 IST 2015]
[DEBUG][2015-11-09 16:26:01,611][com.java.ImportnExport.ExportTestResultsExcel] [  222] - testResultPath = D:\BankersDashboard/TestReports/Test Results_BankersDashBoard_110915_162153_IE11_Simmons First National Bank.xls
[DEBUG][2015-11-09 16:26:01,611][com.java.ImportnExport.ExportTestResultsExcel] [  223] - browser is------------IE11
[DEBUG][2015-11-09 16:26:01,611][com.java.ImportnExport.ExportTestResultsExcel] [  270] - result.size() = 6
[DEBUG][2015-11-09 16:26:01,611][com.java.ImportnExport.ExportTestResultsExcel] [  274] - No of rows in sheet=2
[DEBUG][2015-11-09 16:26:01,611][com.java.ImportnExport.ExportTestResultsExcel] [  301] - ..in export..10
[DEBUG][2015-11-09 16:26:01,611][com.java.ImportnExport.ExportTestResultsExcel] [  301] - ..in export..GL: Balance Sheet: Balance Sheet Report: Eliminations Negative Test
[DEBUG][2015-11-09 16:26:01,611][com.java.ImportnExport.ExportTestResultsExcel] [  301] - ..in export..Fail
[DEBUG][2015-11-09 16:26:01,611][com.java.ImportnExport.ExportTestResultsExcel] [  301] - ..in export..
Test case failed at Step No. :: 19   Error Message ::  Element not found:Eliminations. Screen Shot : D:\BankersDashboard\TestReports\110915\10_110915_162601_IE11.png
[DEBUG][2015-11-09 16:26:01,611][com.java.ImportnExport.ExportTestResultsExcel] [  301] - ..in export..Mon Nov 09 16:26:01 IST 2015
[INFO ][2015-11-09 16:26:01,611][com.java.SeleniumDriver] [ 1255] - out loop:1 size:2 TestCases:[1, 10] testcases:[1, 10]
[INFO ][2015-11-09 16:26:03,611][com.java.SeleniumDriver] [ 1297] - Total Number of Cases:2
[INFO ][2015-11-09 16:26:03,611][com.java.TemplateGenerator] [  302] - Executed:2
[INFO ][2015-11-09 16:26:03,611][com.java.TemplateGenerator] [  303] - Passed:1
[INFO ][2015-11-09 16:26:03,611][com.java.TemplateGenerator] [  304] - Failed:1
[INFO ][2015-11-09 16:26:03,611][com.java.TemplateGenerator] [  305] - Skipeed:0
[INFO ][2015-11-09 16:26:03,611][com.java.TemplateGenerator] [  306] - Application URL:https://clients-xuat.bankersdashboard.com
[INFO ][2015-11-09 16:26:03,611][com.java.TemplateGenerator] [  307] - Start Time:110915_162153
[INFO ][2015-11-09 16:26:03,611][com.java.TemplateGenerator] [  308] -  Creating HTML Report 
[ERROR][2015-11-09 16:26:03,611][com.java.TemplateGenerator] [  409] - Unparseable date: "Mon Nov 09 04:21:53 IST 2015"
[INFO ][2015-11-09 16:26:03,611][com.java.TemplateGenerator] [  654] -  Exporting case :: 1
[INFO ][2015-11-09 16:26:03,611][com.java.TemplateGenerator] [  654] -  Exporting case :: 10
[INFO ][2015-11-09 16:26:03,611][com.java.SeleniumDriver] [ 1346] - End Time:110915_162603
[INFO ][2015-11-09 16:26:03,611][com.java.SeleniumDriver] [ 1349] - Data in Test Execution Details:{1=PASS, 10=FAILTest case failed at Step No. :: 19   Error Message ::  Element not found:Eliminations}
[INFO ][2015-11-09 16:26:03,611][com.java.SeleniumDriver] [ 1350] - Data in Failed Execution Deatils:{}
[INFO ][2015-11-09 16:26:03,611][com.java.SeleniumDriver] [ 1352] - ReportCounter:Total:2 :: PASS: 1 ::FAIL: 1
[INFO ][2015-11-09 16:26:03,611][com.java.SeleniumDriver] [ 1353] - FailedReportCounter:Total:0 :: PASS: 0 ::FAIL: 0
[INFO ][2015-11-09 16:26:03,612][com.java.EmailTestReport] [   63] - Sending report mail details:
[INFO ][2015-11-09 16:26:03,612][com.java.EmailTestReport] [   80] - Excel Report Path:D:\BankersDashboard/TestReports/Test Results_BankersDashBoard_110915_162153_IE11_Simmons First National Bank.xls
[INFO ][2015-11-09 16:26:03,612][com.java.EmailTestReport] [   81] - HTML Report Path:D:\BankersDashboard//TestReports//Test Results_BankersDashBoard_110915_162153_IE11_Simmons First National Bank.html
[INFO ][2015-11-09 16:26:03,612][com.java.EmailTestReport] [   82] - smtpHostName:mail01.valuelabs.com
[INFO ][2015-11-09 16:26:03,612][com.java.EmailTestReport] [   83] - Recipient:venkateswararao.gubbala@valuelabs.com
[INFO ][2015-11-09 16:26:03,612][com.java.EmailTestReport] [   84] - From:venkateswararao.gubbala@valuelabs.com
[INFO ][2015-11-09 16:26:03,612][com.java.EmailTestReport] [   85] - Subject:Deluxe Corp Bankers Dashboard Automation Test Report - Simmons First National Bank - IE11
[INFO ][2015-11-09 16:26:03,632][com.java.EmailTestReport] [  143] -  Added venkateswararao.gubbala@valuelabs.com
