[INFO ][2016-01-28 11:53:53,000][com.java.SeleniumDriver] [  213] - Execute Failed Casesfalse
[INFO ][2016-01-28 11:53:53,000][com.java.SeleniumDriver] [  214] - Browser: IE10
[INFO ][2016-01-28 11:53:53,010][com.java.SeleniumDriver] [  215] - [1, 2, 3, 4, 5, 6, 7, 8, 9, 10]
[INFO ][2016-01-28 11:53:53,010][com.java.SeleniumDriver] [  216] - Total TestCases:10
[INFO ][2016-01-28 11:53:53,010][com.java.SeleniumDriver] [  217] -  Reading Properties from Property File 
[DEBUG][2016-01-28 11:53:53,010][com.java.SeleniumDriver] [  238] - url : https://clients-xuat.bankersdashboard.com
[INFO ][2016-01-28 11:53:53,010][com.java.ImportnExport.ExportTestResultsExcel] [  116] - Time Stamp Thu Jan 28 11:53:52 IST 2016
[INFO ][2016-01-28 11:53:53,010][com.java.ImportnExport.ExportTestResultsExcel] [  175] - OUT FILE : D:\BankersDashboard/TestReports/Test Results_BankersDashBoard_012816_115352_IE10_First Bank.xls
[INFO ][2016-01-28 11:53:53,031][com.java.ImportnExport.ExportTestResultsExcel] [  180] - Test Result file is created
[DEBUG][2016-01-28 11:53:53,141][com.java.SeleniumDriver] [  426] - Hub ip address is-------172.17.68.34
[INFO ][2016-01-28 11:53:53,141][com.java.SeleniumDriver] [  452] - Grid URL:http://172.17.68.34:4444/wd/hub
[INFO ][2016-01-28 11:53:53,141][com.java.SeleniumDriver] [  453] - Capability:Capabilities [{platform=ANY, ensureCleanSession=true, ignoreProtectedModeSettings=true, acceptSslCerts=true, ignoreZoomSetting=true, browserName=internet explorer, browserstack.ie.noFlash=true, version=null}]
[ERROR][2016-01-28 11:53:54,431][com.java.SeleniumDriver] [  498] - Unable invoke browser in grid:Could not start a new session. Possible causes are invalid address of the remote server or browser start-up failure.
Build info: version: '2.48.2', revision: '41bccdd', time: '2015-10-09 19:59:12'
System info: host: 'FVTIII438F1D', ip: '172.17.68.34', os.name: 'Windows 7', os.arch: 'x86', os.version: '6.1', java.version: '1.7.0_55'
Driver info: driver.version: SeleniumDriver
[INFO ][2016-01-28 11:53:54,431][com.java.SeleniumDriver] [  500] - Executing on local machine
[INFO ][2016-01-28 11:54:07,450][com.java.SeleniumDriver] [  248] - IE10is opened
[INFO ][2016-01-28 11:54:08,277][com.java.SeleniumDriver] [  756] - Test cases to be executed are: [1, 2, 3, 4, 5, 6, 7, 8, 9, 10]
[INFO ][2016-01-28 11:54:08,298][com.java.ImportnExport.ImportTestDataDetailsExcel] [   49] - test data details path===== D:\BankersDashboard\TestInputs\TestData.xls
[INFO ][2016-01-28 11:54:08,378][com.java.SeleniumDriver] [  856] - ------------------------------------------
[INFO ][2016-01-28 11:54:08,378][com.java.SeleniumDriver] [  857] - Test case being Executed: 1
[INFO ][2016-01-28 11:54:08,378][com.java.SeleniumDriver] [  869] - Test step:1
[INFO ][2016-01-28 11:54:08,378][com.java.SeleniumDriver] [  881] - Datavalue is----------Concept#1:1-16
[INFO ][2016-01-28 11:54:08,378][com.java.SeleniumDriver] [  905] - DataField : test
[INFO ][2016-01-28 11:54:08,378][com.java.SeleniumDriver] [  907] - DataValue : Concept#1:1-16
[INFO ][2016-01-28 11:54:08,378][com.java.SeleniumDriver] [  913] - <In Set values of the page>
[INFO ][2016-01-28 11:54:08,378][com.java.SeleniumDriver] [  916] - {Data Fields & Data Values Exist}
[INFO ][2016-01-28 11:54:08,378][com.java.SeleniumDriver] [  918] - --------------------------setting values-----------------------------
[INFO ][2016-01-28 11:54:08,378][com.java.SeleniumDriver] [  921] - Action Type : ExecuteTestCase
[INFO ][2016-01-28 11:54:08,398][com.java.TestType] [  442] - The Concept sheet name is ---------- Concept
[INFO ][2016-01-28 11:54:08,398][com.java.TestType] [  445] - The Concept ID  is ---------- 1
[DEBUG][2016-01-28 11:54:08,398][com.java.TestType] [  449] - Steps being executted in the Concept are: 1:16
[INFO ][2016-01-28 11:54:08,398][com.java.TestType] [  456] - Test data details path ---------- D:\BankersDashboard\TestInputs\TestData.xls
[INFO ][2016-01-28 11:54:08,428][com.java.TestType] [  487] -  str(1) = 1
[INFO ][2016-01-28 11:54:08,428][com.java.TestType] [  490] - Test case Id is---1
[INFO ][2016-01-28 11:54:08,428][com.java.TestType] [  492] - 1
[INFO ][2016-01-28 11:54:08,428][com.java.TestType] [  487] -  str(2) = 1
[INFO ][2016-01-28 11:54:08,438][com.java.TestType] [  487] -  str(1) = 1
[INFO ][2016-01-28 11:54:08,438][com.java.TestType] [  490] - Test case Id is---1
[INFO ][2016-01-28 11:54:08,438][com.java.TestType] [  492] - 1
[INFO ][2016-01-28 11:54:08,438][com.java.TestType] [  487] -  str(2) = 2
[INFO ][2016-01-28 11:54:08,438][com.java.TestType] [  487] -  str(1) = 1
[INFO ][2016-01-28 11:54:08,438][com.java.TestType] [  490] - Test case Id is---1
[INFO ][2016-01-28 11:54:08,438][com.java.TestType] [  492] - 1
[INFO ][2016-01-28 11:54:08,438][com.java.TestType] [  487] -  str(2) = 3
[INFO ][2016-01-28 11:54:08,438][com.java.TestType] [  487] -  str(1) = 1
[INFO ][2016-01-28 11:54:08,438][com.java.TestType] [  490] - Test case Id is---1
[INFO ][2016-01-28 11:54:08,438][com.java.TestType] [  492] - 1
[INFO ][2016-01-28 11:54:08,438][com.java.TestType] [  487] -  str(2) = 4
[INFO ][2016-01-28 11:54:08,438][com.java.TestType] [  487] -  str(1) = 1
[INFO ][2016-01-28 11:54:08,438][com.java.TestType] [  490] - Test case Id is---1
[INFO ][2016-01-28 11:54:08,438][com.java.TestType] [  492] - 1
[INFO ][2016-01-28 11:54:08,438][com.java.TestType] [  487] -  str(2) = 5
[INFO ][2016-01-28 11:54:08,438][com.java.TestType] [  487] -  str(1) = 1
[INFO ][2016-01-28 11:54:08,438][com.java.TestType] [  490] - Test case Id is---1
[INFO ][2016-01-28 11:54:08,438][com.java.TestType] [  492] - 1
[INFO ][2016-01-28 11:54:08,438][com.java.TestType] [  487] -  str(2) = 6
[INFO ][2016-01-28 11:54:08,448][com.java.TestType] [  487] -  str(1) = 1
[INFO ][2016-01-28 11:54:08,448][com.java.TestType] [  490] - Test case Id is---1
[INFO ][2016-01-28 11:54:08,448][com.java.TestType] [  492] - 1
[INFO ][2016-01-28 11:54:08,448][com.java.TestType] [  487] -  str(2) = 7
[INFO ][2016-01-28 11:54:08,448][com.java.TestType] [  487] -  str(1) = 1
[INFO ][2016-01-28 11:54:08,448][com.java.TestType] [  490] - Test case Id is---1
[INFO ][2016-01-28 11:54:08,448][com.java.TestType] [  492] - 1
[INFO ][2016-01-28 11:54:08,448][com.java.TestType] [  487] -  str(2) = 8
[INFO ][2016-01-28 11:54:08,448][com.java.TestType] [  487] -  str(1) = 1
[INFO ][2016-01-28 11:54:08,448][com.java.TestType] [  490] - Test case Id is---1
[INFO ][2016-01-28 11:54:08,448][com.java.TestType] [  492] - 1
[INFO ][2016-01-28 11:54:08,448][com.java.TestType] [  487] -  str(2) = 9
[INFO ][2016-01-28 11:54:08,448][com.java.TestType] [  487] -  str(1) = 1
[INFO ][2016-01-28 11:54:08,448][com.java.TestType] [  490] - Test case Id is---1
[INFO ][2016-01-28 11:54:08,448][com.java.TestType] [  492] - 1
[INFO ][2016-01-28 11:54:08,448][com.java.TestType] [  487] -  str(2) = 10
[INFO ][2016-01-28 11:54:08,448][com.java.TestType] [  487] -  str(1) = 1
[INFO ][2016-01-28 11:54:08,448][com.java.TestType] [  490] - Test case Id is---1
[INFO ][2016-01-28 11:54:08,448][com.java.TestType] [  492] - 1
[INFO ][2016-01-28 11:54:08,448][com.java.TestType] [  487] -  str(2) = 11
[INFO ][2016-01-28 11:54:08,448][com.java.TestType] [  487] -  str(1) = 1
[INFO ][2016-01-28 11:54:08,448][com.java.TestType] [  490] - Test case Id is---1
[INFO ][2016-01-28 11:54:08,448][com.java.TestType] [  492] - 1
[INFO ][2016-01-28 11:54:08,448][com.java.TestType] [  487] -  str(2) = 12
[INFO ][2016-01-28 11:54:08,448][com.java.TestType] [  487] -  str(1) = 1
[INFO ][2016-01-28 11:54:08,448][com.java.TestType] [  490] - Test case Id is---1
[INFO ][2016-01-28 11:54:08,448][com.java.TestType] [  492] - 1
[INFO ][2016-01-28 11:54:08,448][com.java.TestType] [  487] -  str(2) = 13
[INFO ][2016-01-28 11:54:08,448][com.java.TestType] [  487] -  str(1) = 1
[INFO ][2016-01-28 11:54:08,448][com.java.TestType] [  490] - Test case Id is---1
[INFO ][2016-01-28 11:54:08,448][com.java.TestType] [  492] - 1
[INFO ][2016-01-28 11:54:08,448][com.java.TestType] [  487] -  str(2) = 14
[INFO ][2016-01-28 11:54:08,458][com.java.TestType] [  487] -  str(1) = 1
[INFO ][2016-01-28 11:54:08,458][com.java.TestType] [  490] - Test case Id is---1
[INFO ][2016-01-28 11:54:08,458][com.java.TestType] [  492] - 1
[INFO ][2016-01-28 11:54:08,458][com.java.TestType] [  487] -  str(2) = 15
[INFO ][2016-01-28 11:54:08,458][com.java.TestType] [  487] -  str(1) = 1
[INFO ][2016-01-28 11:54:08,458][com.java.TestType] [  490] - Test case Id is---1
[INFO ][2016-01-28 11:54:08,458][com.java.TestType] [  492] - 1
[INFO ][2016-01-28 11:54:08,458][com.java.TestType] [  487] -  str(2) = 16
[INFO ][2016-01-28 11:54:08,458][com.java.TestType] [11650] - Looping 1TCID = 1
[DEBUG][2016-01-28 11:54:08,458][com.java.TestType] [11691] - Concept ID:1 :: Step being Executed: 1::1
[INFO ][2016-01-28 11:54:08,458][com.java.TestType] [11729] - dataFields : TXTusername
[DEBUG][2016-01-28 11:54:08,458][com.java.TestType] [11735] - <In Set values of the page>
[DEBUG][2016-01-28 11:54:08,458][com.java.TestType] [11740] - {Data Fields & Data Values Exist}
[INFO ][2016-01-28 11:54:08,458][com.java.TestType] [11746] - --------------------------setting values-----------------------------
[INFO ][2016-01-28 11:54:08,458][com.java.TestType] [11749] - Action Type : CLEARANDENTER
[INFO ][2016-01-28 11:54:10,729][com.java.TestType] [ 6395] - value = valuelabs.ie10.15019
[INFO ][2016-01-28 11:54:13,162][com.java.TestType] [11768] -  RESULT true
[INFO ][2016-01-28 11:54:13,162][com.java.TestType] [11885] - ?   P A S S   ?
[DEBUG][2016-01-28 11:54:13,162][com.java.TestType] [11691] - Concept ID:1 :: Step being Executed: 1::2
[INFO ][2016-01-28 11:54:13,162][com.java.TestType] [11729] - dataFields : TXTpassword
[DEBUG][2016-01-28 11:54:13,162][com.java.TestType] [11735] - <In Set values of the page>
[DEBUG][2016-01-28 11:54:13,162][com.java.TestType] [11740] - {Data Fields & Data Values Exist}
[INFO ][2016-01-28 11:54:13,162][com.java.TestType] [11746] - --------------------------setting values-----------------------------
[INFO ][2016-01-28 11:54:13,162][com.java.TestType] [11749] - Action Type : CLEARANDENTER
[INFO ][2016-01-28 11:54:15,413][com.java.TestType] [ 6395] - value = Password1*
[INFO ][2016-01-28 11:54:17,959][com.java.TestType] [11768] -  RESULT true
[INFO ][2016-01-28 11:54:17,959][com.java.TestType] [11885] - ?   P A S S   ?
[DEBUG][2016-01-28 11:54:17,959][com.java.TestType] [11691] - Concept ID:1 :: Step being Executed: 1::3
[ERROR][2016-01-28 11:54:17,959][com.java.TestType] [11724] - Exception: null
[INFO ][2016-01-28 11:54:17,959][com.java.TestType] [11729] - dataFields : XPH//button[@type='submit']
[DEBUG][2016-01-28 11:54:17,959][com.java.TestType] [11735] - <In Set values of the page>
[DEBUG][2016-01-28 11:54:17,959][com.java.TestType] [11740] - {Data Fields & Data Values Exist}
[INFO ][2016-01-28 11:54:17,959][com.java.TestType] [11746] - --------------------------setting values-----------------------------
[INFO ][2016-01-28 11:54:17,959][com.java.TestType] [11749] - Action Type : Click
[INFO ][2016-01-28 11:54:17,959][com.java.TestType] [ 6774] - Field ::XPH//button[@type='submit']
[INFO ][2016-01-28 11:54:17,959][com.java.TestType] [ 6395] - value = 
[INFO ][2016-01-28 11:54:18,959][com.java.TestType] [ 6947] - BEFORE CLICK
[INFO ][2016-01-28 11:54:19,799][com.java.TestType] [ 6955] - Unable to click the object Login
[INFO ][2016-01-28 11:54:19,799][com.java.TestType] [11768] -  RESULT true
[INFO ][2016-01-28 11:54:19,799][com.java.TestType] [11885] - ?   P A S S   ?
[DEBUG][2016-01-28 11:54:19,799][com.java.TestType] [11691] - Concept ID:1 :: Step being Executed: 1::4
[INFO ][2016-01-28 11:54:19,799][com.java.TestType] [11729] - dataFields : LNKLogout
[DEBUG][2016-01-28 11:54:19,799][com.java.TestType] [11735] - <In Set values of the page>
[DEBUG][2016-01-28 11:54:19,799][com.java.TestType] [11740] - {Data Fields & Data Values Exist}
[INFO ][2016-01-28 11:54:19,799][com.java.TestType] [11746] - --------------------------setting values-----------------------------
[INFO ][2016-01-28 11:54:19,799][com.java.TestType] [11749] - Action Type : WaitForElement
[INFO ][2016-01-28 11:54:24,259][com.java.TestType] [11768] -  RESULT true
[INFO ][2016-01-28 11:54:24,259][com.java.TestType] [11885] - ?   P A S S   ?
[DEBUG][2016-01-28 11:54:24,259][com.java.TestType] [11691] - Concept ID:1 :: Step being Executed: 1::15
[INFO ][2016-01-28 11:54:24,259][com.java.TestType] [11729] - dataFields : LNK
[DEBUG][2016-01-28 11:54:24,259][com.java.TestType] [11735] - <In Set values of the page>
[DEBUG][2016-01-28 11:54:24,259][com.java.TestType] [11740] - {Data Fields & Data Values Exist}
[INFO ][2016-01-28 11:54:24,259][com.java.TestType] [11746] - --------------------------setting values-----------------------------
[INFO ][2016-01-28 11:54:24,259][com.java.TestType] [11749] - Action Type : Verify
[INFO ][2016-01-28 11:54:24,259][com.java.TestType] [ 7985] - field= LNK value= Logout
[INFO ][2016-01-28 11:54:24,259][com.java.TestType] [ 6395] - value = Logout
[INFO ][2016-01-28 11:54:24,290][com.java.TestType] [11768] -  RESULT true
[INFO ][2016-01-28 11:54:24,290][com.java.TestType] [11885] - ?   P A S S   ?
[DEBUG][2016-01-28 11:54:24,290][com.java.TestType] [11691] - Concept ID:1 :: Step being Executed: 1::16
[INFO ][2016-01-28 11:54:24,290][com.java.TestType] [11729] - dataFields : BTN
[DEBUG][2016-01-28 11:54:24,290][com.java.TestType] [11735] - <In Set values of the page>
[DEBUG][2016-01-28 11:54:24,290][com.java.TestType] [11740] - {Data Fields & Data Values Exist}
[INFO ][2016-01-28 11:54:24,290][com.java.TestType] [11746] - --------------------------setting values-----------------------------
[INFO ][2016-01-28 11:54:24,290][com.java.TestType] [11749] - Action Type : Verify
[INFO ][2016-01-28 11:54:24,290][com.java.TestType] [ 7985] - field= BTN value= //img[contains(@src,'bdlogo.jpg')]
[INFO ][2016-01-28 11:54:24,290][com.java.TestType] [ 6395] - value = //img[contains(@src,'bdlogo.jpg')]
[INFO ][2016-01-28 11:54:24,350][com.java.TestType] [11768] -  RESULT true
[INFO ][2016-01-28 11:54:24,350][com.java.TestType] [11885] - ?   P A S S   ?
[INFO ][2016-01-28 11:54:24,350][com.java.TestType] [11956] - Looping End......
[INFO ][2016-01-28 11:54:24,350][com.java.SeleniumDriver] [  930] -  RESULT true
[INFO ][2016-01-28 11:54:24,350][com.java.SeleniumDriver] [ 1136] - ?   P A S S   ?
[INFO ][2016-01-28 11:54:24,350][com.java.SeleniumDriver] [  856] - ------------------------------------------
[INFO ][2016-01-28 11:54:24,350][com.java.SeleniumDriver] [  857] - Test case being Executed: 1
[INFO ][2016-01-28 11:54:24,350][com.java.SeleniumDriver] [  869] - Test step:2
[INFO ][2016-01-28 11:54:24,350][com.java.SeleniumDriver] [  881] - Datavalue is----------Concept#2:1-2
[INFO ][2016-01-28 11:54:24,350][com.java.SeleniumDriver] [  905] - DataField : test
[INFO ][2016-01-28 11:54:24,350][com.java.SeleniumDriver] [  907] - DataValue : Concept#2:1-2
[INFO ][2016-01-28 11:54:24,350][com.java.SeleniumDriver] [  913] - <In Set values of the page>
[INFO ][2016-01-28 11:54:24,350][com.java.SeleniumDriver] [  916] - {Data Fields & Data Values Exist}
[INFO ][2016-01-28 11:54:24,350][com.java.SeleniumDriver] [  918] - --------------------------setting values-----------------------------
[INFO ][2016-01-28 11:54:24,350][com.java.SeleniumDriver] [  921] - Action Type : ExecuteTestCase
[INFO ][2016-01-28 11:54:24,350][com.java.TestType] [  442] - The Concept sheet name is ---------- Concept
[INFO ][2016-01-28 11:54:24,350][com.java.TestType] [  445] - The Concept ID  is ---------- 2
[DEBUG][2016-01-28 11:54:24,350][com.java.TestType] [  449] - Steps being executted in the Concept are: 1:2
[INFO ][2016-01-28 11:54:24,350][com.java.TestType] [  456] - Test data details path ---------- D:\BankersDashboard\TestInputs\TestData.xls
[INFO ][2016-01-28 11:54:24,383][com.java.TestType] [  487] -  str(1) = 2
[INFO ][2016-01-28 11:54:24,383][com.java.TestType] [  490] - Test case Id is---2
[INFO ][2016-01-28 11:54:24,383][com.java.TestType] [  492] - 2
[INFO ][2016-01-28 11:54:24,383][com.java.TestType] [  487] -  str(2) = 1
[INFO ][2016-01-28 11:54:24,383][com.java.TestType] [  487] -  str(1) = 2
[INFO ][2016-01-28 11:54:24,383][com.java.TestType] [  490] - Test case Id is---2
[INFO ][2016-01-28 11:54:24,383][com.java.TestType] [  492] - 2
[INFO ][2016-01-28 11:54:24,383][com.java.TestType] [  487] -  str(2) = 2
[INFO ][2016-01-28 11:54:24,383][com.java.TestType] [  487] -  str(1) = 2
[INFO ][2016-01-28 11:54:24,383][com.java.TestType] [  490] - Test case Id is---2
[INFO ][2016-01-28 11:54:24,383][com.java.TestType] [  492] - 2
[INFO ][2016-01-28 11:54:24,383][com.java.TestType] [  487] -  str(2) = 3
[INFO ][2016-01-28 11:54:24,383][com.java.TestType] [11650] - Looping 1TCID = 2
[DEBUG][2016-01-28 11:54:24,383][com.java.TestType] [11691] - Concept ID:2 :: Step being Executed: 2::1
[INFO ][2016-01-28 11:54:24,383][com.java.TestType] [11729] - dataFields : BNK//select[@id='bank']
[DEBUG][2016-01-28 11:54:24,393][com.java.TestType] [11735] - <In Set values of the page>
[DEBUG][2016-01-28 11:54:24,393][com.java.TestType] [11740] - {Data Fields & Data Values Exist}
[INFO ][2016-01-28 11:54:24,393][com.java.TestType] [11746] - --------------------------setting values-----------------------------
[INFO ][2016-01-28 11:54:24,393][com.java.TestType] [11749] - Action Type : Select
[INFO ][2016-01-28 11:54:24,393][com.java.TestType] [ 6395] - value = PFC
[INFO ][2016-01-28 11:54:24,673][com.java.TestType] [11768] -  RESULT true
[INFO ][2016-01-28 11:54:24,673][com.java.TestType] [11885] - ?   P A S S   ?
[DEBUG][2016-01-28 11:54:24,673][com.java.TestType] [11691] - Concept ID:2 :: Step being Executed: 2::2
[INFO ][2016-01-28 11:54:24,673][com.java.TestType] [11729] - dataFields : LNKLogout
[DEBUG][2016-01-28 11:54:24,673][com.java.TestType] [11735] - <In Set values of the page>
[DEBUG][2016-01-28 11:54:24,673][com.java.TestType] [11740] - {Data Fields & Data Values Exist}
[INFO ][2016-01-28 11:54:24,673][com.java.TestType] [11746] - --------------------------setting values-----------------------------
[INFO ][2016-01-28 11:54:24,673][com.java.TestType] [11749] - Action Type : WaitTime
[DEBUG][2016-01-28 11:54:24,673][com.java.TestType] [ 6209] - sleepTime: 5000
[INFO ][2016-01-28 11:54:29,675][com.java.TestType] [11768] -  RESULT true
[INFO ][2016-01-28 11:54:29,675][com.java.TestType] [11885] - ?   P A S S   ?
[INFO ][2016-01-28 11:54:29,675][com.java.TestType] [11956] - Looping End......
[INFO ][2016-01-28 11:54:29,675][com.java.SeleniumDriver] [  930] -  RESULT true
[INFO ][2016-01-28 11:54:29,675][com.java.SeleniumDriver] [ 1136] - ?   P A S S   ?
[INFO ][2016-01-28 11:54:29,675][com.java.SeleniumDriver] [  856] - ------------------------------------------
[INFO ][2016-01-28 11:54:29,675][com.java.SeleniumDriver] [  857] - Test case being Executed: 1
[INFO ][2016-01-28 11:54:29,675][com.java.SeleniumDriver] [  869] - Test step:3
[INFO ][2016-01-28 11:54:29,675][com.java.SeleniumDriver] [  881] - Datavalue is----------2
[INFO ][2016-01-28 11:54:29,675][com.java.SeleniumDriver] [  905] - DataField : XPH//button[contains(text(),'Add Content')]
[INFO ][2016-01-28 11:54:29,675][com.java.SeleniumDriver] [  907] - DataValue : 2
[INFO ][2016-01-28 11:54:29,675][com.java.SeleniumDriver] [  913] - <In Set values of the page>
[INFO ][2016-01-28 11:54:29,675][com.java.SeleniumDriver] [  916] - {Data Fields & Data Values Exist}
[INFO ][2016-01-28 11:54:29,675][com.java.SeleniumDriver] [  918] - --------------------------setting values-----------------------------
[INFO ][2016-01-28 11:54:29,675][com.java.SeleniumDriver] [  921] - Action Type : WAITFORELEMENT
[INFO ][2016-01-28 11:54:29,706][com.java.SeleniumDriver] [  930] -  RESULT true
[INFO ][2016-01-28 11:54:29,706][com.java.SeleniumDriver] [ 1136] - ?   P A S S   ?
[DEBUG][2016-01-28 11:54:29,706][com.java.SeleniumDriver] [ 1248] - Case found
[DEBUG][2016-01-28 11:54:29,706][com.java.SeleniumDriver] [ 1253] - Incrementing ReportCounters[0]:1
[INFO ][2016-01-28 11:54:29,706][com.java.SeleniumDriver] [ 1272] - The results are-------------------[1, 1, Valid Login, Pass, , Thu Jan 28 11:54:24 IST 2016, 1, 2, Valid Login, Pass, , Thu Jan 28 11:54:29 IST 2016, 1, 3, Valid Login, Pass, , Thu Jan 28 11:54:29 IST 2016]
[INFO ][2016-01-28 11:54:29,706][com.java.SeleniumDriver] [ 1276] - End time is-------38 sec
[INFO ][2016-01-28 11:54:29,706][com.java.SeleniumDriver] [ 1277] - The results are-------------------[1, 1, Valid Login, Pass, , Thu Jan 28 11:54:24 IST 2016, 1, 2, Valid Login, Pass, , Thu Jan 28 11:54:29 IST 2016, 1, 3, Valid Login, Pass, , Thu Jan 28 11:54:29 IST 2016]
[DEBUG][2016-01-28 11:54:29,706][com.java.ImportnExport.ExportTestResultsExcel] [  222] - testResultPath = D:\BankersDashboard/TestReports/Test Results_BankersDashBoard_012816_115352_IE10_First Bank.xls
[DEBUG][2016-01-28 11:54:29,706][com.java.ImportnExport.ExportTestResultsExcel] [  223] - browser is------------IE10
[DEBUG][2016-01-28 11:54:29,756][com.java.ImportnExport.ExportTestResultsExcel] [  270] - result.size() = 18
[DEBUG][2016-01-28 11:54:29,756][com.java.ImportnExport.ExportTestResultsExcel] [  274] - No of rows in sheet=1
[DEBUG][2016-01-28 11:54:29,756][com.java.ImportnExport.ExportTestResultsExcel] [  301] - ..in export..1
[DEBUG][2016-01-28 11:54:29,756][com.java.ImportnExport.ExportTestResultsExcel] [  301] - ..in export..Valid Login
[DEBUG][2016-01-28 11:54:29,756][com.java.ImportnExport.ExportTestResultsExcel] [  301] - ..in export..Pass
[DEBUG][2016-01-28 11:54:29,756][com.java.ImportnExport.ExportTestResultsExcel] [  301] - ..in export..
[DEBUG][2016-01-28 11:54:29,756][com.java.ImportnExport.ExportTestResultsExcel] [  301] - ..in export..Thu Jan 28 11:54:24 IST 2016
[INFO ][2016-01-28 11:54:29,756][com.java.SeleniumDriver] [ 1337] - out loop:0 size:10 TestCases:[1, 2, 3, 4, 5, 6, 7, 8, 9, 10] testcases:[1, 2, 3, 4, 5, 6, 7, 8, 9, 10]
[INFO ][2016-01-28 11:54:29,756][com.java.ImportnExport.ImportTestDataDetailsExcel] [   49] - test data details path===== D:\BankersDashboard\TestInputs\TestData.xls
[INFO ][2016-01-28 11:54:51,594][com.java.SeleniumDriver] [  856] - ------------------------------------------
[INFO ][2016-01-28 11:54:51,594][com.java.SeleniumDriver] [  857] - Test case being Executed: 2
[INFO ][2016-01-28 11:54:51,594][com.java.SeleniumDriver] [  869] - Test step:1
[INFO ][2016-01-28 11:54:51,594][com.java.SeleniumDriver] [  881] - Datavalue is----------Logout
[INFO ][2016-01-28 11:54:51,594][com.java.SeleniumDriver] [  905] - DataField : BTN
[INFO ][2016-01-28 11:54:51,594][com.java.SeleniumDriver] [  907] - DataValue : Logout
[INFO ][2016-01-28 11:54:51,594][com.java.SeleniumDriver] [  913] - <In Set values of the page>
[INFO ][2016-01-28 11:54:51,594][com.java.SeleniumDriver] [  916] - {Data Fields & Data Values Exist}
[INFO ][2016-01-28 11:54:51,594][com.java.SeleniumDriver] [  918] - --------------------------setting values-----------------------------
[INFO ][2016-01-28 11:54:51,594][com.java.SeleniumDriver] [  921] - Action Type : Verify
[INFO ][2016-01-28 11:54:51,594][com.java.TestType] [ 7985] - field= BTN value= Logout
[INFO ][2016-01-28 11:54:51,594][com.java.TestType] [ 6395] - value = Logout
[INFO ][2016-01-28 11:54:51,955][com.java.SeleniumDriver] [  930] -  RESULT true
[INFO ][2016-01-28 11:54:51,955][com.java.SeleniumDriver] [ 1136] - ?   P A S S   ?
[INFO ][2016-01-28 11:54:51,955][com.java.SeleniumDriver] [ 1178] - step change to 3
[INFO ][2016-01-28 11:54:51,955][com.java.SeleniumDriver] [  856] - ------------------------------------------
[INFO ][2016-01-28 11:54:51,955][com.java.SeleniumDriver] [  857] - Test case being Executed: 2
[INFO ][2016-01-28 11:54:51,955][com.java.SeleniumDriver] [  869] - Test step:3
[INFO ][2016-01-28 11:54:51,955][com.java.SeleniumDriver] [  881] - Datavalue is----------Concept#2:1-2
[INFO ][2016-01-28 11:54:51,955][com.java.SeleniumDriver] [  905] - DataField : test
[INFO ][2016-01-28 11:54:51,955][com.java.SeleniumDriver] [  907] - DataValue : Concept#2:1-2
[INFO ][2016-01-28 11:54:51,955][com.java.SeleniumDriver] [  913] - <In Set values of the page>
[INFO ][2016-01-28 11:54:51,955][com.java.SeleniumDriver] [  916] - {Data Fields & Data Values Exist}
[INFO ][2016-01-28 11:54:51,955][com.java.SeleniumDriver] [  918] - --------------------------setting values-----------------------------
[INFO ][2016-01-28 11:54:51,955][com.java.SeleniumDriver] [  921] - Action Type : ExecuteTestCase
[INFO ][2016-01-28 11:54:51,955][com.java.TestType] [  442] - The Concept sheet name is ---------- Concept
[INFO ][2016-01-28 11:54:51,955][com.java.TestType] [  445] - The Concept ID  is ---------- 2
[DEBUG][2016-01-28 11:54:51,955][com.java.TestType] [  449] - Steps being executted in the Concept are: 1:2
[INFO ][2016-01-28 11:54:51,955][com.java.TestType] [  456] - Test data details path ---------- D:\BankersDashboard\TestInputs\TestData.xls
[INFO ][2016-01-28 11:54:51,985][com.java.TestType] [  487] -  str(1) = 2
[INFO ][2016-01-28 11:54:51,985][com.java.TestType] [  490] - Test case Id is---2
[INFO ][2016-01-28 11:54:51,985][com.java.TestType] [  492] - 2
[INFO ][2016-01-28 11:54:51,985][com.java.TestType] [  487] -  str(2) = 1
[INFO ][2016-01-28 11:54:51,985][com.java.TestType] [  487] -  str(1) = 2
[INFO ][2016-01-28 11:54:51,985][com.java.TestType] [  490] - Test case Id is---2
[INFO ][2016-01-28 11:54:51,985][com.java.TestType] [  492] - 2
[INFO ][2016-01-28 11:54:51,985][com.java.TestType] [  487] -  str(2) = 2
[INFO ][2016-01-28 11:54:51,985][com.java.TestType] [  487] -  str(1) = 2
[INFO ][2016-01-28 11:54:51,985][com.java.TestType] [  490] - Test case Id is---2
[INFO ][2016-01-28 11:54:51,985][com.java.TestType] [  492] - 2
[INFO ][2016-01-28 11:54:51,985][com.java.TestType] [  487] -  str(2) = 3
[INFO ][2016-01-28 11:54:51,985][com.java.TestType] [11650] - Looping 1TCID = 2
[DEBUG][2016-01-28 11:54:51,985][com.java.TestType] [11691] - Concept ID:2 :: Step being Executed: 2::1
[INFO ][2016-01-28 11:54:51,985][com.java.TestType] [11729] - dataFields : BNK//select[@id='bank']
[DEBUG][2016-01-28 11:54:51,985][com.java.TestType] [11735] - <In Set values of the page>
[DEBUG][2016-01-28 11:54:51,985][com.java.TestType] [11740] - {Data Fields & Data Values Exist}
[INFO ][2016-01-28 11:54:51,985][com.java.TestType] [11746] - --------------------------setting values-----------------------------
[INFO ][2016-01-28 11:54:51,985][com.java.TestType] [11749] - Action Type : Select
[INFO ][2016-01-28 11:54:51,985][com.java.TestType] [ 6395] - value = PFC
[INFO ][2016-01-28 11:54:53,006][com.java.TestType] [11768] -  RESULT true
[INFO ][2016-01-28 11:54:53,006][com.java.TestType] [11885] - ?   P A S S   ?
[DEBUG][2016-01-28 11:54:53,006][com.java.TestType] [11691] - Concept ID:2 :: Step being Executed: 2::2
[INFO ][2016-01-28 11:54:53,006][com.java.TestType] [11729] - dataFields : LNKLogout
[DEBUG][2016-01-28 11:54:53,006][com.java.TestType] [11735] - <In Set values of the page>
[DEBUG][2016-01-28 11:54:53,006][com.java.TestType] [11740] - {Data Fields & Data Values Exist}
[INFO ][2016-01-28 11:54:53,006][com.java.TestType] [11746] - --------------------------setting values-----------------------------
[INFO ][2016-01-28 11:54:53,006][com.java.TestType] [11749] - Action Type : WaitTime
[DEBUG][2016-01-28 11:54:53,006][com.java.TestType] [ 6209] - sleepTime: 5000
[INFO ][2016-01-28 11:54:58,005][com.java.TestType] [11768] -  RESULT true
[INFO ][2016-01-28 11:54:58,005][com.java.TestType] [11885] - ?   P A S S   ?
[INFO ][2016-01-28 11:54:58,005][com.java.TestType] [11956] - Looping End......
[INFO ][2016-01-28 11:54:58,005][com.java.SeleniumDriver] [  930] -  RESULT true
[INFO ][2016-01-28 11:54:58,005][com.java.SeleniumDriver] [ 1136] - ?   P A S S   ?
[INFO ][2016-01-28 11:54:58,005][com.java.SeleniumDriver] [  856] - ------------------------------------------
[INFO ][2016-01-28 11:54:58,005][com.java.SeleniumDriver] [  857] - Test case being Executed: 2
[INFO ][2016-01-28 11:54:58,005][com.java.SeleniumDriver] [  869] - Test step:4
[INFO ][2016-01-28 11:54:58,005][com.java.SeleniumDriver] [  881] - Datavalue is----------2
[INFO ][2016-01-28 11:54:58,005][com.java.SeleniumDriver] [  905] - DataField : BTNG/L
[INFO ][2016-01-28 11:54:58,005][com.java.SeleniumDriver] [  907] - DataValue : 2
[INFO ][2016-01-28 11:54:58,005][com.java.SeleniumDriver] [  913] - <In Set values of the page>
[INFO ][2016-01-28 11:54:58,005][com.java.SeleniumDriver] [  916] - {Data Fields & Data Values Exist}
[INFO ][2016-01-28 11:54:58,005][com.java.SeleniumDriver] [  918] - --------------------------setting values-----------------------------
[INFO ][2016-01-28 11:54:58,005][com.java.SeleniumDriver] [  921] - Action Type : WAITFORELEMENT
[INFO ][2016-01-28 11:54:58,196][com.java.SeleniumDriver] [  930] -  RESULT true
[INFO ][2016-01-28 11:54:58,196][com.java.SeleniumDriver] [ 1136] - ?   P A S S   ?
[INFO ][2016-01-28 11:54:58,196][com.java.SeleniumDriver] [  856] - ------------------------------------------
[INFO ][2016-01-28 11:54:58,196][com.java.SeleniumDriver] [  857] - Test case being Executed: 2
[INFO ][2016-01-28 11:54:58,196][com.java.SeleniumDriver] [  869] - Test step:5
[INFO ][2016-01-28 11:54:58,196][com.java.SeleniumDriver] [  881] - Datavalue is----------null
[DEBUG][2016-01-28 11:54:58,196][com.java.SeleniumDriver] [  899] - Exception: null
[INFO ][2016-01-28 11:54:58,196][com.java.SeleniumDriver] [  905] - DataField : //span[@class='icon-hammer']&&//a[text()='Custom Calculations']
[INFO ][2016-01-28 11:54:58,196][com.java.SeleniumDriver] [  907] - DataValue : 
[INFO ][2016-01-28 11:54:58,196][com.java.SeleniumDriver] [  913] - <In Set values of the page>
[INFO ][2016-01-28 11:54:58,196][com.java.SeleniumDriver] [  916] - {Data Fields & Data Values Exist}
[INFO ][2016-01-28 11:54:58,196][com.java.SeleniumDriver] [  918] - --------------------------setting values-----------------------------
[INFO ][2016-01-28 11:54:58,196][com.java.SeleniumDriver] [  921] - Action Type : MOUSEOVER
