[INFO ][2015-11-17 17:13:29,663][com.java.SeleniumDriver] [  213] - Execute Failed Casesfalse
[INFO ][2015-11-17 17:13:29,668][com.java.SeleniumDriver] [  214] - Browser: IE10
[INFO ][2015-11-17 17:13:29,668][com.java.SeleniumDriver] [  215] - [1, 3]
[INFO ][2015-11-17 17:13:29,668][com.java.SeleniumDriver] [  216] - Total TestCases:2
[INFO ][2015-11-17 17:13:29,668][com.java.SeleniumDriver] [  217] -  Reading Properties from Property File 
[DEBUG][2015-11-17 17:13:29,669][com.java.SeleniumDriver] [  238] - url : https://clients-xuat.bankersdashboard.com
[INFO ][2015-11-17 17:13:29,670][com.java.ImportnExport.ExportTestResultsExcel] [  116] - Time Stamp Tue Nov 17 05:13:29 IST 2015
[INFO ][2015-11-17 17:13:29,670][com.java.ImportnExport.ExportTestResultsExcel] [  175] - OUT FILE : D:\BankersDashboard/TestReports/Test Results_BankersDashBoard_111715_171329_IE10_Any Bank USA.xls
[INFO ][2015-11-17 17:13:29,698][com.java.ImportnExport.ExportTestResultsExcel] [  180] - Test Result file is created
[DEBUG][2015-11-17 17:13:29,798][com.java.SeleniumDriver] [  425] - Hub ip address is-------172.17.68.34
[INFO ][2015-11-17 17:13:29,799][com.java.SeleniumDriver] [  451] - Grid URL:http://172.17.68.34:4444/wd/hub
[INFO ][2015-11-17 17:13:29,799][com.java.SeleniumDriver] [  452] - Capability:Capabilities [{platform=ANY, ensureCleanSession=true, ignoreProtectedModeSettings=true, acceptSslCerts=true, ignoreZoomSetting=true, browserName=internet explorer, browserstack.ie.noFlash=true, version=null}]
[ERROR][2015-11-17 17:13:31,098][com.java.SeleniumDriver] [  496] - Unable invoke browser in grid:Could not start a new session. Possible causes are invalid address of the remote server or browser start-up failure.
Build info: version: '2.48.2', revision: '41bccdd', time: '2015-10-09 19:59:12'
System info: host: 'FVTIII438F1D', ip: '172.17.68.34', os.name: 'Windows 7', os.arch: 'x86', os.version: '6.1', java.version: '1.7.0_55'
Driver info: driver.version: SeleniumDriver
[INFO ][2015-11-17 17:13:31,099][com.java.SeleniumDriver] [  498] - Executing on local machine
[INFO ][2015-11-17 17:13:40,786][com.java.SeleniumDriver] [  248] - IE10is opened
[INFO ][2015-11-17 17:13:41,614][com.java.SeleniumDriver] [  753] - Test cases to be executed are: [1, 3]
[INFO ][2015-11-17 17:13:41,632][com.java.ImportnExport.ImportTestDataDetailsExcel] [   49] - test data details path===== D:\BankersDashboard\TestInputs\TestData.xls
[INFO ][2015-11-17 17:13:41,678][com.java.SeleniumDriver] [  796] - ------------------------------------------
[INFO ][2015-11-17 17:13:41,679][com.java.SeleniumDriver] [  797] - Test case being Executed: 1
[INFO ][2015-11-17 17:13:41,679][com.java.SeleniumDriver] [  808] - Test step:1
[INFO ][2015-11-17 17:13:41,679][com.java.SeleniumDriver] [  820] - Datavalue is----------Concept#1:1-14
[INFO ][2015-11-17 17:13:41,679][com.java.SeleniumDriver] [  844] - DataField : test
[INFO ][2015-11-17 17:13:41,679][com.java.SeleniumDriver] [  846] - DataValue : Concept#1:1-14
[INFO ][2015-11-17 17:13:41,679][com.java.SeleniumDriver] [  852] - <In Set values of the page>
[INFO ][2015-11-17 17:13:41,679][com.java.SeleniumDriver] [  855] - {Data Fields & Data Values Exist}
[INFO ][2015-11-17 17:13:41,679][com.java.SeleniumDriver] [  857] - --------------------------setting values-----------------------------
[INFO ][2015-11-17 17:13:41,679][com.java.SeleniumDriver] [  860] - Action Type : ExecuteTestCase
[INFO ][2015-11-17 17:13:41,697][com.java.TestType] [  423] - The Concept sheet name is ---------- Concept
[INFO ][2015-11-17 17:13:41,697][com.java.TestType] [  426] - The Concept ID  is ---------- 1
[DEBUG][2015-11-17 17:13:41,697][com.java.TestType] [  430] - Steps being executted in the Concept are: 1:14
[INFO ][2015-11-17 17:13:41,697][com.java.TestType] [  437] - Test data details path ---------- D:\BankersDashboard\TestInputs\TestData.xls
[INFO ][2015-11-17 17:13:41,735][com.java.TestType] [  468] -  str(1) = 1
[INFO ][2015-11-17 17:13:41,735][com.java.TestType] [  471] - Test case Id is---1
[INFO ][2015-11-17 17:13:41,735][com.java.TestType] [  473] - 1
[INFO ][2015-11-17 17:13:41,735][com.java.TestType] [  468] -  str(2) = 1
[INFO ][2015-11-17 17:13:41,738][com.java.TestType] [  520] - row values are--------{1=com.java.Objects.TestDataDetails@ccb1e}
[INFO ][2015-11-17 17:13:41,738][com.java.TestType] [  468] -  str(1) = 1
[INFO ][2015-11-17 17:13:41,738][com.java.TestType] [  471] - Test case Id is---1
[INFO ][2015-11-17 17:13:41,738][com.java.TestType] [  473] - 1
[INFO ][2015-11-17 17:13:41,738][com.java.TestType] [  468] -  str(2) = 2
[INFO ][2015-11-17 17:13:41,741][com.java.TestType] [  520] - row values are--------{1=com.java.Objects.TestDataDetails@ccb1e, 2=com.java.Objects.TestDataDetails@2daa2c}
[INFO ][2015-11-17 17:13:41,741][com.java.TestType] [  468] -  str(1) = 1
[INFO ][2015-11-17 17:13:41,741][com.java.TestType] [  471] - Test case Id is---1
[INFO ][2015-11-17 17:13:41,741][com.java.TestType] [  473] - 1
[INFO ][2015-11-17 17:13:41,742][com.java.TestType] [  468] -  str(2) = 3
[INFO ][2015-11-17 17:13:41,743][com.java.TestType] [  520] - row values are--------{1=com.java.Objects.TestDataDetails@ccb1e, 2=com.java.Objects.TestDataDetails@2daa2c, 3=com.java.Objects.TestDataDetails@1294564}
[INFO ][2015-11-17 17:13:41,743][com.java.TestType] [  468] -  str(1) = 1
[INFO ][2015-11-17 17:13:41,743][com.java.TestType] [  471] - Test case Id is---1
[INFO ][2015-11-17 17:13:41,743][com.java.TestType] [  473] - 1
[INFO ][2015-11-17 17:13:41,743][com.java.TestType] [  468] -  str(2) = 4
[INFO ][2015-11-17 17:13:41,744][com.java.TestType] [  520] - row values are--------{1=com.java.Objects.TestDataDetails@ccb1e, 2=com.java.Objects.TestDataDetails@2daa2c, 3=com.java.Objects.TestDataDetails@1294564, 4=com.java.Objects.TestDataDetails@c31037}
[INFO ][2015-11-17 17:13:41,744][com.java.TestType] [  468] -  str(1) = 1
[INFO ][2015-11-17 17:13:41,745][com.java.TestType] [  471] - Test case Id is---1
[INFO ][2015-11-17 17:13:41,745][com.java.TestType] [  473] - 1
[INFO ][2015-11-17 17:13:41,745][com.java.TestType] [  468] -  str(2) = 5
[INFO ][2015-11-17 17:13:41,746][com.java.TestType] [  520] - row values are--------{1=com.java.Objects.TestDataDetails@ccb1e, 2=com.java.Objects.TestDataDetails@2daa2c, 3=com.java.Objects.TestDataDetails@1294564, 4=com.java.Objects.TestDataDetails@c31037, 5=com.java.Objects.TestDataDetails@13488c4}
[INFO ][2015-11-17 17:13:41,746][com.java.TestType] [  468] -  str(1) = 1
[INFO ][2015-11-17 17:13:41,746][com.java.TestType] [  471] - Test case Id is---1
[INFO ][2015-11-17 17:13:41,746][com.java.TestType] [  473] - 1
[INFO ][2015-11-17 17:13:41,746][com.java.TestType] [  468] -  str(2) = 6
[INFO ][2015-11-17 17:13:41,747][com.java.TestType] [  520] - row values are--------{1=com.java.Objects.TestDataDetails@ccb1e, 2=com.java.Objects.TestDataDetails@2daa2c, 3=com.java.Objects.TestDataDetails@1294564, 4=com.java.Objects.TestDataDetails@c31037, 5=com.java.Objects.TestDataDetails@13488c4, 6=com.java.Objects.TestDataDetails@33a141}
[INFO ][2015-11-17 17:13:41,747][com.java.TestType] [  468] -  str(1) = 1
[INFO ][2015-11-17 17:13:41,747][com.java.TestType] [  471] - Test case Id is---1
[INFO ][2015-11-17 17:13:41,747][com.java.TestType] [  473] - 1
[INFO ][2015-11-17 17:13:41,747][com.java.TestType] [  468] -  str(2) = 7
[INFO ][2015-11-17 17:13:41,748][com.java.TestType] [  520] - row values are--------{1=com.java.Objects.TestDataDetails@ccb1e, 2=com.java.Objects.TestDataDetails@2daa2c, 3=com.java.Objects.TestDataDetails@1294564, 4=com.java.Objects.TestDataDetails@c31037, 5=com.java.Objects.TestDataDetails@13488c4, 6=com.java.Objects.TestDataDetails@33a141, 7=com.java.Objects.TestDataDetails@15a22ad}
[INFO ][2015-11-17 17:13:41,748][com.java.TestType] [  468] -  str(1) = 1
[INFO ][2015-11-17 17:13:41,748][com.java.TestType] [  471] - Test case Id is---1
[INFO ][2015-11-17 17:13:41,750][com.java.TestType] [  473] - 1
[INFO ][2015-11-17 17:13:41,750][com.java.TestType] [  468] -  str(2) = 8
[INFO ][2015-11-17 17:13:41,751][com.java.TestType] [  520] - row values are--------{1=com.java.Objects.TestDataDetails@ccb1e, 2=com.java.Objects.TestDataDetails@2daa2c, 3=com.java.Objects.TestDataDetails@1294564, 4=com.java.Objects.TestDataDetails@c31037, 5=com.java.Objects.TestDataDetails@13488c4, 6=com.java.Objects.TestDataDetails@33a141, 7=com.java.Objects.TestDataDetails@15a22ad, 8=com.java.Objects.TestDataDetails@19f04af}
[INFO ][2015-11-17 17:13:41,751][com.java.TestType] [  468] -  str(1) = 1
[INFO ][2015-11-17 17:13:41,751][com.java.TestType] [  471] - Test case Id is---1
[INFO ][2015-11-17 17:13:41,751][com.java.TestType] [  473] - 1
[INFO ][2015-11-17 17:13:41,752][com.java.TestType] [  468] -  str(2) = 9
[INFO ][2015-11-17 17:13:41,752][com.java.TestType] [  520] - row values are--------{1=com.java.Objects.TestDataDetails@ccb1e, 2=com.java.Objects.TestDataDetails@2daa2c, 3=com.java.Objects.TestDataDetails@1294564, 4=com.java.Objects.TestDataDetails@c31037, 5=com.java.Objects.TestDataDetails@13488c4, 6=com.java.Objects.TestDataDetails@33a141, 7=com.java.Objects.TestDataDetails@15a22ad, 8=com.java.Objects.TestDataDetails@19f04af, 9=com.java.Objects.TestDataDetails@1f6015}
[INFO ][2015-11-17 17:13:41,752][com.java.TestType] [  468] -  str(1) = 1
[INFO ][2015-11-17 17:13:41,753][com.java.TestType] [  471] - Test case Id is---1
[INFO ][2015-11-17 17:13:41,753][com.java.TestType] [  473] - 1
[INFO ][2015-11-17 17:13:41,753][com.java.TestType] [  468] -  str(2) = 10
[INFO ][2015-11-17 17:13:41,754][com.java.TestType] [  520] - row values are--------{1=com.java.Objects.TestDataDetails@ccb1e, 2=com.java.Objects.TestDataDetails@2daa2c, 3=com.java.Objects.TestDataDetails@1294564, 4=com.java.Objects.TestDataDetails@c31037, 5=com.java.Objects.TestDataDetails@13488c4, 6=com.java.Objects.TestDataDetails@33a141, 7=com.java.Objects.TestDataDetails@15a22ad, 8=com.java.Objects.TestDataDetails@19f04af, 9=com.java.Objects.TestDataDetails@1f6015, 10=com.java.Objects.TestDataDetails@2a235c}
[INFO ][2015-11-17 17:13:41,754][com.java.TestType] [  468] -  str(1) = 1
[INFO ][2015-11-17 17:13:41,754][com.java.TestType] [  471] - Test case Id is---1
[INFO ][2015-11-17 17:13:41,754][com.java.TestType] [  473] - 1
[INFO ][2015-11-17 17:13:41,754][com.java.TestType] [  468] -  str(2) = 11
[INFO ][2015-11-17 17:13:41,755][com.java.TestType] [  520] - row values are--------{1=com.java.Objects.TestDataDetails@ccb1e, 2=com.java.Objects.TestDataDetails@2daa2c, 3=com.java.Objects.TestDataDetails@1294564, 4=com.java.Objects.TestDataDetails@c31037, 5=com.java.Objects.TestDataDetails@13488c4, 6=com.java.Objects.TestDataDetails@33a141, 7=com.java.Objects.TestDataDetails@15a22ad, 8=com.java.Objects.TestDataDetails@19f04af, 9=com.java.Objects.TestDataDetails@1f6015, 10=com.java.Objects.TestDataDetails@2a235c, 11=com.java.Objects.TestDataDetails@49f1cb}
[INFO ][2015-11-17 17:13:41,755][com.java.TestType] [  468] -  str(1) = 1
[INFO ][2015-11-17 17:13:41,755][com.java.TestType] [  471] - Test case Id is---1
[INFO ][2015-11-17 17:13:41,755][com.java.TestType] [  473] - 1
[INFO ][2015-11-17 17:13:41,755][com.java.TestType] [  468] -  str(2) = 12
[INFO ][2015-11-17 17:13:41,756][com.java.TestType] [  520] - row values are--------{1=com.java.Objects.TestDataDetails@ccb1e, 2=com.java.Objects.TestDataDetails@2daa2c, 3=com.java.Objects.TestDataDetails@1294564, 4=com.java.Objects.TestDataDetails@c31037, 5=com.java.Objects.TestDataDetails@13488c4, 6=com.java.Objects.TestDataDetails@33a141, 7=com.java.Objects.TestDataDetails@15a22ad, 8=com.java.Objects.TestDataDetails@19f04af, 9=com.java.Objects.TestDataDetails@1f6015, 10=com.java.Objects.TestDataDetails@2a235c, 11=com.java.Objects.TestDataDetails@49f1cb, 12=com.java.Objects.TestDataDetails@32c746}
[INFO ][2015-11-17 17:13:41,756][com.java.TestType] [  468] -  str(1) = 1
[INFO ][2015-11-17 17:13:41,756][com.java.TestType] [  471] - Test case Id is---1
[INFO ][2015-11-17 17:13:41,756][com.java.TestType] [  473] - 1
[INFO ][2015-11-17 17:13:41,756][com.java.TestType] [  468] -  str(2) = 13
[INFO ][2015-11-17 17:13:41,757][com.java.TestType] [  520] - row values are--------{1=com.java.Objects.TestDataDetails@ccb1e, 2=com.java.Objects.TestDataDetails@2daa2c, 3=com.java.Objects.TestDataDetails@1294564, 4=com.java.Objects.TestDataDetails@c31037, 5=com.java.Objects.TestDataDetails@13488c4, 6=com.java.Objects.TestDataDetails@33a141, 7=com.java.Objects.TestDataDetails@15a22ad, 8=com.java.Objects.TestDataDetails@19f04af, 9=com.java.Objects.TestDataDetails@1f6015, 10=com.java.Objects.TestDataDetails@2a235c, 11=com.java.Objects.TestDataDetails@49f1cb, 12=com.java.Objects.TestDataDetails@32c746, 13=com.java.Objects.TestDataDetails@729f44}
[INFO ][2015-11-17 17:13:41,757][com.java.TestType] [  468] -  str(1) = 1
[INFO ][2015-11-17 17:13:41,757][com.java.TestType] [  471] - Test case Id is---1
[INFO ][2015-11-17 17:13:41,757][com.java.TestType] [  473] - 1
[INFO ][2015-11-17 17:13:41,757][com.java.TestType] [  468] -  str(2) = 14
[INFO ][2015-11-17 17:13:41,759][com.java.TestType] [  520] - row values are--------{1=com.java.Objects.TestDataDetails@ccb1e, 2=com.java.Objects.TestDataDetails@2daa2c, 3=com.java.Objects.TestDataDetails@1294564, 4=com.java.Objects.TestDataDetails@c31037, 5=com.java.Objects.TestDataDetails@13488c4, 6=com.java.Objects.TestDataDetails@33a141, 7=com.java.Objects.TestDataDetails@15a22ad, 8=com.java.Objects.TestDataDetails@19f04af, 9=com.java.Objects.TestDataDetails@1f6015, 10=com.java.Objects.TestDataDetails@2a235c, 11=com.java.Objects.TestDataDetails@49f1cb, 12=com.java.Objects.TestDataDetails@32c746, 13=com.java.Objects.TestDataDetails@729f44, 14=com.java.Objects.TestDataDetails@c47109}
[INFO ][2015-11-17 17:13:41,759][com.java.TestType] [ 8790] - Looping 1TCID = 1
[DEBUG][2015-11-17 17:13:41,759][com.java.TestType] [ 8831] - Concept ID:1 :: Step being Executed: 1::1
[INFO ][2015-11-17 17:13:41,759][com.java.TestType] [ 8869] - dataFields : TXTusername
[DEBUG][2015-11-17 17:13:41,759][com.java.TestType] [ 8875] - <In Set values of the page>
[DEBUG][2015-11-17 17:13:41,759][com.java.TestType] [ 8880] - {Data Fields & Data Values Exist}
[INFO ][2015-11-17 17:13:41,759][com.java.TestType] [ 8886] - --------------------------setting values-----------------------------
[INFO ][2015-11-17 17:13:41,759][com.java.TestType] [ 8889] - Action Type : CLEARANDENTER
[INFO ][2015-11-17 17:13:41,760][com.java.TestType] [ 4454] - value = naresh.nayini.00000
[INFO ][2015-11-17 17:13:46,401][com.java.TestType] [ 8908] -  RESULT true
[INFO ][2015-11-17 17:13:46,401][com.java.TestType] [ 9025] - ?   P A S S   ?
[DEBUG][2015-11-17 17:13:46,401][com.java.TestType] [ 8831] - Concept ID:1 :: Step being Executed: 1::2
[INFO ][2015-11-17 17:13:46,402][com.java.TestType] [ 8869] - dataFields : TXTpassword
[DEBUG][2015-11-17 17:13:46,402][com.java.TestType] [ 8875] - <In Set values of the page>
[DEBUG][2015-11-17 17:13:46,402][com.java.TestType] [ 8880] - {Data Fields & Data Values Exist}
[INFO ][2015-11-17 17:13:46,402][com.java.TestType] [ 8886] - --------------------------setting values-----------------------------
[INFO ][2015-11-17 17:13:46,402][com.java.TestType] [ 8889] - Action Type : CLEARANDENTER
[INFO ][2015-11-17 17:13:46,402][com.java.TestType] [ 4454] - value = Password1*
[INFO ][2015-11-17 17:13:51,142][com.java.TestType] [ 8908] -  RESULT true
[INFO ][2015-11-17 17:13:51,142][com.java.TestType] [ 9025] - ?   P A S S   ?
[DEBUG][2015-11-17 17:13:51,142][com.java.TestType] [ 8831] - Concept ID:1 :: Step being Executed: 1::3
[ERROR][2015-11-17 17:13:51,142][com.java.TestType] [ 8864] - Exception: null
[INFO ][2015-11-17 17:13:51,142][com.java.TestType] [ 8869] - dataFields : XPH//button[@type='submit']
[DEBUG][2015-11-17 17:13:51,142][com.java.TestType] [ 8875] - <In Set values of the page>
[DEBUG][2015-11-17 17:13:51,143][com.java.TestType] [ 8880] - {Data Fields & Data Values Exist}
[INFO ][2015-11-17 17:13:51,143][com.java.TestType] [ 8886] - --------------------------setting values-----------------------------
[INFO ][2015-11-17 17:13:51,143][com.java.TestType] [ 8889] - Action Type : Click
[INFO ][2015-11-17 17:13:51,143][com.java.TestType] [ 4767] - Field ::XPH//button[@type='submit']
[INFO ][2015-11-17 17:13:52,143][com.java.TestType] [ 4826] - BEFORE CLICK
[INFO ][2015-11-17 17:13:52,958][com.java.TestType] [ 4834] - Unable to click the object Login
[INFO ][2015-11-17 17:13:52,958][com.java.TestType] [ 8908] -  RESULT true
[INFO ][2015-11-17 17:13:52,958][com.java.TestType] [ 9025] - ?   P A S S   ?
[DEBUG][2015-11-17 17:13:52,958][com.java.TestType] [ 8831] - Concept ID:1 :: Step being Executed: 1::4
[INFO ][2015-11-17 17:13:52,958][com.java.TestType] [ 8869] - dataFields : LNKLogout
[DEBUG][2015-11-17 17:13:52,958][com.java.TestType] [ 8875] - <In Set values of the page>
[DEBUG][2015-11-17 17:13:52,958][com.java.TestType] [ 8880] - {Data Fields & Data Values Exist}
[INFO ][2015-11-17 17:13:52,958][com.java.TestType] [ 8886] - --------------------------setting values-----------------------------
[INFO ][2015-11-17 17:13:52,958][com.java.TestType] [ 8889] - Action Type : WaitForElement
[INFO ][2015-11-17 17:13:59,898][com.java.TestType] [ 8908] -  RESULT true
[INFO ][2015-11-17 17:13:59,898][com.java.TestType] [ 9025] - ?   P A S S   ?
[DEBUG][2015-11-17 17:13:59,898][com.java.TestType] [ 8831] - Concept ID:1 :: Step being Executed: 1::13
[INFO ][2015-11-17 17:13:59,899][com.java.TestType] [ 8869] - dataFields : LNK
[DEBUG][2015-11-17 17:13:59,899][com.java.TestType] [ 8875] - <In Set values of the page>
[DEBUG][2015-11-17 17:13:59,899][com.java.TestType] [ 8880] - {Data Fields & Data Values Exist}
[INFO ][2015-11-17 17:13:59,899][com.java.TestType] [ 8886] - --------------------------setting values-----------------------------
[INFO ][2015-11-17 17:13:59,899][com.java.TestType] [ 8889] - Action Type : Verify
[INFO ][2015-11-17 17:13:59,899][com.java.TestType] [ 5561] - field= LNK value= Logout
[INFO ][2015-11-17 17:13:59,900][com.java.TestType] [ 4454] - value = Logout
[INFO ][2015-11-17 17:13:59,935][com.java.TestType] [ 8908] -  RESULT true
[INFO ][2015-11-17 17:13:59,935][com.java.TestType] [ 9025] - ?   P A S S   ?
[DEBUG][2015-11-17 17:13:59,935][com.java.TestType] [ 8831] - Concept ID:1 :: Step being Executed: 1::14
[INFO ][2015-11-17 17:13:59,935][com.java.TestType] [ 8869] - dataFields : BTN
[DEBUG][2015-11-17 17:13:59,935][com.java.TestType] [ 8875] - <In Set values of the page>
[DEBUG][2015-11-17 17:13:59,935][com.java.TestType] [ 8880] - {Data Fields & Data Values Exist}
[INFO ][2015-11-17 17:13:59,936][com.java.TestType] [ 8886] - --------------------------setting values-----------------------------
[INFO ][2015-11-17 17:13:59,936][com.java.TestType] [ 8889] - Action Type : Verify
[INFO ][2015-11-17 17:13:59,936][com.java.TestType] [ 5561] - field= BTN value= //img[contains(@src,'bdlogo.jpg')]
[INFO ][2015-11-17 17:13:59,936][com.java.TestType] [ 4454] - value = //img[contains(@src,'bdlogo.jpg')]
[INFO ][2015-11-17 17:13:59,969][com.java.TestType] [ 8908] -  RESULT true
[INFO ][2015-11-17 17:13:59,969][com.java.TestType] [ 9025] - ?   P A S S   ?
[INFO ][2015-11-17 17:13:59,969][com.java.TestType] [ 9096] - Looping End......
[INFO ][2015-11-17 17:13:59,973][com.java.SeleniumDriver] [  869] -  RESULT true
[INFO ][2015-11-17 17:13:59,973][com.java.SeleniumDriver] [ 1074] - ?   P A S S   ?
[INFO ][2015-11-17 17:13:59,973][com.java.SeleniumDriver] [  796] - ------------------------------------------
[INFO ][2015-11-17 17:13:59,973][com.java.SeleniumDriver] [  797] - Test case being Executed: 1
[INFO ][2015-11-17 17:13:59,973][com.java.SeleniumDriver] [  808] - Test step:2
[INFO ][2015-11-17 17:13:59,973][com.java.SeleniumDriver] [  820] - Datavalue is----------Concept#2:1-2
[INFO ][2015-11-17 17:13:59,973][com.java.SeleniumDriver] [  844] - DataField : test
[INFO ][2015-11-17 17:13:59,973][com.java.SeleniumDriver] [  846] - DataValue : Concept#2:1-2
[INFO ][2015-11-17 17:13:59,973][com.java.SeleniumDriver] [  852] - <In Set values of the page>
[INFO ][2015-11-17 17:13:59,973][com.java.SeleniumDriver] [  855] - {Data Fields & Data Values Exist}
[INFO ][2015-11-17 17:13:59,974][com.java.SeleniumDriver] [  857] - --------------------------setting values-----------------------------
[INFO ][2015-11-17 17:13:59,974][com.java.SeleniumDriver] [  860] - Action Type : ExecuteTestCase
[INFO ][2015-11-17 17:13:59,974][com.java.TestType] [  423] - The Concept sheet name is ---------- Concept
[INFO ][2015-11-17 17:13:59,974][com.java.TestType] [  426] - The Concept ID  is ---------- 2
[DEBUG][2015-11-17 17:13:59,974][com.java.TestType] [  430] - Steps being executted in the Concept are: 1:2
[INFO ][2015-11-17 17:13:59,975][com.java.TestType] [  437] - Test data details path ---------- D:\BankersDashboard\TestInputs\TestData.xls
[INFO ][2015-11-17 17:14:00,004][com.java.TestType] [  468] -  str(1) = 2
[INFO ][2015-11-17 17:14:00,005][com.java.TestType] [  471] - Test case Id is---2
[INFO ][2015-11-17 17:14:00,005][com.java.TestType] [  473] - 2
[INFO ][2015-11-17 17:14:00,005][com.java.TestType] [  468] -  str(2) = 1
[INFO ][2015-11-17 17:14:00,007][com.java.TestType] [  520] - row values are--------{1=com.java.Objects.TestDataDetails@dd9e3e}
[INFO ][2015-11-17 17:14:00,007][com.java.TestType] [  468] -  str(1) = 2
[INFO ][2015-11-17 17:14:00,007][com.java.TestType] [  471] - Test case Id is---2
[INFO ][2015-11-17 17:14:00,008][com.java.TestType] [  473] - 2
[INFO ][2015-11-17 17:14:00,008][com.java.TestType] [  468] -  str(2) = 2
[INFO ][2015-11-17 17:14:00,008][com.java.TestType] [  520] - row values are--------{1=com.java.Objects.TestDataDetails@dd9e3e, 2=com.java.Objects.TestDataDetails@11905e0}
[INFO ][2015-11-17 17:14:00,009][com.java.TestType] [  468] -  str(1) = 2
[INFO ][2015-11-17 17:14:00,009][com.java.TestType] [  471] - Test case Id is---2
[INFO ][2015-11-17 17:14:00,009][com.java.TestType] [  473] - 2
[INFO ][2015-11-17 17:14:00,009][com.java.TestType] [  468] -  str(2) = 3
[INFO ][2015-11-17 17:14:00,009][com.java.TestType] [  520] - row values are--------{1=com.java.Objects.TestDataDetails@dd9e3e, 2=com.java.Objects.TestDataDetails@11905e0, 3=com.java.Objects.TestDataDetails@14f95bf}
[INFO ][2015-11-17 17:14:00,009][com.java.TestType] [ 8790] - Looping 1TCID = 2
[DEBUG][2015-11-17 17:14:00,010][com.java.TestType] [ 8831] - Concept ID:2 :: Step being Executed: 2::1
[INFO ][2015-11-17 17:14:00,010][com.java.TestType] [ 8869] - dataFields : BNK//select[@id='bank']
[DEBUG][2015-11-17 17:14:00,010][com.java.TestType] [ 8875] - <In Set values of the page>
[DEBUG][2015-11-17 17:14:00,010][com.java.TestType] [ 8880] - {Data Fields & Data Values Exist}
[INFO ][2015-11-17 17:14:00,010][com.java.TestType] [ 8886] - --------------------------setting values-----------------------------
[INFO ][2015-11-17 17:14:00,010][com.java.TestType] [ 8889] - Action Type : Select
[INFO ][2015-11-17 17:14:00,010][com.java.TestType] [ 4454] - value = PFC
[INFO ][2015-11-17 17:14:00,252][com.java.TestType] [ 8908] -  RESULT true
[INFO ][2015-11-17 17:14:00,252][com.java.TestType] [ 9025] - ?   P A S S   ?
[DEBUG][2015-11-17 17:14:00,252][com.java.TestType] [ 8831] - Concept ID:2 :: Step being Executed: 2::2
[INFO ][2015-11-17 17:14:00,252][com.java.TestType] [ 8869] - dataFields : LNKLogout
[DEBUG][2015-11-17 17:14:00,252][com.java.TestType] [ 8875] - <In Set values of the page>
[DEBUG][2015-11-17 17:14:00,252][com.java.TestType] [ 8880] - {Data Fields & Data Values Exist}
[INFO ][2015-11-17 17:14:00,252][com.java.TestType] [ 8886] - --------------------------setting values-----------------------------
[INFO ][2015-11-17 17:14:00,252][com.java.TestType] [ 8889] - Action Type : WaitTime
[DEBUG][2015-11-17 17:14:00,253][com.java.TestType] [ 4289] - sleepTime: 5000
[INFO ][2015-11-17 17:14:05,253][com.java.TestType] [ 8908] -  RESULT true
[INFO ][2015-11-17 17:14:05,253][com.java.TestType] [ 9025] - ?   P A S S   ?
[INFO ][2015-11-17 17:14:05,253][com.java.TestType] [ 9096] - Looping End......
[INFO ][2015-11-17 17:14:05,257][com.java.SeleniumDriver] [  869] -  RESULT true
[INFO ][2015-11-17 17:14:05,257][com.java.SeleniumDriver] [ 1074] - ?   P A S S   ?
[INFO ][2015-11-17 17:14:05,257][com.java.SeleniumDriver] [  796] - ------------------------------------------
[INFO ][2015-11-17 17:14:05,257][com.java.SeleniumDriver] [  797] - Test case being Executed: 1
[INFO ][2015-11-17 17:14:05,257][com.java.SeleniumDriver] [  808] - Test step:3
[INFO ][2015-11-17 17:14:05,257][com.java.SeleniumDriver] [  820] - Datavalue is----------2
[INFO ][2015-11-17 17:14:05,257][com.java.SeleniumDriver] [  844] - DataField : XPH//button[contains(text(),'Add Content')]
[INFO ][2015-11-17 17:14:05,257][com.java.SeleniumDriver] [  846] - DataValue : 2
[INFO ][2015-11-17 17:14:05,257][com.java.SeleniumDriver] [  852] - <In Set values of the page>
[INFO ][2015-11-17 17:14:05,257][com.java.SeleniumDriver] [  855] - {Data Fields & Data Values Exist}
[INFO ][2015-11-17 17:14:05,257][com.java.SeleniumDriver] [  857] - --------------------------setting values-----------------------------
[INFO ][2015-11-17 17:14:05,258][com.java.SeleniumDriver] [  860] - Action Type : WAITFORELEMENT
[INFO ][2015-11-17 17:14:09,662][com.java.SeleniumDriver] [  869] -  RESULT true
[INFO ][2015-11-17 17:14:09,662][com.java.SeleniumDriver] [ 1074] - ?   P A S S   ?
[DEBUG][2015-11-17 17:14:09,662][com.java.SeleniumDriver] [ 1176] - Case found
[DEBUG][2015-11-17 17:14:09,662][com.java.SeleniumDriver] [ 1181] - Incrementing ReportCounters[0]:1
[INFO ][2015-11-17 17:14:09,662][com.java.SeleniumDriver] [ 1200] - The results are-------------------[1, 1, Valid Login, Pass, , Tue Nov 17 17:13:59 IST 2015, 1, 2, Valid Login, Pass, , Tue Nov 17 17:14:05 IST 2015, 1, 3, Valid Login, Pass, , Tue Nov 17 17:14:09 IST 2015]
[INFO ][2015-11-17 17:14:09,662][com.java.SeleniumDriver] [ 1204] - End time is-------42 sec
[INFO ][2015-11-17 17:14:09,662][com.java.SeleniumDriver] [ 1205] - The results are-------------------[1, 1, Valid Login, Pass, , Tue Nov 17 17:13:59 IST 2015, 1, 2, Valid Login, Pass, , Tue Nov 17 17:14:05 IST 2015, 1, 3, Valid Login, Pass, , Tue Nov 17 17:14:09 IST 2015]
[DEBUG][2015-11-17 17:14:09,663][com.java.ImportnExport.ExportTestResultsExcel] [  222] - testResultPath = D:\BankersDashboard/TestReports/Test Results_BankersDashBoard_111715_171329_IE10_Any Bank USA.xls
[DEBUG][2015-11-17 17:14:09,663][com.java.ImportnExport.ExportTestResultsExcel] [  223] - browser is------------IE10
[DEBUG][2015-11-17 17:14:09,707][com.java.ImportnExport.ExportTestResultsExcel] [  270] - result.size() = 18
[DEBUG][2015-11-17 17:14:09,707][com.java.ImportnExport.ExportTestResultsExcel] [  274] - No of rows in sheet=1
[DEBUG][2015-11-17 17:14:09,707][com.java.ImportnExport.ExportTestResultsExcel] [  301] - ..in export..1
[DEBUG][2015-11-17 17:14:09,707][com.java.ImportnExport.ExportTestResultsExcel] [  301] - ..in export..Valid Login
[DEBUG][2015-11-17 17:14:09,707][com.java.ImportnExport.ExportTestResultsExcel] [  301] - ..in export..Pass
[DEBUG][2015-11-17 17:14:09,707][com.java.ImportnExport.ExportTestResultsExcel] [  301] - ..in export..
[DEBUG][2015-11-17 17:14:09,707][com.java.ImportnExport.ExportTestResultsExcel] [  301] - ..in export..Tue Nov 17 17:13:59 IST 2015
[INFO ][2015-11-17 17:14:09,709][com.java.SeleniumDriver] [ 1263] - out loop:0 size:2 TestCases:[1, 3] testcases:[1, 3]
[INFO ][2015-11-17 17:14:09,709][com.java.ImportnExport.ImportTestDataDetailsExcel] [   49] - test data details path===== D:\BankersDashboard\TestInputs\TestData.xls
[INFO ][2015-11-17 17:14:41,139][com.java.SeleniumDriver] [  796] - ------------------------------------------
[INFO ][2015-11-17 17:14:41,139][com.java.SeleniumDriver] [  797] - Test case being Executed: 3
[INFO ][2015-11-17 17:14:41,139][com.java.SeleniumDriver] [  808] - Test step:1
[INFO ][2015-11-17 17:14:41,139][com.java.SeleniumDriver] [  820] - Datavalue is----------Logout
[INFO ][2015-11-17 17:14:41,139][com.java.SeleniumDriver] [  844] - DataField : BTN
[INFO ][2015-11-17 17:14:41,139][com.java.SeleniumDriver] [  846] - DataValue : Logout
[INFO ][2015-11-17 17:14:41,139][com.java.SeleniumDriver] [  852] - <In Set values of the page>
[INFO ][2015-11-17 17:14:41,139][com.java.SeleniumDriver] [  855] - {Data Fields & Data Values Exist}
[INFO ][2015-11-17 17:14:41,139][com.java.SeleniumDriver] [  857] - --------------------------setting values-----------------------------
[INFO ][2015-11-17 17:14:41,139][com.java.SeleniumDriver] [  860] - Action Type : Verify
[INFO ][2015-11-17 17:14:41,139][com.java.TestType] [ 5561] - field= BTN value= Logout
[INFO ][2015-11-17 17:14:41,140][com.java.TestType] [ 4454] - value = Logout
[INFO ][2015-11-17 17:14:41,174][com.java.SeleniumDriver] [  869] -  RESULT true
[INFO ][2015-11-17 17:14:41,174][com.java.SeleniumDriver] [ 1074] - ?   P A S S   ?
[INFO ][2015-11-17 17:14:41,174][com.java.SeleniumDriver] [ 1116] - step change to 3
[INFO ][2015-11-17 17:14:41,174][com.java.SeleniumDriver] [  796] - ------------------------------------------
[INFO ][2015-11-17 17:14:41,175][com.java.SeleniumDriver] [  797] - Test case being Executed: 3
[INFO ][2015-11-17 17:14:41,175][com.java.SeleniumDriver] [  808] - Test step:3
[INFO ][2015-11-17 17:14:41,175][com.java.SeleniumDriver] [  820] - Datavalue is----------Concept#2:1-2
[INFO ][2015-11-17 17:14:41,175][com.java.SeleniumDriver] [  844] - DataField : test
[INFO ][2015-11-17 17:14:41,175][com.java.SeleniumDriver] [  846] - DataValue : Concept#2:1-2
[INFO ][2015-11-17 17:14:41,175][com.java.SeleniumDriver] [  852] - <In Set values of the page>
[INFO ][2015-11-17 17:14:41,175][com.java.SeleniumDriver] [  855] - {Data Fields & Data Values Exist}
[INFO ][2015-11-17 17:14:41,175][com.java.SeleniumDriver] [  857] - --------------------------setting values-----------------------------
[INFO ][2015-11-17 17:14:41,175][com.java.SeleniumDriver] [  860] - Action Type : ExecuteTestCase
[INFO ][2015-11-17 17:14:41,175][com.java.TestType] [  423] - The Concept sheet name is ---------- Concept
[INFO ][2015-11-17 17:14:41,175][com.java.TestType] [  426] - The Concept ID  is ---------- 2
[DEBUG][2015-11-17 17:14:41,175][com.java.TestType] [  430] - Steps being executted in the Concept are: 1:2
[INFO ][2015-11-17 17:14:41,175][com.java.TestType] [  437] - Test data details path ---------- D:\BankersDashboard\TestInputs\TestData.xls
[INFO ][2015-11-17 17:14:41,206][com.java.TestType] [  468] -  str(1) = 2
[INFO ][2015-11-17 17:14:41,206][com.java.TestType] [  471] - Test case Id is---2
[INFO ][2015-11-17 17:14:41,206][com.java.TestType] [  473] - 2
[INFO ][2015-11-17 17:14:41,206][com.java.TestType] [  468] -  str(2) = 1
[INFO ][2015-11-17 17:14:41,207][com.java.TestType] [  520] - row values are--------{1=com.java.Objects.TestDataDetails@12f0f7}
[INFO ][2015-11-17 17:14:41,208][com.java.TestType] [  468] -  str(1) = 2
[INFO ][2015-11-17 17:14:41,208][com.java.TestType] [  471] - Test case Id is---2
[INFO ][2015-11-17 17:14:41,208][com.java.TestType] [  473] - 2
[INFO ][2015-11-17 17:14:41,208][com.java.TestType] [  468] -  str(2) = 2
[INFO ][2015-11-17 17:14:41,209][com.java.TestType] [  520] - row values are--------{1=com.java.Objects.TestDataDetails@12f0f7, 2=com.java.Objects.TestDataDetails@1c96dc5}
[INFO ][2015-11-17 17:14:41,209][com.java.TestType] [  468] -  str(1) = 2
[INFO ][2015-11-17 17:14:41,209][com.java.TestType] [  471] - Test case Id is---2
[INFO ][2015-11-17 17:14:41,209][com.java.TestType] [  473] - 2
[INFO ][2015-11-17 17:14:41,209][com.java.TestType] [  468] -  str(2) = 3
[INFO ][2015-11-17 17:14:41,210][com.java.TestType] [  520] - row values are--------{1=com.java.Objects.TestDataDetails@12f0f7, 2=com.java.Objects.TestDataDetails@1c96dc5, 3=com.java.Objects.TestDataDetails@5c3e75}
[INFO ][2015-11-17 17:14:41,210][com.java.TestType] [ 8790] - Looping 1TCID = 2
[DEBUG][2015-11-17 17:14:41,210][com.java.TestType] [ 8831] - Concept ID:2 :: Step being Executed: 2::1
[INFO ][2015-11-17 17:14:41,210][com.java.TestType] [ 8869] - dataFields : BNK//select[@id='bank']
[DEBUG][2015-11-17 17:14:41,210][com.java.TestType] [ 8875] - <In Set values of the page>
[DEBUG][2015-11-17 17:14:41,210][com.java.TestType] [ 8880] - {Data Fields & Data Values Exist}
[INFO ][2015-11-17 17:14:41,210][com.java.TestType] [ 8886] - --------------------------setting values-----------------------------
[INFO ][2015-11-17 17:14:41,211][com.java.TestType] [ 8889] - Action Type : Select
[INFO ][2015-11-17 17:14:41,211][com.java.TestType] [ 4454] - value = PFC
[INFO ][2015-11-17 17:14:41,386][com.java.TestType] [ 8908] -  RESULT true
[INFO ][2015-11-17 17:14:41,386][com.java.TestType] [ 9025] - ?   P A S S   ?
[DEBUG][2015-11-17 17:14:41,386][com.java.TestType] [ 8831] - Concept ID:2 :: Step being Executed: 2::2
[INFO ][2015-11-17 17:14:41,386][com.java.TestType] [ 8869] - dataFields : LNKLogout
[DEBUG][2015-11-17 17:14:41,386][com.java.TestType] [ 8875] - <In Set values of the page>
[DEBUG][2015-11-17 17:14:41,386][com.java.TestType] [ 8880] - {Data Fields & Data Values Exist}
[INFO ][2015-11-17 17:14:41,386][com.java.TestType] [ 8886] - --------------------------setting values-----------------------------
[INFO ][2015-11-17 17:14:41,387][com.java.TestType] [ 8889] - Action Type : WaitTime
[DEBUG][2015-11-17 17:14:41,387][com.java.TestType] [ 4289] - sleepTime: 5000
[INFO ][2015-11-17 17:14:46,387][com.java.TestType] [ 8908] -  RESULT true
[INFO ][2015-11-17 17:14:46,387][com.java.TestType] [ 9025] - ?   P A S S   ?
[INFO ][2015-11-17 17:14:46,387][com.java.TestType] [ 9096] - Looping End......
[INFO ][2015-11-17 17:14:46,390][com.java.SeleniumDriver] [  869] -  RESULT true
[INFO ][2015-11-17 17:14:46,391][com.java.SeleniumDriver] [ 1074] - ?   P A S S   ?
[INFO ][2015-11-17 17:14:46,391][com.java.SeleniumDriver] [  796] - ------------------------------------------
[INFO ][2015-11-17 17:14:46,391][com.java.SeleniumDriver] [  797] - Test case being Executed: 3
[INFO ][2015-11-17 17:14:46,391][com.java.SeleniumDriver] [  808] - Test step:4
[INFO ][2015-11-17 17:14:46,391][com.java.SeleniumDriver] [  820] - Datavalue is----------2
[INFO ][2015-11-17 17:14:46,391][com.java.SeleniumDriver] [  844] - DataField : BTNG/L
[INFO ][2015-11-17 17:14:46,391][com.java.SeleniumDriver] [  846] - DataValue : 2
[INFO ][2015-11-17 17:14:46,391][com.java.SeleniumDriver] [  852] - <In Set values of the page>
[INFO ][2015-11-17 17:14:46,391][com.java.SeleniumDriver] [  855] - {Data Fields & Data Values Exist}
[INFO ][2015-11-17 17:14:46,391][com.java.SeleniumDriver] [  857] - --------------------------setting values-----------------------------
[INFO ][2015-11-17 17:14:46,391][com.java.SeleniumDriver] [  860] - Action Type : WAITFORELEMENT
[INFO ][2015-11-17 17:14:46,436][com.java.SeleniumDriver] [  869] -  RESULT true
[INFO ][2015-11-17 17:14:46,436][com.java.SeleniumDriver] [ 1074] - ?   P A S S   ?
[INFO ][2015-11-17 17:14:46,436][com.java.SeleniumDriver] [  796] - ------------------------------------------
[INFO ][2015-11-17 17:14:46,436][com.java.SeleniumDriver] [  797] - Test case being Executed: 3
[INFO ][2015-11-17 17:14:46,436][com.java.SeleniumDriver] [  808] - Test step:5
[INFO ][2015-11-17 17:14:46,436][com.java.SeleniumDriver] [  820] - Datavalue is----------2
[INFO ][2015-11-17 17:14:46,436][com.java.SeleniumDriver] [  844] - DataField : BTNG/L
[INFO ][2015-11-17 17:14:46,437][com.java.SeleniumDriver] [  846] - DataValue : 2
[INFO ][2015-11-17 17:14:46,437][com.java.SeleniumDriver] [  852] - <In Set values of the page>
[INFO ][2015-11-17 17:14:46,437][com.java.SeleniumDriver] [  855] - {Data Fields & Data Values Exist}
[INFO ][2015-11-17 17:14:46,437][com.java.SeleniumDriver] [  857] - --------------------------setting values-----------------------------
[INFO ][2015-11-17 17:14:46,437][com.java.SeleniumDriver] [  860] - Action Type : WAITFORELEMENT
[INFO ][2015-11-17 17:14:46,481][com.java.SeleniumDriver] [  869] -  RESULT true
[INFO ][2015-11-17 17:14:46,481][com.java.SeleniumDriver] [ 1074] - ?   P A S S   ?
[INFO ][2015-11-17 17:14:46,481][com.java.SeleniumDriver] [  796] - ------------------------------------------
[INFO ][2015-11-17 17:14:46,481][com.java.SeleniumDriver] [  797] - Test case being Executed: 3
[INFO ][2015-11-17 17:14:46,482][com.java.SeleniumDriver] [  808] - Test step:6
[INFO ][2015-11-17 17:14:46,482][com.java.SeleniumDriver] [  820] - Datavalue is----------null
[DEBUG][2015-11-17 17:14:46,482][com.java.SeleniumDriver] [  838] - Exception: null
[INFO ][2015-11-17 17:14:46,482][com.java.SeleniumDriver] [  844] - DataField : //span[@class="icon-coin"]&&//a[text()='Capital & Regulatory']&&//a[@data-id="CapReq"]
[INFO ][2015-11-17 17:14:46,482][com.java.SeleniumDriver] [  846] - DataValue : 
[INFO ][2015-11-17 17:14:46,482][com.java.SeleniumDriver] [  852] - <In Set values of the page>
[INFO ][2015-11-17 17:14:46,482][com.java.SeleniumDriver] [  855] - {Data Fields & Data Values Exist}
[INFO ][2015-11-17 17:14:46,482][com.java.SeleniumDriver] [  857] - --------------------------setting values-----------------------------
[INFO ][2015-11-17 17:14:46,484][com.java.SeleniumDriver] [  860] - Action Type : MOUSEOVER
[INFO ][2015-11-17 17:15:18,231][com.java.SeleniumDriver] [  869] -  RESULT true
[INFO ][2015-11-17 17:15:18,231][com.java.SeleniumDriver] [ 1074] - ?   P A S S   ?
[INFO ][2015-11-17 17:15:18,231][com.java.SeleniumDriver] [  796] - ------------------------------------------
[INFO ][2015-11-17 17:15:18,231][com.java.SeleniumDriver] [  797] - Test case being Executed: 3
[INFO ][2015-11-17 17:15:18,231][com.java.SeleniumDriver] [  808] - Test step:7
[INFO ][2015-11-17 17:15:18,231][com.java.SeleniumDriver] [  820] - Datavalue is----------3
[INFO ][2015-11-17 17:15:18,231][com.java.SeleniumDriver] [  844] - DataField : BTNframeDialogContent
[INFO ][2015-11-17 17:15:18,231][com.java.SeleniumDriver] [  846] - DataValue : 3
[INFO ][2015-11-17 17:15:18,231][com.java.SeleniumDriver] [  852] - <In Set values of the page>
[INFO ][2015-11-17 17:15:18,231][com.java.SeleniumDriver] [  855] - {Data Fields & Data Values Exist}
[INFO ][2015-11-17 17:15:18,231][com.java.SeleniumDriver] [  857] - --------------------------setting values-----------------------------
[INFO ][2015-11-17 17:15:18,231][com.java.SeleniumDriver] [  860] - Action Type : WAITFORELEMENT
[INFO ][2015-11-17 17:15:19,438][com.java.SeleniumDriver] [  869] -  RESULT true
[INFO ][2015-11-17 17:15:19,438][com.java.SeleniumDriver] [ 1074] - ?   P A S S   ?
[INFO ][2015-11-17 17:15:19,438][com.java.SeleniumDriver] [  796] - ------------------------------------------
[INFO ][2015-11-17 17:15:19,438][com.java.SeleniumDriver] [  797] - Test case being Executed: 3
[INFO ][2015-11-17 17:15:19,438][com.java.SeleniumDriver] [  808] - Test step:8
[INFO ][2015-11-17 17:15:19,438][com.java.SeleniumDriver] [  820] - Datavalue is----------null
[DEBUG][2015-11-17 17:15:19,439][com.java.SeleniumDriver] [  838] - Exception: null
[INFO ][2015-11-17 17:15:19,439][com.java.SeleniumDriver] [  844] - DataField : BTNframeDialogContent
[INFO ][2015-11-17 17:15:19,439][com.java.SeleniumDriver] [  846] - DataValue : 
[INFO ][2015-11-17 17:15:19,439][com.java.SeleniumDriver] [  852] - <In Set values of the page>
[INFO ][2015-11-17 17:15:19,439][com.java.SeleniumDriver] [  855] - {Data Fields & Data Values Exist}
[INFO ][2015-11-17 17:15:19,439][com.java.SeleniumDriver] [  857] - --------------------------setting values-----------------------------
[INFO ][2015-11-17 17:15:19,439][com.java.SeleniumDriver] [  860] - Action Type : SELECTFRAME
[INFO ][2015-11-17 17:15:20,672][com.java.SeleniumDriver] [  869] -  RESULT true
[INFO ][2015-11-17 17:15:20,672][com.java.SeleniumDriver] [ 1074] - ?   P A S S   ?
[INFO ][2015-11-17 17:15:20,672][com.java.SeleniumDriver] [  796] - ------------------------------------------
[INFO ][2015-11-17 17:15:20,672][com.java.SeleniumDriver] [  797] - Test case being Executed: 3
[INFO ][2015-11-17 17:15:20,672][com.java.SeleniumDriver] [  808] - Test step:9
[INFO ][2015-11-17 17:15:20,672][com.java.SeleniumDriver] [  820] - Datavalue is----------2
[INFO ][2015-11-17 17:15:20,672][com.java.SeleniumDriver] [  844] - DataField : null
[INFO ][2015-11-17 17:15:20,672][com.java.SeleniumDriver] [  846] - DataValue : 2
[INFO ][2015-11-17 17:15:20,672][com.java.SeleniumDriver] [  852] - <In Set values of the page>
[INFO ][2015-11-17 17:15:20,672][com.java.SeleniumDriver] [  855] - {Data Fields & Data Values Exist}
[INFO ][2015-11-17 17:15:20,672][com.java.SeleniumDriver] [  857] - --------------------------setting values-----------------------------
[INFO ][2015-11-17 17:15:20,673][com.java.SeleniumDriver] [  860] - Action Type : WAITTIME
[DEBUG][2015-11-17 17:15:20,673][com.java.TestType] [ 4289] - sleepTime: 2000
[INFO ][2015-11-17 17:15:22,673][com.java.SeleniumDriver] [  869] -  RESULT true
[INFO ][2015-11-17 17:15:22,673][com.java.SeleniumDriver] [ 1074] - ?   P A S S   ?
[INFO ][2015-11-17 17:15:22,673][com.java.SeleniumDriver] [  796] - ------------------------------------------
[INFO ][2015-11-17 17:15:22,673][com.java.SeleniumDriver] [  797] - Test case being Executed: 3
[INFO ][2015-11-17 17:15:22,673][com.java.SeleniumDriver] [  808] - Test step:10
[INFO ][2015-11-17 17:15:22,673][com.java.SeleniumDriver] [  820] - Datavalue is----------startdate
[INFO ][2015-11-17 17:15:22,673][com.java.SeleniumDriver] [  844] - DataField : SLBddlDate1
[INFO ][2015-11-17 17:15:22,673][com.java.SeleniumDriver] [  846] - DataValue : startdate
[INFO ][2015-11-17 17:15:22,673][com.java.SeleniumDriver] [  852] - <In Set values of the page>
[INFO ][2015-11-17 17:15:22,673][com.java.SeleniumDriver] [  855] - {Data Fields & Data Values Exist}
[INFO ][2015-11-17 17:15:22,674][com.java.SeleniumDriver] [  857] - --------------------------setting values-----------------------------
[INFO ][2015-11-17 17:15:22,674][com.java.SeleniumDriver] [  860] - Action Type : storevalue
[INFO ][2015-11-17 17:15:22,674][com.java.TestType] [ 6678] - field= SLBddlDate1
[INFO ][2015-11-17 17:15:23,993][com.java.SeleniumDriver] [  869] -  RESULT true
[INFO ][2015-11-17 17:15:23,993][com.java.SeleniumDriver] [ 1074] - ?   P A S S   ?
[INFO ][2015-11-17 17:15:23,993][com.java.SeleniumDriver] [  796] - ------------------------------------------
[INFO ][2015-11-17 17:15:23,993][com.java.SeleniumDriver] [  797] - Test case being Executed: 3
[INFO ][2015-11-17 17:15:23,993][com.java.SeleniumDriver] [  808] - Test step:11
[INFO ][2015-11-17 17:15:23,993][com.java.SeleniumDriver] [  820] - Datavalue is----------enddate
[INFO ][2015-11-17 17:15:23,993][com.java.SeleniumDriver] [  844] - DataField : SLBddlDate2
[INFO ][2015-11-17 17:15:23,993][com.java.SeleniumDriver] [  846] - DataValue : enddate
[INFO ][2015-11-17 17:15:23,993][com.java.SeleniumDriver] [  852] - <In Set values of the page>
[INFO ][2015-11-17 17:15:23,993][com.java.SeleniumDriver] [  855] - {Data Fields & Data Values Exist}
[INFO ][2015-11-17 17:15:23,993][com.java.SeleniumDriver] [  857] - --------------------------setting values-----------------------------
[INFO ][2015-11-17 17:15:23,994][com.java.SeleniumDriver] [  860] - Action Type : storevalue
[INFO ][2015-11-17 17:15:23,994][com.java.TestType] [ 6678] - field= SLBddlDate2
[INFO ][2015-11-17 17:15:25,333][com.java.SeleniumDriver] [  869] -  RESULT true
[INFO ][2015-11-17 17:15:25,333][com.java.SeleniumDriver] [ 1074] - ?   P A S S   ?
[INFO ][2015-11-17 17:15:25,333][com.java.SeleniumDriver] [  796] - ------------------------------------------
[INFO ][2015-11-17 17:15:25,333][com.java.SeleniumDriver] [  797] - Test case being Executed: 3
[INFO ][2015-11-17 17:15:25,333][com.java.SeleniumDriver] [  808] - Test step:12
[INFO ][2015-11-17 17:15:25,333][com.java.SeleniumDriver] [  820] - Datavalue is----------null
[DEBUG][2015-11-17 17:15:25,333][com.java.SeleniumDriver] [  838] - Exception: null
[INFO ][2015-11-17 17:15:25,333][com.java.SeleniumDriver] [  844] - DataField : BTNParent
[INFO ][2015-11-17 17:15:25,334][com.java.SeleniumDriver] [  846] - DataValue : 
[INFO ][2015-11-17 17:15:25,334][com.java.SeleniumDriver] [  852] - <In Set values of the page>
[INFO ][2015-11-17 17:15:25,334][com.java.SeleniumDriver] [  855] - {Data Fields & Data Values Exist}
[INFO ][2015-11-17 17:15:25,334][com.java.SeleniumDriver] [  857] - --------------------------setting values-----------------------------
[INFO ][2015-11-17 17:15:25,334][com.java.SeleniumDriver] [  860] - Action Type : SELECTFRAME
[INFO ][2015-11-17 17:15:25,347][com.java.SeleniumDriver] [  869] -  RESULT true
[INFO ][2015-11-17 17:15:25,347][com.java.SeleniumDriver] [ 1074] - ?   P A S S   ?
[INFO ][2015-11-17 17:15:25,347][com.java.SeleniumDriver] [  796] - ------------------------------------------
[INFO ][2015-11-17 17:15:25,347][com.java.SeleniumDriver] [  797] - Test case being Executed: 3
[INFO ][2015-11-17 17:15:25,347][com.java.SeleniumDriver] [  808] - Test step:13
[INFO ][2015-11-17 17:15:25,347][com.java.SeleniumDriver] [  820] - Datavalue is----------3
[INFO ][2015-11-17 17:15:25,347][com.java.SeleniumDriver] [  844] - DataField : BTN//html/body/div[6]/div[3]/div/button
[INFO ][2015-11-17 17:15:25,347][com.java.SeleniumDriver] [  846] - DataValue : 3
[INFO ][2015-11-17 17:15:25,347][com.java.SeleniumDriver] [  852] - <In Set values of the page>
[INFO ][2015-11-17 17:15:25,347][com.java.SeleniumDriver] [  855] - {Data Fields & Data Values Exist}
[INFO ][2015-11-17 17:15:25,347][com.java.SeleniumDriver] [  857] - --------------------------setting values-----------------------------
[INFO ][2015-11-17 17:15:25,347][com.java.SeleniumDriver] [  860] - Action Type : WaitForElement
[INFO ][2015-11-17 17:15:25,380][com.java.SeleniumDriver] [  869] -  RESULT true
[INFO ][2015-11-17 17:15:25,380][com.java.SeleniumDriver] [ 1074] - ?   P A S S   ?
[INFO ][2015-11-17 17:15:25,380][com.java.SeleniumDriver] [  796] - ------------------------------------------
[INFO ][2015-11-17 17:15:25,380][com.java.SeleniumDriver] [  797] - Test case being Executed: 3
[INFO ][2015-11-17 17:15:25,380][com.java.SeleniumDriver] [  808] - Test step:14
[INFO ][2015-11-17 17:15:25,380][com.java.SeleniumDriver] [  820] - Datavalue is----------null
[DEBUG][2015-11-17 17:15:25,381][com.java.SeleniumDriver] [  838] - Exception: null
[INFO ][2015-11-17 17:15:25,381][com.java.SeleniumDriver] [  844] - DataField : BTN//html/body/div[6]/div[3]/div/button
[INFO ][2015-11-17 17:15:25,381][com.java.SeleniumDriver] [  846] - DataValue : 
[INFO ][2015-11-17 17:15:25,381][com.java.SeleniumDriver] [  852] - <In Set values of the page>
[INFO ][2015-11-17 17:15:25,381][com.java.SeleniumDriver] [  855] - {Data Fields & Data Values Exist}
[INFO ][2015-11-17 17:15:25,381][com.java.SeleniumDriver] [  857] - --------------------------setting values-----------------------------
[INFO ][2015-11-17 17:15:25,381][com.java.SeleniumDriver] [  860] - Action Type : click
[INFO ][2015-11-17 17:15:25,381][com.java.TestType] [ 4767] - Field ::BTN//html/body/div[6]/div[3]/div/button
[INFO ][2015-11-17 17:15:26,381][com.java.TestType] [ 4805] - BEFORE CLICK
[INFO ][2015-11-17 17:15:27,104][com.java.TestType] [ 4812] - Unable to click the object Show report
[INFO ][2015-11-17 17:15:27,104][com.java.SeleniumDriver] [  869] -  RESULT true
[INFO ][2015-11-17 17:15:27,104][com.java.SeleniumDriver] [ 1074] - ?   P A S S   ?
[INFO ][2015-11-17 17:15:27,104][com.java.SeleniumDriver] [  796] - ------------------------------------------
[INFO ][2015-11-17 17:15:27,104][com.java.SeleniumDriver] [  797] - Test case being Executed: 3
[INFO ][2015-11-17 17:15:27,104][com.java.SeleniumDriver] [  808] - Test step:15
[INFO ][2015-11-17 17:15:27,104][com.java.SeleniumDriver] [  820] - Datavalue is----------3
[INFO ][2015-11-17 17:15:27,104][com.java.SeleniumDriver] [  844] - DataField : XPH//img[@id='loading']
[INFO ][2015-11-17 17:15:27,104][com.java.SeleniumDriver] [  846] - DataValue : 3
[INFO ][2015-11-17 17:15:27,104][com.java.SeleniumDriver] [  852] - <In Set values of the page>
[INFO ][2015-11-17 17:15:27,104][com.java.SeleniumDriver] [  855] - {Data Fields & Data Values Exist}
[INFO ][2015-11-17 17:15:27,104][com.java.SeleniumDriver] [  857] - --------------------------setting values-----------------------------
[INFO ][2015-11-17 17:15:27,104][com.java.SeleniumDriver] [  860] - Action Type : WaitForElement
[INFO ][2015-11-17 17:15:27,137][com.java.SeleniumDriver] [  869] -  RESULT true
[INFO ][2015-11-17 17:15:27,137][com.java.SeleniumDriver] [ 1074] - ?   P A S S   ?
[INFO ][2015-11-17 17:15:27,137][com.java.SeleniumDriver] [  796] - ------------------------------------------
[INFO ][2015-11-17 17:15:27,137][com.java.SeleniumDriver] [  797] - Test case being Executed: 3
[INFO ][2015-11-17 17:15:27,137][com.java.SeleniumDriver] [  808] - Test step:16
[INFO ][2015-11-17 17:15:27,137][com.java.SeleniumDriver] [  820] - Datavalue is----------90
[INFO ][2015-11-17 17:15:27,137][com.java.SeleniumDriver] [  844] - DataField : XPH//img[@id='loading']
[INFO ][2015-11-17 17:15:27,137][com.java.SeleniumDriver] [  846] - DataValue : 90
[INFO ][2015-11-17 17:15:27,137][com.java.SeleniumDriver] [  852] - <In Set values of the page>
[INFO ][2015-11-17 17:15:27,138][com.java.SeleniumDriver] [  855] - {Data Fields & Data Values Exist}
[INFO ][2015-11-17 17:15:27,138][com.java.SeleniumDriver] [  857] - --------------------------setting values-----------------------------
[INFO ][2015-11-17 17:15:27,138][com.java.SeleniumDriver] [  860] - Action Type : waitForElementNotPresent
[INFO ][2015-11-17 17:15:32,877][com.java.SeleniumDriver] [  869] -  RESULT true
[INFO ][2015-11-17 17:15:32,877][com.java.SeleniumDriver] [ 1074] - ?   P A S S   ?
[INFO ][2015-11-17 17:15:32,878][com.java.SeleniumDriver] [  796] - ------------------------------------------
[INFO ][2015-11-17 17:15:32,878][com.java.SeleniumDriver] [  797] - Test case being Executed: 3
[INFO ][2015-11-17 17:15:32,879][com.java.SeleniumDriver] [  808] - Test step:17
[INFO ][2015-11-17 17:15:32,879][com.java.SeleniumDriver] [  820] - Datavalue is----------HMVstartdate
[INFO ][2015-11-17 17:15:32,879][com.java.SeleniumDriver] [  844] - DataField : SHT//table[@class='report2']/tbody/tr[1]/td[2]/div/b
[INFO ][2015-11-17 17:15:32,879][com.java.SeleniumDriver] [  846] - DataValue : HMVstartdate
[INFO ][2015-11-17 17:15:32,879][com.java.SeleniumDriver] [  852] - <In Set values of the page>
[INFO ][2015-11-17 17:15:32,879][com.java.SeleniumDriver] [  855] - {Data Fields & Data Values Exist}
[INFO ][2015-11-17 17:15:32,879][com.java.SeleniumDriver] [  857] - --------------------------setting values-----------------------------
[INFO ][2015-11-17 17:15:32,879][com.java.SeleniumDriver] [  860] - Action Type : verify
[INFO ][2015-11-17 17:15:32,879][com.java.TestType] [ 5561] - field= SHT//table[@class='report2']/tbody/tr[1]/td[2]/div/b value= HMVstartdate
[INFO ][2015-11-17 17:15:32,879][com.java.TestType] [ 4454] - value = September 2015
[INFO ][2015-11-17 17:15:32,987][com.java.SeleniumDriver] [  869] -  RESULT true
[INFO ][2015-11-17 17:15:32,987][com.java.SeleniumDriver] [ 1074] - ?   P A S S   ?
[INFO ][2015-11-17 17:15:32,987][com.java.SeleniumDriver] [  796] - ------------------------------------------
[INFO ][2015-11-17 17:15:32,987][com.java.SeleniumDriver] [  797] - Test case being Executed: 3
[INFO ][2015-11-17 17:15:32,987][com.java.SeleniumDriver] [  808] - Test step:18
[INFO ][2015-11-17 17:15:32,987][com.java.SeleniumDriver] [  820] - Datavalue is----------HMVenddate
[INFO ][2015-11-17 17:15:32,987][com.java.SeleniumDriver] [  844] - DataField : SHT//table[@class='report2']/tbody/tr[1]/td[3]/div/b
[INFO ][2015-11-17 17:15:32,987][com.java.SeleniumDriver] [  846] - DataValue : HMVenddate
[INFO ][2015-11-17 17:15:32,987][com.java.SeleniumDriver] [  852] - <In Set values of the page>
[INFO ][2015-11-17 17:15:32,987][com.java.SeleniumDriver] [  855] - {Data Fields & Data Values Exist}
[INFO ][2015-11-17 17:15:32,987][com.java.SeleniumDriver] [  857] - --------------------------setting values-----------------------------
[INFO ][2015-11-17 17:15:32,987][com.java.SeleniumDriver] [  860] - Action Type : verify
[INFO ][2015-11-17 17:15:32,988][com.java.TestType] [ 5561] - field= SHT//table[@class='report2']/tbody/tr[1]/td[3]/div/b value= HMVenddate
[INFO ][2015-11-17 17:15:32,988][com.java.TestType] [ 4454] - value = August 2015
[INFO ][2015-11-17 17:15:33,096][com.java.SeleniumDriver] [  869] -  RESULT true
[INFO ][2015-11-17 17:15:33,096][com.java.SeleniumDriver] [ 1074] - ?   P A S S   ?
[DEBUG][2015-11-17 17:15:33,096][com.java.SeleniumDriver] [ 1176] - Case found
[DEBUG][2015-11-17 17:15:33,096][com.java.SeleniumDriver] [ 1181] - Incrementing ReportCounters[0]:2
[INFO ][2015-11-17 17:15:33,096][com.java.SeleniumDriver] [ 1200] - The results are-------------------[3, 1, GL: Capital & Regulatory: Capital Requirements: Defaults, Pass, , Tue Nov 17 17:14:41 IST 2015, 3, 3, GL: Capital & Regulatory: Capital Requirements: Defaults, Pass, , Tue Nov 17 17:14:46 IST 2015, 3, 4, GL: Capital & Regulatory: Capital Requirements: Defaults, Pass, , Tue Nov 17 17:14:46 IST 2015, 3, 5, GL: Capital & Regulatory: Capital Requirements: Defaults, Pass, , Tue Nov 17 17:14:46 IST 2015, 3, 6, GL: Capital & Regulatory: Capital Requirements: Defaults, Pass, , Tue Nov 17 17:15:18 IST 2015, 3, 7, GL: Capital & Regulatory: Capital Requirements: Defaults, Pass, , Tue Nov 17 17:15:19 IST 2015, 3, 8, GL: Capital & Regulatory: Capital Requirements: Defaults, Pass, , Tue Nov 17 17:15:20 IST 2015, 3, 9, GL: Capital & Regulatory: Capital Requirements: Defaults, Pass, , Tue Nov 17 17:15:22 IST 2015, 3, 10, GL: Capital & Regulatory: Capital Requirements: Defaults, Pass, , Tue Nov 17 17:15:23 IST 2015, 3, 11, GL: Capital & Regulatory: Capital Requirements: Defaults, Pass, , Tue Nov 17 17:15:25 IST 2015, 3, 12, GL: Capital & Regulatory: Capital Requirements: Defaults, Pass, , Tue Nov 17 17:15:25 IST 2015, 3, 13, GL: Capital & Regulatory: Capital Requirements: Defaults, Pass, , Tue Nov 17 17:15:25 IST 2015, 3, 14, GL: Capital & Regulatory: Capital Requirements: Defaults, Pass, , Tue Nov 17 17:15:27 IST 2015, 3, 15, GL: Capital & Regulatory: Capital Requirements: Defaults, Pass, , Tue Nov 17 17:15:27 IST 2015, 3, 16, GL: Capital & Regulatory: Capital Requirements: Defaults, Pass, , Tue Nov 17 17:15:32 IST 2015, 3, 17, GL: Capital & Regulatory: Capital Requirements: Defaults, Pass, , Tue Nov 17 17:15:32 IST 2015, 3, 18, GL: Capital & Regulatory: Capital Requirements: Defaults, Pass, , Tue Nov 17 17:15:33 IST 2015]
[INFO ][2015-11-17 17:15:33,096][com.java.SeleniumDriver] [ 1204] - End time is-------2 min 5 sec
[INFO ][2015-11-17 17:15:33,096][com.java.SeleniumDriver] [ 1205] - The results are-------------------[3, 1, GL: Capital & Regulatory: Capital Requirements: Defaults, Pass, , Tue Nov 17 17:14:41 IST 2015, 3, 3, GL: Capital & Regulatory: Capital Requirements: Defaults, Pass, , Tue Nov 17 17:14:46 IST 2015, 3, 4, GL: Capital & Regulatory: Capital Requirements: Defaults, Pass, , Tue Nov 17 17:14:46 IST 2015, 3, 5, GL: Capital & Regulatory: Capital Requirements: Defaults, Pass, , Tue Nov 17 17:14:46 IST 2015, 3, 6, GL: Capital & Regulatory: Capital Requirements: Defaults, Pass, , Tue Nov 17 17:15:18 IST 2015, 3, 7, GL: Capital & Regulatory: Capital Requirements: Defaults, Pass, , Tue Nov 17 17:15:19 IST 2015, 3, 8, GL: Capital & Regulatory: Capital Requirements: Defaults, Pass, , Tue Nov 17 17:15:20 IST 2015, 3, 9, GL: Capital & Regulatory: Capital Requirements: Defaults, Pass, , Tue Nov 17 17:15:22 IST 2015, 3, 10, GL: Capital & Regulatory: Capital Requirements: Defaults, Pass, , Tue Nov 17 17:15:23 IST 2015, 3, 11, GL: Capital & Regulatory: Capital Requirements: Defaults, Pass, , Tue Nov 17 17:15:25 IST 2015, 3, 12, GL: Capital & Regulatory: Capital Requirements: Defaults, Pass, , Tue Nov 17 17:15:25 IST 2015, 3, 13, GL: Capital & Regulatory: Capital Requirements: Defaults, Pass, , Tue Nov 17 17:15:25 IST 2015, 3, 14, GL: Capital & Regulatory: Capital Requirements: Defaults, Pass, , Tue Nov 17 17:15:27 IST 2015, 3, 15, GL: Capital & Regulatory: Capital Requirements: Defaults, Pass, , Tue Nov 17 17:15:27 IST 2015, 3, 16, GL: Capital & Regulatory: Capital Requirements: Defaults, Pass, , Tue Nov 17 17:15:32 IST 2015, 3, 17, GL: Capital & Regulatory: Capital Requirements: Defaults, Pass, , Tue Nov 17 17:15:32 IST 2015, 3, 18, GL: Capital & Regulatory: Capital Requirements: Defaults, Pass, , Tue Nov 17 17:15:33 IST 2015]
[DEBUG][2015-11-17 17:15:33,096][com.java.ImportnExport.ExportTestResultsExcel] [  222] - testResultPath = D:\BankersDashboard/TestReports/Test Results_BankersDashBoard_111715_171329_IE10_Any Bank USA.xls
[DEBUG][2015-11-17 17:15:33,096][com.java.ImportnExport.ExportTestResultsExcel] [  223] - browser is------------IE10
[DEBUG][2015-11-17 17:15:33,100][com.java.ImportnExport.ExportTestResultsExcel] [  270] - result.size() = 102
[DEBUG][2015-11-17 17:15:33,100][com.java.ImportnExport.ExportTestResultsExcel] [  274] - No of rows in sheet=2
[DEBUG][2015-11-17 17:15:33,100][com.java.ImportnExport.ExportTestResultsExcel] [  301] - ..in export..3
[DEBUG][2015-11-17 17:15:33,100][com.java.ImportnExport.ExportTestResultsExcel] [  301] - ..in export..GL: Capital & Regulatory: Capital Requirements: Defaults
[DEBUG][2015-11-17 17:15:33,101][com.java.ImportnExport.ExportTestResultsExcel] [  301] - ..in export..Pass
[DEBUG][2015-11-17 17:15:33,101][com.java.ImportnExport.ExportTestResultsExcel] [  301] - ..in export..
[DEBUG][2015-11-17 17:15:33,101][com.java.ImportnExport.ExportTestResultsExcel] [  301] - ..in export..Tue Nov 17 17:14:41 IST 2015
[INFO ][2015-11-17 17:15:33,103][com.java.SeleniumDriver] [ 1263] - out loop:1 size:2 TestCases:[1, 3] testcases:[1, 3]
[INFO ][2015-11-17 17:15:35,103][com.java.SeleniumDriver] [ 1306] - Total Number of Cases:2
[INFO ][2015-11-17 17:15:35,103][com.java.TemplateGenerator] [  302] - Executed:2
[INFO ][2015-11-17 17:15:35,103][com.java.TemplateGenerator] [  303] - Passed:2
[INFO ][2015-11-17 17:15:35,103][com.java.TemplateGenerator] [  304] - Failed:0
[INFO ][2015-11-17 17:15:35,103][com.java.TemplateGenerator] [  305] - Skipeed:0
[INFO ][2015-11-17 17:15:35,103][com.java.TemplateGenerator] [  306] - Application URL:https://clients-xuat.bankersdashboard.com
[INFO ][2015-11-17 17:15:35,103][com.java.TemplateGenerator] [  307] - Start Time:111715_171329
[INFO ][2015-11-17 17:15:35,103][com.java.TemplateGenerator] [  308] -  Creating HTML Report 
[ERROR][2015-11-17 17:15:35,104][com.java.TemplateGenerator] [  409] - Unparseable date: "Tue Nov 17 05:13:29 IST 2015"
[INFO ][2015-11-17 17:15:35,104][com.java.TemplateGenerator] [  654] -  Exporting case :: 1
[INFO ][2015-11-17 17:15:35,104][com.java.TemplateGenerator] [  654] -  Exporting case :: 3
[INFO ][2015-11-17 17:15:35,110][com.java.SeleniumDriver] [ 1355] - End Time:111715_171535
[INFO ][2015-11-17 17:15:35,110][com.java.SeleniumDriver] [ 1358] - Data in Test Execution Details:{1=PASS, 3=PASS}
[INFO ][2015-11-17 17:15:35,110][com.java.SeleniumDriver] [ 1359] - Data in Failed Execution Deatils:{}
[INFO ][2015-11-17 17:15:35,111][com.java.SeleniumDriver] [ 1361] - ReportCounter:Total:2 :: PASS: 2 ::FAIL: 0
[INFO ][2015-11-17 17:15:35,111][com.java.SeleniumDriver] [ 1362] - FailedReportCounter:Total:0 :: PASS: 0 ::FAIL: 0
[INFO ][2015-11-17 17:15:35,116][com.java.EmailTestReport] [   63] - Sending report mail details:
[INFO ][2015-11-17 17:15:35,118][com.java.EmailTestReport] [   80] - Excel Report Path:D:\BankersDashboard/TestReports/Test Results_BankersDashBoard_111715_171329_IE10_Any Bank USA.xls
[INFO ][2015-11-17 17:15:35,118][com.java.EmailTestReport] [   81] - HTML Report Path:D:\BankersDashboard//TestReports//Test Results_BankersDashBoard_111715_171329_IE10_Any Bank USA.html
[INFO ][2015-11-17 17:15:35,118][com.java.EmailTestReport] [   82] - smtpHostName:mail01.valuelabs.com
[INFO ][2015-11-17 17:15:35,118][com.java.EmailTestReport] [   83] - Recipient:venkateswararao.gubbala@valuelabs.com;
[INFO ][2015-11-17 17:15:35,118][com.java.EmailTestReport] [   84] - From:venkateswararao.gubbala@valuelabs.com;
[INFO ][2015-11-17 17:15:35,118][com.java.EmailTestReport] [   85] - Subject:Deluxe Corp Bankers Dashboard Automation Test Report - Any Bank USA - IE10
[INFO ][2015-11-17 17:15:35,133][com.java.EmailTestReport] [  143] -  Added venkateswararao.gubbala@valuelabs.com
[INFO ][2015-11-17 17:15:38,241][com.java.SeleniumDriver] [  719] - quitting the browser 
[INFO ][2015-11-17 17:15:39,941][com.java.SeleniumDriver] [  263] - Execution Completed Stopping the thread
