[INFO ][2015-12-21 17:24:29,082][com.java.SeleniumDriver] [  213] - Execute Failed Casesfalse
[INFO ][2015-12-21 17:24:29,082][com.java.SeleniumDriver] [  214] - Browser: IE10
[INFO ][2015-12-21 17:24:29,082][com.java.SeleniumDriver] [  215] - [1, 26]
[INFO ][2015-12-21 17:24:29,082][com.java.SeleniumDriver] [  216] - Total TestCases:2
[INFO ][2015-12-21 17:24:29,082][com.java.SeleniumDriver] [  217] -  Reading Properties from Property File 
[DEBUG][2015-12-21 17:24:29,083][com.java.SeleniumDriver] [  238] - url : https://clients-xuat.bankersdashboard.com
[INFO ][2015-12-21 17:24:29,084][com.java.ImportnExport.ExportTestResultsExcel] [  116] - Time Stamp Mon Dec 21 05:24:29 IST 2015
[INFO ][2015-12-21 17:24:29,084][com.java.ImportnExport.ExportTestResultsExcel] [  175] - OUT FILE : D:\BankersDashboard/TestReports/Test Results_BankersDashBoard_122115_172429_IE10_Bank of North Carolina.xls
[INFO ][2015-12-21 17:24:29,112][com.java.ImportnExport.ExportTestResultsExcel] [  180] - Test Result file is created
[DEBUG][2015-12-21 17:24:29,212][com.java.SeleniumDriver] [  426] - Hub ip address is-------172.17.68.34
[INFO ][2015-12-21 17:24:29,212][com.java.SeleniumDriver] [  452] - Grid URL:http://172.17.68.34:4444/wd/hub
[INFO ][2015-12-21 17:24:29,213][com.java.SeleniumDriver] [  453] - Capability:Capabilities [{platform=ANY, ensureCleanSession=true, ignoreProtectedModeSettings=true, acceptSslCerts=true, ignoreZoomSetting=true, browserName=internet explorer, browserstack.ie.noFlash=true, version=null}]
[ERROR][2015-12-21 17:24:30,522][com.java.SeleniumDriver] [  497] - Unable invoke browser in grid:Could not start a new session. Possible causes are invalid address of the remote server or browser start-up failure.
Build info: version: '2.48.2', revision: '41bccdd', time: '2015-10-09 19:59:12'
System info: host: 'FVTIII438F1D', ip: '172.17.68.34', os.name: 'Windows 7', os.arch: 'x86', os.version: '6.1', java.version: '1.7.0_55'
Driver info: driver.version: SeleniumDriver
[INFO ][2015-12-21 17:24:30,522][com.java.SeleniumDriver] [  499] - Executing on local machine
[INFO ][2015-12-21 17:24:41,208][com.java.SeleniumDriver] [  248] - IE10is opened
[INFO ][2015-12-21 17:24:42,055][com.java.SeleniumDriver] [  754] - Test cases to be executed are: [1, 26]
[INFO ][2015-12-21 17:24:42,075][com.java.ImportnExport.ImportTestDataDetailsExcel] [   49] - test data details path===== D:\BankersDashboard\TestInputs\TestData.xls
[INFO ][2015-12-21 17:24:42,142][com.java.SeleniumDriver] [  821] - ------------------------------------------
[INFO ][2015-12-21 17:24:42,143][com.java.SeleniumDriver] [  822] - Test case being Executed: 1
[INFO ][2015-12-21 17:24:42,143][com.java.SeleniumDriver] [  833] - Test step:1
[INFO ][2015-12-21 17:24:42,143][com.java.SeleniumDriver] [  845] - Datavalue is----------Concept#1:1-16
[INFO ][2015-12-21 17:24:42,143][com.java.SeleniumDriver] [  869] - DataField : test
[INFO ][2015-12-21 17:24:42,143][com.java.SeleniumDriver] [  871] - DataValue : Concept#1:1-16
[INFO ][2015-12-21 17:24:42,143][com.java.SeleniumDriver] [  877] - <In Set values of the page>
[INFO ][2015-12-21 17:24:42,143][com.java.SeleniumDriver] [  880] - {Data Fields & Data Values Exist}
[INFO ][2015-12-21 17:24:42,143][com.java.SeleniumDriver] [  882] - --------------------------setting values-----------------------------
[INFO ][2015-12-21 17:24:42,143][com.java.SeleniumDriver] [  885] - Action Type : ExecuteTestCase
[INFO ][2015-12-21 17:24:42,163][com.java.TestType] [  437] - The Concept sheet name is ---------- Concept
[INFO ][2015-12-21 17:24:42,164][com.java.TestType] [  440] - The Concept ID  is ---------- 1
[DEBUG][2015-12-21 17:24:42,164][com.java.TestType] [  444] - Steps being executted in the Concept are: 1:16
[INFO ][2015-12-21 17:24:42,164][com.java.TestType] [  451] - Test data details path ---------- D:\BankersDashboard\TestInputs\TestData.xls
[INFO ][2015-12-21 17:24:42,198][com.java.TestType] [  482] -  str(1) = 1
[INFO ][2015-12-21 17:24:42,199][com.java.TestType] [  485] - Test case Id is---1
[INFO ][2015-12-21 17:24:42,199][com.java.TestType] [  487] - 1
[INFO ][2015-12-21 17:24:42,199][com.java.TestType] [  482] -  str(2) = 1
[INFO ][2015-12-21 17:24:42,201][com.java.TestType] [  534] - row values are--------{1=com.java.Objects.TestDataDetails@1d23f53}
[INFO ][2015-12-21 17:24:42,201][com.java.TestType] [  482] -  str(1) = 1
[INFO ][2015-12-21 17:24:42,201][com.java.TestType] [  485] - Test case Id is---1
[INFO ][2015-12-21 17:24:42,202][com.java.TestType] [  487] - 1
[INFO ][2015-12-21 17:24:42,202][com.java.TestType] [  482] -  str(2) = 2
[INFO ][2015-12-21 17:24:42,203][com.java.TestType] [  534] - row values are--------{1=com.java.Objects.TestDataDetails@1d23f53, 2=com.java.Objects.TestDataDetails@7aa1d2}
[INFO ][2015-12-21 17:24:42,205][com.java.TestType] [  482] -  str(1) = 1
[INFO ][2015-12-21 17:24:42,205][com.java.TestType] [  485] - Test case Id is---1
[INFO ][2015-12-21 17:24:42,205][com.java.TestType] [  487] - 1
[INFO ][2015-12-21 17:24:42,205][com.java.TestType] [  482] -  str(2) = 3
[INFO ][2015-12-21 17:24:42,206][com.java.TestType] [  534] - row values are--------{1=com.java.Objects.TestDataDetails@1d23f53, 2=com.java.Objects.TestDataDetails@7aa1d2, 3=com.java.Objects.TestDataDetails@3c86bc}
[INFO ][2015-12-21 17:24:42,206][com.java.TestType] [  482] -  str(1) = 1
[INFO ][2015-12-21 17:24:42,206][com.java.TestType] [  485] - Test case Id is---1
[INFO ][2015-12-21 17:24:42,207][com.java.TestType] [  487] - 1
[INFO ][2015-12-21 17:24:42,207][com.java.TestType] [  482] -  str(2) = 4
[INFO ][2015-12-21 17:24:42,208][com.java.TestType] [  534] - row values are--------{1=com.java.Objects.TestDataDetails@1d23f53, 2=com.java.Objects.TestDataDetails@7aa1d2, 3=com.java.Objects.TestDataDetails@3c86bc, 4=com.java.Objects.TestDataDetails@15e3fd1}
[INFO ][2015-12-21 17:24:42,208][com.java.TestType] [  482] -  str(1) = 1
[INFO ][2015-12-21 17:24:42,208][com.java.TestType] [  485] - Test case Id is---1
[INFO ][2015-12-21 17:24:42,208][com.java.TestType] [  487] - 1
[INFO ][2015-12-21 17:24:42,208][com.java.TestType] [  482] -  str(2) = 5
[INFO ][2015-12-21 17:24:42,209][com.java.TestType] [  534] - row values are--------{1=com.java.Objects.TestDataDetails@1d23f53, 2=com.java.Objects.TestDataDetails@7aa1d2, 3=com.java.Objects.TestDataDetails@3c86bc, 4=com.java.Objects.TestDataDetails@15e3fd1, 5=com.java.Objects.TestDataDetails@192a441}
[INFO ][2015-12-21 17:24:42,209][com.java.TestType] [  482] -  str(1) = 1
[INFO ][2015-12-21 17:24:42,209][com.java.TestType] [  485] - Test case Id is---1
[INFO ][2015-12-21 17:24:42,210][com.java.TestType] [  487] - 1
[INFO ][2015-12-21 17:24:42,210][com.java.TestType] [  482] -  str(2) = 6
[INFO ][2015-12-21 17:24:42,211][com.java.TestType] [  534] - row values are--------{1=com.java.Objects.TestDataDetails@1d23f53, 2=com.java.Objects.TestDataDetails@7aa1d2, 3=com.java.Objects.TestDataDetails@3c86bc, 4=com.java.Objects.TestDataDetails@15e3fd1, 5=com.java.Objects.TestDataDetails@192a441, 6=com.java.Objects.TestDataDetails@aee875}
[INFO ][2015-12-21 17:24:42,211][com.java.TestType] [  482] -  str(1) = 1
[INFO ][2015-12-21 17:24:42,212][com.java.TestType] [  485] - Test case Id is---1
[INFO ][2015-12-21 17:24:42,212][com.java.TestType] [  487] - 1
[INFO ][2015-12-21 17:24:42,212][com.java.TestType] [  482] -  str(2) = 7
[INFO ][2015-12-21 17:24:42,212][com.java.TestType] [  534] - row values are--------{1=com.java.Objects.TestDataDetails@1d23f53, 2=com.java.Objects.TestDataDetails@7aa1d2, 3=com.java.Objects.TestDataDetails@3c86bc, 4=com.java.Objects.TestDataDetails@15e3fd1, 5=com.java.Objects.TestDataDetails@192a441, 6=com.java.Objects.TestDataDetails@aee875, 7=com.java.Objects.TestDataDetails@e05280}
[INFO ][2015-12-21 17:24:42,213][com.java.TestType] [  482] -  str(1) = 1
[INFO ][2015-12-21 17:24:42,213][com.java.TestType] [  485] - Test case Id is---1
[INFO ][2015-12-21 17:24:42,213][com.java.TestType] [  487] - 1
[INFO ][2015-12-21 17:24:42,213][com.java.TestType] [  482] -  str(2) = 8
[INFO ][2015-12-21 17:24:42,214][com.java.TestType] [  534] - row values are--------{1=com.java.Objects.TestDataDetails@1d23f53, 2=com.java.Objects.TestDataDetails@7aa1d2, 3=com.java.Objects.TestDataDetails@3c86bc, 4=com.java.Objects.TestDataDetails@15e3fd1, 5=com.java.Objects.TestDataDetails@192a441, 6=com.java.Objects.TestDataDetails@aee875, 7=com.java.Objects.TestDataDetails@e05280, 8=com.java.Objects.TestDataDetails@97ecfb}
[INFO ][2015-12-21 17:24:42,214][com.java.TestType] [  482] -  str(1) = 1
[INFO ][2015-12-21 17:24:42,214][com.java.TestType] [  485] - Test case Id is---1
[INFO ][2015-12-21 17:24:42,214][com.java.TestType] [  487] - 1
[INFO ][2015-12-21 17:24:42,216][com.java.TestType] [  482] -  str(2) = 9
[INFO ][2015-12-21 17:24:42,217][com.java.TestType] [  534] - row values are--------{1=com.java.Objects.TestDataDetails@1d23f53, 2=com.java.Objects.TestDataDetails@7aa1d2, 3=com.java.Objects.TestDataDetails@3c86bc, 4=com.java.Objects.TestDataDetails@15e3fd1, 5=com.java.Objects.TestDataDetails@192a441, 6=com.java.Objects.TestDataDetails@aee875, 7=com.java.Objects.TestDataDetails@e05280, 8=com.java.Objects.TestDataDetails@97ecfb, 9=com.java.Objects.TestDataDetails@cd3bec}
[INFO ][2015-12-21 17:24:42,217][com.java.TestType] [  482] -  str(1) = 1
[INFO ][2015-12-21 17:24:42,217][com.java.TestType] [  485] - Test case Id is---1
[INFO ][2015-12-21 17:24:42,217][com.java.TestType] [  487] - 1
[INFO ][2015-12-21 17:24:42,217][com.java.TestType] [  482] -  str(2) = 10
[INFO ][2015-12-21 17:24:42,218][com.java.TestType] [  534] - row values are--------{1=com.java.Objects.TestDataDetails@1d23f53, 2=com.java.Objects.TestDataDetails@7aa1d2, 3=com.java.Objects.TestDataDetails@3c86bc, 4=com.java.Objects.TestDataDetails@15e3fd1, 5=com.java.Objects.TestDataDetails@192a441, 6=com.java.Objects.TestDataDetails@aee875, 7=com.java.Objects.TestDataDetails@e05280, 8=com.java.Objects.TestDataDetails@97ecfb, 9=com.java.Objects.TestDataDetails@cd3bec, 10=com.java.Objects.TestDataDetails@35ef07}
[INFO ][2015-12-21 17:24:42,218][com.java.TestType] [  482] -  str(1) = 1
[INFO ][2015-12-21 17:24:42,218][com.java.TestType] [  485] - Test case Id is---1
[INFO ][2015-12-21 17:24:42,218][com.java.TestType] [  487] - 1
[INFO ][2015-12-21 17:24:42,218][com.java.TestType] [  482] -  str(2) = 11
[INFO ][2015-12-21 17:24:42,219][com.java.TestType] [  534] - row values are--------{1=com.java.Objects.TestDataDetails@1d23f53, 2=com.java.Objects.TestDataDetails@7aa1d2, 3=com.java.Objects.TestDataDetails@3c86bc, 4=com.java.Objects.TestDataDetails@15e3fd1, 5=com.java.Objects.TestDataDetails@192a441, 6=com.java.Objects.TestDataDetails@aee875, 7=com.java.Objects.TestDataDetails@e05280, 8=com.java.Objects.TestDataDetails@97ecfb, 9=com.java.Objects.TestDataDetails@cd3bec, 10=com.java.Objects.TestDataDetails@35ef07, 11=com.java.Objects.TestDataDetails@150bbc}
[INFO ][2015-12-21 17:24:42,219][com.java.TestType] [  482] -  str(1) = 1
[INFO ][2015-12-21 17:24:42,219][com.java.TestType] [  485] - Test case Id is---1
[INFO ][2015-12-21 17:24:42,219][com.java.TestType] [  487] - 1
[INFO ][2015-12-21 17:24:42,219][com.java.TestType] [  482] -  str(2) = 12
[INFO ][2015-12-21 17:24:42,220][com.java.TestType] [  534] - row values are--------{1=com.java.Objects.TestDataDetails@1d23f53, 2=com.java.Objects.TestDataDetails@7aa1d2, 3=com.java.Objects.TestDataDetails@3c86bc, 4=com.java.Objects.TestDataDetails@15e3fd1, 5=com.java.Objects.TestDataDetails@192a441, 6=com.java.Objects.TestDataDetails@aee875, 7=com.java.Objects.TestDataDetails@e05280, 8=com.java.Objects.TestDataDetails@97ecfb, 9=com.java.Objects.TestDataDetails@cd3bec, 10=com.java.Objects.TestDataDetails@35ef07, 11=com.java.Objects.TestDataDetails@150bbc, 12=com.java.Objects.TestDataDetails@9fb9a2}
[INFO ][2015-12-21 17:24:42,220][com.java.TestType] [  482] -  str(1) = 1
[INFO ][2015-12-21 17:24:42,220][com.java.TestType] [  485] - Test case Id is---1
[INFO ][2015-12-21 17:24:42,220][com.java.TestType] [  487] - 1
[INFO ][2015-12-21 17:24:42,220][com.java.TestType] [  482] -  str(2) = 13
[INFO ][2015-12-21 17:24:42,221][com.java.TestType] [  534] - row values are--------{1=com.java.Objects.TestDataDetails@1d23f53, 2=com.java.Objects.TestDataDetails@7aa1d2, 3=com.java.Objects.TestDataDetails@3c86bc, 4=com.java.Objects.TestDataDetails@15e3fd1, 5=com.java.Objects.TestDataDetails@192a441, 6=com.java.Objects.TestDataDetails@aee875, 7=com.java.Objects.TestDataDetails@e05280, 8=com.java.Objects.TestDataDetails@97ecfb, 9=com.java.Objects.TestDataDetails@cd3bec, 10=com.java.Objects.TestDataDetails@35ef07, 11=com.java.Objects.TestDataDetails@150bbc, 12=com.java.Objects.TestDataDetails@9fb9a2, 13=com.java.Objects.TestDataDetails@3dc5d6}
[INFO ][2015-12-21 17:24:42,221][com.java.TestType] [  482] -  str(1) = 1
[INFO ][2015-12-21 17:24:42,221][com.java.TestType] [  485] - Test case Id is---1
[INFO ][2015-12-21 17:24:42,221][com.java.TestType] [  487] - 1
[INFO ][2015-12-21 17:24:42,221][com.java.TestType] [  482] -  str(2) = 14
[INFO ][2015-12-21 17:24:42,222][com.java.TestType] [  534] - row values are--------{1=com.java.Objects.TestDataDetails@1d23f53, 2=com.java.Objects.TestDataDetails@7aa1d2, 3=com.java.Objects.TestDataDetails@3c86bc, 4=com.java.Objects.TestDataDetails@15e3fd1, 5=com.java.Objects.TestDataDetails@192a441, 6=com.java.Objects.TestDataDetails@aee875, 7=com.java.Objects.TestDataDetails@e05280, 8=com.java.Objects.TestDataDetails@97ecfb, 9=com.java.Objects.TestDataDetails@cd3bec, 10=com.java.Objects.TestDataDetails@35ef07, 11=com.java.Objects.TestDataDetails@150bbc, 12=com.java.Objects.TestDataDetails@9fb9a2, 13=com.java.Objects.TestDataDetails@3dc5d6, 14=com.java.Objects.TestDataDetails@fe918f}
[INFO ][2015-12-21 17:24:42,222][com.java.TestType] [  482] -  str(1) = 1
[INFO ][2015-12-21 17:24:42,222][com.java.TestType] [  485] - Test case Id is---1
[INFO ][2015-12-21 17:24:42,222][com.java.TestType] [  487] - 1
[INFO ][2015-12-21 17:24:42,222][com.java.TestType] [  482] -  str(2) = 15
[INFO ][2015-12-21 17:24:42,223][com.java.TestType] [  534] - row values are--------{1=com.java.Objects.TestDataDetails@1d23f53, 2=com.java.Objects.TestDataDetails@7aa1d2, 3=com.java.Objects.TestDataDetails@3c86bc, 4=com.java.Objects.TestDataDetails@15e3fd1, 5=com.java.Objects.TestDataDetails@192a441, 6=com.java.Objects.TestDataDetails@aee875, 7=com.java.Objects.TestDataDetails@e05280, 8=com.java.Objects.TestDataDetails@97ecfb, 9=com.java.Objects.TestDataDetails@cd3bec, 10=com.java.Objects.TestDataDetails@35ef07, 11=com.java.Objects.TestDataDetails@150bbc, 12=com.java.Objects.TestDataDetails@9fb9a2, 13=com.java.Objects.TestDataDetails@3dc5d6, 14=com.java.Objects.TestDataDetails@fe918f, 15=com.java.Objects.TestDataDetails@79b1d1}
[INFO ][2015-12-21 17:24:42,223][com.java.TestType] [  482] -  str(1) = 1
[INFO ][2015-12-21 17:24:42,223][com.java.TestType] [  485] - Test case Id is---1
[INFO ][2015-12-21 17:24:42,223][com.java.TestType] [  487] - 1
[INFO ][2015-12-21 17:24:42,223][com.java.TestType] [  482] -  str(2) = 16
[INFO ][2015-12-21 17:24:42,226][com.java.TestType] [  534] - row values are--------{1=com.java.Objects.TestDataDetails@1d23f53, 2=com.java.Objects.TestDataDetails@7aa1d2, 3=com.java.Objects.TestDataDetails@3c86bc, 4=com.java.Objects.TestDataDetails@15e3fd1, 5=com.java.Objects.TestDataDetails@192a441, 6=com.java.Objects.TestDataDetails@aee875, 7=com.java.Objects.TestDataDetails@e05280, 8=com.java.Objects.TestDataDetails@97ecfb, 9=com.java.Objects.TestDataDetails@cd3bec, 10=com.java.Objects.TestDataDetails@35ef07, 11=com.java.Objects.TestDataDetails@150bbc, 12=com.java.Objects.TestDataDetails@9fb9a2, 13=com.java.Objects.TestDataDetails@3dc5d6, 14=com.java.Objects.TestDataDetails@fe918f, 15=com.java.Objects.TestDataDetails@79b1d1, 16=com.java.Objects.TestDataDetails@173a483}
[INFO ][2015-12-21 17:24:42,226][com.java.TestType] [10235] - Looping 1TCID = 1
[DEBUG][2015-12-21 17:24:42,226][com.java.TestType] [10276] - Concept ID:1 :: Step being Executed: 1::1
[INFO ][2015-12-21 17:24:42,226][com.java.TestType] [10314] - dataFields : TXTusername
[DEBUG][2015-12-21 17:24:42,226][com.java.TestType] [10320] - <In Set values of the page>
[DEBUG][2015-12-21 17:24:42,226][com.java.TestType] [10325] - {Data Fields & Data Values Exist}
[INFO ][2015-12-21 17:24:42,226][com.java.TestType] [10331] - --------------------------setting values-----------------------------
[INFO ][2015-12-21 17:24:42,227][com.java.TestType] [10334] - Action Type : CLEARANDENTER
[INFO ][2015-12-21 17:24:42,227][com.java.TestType] [ 5577] - value = valuelabs.ie10.33527
[INFO ][2015-12-21 17:24:46,937][com.java.TestType] [10353] -  RESULT true
[INFO ][2015-12-21 17:24:46,937][com.java.TestType] [10470] - ?   P A S S   ?
[DEBUG][2015-12-21 17:24:46,937][com.java.TestType] [10276] - Concept ID:1 :: Step being Executed: 1::2
[INFO ][2015-12-21 17:24:46,937][com.java.TestType] [10314] - dataFields : TXTpassword
[DEBUG][2015-12-21 17:24:46,938][com.java.TestType] [10320] - <In Set values of the page>
[DEBUG][2015-12-21 17:24:46,938][com.java.TestType] [10325] - {Data Fields & Data Values Exist}
[INFO ][2015-12-21 17:24:46,939][com.java.TestType] [10331] - --------------------------setting values-----------------------------
[INFO ][2015-12-21 17:24:46,939][com.java.TestType] [10334] - Action Type : CLEARANDENTER
[INFO ][2015-12-21 17:24:46,939][com.java.TestType] [ 5577] - value = Password1*
[INFO ][2015-12-21 17:24:51,738][com.java.TestType] [10353] -  RESULT true
[INFO ][2015-12-21 17:24:51,738][com.java.TestType] [10470] - ?   P A S S   ?
[DEBUG][2015-12-21 17:24:51,738][com.java.TestType] [10276] - Concept ID:1 :: Step being Executed: 1::3
[ERROR][2015-12-21 17:24:51,738][com.java.TestType] [10309] - Exception: null
[INFO ][2015-12-21 17:24:51,738][com.java.TestType] [10314] - dataFields : XPH//button[@type='submit']
[DEBUG][2015-12-21 17:24:51,738][com.java.TestType] [10320] - <In Set values of the page>
[DEBUG][2015-12-21 17:24:51,739][com.java.TestType] [10325] - {Data Fields & Data Values Exist}
[INFO ][2015-12-21 17:24:51,739][com.java.TestType] [10331] - --------------------------setting values-----------------------------
[INFO ][2015-12-21 17:24:51,739][com.java.TestType] [10334] - Action Type : Click
[INFO ][2015-12-21 17:24:51,739][com.java.TestType] [ 5956] - Field ::XPH//button[@type='submit']
[INFO ][2015-12-21 17:24:51,739][com.java.TestType] [ 5577] - value = 
[INFO ][2015-12-21 17:24:52,739][com.java.TestType] [ 6093] - BEFORE CLICK
[INFO ][2015-12-21 17:24:53,568][com.java.TestType] [ 6101] - Unable to click the object Login
[INFO ][2015-12-21 17:24:53,568][com.java.TestType] [10353] -  RESULT true
[INFO ][2015-12-21 17:24:53,568][com.java.TestType] [10470] - ?   P A S S   ?
[DEBUG][2015-12-21 17:24:53,568][com.java.TestType] [10276] - Concept ID:1 :: Step being Executed: 1::4
[INFO ][2015-12-21 17:24:53,568][com.java.TestType] [10314] - dataFields : LNKLogout
[DEBUG][2015-12-21 17:24:53,568][com.java.TestType] [10320] - <In Set values of the page>
[DEBUG][2015-12-21 17:24:53,568][com.java.TestType] [10325] - {Data Fields & Data Values Exist}
[INFO ][2015-12-21 17:24:53,568][com.java.TestType] [10331] - --------------------------setting values-----------------------------
[INFO ][2015-12-21 17:24:53,568][com.java.TestType] [10334] - Action Type : WaitForElement
[INFO ][2015-12-21 17:24:57,046][com.java.TestType] [10353] -  RESULT true
[INFO ][2015-12-21 17:24:57,046][com.java.TestType] [10470] - ?   P A S S   ?
[DEBUG][2015-12-21 17:24:57,046][com.java.TestType] [10276] - Concept ID:1 :: Step being Executed: 1::15
[INFO ][2015-12-21 17:24:57,046][com.java.TestType] [10314] - dataFields : LNK
[DEBUG][2015-12-21 17:24:57,046][com.java.TestType] [10320] - <In Set values of the page>
[DEBUG][2015-12-21 17:24:57,046][com.java.TestType] [10325] - {Data Fields & Data Values Exist}
[INFO ][2015-12-21 17:24:57,047][com.java.TestType] [10331] - --------------------------setting values-----------------------------
[INFO ][2015-12-21 17:24:57,047][com.java.TestType] [10334] - Action Type : Verify
[INFO ][2015-12-21 17:24:57,047][com.java.TestType] [ 6921] - field= LNK value= Logout
[INFO ][2015-12-21 17:24:57,048][com.java.TestType] [ 5577] - value = Logout
[INFO ][2015-12-21 17:24:57,084][com.java.TestType] [10353] -  RESULT true
[INFO ][2015-12-21 17:24:57,085][com.java.TestType] [10470] - ?   P A S S   ?
[DEBUG][2015-12-21 17:24:57,085][com.java.TestType] [10276] - Concept ID:1 :: Step being Executed: 1::16
[INFO ][2015-12-21 17:24:57,085][com.java.TestType] [10314] - dataFields : BTN
[DEBUG][2015-12-21 17:24:57,085][com.java.TestType] [10320] - <In Set values of the page>
[DEBUG][2015-12-21 17:24:57,085][com.java.TestType] [10325] - {Data Fields & Data Values Exist}
[INFO ][2015-12-21 17:24:57,085][com.java.TestType] [10331] - --------------------------setting values-----------------------------
[INFO ][2015-12-21 17:24:57,085][com.java.TestType] [10334] - Action Type : Verify
[INFO ][2015-12-21 17:24:57,085][com.java.TestType] [ 6921] - field= BTN value= //img[contains(@src,'bdlogo.jpg')]
[INFO ][2015-12-21 17:24:57,085][com.java.TestType] [ 5577] - value = //img[contains(@src,'bdlogo.jpg')]
[INFO ][2015-12-21 17:24:57,155][com.java.TestType] [10353] -  RESULT true
[INFO ][2015-12-21 17:24:57,155][com.java.TestType] [10470] - ?   P A S S   ?
[INFO ][2015-12-21 17:24:57,155][com.java.TestType] [10541] - Looping End......
[INFO ][2015-12-21 17:24:57,159][com.java.SeleniumDriver] [  894] -  RESULT true
[INFO ][2015-12-21 17:24:57,159][com.java.SeleniumDriver] [ 1100] - ?   P A S S   ?
[INFO ][2015-12-21 17:24:57,159][com.java.SeleniumDriver] [  821] - ------------------------------------------
[INFO ][2015-12-21 17:24:57,159][com.java.SeleniumDriver] [  822] - Test case being Executed: 1
[INFO ][2015-12-21 17:24:57,159][com.java.SeleniumDriver] [  833] - Test step:2
[INFO ][2015-12-21 17:24:57,159][com.java.SeleniumDriver] [  845] - Datavalue is----------Concept#2:1-2
[INFO ][2015-12-21 17:24:57,159][com.java.SeleniumDriver] [  869] - DataField : test
[INFO ][2015-12-21 17:24:57,159][com.java.SeleniumDriver] [  871] - DataValue : Concept#2:1-2
[INFO ][2015-12-21 17:24:57,159][com.java.SeleniumDriver] [  877] - <In Set values of the page>
[INFO ][2015-12-21 17:24:57,159][com.java.SeleniumDriver] [  880] - {Data Fields & Data Values Exist}
[INFO ][2015-12-21 17:24:57,159][com.java.SeleniumDriver] [  882] - --------------------------setting values-----------------------------
[INFO ][2015-12-21 17:24:57,159][com.java.SeleniumDriver] [  885] - Action Type : ExecuteTestCase
[INFO ][2015-12-21 17:24:57,160][com.java.TestType] [  437] - The Concept sheet name is ---------- Concept
[INFO ][2015-12-21 17:24:57,160][com.java.TestType] [  440] - The Concept ID  is ---------- 2
[DEBUG][2015-12-21 17:24:57,160][com.java.TestType] [  444] - Steps being executted in the Concept are: 1:2
[INFO ][2015-12-21 17:24:57,160][com.java.TestType] [  451] - Test data details path ---------- D:\BankersDashboard\TestInputs\TestData.xls
[INFO ][2015-12-21 17:24:57,189][com.java.TestType] [  482] -  str(1) = 2
[INFO ][2015-12-21 17:24:57,189][com.java.TestType] [  485] - Test case Id is---2
[INFO ][2015-12-21 17:24:57,189][com.java.TestType] [  487] - 2
[INFO ][2015-12-21 17:24:57,190][com.java.TestType] [  482] -  str(2) = 1
[INFO ][2015-12-21 17:24:57,192][com.java.TestType] [  534] - row values are--------{1=com.java.Objects.TestDataDetails@1979138}
[INFO ][2015-12-21 17:24:57,192][com.java.TestType] [  482] -  str(1) = 2
[INFO ][2015-12-21 17:24:57,192][com.java.TestType] [  485] - Test case Id is---2
[INFO ][2015-12-21 17:24:57,192][com.java.TestType] [  487] - 2
[INFO ][2015-12-21 17:24:57,192][com.java.TestType] [  482] -  str(2) = 2
[INFO ][2015-12-21 17:24:57,193][com.java.TestType] [  534] - row values are--------{1=com.java.Objects.TestDataDetails@1979138, 2=com.java.Objects.TestDataDetails@e6a4b}
[INFO ][2015-12-21 17:24:57,193][com.java.TestType] [  482] -  str(1) = 2
[INFO ][2015-12-21 17:24:57,193][com.java.TestType] [  485] - Test case Id is---2
[INFO ][2015-12-21 17:24:57,193][com.java.TestType] [  487] - 2
[INFO ][2015-12-21 17:24:57,193][com.java.TestType] [  482] -  str(2) = 3
[INFO ][2015-12-21 17:24:57,194][com.java.TestType] [  534] - row values are--------{1=com.java.Objects.TestDataDetails@1979138, 2=com.java.Objects.TestDataDetails@e6a4b, 3=com.java.Objects.TestDataDetails@10cebf7}
[INFO ][2015-12-21 17:24:57,194][com.java.TestType] [10235] - Looping 1TCID = 2
[DEBUG][2015-12-21 17:24:57,194][com.java.TestType] [10276] - Concept ID:2 :: Step being Executed: 2::1
[INFO ][2015-12-21 17:24:57,194][com.java.TestType] [10314] - dataFields : BNK//select[@id='bank']
[DEBUG][2015-12-21 17:24:57,194][com.java.TestType] [10320] - <In Set values of the page>
[DEBUG][2015-12-21 17:24:57,194][com.java.TestType] [10325] - {Data Fields & Data Values Exist}
[INFO ][2015-12-21 17:24:57,195][com.java.TestType] [10331] - --------------------------setting values-----------------------------
[INFO ][2015-12-21 17:24:57,195][com.java.TestType] [10334] - Action Type : Select
[INFO ][2015-12-21 17:24:57,195][com.java.TestType] [ 5577] - value = PFC
[INFO ][2015-12-21 17:24:57,594][com.java.TestType] [10353] -  RESULT true
[INFO ][2015-12-21 17:24:57,594][com.java.TestType] [10470] - ?   P A S S   ?
[DEBUG][2015-12-21 17:24:57,594][com.java.TestType] [10276] - Concept ID:2 :: Step being Executed: 2::2
[INFO ][2015-12-21 17:24:57,594][com.java.TestType] [10314] - dataFields : LNKLogout
[DEBUG][2015-12-21 17:24:57,594][com.java.TestType] [10320] - <In Set values of the page>
[DEBUG][2015-12-21 17:24:57,595][com.java.TestType] [10325] - {Data Fields & Data Values Exist}
[INFO ][2015-12-21 17:24:57,595][com.java.TestType] [10331] - --------------------------setting values-----------------------------
[INFO ][2015-12-21 17:24:57,595][com.java.TestType] [10334] - Action Type : WaitTime
[DEBUG][2015-12-21 17:24:57,595][com.java.TestType] [ 5397] - sleepTime: 5000
[INFO ][2015-12-21 17:25:02,597][com.java.TestType] [10353] -  RESULT true
[INFO ][2015-12-21 17:25:02,597][com.java.TestType] [10470] - ?   P A S S   ?
[INFO ][2015-12-21 17:25:02,597][com.java.TestType] [10541] - Looping End......
[INFO ][2015-12-21 17:25:02,601][com.java.SeleniumDriver] [  894] -  RESULT true
[INFO ][2015-12-21 17:25:02,601][com.java.SeleniumDriver] [ 1100] - ?   P A S S   ?
[INFO ][2015-12-21 17:25:02,601][com.java.SeleniumDriver] [  821] - ------------------------------------------
[INFO ][2015-12-21 17:25:02,601][com.java.SeleniumDriver] [  822] - Test case being Executed: 1
[INFO ][2015-12-21 17:25:02,601][com.java.SeleniumDriver] [  833] - Test step:3
[INFO ][2015-12-21 17:25:02,601][com.java.SeleniumDriver] [  845] - Datavalue is----------2
[INFO ][2015-12-21 17:25:02,601][com.java.SeleniumDriver] [  869] - DataField : XPH//button[contains(text(),'Add Content')]
[INFO ][2015-12-21 17:25:02,601][com.java.SeleniumDriver] [  871] - DataValue : 2
[INFO ][2015-12-21 17:25:02,601][com.java.SeleniumDriver] [  877] - <In Set values of the page>
[INFO ][2015-12-21 17:25:02,601][com.java.SeleniumDriver] [  880] - {Data Fields & Data Values Exist}
[INFO ][2015-12-21 17:25:02,601][com.java.SeleniumDriver] [  882] - --------------------------setting values-----------------------------
[INFO ][2015-12-21 17:25:02,601][com.java.SeleniumDriver] [  885] - Action Type : WAITFORELEMENT
[INFO ][2015-12-21 17:25:02,637][com.java.SeleniumDriver] [  894] -  RESULT true
[INFO ][2015-12-21 17:25:02,637][com.java.SeleniumDriver] [ 1100] - ?   P A S S   ?
[DEBUG][2015-12-21 17:25:02,637][com.java.SeleniumDriver] [ 1212] - Case found
[DEBUG][2015-12-21 17:25:02,638][com.java.SeleniumDriver] [ 1217] - Incrementing ReportCounters[0]:1
[INFO ][2015-12-21 17:25:02,639][com.java.SeleniumDriver] [ 1236] - The results are-------------------[1, 1, Valid Login, Pass, , Mon Dec 21 17:24:57 IST 2015, 1, 2, Valid Login, Pass, , Mon Dec 21 17:25:02 IST 2015, 1, 3, Valid Login, Pass, , Mon Dec 21 17:25:02 IST 2015]
[INFO ][2015-12-21 17:25:02,639][com.java.SeleniumDriver] [ 1240] - End time is-------35 sec
[INFO ][2015-12-21 17:25:02,639][com.java.SeleniumDriver] [ 1241] - The results are-------------------[1, 1, Valid Login, Pass, , Mon Dec 21 17:24:57 IST 2015, 1, 2, Valid Login, Pass, , Mon Dec 21 17:25:02 IST 2015, 1, 3, Valid Login, Pass, , Mon Dec 21 17:25:02 IST 2015]
[DEBUG][2015-12-21 17:25:02,639][com.java.ImportnExport.ExportTestResultsExcel] [  222] - testResultPath = D:\BankersDashboard/TestReports/Test Results_BankersDashBoard_122115_172429_IE10_Bank of North Carolina.xls
[DEBUG][2015-12-21 17:25:02,640][com.java.ImportnExport.ExportTestResultsExcel] [  223] - browser is------------IE10
[DEBUG][2015-12-21 17:25:02,689][com.java.ImportnExport.ExportTestResultsExcel] [  270] - result.size() = 18
[DEBUG][2015-12-21 17:25:02,689][com.java.ImportnExport.ExportTestResultsExcel] [  274] - No of rows in sheet=1
[DEBUG][2015-12-21 17:25:02,690][com.java.ImportnExport.ExportTestResultsExcel] [  301] - ..in export..1
[DEBUG][2015-12-21 17:25:02,690][com.java.ImportnExport.ExportTestResultsExcel] [  301] - ..in export..Valid Login
[DEBUG][2015-12-21 17:25:02,690][com.java.ImportnExport.ExportTestResultsExcel] [  301] - ..in export..Pass
[DEBUG][2015-12-21 17:25:02,690][com.java.ImportnExport.ExportTestResultsExcel] [  301] - ..in export..
[DEBUG][2015-12-21 17:25:02,690][com.java.ImportnExport.ExportTestResultsExcel] [  301] - ..in export..Mon Dec 21 17:24:57 IST 2015
[INFO ][2015-12-21 17:25:02,692][com.java.SeleniumDriver] [ 1299] - out loop:0 size:2 TestCases:[1, 26] testcases:[1, 26]
[INFO ][2015-12-21 17:25:02,692][com.java.ImportnExport.ImportTestDataDetailsExcel] [   49] - test data details path===== D:\BankersDashboard\TestInputs\TestData.xls
[INFO ][2015-12-21 17:25:22,469][com.java.SeleniumDriver] [  821] - ------------------------------------------
[INFO ][2015-12-21 17:25:22,469][com.java.SeleniumDriver] [  822] - Test case being Executed: 26
[INFO ][2015-12-21 17:25:22,469][com.java.SeleniumDriver] [  833] - Test step:1
[INFO ][2015-12-21 17:25:22,469][com.java.SeleniumDriver] [  845] - Datavalue is----------Logout
[INFO ][2015-12-21 17:25:22,469][com.java.SeleniumDriver] [  869] - DataField : BTN
[INFO ][2015-12-21 17:25:22,469][com.java.SeleniumDriver] [  871] - DataValue : Logout
[INFO ][2015-12-21 17:25:22,469][com.java.SeleniumDriver] [  877] - <In Set values of the page>
[INFO ][2015-12-21 17:25:22,469][com.java.SeleniumDriver] [  880] - {Data Fields & Data Values Exist}
[INFO ][2015-12-21 17:25:22,469][com.java.SeleniumDriver] [  882] - --------------------------setting values-----------------------------
[INFO ][2015-12-21 17:25:22,469][com.java.SeleniumDriver] [  885] - Action Type : Verify
[INFO ][2015-12-21 17:25:22,469][com.java.TestType] [ 6921] - field= BTN value= Logout
[INFO ][2015-12-21 17:25:22,469][com.java.TestType] [ 5577] - value = Logout
[INFO ][2015-12-21 17:25:22,553][com.java.SeleniumDriver] [  894] -  RESULT true
[INFO ][2015-12-21 17:25:22,553][com.java.SeleniumDriver] [ 1100] - ?   P A S S   ?
[INFO ][2015-12-21 17:25:22,553][com.java.SeleniumDriver] [ 1142] - step change to 3
[INFO ][2015-12-21 17:25:22,553][com.java.SeleniumDriver] [  821] - ------------------------------------------
[INFO ][2015-12-21 17:25:22,554][com.java.SeleniumDriver] [  822] - Test case being Executed: 26
[INFO ][2015-12-21 17:25:22,554][com.java.SeleniumDriver] [  833] - Test step:3
[INFO ][2015-12-21 17:25:22,554][com.java.SeleniumDriver] [  845] - Datavalue is----------Concept#2:1-2
[INFO ][2015-12-21 17:25:22,554][com.java.SeleniumDriver] [  869] - DataField : test
[INFO ][2015-12-21 17:25:22,554][com.java.SeleniumDriver] [  871] - DataValue : Concept#2:1-2
[INFO ][2015-12-21 17:25:22,554][com.java.SeleniumDriver] [  877] - <In Set values of the page>
[INFO ][2015-12-21 17:25:22,554][com.java.SeleniumDriver] [  880] - {Data Fields & Data Values Exist}
[INFO ][2015-12-21 17:25:22,554][com.java.SeleniumDriver] [  882] - --------------------------setting values-----------------------------
[INFO ][2015-12-21 17:25:22,554][com.java.SeleniumDriver] [  885] - Action Type : ExecuteTestCase
[INFO ][2015-12-21 17:25:22,554][com.java.TestType] [  437] - The Concept sheet name is ---------- Concept
[INFO ][2015-12-21 17:25:22,554][com.java.TestType] [  440] - The Concept ID  is ---------- 2
[DEBUG][2015-12-21 17:25:22,554][com.java.TestType] [  444] - Steps being executted in the Concept are: 1:2
[INFO ][2015-12-21 17:25:22,554][com.java.TestType] [  451] - Test data details path ---------- D:\BankersDashboard\TestInputs\TestData.xls
[INFO ][2015-12-21 17:25:22,583][com.java.TestType] [  482] -  str(1) = 2
[INFO ][2015-12-21 17:25:22,583][com.java.TestType] [  485] - Test case Id is---2
[INFO ][2015-12-21 17:25:22,583][com.java.TestType] [  487] - 2
[INFO ][2015-12-21 17:25:22,583][com.java.TestType] [  482] -  str(2) = 1
[INFO ][2015-12-21 17:25:22,584][com.java.TestType] [  534] - row values are--------{1=com.java.Objects.TestDataDetails@98985e}
[INFO ][2015-12-21 17:25:22,585][com.java.TestType] [  482] -  str(1) = 2
[INFO ][2015-12-21 17:25:22,585][com.java.TestType] [  485] - Test case Id is---2
[INFO ][2015-12-21 17:25:22,585][com.java.TestType] [  487] - 2
[INFO ][2015-12-21 17:25:22,585][com.java.TestType] [  482] -  str(2) = 2
[INFO ][2015-12-21 17:25:22,585][com.java.TestType] [  534] - row values are--------{1=com.java.Objects.TestDataDetails@98985e, 2=com.java.Objects.TestDataDetails@131d9dc}
[INFO ][2015-12-21 17:25:22,586][com.java.TestType] [  482] -  str(1) = 2
[INFO ][2015-12-21 17:25:22,586][com.java.TestType] [  485] - Test case Id is---2
[INFO ][2015-12-21 17:25:22,586][com.java.TestType] [  487] - 2
[INFO ][2015-12-21 17:25:22,586][com.java.TestType] [  482] -  str(2) = 3
[INFO ][2015-12-21 17:25:22,586][com.java.TestType] [  534] - row values are--------{1=com.java.Objects.TestDataDetails@98985e, 2=com.java.Objects.TestDataDetails@131d9dc, 3=com.java.Objects.TestDataDetails@28f104}
[INFO ][2015-12-21 17:25:22,586][com.java.TestType] [10235] - Looping 1TCID = 2
[DEBUG][2015-12-21 17:25:22,587][com.java.TestType] [10276] - Concept ID:2 :: Step being Executed: 2::1
[INFO ][2015-12-21 17:25:22,587][com.java.TestType] [10314] - dataFields : BNK//select[@id='bank']
[DEBUG][2015-12-21 17:25:22,587][com.java.TestType] [10320] - <In Set values of the page>
[DEBUG][2015-12-21 17:25:22,587][com.java.TestType] [10325] - {Data Fields & Data Values Exist}
[INFO ][2015-12-21 17:25:22,587][com.java.TestType] [10331] - --------------------------setting values-----------------------------
[INFO ][2015-12-21 17:25:22,587][com.java.TestType] [10334] - Action Type : Select
[INFO ][2015-12-21 17:25:22,587][com.java.TestType] [ 5577] - value = PFC
[INFO ][2015-12-21 17:25:22,795][com.java.TestType] [10353] -  RESULT true
[INFO ][2015-12-21 17:25:22,795][com.java.TestType] [10470] - ?   P A S S   ?
[DEBUG][2015-12-21 17:25:22,795][com.java.TestType] [10276] - Concept ID:2 :: Step being Executed: 2::2
[INFO ][2015-12-21 17:25:22,795][com.java.TestType] [10314] - dataFields : LNKLogout
[DEBUG][2015-12-21 17:25:22,795][com.java.TestType] [10320] - <In Set values of the page>
[DEBUG][2015-12-21 17:25:22,795][com.java.TestType] [10325] - {Data Fields & Data Values Exist}
[INFO ][2015-12-21 17:25:22,795][com.java.TestType] [10331] - --------------------------setting values-----------------------------
[INFO ][2015-12-21 17:25:22,795][com.java.TestType] [10334] - Action Type : WaitTime
[DEBUG][2015-12-21 17:25:22,795][com.java.TestType] [ 5397] - sleepTime: 5000
[INFO ][2015-12-21 17:25:27,796][com.java.TestType] [10353] -  RESULT true
[INFO ][2015-12-21 17:25:27,796][com.java.TestType] [10470] - ?   P A S S   ?
[INFO ][2015-12-21 17:25:27,796][com.java.TestType] [10541] - Looping End......
[INFO ][2015-12-21 17:25:27,800][com.java.SeleniumDriver] [  894] -  RESULT true
[INFO ][2015-12-21 17:25:27,800][com.java.SeleniumDriver] [ 1100] - ?   P A S S   ?
[INFO ][2015-12-21 17:25:27,800][com.java.SeleniumDriver] [  821] - ------------------------------------------
[INFO ][2015-12-21 17:25:27,800][com.java.SeleniumDriver] [  822] - Test case being Executed: 26
[INFO ][2015-12-21 17:25:27,800][com.java.SeleniumDriver] [  833] - Test step:4
[INFO ][2015-12-21 17:25:27,800][com.java.SeleniumDriver] [  845] - Datavalue is----------null
[DEBUG][2015-12-21 17:25:27,800][com.java.SeleniumDriver] [  863] - Exception: null
[INFO ][2015-12-21 17:25:27,800][com.java.SeleniumDriver] [  869] - DataField : //span[@class='icon-cog2']&&//a[@data-id="UserSettings"]
[INFO ][2015-12-21 17:25:27,800][com.java.SeleniumDriver] [  871] - DataValue : 
[INFO ][2015-12-21 17:25:27,800][com.java.SeleniumDriver] [  877] - <In Set values of the page>
[INFO ][2015-12-21 17:25:27,800][com.java.SeleniumDriver] [  880] - {Data Fields & Data Values Exist}
[INFO ][2015-12-21 17:25:27,800][com.java.SeleniumDriver] [  882] - --------------------------setting values-----------------------------
[INFO ][2015-12-21 17:25:27,801][com.java.SeleniumDriver] [  885] - Action Type : MOUSEOVER
[INFO ][2015-12-21 17:25:51,225][com.java.SeleniumDriver] [  894] -  RESULT true
[INFO ][2015-12-21 17:25:51,225][com.java.SeleniumDriver] [ 1100] - ?   P A S S   ?
[INFO ][2015-12-21 17:25:51,225][com.java.SeleniumDriver] [  821] - ------------------------------------------
[INFO ][2015-12-21 17:25:51,225][com.java.SeleniumDriver] [  822] - Test case being Executed: 26
[INFO ][2015-12-21 17:25:51,225][com.java.SeleniumDriver] [  833] - Test step:5
[INFO ][2015-12-21 17:25:51,225][com.java.SeleniumDriver] [  845] - Datavalue is----------2
[INFO ][2015-12-21 17:25:51,225][com.java.SeleniumDriver] [  869] - DataField : BTNframeDialogContent
[INFO ][2015-12-21 17:25:51,225][com.java.SeleniumDriver] [  871] - DataValue : 2
[INFO ][2015-12-21 17:25:51,225][com.java.SeleniumDriver] [  877] - <In Set values of the page>
[INFO ][2015-12-21 17:25:51,225][com.java.SeleniumDriver] [  880] - {Data Fields & Data Values Exist}
[INFO ][2015-12-21 17:25:51,225][com.java.SeleniumDriver] [  882] - --------------------------setting values-----------------------------
[INFO ][2015-12-21 17:25:51,225][com.java.SeleniumDriver] [  885] - Action Type : WAITFORELEMENT
[INFO ][2015-12-21 17:25:52,430][com.java.SeleniumDriver] [  894] -  RESULT true
[INFO ][2015-12-21 17:25:52,430][com.java.SeleniumDriver] [ 1100] - ?   P A S S   ?
[INFO ][2015-12-21 17:25:52,430][com.java.SeleniumDriver] [  821] - ------------------------------------------
[INFO ][2015-12-21 17:25:52,430][com.java.SeleniumDriver] [  822] - Test case being Executed: 26
[INFO ][2015-12-21 17:25:52,430][com.java.SeleniumDriver] [  833] - Test step:6
[INFO ][2015-12-21 17:25:52,430][com.java.SeleniumDriver] [  845] - Datavalue is----------User Settings
[INFO ][2015-12-21 17:25:52,431][com.java.SeleniumDriver] [  869] - DataField : XPH//span[@class="ui-dialog-title"]
[INFO ][2015-12-21 17:25:52,431][com.java.SeleniumDriver] [  871] - DataValue : User Settings
[INFO ][2015-12-21 17:25:52,431][com.java.SeleniumDriver] [  877] - <In Set values of the page>
[INFO ][2015-12-21 17:25:52,431][com.java.SeleniumDriver] [  880] - {Data Fields & Data Values Exist}
[INFO ][2015-12-21 17:25:52,431][com.java.SeleniumDriver] [  882] - --------------------------setting values-----------------------------
[INFO ][2015-12-21 17:25:52,431][com.java.SeleniumDriver] [  885] - Action Type : VERIFY
[INFO ][2015-12-21 17:25:52,431][com.java.TestType] [ 6921] - field= XPH//span[@class="ui-dialog-title"] value= User Settings
[INFO ][2015-12-21 17:25:52,431][com.java.TestType] [ 5577] - value = User Settings
[INFO ][2015-12-21 17:25:52,594][com.java.SeleniumDriver] [  894] -  RESULT true
[INFO ][2015-12-21 17:25:52,594][com.java.SeleniumDriver] [ 1100] - ?   P A S S   ?
[INFO ][2015-12-21 17:25:52,594][com.java.SeleniumDriver] [  821] - ------------------------------------------
[INFO ][2015-12-21 17:25:52,594][com.java.SeleniumDriver] [  822] - Test case being Executed: 26
[INFO ][2015-12-21 17:25:52,594][com.java.SeleniumDriver] [  833] - Test step:7
[INFO ][2015-12-21 17:25:52,594][com.java.SeleniumDriver] [  845] - Datavalue is----------null
[DEBUG][2015-12-21 17:25:52,595][com.java.SeleniumDriver] [  863] - Exception: null
[INFO ][2015-12-21 17:25:52,595][com.java.SeleniumDriver] [  869] - DataField : BTNframeDialogContent
[INFO ][2015-12-21 17:25:52,595][com.java.SeleniumDriver] [  871] - DataValue : 
[INFO ][2015-12-21 17:25:52,595][com.java.SeleniumDriver] [  877] - <In Set values of the page>
[INFO ][2015-12-21 17:25:52,595][com.java.SeleniumDriver] [  880] - {Data Fields & Data Values Exist}
[INFO ][2015-12-21 17:25:52,595][com.java.SeleniumDriver] [  882] - --------------------------setting values-----------------------------
[INFO ][2015-12-21 17:25:52,595][com.java.SeleniumDriver] [  885] - Action Type : SELECTFRAME
[INFO ][2015-12-21 17:25:53,851][com.java.SeleniumDriver] [  894] -  RESULT true
[INFO ][2015-12-21 17:25:53,852][com.java.SeleniumDriver] [ 1100] - ?   P A S S   ?
[INFO ][2015-12-21 17:25:53,853][com.java.SeleniumDriver] [  821] - ------------------------------------------
[INFO ][2015-12-21 17:25:53,853][com.java.SeleniumDriver] [  822] - Test case being Executed: 26
[INFO ][2015-12-21 17:25:53,853][com.java.SeleniumDriver] [  833] - Test step:8
[INFO ][2015-12-21 17:25:53,853][com.java.SeleniumDriver] [  845] - Datavalue is----------No
[INFO ][2015-12-21 17:25:53,853][com.java.SeleniumDriver] [  869] - DataField : SLBddlPDFToScreen
[INFO ][2015-12-21 17:25:53,853][com.java.SeleniumDriver] [  871] - DataValue : No
[INFO ][2015-12-21 17:25:53,853][com.java.SeleniumDriver] [  877] - <In Set values of the page>
[INFO ][2015-12-21 17:25:53,853][com.java.SeleniumDriver] [  880] - {Data Fields & Data Values Exist}
[INFO ][2015-12-21 17:25:53,853][com.java.SeleniumDriver] [  882] - --------------------------setting values-----------------------------
[INFO ][2015-12-21 17:25:53,853][com.java.SeleniumDriver] [  885] - Action Type : SELECT
[INFO ][2015-12-21 17:25:53,853][com.java.TestType] [ 5577] - value = No
[INFO ][2015-12-21 17:25:56,106][com.java.SeleniumDriver] [  894] -  RESULT true
[INFO ][2015-12-21 17:25:56,106][com.java.SeleniumDriver] [ 1100] - ?   P A S S   ?
[INFO ][2015-12-21 17:25:56,106][com.java.SeleniumDriver] [  821] - ------------------------------------------
[INFO ][2015-12-21 17:25:56,106][com.java.SeleniumDriver] [  822] - Test case being Executed: 26
[INFO ][2015-12-21 17:25:56,106][com.java.SeleniumDriver] [  833] - Test step:9
[INFO ][2015-12-21 17:25:56,106][com.java.SeleniumDriver] [  845] - Datavalue is----------null
[DEBUG][2015-12-21 17:25:56,107][com.java.SeleniumDriver] [  863] - Exception: null
[INFO ][2015-12-21 17:25:56,107][com.java.SeleniumDriver] [  869] - DataField : BTNparent
[INFO ][2015-12-21 17:25:56,107][com.java.SeleniumDriver] [  871] - DataValue : 
[INFO ][2015-12-21 17:25:56,107][com.java.SeleniumDriver] [  877] - <In Set values of the page>
[INFO ][2015-12-21 17:25:56,107][com.java.SeleniumDriver] [  880] - {Data Fields & Data Values Exist}
[INFO ][2015-12-21 17:25:56,107][com.java.SeleniumDriver] [  882] - --------------------------setting values-----------------------------
[INFO ][2015-12-21 17:25:56,107][com.java.SeleniumDriver] [  885] - Action Type : SELECTFRAME
[INFO ][2015-12-21 17:25:56,122][com.java.SeleniumDriver] [  894] -  RESULT true
[INFO ][2015-12-21 17:25:56,122][com.java.SeleniumDriver] [ 1100] - ?   P A S S   ?
[INFO ][2015-12-21 17:25:56,123][com.java.SeleniumDriver] [  821] - ------------------------------------------
[INFO ][2015-12-21 17:25:56,123][com.java.SeleniumDriver] [  822] - Test case being Executed: 26
[INFO ][2015-12-21 17:25:56,123][com.java.SeleniumDriver] [  833] - Test step:10
[INFO ][2015-12-21 17:25:56,123][com.java.SeleniumDriver] [  845] - Datavalue is----------null
[DEBUG][2015-12-21 17:25:56,123][com.java.SeleniumDriver] [  863] - Exception: null
[INFO ][2015-12-21 17:25:56,123][com.java.SeleniumDriver] [  869] - DataField : XPH//span[@class="ui-button-text" and contains(text(),'Finished')]
[INFO ][2015-12-21 17:25:56,123][com.java.SeleniumDriver] [  871] - DataValue : 
[INFO ][2015-12-21 17:25:56,123][com.java.SeleniumDriver] [  877] - <In Set values of the page>
[INFO ][2015-12-21 17:25:56,123][com.java.SeleniumDriver] [  880] - {Data Fields & Data Values Exist}
[INFO ][2015-12-21 17:25:56,123][com.java.SeleniumDriver] [  882] - --------------------------setting values-----------------------------
[INFO ][2015-12-21 17:25:56,123][com.java.SeleniumDriver] [  885] - Action Type : CLICK
[INFO ][2015-12-21 17:25:56,123][com.java.TestType] [ 5956] - Field ::XPH//span[@class="ui-button-text" and contains(text(),'Finished')]
[INFO ][2015-12-21 17:25:56,123][com.java.TestType] [ 5577] - value = 
[INFO ][2015-12-21 17:25:57,123][com.java.TestType] [ 6093] - BEFORE CLICK
[INFO ][2015-12-21 17:25:58,109][com.java.TestType] [ 6101] - Unable to click the object Finish Button
[INFO ][2015-12-21 17:25:58,109][com.java.SeleniumDriver] [  894] -  RESULT true
[INFO ][2015-12-21 17:25:58,109][com.java.SeleniumDriver] [ 1100] - ?   P A S S   ?
[INFO ][2015-12-21 17:25:58,109][com.java.SeleniumDriver] [  821] - ------------------------------------------
[INFO ][2015-12-21 17:25:58,109][com.java.SeleniumDriver] [  822] - Test case being Executed: 26
[INFO ][2015-12-21 17:25:58,109][com.java.SeleniumDriver] [  833] - Test step:11
[INFO ][2015-12-21 17:25:58,109][com.java.SeleniumDriver] [  845] - Datavalue is----------null
[DEBUG][2015-12-21 17:25:58,109][com.java.SeleniumDriver] [  863] - Exception: null
[INFO ][2015-12-21 17:25:58,109][com.java.SeleniumDriver] [  869] - DataField : BTNcloseAllTabs
[INFO ][2015-12-21 17:25:58,109][com.java.SeleniumDriver] [  871] - DataValue : 
[INFO ][2015-12-21 17:25:58,109][com.java.SeleniumDriver] [  877] - <In Set values of the page>
[INFO ][2015-12-21 17:25:58,109][com.java.SeleniumDriver] [  880] - {Data Fields & Data Values Exist}
[INFO ][2015-12-21 17:25:58,110][com.java.SeleniumDriver] [  882] - --------------------------setting values-----------------------------
[INFO ][2015-12-21 17:25:58,110][com.java.SeleniumDriver] [  885] - Action Type : CLICK
[INFO ][2015-12-21 17:25:58,110][com.java.TestType] [ 5956] - Field ::BTNcloseAllTabs
[INFO ][2015-12-21 17:25:58,110][com.java.TestType] [ 5577] - value = 
[INFO ][2015-12-21 17:25:59,111][com.java.TestType] [ 6072] - BEFORE CLICK
[INFO ][2015-12-21 17:26:00,642][com.java.TestType] [ 6079] - Unable to click the object Close all tabs
[INFO ][2015-12-21 17:26:00,642][com.java.SeleniumDriver] [  894] -  RESULT true
[INFO ][2015-12-21 17:26:00,642][com.java.SeleniumDriver] [ 1100] - ?   P A S S   ?
[INFO ][2015-12-21 17:26:00,642][com.java.SeleniumDriver] [  821] - ------------------------------------------
[INFO ][2015-12-21 17:26:00,642][com.java.SeleniumDriver] [  822] - Test case being Executed: 26
[INFO ][2015-12-21 17:26:00,642][com.java.SeleniumDriver] [  833] - Test step:12
[INFO ][2015-12-21 17:26:00,642][com.java.SeleniumDriver] [  845] - Datavalue is----------5
[INFO ][2015-12-21 17:26:00,642][com.java.SeleniumDriver] [  869] - DataField : XPH//span[@class="icon-coin"]
[INFO ][2015-12-21 17:26:00,642][com.java.SeleniumDriver] [  871] - DataValue : 5
[INFO ][2015-12-21 17:26:00,642][com.java.SeleniumDriver] [  877] - <In Set values of the page>
[INFO ][2015-12-21 17:26:00,642][com.java.SeleniumDriver] [  880] - {Data Fields & Data Values Exist}
[INFO ][2015-12-21 17:26:00,643][com.java.SeleniumDriver] [  882] - --------------------------setting values-----------------------------
[INFO ][2015-12-21 17:26:00,643][com.java.SeleniumDriver] [  885] - Action Type : WAITFORELEMENT
[INFO ][2015-12-21 17:26:00,677][com.java.SeleniumDriver] [  894] -  RESULT true
[INFO ][2015-12-21 17:26:00,677][com.java.SeleniumDriver] [ 1100] - ?   P A S S   ?
[INFO ][2015-12-21 17:26:00,677][com.java.SeleniumDriver] [  821] - ------------------------------------------
[INFO ][2015-12-21 17:26:00,677][com.java.SeleniumDriver] [  822] - Test case being Executed: 26
[INFO ][2015-12-21 17:26:00,677][com.java.SeleniumDriver] [  833] - Test step:13
[INFO ][2015-12-21 17:26:00,678][com.java.SeleniumDriver] [  845] - Datavalue is----------null
[DEBUG][2015-12-21 17:26:00,678][com.java.SeleniumDriver] [  863] - Exception: null
[INFO ][2015-12-21 17:26:00,678][com.java.SeleniumDriver] [  869] - DataField : //span[@class="icon-coin"]&&//a[text()='Balance Sheet']&&//a[@data-id="BSCompare"]
[INFO ][2015-12-21 17:26:00,678][com.java.SeleniumDriver] [  871] - DataValue : 
[INFO ][2015-12-21 17:26:00,678][com.java.SeleniumDriver] [  877] - <In Set values of the page>
[INFO ][2015-12-21 17:26:00,678][com.java.SeleniumDriver] [  880] - {Data Fields & Data Values Exist}
[INFO ][2015-12-21 17:26:00,678][com.java.SeleniumDriver] [  882] - --------------------------setting values-----------------------------
[INFO ][2015-12-21 17:26:00,679][com.java.SeleniumDriver] [  885] - Action Type : MOUSEOVER
[INFO ][2015-12-21 17:26:28,250][com.java.SeleniumDriver] [  894] -  RESULT true
[INFO ][2015-12-21 17:26:28,250][com.java.SeleniumDriver] [ 1100] - ?   P A S S   ?
[INFO ][2015-12-21 17:26:28,250][com.java.SeleniumDriver] [  821] - ------------------------------------------
[INFO ][2015-12-21 17:26:28,250][com.java.SeleniumDriver] [  822] - Test case being Executed: 26
[INFO ][2015-12-21 17:26:28,250][com.java.SeleniumDriver] [  833] - Test step:14
[INFO ][2015-12-21 17:26:28,250][com.java.SeleniumDriver] [  845] - Datavalue is----------4
[INFO ][2015-12-21 17:26:28,250][com.java.SeleniumDriver] [  869] - DataField : XPH//span[contains(text(),'Show Report')]
[INFO ][2015-12-21 17:26:28,250][com.java.SeleniumDriver] [  871] - DataValue : 4
[INFO ][2015-12-21 17:26:28,250][com.java.SeleniumDriver] [  877] - <In Set values of the page>
[INFO ][2015-12-21 17:26:28,250][com.java.SeleniumDriver] [  880] - {Data Fields & Data Values Exist}
[INFO ][2015-12-21 17:26:28,250][com.java.SeleniumDriver] [  882] - --------------------------setting values-----------------------------
[INFO ][2015-12-21 17:26:28,250][com.java.SeleniumDriver] [  885] - Action Type : WAITFORELEMENT
[INFO ][2015-12-21 17:26:28,286][com.java.SeleniumDriver] [  894] -  RESULT true
[INFO ][2015-12-21 17:26:28,286][com.java.SeleniumDriver] [ 1100] - ?   P A S S   ?
[INFO ][2015-12-21 17:26:28,286][com.java.SeleniumDriver] [  821] - ------------------------------------------
[INFO ][2015-12-21 17:26:28,286][com.java.SeleniumDriver] [  822] - Test case being Executed: 26
[INFO ][2015-12-21 17:26:28,286][com.java.SeleniumDriver] [  833] - Test step:15
[INFO ][2015-12-21 17:26:28,287][com.java.SeleniumDriver] [  845] - Datavalue is----------2
[INFO ][2015-12-21 17:26:28,287][com.java.SeleniumDriver] [  869] - DataField : BTNframeDialogContent
[INFO ][2015-12-21 17:26:28,287][com.java.SeleniumDriver] [  871] - DataValue : 2
[INFO ][2015-12-21 17:26:28,287][com.java.SeleniumDriver] [  877] - <In Set values of the page>
[INFO ][2015-12-21 17:26:28,287][com.java.SeleniumDriver] [  880] - {Data Fields & Data Values Exist}
[INFO ][2015-12-21 17:26:28,288][com.java.SeleniumDriver] [  882] - --------------------------setting values-----------------------------
[INFO ][2015-12-21 17:26:28,288][com.java.SeleniumDriver] [  885] - Action Type : WAITFORELEMENT
[INFO ][2015-12-21 17:26:29,501][com.java.SeleniumDriver] [  894] -  RESULT true
[INFO ][2015-12-21 17:26:29,501][com.java.SeleniumDriver] [ 1100] - ?   P A S S   ?
[INFO ][2015-12-21 17:26:29,501][com.java.SeleniumDriver] [  821] - ------------------------------------------
[INFO ][2015-12-21 17:26:29,501][com.java.SeleniumDriver] [  822] - Test case being Executed: 26
[INFO ][2015-12-21 17:26:29,501][com.java.SeleniumDriver] [  833] - Test step:16
[INFO ][2015-12-21 17:26:29,501][com.java.SeleniumDriver] [  845] - Datavalue is----------dt:BSCompare
[INFO ][2015-12-21 17:26:29,501][com.java.SeleniumDriver] [  869] - DataField : XPH//span[@class="ui-dialog-title"]
[INFO ][2015-12-21 17:26:29,502][com.java.SeleniumDriver] [  871] - DataValue : dt:BSCompare
[INFO ][2015-12-21 17:26:29,502][com.java.SeleniumDriver] [  877] - <In Set values of the page>
[INFO ][2015-12-21 17:26:29,502][com.java.SeleniumDriver] [  880] - {Data Fields & Data Values Exist}
[INFO ][2015-12-21 17:26:29,502][com.java.SeleniumDriver] [  882] - --------------------------setting values-----------------------------
[INFO ][2015-12-21 17:26:29,502][com.java.SeleniumDriver] [  885] - Action Type : VERIFY
[INFO ][2015-12-21 17:26:29,502][com.java.TestType] [ 6921] - field= XPH//span[@class="ui-dialog-title"] value= dt:BSCompare
[INFO ][2015-12-21 17:26:29,502][com.java.TestType] [ 5577] - value = Balance Sheet Compare
[INFO ][2015-12-21 17:26:29,674][com.java.SeleniumDriver] [  894] -  RESULT true
[INFO ][2015-12-21 17:26:29,674][com.java.SeleniumDriver] [ 1100] - ?   P A S S   ?
[INFO ][2015-12-21 17:26:29,674][com.java.SeleniumDriver] [  821] - ------------------------------------------
[INFO ][2015-12-21 17:26:29,674][com.java.SeleniumDriver] [  822] - Test case being Executed: 26
[INFO ][2015-12-21 17:26:29,674][com.java.SeleniumDriver] [  833] - Test step:17
[INFO ][2015-12-21 17:26:29,674][com.java.SeleniumDriver] [  845] - Datavalue is----------null
[DEBUG][2015-12-21 17:26:29,676][com.java.SeleniumDriver] [  863] - Exception: null
[INFO ][2015-12-21 17:26:29,676][com.java.SeleniumDriver] [  869] - DataField : BTNframeDialogContent
[INFO ][2015-12-21 17:26:29,676][com.java.SeleniumDriver] [  871] - DataValue : 
[INFO ][2015-12-21 17:26:29,676][com.java.SeleniumDriver] [  877] - <In Set values of the page>
[INFO ][2015-12-21 17:26:29,676][com.java.SeleniumDriver] [  880] - {Data Fields & Data Values Exist}
[INFO ][2015-12-21 17:26:29,676][com.java.SeleniumDriver] [  882] - --------------------------setting values-----------------------------
[INFO ][2015-12-21 17:26:29,676][com.java.SeleniumDriver] [  885] - Action Type : SELECTFRAME
[INFO ][2015-12-21 17:26:30,935][com.java.SeleniumDriver] [  894] -  RESULT true
[INFO ][2015-12-21 17:26:30,936][com.java.SeleniumDriver] [ 1100] - ?   P A S S   ?
[INFO ][2015-12-21 17:26:30,936][com.java.SeleniumDriver] [  821] - ------------------------------------------
[INFO ][2015-12-21 17:26:30,936][com.java.SeleniumDriver] [  822] - Test case being Executed: 26
[INFO ][2015-12-21 17:26:30,936][com.java.SeleniumDriver] [  833] - Test step:18
[INFO ][2015-12-21 17:26:30,936][com.java.SeleniumDriver] [  845] - Datavalue is----------4
[INFO ][2015-12-21 17:26:30,936][com.java.SeleniumDriver] [  869] - DataField : BTNcbExpandCenters
[INFO ][2015-12-21 17:26:30,936][com.java.SeleniumDriver] [  871] - DataValue : 4
[INFO ][2015-12-21 17:26:30,936][com.java.SeleniumDriver] [  877] - <In Set values of the page>
[INFO ][2015-12-21 17:26:30,936][com.java.SeleniumDriver] [  880] - {Data Fields & Data Values Exist}
[INFO ][2015-12-21 17:26:30,936][com.java.SeleniumDriver] [  882] - --------------------------setting values-----------------------------
[INFO ][2015-12-21 17:26:30,936][com.java.SeleniumDriver] [  885] - Action Type : WAITFORELEMENT
[INFO ][2015-12-21 17:26:31,978][com.java.SeleniumDriver] [  894] -  RESULT true
[INFO ][2015-12-21 17:26:31,978][com.java.SeleniumDriver] [ 1100] - ?   P A S S   ?
[INFO ][2015-12-21 17:26:31,978][com.java.SeleniumDriver] [  821] - ------------------------------------------
[INFO ][2015-12-21 17:26:31,978][com.java.SeleniumDriver] [  822] - Test case being Executed: 26
[INFO ][2015-12-21 17:26:31,978][com.java.SeleniumDriver] [  833] - Test step:19
[INFO ][2015-12-21 17:26:31,978][com.java.SeleniumDriver] [  845] - Datavalue is----------index:1
[INFO ][2015-12-21 17:26:31,978][com.java.SeleniumDriver] [  869] - DataField : COBddlView
[INFO ][2015-12-21 17:26:31,978][com.java.SeleniumDriver] [  871] - DataValue : index:1
[INFO ][2015-12-21 17:26:31,978][com.java.SeleniumDriver] [  877] - <In Set values of the page>
[INFO ][2015-12-21 17:26:31,979][com.java.SeleniumDriver] [  880] - {Data Fields & Data Values Exist}
[INFO ][2015-12-21 17:26:31,979][com.java.SeleniumDriver] [  882] - --------------------------setting values-----------------------------
[INFO ][2015-12-21 17:26:31,979][com.java.SeleniumDriver] [  885] - Action Type : SELECT
[INFO ][2015-12-21 17:26:31,979][com.java.TestType] [ 5577] - value = 1
[INFO ][2015-12-21 17:26:33,074][com.java.TestType] [ 5695] -  In COB ddlView : 1
[INFO ][2015-12-21 17:26:33,237][com.java.SeleniumDriver] [  894] -  RESULT true
[INFO ][2015-12-21 17:26:33,237][com.java.SeleniumDriver] [ 1100] - ?   P A S S   ?
[INFO ][2015-12-21 17:26:33,237][com.java.SeleniumDriver] [  821] - ------------------------------------------
[INFO ][2015-12-21 17:26:33,237][com.java.SeleniumDriver] [  822] - Test case being Executed: 26
[INFO ][2015-12-21 17:26:33,237][com.java.SeleniumDriver] [  833] - Test step:20
[INFO ][2015-12-21 17:26:33,237][com.java.SeleniumDriver] [  845] - Datavalue is----------index:0
[INFO ][2015-12-21 17:26:33,238][com.java.SeleniumDriver] [  869] - DataField : COBddlProfitCenter
[INFO ][2015-12-21 17:26:33,238][com.java.SeleniumDriver] [  871] - DataValue : index:0
[INFO ][2015-12-21 17:26:33,238][com.java.SeleniumDriver] [  877] - <In Set values of the page>
[INFO ][2015-12-21 17:26:33,238][com.java.SeleniumDriver] [  880] - {Data Fields & Data Values Exist}
[INFO ][2015-12-21 17:26:33,238][com.java.SeleniumDriver] [  882] - --------------------------setting values-----------------------------
[INFO ][2015-12-21 17:26:33,238][com.java.SeleniumDriver] [  885] - Action Type : SELECT
[INFO ][2015-12-21 17:26:33,238][com.java.TestType] [ 5577] - value = 0
[INFO ][2015-12-21 17:26:34,374][com.java.TestType] [ 5695] -  In COB ddlProfitCenter : 0
[INFO ][2015-12-21 17:26:34,451][com.java.SeleniumDriver] [  894] -  RESULT true
[INFO ][2015-12-21 17:26:34,452][com.java.SeleniumDriver] [ 1100] - ?   P A S S   ?
[INFO ][2015-12-21 17:26:34,452][com.java.SeleniumDriver] [  821] - ------------------------------------------
[INFO ][2015-12-21 17:26:34,452][com.java.SeleniumDriver] [  822] - Test case being Executed: 26
[INFO ][2015-12-21 17:26:34,452][com.java.SeleniumDriver] [  833] - Test step:21
[INFO ][2015-12-21 17:26:34,452][com.java.SeleniumDriver] [  845] - Datavalue is----------null
[DEBUG][2015-12-21 17:26:34,452][com.java.SeleniumDriver] [  863] - Exception: null
[INFO ][2015-12-21 17:26:34,452][com.java.SeleniumDriver] [  869] - DataField : HDNcbExpandCenters
[INFO ][2015-12-21 17:26:34,452][com.java.SeleniumDriver] [  871] - DataValue : 
[INFO ][2015-12-21 17:26:34,452][com.java.SeleniumDriver] [  877] - <In Set values of the page>
[INFO ][2015-12-21 17:26:34,452][com.java.SeleniumDriver] [  880] - {Data Fields & Data Values Exist}
[INFO ][2015-12-21 17:26:34,452][com.java.SeleniumDriver] [  882] - --------------------------setting values-----------------------------
[INFO ][2015-12-21 17:26:34,452][com.java.SeleniumDriver] [  885] - Action Type : CLICK
[INFO ][2015-12-21 17:26:34,452][com.java.TestType] [ 5956] - Field ::HDNcbExpandCenters
[INFO ][2015-12-21 17:26:34,453][com.java.TestType] [ 5577] - value = 
[INFO ][2015-12-21 17:26:36,525][com.java.SeleniumDriver] [  894] -  RESULT true
[INFO ][2015-12-21 17:26:36,525][com.java.SeleniumDriver] [ 1100] - ?   P A S S   ?
[INFO ][2015-12-21 17:26:36,525][com.java.SeleniumDriver] [  821] - ------------------------------------------
[INFO ][2015-12-21 17:26:36,525][com.java.SeleniumDriver] [  822] - Test case being Executed: 26
[INFO ][2015-12-21 17:26:36,525][com.java.SeleniumDriver] [  833] - Test step:22
[INFO ][2015-12-21 17:26:36,525][com.java.SeleniumDriver] [  845] - Datavalue is----------null
[DEBUG][2015-12-21 17:26:36,525][com.java.SeleniumDriver] [  863] - Exception: null
[INFO ][2015-12-21 17:26:36,525][com.java.SeleniumDriver] [  869] - DataField : BTNparent
[INFO ][2015-12-21 17:26:36,525][com.java.SeleniumDriver] [  871] - DataValue : 
[INFO ][2015-12-21 17:26:36,525][com.java.SeleniumDriver] [  877] - <In Set values of the page>
[INFO ][2015-12-21 17:26:36,526][com.java.SeleniumDriver] [  880] - {Data Fields & Data Values Exist}
[INFO ][2015-12-21 17:26:36,526][com.java.SeleniumDriver] [  882] - --------------------------setting values-----------------------------
[INFO ][2015-12-21 17:26:36,526][com.java.SeleniumDriver] [  885] - Action Type : SELECTFRAME
[INFO ][2015-12-21 17:26:36,541][com.java.SeleniumDriver] [  894] -  RESULT true
[INFO ][2015-12-21 17:26:36,541][com.java.SeleniumDriver] [ 1100] - ?   P A S S   ?
[INFO ][2015-12-21 17:26:36,541][com.java.SeleniumDriver] [  821] - ------------------------------------------
[INFO ][2015-12-21 17:26:36,541][com.java.SeleniumDriver] [  822] - Test case being Executed: 26
[INFO ][2015-12-21 17:26:36,541][com.java.SeleniumDriver] [  833] - Test step:23
[INFO ][2015-12-21 17:26:36,541][com.java.SeleniumDriver] [  845] - Datavalue is----------null
[DEBUG][2015-12-21 17:26:36,541][com.java.SeleniumDriver] [  863] - Exception: null
[INFO ][2015-12-21 17:26:36,541][com.java.SeleniumDriver] [  869] - DataField : XPH//span[contains(text(),'Show Report')]
[INFO ][2015-12-21 17:26:36,541][com.java.SeleniumDriver] [  871] - DataValue : 
[INFO ][2015-12-21 17:26:36,542][com.java.SeleniumDriver] [  877] - <In Set values of the page>
[INFO ][2015-12-21 17:26:36,542][com.java.SeleniumDriver] [  880] - {Data Fields & Data Values Exist}
[INFO ][2015-12-21 17:26:36,542][com.java.SeleniumDriver] [  882] - --------------------------setting values-----------------------------
[INFO ][2015-12-21 17:26:36,542][com.java.SeleniumDriver] [  885] - Action Type : CLICK
[INFO ][2015-12-21 17:26:36,542][com.java.TestType] [ 5956] - Field ::XPH//span[contains(text(),'Show Report')]
[INFO ][2015-12-21 17:26:36,542][com.java.TestType] [ 5577] - value = 
[INFO ][2015-12-21 17:26:37,542][com.java.TestType] [ 6093] - BEFORE CLICK
[INFO ][2015-12-21 17:26:38,731][com.java.TestType] [ 6101] - Unable to click the object Show Report button
[INFO ][2015-12-21 17:26:38,731][com.java.SeleniumDriver] [  894] -  RESULT true
[INFO ][2015-12-21 17:26:38,731][com.java.SeleniumDriver] [ 1100] - ?   P A S S   ?
[INFO ][2015-12-21 17:26:38,731][com.java.SeleniumDriver] [  821] - ------------------------------------------
[INFO ][2015-12-21 17:26:38,731][com.java.SeleniumDriver] [  822] - Test case being Executed: 26
[INFO ][2015-12-21 17:26:38,731][com.java.SeleniumDriver] [  833] - Test step:24
[INFO ][2015-12-21 17:26:38,731][com.java.SeleniumDriver] [  845] - Datavalue is----------3
[INFO ][2015-12-21 17:26:38,731][com.java.SeleniumDriver] [  869] - DataField : XPH//img[@id='loading']
[INFO ][2015-12-21 17:26:38,731][com.java.SeleniumDriver] [  871] - DataValue : 3
[INFO ][2015-12-21 17:26:38,731][com.java.SeleniumDriver] [  877] - <In Set values of the page>
[INFO ][2015-12-21 17:26:38,731][com.java.SeleniumDriver] [  880] - {Data Fields & Data Values Exist}
[INFO ][2015-12-21 17:26:38,731][com.java.SeleniumDriver] [  882] - --------------------------setting values-----------------------------
[INFO ][2015-12-21 17:26:38,732][com.java.SeleniumDriver] [  885] - Action Type : WaitForElement
[INFO ][2015-12-21 17:26:38,767][com.java.SeleniumDriver] [  894] -  RESULT true
[INFO ][2015-12-21 17:26:38,767][com.java.SeleniumDriver] [ 1100] - ?   P A S S   ?
[INFO ][2015-12-21 17:26:38,767][com.java.SeleniumDriver] [  821] - ------------------------------------------
[INFO ][2015-12-21 17:26:38,767][com.java.SeleniumDriver] [  822] - Test case being Executed: 26
[INFO ][2015-12-21 17:26:38,767][com.java.SeleniumDriver] [  833] - Test step:25
[INFO ][2015-12-21 17:26:38,767][com.java.SeleniumDriver] [  845] - Datavalue is----------90
[INFO ][2015-12-21 17:26:38,767][com.java.SeleniumDriver] [  869] - DataField : XPH//img[@id='loading']
[INFO ][2015-12-21 17:26:38,767][com.java.SeleniumDriver] [  871] - DataValue : 90
[INFO ][2015-12-21 17:26:38,767][com.java.SeleniumDriver] [  877] - <In Set values of the page>
[INFO ][2015-12-21 17:26:38,767][com.java.SeleniumDriver] [  880] - {Data Fields & Data Values Exist}
[INFO ][2015-12-21 17:26:38,768][com.java.SeleniumDriver] [  882] - --------------------------setting values-----------------------------
[INFO ][2015-12-21 17:26:38,768][com.java.SeleniumDriver] [  885] - Action Type : waitForElementNotPresent
[INFO ][2015-12-21 17:26:39,932][com.java.SeleniumDriver] [  894] -  RESULT true
[INFO ][2015-12-21 17:26:39,932][com.java.SeleniumDriver] [ 1100] - ?   P A S S   ?
[INFO ][2015-12-21 17:26:39,932][com.java.SeleniumDriver] [  821] - ------------------------------------------
[INFO ][2015-12-21 17:26:39,932][com.java.SeleniumDriver] [  822] - Test case being Executed: 26
[INFO ][2015-12-21 17:26:39,932][com.java.SeleniumDriver] [  833] - Test step:26
[INFO ][2015-12-21 17:26:39,933][com.java.SeleniumDriver] [  845] - Datavalue is----------dt:BSCompare
[INFO ][2015-12-21 17:26:39,933][com.java.SeleniumDriver] [  869] - DataField : XPH//td[@class="ReportTitle"]
[INFO ][2015-12-21 17:26:39,933][com.java.SeleniumDriver] [  871] - DataValue : dt:BSCompare
[INFO ][2015-12-21 17:26:39,933][com.java.SeleniumDriver] [  877] - <In Set values of the page>
[INFO ][2015-12-21 17:26:39,933][com.java.SeleniumDriver] [  880] - {Data Fields & Data Values Exist}
[INFO ][2015-12-21 17:26:39,933][com.java.SeleniumDriver] [  882] - --------------------------setting values-----------------------------
[INFO ][2015-12-21 17:26:39,933][com.java.SeleniumDriver] [  885] - Action Type : VERIFY
[INFO ][2015-12-21 17:26:39,933][com.java.TestType] [ 6921] - field= XPH//td[@class="ReportTitle"] value= dt:BSCompare
[INFO ][2015-12-21 17:26:39,933][com.java.TestType] [ 5577] - value = Balance Sheet Compare
[INFO ][2015-12-21 17:26:40,106][com.java.SeleniumDriver] [  894] -  RESULT true
[INFO ][2015-12-21 17:26:40,106][com.java.SeleniumDriver] [ 1100] - ?   P A S S   ?
[INFO ][2015-12-21 17:26:40,106][com.java.SeleniumDriver] [  821] - ------------------------------------------
[INFO ][2015-12-21 17:26:40,106][com.java.SeleniumDriver] [  822] - Test case being Executed: 26
[INFO ][2015-12-21 17:26:40,106][com.java.SeleniumDriver] [  833] - Test step:27
[INFO ][2015-12-21 17:26:40,106][com.java.SeleniumDriver] [  845] - Datavalue is----------null
[DEBUG][2015-12-21 17:26:40,106][com.java.SeleniumDriver] [  863] - Exception: null
[INFO ][2015-12-21 17:26:40,106][com.java.SeleniumDriver] [  869] - DataField : HDN//div[@class="menu"]//span[@class="icon-file-pdf"]
[INFO ][2015-12-21 17:26:40,106][com.java.SeleniumDriver] [  871] - DataValue : 
[INFO ][2015-12-21 17:26:40,107][com.java.SeleniumDriver] [  877] - <In Set values of the page>
[INFO ][2015-12-21 17:26:40,107][com.java.SeleniumDriver] [  880] - {Data Fields & Data Values Exist}
[INFO ][2015-12-21 17:26:40,107][com.java.SeleniumDriver] [  882] - --------------------------setting values-----------------------------
[INFO ][2015-12-21 17:26:40,107][com.java.SeleniumDriver] [  885] - Action Type : CLICK
[INFO ][2015-12-21 17:26:40,107][com.java.TestType] [ 5956] - Field ::HDN//div[@class="menu"]//span[@class="icon-file-pdf"]
[INFO ][2015-12-21 17:26:40,107][com.java.TestType] [ 5577] - value = 
[INFO ][2015-12-21 17:26:41,563][com.java.SeleniumDriver] [  894] -  RESULT true
[INFO ][2015-12-21 17:26:41,563][com.java.SeleniumDriver] [ 1100] - ?   P A S S   ?
[INFO ][2015-12-21 17:26:41,563][com.java.SeleniumDriver] [  821] - ------------------------------------------
[INFO ][2015-12-21 17:26:41,563][com.java.SeleniumDriver] [  822] - Test case being Executed: 26
[INFO ][2015-12-21 17:26:41,563][com.java.SeleniumDriver] [  833] - Test step:28
[INFO ][2015-12-21 17:26:41,563][com.java.SeleniumDriver] [  845] - Datavalue is----------3
[INFO ][2015-12-21 17:26:41,563][com.java.SeleniumDriver] [  869] - DataField : XPH//img[@id='loading']
[INFO ][2015-12-21 17:26:41,564][com.java.SeleniumDriver] [  871] - DataValue : 3
[INFO ][2015-12-21 17:26:41,564][com.java.SeleniumDriver] [  877] - <In Set values of the page>
[INFO ][2015-12-21 17:26:41,564][com.java.SeleniumDriver] [  880] - {Data Fields & Data Values Exist}
[INFO ][2015-12-21 17:26:41,564][com.java.SeleniumDriver] [  882] - --------------------------setting values-----------------------------
[INFO ][2015-12-21 17:26:41,564][com.java.SeleniumDriver] [  885] - Action Type : WaitForElement
[INFO ][2015-12-21 17:26:41,610][com.java.SeleniumDriver] [  894] -  RESULT true
[INFO ][2015-12-21 17:26:41,610][com.java.SeleniumDriver] [ 1100] - ?   P A S S   ?
[INFO ][2015-12-21 17:26:41,610][com.java.SeleniumDriver] [  821] - ------------------------------------------
[INFO ][2015-12-21 17:26:41,610][com.java.SeleniumDriver] [  822] - Test case being Executed: 26
[INFO ][2015-12-21 17:26:41,610][com.java.SeleniumDriver] [  833] - Test step:29
[INFO ][2015-12-21 17:26:41,610][com.java.SeleniumDriver] [  845] - Datavalue is----------90
[INFO ][2015-12-21 17:26:41,610][com.java.SeleniumDriver] [  869] - DataField : XPH//img[@id='loading']
[INFO ][2015-12-21 17:26:41,610][com.java.SeleniumDriver] [  871] - DataValue : 90
[INFO ][2015-12-21 17:26:41,610][com.java.SeleniumDriver] [  877] - <In Set values of the page>
[INFO ][2015-12-21 17:26:41,611][com.java.SeleniumDriver] [  880] - {Data Fields & Data Values Exist}
[INFO ][2015-12-21 17:26:41,611][com.java.SeleniumDriver] [  882] - --------------------------setting values-----------------------------
[INFO ][2015-12-21 17:26:41,611][com.java.SeleniumDriver] [  885] - Action Type : waitForElementNotPresent
[INFO ][2015-12-21 17:26:46,099][com.java.SeleniumDriver] [  894] -  RESULT true
[INFO ][2015-12-21 17:26:46,099][com.java.SeleniumDriver] [ 1100] - ?   P A S S   ?
[INFO ][2015-12-21 17:26:46,099][com.java.SeleniumDriver] [  821] - ------------------------------------------
[INFO ][2015-12-21 17:26:46,099][com.java.SeleniumDriver] [  822] - Test case being Executed: 26
[INFO ][2015-12-21 17:26:46,099][com.java.SeleniumDriver] [  833] - Test step:30
[INFO ][2015-12-21 17:26:46,099][com.java.SeleniumDriver] [  845] - Datavalue is----------dt:BSCompare
[INFO ][2015-12-21 17:26:46,099][com.java.SeleniumDriver] [  869] - DataField : XPH//td[@class="ReportTitle"]
[INFO ][2015-12-21 17:26:46,099][com.java.SeleniumDriver] [  871] - DataValue : dt:BSCompare
[INFO ][2015-12-21 17:26:46,099][com.java.SeleniumDriver] [  877] - <In Set values of the page>
[INFO ][2015-12-21 17:26:46,100][com.java.SeleniumDriver] [  880] - {Data Fields & Data Values Exist}
[INFO ][2015-12-21 17:26:46,100][com.java.SeleniumDriver] [  882] - --------------------------setting values-----------------------------
[INFO ][2015-12-21 17:26:46,100][com.java.SeleniumDriver] [  885] - Action Type : VERIFY
[INFO ][2015-12-21 17:26:46,100][com.java.TestType] [ 6921] - field= XPH//td[@class="ReportTitle"] value= dt:BSCompare
[INFO ][2015-12-21 17:26:46,100][com.java.TestType] [ 5577] - value = Balance Sheet Compare
[INFO ][2015-12-21 17:26:46,267][com.java.SeleniumDriver] [  894] -  RESULT true
[INFO ][2015-12-21 17:26:46,267][com.java.SeleniumDriver] [ 1100] - ?   P A S S   ?
[INFO ][2015-12-21 17:26:46,267][com.java.SeleniumDriver] [  821] - ------------------------------------------
[INFO ][2015-12-21 17:26:46,267][com.java.SeleniumDriver] [  822] - Test case being Executed: 26
[INFO ][2015-12-21 17:26:46,267][com.java.SeleniumDriver] [  833] - Test step:31
[INFO ][2015-12-21 17:26:46,267][com.java.SeleniumDriver] [  845] - Datavalue is----------null
[DEBUG][2015-12-21 17:26:46,267][com.java.SeleniumDriver] [  863] - Exception: null
[INFO ][2015-12-21 17:26:46,267][com.java.SeleniumDriver] [  869] - DataField : //span[@class='icon-cog2']&&//a[@data-id="UserSettings"]
[INFO ][2015-12-21 17:26:46,267][com.java.SeleniumDriver] [  871] - DataValue : 
[INFO ][2015-12-21 17:26:46,267][com.java.SeleniumDriver] [  877] - <In Set values of the page>
[INFO ][2015-12-21 17:26:46,267][com.java.SeleniumDriver] [  880] - {Data Fields & Data Values Exist}
[INFO ][2015-12-21 17:26:46,268][com.java.SeleniumDriver] [  882] - --------------------------setting values-----------------------------
[INFO ][2015-12-21 17:26:46,268][com.java.SeleniumDriver] [  885] - Action Type : MOUSEOVER
[INFO ][2015-12-21 17:27:09,702][com.java.SeleniumDriver] [  894] -  RESULT true
[INFO ][2015-12-21 17:27:09,702][com.java.SeleniumDriver] [ 1100] - ?   P A S S   ?
[INFO ][2015-12-21 17:27:09,702][com.java.SeleniumDriver] [  821] - ------------------------------------------
[INFO ][2015-12-21 17:27:09,702][com.java.SeleniumDriver] [  822] - Test case being Executed: 26
[INFO ][2015-12-21 17:27:09,702][com.java.SeleniumDriver] [  833] - Test step:32
[INFO ][2015-12-21 17:27:09,702][com.java.SeleniumDriver] [  845] - Datavalue is----------2
[INFO ][2015-12-21 17:27:09,702][com.java.SeleniumDriver] [  869] - DataField : BTNframeDialogContent
[INFO ][2015-12-21 17:27:09,702][com.java.SeleniumDriver] [  871] - DataValue : 2
[INFO ][2015-12-21 17:27:09,702][com.java.SeleniumDriver] [  877] - <In Set values of the page>
[INFO ][2015-12-21 17:27:09,702][com.java.SeleniumDriver] [  880] - {Data Fields & Data Values Exist}
[INFO ][2015-12-21 17:27:09,702][com.java.SeleniumDriver] [  882] - --------------------------setting values-----------------------------
[INFO ][2015-12-21 17:27:09,702][com.java.SeleniumDriver] [  885] - Action Type : WAITFORELEMENT
[INFO ][2015-12-21 17:27:10,926][com.java.SeleniumDriver] [  894] -  RESULT true
[INFO ][2015-12-21 17:27:10,926][com.java.SeleniumDriver] [ 1100] - ?   P A S S   ?
[INFO ][2015-12-21 17:27:10,927][com.java.SeleniumDriver] [  821] - ------------------------------------------
[INFO ][2015-12-21 17:27:10,927][com.java.SeleniumDriver] [  822] - Test case being Executed: 26
[INFO ][2015-12-21 17:27:10,927][com.java.SeleniumDriver] [  833] - Test step:33
[INFO ][2015-12-21 17:27:10,927][com.java.SeleniumDriver] [  845] - Datavalue is----------User Settings
[INFO ][2015-12-21 17:27:10,927][com.java.SeleniumDriver] [  869] - DataField : XPH//span[@class="ui-dialog-title"]
[INFO ][2015-12-21 17:27:10,927][com.java.SeleniumDriver] [  871] - DataValue : User Settings
[INFO ][2015-12-21 17:27:10,927][com.java.SeleniumDriver] [  877] - <In Set values of the page>
[INFO ][2015-12-21 17:27:10,927][com.java.SeleniumDriver] [  880] - {Data Fields & Data Values Exist}
[INFO ][2015-12-21 17:27:10,927][com.java.SeleniumDriver] [  882] - --------------------------setting values-----------------------------
[INFO ][2015-12-21 17:27:10,927][com.java.SeleniumDriver] [  885] - Action Type : VERIFY
[INFO ][2015-12-21 17:27:10,927][com.java.TestType] [ 6921] - field= XPH//span[@class="ui-dialog-title"] value= User Settings
[INFO ][2015-12-21 17:27:10,927][com.java.TestType] [ 5577] - value = User Settings
[INFO ][2015-12-21 17:27:11,075][com.java.SeleniumDriver] [  894] -  RESULT true
[INFO ][2015-12-21 17:27:11,075][com.java.SeleniumDriver] [ 1100] - ?   P A S S   ?
[INFO ][2015-12-21 17:27:11,075][com.java.SeleniumDriver] [  821] - ------------------------------------------
[INFO ][2015-12-21 17:27:11,075][com.java.SeleniumDriver] [  822] - Test case being Executed: 26
[INFO ][2015-12-21 17:27:11,075][com.java.SeleniumDriver] [  833] - Test step:34
[INFO ][2015-12-21 17:27:11,075][com.java.SeleniumDriver] [  845] - Datavalue is----------null
[DEBUG][2015-12-21 17:27:11,076][com.java.SeleniumDriver] [  863] - Exception: null
[INFO ][2015-12-21 17:27:11,076][com.java.SeleniumDriver] [  869] - DataField : BTNframeDialogContent
[INFO ][2015-12-21 17:27:11,076][com.java.SeleniumDriver] [  871] - DataValue : 
[INFO ][2015-12-21 17:27:11,076][com.java.SeleniumDriver] [  877] - <In Set values of the page>
[INFO ][2015-12-21 17:27:11,076][com.java.SeleniumDriver] [  880] - {Data Fields & Data Values Exist}
[INFO ][2015-12-21 17:27:11,076][com.java.SeleniumDriver] [  882] - --------------------------setting values-----------------------------
[INFO ][2015-12-21 17:27:11,076][com.java.SeleniumDriver] [  885] - Action Type : SELECTFRAME
[INFO ][2015-12-21 17:27:12,316][com.java.SeleniumDriver] [  894] -  RESULT true
[INFO ][2015-12-21 17:27:12,317][com.java.SeleniumDriver] [ 1100] - ?   P A S S   ?
[INFO ][2015-12-21 17:27:12,317][com.java.SeleniumDriver] [  821] - ------------------------------------------
[INFO ][2015-12-21 17:27:12,317][com.java.SeleniumDriver] [  822] - Test case being Executed: 26
[INFO ][2015-12-21 17:27:12,317][com.java.SeleniumDriver] [  833] - Test step:35
[INFO ][2015-12-21 17:27:12,317][com.java.SeleniumDriver] [  845] - Datavalue is----------Yes
[INFO ][2015-12-21 17:27:12,317][com.java.SeleniumDriver] [  869] - DataField : SLBddlPDFToScreen
[INFO ][2015-12-21 17:27:12,317][com.java.SeleniumDriver] [  871] - DataValue : Yes
[INFO ][2015-12-21 17:27:12,317][com.java.SeleniumDriver] [  877] - <In Set values of the page>
[INFO ][2015-12-21 17:27:12,317][com.java.SeleniumDriver] [  880] - {Data Fields & Data Values Exist}
[INFO ][2015-12-21 17:27:12,317][com.java.SeleniumDriver] [  882] - --------------------------setting values-----------------------------
[INFO ][2015-12-21 17:27:12,317][com.java.SeleniumDriver] [  885] - Action Type : SELECT
[INFO ][2015-12-21 17:27:12,317][com.java.TestType] [ 5577] - value = Yes
[INFO ][2015-12-21 17:27:14,651][com.java.SeleniumDriver] [  894] -  RESULT true
[INFO ][2015-12-21 17:27:14,651][com.java.SeleniumDriver] [ 1100] - ?   P A S S   ?
[INFO ][2015-12-21 17:27:14,651][com.java.SeleniumDriver] [  821] - ------------------------------------------
[INFO ][2015-12-21 17:27:14,651][com.java.SeleniumDriver] [  822] - Test case being Executed: 26
[INFO ][2015-12-21 17:27:14,651][com.java.SeleniumDriver] [  833] - Test step:36
[INFO ][2015-12-21 17:27:14,651][com.java.SeleniumDriver] [  845] - Datavalue is----------null
[DEBUG][2015-12-21 17:27:14,651][com.java.SeleniumDriver] [  863] - Exception: null
[INFO ][2015-12-21 17:27:14,651][com.java.SeleniumDriver] [  869] - DataField : BTNparent
[INFO ][2015-12-21 17:27:14,651][com.java.SeleniumDriver] [  871] - DataValue : 
[INFO ][2015-12-21 17:27:14,651][com.java.SeleniumDriver] [  877] - <In Set values of the page>
[INFO ][2015-12-21 17:27:14,652][com.java.SeleniumDriver] [  880] - {Data Fields & Data Values Exist}
[INFO ][2015-12-21 17:27:14,652][com.java.SeleniumDriver] [  882] - --------------------------setting values-----------------------------
[INFO ][2015-12-21 17:27:14,652][com.java.SeleniumDriver] [  885] - Action Type : SELECTFRAME
[INFO ][2015-12-21 17:27:14,667][com.java.SeleniumDriver] [  894] -  RESULT true
[INFO ][2015-12-21 17:27:14,667][com.java.SeleniumDriver] [ 1100] - ?   P A S S   ?
[INFO ][2015-12-21 17:27:14,667][com.java.SeleniumDriver] [  821] - ------------------------------------------
[INFO ][2015-12-21 17:27:14,667][com.java.SeleniumDriver] [  822] - Test case being Executed: 26
[INFO ][2015-12-21 17:27:14,667][com.java.SeleniumDriver] [  833] - Test step:37
[INFO ][2015-12-21 17:27:14,667][com.java.SeleniumDriver] [  845] - Datavalue is----------null
[DEBUG][2015-12-21 17:27:14,667][com.java.SeleniumDriver] [  863] - Exception: null
[INFO ][2015-12-21 17:27:14,667][com.java.SeleniumDriver] [  869] - DataField : XPH//span[@class="ui-button-text" and contains(text(),'Finished')]
[INFO ][2015-12-21 17:27:14,667][com.java.SeleniumDriver] [  871] - DataValue : 
[INFO ][2015-12-21 17:27:14,668][com.java.SeleniumDriver] [  877] - <In Set values of the page>
[INFO ][2015-12-21 17:27:14,668][com.java.SeleniumDriver] [  880] - {Data Fields & Data Values Exist}
[INFO ][2015-12-21 17:27:14,668][com.java.SeleniumDriver] [  882] - --------------------------setting values-----------------------------
[INFO ][2015-12-21 17:27:14,668][com.java.SeleniumDriver] [  885] - Action Type : CLICK
[INFO ][2015-12-21 17:27:14,668][com.java.TestType] [ 5956] - Field ::XPH//span[@class="ui-button-text" and contains(text(),'Finished')]
[INFO ][2015-12-21 17:27:14,669][com.java.TestType] [ 5577] - value = 
[INFO ][2015-12-21 17:27:15,670][com.java.TestType] [ 6093] - BEFORE CLICK
[INFO ][2015-12-21 17:27:16,686][com.java.TestType] [ 6101] - Unable to click the object Finish Button
[INFO ][2015-12-21 17:27:16,686][com.java.SeleniumDriver] [  894] -  RESULT true
[INFO ][2015-12-21 17:27:16,686][com.java.SeleniumDriver] [ 1100] - ?   P A S S   ?
[INFO ][2015-12-21 17:27:16,686][com.java.SeleniumDriver] [  821] - ------------------------------------------
[INFO ][2015-12-21 17:27:16,686][com.java.SeleniumDriver] [  822] - Test case being Executed: 26
[INFO ][2015-12-21 17:27:16,686][com.java.SeleniumDriver] [  833] - Test step:38
[INFO ][2015-12-21 17:27:16,686][com.java.SeleniumDriver] [  845] - Datavalue is----------5
[INFO ][2015-12-21 17:27:16,686][com.java.SeleniumDriver] [  869] - DataField : XPH//span[@class="icon-coin"]
[INFO ][2015-12-21 17:27:16,686][com.java.SeleniumDriver] [  871] - DataValue : 5
[INFO ][2015-12-21 17:27:16,686][com.java.SeleniumDriver] [  877] - <In Set values of the page>
[INFO ][2015-12-21 17:27:16,686][com.java.SeleniumDriver] [  880] - {Data Fields & Data Values Exist}
[INFO ][2015-12-21 17:27:16,686][com.java.SeleniumDriver] [  882] - --------------------------setting values-----------------------------
[INFO ][2015-12-21 17:27:16,686][com.java.SeleniumDriver] [  885] - Action Type : WAITFORELEMENT
[INFO ][2015-12-21 17:27:16,722][com.java.SeleniumDriver] [  894] -  RESULT true
[INFO ][2015-12-21 17:27:16,722][com.java.SeleniumDriver] [ 1100] - ?   P A S S   ?
[INFO ][2015-12-21 17:27:16,722][com.java.SeleniumDriver] [  821] - ------------------------------------------
[INFO ][2015-12-21 17:27:16,722][com.java.SeleniumDriver] [  822] - Test case being Executed: 26
[INFO ][2015-12-21 17:27:16,722][com.java.SeleniumDriver] [  833] - Test step:39
[INFO ][2015-12-21 17:27:16,722][com.java.SeleniumDriver] [  845] - Datavalue is----------null
[DEBUG][2015-12-21 17:27:16,723][com.java.SeleniumDriver] [  863] - Exception: null
[INFO ][2015-12-21 17:27:16,723][com.java.SeleniumDriver] [  869] - DataField : HDN//div[@class="menu"]//span[@class="icon-file-pdf"]
[INFO ][2015-12-21 17:27:16,723][com.java.SeleniumDriver] [  871] - DataValue : 
[INFO ][2015-12-21 17:27:16,723][com.java.SeleniumDriver] [  877] - <In Set values of the page>
[INFO ][2015-12-21 17:27:16,723][com.java.SeleniumDriver] [  880] - {Data Fields & Data Values Exist}
[INFO ][2015-12-21 17:27:16,723][com.java.SeleniumDriver] [  882] - --------------------------setting values-----------------------------
[INFO ][2015-12-21 17:27:16,723][com.java.SeleniumDriver] [  885] - Action Type : CLICK
[INFO ][2015-12-21 17:27:16,723][com.java.TestType] [ 5956] - Field ::HDN//div[@class="menu"]//span[@class="icon-file-pdf"]
[INFO ][2015-12-21 17:27:16,723][com.java.TestType] [ 5577] - value = 
[INFO ][2015-12-21 17:27:21,650][com.java.SeleniumDriver] [  894] -  RESULT true
[INFO ][2015-12-21 17:27:21,650][com.java.SeleniumDriver] [ 1100] - ?   P A S S   ?
[INFO ][2015-12-21 17:27:21,650][com.java.SeleniumDriver] [  821] - ------------------------------------------
[INFO ][2015-12-21 17:27:21,650][com.java.SeleniumDriver] [  822] - Test case being Executed: 26
[INFO ][2015-12-21 17:27:21,650][com.java.SeleniumDriver] [  833] - Test step:40
[INFO ][2015-12-21 17:27:21,650][com.java.SeleniumDriver] [  845] - Datavalue is----------3
[INFO ][2015-12-21 17:27:21,650][com.java.SeleniumDriver] [  869] - DataField : XPH//img[@id='loading']
[INFO ][2015-12-21 17:27:21,650][com.java.SeleniumDriver] [  871] - DataValue : 3
[INFO ][2015-12-21 17:27:21,650][com.java.SeleniumDriver] [  877] - <In Set values of the page>
[INFO ][2015-12-21 17:27:21,650][com.java.SeleniumDriver] [  880] - {Data Fields & Data Values Exist}
[INFO ][2015-12-21 17:27:21,650][com.java.SeleniumDriver] [  882] - --------------------------setting values-----------------------------
[INFO ][2015-12-21 17:27:21,651][com.java.SeleniumDriver] [  885] - Action Type : WaitForElement
[INFO ][2015-12-21 17:27:21,695][com.java.SeleniumDriver] [  894] -  RESULT true
[INFO ][2015-12-21 17:27:21,695][com.java.SeleniumDriver] [ 1100] - ?   P A S S   ?
[INFO ][2015-12-21 17:27:21,695][com.java.SeleniumDriver] [  821] - ------------------------------------------
[INFO ][2015-12-21 17:27:21,695][com.java.SeleniumDriver] [  822] - Test case being Executed: 26
[INFO ][2015-12-21 17:27:21,695][com.java.SeleniumDriver] [  833] - Test step:41
[INFO ][2015-12-21 17:27:21,696][com.java.SeleniumDriver] [  845] - Datavalue is----------90
[INFO ][2015-12-21 17:27:21,696][com.java.SeleniumDriver] [  869] - DataField : XPH//img[@id='loading']
[INFO ][2015-12-21 17:27:21,696][com.java.SeleniumDriver] [  871] - DataValue : 90
[INFO ][2015-12-21 17:27:21,696][com.java.SeleniumDriver] [  877] - <In Set values of the page>
[INFO ][2015-12-21 17:27:21,696][com.java.SeleniumDriver] [  880] - {Data Fields & Data Values Exist}
[INFO ][2015-12-21 17:27:21,696][com.java.SeleniumDriver] [  882] - --------------------------setting values-----------------------------
[INFO ][2015-12-21 17:27:21,696][com.java.SeleniumDriver] [  885] - Action Type : waitForElementNotPresent
[INFO ][2015-12-21 17:27:26,066][com.java.SeleniumDriver] [  894] -  RESULT true
[INFO ][2015-12-21 17:27:26,066][com.java.SeleniumDriver] [ 1100] - ?   P A S S   ?
[INFO ][2015-12-21 17:27:26,067][com.java.SeleniumDriver] [  821] - ------------------------------------------
[INFO ][2015-12-21 17:27:26,067][com.java.SeleniumDriver] [  822] - Test case being Executed: 26
[INFO ][2015-12-21 17:27:26,067][com.java.SeleniumDriver] [  833] - Test step:42
[INFO ][2015-12-21 17:27:26,067][com.java.SeleniumDriver] [  845] - Datavalue is----------15
[INFO ][2015-12-21 17:27:26,067][com.java.SeleniumDriver] [  869] - DataField : test
[INFO ][2015-12-21 17:27:26,067][com.java.SeleniumDriver] [  871] - DataValue : 15
[INFO ][2015-12-21 17:27:26,067][com.java.SeleniumDriver] [  877] - <In Set values of the page>
[INFO ][2015-12-21 17:27:26,067][com.java.SeleniumDriver] [  880] - {Data Fields & Data Values Exist}
[INFO ][2015-12-21 17:27:26,067][com.java.SeleniumDriver] [  882] - --------------------------setting values-----------------------------
[INFO ][2015-12-21 17:27:26,067][com.java.SeleniumDriver] [  885] - Action Type : WaitTime
[DEBUG][2015-12-21 17:27:26,067][com.java.TestType] [ 5397] - sleepTime: 15000
[INFO ][2015-12-21 17:27:41,069][com.java.SeleniumDriver] [  894] -  RESULT true
[INFO ][2015-12-21 17:27:41,069][com.java.SeleniumDriver] [ 1100] - ?   P A S S   ?
[INFO ][2015-12-21 17:27:41,069][com.java.SeleniumDriver] [  821] - ------------------------------------------
[INFO ][2015-12-21 17:27:41,069][com.java.SeleniumDriver] [  822] - Test case being Executed: 26
[INFO ][2015-12-21 17:27:41,069][com.java.SeleniumDriver] [  833] - Test step:43
[INFO ][2015-12-21 17:27:41,069][com.java.SeleniumDriver] [  845] - Datavalue is----------BD PDF - BDFile
[INFO ][2015-12-21 17:27:41,069][com.java.SeleniumDriver] [  869] - DataField : DYN
[INFO ][2015-12-21 17:27:41,069][com.java.SeleniumDriver] [  871] - DataValue : BD PDF - BDFile
[INFO ][2015-12-21 17:27:41,069][com.java.SeleniumDriver] [  877] - <In Set values of the page>
[INFO ][2015-12-21 17:27:41,069][com.java.SeleniumDriver] [  880] - {Data Fields & Data Values Exist}
[INFO ][2015-12-21 17:27:41,069][com.java.SeleniumDriver] [  882] - --------------------------setting values-----------------------------
[INFO ][2015-12-21 17:27:41,069][com.java.SeleniumDriver] [  885] - Action Type : SelectWindow
[DEBUG][2015-12-21 17:27:41,088][com.java.TestType] [ 6804] - Window with title   ::+BD PDF - BDFile:: not Found
[INFO ][2015-12-21 17:27:41,088][com.java.SeleniumDriver] [  894] -  RESULT false
[INFO ][2015-12-21 17:27:41,088][com.java.SeleniumDriver] [  941] - ?   F A I L   ?
[INFO ][2015-12-21 17:27:41,088][com.java.SeleniumDriver] [  949] - Browser Type : IE10
[INFO ][2015-12-21 17:27:41,088][com.java.SeleniumDriver] [  950] - Adding Failed case26
[INFO ][2015-12-21 17:27:41,854][com.java.SeleniumDriver] [ 1064] - failedCases = 26
[ERROR][2015-12-21 17:27:41,854][com.java.SeleniumDriver] [ 1561] - Platform Errors : Our apologies...::We have encountered an issue with your request.::Our apologies?:We encountered an issue with your request.
[INFO ][2015-12-21 17:27:41,854][com.java.SeleniumDriver] [ 1565] - Length =3
[ERROR][2015-12-21 17:27:41,854][com.java.SeleniumDriver] [ 1568] - Error 0 = Our apologies...
[ERROR][2015-12-21 17:27:41,962][com.java.SeleniumDriver] [ 1568] - Error 1 = We have encountered an issue with your request.
[ERROR][2015-12-21 17:27:42,068][com.java.SeleniumDriver] [ 1568] - Error 2 = Our apologies?:We encountered an issue with your request.
[INFO ][2015-12-21 17:27:42,147][com.java.SeleniumDriver] [ 1579] - strError:
[DEBUG][2015-12-21 17:27:42,161][com.java.SeleniumDriver] [ 1212] - Case found
[DEBUG][2015-12-21 17:27:42,161][com.java.SeleniumDriver] [ 1217] - Incrementing ReportCounters[0]:2
[INFO ][2015-12-21 17:27:42,161][com.java.SeleniumDriver] [ 1236] - The results are-------------------[26, 43, Settings : User Settings : Output PDF to screen, Fail, 
Test case failed at Step No. :: 43   Error Message ::  Window with title   ::+BD PDF - BDFile:: not Found. Screen Shot : D:\BankersDashboard\TestReports\122115\26_122115_172741_IE10.png, Mon Dec 21 17:27:42 IST 2015]
[INFO ][2015-12-21 17:27:42,161][com.java.SeleniumDriver] [ 1240] - End time is-------3 min 15 sec
[INFO ][2015-12-21 17:27:42,161][com.java.SeleniumDriver] [ 1241] - The results are-------------------[26, 43, Settings : User Settings : Output PDF to screen, Fail, 
Test case failed at Step No. :: 43   Error Message ::  Window with title   ::+BD PDF - BDFile:: not Found. Screen Shot : D:\BankersDashboard\TestReports\122115\26_122115_172741_IE10.png, Mon Dec 21 17:27:42 IST 2015]
[DEBUG][2015-12-21 17:27:42,161][com.java.ImportnExport.ExportTestResultsExcel] [  222] - testResultPath = D:\BankersDashboard/TestReports/Test Results_BankersDashBoard_122115_172429_IE10_Bank of North Carolina.xls
[DEBUG][2015-12-21 17:27:42,161][com.java.ImportnExport.ExportTestResultsExcel] [  223] - browser is------------IE10
[DEBUG][2015-12-21 17:27:42,163][com.java.ImportnExport.ExportTestResultsExcel] [  270] - result.size() = 6
[DEBUG][2015-12-21 17:27:42,163][com.java.ImportnExport.ExportTestResultsExcel] [  274] - No of rows in sheet=2
[DEBUG][2015-12-21 17:27:42,164][com.java.ImportnExport.ExportTestResultsExcel] [  301] - ..in export..26
[DEBUG][2015-12-21 17:27:42,164][com.java.ImportnExport.ExportTestResultsExcel] [  301] - ..in export..Settings : User Settings : Output PDF to screen
[DEBUG][2015-12-21 17:27:42,164][com.java.ImportnExport.ExportTestResultsExcel] [  301] - ..in export..Fail
[DEBUG][2015-12-21 17:27:42,164][com.java.ImportnExport.ExportTestResultsExcel] [  301] - ..in export..
Test case failed at Step No. :: 43   Error Message ::  Window with title   ::+BD PDF - BDFile:: not Found. Screen Shot : D:\BankersDashboard\TestReports\122115\26_122115_172741_IE10.png
[DEBUG][2015-12-21 17:27:42,164][com.java.ImportnExport.ExportTestResultsExcel] [  301] - ..in export..Mon Dec 21 17:27:42 IST 2015
[INFO ][2015-12-21 17:27:42,166][com.java.SeleniumDriver] [ 1299] - out loop:1 size:2 TestCases:[1, 26] testcases:[1, 26]
[INFO ][2015-12-21 17:27:44,166][com.java.SeleniumDriver] [ 1342] - Total Number of Cases:2
[INFO ][2015-12-21 17:27:44,166][com.java.TemplateGenerator] [  302] - Executed:2
[INFO ][2015-12-21 17:27:44,166][com.java.TemplateGenerator] [  303] - Passed:1
[INFO ][2015-12-21 17:27:44,166][com.java.TemplateGenerator] [  304] - Failed:1
[INFO ][2015-12-21 17:27:44,166][com.java.TemplateGenerator] [  305] - Skipeed:0
[INFO ][2015-12-21 17:27:44,166][com.java.TemplateGenerator] [  306] - Application URL:https://clients-xuat.bankersdashboard.com
[INFO ][2015-12-21 17:27:44,166][com.java.TemplateGenerator] [  307] - Start Time:122115_172429
[INFO ][2015-12-21 17:27:44,166][com.java.TemplateGenerator] [  308] -  Creating HTML Report 
[ERROR][2015-12-21 17:27:44,167][com.java.TemplateGenerator] [  409] - Unparseable date: "Mon Dec 21 05:24:29 IST 2015"
[INFO ][2015-12-21 17:27:44,167][com.java.TemplateGenerator] [  654] -  Exporting case :: 1
[INFO ][2015-12-21 17:27:44,167][com.java.TemplateGenerator] [  654] -  Exporting case :: 26
[INFO ][2015-12-21 17:27:44,186][com.java.SeleniumDriver] [ 1391] - End Time:122115_172744
[INFO ][2015-12-21 17:27:44,186][com.java.SeleniumDriver] [ 1394] - Data in Test Execution Details:{1=PASS, 26=FAILTest case failed at Step No. :: 43   Error Message ::  Window with title   ::+BD PDF - BDFile:: not Found}
[INFO ][2015-12-21 17:27:44,186][com.java.SeleniumDriver] [ 1395] - Data in Failed Execution Deatils:{}
[INFO ][2015-12-21 17:27:44,186][com.java.SeleniumDriver] [ 1397] - ReportCounter:Total:2 :: PASS: 1 ::FAIL: 1
[INFO ][2015-12-21 17:27:44,186][com.java.SeleniumDriver] [ 1398] - FailedReportCounter:Total:0 :: PASS: 0 ::FAIL: 0
[INFO ][2015-12-21 17:27:44,192][com.java.EmailTestReport] [   63] - Sending report mail details:
[INFO ][2015-12-21 17:27:44,192][com.java.EmailTestReport] [   80] - Excel Report Path:D:\BankersDashboard/TestReports/Test Results_BankersDashBoard_122115_172429_IE10_Bank of North Carolina.xls
[INFO ][2015-12-21 17:27:44,192][com.java.EmailTestReport] [   81] - HTML Report Path:D:\BankersDashboard//TestReports//Test Results_BankersDashBoard_122115_172429_IE10_Bank of North Carolina.html
[INFO ][2015-12-21 17:27:44,192][com.java.EmailTestReport] [   82] - smtpHostName:mail01.valuelabs.com
[INFO ][2015-12-21 17:27:44,193][com.java.EmailTestReport] [   83] - Recipient:venkateswararao.gubbala@valuelabs.com;
[INFO ][2015-12-21 17:27:44,193][com.java.EmailTestReport] [   84] - From:venkateswararao.gubbala@valuelabs.com;
[INFO ][2015-12-21 17:27:44,193][com.java.EmailTestReport] [   85] - Subject:Deluxe Corp Bankers Dashboard Automation Test Report - Bank of North Carolina - IE10
[INFO ][2015-12-21 17:27:44,209][com.java.EmailTestReport] [  143] -  Added venkateswararao.gubbala@valuelabs.com
[INFO ][2015-12-21 17:27:47,600][com.java.SeleniumDriver] [  720] - quitting the browser 
[INFO ][2015-12-21 17:27:48,965][com.java.SeleniumDriver] [  264] - Execution Completed Stopping the thread
