[INFO ][2015-12-22 20:21:25,111][com.java.SeleniumDriver] [  213] - Execute Failed Casesfalse
[INFO ][2015-12-22 20:21:25,111][com.java.SeleniumDriver] [  214] - Browser: IE10
[INFO ][2015-12-22 20:21:25,111][com.java.SeleniumDriver] [  215] - [17]
[INFO ][2015-12-22 20:21:25,111][com.java.SeleniumDriver] [  216] - Total TestCases:1
[INFO ][2015-12-22 20:21:25,111][com.java.SeleniumDriver] [  217] -  Reading Properties from Property File 
[DEBUG][2015-12-22 20:21:25,111][com.java.SeleniumDriver] [  238] - url : https://clients-xuat.bankersdashboard.com
[INFO ][2015-12-22 20:21:25,113][com.java.ImportnExport.ExportTestResultsExcel] [  116] - Time Stamp Tue Dec 22 08:21:25 IST 2015
[INFO ][2015-12-22 20:21:25,113][com.java.ImportnExport.ExportTestResultsExcel] [  175] - OUT FILE : D:\BankersDashboard/TestReports/Test Results_BankersDashBoard_122215_202125_IE10_Bank of North Carolina.xls
[INFO ][2015-12-22 20:21:25,142][com.java.ImportnExport.ExportTestResultsExcel] [  180] - Test Result file is created
[DEBUG][2015-12-22 20:21:25,244][com.java.SeleniumDriver] [  426] - Hub ip address is-------172.17.68.34
[INFO ][2015-12-22 20:21:25,244][com.java.SeleniumDriver] [  452] - Grid URL:http://172.17.68.34:4444/wd/hub
[INFO ][2015-12-22 20:21:25,244][com.java.SeleniumDriver] [  453] - Capability:Capabilities [{platform=ANY, ensureCleanSession=true, ignoreProtectedModeSettings=true, acceptSslCerts=true, ignoreZoomSetting=true, browserName=internet explorer, browserstack.ie.noFlash=true, version=null}]
[ERROR][2015-12-22 20:21:26,564][com.java.SeleniumDriver] [  497] - Unable invoke browser in grid:Could not start a new session. Possible causes are invalid address of the remote server or browser start-up failure.
Build info: version: '2.48.2', revision: '41bccdd', time: '2015-10-09 19:59:12'
System info: host: 'FVTIII438F1D', ip: '172.17.68.34', os.name: 'Windows 7', os.arch: 'x86', os.version: '6.1', java.version: '1.7.0_55'
Driver info: driver.version: SeleniumDriver
[INFO ][2015-12-22 20:21:26,567][com.java.SeleniumDriver] [  499] - Executing on local machine
[INFO ][2015-12-22 20:21:37,417][com.java.SeleniumDriver] [  248] - IE10is opened
[INFO ][2015-12-22 20:21:38,262][com.java.SeleniumDriver] [  754] - Test cases to be executed are: [17]
[INFO ][2015-12-22 20:21:38,286][com.java.ImportnExport.ImportTestDataDetailsExcel] [   49] - test data details path===== D:\BankersDashboard\TestInputs\TestData.xls
[INFO ][2015-12-22 20:21:38,356][com.java.SeleniumDriver] [ 1248] - ? S K I P P E D ?
[INFO ][2015-12-22 20:21:38,356][com.java.SeleniumDriver] [ 1249] - Test case:0
[INFO ][2015-12-22 20:21:38,356][com.java.SeleniumDriver] [ 1250] - 
[INFO ][2015-12-22 20:21:38,356][com.java.SeleniumDriver] [ 1251] -  No Test Steps Available
[INFO ][2015-12-22 20:21:38,356][com.java.SeleniumDriver] [ 1266] - The results are-------------------[0, 0, null, Skipped,  No Test Steps Available, Tue Dec 22 20:21:38 IST 2015]
[INFO ][2015-12-22 20:21:38,356][com.java.SeleniumDriver] [ 1270] - End time is-------15 sec
[INFO ][2015-12-22 20:21:38,356][com.java.SeleniumDriver] [ 1271] - The results are-------------------[0, 0, null, Skipped,  No Test Steps Available, Tue Dec 22 20:21:38 IST 2015]
[DEBUG][2015-12-22 20:21:38,356][com.java.ImportnExport.ExportTestResultsExcel] [  222] - testResultPath = D:\BankersDashboard/TestReports/Test Results_BankersDashBoard_122215_202125_IE10_Bank of North Carolina.xls
[DEBUG][2015-12-22 20:21:38,356][com.java.ImportnExport.ExportTestResultsExcel] [  223] - browser is------------IE10
[DEBUG][2015-12-22 20:21:38,403][com.java.ImportnExport.ExportTestResultsExcel] [  270] - result.size() = 6
[DEBUG][2015-12-22 20:21:38,403][com.java.ImportnExport.ExportTestResultsExcel] [  274] - No of rows in sheet=1
[DEBUG][2015-12-22 20:21:38,403][com.java.ImportnExport.ExportTestResultsExcel] [  301] - ..in export..0
[INFO ][2015-12-22 20:21:38,406][com.java.SeleniumDriver] [ 1299] - out loop:0 size:1 TestCases:[17] testcases:[17]
[INFO ][2015-12-22 20:21:40,406][com.java.SeleniumDriver] [ 1342] - Total Number of Cases:1
[INFO ][2015-12-22 20:21:40,406][com.java.TemplateGenerator] [  302] - Executed:0
[INFO ][2015-12-22 20:21:40,406][com.java.TemplateGenerator] [  303] - Passed:0
[INFO ][2015-12-22 20:21:40,406][com.java.TemplateGenerator] [  304] - Failed:0
[INFO ][2015-12-22 20:21:40,406][com.java.TemplateGenerator] [  305] - Skipeed:1
[INFO ][2015-12-22 20:21:40,406][com.java.TemplateGenerator] [  306] - Application URL:https://clients-xuat.bankersdashboard.com
[INFO ][2015-12-22 20:21:40,406][com.java.TemplateGenerator] [  307] - Start Time:122215_202125
[INFO ][2015-12-22 20:21:40,406][com.java.TemplateGenerator] [  308] -  Creating HTML Report 
[ERROR][2015-12-22 20:21:40,406][com.java.TemplateGenerator] [  409] - Unparseable date: "Tue Dec 22 08:21:25 IST 2015"
[INFO ][2015-12-22 20:21:40,406][com.java.TemplateGenerator] [  654] -  Exporting case :: 0
[INFO ][2015-12-22 20:21:40,417][com.java.SeleniumDriver] [ 1391] - End Time:122215_202140
[INFO ][2015-12-22 20:21:40,417][com.java.SeleniumDriver] [ 1394] - Data in Test Execution Details:{0=SKIPPED}
[INFO ][2015-12-22 20:21:40,417][com.java.SeleniumDriver] [ 1395] - Data in Failed Execution Deatils:{}
[INFO ][2015-12-22 20:21:40,417][com.java.SeleniumDriver] [ 1397] - ReportCounter:Total:0 :: PASS: 0 ::FAIL: 0
[INFO ][2015-12-22 20:21:40,417][com.java.SeleniumDriver] [ 1398] - FailedReportCounter:Total:0 :: PASS: 0 ::FAIL: 0
[INFO ][2015-12-22 20:21:40,424][com.java.EmailTestReport] [   63] - Sending report mail details:
[INFO ][2015-12-22 20:21:40,424][com.java.EmailTestReport] [   80] - Excel Report Path:D:\BankersDashboard/TestReports/Test Results_BankersDashBoard_122215_202125_IE10_Bank of North Carolina.xls
[INFO ][2015-12-22 20:21:40,424][com.java.EmailTestReport] [   81] - HTML Report Path:D:\BankersDashboard//TestReports//Test Results_BankersDashBoard_122215_202125_IE10_Bank of North Carolina.html
[INFO ][2015-12-22 20:21:40,424][com.java.EmailTestReport] [   82] - smtpHostName:mail01.valuelabs.com
[INFO ][2015-12-22 20:21:40,424][com.java.EmailTestReport] [   83] - Recipient:venkateswararao.gubbala@valuelabs.com;
[INFO ][2015-12-22 20:21:40,424][com.java.EmailTestReport] [   84] - From:venkateswararao.gubbala@valuelabs.com;
[INFO ][2015-12-22 20:21:40,424][com.java.EmailTestReport] [   85] - Subject:Deluxe Corp Bankers Dashboard Automation Test Report - Bank of North Carolina - IE10
[INFO ][2015-12-22 20:21:40,497][com.java.EmailTestReport] [  143] -  Added venkateswararao.gubbala@valuelabs.com
[INFO ][2015-12-22 20:21:49,924][com.java.SeleniumDriver] [  720] - quitting the browser 
[INFO ][2015-12-22 20:21:51,191][com.java.SeleniumDriver] [  264] - Execution Completed Stopping the thread
