[INFO ][2016-02-04 18:43:32,072][com.java.SeleniumDriver] [  213] - Execute Failed Casesfalse
[INFO ][2016-02-04 18:43:32,072][com.java.SeleniumDriver] [  214] - Browser: IE10
[INFO ][2016-02-04 18:43:32,072][com.java.SeleniumDriver] [  215] - [1, 4]
[INFO ][2016-02-04 18:43:32,072][com.java.SeleniumDriver] [  216] - Total TestCases:2
[INFO ][2016-02-04 18:43:32,072][com.java.SeleniumDriver] [  217] -  Reading Properties from Property File 
[DEBUG][2016-02-04 18:43:32,073][com.java.SeleniumDriver] [  238] - url : https://clients-xuat.bankersdashboard.com
[INFO ][2016-02-04 18:43:32,074][com.java.ImportnExport.ExportTestResultsExcel] [  116] - Time Stamp Thu Feb 04 06:43:32 IST 2016
[INFO ][2016-02-04 18:43:32,074][com.java.ImportnExport.ExportTestResultsExcel] [  175] - OUT FILE : D:\BankersDashboard/TestReports/Test Results_BankersDashBoard_020416_184332_IE10_CB&S Bank.xls
[INFO ][2016-02-04 18:43:32,103][com.java.ImportnExport.ExportTestResultsExcel] [  180] - Test Result file is created
[DEBUG][2016-02-04 18:43:32,191][com.java.SeleniumDriver] [  426] - Hub ip address is-------172.17.68.34
[INFO ][2016-02-04 18:43:32,192][com.java.SeleniumDriver] [  452] - Grid URL:http://172.17.68.34:4444/wd/hub
[INFO ][2016-02-04 18:43:32,192][com.java.SeleniumDriver] [  453] - Capability:Capabilities [{platform=ANY, ensureCleanSession=true, ignoreProtectedModeSettings=true, acceptSslCerts=true, ignoreZoomSetting=true, browserName=internet explorer, browserstack.ie.noFlash=true, version=null}]
[ERROR][2016-02-04 18:43:33,526][com.java.SeleniumDriver] [  498] - Unable invoke browser in grid:Could not start a new session. Possible causes are invalid address of the remote server or browser start-up failure.
Build info: version: '2.48.2', revision: '41bccdd', time: '2015-10-09 19:59:12'
System info: host: 'FVTIII438F1D', ip: '172.17.68.34', os.name: 'Windows 7', os.arch: 'x86', os.version: '6.1', java.version: '1.7.0_55'
Driver info: driver.version: SeleniumDriver
[INFO ][2016-02-04 18:43:33,526][com.java.SeleniumDriver] [  500] - Executing on local machine
[INFO ][2016-02-04 18:43:44,081][com.java.SeleniumDriver] [  248] - IE10is opened
[INFO ][2016-02-04 18:43:44,761][com.java.SeleniumDriver] [  756] - Test cases to be executed are: [1, 4]
[INFO ][2016-02-04 18:43:44,791][com.java.ImportnExport.ImportTestDataDetailsExcel] [   49] - test data details path===== D:\BankersDashboard\TestInputs\TestData.xls
[INFO ][2016-02-04 18:43:44,866][com.java.SeleniumDriver] [  856] - ------------------------------------------
[INFO ][2016-02-04 18:43:44,866][com.java.SeleniumDriver] [  857] - Test case being Executed: 1
[INFO ][2016-02-04 18:43:44,866][com.java.SeleniumDriver] [  869] - Test step:1
[INFO ][2016-02-04 18:43:44,866][com.java.SeleniumDriver] [  881] - Datavalue is----------Concept#1:1-16
[INFO ][2016-02-04 18:43:44,867][com.java.SeleniumDriver] [  905] - DataField : test
[INFO ][2016-02-04 18:43:44,867][com.java.SeleniumDriver] [  907] - DataValue : Concept#1:1-16
[INFO ][2016-02-04 18:43:44,867][com.java.SeleniumDriver] [  913] - <In Set values of the page>
[INFO ][2016-02-04 18:43:44,867][com.java.SeleniumDriver] [  916] - {Data Fields & Data Values Exist}
[INFO ][2016-02-04 18:43:44,867][com.java.SeleniumDriver] [  918] - --------------------------setting values-----------------------------
[INFO ][2016-02-04 18:43:44,867][com.java.SeleniumDriver] [  921] - Action Type : ExecuteTestCase
[INFO ][2016-02-04 18:43:44,887][com.java.TestType] [  448] - The Concept sheet name is ---------- Concept
[INFO ][2016-02-04 18:43:44,887][com.java.TestType] [  451] - The Concept ID  is ---------- 1
[DEBUG][2016-02-04 18:43:44,887][com.java.TestType] [  455] - Steps being executted in the Concept are: 1:16
[INFO ][2016-02-04 18:43:44,888][com.java.TestType] [  462] - Test data details path ---------- D:\BankersDashboard\TestInputs\TestData.xls
[INFO ][2016-02-04 18:43:44,918][com.java.TestType] [  493] -  str(1) = 1
[INFO ][2016-02-04 18:43:44,918][com.java.TestType] [  496] - Test case Id is---1
[INFO ][2016-02-04 18:43:44,918][com.java.TestType] [  498] - 1
[INFO ][2016-02-04 18:43:44,918][com.java.TestType] [  493] -  str(2) = 1
[INFO ][2016-02-04 18:43:44,921][com.java.TestType] [  493] -  str(1) = 1
[INFO ][2016-02-04 18:43:44,921][com.java.TestType] [  496] - Test case Id is---1
[INFO ][2016-02-04 18:43:44,922][com.java.TestType] [  498] - 1
[INFO ][2016-02-04 18:43:44,922][com.java.TestType] [  493] -  str(2) = 2
[INFO ][2016-02-04 18:43:44,923][com.java.TestType] [  493] -  str(1) = 1
[INFO ][2016-02-04 18:43:44,923][com.java.TestType] [  496] - Test case Id is---1
[INFO ][2016-02-04 18:43:44,923][com.java.TestType] [  498] - 1
[INFO ][2016-02-04 18:43:44,923][com.java.TestType] [  493] -  str(2) = 3
[INFO ][2016-02-04 18:43:44,925][com.java.TestType] [  493] -  str(1) = 1
[INFO ][2016-02-04 18:43:44,925][com.java.TestType] [  496] - Test case Id is---1
[INFO ][2016-02-04 18:43:44,925][com.java.TestType] [  498] - 1
[INFO ][2016-02-04 18:43:44,925][com.java.TestType] [  493] -  str(2) = 4
[INFO ][2016-02-04 18:43:44,928][com.java.TestType] [  493] -  str(1) = 1
[INFO ][2016-02-04 18:43:44,929][com.java.TestType] [  496] - Test case Id is---1
[INFO ][2016-02-04 18:43:44,929][com.java.TestType] [  498] - 1
[INFO ][2016-02-04 18:43:44,929][com.java.TestType] [  493] -  str(2) = 5
[INFO ][2016-02-04 18:43:44,930][com.java.TestType] [  493] -  str(1) = 1
[INFO ][2016-02-04 18:43:44,930][com.java.TestType] [  496] - Test case Id is---1
[INFO ][2016-02-04 18:43:44,930][com.java.TestType] [  498] - 1
[INFO ][2016-02-04 18:43:44,930][com.java.TestType] [  493] -  str(2) = 6
[INFO ][2016-02-04 18:43:44,932][com.java.TestType] [  493] -  str(1) = 1
[INFO ][2016-02-04 18:43:44,932][com.java.TestType] [  496] - Test case Id is---1
[INFO ][2016-02-04 18:43:44,932][com.java.TestType] [  498] - 1
[INFO ][2016-02-04 18:43:44,932][com.java.TestType] [  493] -  str(2) = 7
[INFO ][2016-02-04 18:43:44,933][com.java.TestType] [  493] -  str(1) = 1
[INFO ][2016-02-04 18:43:44,933][com.java.TestType] [  496] - Test case Id is---1
[INFO ][2016-02-04 18:43:44,933][com.java.TestType] [  498] - 1
[INFO ][2016-02-04 18:43:44,933][com.java.TestType] [  493] -  str(2) = 8
[INFO ][2016-02-04 18:43:44,934][com.java.TestType] [  493] -  str(1) = 1
[INFO ][2016-02-04 18:43:44,934][com.java.TestType] [  496] - Test case Id is---1
[INFO ][2016-02-04 18:43:44,934][com.java.TestType] [  498] - 1
[INFO ][2016-02-04 18:43:44,934][com.java.TestType] [  493] -  str(2) = 9
[INFO ][2016-02-04 18:43:44,935][com.java.TestType] [  493] -  str(1) = 1
[INFO ][2016-02-04 18:43:44,935][com.java.TestType] [  496] - Test case Id is---1
[INFO ][2016-02-04 18:43:44,935][com.java.TestType] [  498] - 1
[INFO ][2016-02-04 18:43:44,935][com.java.TestType] [  493] -  str(2) = 10
[INFO ][2016-02-04 18:43:44,936][com.java.TestType] [  493] -  str(1) = 1
[INFO ][2016-02-04 18:43:44,936][com.java.TestType] [  496] - Test case Id is---1
[INFO ][2016-02-04 18:43:44,936][com.java.TestType] [  498] - 1
[INFO ][2016-02-04 18:43:44,936][com.java.TestType] [  493] -  str(2) = 11
[INFO ][2016-02-04 18:43:44,937][com.java.TestType] [  493] -  str(1) = 1
[INFO ][2016-02-04 18:43:44,937][com.java.TestType] [  496] - Test case Id is---1
[INFO ][2016-02-04 18:43:44,937][com.java.TestType] [  498] - 1
[INFO ][2016-02-04 18:43:44,940][com.java.TestType] [  493] -  str(2) = 12
[INFO ][2016-02-04 18:43:44,941][com.java.TestType] [  493] -  str(1) = 1
[INFO ][2016-02-04 18:43:44,941][com.java.TestType] [  496] - Test case Id is---1
[INFO ][2016-02-04 18:43:44,941][com.java.TestType] [  498] - 1
[INFO ][2016-02-04 18:43:44,941][com.java.TestType] [  493] -  str(2) = 13
[INFO ][2016-02-04 18:43:44,942][com.java.TestType] [  493] -  str(1) = 1
[INFO ][2016-02-04 18:43:44,942][com.java.TestType] [  496] - Test case Id is---1
[INFO ][2016-02-04 18:43:44,942][com.java.TestType] [  498] - 1
[INFO ][2016-02-04 18:43:44,942][com.java.TestType] [  493] -  str(2) = 14
[INFO ][2016-02-04 18:43:44,943][com.java.TestType] [  493] -  str(1) = 1
[INFO ][2016-02-04 18:43:44,943][com.java.TestType] [  496] - Test case Id is---1
[INFO ][2016-02-04 18:43:44,944][com.java.TestType] [  498] - 1
[INFO ][2016-02-04 18:43:44,944][com.java.TestType] [  493] -  str(2) = 15
[INFO ][2016-02-04 18:43:44,944][com.java.TestType] [  493] -  str(1) = 1
[INFO ][2016-02-04 18:43:44,944][com.java.TestType] [  496] - Test case Id is---1
[INFO ][2016-02-04 18:43:44,944][com.java.TestType] [  498] - 1
[INFO ][2016-02-04 18:43:44,944][com.java.TestType] [  493] -  str(2) = 16
[INFO ][2016-02-04 18:43:44,945][com.java.TestType] [12069] - Looping 1TCID = 1
[DEBUG][2016-02-04 18:43:44,945][com.java.TestType] [12110] - Concept ID:1 :: Step being Executed: 1::1
[INFO ][2016-02-04 18:43:44,945][com.java.TestType] [12148] - dataFields : TXTusername
[DEBUG][2016-02-04 18:43:44,946][com.java.TestType] [12154] - <In Set values of the page>
[DEBUG][2016-02-04 18:43:44,946][com.java.TestType] [12159] - {Data Fields & Data Values Exist}
[INFO ][2016-02-04 18:43:44,946][com.java.TestType] [12165] - --------------------------setting values-----------------------------
[INFO ][2016-02-04 18:43:44,946][com.java.TestType] [12168] - Action Type : CLEARANDENTER
[INFO ][2016-02-04 18:43:47,258][com.java.TestType] [ 6727] - value = valuelabs.ie10.15310
[INFO ][2016-02-04 18:43:49,659][com.java.TestType] [12187] -  RESULT true
[INFO ][2016-02-04 18:43:49,659][com.java.TestType] [12304] - ?   P A S S   ?
[DEBUG][2016-02-04 18:43:49,659][com.java.TestType] [12110] - Concept ID:1 :: Step being Executed: 1::2
[INFO ][2016-02-04 18:43:49,660][com.java.TestType] [12148] - dataFields : TXTpassword
[DEBUG][2016-02-04 18:43:49,660][com.java.TestType] [12154] - <In Set values of the page>
[DEBUG][2016-02-04 18:43:49,660][com.java.TestType] [12159] - {Data Fields & Data Values Exist}
[INFO ][2016-02-04 18:43:49,660][com.java.TestType] [12165] - --------------------------setting values-----------------------------
[INFO ][2016-02-04 18:43:49,660][com.java.TestType] [12168] - Action Type : CLEARANDENTER
[INFO ][2016-02-04 18:43:51,945][com.java.TestType] [ 6727] - value = Password1*
[INFO ][2016-02-04 18:43:54,462][com.java.TestType] [12187] -  RESULT true
[INFO ][2016-02-04 18:43:54,462][com.java.TestType] [12304] - ?   P A S S   ?
[DEBUG][2016-02-04 18:43:54,462][com.java.TestType] [12110] - Concept ID:1 :: Step being Executed: 1::3
[ERROR][2016-02-04 18:43:54,462][com.java.TestType] [12143] - Exception: null
[INFO ][2016-02-04 18:43:54,463][com.java.TestType] [12148] - dataFields : XPH//button[@type='submit']
[DEBUG][2016-02-04 18:43:54,463][com.java.TestType] [12154] - <In Set values of the page>
[DEBUG][2016-02-04 18:43:54,463][com.java.TestType] [12159] - {Data Fields & Data Values Exist}
[INFO ][2016-02-04 18:43:54,463][com.java.TestType] [12165] - --------------------------setting values-----------------------------
[INFO ][2016-02-04 18:43:54,463][com.java.TestType] [12168] - Action Type : Click
[INFO ][2016-02-04 18:43:54,463][com.java.TestType] [ 7106] - Field ::XPH//button[@type='submit']
[INFO ][2016-02-04 18:43:54,463][com.java.TestType] [ 6727] - value = 
[INFO ][2016-02-04 18:43:55,465][com.java.TestType] [ 7279] - BEFORE CLICK
[INFO ][2016-02-04 18:43:58,984][com.java.TestType] [ 7287] - Unable to click the object Login
[INFO ][2016-02-04 18:43:58,984][com.java.TestType] [12187] -  RESULT true
[INFO ][2016-02-04 18:43:58,984][com.java.TestType] [12304] - ?   P A S S   ?
[DEBUG][2016-02-04 18:43:58,984][com.java.TestType] [12110] - Concept ID:1 :: Step being Executed: 1::4
[INFO ][2016-02-04 18:43:58,984][com.java.TestType] [12148] - dataFields : LNKLogout
[DEBUG][2016-02-04 18:43:58,984][com.java.TestType] [12154] - <In Set values of the page>
[DEBUG][2016-02-04 18:43:58,984][com.java.TestType] [12159] - {Data Fields & Data Values Exist}
[INFO ][2016-02-04 18:43:58,984][com.java.TestType] [12165] - --------------------------setting values-----------------------------
[INFO ][2016-02-04 18:43:58,984][com.java.TestType] [12168] - Action Type : WaitForElement
[INFO ][2016-02-04 18:43:59,024][com.java.TestType] [12187] -  RESULT true
[INFO ][2016-02-04 18:43:59,024][com.java.TestType] [12304] - ?   P A S S   ?
[DEBUG][2016-02-04 18:43:59,024][com.java.TestType] [12110] - Concept ID:1 :: Step being Executed: 1::15
[INFO ][2016-02-04 18:43:59,024][com.java.TestType] [12148] - dataFields : LNK
[DEBUG][2016-02-04 18:43:59,024][com.java.TestType] [12154] - <In Set values of the page>
[DEBUG][2016-02-04 18:43:59,024][com.java.TestType] [12159] - {Data Fields & Data Values Exist}
[INFO ][2016-02-04 18:43:59,025][com.java.TestType] [12165] - --------------------------setting values-----------------------------
[INFO ][2016-02-04 18:43:59,025][com.java.TestType] [12168] - Action Type : Verify
[INFO ][2016-02-04 18:43:59,025][com.java.TestType] [ 8335] - field= LNK value= Logout
[INFO ][2016-02-04 18:43:59,028][com.java.TestType] [ 6727] - value = Logout
[INFO ][2016-02-04 18:43:59,065][com.java.TestType] [12187] -  RESULT true
[INFO ][2016-02-04 18:43:59,065][com.java.TestType] [12304] - ?   P A S S   ?
[DEBUG][2016-02-04 18:43:59,066][com.java.TestType] [12110] - Concept ID:1 :: Step being Executed: 1::16
[INFO ][2016-02-04 18:43:59,066][com.java.TestType] [12148] - dataFields : BTN
[DEBUG][2016-02-04 18:43:59,066][com.java.TestType] [12154] - <In Set values of the page>
[DEBUG][2016-02-04 18:43:59,066][com.java.TestType] [12159] - {Data Fields & Data Values Exist}
[INFO ][2016-02-04 18:43:59,066][com.java.TestType] [12165] - --------------------------setting values-----------------------------
[INFO ][2016-02-04 18:43:59,066][com.java.TestType] [12168] - Action Type : Verify
[INFO ][2016-02-04 18:43:59,066][com.java.TestType] [ 8335] - field= BTN value= //img[contains(@src,'bdlogo.jpg')]
[INFO ][2016-02-04 18:43:59,066][com.java.TestType] [ 6727] - value = //img[contains(@src,'bdlogo.jpg')]
[INFO ][2016-02-04 18:43:59,238][com.java.TestType] [12187] -  RESULT true
[INFO ][2016-02-04 18:43:59,239][com.java.TestType] [12304] - ?   P A S S   ?
[INFO ][2016-02-04 18:43:59,239][com.java.TestType] [12375] - Looping End......
[INFO ][2016-02-04 18:43:59,240][com.java.SeleniumDriver] [  930] -  RESULT true
[INFO ][2016-02-04 18:43:59,240][com.java.SeleniumDriver] [ 1136] - ?   P A S S   ?
[INFO ][2016-02-04 18:43:59,240][com.java.SeleniumDriver] [  856] - ------------------------------------------
[INFO ][2016-02-04 18:43:59,240][com.java.SeleniumDriver] [  857] - Test case being Executed: 1
[INFO ][2016-02-04 18:43:59,240][com.java.SeleniumDriver] [  869] - Test step:2
[INFO ][2016-02-04 18:43:59,241][com.java.SeleniumDriver] [  881] - Datavalue is----------Concept#2:1-2
[INFO ][2016-02-04 18:43:59,241][com.java.SeleniumDriver] [  905] - DataField : test
[INFO ][2016-02-04 18:43:59,241][com.java.SeleniumDriver] [  907] - DataValue : Concept#2:1-2
[INFO ][2016-02-04 18:43:59,241][com.java.SeleniumDriver] [  913] - <In Set values of the page>
[INFO ][2016-02-04 18:43:59,241][com.java.SeleniumDriver] [  916] - {Data Fields & Data Values Exist}
[INFO ][2016-02-04 18:43:59,241][com.java.SeleniumDriver] [  918] - --------------------------setting values-----------------------------
[INFO ][2016-02-04 18:43:59,241][com.java.SeleniumDriver] [  921] - Action Type : ExecuteTestCase
[INFO ][2016-02-04 18:43:59,241][com.java.TestType] [  448] - The Concept sheet name is ---------- Concept
[INFO ][2016-02-04 18:43:59,241][com.java.TestType] [  451] - The Concept ID  is ---------- 2
[DEBUG][2016-02-04 18:43:59,242][com.java.TestType] [  455] - Steps being executted in the Concept are: 1:2
[INFO ][2016-02-04 18:43:59,242][com.java.TestType] [  462] - Test data details path ---------- D:\BankersDashboard\TestInputs\TestData.xls
[INFO ][2016-02-04 18:43:59,259][com.java.TestType] [  493] -  str(1) = 2
[INFO ][2016-02-04 18:43:59,259][com.java.TestType] [  496] - Test case Id is---2
[INFO ][2016-02-04 18:43:59,259][com.java.TestType] [  498] - 2
[INFO ][2016-02-04 18:43:59,259][com.java.TestType] [  493] -  str(2) = 1
[INFO ][2016-02-04 18:43:59,261][com.java.TestType] [  493] -  str(1) = 2
[INFO ][2016-02-04 18:43:59,261][com.java.TestType] [  496] - Test case Id is---2
[INFO ][2016-02-04 18:43:59,261][com.java.TestType] [  498] - 2
[INFO ][2016-02-04 18:43:59,261][com.java.TestType] [  493] -  str(2) = 2
[INFO ][2016-02-04 18:43:59,262][com.java.TestType] [  493] -  str(1) = 2
[INFO ][2016-02-04 18:43:59,262][com.java.TestType] [  496] - Test case Id is---2
[INFO ][2016-02-04 18:43:59,262][com.java.TestType] [  498] - 2
[INFO ][2016-02-04 18:43:59,262][com.java.TestType] [  493] -  str(2) = 3
[INFO ][2016-02-04 18:43:59,262][com.java.TestType] [12069] - Looping 1TCID = 2
[DEBUG][2016-02-04 18:43:59,263][com.java.TestType] [12110] - Concept ID:2 :: Step being Executed: 2::1
[INFO ][2016-02-04 18:43:59,263][com.java.TestType] [12148] - dataFields : BNK//select[@id='bank']
[DEBUG][2016-02-04 18:43:59,263][com.java.TestType] [12154] - <In Set values of the page>
[DEBUG][2016-02-04 18:43:59,263][com.java.TestType] [12159] - {Data Fields & Data Values Exist}
[INFO ][2016-02-04 18:43:59,263][com.java.TestType] [12165] - --------------------------setting values-----------------------------
[INFO ][2016-02-04 18:43:59,263][com.java.TestType] [12168] - Action Type : Select
[INFO ][2016-02-04 18:43:59,263][com.java.TestType] [ 6727] - value = PFC
[INFO ][2016-02-04 18:43:59,468][com.java.TestType] [12187] -  RESULT true
[INFO ][2016-02-04 18:43:59,468][com.java.TestType] [12304] - ?   P A S S   ?
[DEBUG][2016-02-04 18:43:59,468][com.java.TestType] [12110] - Concept ID:2 :: Step being Executed: 2::2
[INFO ][2016-02-04 18:43:59,468][com.java.TestType] [12148] - dataFields : LNKLogout
[DEBUG][2016-02-04 18:43:59,468][com.java.TestType] [12154] - <In Set values of the page>
[DEBUG][2016-02-04 18:43:59,468][com.java.TestType] [12159] - {Data Fields & Data Values Exist}
[INFO ][2016-02-04 18:43:59,469][com.java.TestType] [12165] - --------------------------setting values-----------------------------
[INFO ][2016-02-04 18:43:59,469][com.java.TestType] [12168] - Action Type : WaitTime
[DEBUG][2016-02-04 18:43:59,469][com.java.TestType] [ 6541] - sleepTime: 5000
[INFO ][2016-02-04 18:44:04,469][com.java.TestType] [12187] -  RESULT true
[INFO ][2016-02-04 18:44:04,469][com.java.TestType] [12304] - ?   P A S S   ?
[INFO ][2016-02-04 18:44:04,469][com.java.TestType] [12375] - Looping End......
[INFO ][2016-02-04 18:44:04,470][com.java.SeleniumDriver] [  930] -  RESULT true
[INFO ][2016-02-04 18:44:04,471][com.java.SeleniumDriver] [ 1136] - ?   P A S S   ?
[INFO ][2016-02-04 18:44:04,471][com.java.SeleniumDriver] [  856] - ------------------------------------------
[INFO ][2016-02-04 18:44:04,471][com.java.SeleniumDriver] [  857] - Test case being Executed: 1
[INFO ][2016-02-04 18:44:04,471][com.java.SeleniumDriver] [  869] - Test step:3
[INFO ][2016-02-04 18:44:04,471][com.java.SeleniumDriver] [  881] - Datavalue is----------2
[INFO ][2016-02-04 18:44:04,471][com.java.SeleniumDriver] [  905] - DataField : XPH//button[contains(text(),'Add Content')]
[INFO ][2016-02-04 18:44:04,471][com.java.SeleniumDriver] [  907] - DataValue : 2
[INFO ][2016-02-04 18:44:04,471][com.java.SeleniumDriver] [  913] - <In Set values of the page>
[INFO ][2016-02-04 18:44:04,471][com.java.SeleniumDriver] [  916] - {Data Fields & Data Values Exist}
[INFO ][2016-02-04 18:44:04,471][com.java.SeleniumDriver] [  918] - --------------------------setting values-----------------------------
[INFO ][2016-02-04 18:44:04,471][com.java.SeleniumDriver] [  921] - Action Type : WAITFORELEMENT
[INFO ][2016-02-04 18:44:04,509][com.java.SeleniumDriver] [  930] -  RESULT true
[INFO ][2016-02-04 18:44:04,509][com.java.SeleniumDriver] [ 1136] - ?   P A S S   ?
[DEBUG][2016-02-04 18:44:04,510][com.java.SeleniumDriver] [ 1248] - Case found
[DEBUG][2016-02-04 18:44:04,510][com.java.SeleniumDriver] [ 1253] - Incrementing ReportCounters[0]:1
[INFO ][2016-02-04 18:44:04,510][com.java.SeleniumDriver] [ 1272] - The results are-------------------[1, 1, Valid Login, Pass, , Thu Feb 04 18:43:59 IST 2016, 1, 2, Valid Login, Pass, , Thu Feb 04 18:44:04 IST 2016, 1, 3, Valid Login, Pass, , Thu Feb 04 18:44:04 IST 2016]
[INFO ][2016-02-04 18:44:04,510][com.java.SeleniumDriver] [ 1276] - End time is-------34 sec
[INFO ][2016-02-04 18:44:04,510][com.java.SeleniumDriver] [ 1277] - The results are-------------------[1, 1, Valid Login, Pass, , Thu Feb 04 18:43:59 IST 2016, 1, 2, Valid Login, Pass, , Thu Feb 04 18:44:04 IST 2016, 1, 3, Valid Login, Pass, , Thu Feb 04 18:44:04 IST 2016]
[DEBUG][2016-02-04 18:44:04,510][com.java.ImportnExport.ExportTestResultsExcel] [  222] - testResultPath = D:\BankersDashboard/TestReports/Test Results_BankersDashBoard_020416_184332_IE10_CB&S Bank.xls
[DEBUG][2016-02-04 18:44:04,510][com.java.ImportnExport.ExportTestResultsExcel] [  223] - browser is------------IE10
[DEBUG][2016-02-04 18:44:04,556][com.java.ImportnExport.ExportTestResultsExcel] [  270] - result.size() = 18
[DEBUG][2016-02-04 18:44:04,556][com.java.ImportnExport.ExportTestResultsExcel] [  274] - No of rows in sheet=1
[DEBUG][2016-02-04 18:44:04,556][com.java.ImportnExport.ExportTestResultsExcel] [  301] - ..in export..1
[DEBUG][2016-02-04 18:44:04,557][com.java.ImportnExport.ExportTestResultsExcel] [  301] - ..in export..Valid Login
[DEBUG][2016-02-04 18:44:04,557][com.java.ImportnExport.ExportTestResultsExcel] [  301] - ..in export..Pass
[DEBUG][2016-02-04 18:44:04,557][com.java.ImportnExport.ExportTestResultsExcel] [  301] - ..in export..
[DEBUG][2016-02-04 18:44:04,557][com.java.ImportnExport.ExportTestResultsExcel] [  301] - ..in export..Thu Feb 04 18:43:59 IST 2016
[INFO ][2016-02-04 18:44:04,558][com.java.SeleniumDriver] [ 1337] - out loop:0 size:2 TestCases:[1, 4] testcases:[1, 4]
[INFO ][2016-02-04 18:44:04,559][com.java.ImportnExport.ImportTestDataDetailsExcel] [   49] - test data details path===== D:\BankersDashboard\TestInputs\TestData.xls
[INFO ][2016-02-04 18:44:21,710][com.java.SeleniumDriver] [  856] - ------------------------------------------
[INFO ][2016-02-04 18:44:21,710][com.java.SeleniumDriver] [  857] - Test case being Executed: 4
[INFO ][2016-02-04 18:44:21,711][com.java.SeleniumDriver] [  869] - Test step:1
[INFO ][2016-02-04 18:44:21,712][com.java.SeleniumDriver] [  881] - Datavalue is----------Logout
[INFO ][2016-02-04 18:44:21,712][com.java.SeleniumDriver] [  905] - DataField : BTN
[INFO ][2016-02-04 18:44:21,712][com.java.SeleniumDriver] [  907] - DataValue : Logout
[INFO ][2016-02-04 18:44:21,712][com.java.SeleniumDriver] [  913] - <In Set values of the page>
[INFO ][2016-02-04 18:44:21,712][com.java.SeleniumDriver] [  916] - {Data Fields & Data Values Exist}
[INFO ][2016-02-04 18:44:21,712][com.java.SeleniumDriver] [  918] - --------------------------setting values-----------------------------
[INFO ][2016-02-04 18:44:21,712][com.java.SeleniumDriver] [  921] - Action Type : Verify
[INFO ][2016-02-04 18:44:21,712][com.java.TestType] [ 8335] - field= BTN value= Logout
[INFO ][2016-02-04 18:44:21,712][com.java.TestType] [ 6727] - value = Logout
[INFO ][2016-02-04 18:44:21,784][com.java.SeleniumDriver] [  930] -  RESULT true
[INFO ][2016-02-04 18:44:21,784][com.java.SeleniumDriver] [ 1136] - ?   P A S S   ?
[INFO ][2016-02-04 18:44:21,784][com.java.SeleniumDriver] [ 1178] - step change to 3
[INFO ][2016-02-04 18:44:21,784][com.java.SeleniumDriver] [  856] - ------------------------------------------
[INFO ][2016-02-04 18:44:21,784][com.java.SeleniumDriver] [  857] - Test case being Executed: 4
[INFO ][2016-02-04 18:44:21,784][com.java.SeleniumDriver] [  869] - Test step:3
[INFO ][2016-02-04 18:44:21,785][com.java.SeleniumDriver] [  881] - Datavalue is----------Concept#2:1-3
[INFO ][2016-02-04 18:44:21,785][com.java.SeleniumDriver] [  905] - DataField : test
[INFO ][2016-02-04 18:44:21,785][com.java.SeleniumDriver] [  907] - DataValue : Concept#2:1-3
[INFO ][2016-02-04 18:44:21,785][com.java.SeleniumDriver] [  913] - <In Set values of the page>
[INFO ][2016-02-04 18:44:21,785][com.java.SeleniumDriver] [  916] - {Data Fields & Data Values Exist}
[INFO ][2016-02-04 18:44:21,785][com.java.SeleniumDriver] [  918] - --------------------------setting values-----------------------------
[INFO ][2016-02-04 18:44:21,785][com.java.SeleniumDriver] [  921] - Action Type : ExecuteTestCase
[INFO ][2016-02-04 18:44:21,785][com.java.TestType] [  448] - The Concept sheet name is ---------- Concept
[INFO ][2016-02-04 18:44:21,785][com.java.TestType] [  451] - The Concept ID  is ---------- 2
[DEBUG][2016-02-04 18:44:21,785][com.java.TestType] [  455] - Steps being executted in the Concept are: 1:3
[INFO ][2016-02-04 18:44:21,785][com.java.TestType] [  462] - Test data details path ---------- D:\BankersDashboard\TestInputs\TestData.xls
[INFO ][2016-02-04 18:44:21,804][com.java.TestType] [  493] -  str(1) = 2
[INFO ][2016-02-04 18:44:21,804][com.java.TestType] [  496] - Test case Id is---2
[INFO ][2016-02-04 18:44:21,804][com.java.TestType] [  498] - 2
[INFO ][2016-02-04 18:44:21,804][com.java.TestType] [  493] -  str(2) = 1
[INFO ][2016-02-04 18:44:21,805][com.java.TestType] [  493] -  str(1) = 2
[INFO ][2016-02-04 18:44:21,805][com.java.TestType] [  496] - Test case Id is---2
[INFO ][2016-02-04 18:44:21,805][com.java.TestType] [  498] - 2
[INFO ][2016-02-04 18:44:21,805][com.java.TestType] [  493] -  str(2) = 2
[INFO ][2016-02-04 18:44:21,806][com.java.TestType] [  493] -  str(1) = 2
[INFO ][2016-02-04 18:44:21,806][com.java.TestType] [  496] - Test case Id is---2
[INFO ][2016-02-04 18:44:21,806][com.java.TestType] [  498] - 2
[INFO ][2016-02-04 18:44:21,806][com.java.TestType] [  493] -  str(2) = 3
[INFO ][2016-02-04 18:44:21,807][com.java.TestType] [12069] - Looping 1TCID = 2
[DEBUG][2016-02-04 18:44:21,807][com.java.TestType] [12110] - Concept ID:2 :: Step being Executed: 2::1
[INFO ][2016-02-04 18:44:21,807][com.java.TestType] [12148] - dataFields : BNK//select[@id='bank']
[DEBUG][2016-02-04 18:44:21,807][com.java.TestType] [12154] - <In Set values of the page>
[DEBUG][2016-02-04 18:44:21,807][com.java.TestType] [12159] - {Data Fields & Data Values Exist}
[INFO ][2016-02-04 18:44:21,807][com.java.TestType] [12165] - --------------------------setting values-----------------------------
[INFO ][2016-02-04 18:44:21,807][com.java.TestType] [12168] - Action Type : Select
[INFO ][2016-02-04 18:44:21,807][com.java.TestType] [ 6727] - value = PFC
[INFO ][2016-02-04 18:44:22,019][com.java.TestType] [12187] -  RESULT true
[INFO ][2016-02-04 18:44:22,019][com.java.TestType] [12304] - ?   P A S S   ?
[DEBUG][2016-02-04 18:44:22,019][com.java.TestType] [12110] - Concept ID:2 :: Step being Executed: 2::2
[INFO ][2016-02-04 18:44:22,019][com.java.TestType] [12148] - dataFields : LNKLogout
[DEBUG][2016-02-04 18:44:22,020][com.java.TestType] [12154] - <In Set values of the page>
[DEBUG][2016-02-04 18:44:22,020][com.java.TestType] [12159] - {Data Fields & Data Values Exist}
[INFO ][2016-02-04 18:44:22,020][com.java.TestType] [12165] - --------------------------setting values-----------------------------
[INFO ][2016-02-04 18:44:22,020][com.java.TestType] [12168] - Action Type : WaitTime
[DEBUG][2016-02-04 18:44:22,020][com.java.TestType] [ 6541] - sleepTime: 5000
[INFO ][2016-02-04 18:44:27,020][com.java.TestType] [12187] -  RESULT true
[INFO ][2016-02-04 18:44:27,020][com.java.TestType] [12304] - ?   P A S S   ?
[DEBUG][2016-02-04 18:44:27,020][com.java.TestType] [12110] - Concept ID:2 :: Step being Executed: 2::3
[INFO ][2016-02-04 18:44:27,020][com.java.TestType] [12148] - dataFields : LNKLogout
[DEBUG][2016-02-04 18:44:27,020][com.java.TestType] [12154] - <In Set values of the page>
[DEBUG][2016-02-04 18:44:27,020][com.java.TestType] [12159] - {Data Fields & Data Values Exist}
[INFO ][2016-02-04 18:44:27,020][com.java.TestType] [12165] - --------------------------setting values-----------------------------
[INFO ][2016-02-04 18:44:27,020][com.java.TestType] [12168] - Action Type : WaitForElement
[INFO ][2016-02-04 18:44:27,087][com.java.TestType] [12187] -  RESULT true
[INFO ][2016-02-04 18:44:27,087][com.java.TestType] [12304] - ?   P A S S   ?
[INFO ][2016-02-04 18:44:27,087][com.java.TestType] [12375] - Looping End......
[INFO ][2016-02-04 18:44:27,089][com.java.SeleniumDriver] [  930] -  RESULT true
[INFO ][2016-02-04 18:44:27,089][com.java.SeleniumDriver] [ 1136] - ?   P A S S   ?
[INFO ][2016-02-04 18:44:27,089][com.java.SeleniumDriver] [  856] - ------------------------------------------
[INFO ][2016-02-04 18:44:27,089][com.java.SeleniumDriver] [  857] - Test case being Executed: 4
[INFO ][2016-02-04 18:44:27,089][com.java.SeleniumDriver] [  869] - Test step:4
[INFO ][2016-02-04 18:44:27,089][com.java.SeleniumDriver] [  881] - Datavalue is----------null
[DEBUG][2016-02-04 18:44:27,091][com.java.SeleniumDriver] [  899] - Exception: null
[INFO ][2016-02-04 18:44:27,091][com.java.SeleniumDriver] [  905] - DataField : //span[@class="icon-cog2"]&&//a[text()='Customize']&&//a[@data-id="TabletAlerts"]
[INFO ][2016-02-04 18:44:27,091][com.java.SeleniumDriver] [  907] - DataValue : 
[INFO ][2016-02-04 18:44:27,091][com.java.SeleniumDriver] [  913] - <In Set values of the page>
[INFO ][2016-02-04 18:44:27,091][com.java.SeleniumDriver] [  916] - {Data Fields & Data Values Exist}
[INFO ][2016-02-04 18:44:27,091][com.java.SeleniumDriver] [  918] - --------------------------setting values-----------------------------
[INFO ][2016-02-04 18:44:27,091][com.java.SeleniumDriver] [  921] - Action Type : MOUSEOVER
[INFO ][2016-02-04 18:45:11,880][com.java.SeleniumDriver] [  930] -  RESULT true
[INFO ][2016-02-04 18:45:11,881][com.java.SeleniumDriver] [ 1136] - ?   P A S S   ?
[INFO ][2016-02-04 18:45:11,881][com.java.SeleniumDriver] [  856] - ------------------------------------------
[INFO ][2016-02-04 18:45:11,881][com.java.SeleniumDriver] [  857] - Test case being Executed: 4
[INFO ][2016-02-04 18:45:11,881][com.java.SeleniumDriver] [  869] - Test step:5
[INFO ][2016-02-04 18:45:11,881][com.java.SeleniumDriver] [  881] - Datavalue is----------My Alerts
[INFO ][2016-02-04 18:45:11,881][com.java.SeleniumDriver] [  905] - DataField : XPH//span[@class='ui-dialog-title']
[INFO ][2016-02-04 18:45:11,881][com.java.SeleniumDriver] [  907] - DataValue : My Alerts
[INFO ][2016-02-04 18:45:11,881][com.java.SeleniumDriver] [  913] - <In Set values of the page>
[INFO ][2016-02-04 18:45:11,881][com.java.SeleniumDriver] [  916] - {Data Fields & Data Values Exist}
[INFO ][2016-02-04 18:45:11,881][com.java.SeleniumDriver] [  918] - --------------------------setting values-----------------------------
[INFO ][2016-02-04 18:45:11,881][com.java.SeleniumDriver] [  921] - Action Type : verify
[INFO ][2016-02-04 18:45:11,881][com.java.TestType] [ 8335] - field= XPH//span[@class='ui-dialog-title'] value= My Alerts
[INFO ][2016-02-04 18:45:11,881][com.java.TestType] [ 6727] - value = My Alerts
[INFO ][2016-02-04 18:45:12,047][com.java.SeleniumDriver] [  930] -  RESULT true
[INFO ][2016-02-04 18:45:12,047][com.java.SeleniumDriver] [ 1136] - ?   P A S S   ?
[INFO ][2016-02-04 18:45:12,048][com.java.SeleniumDriver] [  856] - ------------------------------------------
[INFO ][2016-02-04 18:45:12,048][com.java.SeleniumDriver] [  857] - Test case being Executed: 4
[INFO ][2016-02-04 18:45:12,048][com.java.SeleniumDriver] [  869] - Test step:6
[INFO ][2016-02-04 18:45:12,048][com.java.SeleniumDriver] [  881] - Datavalue is----------null
[DEBUG][2016-02-04 18:45:12,048][com.java.SeleniumDriver] [  899] - Exception: null
[INFO ][2016-02-04 18:45:12,048][com.java.SeleniumDriver] [  905] - DataField : BTNframeDialogContent
[INFO ][2016-02-04 18:45:12,048][com.java.SeleniumDriver] [  907] - DataValue : 
[INFO ][2016-02-04 18:45:12,048][com.java.SeleniumDriver] [  913] - <In Set values of the page>
[INFO ][2016-02-04 18:45:12,048][com.java.SeleniumDriver] [  916] - {Data Fields & Data Values Exist}
[INFO ][2016-02-04 18:45:12,048][com.java.SeleniumDriver] [  918] - --------------------------setting values-----------------------------
[INFO ][2016-02-04 18:45:12,048][com.java.SeleniumDriver] [  921] - Action Type : SELECTFRAME
[INFO ][2016-02-04 18:45:13,435][com.java.SeleniumDriver] [  930] -  RESULT true
[INFO ][2016-02-04 18:45:13,436][com.java.SeleniumDriver] [ 1136] - ?   P A S S   ?
[INFO ][2016-02-04 18:45:13,436][com.java.SeleniumDriver] [  856] - ------------------------------------------
[INFO ][2016-02-04 18:45:13,436][com.java.SeleniumDriver] [  857] - Test case being Executed: 4
[INFO ][2016-02-04 18:45:13,436][com.java.SeleniumDriver] [  869] - Test step:7
[INFO ][2016-02-04 18:45:13,436][com.java.SeleniumDriver] [  881] - Datavalue is----------Income Statement
[INFO ][2016-02-04 18:45:13,436][com.java.SeleniumDriver] [  905] - DataField : XPH//span[contains(text(),'Income Statement')]
[INFO ][2016-02-04 18:45:13,436][com.java.SeleniumDriver] [  907] - DataValue : Income Statement
[INFO ][2016-02-04 18:45:13,436][com.java.SeleniumDriver] [  913] - <In Set values of the page>
[INFO ][2016-02-04 18:45:13,436][com.java.SeleniumDriver] [  916] - {Data Fields & Data Values Exist}
[INFO ][2016-02-04 18:45:13,436][com.java.SeleniumDriver] [  918] - --------------------------setting values-----------------------------
[INFO ][2016-02-04 18:45:13,436][com.java.SeleniumDriver] [  921] - Action Type : VERIFY
[INFO ][2016-02-04 18:45:13,436][com.java.TestType] [ 8335] - field= XPH//span[contains(text(),'Income Statement')] value= Income Statement
[INFO ][2016-02-04 18:45:13,437][com.java.TestType] [ 6727] - value = Income Statement
[INFO ][2016-02-04 18:45:13,502][com.java.SeleniumDriver] [  930] -  RESULT true
[INFO ][2016-02-04 18:45:13,502][com.java.SeleniumDriver] [ 1136] - ?   P A S S   ?
[INFO ][2016-02-04 18:45:13,502][com.java.SeleniumDriver] [  856] - ------------------------------------------
[INFO ][2016-02-04 18:45:13,502][com.java.SeleniumDriver] [  857] - Test case being Executed: 4
[INFO ][2016-02-04 18:45:13,502][com.java.SeleniumDriver] [  869] - Test step:8
[INFO ][2016-02-04 18:45:13,502][com.java.SeleniumDriver] [  881] - Datavalue is----------null
[DEBUG][2016-02-04 18:45:13,502][com.java.SeleniumDriver] [  899] - Exception: null
[INFO ][2016-02-04 18:45:13,502][com.java.SeleniumDriver] [  905] - DataField : XPH//span[contains(text(),'Income Statement')]
[INFO ][2016-02-04 18:45:13,503][com.java.SeleniumDriver] [  907] - DataValue : 
[INFO ][2016-02-04 18:45:13,503][com.java.SeleniumDriver] [  913] - <In Set values of the page>
[INFO ][2016-02-04 18:45:13,503][com.java.SeleniumDriver] [  916] - {Data Fields & Data Values Exist}
[INFO ][2016-02-04 18:45:13,503][com.java.SeleniumDriver] [  918] - --------------------------setting values-----------------------------
[INFO ][2016-02-04 18:45:13,503][com.java.SeleniumDriver] [  921] - Action Type : CLICK
[INFO ][2016-02-04 18:45:13,503][com.java.TestType] [ 7106] - Field ::XPH//span[contains(text(),'Income Statement')]
[INFO ][2016-02-04 18:45:13,503][com.java.TestType] [ 6727] - value = 
[INFO ][2016-02-04 18:45:14,503][com.java.TestType] [ 7279] - BEFORE CLICK
[INFO ][2016-02-04 18:45:15,375][com.java.TestType] [ 7287] - Unable to click the object Income Statement
[INFO ][2016-02-04 18:45:15,375][com.java.SeleniumDriver] [  930] -  RESULT true
[INFO ][2016-02-04 18:45:15,375][com.java.SeleniumDriver] [ 1136] - ?   P A S S   ?
[INFO ][2016-02-04 18:45:15,375][com.java.SeleniumDriver] [  856] - ------------------------------------------
[INFO ][2016-02-04 18:45:15,375][com.java.SeleniumDriver] [  857] - Test case being Executed: 4
[INFO ][2016-02-04 18:45:15,375][com.java.SeleniumDriver] [  869] - Test step:9
[INFO ][2016-02-04 18:45:15,375][com.java.SeleniumDriver] [  881] - Datavalue is----------5
[INFO ][2016-02-04 18:45:15,375][com.java.SeleniumDriver] [  905] - DataField : test
[INFO ][2016-02-04 18:45:15,375][com.java.SeleniumDriver] [  907] - DataValue : 5
[INFO ][2016-02-04 18:45:15,375][com.java.SeleniumDriver] [  913] - <In Set values of the page>
[INFO ][2016-02-04 18:45:15,375][com.java.SeleniumDriver] [  916] - {Data Fields & Data Values Exist}
[INFO ][2016-02-04 18:45:15,375][com.java.SeleniumDriver] [  918] - --------------------------setting values-----------------------------
[INFO ][2016-02-04 18:45:15,376][com.java.SeleniumDriver] [  921] - Action Type : WAITTIME
[DEBUG][2016-02-04 18:45:15,376][com.java.TestType] [ 6541] - sleepTime: 5000
[INFO ][2016-02-04 18:45:20,376][com.java.SeleniumDriver] [  930] -  RESULT true
[INFO ][2016-02-04 18:45:20,376][com.java.SeleniumDriver] [ 1136] - ?   P A S S   ?
[INFO ][2016-02-04 18:45:20,376][com.java.SeleniumDriver] [  856] - ------------------------------------------
[INFO ][2016-02-04 18:45:20,376][com.java.SeleniumDriver] [  857] - Test case being Executed: 4
[INFO ][2016-02-04 18:45:20,376][com.java.SeleniumDriver] [  869] - Test step:10
[INFO ][2016-02-04 18:45:20,376][com.java.SeleniumDriver] [  881] - Datavalue is----------4.00
[INFO ][2016-02-04 18:45:20,376][com.java.SeleniumDriver] [  905] - DataField : TXT//table[@id="IncomeTbl" ]/tbody//td[4]/input[@class="perVal"]
[INFO ][2016-02-04 18:45:20,376][com.java.SeleniumDriver] [  907] - DataValue : 4.00
[INFO ][2016-02-04 18:45:20,376][com.java.SeleniumDriver] [  913] - <In Set values of the page>
[INFO ][2016-02-04 18:45:20,376][com.java.SeleniumDriver] [  916] - {Data Fields & Data Values Exist}
[INFO ][2016-02-04 18:45:20,376][com.java.SeleniumDriver] [  918] - --------------------------setting values-----------------------------
[INFO ][2016-02-04 18:45:20,377][com.java.SeleniumDriver] [  921] - Action Type : CLEARANDENTER
[INFO ][2016-02-04 18:45:20,499][com.java.TestType] [ 6727] - value = 4.00
[INFO ][2016-02-04 18:45:20,655][com.java.SeleniumDriver] [  930] -  RESULT true
[INFO ][2016-02-04 18:45:20,655][com.java.SeleniumDriver] [ 1136] - ?   P A S S   ?
[INFO ][2016-02-04 18:45:20,655][com.java.SeleniumDriver] [  856] - ------------------------------------------
[INFO ][2016-02-04 18:45:20,655][com.java.SeleniumDriver] [  857] - Test case being Executed: 4
[INFO ][2016-02-04 18:45:20,655][com.java.SeleniumDriver] [  869] - Test step:11
[INFO ][2016-02-04 18:45:20,655][com.java.SeleniumDriver] [  881] - Datavalue is----------null
[DEBUG][2016-02-04 18:45:20,655][com.java.SeleniumDriver] [  899] - Exception: null
[INFO ][2016-02-04 18:45:20,655][com.java.SeleniumDriver] [  905] - DataField : BTNparent
[INFO ][2016-02-04 18:45:20,655][com.java.SeleniumDriver] [  907] - DataValue : 
[INFO ][2016-02-04 18:45:20,655][com.java.SeleniumDriver] [  913] - <In Set values of the page>
[INFO ][2016-02-04 18:45:20,656][com.java.SeleniumDriver] [  916] - {Data Fields & Data Values Exist}
[INFO ][2016-02-04 18:45:20,656][com.java.SeleniumDriver] [  918] - --------------------------setting values-----------------------------
[INFO ][2016-02-04 18:45:20,656][com.java.SeleniumDriver] [  921] - Action Type : SELECTFRAME
[INFO ][2016-02-04 18:45:20,671][com.java.SeleniumDriver] [  930] -  RESULT true
[INFO ][2016-02-04 18:45:20,671][com.java.SeleniumDriver] [ 1136] - ?   P A S S   ?
[INFO ][2016-02-04 18:45:20,671][com.java.SeleniumDriver] [  856] - ------------------------------------------
[INFO ][2016-02-04 18:45:20,671][com.java.SeleniumDriver] [  857] - Test case being Executed: 4
[INFO ][2016-02-04 18:45:20,671][com.java.SeleniumDriver] [  869] - Test step:12
[INFO ][2016-02-04 18:45:20,671][com.java.SeleniumDriver] [  881] - Datavalue is----------null
[DEBUG][2016-02-04 18:45:20,671][com.java.SeleniumDriver] [  899] - Exception: null
[INFO ][2016-02-04 18:45:20,671][com.java.SeleniumDriver] [  905] - DataField : HDN//span[contains(text(),'Save')]
[INFO ][2016-02-04 18:45:20,671][com.java.SeleniumDriver] [  907] - DataValue : 
[INFO ][2016-02-04 18:45:20,671][com.java.SeleniumDriver] [  913] - <In Set values of the page>
[INFO ][2016-02-04 18:45:20,671][com.java.SeleniumDriver] [  916] - {Data Fields & Data Values Exist}
[INFO ][2016-02-04 18:45:20,672][com.java.SeleniumDriver] [  918] - --------------------------setting values-----------------------------
[INFO ][2016-02-04 18:45:20,673][com.java.SeleniumDriver] [  921] - Action Type : CLICK
[INFO ][2016-02-04 18:45:20,673][com.java.TestType] [ 7106] - Field ::HDN//span[contains(text(),'Save')]
[INFO ][2016-02-04 18:45:20,673][com.java.TestType] [ 6727] - value = 
[INFO ][2016-02-04 18:45:22,042][com.java.SeleniumDriver] [  930] -  RESULT true
[INFO ][2016-02-04 18:45:22,042][com.java.SeleniumDriver] [ 1136] - ?   P A S S   ?
[INFO ][2016-02-04 18:45:22,042][com.java.SeleniumDriver] [  856] - ------------------------------------------
[INFO ][2016-02-04 18:45:22,042][com.java.SeleniumDriver] [  857] - Test case being Executed: 4
[INFO ][2016-02-04 18:45:22,042][com.java.SeleniumDriver] [  869] - Test step:13
[INFO ][2016-02-04 18:45:22,042][com.java.SeleniumDriver] [  881] - Datavalue is----------null
[DEBUG][2016-02-04 18:45:22,043][com.java.SeleniumDriver] [  899] - Exception: null
[INFO ][2016-02-04 18:45:22,043][com.java.SeleniumDriver] [  905] - DataField : XPH//span[@class="glyphicon glyphicon-bell"]
[INFO ][2016-02-04 18:45:22,043][com.java.SeleniumDriver] [  907] - DataValue : 
[INFO ][2016-02-04 18:45:22,043][com.java.SeleniumDriver] [  913] - <In Set values of the page>
[INFO ][2016-02-04 18:45:22,043][com.java.SeleniumDriver] [  916] - {Data Fields & Data Values Exist}
[INFO ][2016-02-04 18:45:22,043][com.java.SeleniumDriver] [  918] - --------------------------setting values-----------------------------
[INFO ][2016-02-04 18:45:22,043][com.java.SeleniumDriver] [  921] - Action Type : CLICK
[INFO ][2016-02-04 18:45:22,043][com.java.TestType] [ 7106] - Field ::XPH//span[@class="glyphicon glyphicon-bell"]
[INFO ][2016-02-04 18:45:22,043][com.java.TestType] [ 6727] - value = 
[INFO ][2016-02-04 18:45:23,043][com.java.TestType] [ 7279] - BEFORE CLICK
[INFO ][2016-02-04 18:45:24,417][com.java.TestType] [ 7287] - Unable to click the object Click on  bell symbol
[INFO ][2016-02-04 18:45:24,417][com.java.SeleniumDriver] [  930] -  RESULT true
[INFO ][2016-02-04 18:45:24,417][com.java.SeleniumDriver] [ 1136] - ?   P A S S   ?
[INFO ][2016-02-04 18:45:24,417][com.java.SeleniumDriver] [  856] - ------------------------------------------
[INFO ][2016-02-04 18:45:24,417][com.java.SeleniumDriver] [  857] - Test case being Executed: 4
[INFO ][2016-02-04 18:45:24,417][com.java.SeleniumDriver] [  869] - Test step:14
[INFO ][2016-02-04 18:45:24,417][com.java.SeleniumDriver] [  881] - Datavalue is----------null
[DEBUG][2016-02-04 18:45:24,417][com.java.SeleniumDriver] [  899] - Exception: null
[INFO ][2016-02-04 18:45:24,417][com.java.SeleniumDriver] [  905] - DataField : XPH//div[@class='body']/div[4]/div[2]
[INFO ][2016-02-04 18:45:24,417][com.java.SeleniumDriver] [  907] - DataValue : 
[INFO ][2016-02-04 18:45:24,417][com.java.SeleniumDriver] [  913] - <In Set values of the page>
[INFO ][2016-02-04 18:45:24,418][com.java.SeleniumDriver] [  916] - {Data Fields & Data Values Exist}
[INFO ][2016-02-04 18:45:24,418][com.java.SeleniumDriver] [  918] - --------------------------setting values-----------------------------
[INFO ][2016-02-04 18:45:24,418][com.java.SeleniumDriver] [  921] - Action Type : CLICK
[INFO ][2016-02-04 18:45:24,418][com.java.TestType] [ 7106] - Field ::XPH//div[@class='body']/div[4]/div[2]
[INFO ][2016-02-04 18:45:24,418][com.java.TestType] [ 6727] - value = 
[INFO ][2016-02-04 18:45:25,418][com.java.TestType] [ 7279] - BEFORE CLICK
[INFO ][2016-02-04 18:45:26,379][com.java.TestType] [ 7287] - Unable to click the object Click on the Today's Alert Page
[INFO ][2016-02-04 18:45:26,379][com.java.SeleniumDriver] [  930] -  RESULT true
[INFO ][2016-02-04 18:45:26,379][com.java.SeleniumDriver] [ 1136] - ?   P A S S   ?
[INFO ][2016-02-04 18:45:26,379][com.java.SeleniumDriver] [  856] - ------------------------------------------
[INFO ][2016-02-04 18:45:26,379][com.java.SeleniumDriver] [  857] - Test case being Executed: 4
[INFO ][2016-02-04 18:45:26,379][com.java.SeleniumDriver] [  869] - Test step:15
[INFO ][2016-02-04 18:45:26,379][com.java.SeleniumDriver] [  881] - Datavalue is----------//div[@class="menu-drawer"]//span
[INFO ][2016-02-04 18:45:26,379][com.java.SeleniumDriver] [  905] - DataField : BTN
[INFO ][2016-02-04 18:45:26,379][com.java.SeleniumDriver] [  907] - DataValue : //div[@class="menu-drawer"]//span
[INFO ][2016-02-04 18:45:26,379][com.java.SeleniumDriver] [  913] - <In Set values of the page>
[INFO ][2016-02-04 18:45:26,379][com.java.SeleniumDriver] [  916] - {Data Fields & Data Values Exist}
[INFO ][2016-02-04 18:45:26,380][com.java.SeleniumDriver] [  918] - --------------------------setting values-----------------------------
[INFO ][2016-02-04 18:45:26,380][com.java.SeleniumDriver] [  921] - Action Type : VERIFY
[INFO ][2016-02-04 18:45:26,380][com.java.TestType] [ 8335] - field= BTN value= //div[@class="menu-drawer"]//span
[INFO ][2016-02-04 18:45:26,380][com.java.TestType] [ 6727] - value = //div[@class="menu-drawer"]//span
[INFO ][2016-02-04 18:45:26,471][com.java.SeleniumDriver] [  930] -  RESULT true
[INFO ][2016-02-04 18:45:26,472][com.java.SeleniumDriver] [ 1136] - ?   P A S S   ?
[INFO ][2016-02-04 18:45:26,472][com.java.SeleniumDriver] [  856] - ------------------------------------------
[INFO ][2016-02-04 18:45:26,472][com.java.SeleniumDriver] [  857] - Test case being Executed: 4
[INFO ][2016-02-04 18:45:26,472][com.java.SeleniumDriver] [  869] - Test step:16
[INFO ][2016-02-04 18:45:26,472][com.java.SeleniumDriver] [  881] - Datavalue is----------//div[@id='isAlertsHeading']/h4
[INFO ][2016-02-04 18:45:26,472][com.java.SeleniumDriver] [  905] - DataField : BTN
[INFO ][2016-02-04 18:45:26,472][com.java.SeleniumDriver] [  907] - DataValue : //div[@id='isAlertsHeading']/h4
[INFO ][2016-02-04 18:45:26,472][com.java.SeleniumDriver] [  913] - <In Set values of the page>
[INFO ][2016-02-04 18:45:26,472][com.java.SeleniumDriver] [  916] - {Data Fields & Data Values Exist}
[INFO ][2016-02-04 18:45:26,472][com.java.SeleniumDriver] [  918] - --------------------------setting values-----------------------------
[INFO ][2016-02-04 18:45:26,472][com.java.SeleniumDriver] [  921] - Action Type : VERIFY
[INFO ][2016-02-04 18:45:26,472][com.java.TestType] [ 8335] - field= BTN value= //div[@id='isAlertsHeading']/h4
[INFO ][2016-02-04 18:45:26,472][com.java.TestType] [ 6727] - value = //div[@id='isAlertsHeading']/h4
[INFO ][2016-02-04 18:45:26,542][com.java.SeleniumDriver] [  930] -  RESULT true
[INFO ][2016-02-04 18:45:26,542][com.java.SeleniumDriver] [ 1136] - ?   P A S S   ?
[INFO ][2016-02-04 18:45:26,542][com.java.SeleniumDriver] [  856] - ------------------------------------------
[INFO ][2016-02-04 18:45:26,542][com.java.SeleniumDriver] [  857] - Test case being Executed: 4
[INFO ][2016-02-04 18:45:26,542][com.java.SeleniumDriver] [  869] - Test step:17
[INFO ][2016-02-04 18:45:26,543][com.java.SeleniumDriver] [  881] - Datavalue is----------null
[DEBUG][2016-02-04 18:45:26,543][com.java.SeleniumDriver] [  899] - Exception: null
[INFO ][2016-02-04 18:45:26,543][com.java.SeleniumDriver] [  905] - DataField : XPH//div[@class="panel panel-default ng-scope"]/div[@id='isAlertsHeading']/h4
[INFO ][2016-02-04 18:45:26,543][com.java.SeleniumDriver] [  907] - DataValue : 
[INFO ][2016-02-04 18:45:26,543][com.java.SeleniumDriver] [  913] - <In Set values of the page>
[INFO ][2016-02-04 18:45:26,543][com.java.SeleniumDriver] [  916] - {Data Fields & Data Values Exist}
[INFO ][2016-02-04 18:45:26,543][com.java.SeleniumDriver] [  918] - --------------------------setting values-----------------------------
[INFO ][2016-02-04 18:45:26,543][com.java.SeleniumDriver] [  921] - Action Type : CLICK
[INFO ][2016-02-04 18:45:26,543][com.java.TestType] [ 7106] - Field ::XPH//div[@class="panel panel-default ng-scope"]/div[@id='isAlertsHeading']/h4
[INFO ][2016-02-04 18:45:26,543][com.java.TestType] [ 6727] - value = 
[INFO ][2016-02-04 18:45:27,543][com.java.TestType] [ 7279] - BEFORE CLICK
[INFO ][2016-02-04 18:45:28,490][com.java.TestType] [ 7287] - Unable to click the object Click on Income Statement tab
[INFO ][2016-02-04 18:45:28,490][com.java.SeleniumDriver] [  930] -  RESULT true
[INFO ][2016-02-04 18:45:28,490][com.java.SeleniumDriver] [ 1136] - ?   P A S S   ?
[INFO ][2016-02-04 18:45:28,490][com.java.SeleniumDriver] [  856] - ------------------------------------------
[INFO ][2016-02-04 18:45:28,490][com.java.SeleniumDriver] [  857] - Test case being Executed: 4
[INFO ][2016-02-04 18:45:28,490][com.java.SeleniumDriver] [  869] - Test step:18
[INFO ][2016-02-04 18:45:28,490][com.java.SeleniumDriver] [  881] - Datavalue is----------3
[INFO ][2016-02-04 18:45:28,490][com.java.SeleniumDriver] [  905] - DataField : null
[INFO ][2016-02-04 18:45:28,490][com.java.SeleniumDriver] [  907] - DataValue : 3
[INFO ][2016-02-04 18:45:28,490][com.java.SeleniumDriver] [  913] - <In Set values of the page>
[INFO ][2016-02-04 18:45:28,490][com.java.SeleniumDriver] [  916] - {Data Fields & Data Values Exist}
[INFO ][2016-02-04 18:45:28,491][com.java.SeleniumDriver] [  918] - --------------------------setting values-----------------------------
[INFO ][2016-02-04 18:45:28,491][com.java.SeleniumDriver] [  921] - Action Type : WAITTIME
[DEBUG][2016-02-04 18:45:28,491][com.java.TestType] [ 6541] - sleepTime: 3000
[INFO ][2016-02-04 18:45:31,491][com.java.SeleniumDriver] [  930] -  RESULT true
[INFO ][2016-02-04 18:45:31,491][com.java.SeleniumDriver] [ 1136] - ?   P A S S   ?
[INFO ][2016-02-04 18:45:31,491][com.java.SeleniumDriver] [  856] - ------------------------------------------
[INFO ][2016-02-04 18:45:31,491][com.java.SeleniumDriver] [  857] - Test case being Executed: 4
[INFO ][2016-02-04 18:45:31,491][com.java.SeleniumDriver] [  869] - Test step:19
[INFO ][2016-02-04 18:45:31,491][com.java.SeleniumDriver] [  881] - Datavalue is----------glyphicon-play down
[INFO ][2016-02-04 18:45:31,491][com.java.SeleniumDriver] [  905] - DataField : CCM//div[@class="panel panel-default ng-scope"]/div[@id='isAlertsHeading']/h4/span
[INFO ][2016-02-04 18:45:31,491][com.java.SeleniumDriver] [  907] - DataValue : glyphicon-play down
[INFO ][2016-02-04 18:45:31,491][com.java.SeleniumDriver] [  913] - <In Set values of the page>
[INFO ][2016-02-04 18:45:31,491][com.java.SeleniumDriver] [  916] - {Data Fields & Data Values Exist}
[INFO ][2016-02-04 18:45:31,491][com.java.SeleniumDriver] [  918] - --------------------------setting values-----------------------------
[INFO ][2016-02-04 18:45:31,491][com.java.SeleniumDriver] [  921] - Action Type : VERIFY
[INFO ][2016-02-04 18:45:31,492][com.java.TestType] [ 8335] - field= CCM//div[@class="panel panel-default ng-scope"]/div[@id='isAlertsHeading']/h4/span value= glyphicon-play down
[INFO ][2016-02-04 18:45:31,492][com.java.TestType] [ 6727] - value = glyphicon-play down
[DEBUG][2016-02-04 18:45:31,492][com.java.TestType] [ 9661] - Exception: glyphicon-play down
[DEBUG][2016-02-04 18:45:31,492][com.java.TestType] [ 9664] - Element not replaced::glyphicon-play down
[INFO ][2016-02-04 18:45:31,492][com.java.SeleniumDriver] [  930] -  RESULT false
[INFO ][2016-02-04 18:45:31,492][com.java.SeleniumDriver] [  977] - ?   F A I L   ?
[INFO ][2016-02-04 18:45:31,492][com.java.SeleniumDriver] [  985] - Browser Type : IE10
[INFO ][2016-02-04 18:45:31,492][com.java.SeleniumDriver] [  986] - Adding Failed case4
[DEBUG][2016-02-04 18:45:31,589][com.java.SeleniumDriver] [ 1054] -  tdd.getCondition() IF:23:Next
[INFO ][2016-02-04 18:45:31,589][com.java.SeleniumDriver] [ 1058] - Continue next step...
[INFO ][2016-02-04 18:45:31,589][com.java.SeleniumDriver] [  856] - ------------------------------------------
[INFO ][2016-02-04 18:45:31,589][com.java.SeleniumDriver] [  857] - Test case being Executed: 4
[INFO ][2016-02-04 18:45:31,589][com.java.SeleniumDriver] [  869] - Test step:20
[INFO ][2016-02-04 18:45:31,590][com.java.SeleniumDriver] [  881] - Datavalue is----------2
[INFO ][2016-02-04 18:45:31,590][com.java.SeleniumDriver] [  905] - DataField : null
[INFO ][2016-02-04 18:45:31,590][com.java.SeleniumDriver] [  907] - DataValue : 2
[INFO ][2016-02-04 18:45:31,590][com.java.SeleniumDriver] [  913] - <In Set values of the page>
[INFO ][2016-02-04 18:45:31,590][com.java.SeleniumDriver] [  916] - {Data Fields & Data Values Exist}
[INFO ][2016-02-04 18:45:31,590][com.java.SeleniumDriver] [  918] - --------------------------setting values-----------------------------
[INFO ][2016-02-04 18:45:31,590][com.java.SeleniumDriver] [  921] - Action Type : WAITTIME
[DEBUG][2016-02-04 18:45:31,590][com.java.TestType] [ 6541] - sleepTime: 2000
[INFO ][2016-02-04 18:45:33,590][com.java.SeleniumDriver] [  930] -  RESULT true
[INFO ][2016-02-04 18:45:33,590][com.java.SeleniumDriver] [ 1136] - ?   P A S S   ?
[INFO ][2016-02-04 18:45:33,590][com.java.SeleniumDriver] [  856] - ------------------------------------------
[INFO ][2016-02-04 18:45:33,590][com.java.SeleniumDriver] [  857] - Test case being Executed: 4
[INFO ][2016-02-04 18:45:33,590][com.java.SeleniumDriver] [  869] - Test step:21
[INFO ][2016-02-04 18:45:33,590][com.java.SeleniumDriver] [  881] - Datavalue is----------null
[DEBUG][2016-02-04 18:45:33,590][com.java.SeleniumDriver] [  899] - Exception: null
[INFO ][2016-02-04 18:45:33,590][com.java.SeleniumDriver] [  905] - DataField : XPH//div[@class="panel panel-default ng-scope"]/div[@id='isAlertsHeading']/h4
[INFO ][2016-02-04 18:45:33,590][com.java.SeleniumDriver] [  907] - DataValue : 
[INFO ][2016-02-04 18:45:33,590][com.java.SeleniumDriver] [  913] - <In Set values of the page>
[INFO ][2016-02-04 18:45:33,590][com.java.SeleniumDriver] [  916] - {Data Fields & Data Values Exist}
[INFO ][2016-02-04 18:45:33,590][com.java.SeleniumDriver] [  918] - --------------------------setting values-----------------------------
[INFO ][2016-02-04 18:45:33,591][com.java.SeleniumDriver] [  921] - Action Type : CLICK
[INFO ][2016-02-04 18:45:33,591][com.java.TestType] [ 7106] - Field ::XPH//div[@class="panel panel-default ng-scope"]/div[@id='isAlertsHeading']/h4
[INFO ][2016-02-04 18:45:33,591][com.java.TestType] [ 6727] - value = 
[INFO ][2016-02-04 18:45:34,591][com.java.TestType] [ 7279] - BEFORE CLICK
[INFO ][2016-02-04 18:45:35,524][com.java.TestType] [ 7287] - Unable to click the object Click on Income Statement tab
[INFO ][2016-02-04 18:45:35,524][com.java.SeleniumDriver] [  930] -  RESULT true
[INFO ][2016-02-04 18:45:35,524][com.java.SeleniumDriver] [ 1136] - ?   P A S S   ?
[INFO ][2016-02-04 18:45:35,524][com.java.SeleniumDriver] [  856] - ------------------------------------------
[INFO ][2016-02-04 18:45:35,524][com.java.SeleniumDriver] [  857] - Test case being Executed: 4
[INFO ][2016-02-04 18:45:35,524][com.java.SeleniumDriver] [  869] - Test step:22
[INFO ][2016-02-04 18:45:35,524][com.java.SeleniumDriver] [  881] - Datavalue is----------2
[INFO ][2016-02-04 18:45:35,524][com.java.SeleniumDriver] [  905] - DataField : null
[INFO ][2016-02-04 18:45:35,524][com.java.SeleniumDriver] [  907] - DataValue : 2
[INFO ][2016-02-04 18:45:35,524][com.java.SeleniumDriver] [  913] - <In Set values of the page>
[INFO ][2016-02-04 18:45:35,524][com.java.SeleniumDriver] [  916] - {Data Fields & Data Values Exist}
[INFO ][2016-02-04 18:45:35,524][com.java.SeleniumDriver] [  918] - --------------------------setting values-----------------------------
[INFO ][2016-02-04 18:45:35,525][com.java.SeleniumDriver] [  921] - Action Type : WAITTIME
[DEBUG][2016-02-04 18:45:35,525][com.java.TestType] [ 6541] - sleepTime: 2000
[INFO ][2016-02-04 18:45:37,526][com.java.SeleniumDriver] [  930] -  RESULT true
[INFO ][2016-02-04 18:45:37,526][com.java.SeleniumDriver] [ 1136] - ?   P A S S   ?
[INFO ][2016-02-04 18:45:37,526][com.java.SeleniumDriver] [  856] - ------------------------------------------
[INFO ][2016-02-04 18:45:37,527][com.java.SeleniumDriver] [  857] - Test case being Executed: 4
[INFO ][2016-02-04 18:45:37,527][com.java.SeleniumDriver] [  869] - Test step:23
[INFO ][2016-02-04 18:45:37,527][com.java.SeleniumDriver] [  881] - Datavalue is----------null
[DEBUG][2016-02-04 18:45:37,527][com.java.SeleniumDriver] [  899] - Exception: null
[INFO ][2016-02-04 18:45:37,527][com.java.SeleniumDriver] [  905] - DataField : XPH//div[@class="panel panel-default ng-scope"]/div[@id='isAlertsHeading']/h4
[INFO ][2016-02-04 18:45:37,527][com.java.SeleniumDriver] [  907] - DataValue : 
[INFO ][2016-02-04 18:45:37,527][com.java.SeleniumDriver] [  913] - <In Set values of the page>
[INFO ][2016-02-04 18:45:37,527][com.java.SeleniumDriver] [  916] - {Data Fields & Data Values Exist}
[INFO ][2016-02-04 18:45:37,527][com.java.SeleniumDriver] [  918] - --------------------------setting values-----------------------------
[INFO ][2016-02-04 18:45:37,527][com.java.SeleniumDriver] [  921] - Action Type : CLICK
[INFO ][2016-02-04 18:45:37,527][com.java.TestType] [ 7106] - Field ::XPH//div[@class="panel panel-default ng-scope"]/div[@id='isAlertsHeading']/h4
[INFO ][2016-02-04 18:45:37,527][com.java.TestType] [ 6727] - value = 
[INFO ][2016-02-04 18:45:38,527][com.java.TestType] [ 7279] - BEFORE CLICK
[INFO ][2016-02-04 18:45:39,434][com.java.TestType] [ 7287] - Unable to click the object Click on Income Statement tab
[INFO ][2016-02-04 18:45:39,434][com.java.SeleniumDriver] [  930] -  RESULT true
[INFO ][2016-02-04 18:45:39,434][com.java.SeleniumDriver] [ 1136] - ?   P A S S   ?
[INFO ][2016-02-04 18:45:39,436][com.java.SeleniumDriver] [  856] - ------------------------------------------
[INFO ][2016-02-04 18:45:39,436][com.java.SeleniumDriver] [  857] - Test case being Executed: 4
[INFO ][2016-02-04 18:45:39,436][com.java.SeleniumDriver] [  869] - Test step:24
[INFO ][2016-02-04 18:45:39,436][com.java.SeleniumDriver] [  881] - Datavalue is----------//*[@id='isAlertsContent']/div/div[1]/div[1]
[INFO ][2016-02-04 18:45:39,436][com.java.SeleniumDriver] [  905] - DataField : MSG
[INFO ][2016-02-04 18:45:39,436][com.java.SeleniumDriver] [  907] - DataValue : //*[@id='isAlertsContent']/div/div[1]/div[1]
[INFO ][2016-02-04 18:45:39,436][com.java.SeleniumDriver] [  913] - <In Set values of the page>
[INFO ][2016-02-04 18:45:39,436][com.java.SeleniumDriver] [  916] - {Data Fields & Data Values Exist}
[INFO ][2016-02-04 18:45:39,436][com.java.SeleniumDriver] [  918] - --------------------------setting values-----------------------------
[INFO ][2016-02-04 18:45:39,436][com.java.SeleniumDriver] [  921] - Action Type : VERIFYNOTPRESENT
[INFO ][2016-02-04 18:45:39,436][com.java.TestType] [10153] - field= MSG value= //*[@id='isAlertsContent']/div/div[1]/div[1]
[INFO ][2016-02-04 18:45:39,596][com.java.SeleniumDriver] [  930] -  RESULT true
[INFO ][2016-02-04 18:45:39,596][com.java.SeleniumDriver] [ 1136] - ?   P A S S   ?
[INFO ][2016-02-04 18:45:39,596][com.java.SeleniumDriver] [  856] - ------------------------------------------
[INFO ][2016-02-04 18:45:39,596][com.java.SeleniumDriver] [  857] - Test case being Executed: 4
[INFO ][2016-02-04 18:45:39,596][com.java.SeleniumDriver] [  869] - Test step:25
[INFO ][2016-02-04 18:45:39,596][com.java.SeleniumDriver] [  881] - Datavalue is----------numberofupdatesbeforerefreshing
[INFO ][2016-02-04 18:45:39,596][com.java.SeleniumDriver] [  905] - DataField : XPH//div[@id="isAlertsHeading"]//span[@class="badge pull-right ng-binding"]
[INFO ][2016-02-04 18:45:39,596][com.java.SeleniumDriver] [  907] - DataValue : numberofupdatesbeforerefreshing
[INFO ][2016-02-04 18:45:39,596][com.java.SeleniumDriver] [  913] - <In Set values of the page>
[INFO ][2016-02-04 18:45:39,596][com.java.SeleniumDriver] [  916] - {Data Fields & Data Values Exist}
[INFO ][2016-02-04 18:45:39,596][com.java.SeleniumDriver] [  918] - --------------------------setting values-----------------------------
[INFO ][2016-02-04 18:45:39,596][com.java.SeleniumDriver] [  921] - Action Type : STOREVALUE
[INFO ][2016-02-04 18:45:39,597][com.java.TestType] [ 9834] - field= XPH//div[@id="isAlertsHeading"]//span[@class="badge pull-right ng-binding"]
[DEBUG][2016-02-04 18:45:39,714][com.java.TestType] [ 9889] - Key:: numberofupdatesbeforerefreshing   Value:: 1
[INFO ][2016-02-04 18:45:39,714][com.java.SeleniumDriver] [  930] -  RESULT true
[INFO ][2016-02-04 18:45:39,714][com.java.SeleniumDriver] [ 1136] - ?   P A S S   ?
[INFO ][2016-02-04 18:45:39,714][com.java.SeleniumDriver] [  856] - ------------------------------------------
[INFO ][2016-02-04 18:45:39,714][com.java.SeleniumDriver] [  857] - Test case being Executed: 4
[INFO ][2016-02-04 18:45:39,714][com.java.SeleniumDriver] [  869] - Test step:26
[INFO ][2016-02-04 18:45:39,714][com.java.SeleniumDriver] [  881] - Datavalue is----------null
[DEBUG][2016-02-04 18:45:39,715][com.java.SeleniumDriver] [  899] - Exception: null
[INFO ][2016-02-04 18:45:39,715][com.java.SeleniumDriver] [  905] - DataField : HDN//span[@class='glyphicon glyphicon-refresh ng-scope']
[INFO ][2016-02-04 18:45:39,715][com.java.SeleniumDriver] [  907] - DataValue : 
[INFO ][2016-02-04 18:45:39,715][com.java.SeleniumDriver] [  913] - <In Set values of the page>
[INFO ][2016-02-04 18:45:39,715][com.java.SeleniumDriver] [  916] - {Data Fields & Data Values Exist}
[INFO ][2016-02-04 18:45:39,715][com.java.SeleniumDriver] [  918] - --------------------------setting values-----------------------------
[INFO ][2016-02-04 18:45:39,715][com.java.SeleniumDriver] [  921] - Action Type : CLICK
[INFO ][2016-02-04 18:45:39,715][com.java.TestType] [ 7106] - Field ::HDN//span[@class='glyphicon glyphicon-refresh ng-scope']
[INFO ][2016-02-04 18:45:39,715][com.java.TestType] [ 6727] - value = 
[INFO ][2016-02-04 18:45:40,902][com.java.SeleniumDriver] [  930] -  RESULT true
[INFO ][2016-02-04 18:45:40,902][com.java.SeleniumDriver] [ 1136] - ?   P A S S   ?
[INFO ][2016-02-04 18:45:40,902][com.java.SeleniumDriver] [  856] - ------------------------------------------
[INFO ][2016-02-04 18:45:40,902][com.java.SeleniumDriver] [  857] - Test case being Executed: 4
[INFO ][2016-02-04 18:45:40,902][com.java.SeleniumDriver] [  869] - Test step:27
[INFO ][2016-02-04 18:45:40,902][com.java.SeleniumDriver] [  881] - Datavalue is----------5
[INFO ][2016-02-04 18:45:40,902][com.java.SeleniumDriver] [  905] - DataField : null
[INFO ][2016-02-04 18:45:40,902][com.java.SeleniumDriver] [  907] - DataValue : 5
[INFO ][2016-02-04 18:45:40,903][com.java.SeleniumDriver] [  913] - <In Set values of the page>
[INFO ][2016-02-04 18:45:40,903][com.java.SeleniumDriver] [  916] - {Data Fields & Data Values Exist}
[INFO ][2016-02-04 18:45:40,903][com.java.SeleniumDriver] [  918] - --------------------------setting values-----------------------------
[INFO ][2016-02-04 18:45:40,903][com.java.SeleniumDriver] [  921] - Action Type : WAITTIME
[DEBUG][2016-02-04 18:45:40,903][com.java.TestType] [ 6541] - sleepTime: 5000
[INFO ][2016-02-04 18:45:45,903][com.java.SeleniumDriver] [  930] -  RESULT true
[INFO ][2016-02-04 18:45:45,903][com.java.SeleniumDriver] [ 1136] - ?   P A S S   ?
[INFO ][2016-02-04 18:45:45,903][com.java.SeleniumDriver] [  856] - ------------------------------------------
[INFO ][2016-02-04 18:45:45,903][com.java.SeleniumDriver] [  857] - Test case being Executed: 4
[INFO ][2016-02-04 18:45:45,903][com.java.SeleniumDriver] [  869] - Test step:28
[INFO ][2016-02-04 18:45:45,903][com.java.SeleniumDriver] [  881] - Datavalue is----------HMVnumberofupdatesbeforerefreshing
[INFO ][2016-02-04 18:45:45,903][com.java.SeleniumDriver] [  905] - DataField : XPH//div[@id="isAlertsHeading"]//span[@class="badge pull-right ng-binding"]
[INFO ][2016-02-04 18:45:45,903][com.java.SeleniumDriver] [  907] - DataValue : HMVnumberofupdatesbeforerefreshing
[INFO ][2016-02-04 18:45:45,903][com.java.SeleniumDriver] [  913] - <In Set values of the page>
[INFO ][2016-02-04 18:45:45,903][com.java.SeleniumDriver] [  916] - {Data Fields & Data Values Exist}
[INFO ][2016-02-04 18:45:45,903][com.java.SeleniumDriver] [  918] - --------------------------setting values-----------------------------
[INFO ][2016-02-04 18:45:45,903][com.java.SeleniumDriver] [  921] - Action Type : VERIFY
[INFO ][2016-02-04 18:45:45,904][com.java.TestType] [ 8335] - field= XPH//div[@id="isAlertsHeading"]//span[@class="badge pull-right ng-binding"] value= HMVnumberofupdatesbeforerefreshing
[INFO ][2016-02-04 18:45:45,904][com.java.TestType] [ 6727] - value = 1
[INFO ][2016-02-04 18:45:46,041][com.java.SeleniumDriver] [  930] -  RESULT true
[INFO ][2016-02-04 18:45:46,041][com.java.SeleniumDriver] [ 1136] - ?   P A S S   ?
[INFO ][2016-02-04 18:45:46,041][com.java.SeleniumDriver] [  856] - ------------------------------------------
[INFO ][2016-02-04 18:45:46,041][com.java.SeleniumDriver] [  857] - Test case being Executed: 4
[INFO ][2016-02-04 18:45:46,041][com.java.SeleniumDriver] [  869] - Test step:29
[INFO ][2016-02-04 18:45:46,041][com.java.SeleniumDriver] [  881] - Datavalue is----------3
[INFO ][2016-02-04 18:45:46,041][com.java.SeleniumDriver] [  905] - DataField : null
[INFO ][2016-02-04 18:45:46,042][com.java.SeleniumDriver] [  907] - DataValue : 3
[INFO ][2016-02-04 18:45:46,042][com.java.SeleniumDriver] [  913] - <In Set values of the page>
[INFO ][2016-02-04 18:45:46,042][com.java.SeleniumDriver] [  916] - {Data Fields & Data Values Exist}
[INFO ][2016-02-04 18:45:46,042][com.java.SeleniumDriver] [  918] - --------------------------setting values-----------------------------
[INFO ][2016-02-04 18:45:46,042][com.java.SeleniumDriver] [  921] - Action Type : WAITTIME
[DEBUG][2016-02-04 18:45:46,042][com.java.TestType] [ 6541] - sleepTime: 3000
[INFO ][2016-02-04 18:45:49,042][com.java.SeleniumDriver] [  930] -  RESULT true
[INFO ][2016-02-04 18:45:49,042][com.java.SeleniumDriver] [ 1136] - ?   P A S S   ?
[INFO ][2016-02-04 18:45:49,042][com.java.SeleniumDriver] [  856] - ------------------------------------------
[INFO ][2016-02-04 18:45:49,042][com.java.SeleniumDriver] [  857] - Test case being Executed: 4
[INFO ][2016-02-04 18:45:49,042][com.java.SeleniumDriver] [  869] - Test step:30
[INFO ][2016-02-04 18:45:49,042][com.java.SeleniumDriver] [  881] - Datavalue is----------BalanceSheet
[INFO ][2016-02-04 18:45:49,042][com.java.SeleniumDriver] [  905] - DataField : XPH//div[@id="isAlertsContent"]//div[@class="bd-alert ng-scope"][1]/div[@class="ng-binding"]
[INFO ][2016-02-04 18:45:49,042][com.java.SeleniumDriver] [  907] - DataValue : BalanceSheet
[INFO ][2016-02-04 18:45:49,042][com.java.SeleniumDriver] [  913] - <In Set values of the page>
[INFO ][2016-02-04 18:45:49,042][com.java.SeleniumDriver] [  916] - {Data Fields & Data Values Exist}
[INFO ][2016-02-04 18:45:49,042][com.java.SeleniumDriver] [  918] - --------------------------setting values-----------------------------
[INFO ][2016-02-04 18:45:49,042][com.java.SeleniumDriver] [  921] - Action Type : STOREVALUE
[INFO ][2016-02-04 18:45:49,043][com.java.TestType] [ 9834] - field= XPH//div[@id="isAlertsContent"]//div[@class="bd-alert ng-scope"][1]/div[@class="ng-binding"]
[DEBUG][2016-02-04 18:45:49,220][com.java.TestType] [ 9889] - Key:: BalanceSheet   Value:: Service charges and fees
[INFO ][2016-02-04 18:45:49,220][com.java.SeleniumDriver] [  930] -  RESULT true
[INFO ][2016-02-04 18:45:49,220][com.java.SeleniumDriver] [ 1136] - ?   P A S S   ?
[INFO ][2016-02-04 18:45:49,220][com.java.SeleniumDriver] [  856] - ------------------------------------------
[INFO ][2016-02-04 18:45:49,220][com.java.SeleniumDriver] [  857] - Test case being Executed: 4
[INFO ][2016-02-04 18:45:49,220][com.java.SeleniumDriver] [  869] - Test step:31
[INFO ][2016-02-04 18:45:49,220][com.java.SeleniumDriver] [  881] - Datavalue is----------3
[INFO ][2016-02-04 18:45:49,220][com.java.SeleniumDriver] [  905] - DataField : null
[INFO ][2016-02-04 18:45:49,221][com.java.SeleniumDriver] [  907] - DataValue : 3
[INFO ][2016-02-04 18:45:49,221][com.java.SeleniumDriver] [  913] - <In Set values of the page>
[INFO ][2016-02-04 18:45:49,221][com.java.SeleniumDriver] [  916] - {Data Fields & Data Values Exist}
[INFO ][2016-02-04 18:45:49,221][com.java.SeleniumDriver] [  918] - --------------------------setting values-----------------------------
[INFO ][2016-02-04 18:45:49,221][com.java.SeleniumDriver] [  921] - Action Type : WAITTIME
[DEBUG][2016-02-04 18:45:49,221][com.java.TestType] [ 6541] - sleepTime: 3000
[INFO ][2016-02-04 18:45:52,221][com.java.SeleniumDriver] [  930] -  RESULT true
[INFO ][2016-02-04 18:45:52,221][com.java.SeleniumDriver] [ 1136] - ?   P A S S   ?
[INFO ][2016-02-04 18:45:52,221][com.java.SeleniumDriver] [  856] - ------------------------------------------
[INFO ][2016-02-04 18:45:52,221][com.java.SeleniumDriver] [  857] - Test case being Executed: 4
[INFO ][2016-02-04 18:45:52,221][com.java.SeleniumDriver] [  869] - Test step:32
[INFO ][2016-02-04 18:45:52,221][com.java.SeleniumDriver] [  881] - Datavalue is----------Change
[INFO ][2016-02-04 18:45:52,221][com.java.SeleniumDriver] [  905] - DataField : XPH//div[@id="isAlertsContent"]//div[@class="bd-alert ng-scope"][1]//span[@ class="ng-binding"]
[INFO ][2016-02-04 18:45:52,221][com.java.SeleniumDriver] [  907] - DataValue : Change
[INFO ][2016-02-04 18:45:52,221][com.java.SeleniumDriver] [  913] - <In Set values of the page>
[INFO ][2016-02-04 18:45:52,221][com.java.SeleniumDriver] [  916] - {Data Fields & Data Values Exist}
[INFO ][2016-02-04 18:45:52,221][com.java.SeleniumDriver] [  918] - --------------------------setting values-----------------------------
[INFO ][2016-02-04 18:45:52,221][com.java.SeleniumDriver] [  921] - Action Type : STOREVALUE
[INFO ][2016-02-04 18:45:52,222][com.java.TestType] [ 9834] - field= XPH//div[@id="isAlertsContent"]//div[@class="bd-alert ng-scope"][1]//span[@ class="ng-binding"]
[DEBUG][2016-02-04 18:45:52,350][com.java.TestType] [ 9889] - Key:: Change   Value:: $51,295
[INFO ][2016-02-04 18:45:52,350][com.java.SeleniumDriver] [  930] -  RESULT true
[INFO ][2016-02-04 18:45:52,350][com.java.SeleniumDriver] [ 1136] - ?   P A S S   ?
[INFO ][2016-02-04 18:45:52,350][com.java.SeleniumDriver] [  856] - ------------------------------------------
[INFO ][2016-02-04 18:45:52,350][com.java.SeleniumDriver] [  857] - Test case being Executed: 4
[INFO ][2016-02-04 18:45:52,351][com.java.SeleniumDriver] [  869] - Test step:33
[INFO ][2016-02-04 18:45:52,351][com.java.SeleniumDriver] [  881] - Datavalue is----------3
[INFO ][2016-02-04 18:45:52,351][com.java.SeleniumDriver] [  905] - DataField : null
[INFO ][2016-02-04 18:45:52,351][com.java.SeleniumDriver] [  907] - DataValue : 3
[INFO ][2016-02-04 18:45:52,351][com.java.SeleniumDriver] [  913] - <In Set values of the page>
[INFO ][2016-02-04 18:45:52,351][com.java.SeleniumDriver] [  916] - {Data Fields & Data Values Exist}
[INFO ][2016-02-04 18:45:52,351][com.java.SeleniumDriver] [  918] - --------------------------setting values-----------------------------
[INFO ][2016-02-04 18:45:52,351][com.java.SeleniumDriver] [  921] - Action Type : WAITTIME
[DEBUG][2016-02-04 18:45:52,351][com.java.TestType] [ 6541] - sleepTime: 3000
[INFO ][2016-02-04 18:45:55,351][com.java.SeleniumDriver] [  930] -  RESULT true
[INFO ][2016-02-04 18:45:55,351][com.java.SeleniumDriver] [ 1136] - ?   P A S S   ?
[INFO ][2016-02-04 18:45:55,351][com.java.SeleniumDriver] [  856] - ------------------------------------------
[INFO ][2016-02-04 18:45:55,351][com.java.SeleniumDriver] [  857] - Test case being Executed: 4
[INFO ][2016-02-04 18:45:55,351][com.java.SeleniumDriver] [  869] - Test step:34
[INFO ][2016-02-04 18:45:55,351][com.java.SeleniumDriver] [  881] - Datavalue is----------Percentage
[INFO ][2016-02-04 18:45:55,351][com.java.SeleniumDriver] [  905] - DataField : XPH//div[@id="isAlertsContent"]//div[@class="bd-alert ng-scope"][1]//span[@class="pull-right ng-binding"]
[INFO ][2016-02-04 18:45:55,351][com.java.SeleniumDriver] [  907] - DataValue : Percentage
[INFO ][2016-02-04 18:45:55,351][com.java.SeleniumDriver] [  913] - <In Set values of the page>
[INFO ][2016-02-04 18:45:55,351][com.java.SeleniumDriver] [  916] - {Data Fields & Data Values Exist}
[INFO ][2016-02-04 18:45:55,351][com.java.SeleniumDriver] [  918] - --------------------------setting values-----------------------------
[INFO ][2016-02-04 18:45:55,351][com.java.SeleniumDriver] [  921] - Action Type : STOREVALUE
[INFO ][2016-02-04 18:45:55,352][com.java.TestType] [ 9834] - field= XPH//div[@id="isAlertsContent"]//div[@class="bd-alert ng-scope"][1]//span[@class="pull-right ng-binding"]
[DEBUG][2016-02-04 18:45:55,522][com.java.TestType] [ 9889] - Key:: Percentage   Value:: 5.44%
[INFO ][2016-02-04 18:45:55,522][com.java.SeleniumDriver] [  930] -  RESULT true
[INFO ][2016-02-04 18:45:55,522][com.java.SeleniumDriver] [ 1136] - ?   P A S S   ?
[INFO ][2016-02-04 18:45:55,522][com.java.SeleniumDriver] [  856] - ------------------------------------------
[INFO ][2016-02-04 18:45:55,522][com.java.SeleniumDriver] [  857] - Test case being Executed: 4
[INFO ][2016-02-04 18:45:55,522][com.java.SeleniumDriver] [  869] - Test step:35
[INFO ][2016-02-04 18:45:55,522][com.java.SeleniumDriver] [  881] - Datavalue is----------null
[DEBUG][2016-02-04 18:45:55,522][com.java.SeleniumDriver] [  899] - Exception: null
[INFO ][2016-02-04 18:45:55,523][com.java.SeleniumDriver] [  905] - DataField : XPH//span[@class="glyphicon glyphicon-list-alt"]
[INFO ][2016-02-04 18:45:55,523][com.java.SeleniumDriver] [  907] - DataValue : 
[INFO ][2016-02-04 18:45:55,523][com.java.SeleniumDriver] [  913] - <In Set values of the page>
[INFO ][2016-02-04 18:45:55,523][com.java.SeleniumDriver] [  916] - {Data Fields & Data Values Exist}
[INFO ][2016-02-04 18:45:55,523][com.java.SeleniumDriver] [  918] - --------------------------setting values-----------------------------
[INFO ][2016-02-04 18:45:55,523][com.java.SeleniumDriver] [  921] - Action Type : CLICK
[INFO ][2016-02-04 18:45:55,523][com.java.TestType] [ 7106] - Field ::XPH//span[@class="glyphicon glyphicon-list-alt"]
[INFO ][2016-02-04 18:45:55,523][com.java.TestType] [ 6727] - value = 
[INFO ][2016-02-04 18:45:56,523][com.java.TestType] [ 7279] - BEFORE CLICK
[INFO ][2016-02-04 18:45:57,830][com.java.TestType] [ 7287] - Unable to click the object Click on the report button
[INFO ][2016-02-04 18:45:57,830][com.java.SeleniumDriver] [  930] -  RESULT true
[INFO ][2016-02-04 18:45:57,830][com.java.SeleniumDriver] [ 1136] - ?   P A S S   ?
[INFO ][2016-02-04 18:45:57,830][com.java.SeleniumDriver] [  856] - ------------------------------------------
[INFO ][2016-02-04 18:45:57,830][com.java.SeleniumDriver] [  857] - Test case being Executed: 4
[INFO ][2016-02-04 18:45:57,830][com.java.SeleniumDriver] [  869] - Test step:36
[INFO ][2016-02-04 18:45:57,830][com.java.SeleniumDriver] [  881] - Datavalue is----------3
[INFO ][2016-02-04 18:45:57,830][com.java.SeleniumDriver] [  905] - DataField : XPH//img[@id='loading']
[INFO ][2016-02-04 18:45:57,830][com.java.SeleniumDriver] [  907] - DataValue : 3
[INFO ][2016-02-04 18:45:57,830][com.java.SeleniumDriver] [  913] - <In Set values of the page>
[INFO ][2016-02-04 18:45:57,830][com.java.SeleniumDriver] [  916] - {Data Fields & Data Values Exist}
[INFO ][2016-02-04 18:45:57,830][com.java.SeleniumDriver] [  918] - --------------------------setting values-----------------------------
[INFO ][2016-02-04 18:45:57,831][com.java.SeleniumDriver] [  921] - Action Type : WaitForElement
[INFO ][2016-02-04 18:45:57,867][com.java.SeleniumDriver] [  930] -  RESULT true
[INFO ][2016-02-04 18:45:57,867][com.java.SeleniumDriver] [ 1136] - ?   P A S S   ?
[INFO ][2016-02-04 18:45:57,867][com.java.SeleniumDriver] [  856] - ------------------------------------------
[INFO ][2016-02-04 18:45:57,867][com.java.SeleniumDriver] [  857] - Test case being Executed: 4
[INFO ][2016-02-04 18:45:57,868][com.java.SeleniumDriver] [  869] - Test step:37
[INFO ][2016-02-04 18:45:57,868][com.java.SeleniumDriver] [  881] - Datavalue is----------90
[INFO ][2016-02-04 18:45:57,868][com.java.SeleniumDriver] [  905] - DataField : XPH//img[@id='loading']
[INFO ][2016-02-04 18:45:57,868][com.java.SeleniumDriver] [  907] - DataValue : 90
[INFO ][2016-02-04 18:45:57,868][com.java.SeleniumDriver] [  913] - <In Set values of the page>
[INFO ][2016-02-04 18:45:57,868][com.java.SeleniumDriver] [  916] - {Data Fields & Data Values Exist}
[INFO ][2016-02-04 18:45:57,868][com.java.SeleniumDriver] [  918] - --------------------------setting values-----------------------------
[INFO ][2016-02-04 18:45:57,868][com.java.SeleniumDriver] [  921] - Action Type : waitForElementNotPresent
[INFO ][2016-02-04 18:45:59,045][com.java.SeleniumDriver] [  930] -  RESULT true
[INFO ][2016-02-04 18:45:59,045][com.java.SeleniumDriver] [ 1136] - ?   P A S S   ?
[INFO ][2016-02-04 18:45:59,045][com.java.SeleniumDriver] [  856] - ------------------------------------------
[INFO ][2016-02-04 18:45:59,045][com.java.SeleniumDriver] [  857] - Test case being Executed: 4
[INFO ][2016-02-04 18:45:59,045][com.java.SeleniumDriver] [  869] - Test step:38
[INFO ][2016-02-04 18:45:59,046][com.java.SeleniumDriver] [  881] - Datavalue is----------BalanceSheet::Change
[INFO ][2016-02-04 18:45:59,046][com.java.SeleniumDriver] [  905] - DataField : PVP//table[@id="ReportTable3"]/tbody//td/div[contains(text(),'mytext')]/following::td[3]/div
[INFO ][2016-02-04 18:45:59,046][com.java.SeleniumDriver] [  907] - DataValue : BalanceSheet::Change
[INFO ][2016-02-04 18:45:59,046][com.java.SeleniumDriver] [  913] - <In Set values of the page>
[INFO ][2016-02-04 18:45:59,046][com.java.SeleniumDriver] [  916] - {Data Fields & Data Values Exist}
[INFO ][2016-02-04 18:45:59,046][com.java.SeleniumDriver] [  918] - --------------------------setting values-----------------------------
[INFO ][2016-02-04 18:45:59,046][com.java.SeleniumDriver] [  921] - Action Type : VERIFY
[INFO ][2016-02-04 18:45:59,046][com.java.TestType] [ 8335] - field= PVP//table[@id="ReportTable3"]/tbody//td/div[contains(text(),'mytext')]/following::td[3]/div value= BalanceSheet::Change
[INFO ][2016-02-04 18:45:59,046][com.java.TestType] [ 6727] - value = BalanceSheet::Change
