[INFO ][2015-12-04 18:19:04,262][com.java.SeleniumDriver] [  213] - Execute Failed Casesfalse
[INFO ][2015-12-04 18:19:04,262][com.java.SeleniumDriver] [  214] - Browser: IE10
[INFO ][2015-12-04 18:19:04,262][com.java.SeleniumDriver] [  215] - [1, 2, 3, 4, 5, 6, 7, 8, 9, 10, 11, 12]
[INFO ][2015-12-04 18:19:04,262][com.java.SeleniumDriver] [  216] - Total TestCases:12
[INFO ][2015-12-04 18:19:04,262][com.java.SeleniumDriver] [  217] -  Reading Properties from Property File 
[DEBUG][2015-12-04 18:19:04,263][com.java.SeleniumDriver] [  238] - url : https://clients-xuat.bankersdashboard.com
[INFO ][2015-12-04 18:19:04,264][com.java.ImportnExport.ExportTestResultsExcel] [  116] - Time Stamp Fri Dec 04 06:19:04 IST 2015
[INFO ][2015-12-04 18:19:04,264][com.java.ImportnExport.ExportTestResultsExcel] [  175] - OUT FILE : D:\BankersDashboard/TestReports/Test Results_BankersDashBoard_120415_181904_IE10_Any Bank USA.xls
[INFO ][2015-12-04 18:19:04,293][com.java.ImportnExport.ExportTestResultsExcel] [  180] - Test Result file is created
[DEBUG][2015-12-04 18:19:04,401][com.java.SeleniumDriver] [  426] - Hub ip address is-------172.17.68.34
[INFO ][2015-12-04 18:19:04,401][com.java.SeleniumDriver] [  452] - Grid URL:http://172.17.68.34:4444/wd/hub
[INFO ][2015-12-04 18:19:04,402][com.java.SeleniumDriver] [  453] - Capability:Capabilities [{platform=ANY, ensureCleanSession=true, ignoreProtectedModeSettings=true, acceptSslCerts=true, ignoreZoomSetting=true, browserName=internet explorer, browserstack.ie.noFlash=true, version=null}]
[ERROR][2015-12-04 18:19:05,715][com.java.SeleniumDriver] [  497] - Unable invoke browser in grid:Could not start a new session. Possible causes are invalid address of the remote server or browser start-up failure.
Build info: version: '2.48.2', revision: '41bccdd', time: '2015-10-09 19:59:12'
System info: host: 'FVTIII438F1D', ip: '172.17.68.34', os.name: 'Windows 7', os.arch: 'x86', os.version: '6.1', java.version: '1.7.0_55'
Driver info: driver.version: SeleniumDriver
[INFO ][2015-12-04 18:19:05,715][com.java.SeleniumDriver] [  499] - Executing on local machine
[INFO ][2015-12-04 18:19:15,577][com.java.SeleniumDriver] [  248] - IE10is opened
[INFO ][2015-12-04 18:19:16,755][com.java.SeleniumDriver] [  754] - Test cases to be executed are: [1, 2, 3, 4, 5, 6, 7, 8, 9, 10, 11, 12]
[INFO ][2015-12-04 18:19:16,774][com.java.ImportnExport.ImportTestDataDetailsExcel] [   49] - test data details path===== D:\BankersDashboard\TestInputs\TestData.xls
[INFO ][2015-12-04 18:19:16,838][com.java.SeleniumDriver] [  804] - ------------------------------------------
[INFO ][2015-12-04 18:19:16,838][com.java.SeleniumDriver] [  805] - Test case being Executed: 1
[INFO ][2015-12-04 18:19:16,838][com.java.SeleniumDriver] [  816] - Test step:1
[INFO ][2015-12-04 18:19:16,838][com.java.SeleniumDriver] [  828] - Datavalue is----------Concept#1:1-14
[INFO ][2015-12-04 18:19:16,838][com.java.SeleniumDriver] [  852] - DataField : test
[INFO ][2015-12-04 18:19:16,838][com.java.SeleniumDriver] [  854] - DataValue : Concept#1:1-14
[INFO ][2015-12-04 18:19:16,839][com.java.SeleniumDriver] [  860] - <In Set values of the page>
[INFO ][2015-12-04 18:19:16,839][com.java.SeleniumDriver] [  863] - {Data Fields & Data Values Exist}
[INFO ][2015-12-04 18:19:16,839][com.java.SeleniumDriver] [  865] - --------------------------setting values-----------------------------
[INFO ][2015-12-04 18:19:16,839][com.java.SeleniumDriver] [  868] - Action Type : ExecuteTestCase
[INFO ][2015-12-04 18:19:16,857][com.java.TestType] [  436] - The Concept sheet name is ---------- Concept
[INFO ][2015-12-04 18:19:16,857][com.java.TestType] [  439] - The Concept ID  is ---------- 1
[DEBUG][2015-12-04 18:19:16,857][com.java.TestType] [  443] - Steps being executted in the Concept are: 1:14
[INFO ][2015-12-04 18:19:16,858][com.java.TestType] [  450] - Test data details path ---------- D:\BankersDashboard\TestInputs\TestData.xls
[INFO ][2015-12-04 18:19:16,896][com.java.TestType] [  481] -  str(1) = 1
[INFO ][2015-12-04 18:19:16,896][com.java.TestType] [  484] - Test case Id is---1
[INFO ][2015-12-04 18:19:16,896][com.java.TestType] [  486] - 1
[INFO ][2015-12-04 18:19:16,896][com.java.TestType] [  481] -  str(2) = 1
[INFO ][2015-12-04 18:19:16,898][com.java.TestType] [  533] - row values are--------{1=com.java.Objects.TestDataDetails@b579ac}
[INFO ][2015-12-04 18:19:16,899][com.java.TestType] [  481] -  str(1) = 1
[INFO ][2015-12-04 18:19:16,899][com.java.TestType] [  484] - Test case Id is---1
[INFO ][2015-12-04 18:19:16,899][com.java.TestType] [  486] - 1
[INFO ][2015-12-04 18:19:16,899][com.java.TestType] [  481] -  str(2) = 2
[INFO ][2015-12-04 18:19:16,900][com.java.TestType] [  533] - row values are--------{1=com.java.Objects.TestDataDetails@b579ac, 2=com.java.Objects.TestDataDetails@187a6dd}
[INFO ][2015-12-04 18:19:16,900][com.java.TestType] [  481] -  str(1) = 1
[INFO ][2015-12-04 18:19:16,900][com.java.TestType] [  484] - Test case Id is---1
[INFO ][2015-12-04 18:19:16,901][com.java.TestType] [  486] - 1
[INFO ][2015-12-04 18:19:16,901][com.java.TestType] [  481] -  str(2) = 3
[INFO ][2015-12-04 18:19:16,902][com.java.TestType] [  533] - row values are--------{1=com.java.Objects.TestDataDetails@b579ac, 2=com.java.Objects.TestDataDetails@187a6dd, 3=com.java.Objects.TestDataDetails@10b8fa2}
[INFO ][2015-12-04 18:19:16,902][com.java.TestType] [  481] -  str(1) = 1
[INFO ][2015-12-04 18:19:16,902][com.java.TestType] [  484] - Test case Id is---1
[INFO ][2015-12-04 18:19:16,902][com.java.TestType] [  486] - 1
[INFO ][2015-12-04 18:19:16,902][com.java.TestType] [  481] -  str(2) = 4
[INFO ][2015-12-04 18:19:16,904][com.java.TestType] [  533] - row values are--------{1=com.java.Objects.TestDataDetails@b579ac, 2=com.java.Objects.TestDataDetails@187a6dd, 3=com.java.Objects.TestDataDetails@10b8fa2, 4=com.java.Objects.TestDataDetails@1e4bfbe}
[INFO ][2015-12-04 18:19:16,904][com.java.TestType] [  481] -  str(1) = 1
[INFO ][2015-12-04 18:19:16,904][com.java.TestType] [  484] - Test case Id is---1
[INFO ][2015-12-04 18:19:16,904][com.java.TestType] [  486] - 1
[INFO ][2015-12-04 18:19:16,904][com.java.TestType] [  481] -  str(2) = 5
[INFO ][2015-12-04 18:19:16,907][com.java.TestType] [  533] - row values are--------{1=com.java.Objects.TestDataDetails@b579ac, 2=com.java.Objects.TestDataDetails@187a6dd, 3=com.java.Objects.TestDataDetails@10b8fa2, 4=com.java.Objects.TestDataDetails@1e4bfbe, 5=com.java.Objects.TestDataDetails@54e373}
[INFO ][2015-12-04 18:19:16,907][com.java.TestType] [  481] -  str(1) = 1
[INFO ][2015-12-04 18:19:16,907][com.java.TestType] [  484] - Test case Id is---1
[INFO ][2015-12-04 18:19:16,907][com.java.TestType] [  486] - 1
[INFO ][2015-12-04 18:19:16,907][com.java.TestType] [  481] -  str(2) = 6
[INFO ][2015-12-04 18:19:16,908][com.java.TestType] [  533] - row values are--------{1=com.java.Objects.TestDataDetails@b579ac, 2=com.java.Objects.TestDataDetails@187a6dd, 3=com.java.Objects.TestDataDetails@10b8fa2, 4=com.java.Objects.TestDataDetails@1e4bfbe, 5=com.java.Objects.TestDataDetails@54e373, 6=com.java.Objects.TestDataDetails@12ab5b8}
[INFO ][2015-12-04 18:19:16,908][com.java.TestType] [  481] -  str(1) = 1
[INFO ][2015-12-04 18:19:16,908][com.java.TestType] [  484] - Test case Id is---1
[INFO ][2015-12-04 18:19:16,908][com.java.TestType] [  486] - 1
[INFO ][2015-12-04 18:19:16,908][com.java.TestType] [  481] -  str(2) = 7
[INFO ][2015-12-04 18:19:16,909][com.java.TestType] [  533] - row values are--------{1=com.java.Objects.TestDataDetails@b579ac, 2=com.java.Objects.TestDataDetails@187a6dd, 3=com.java.Objects.TestDataDetails@10b8fa2, 4=com.java.Objects.TestDataDetails@1e4bfbe, 5=com.java.Objects.TestDataDetails@54e373, 6=com.java.Objects.TestDataDetails@12ab5b8, 7=com.java.Objects.TestDataDetails@1001872}
[INFO ][2015-12-04 18:19:16,909][com.java.TestType] [  481] -  str(1) = 1
[INFO ][2015-12-04 18:19:16,909][com.java.TestType] [  484] - Test case Id is---1
[INFO ][2015-12-04 18:19:16,909][com.java.TestType] [  486] - 1
[INFO ][2015-12-04 18:19:16,909][com.java.TestType] [  481] -  str(2) = 8
[INFO ][2015-12-04 18:19:16,910][com.java.TestType] [  533] - row values are--------{1=com.java.Objects.TestDataDetails@b579ac, 2=com.java.Objects.TestDataDetails@187a6dd, 3=com.java.Objects.TestDataDetails@10b8fa2, 4=com.java.Objects.TestDataDetails@1e4bfbe, 5=com.java.Objects.TestDataDetails@54e373, 6=com.java.Objects.TestDataDetails@12ab5b8, 7=com.java.Objects.TestDataDetails@1001872, 8=com.java.Objects.TestDataDetails@13d7fa1}
[INFO ][2015-12-04 18:19:16,910][com.java.TestType] [  481] -  str(1) = 1
[INFO ][2015-12-04 18:19:16,910][com.java.TestType] [  484] - Test case Id is---1
[INFO ][2015-12-04 18:19:16,910][com.java.TestType] [  486] - 1
[INFO ][2015-12-04 18:19:16,911][com.java.TestType] [  481] -  str(2) = 9
[INFO ][2015-12-04 18:19:16,911][com.java.TestType] [  533] - row values are--------{1=com.java.Objects.TestDataDetails@b579ac, 2=com.java.Objects.TestDataDetails@187a6dd, 3=com.java.Objects.TestDataDetails@10b8fa2, 4=com.java.Objects.TestDataDetails@1e4bfbe, 5=com.java.Objects.TestDataDetails@54e373, 6=com.java.Objects.TestDataDetails@12ab5b8, 7=com.java.Objects.TestDataDetails@1001872, 8=com.java.Objects.TestDataDetails@13d7fa1, 9=com.java.Objects.TestDataDetails@166f936}
[INFO ][2015-12-04 18:19:16,911][com.java.TestType] [  481] -  str(1) = 1
[INFO ][2015-12-04 18:19:16,911][com.java.TestType] [  484] - Test case Id is---1
[INFO ][2015-12-04 18:19:16,912][com.java.TestType] [  486] - 1
[INFO ][2015-12-04 18:19:16,912][com.java.TestType] [  481] -  str(2) = 10
[INFO ][2015-12-04 18:19:16,912][com.java.TestType] [  533] - row values are--------{1=com.java.Objects.TestDataDetails@b579ac, 2=com.java.Objects.TestDataDetails@187a6dd, 3=com.java.Objects.TestDataDetails@10b8fa2, 4=com.java.Objects.TestDataDetails@1e4bfbe, 5=com.java.Objects.TestDataDetails@54e373, 6=com.java.Objects.TestDataDetails@12ab5b8, 7=com.java.Objects.TestDataDetails@1001872, 8=com.java.Objects.TestDataDetails@13d7fa1, 9=com.java.Objects.TestDataDetails@166f936, 10=com.java.Objects.TestDataDetails@31ac15}
[INFO ][2015-12-04 18:19:16,913][com.java.TestType] [  481] -  str(1) = 1
[INFO ][2015-12-04 18:19:16,913][com.java.TestType] [  484] - Test case Id is---1
[INFO ][2015-12-04 18:19:16,913][com.java.TestType] [  486] - 1
[INFO ][2015-12-04 18:19:16,913][com.java.TestType] [  481] -  str(2) = 11
[INFO ][2015-12-04 18:19:16,914][com.java.TestType] [  533] - row values are--------{1=com.java.Objects.TestDataDetails@b579ac, 2=com.java.Objects.TestDataDetails@187a6dd, 3=com.java.Objects.TestDataDetails@10b8fa2, 4=com.java.Objects.TestDataDetails@1e4bfbe, 5=com.java.Objects.TestDataDetails@54e373, 6=com.java.Objects.TestDataDetails@12ab5b8, 7=com.java.Objects.TestDataDetails@1001872, 8=com.java.Objects.TestDataDetails@13d7fa1, 9=com.java.Objects.TestDataDetails@166f936, 10=com.java.Objects.TestDataDetails@31ac15, 11=com.java.Objects.TestDataDetails@113727f}
[INFO ][2015-12-04 18:19:16,916][com.java.TestType] [  481] -  str(1) = 1
[INFO ][2015-12-04 18:19:16,916][com.java.TestType] [  484] - Test case Id is---1
[INFO ][2015-12-04 18:19:16,917][com.java.TestType] [  486] - 1
[INFO ][2015-12-04 18:19:16,917][com.java.TestType] [  481] -  str(2) = 12
[INFO ][2015-12-04 18:19:16,917][com.java.TestType] [  533] - row values are--------{1=com.java.Objects.TestDataDetails@b579ac, 2=com.java.Objects.TestDataDetails@187a6dd, 3=com.java.Objects.TestDataDetails@10b8fa2, 4=com.java.Objects.TestDataDetails@1e4bfbe, 5=com.java.Objects.TestDataDetails@54e373, 6=com.java.Objects.TestDataDetails@12ab5b8, 7=com.java.Objects.TestDataDetails@1001872, 8=com.java.Objects.TestDataDetails@13d7fa1, 9=com.java.Objects.TestDataDetails@166f936, 10=com.java.Objects.TestDataDetails@31ac15, 11=com.java.Objects.TestDataDetails@113727f, 12=com.java.Objects.TestDataDetails@1f46631}
[INFO ][2015-12-04 18:19:16,917][com.java.TestType] [  481] -  str(1) = 1
[INFO ][2015-12-04 18:19:16,918][com.java.TestType] [  484] - Test case Id is---1
[INFO ][2015-12-04 18:19:16,918][com.java.TestType] [  486] - 1
[INFO ][2015-12-04 18:19:16,918][com.java.TestType] [  481] -  str(2) = 13
[INFO ][2015-12-04 18:19:16,918][com.java.TestType] [  533] - row values are--------{1=com.java.Objects.TestDataDetails@b579ac, 2=com.java.Objects.TestDataDetails@187a6dd, 3=com.java.Objects.TestDataDetails@10b8fa2, 4=com.java.Objects.TestDataDetails@1e4bfbe, 5=com.java.Objects.TestDataDetails@54e373, 6=com.java.Objects.TestDataDetails@12ab5b8, 7=com.java.Objects.TestDataDetails@1001872, 8=com.java.Objects.TestDataDetails@13d7fa1, 9=com.java.Objects.TestDataDetails@166f936, 10=com.java.Objects.TestDataDetails@31ac15, 11=com.java.Objects.TestDataDetails@113727f, 12=com.java.Objects.TestDataDetails@1f46631, 13=com.java.Objects.TestDataDetails@4eb331}
[INFO ][2015-12-04 18:19:16,918][com.java.TestType] [  481] -  str(1) = 1
[INFO ][2015-12-04 18:19:16,919][com.java.TestType] [  484] - Test case Id is---1
[INFO ][2015-12-04 18:19:16,919][com.java.TestType] [  486] - 1
[INFO ][2015-12-04 18:19:16,919][com.java.TestType] [  481] -  str(2) = 14
[INFO ][2015-12-04 18:19:16,919][com.java.TestType] [  533] - row values are--------{1=com.java.Objects.TestDataDetails@b579ac, 2=com.java.Objects.TestDataDetails@187a6dd, 3=com.java.Objects.TestDataDetails@10b8fa2, 4=com.java.Objects.TestDataDetails@1e4bfbe, 5=com.java.Objects.TestDataDetails@54e373, 6=com.java.Objects.TestDataDetails@12ab5b8, 7=com.java.Objects.TestDataDetails@1001872, 8=com.java.Objects.TestDataDetails@13d7fa1, 9=com.java.Objects.TestDataDetails@166f936, 10=com.java.Objects.TestDataDetails@31ac15, 11=com.java.Objects.TestDataDetails@113727f, 12=com.java.Objects.TestDataDetails@1f46631, 13=com.java.Objects.TestDataDetails@4eb331, 14=com.java.Objects.TestDataDetails@de45aa}
[INFO ][2015-12-04 18:19:16,919][com.java.TestType] [ 9925] - Looping 1TCID = 1
[DEBUG][2015-12-04 18:19:16,920][com.java.TestType] [ 9966] - Concept ID:1 :: Step being Executed: 1::1
[INFO ][2015-12-04 18:19:16,920][com.java.TestType] [10004] - dataFields : TXTusername
[DEBUG][2015-12-04 18:19:16,920][com.java.TestType] [10010] - <In Set values of the page>
[DEBUG][2015-12-04 18:19:16,920][com.java.TestType] [10015] - {Data Fields & Data Values Exist}
[INFO ][2015-12-04 18:19:16,920][com.java.TestType] [10021] - --------------------------setting values-----------------------------
[INFO ][2015-12-04 18:19:16,920][com.java.TestType] [10024] - Action Type : CLEARANDENTER
[INFO ][2015-12-04 18:19:16,920][com.java.TestType] [ 5426] - value = naresh.nayini.00000
[INFO ][2015-12-04 18:19:21,725][com.java.TestType] [10043] -  RESULT true
[INFO ][2015-12-04 18:19:21,725][com.java.TestType] [10160] - ?   P A S S   ?
[DEBUG][2015-12-04 18:19:21,725][com.java.TestType] [ 9966] - Concept ID:1 :: Step being Executed: 1::2
[INFO ][2015-12-04 18:19:21,725][com.java.TestType] [10004] - dataFields : TXTpassword
[DEBUG][2015-12-04 18:19:21,725][com.java.TestType] [10010] - <In Set values of the page>
[DEBUG][2015-12-04 18:19:21,725][com.java.TestType] [10015] - {Data Fields & Data Values Exist}
[INFO ][2015-12-04 18:19:21,725][com.java.TestType] [10021] - --------------------------setting values-----------------------------
[INFO ][2015-12-04 18:19:21,726][com.java.TestType] [10024] - Action Type : CLEARANDENTER
[INFO ][2015-12-04 18:19:21,726][com.java.TestType] [ 5426] - value = Password1*
[INFO ][2015-12-04 18:19:26,622][com.java.TestType] [10043] -  RESULT true
[INFO ][2015-12-04 18:19:26,622][com.java.TestType] [10160] - ?   P A S S   ?
[DEBUG][2015-12-04 18:19:26,622][com.java.TestType] [ 9966] - Concept ID:1 :: Step being Executed: 1::3
[ERROR][2015-12-04 18:19:26,622][com.java.TestType] [ 9999] - Exception: null
[INFO ][2015-12-04 18:19:26,622][com.java.TestType] [10004] - dataFields : XPH//button[@type='submit']
[DEBUG][2015-12-04 18:19:26,622][com.java.TestType] [10010] - <In Set values of the page>
[DEBUG][2015-12-04 18:19:26,622][com.java.TestType] [10015] - {Data Fields & Data Values Exist}
[INFO ][2015-12-04 18:19:26,622][com.java.TestType] [10021] - --------------------------setting values-----------------------------
[INFO ][2015-12-04 18:19:26,623][com.java.TestType] [10024] - Action Type : Click
[INFO ][2015-12-04 18:19:26,623][com.java.TestType] [ 5754] - Field ::XPH//button[@type='submit']
[INFO ][2015-12-04 18:19:27,623][com.java.TestType] [ 5841] - BEFORE CLICK
[INFO ][2015-12-04 18:19:28,484][com.java.TestType] [ 5849] - Unable to click the object Login
[INFO ][2015-12-04 18:19:28,484][com.java.TestType] [10043] -  RESULT true
[INFO ][2015-12-04 18:19:28,484][com.java.TestType] [10160] - ?   P A S S   ?
[DEBUG][2015-12-04 18:19:28,484][com.java.TestType] [ 9966] - Concept ID:1 :: Step being Executed: 1::4
[INFO ][2015-12-04 18:19:28,484][com.java.TestType] [10004] - dataFields : LNKLogout
[DEBUG][2015-12-04 18:19:28,484][com.java.TestType] [10010] - <In Set values of the page>
[DEBUG][2015-12-04 18:19:28,484][com.java.TestType] [10015] - {Data Fields & Data Values Exist}
[INFO ][2015-12-04 18:19:28,484][com.java.TestType] [10021] - --------------------------setting values-----------------------------
[INFO ][2015-12-04 18:19:28,484][com.java.TestType] [10024] - Action Type : WaitForElement
[INFO ][2015-12-04 18:19:31,904][com.java.TestType] [10043] -  RESULT true
[INFO ][2015-12-04 18:19:31,904][com.java.TestType] [10160] - ?   P A S S   ?
[DEBUG][2015-12-04 18:19:31,904][com.java.TestType] [ 9966] - Concept ID:1 :: Step being Executed: 1::13
[INFO ][2015-12-04 18:19:31,904][com.java.TestType] [10004] - dataFields : LNK
[DEBUG][2015-12-04 18:19:31,905][com.java.TestType] [10010] - <In Set values of the page>
[DEBUG][2015-12-04 18:19:31,905][com.java.TestType] [10015] - {Data Fields & Data Values Exist}
[INFO ][2015-12-04 18:19:31,905][com.java.TestType] [10021] - --------------------------setting values-----------------------------
[INFO ][2015-12-04 18:19:31,905][com.java.TestType] [10024] - Action Type : Verify
[INFO ][2015-12-04 18:19:31,905][com.java.TestType] [ 6617] - field= LNK value= Logout
[INFO ][2015-12-04 18:19:31,907][com.java.TestType] [ 5426] - value = Logout
[INFO ][2015-12-04 18:19:31,943][com.java.TestType] [10043] -  RESULT true
[INFO ][2015-12-04 18:19:31,943][com.java.TestType] [10160] - ?   P A S S   ?
[DEBUG][2015-12-04 18:19:31,943][com.java.TestType] [ 9966] - Concept ID:1 :: Step being Executed: 1::14
[INFO ][2015-12-04 18:19:31,943][com.java.TestType] [10004] - dataFields : BTN
[DEBUG][2015-12-04 18:19:31,943][com.java.TestType] [10010] - <In Set values of the page>
[DEBUG][2015-12-04 18:19:31,943][com.java.TestType] [10015] - {Data Fields & Data Values Exist}
[INFO ][2015-12-04 18:19:31,944][com.java.TestType] [10021] - --------------------------setting values-----------------------------
[INFO ][2015-12-04 18:19:31,944][com.java.TestType] [10024] - Action Type : Verify
[INFO ][2015-12-04 18:19:31,944][com.java.TestType] [ 6617] - field= BTN value= //img[contains(@src,'bdlogo.jpg')]
[INFO ][2015-12-04 18:19:31,944][com.java.TestType] [ 5426] - value = //img[contains(@src,'bdlogo.jpg')]
[INFO ][2015-12-04 18:19:32,022][com.java.TestType] [10043] -  RESULT true
[INFO ][2015-12-04 18:19:32,022][com.java.TestType] [10160] - ?   P A S S   ?
[INFO ][2015-12-04 18:19:32,022][com.java.TestType] [10231] - Looping End......
[INFO ][2015-12-04 18:19:32,026][com.java.SeleniumDriver] [  877] -  RESULT true
[INFO ][2015-12-04 18:19:32,026][com.java.SeleniumDriver] [ 1083] - ?   P A S S   ?
[INFO ][2015-12-04 18:19:32,026][com.java.SeleniumDriver] [  804] - ------------------------------------------
[INFO ][2015-12-04 18:19:32,026][com.java.SeleniumDriver] [  805] - Test case being Executed: 1
[INFO ][2015-12-04 18:19:32,026][com.java.SeleniumDriver] [  816] - Test step:2
[INFO ][2015-12-04 18:19:32,027][com.java.SeleniumDriver] [  828] - Datavalue is----------Concept#2:1-2
[INFO ][2015-12-04 18:19:32,027][com.java.SeleniumDriver] [  852] - DataField : test
[INFO ][2015-12-04 18:19:32,027][com.java.SeleniumDriver] [  854] - DataValue : Concept#2:1-2
[INFO ][2015-12-04 18:19:32,027][com.java.SeleniumDriver] [  860] - <In Set values of the page>
[INFO ][2015-12-04 18:19:32,027][com.java.SeleniumDriver] [  863] - {Data Fields & Data Values Exist}
[INFO ][2015-12-04 18:19:32,027][com.java.SeleniumDriver] [  865] - --------------------------setting values-----------------------------
[INFO ][2015-12-04 18:19:32,027][com.java.SeleniumDriver] [  868] - Action Type : ExecuteTestCase
[INFO ][2015-12-04 18:19:32,027][com.java.TestType] [  436] - The Concept sheet name is ---------- Concept
[INFO ][2015-12-04 18:19:32,027][com.java.TestType] [  439] - The Concept ID  is ---------- 2
[DEBUG][2015-12-04 18:19:32,028][com.java.TestType] [  443] - Steps being executted in the Concept are: 1:2
[INFO ][2015-12-04 18:19:32,028][com.java.TestType] [  450] - Test data details path ---------- D:\BankersDashboard\TestInputs\TestData.xls
[INFO ][2015-12-04 18:19:32,060][com.java.TestType] [  481] -  str(1) = 2
[INFO ][2015-12-04 18:19:32,060][com.java.TestType] [  484] - Test case Id is---2
[INFO ][2015-12-04 18:19:32,060][com.java.TestType] [  486] - 2
[INFO ][2015-12-04 18:19:32,060][com.java.TestType] [  481] -  str(2) = 1
[INFO ][2015-12-04 18:19:32,063][com.java.TestType] [  533] - row values are--------{1=com.java.Objects.TestDataDetails@c7a6cb}
[INFO ][2015-12-04 18:19:32,063][com.java.TestType] [  481] -  str(1) = 2
[INFO ][2015-12-04 18:19:32,063][com.java.TestType] [  484] - Test case Id is---2
[INFO ][2015-12-04 18:19:32,063][com.java.TestType] [  486] - 2
[INFO ][2015-12-04 18:19:32,063][com.java.TestType] [  481] -  str(2) = 2
[INFO ][2015-12-04 18:19:32,064][com.java.TestType] [  533] - row values are--------{1=com.java.Objects.TestDataDetails@c7a6cb, 2=com.java.Objects.TestDataDetails@96ac5e}
[INFO ][2015-12-04 18:19:32,064][com.java.TestType] [  481] -  str(1) = 2
[INFO ][2015-12-04 18:19:32,064][com.java.TestType] [  484] - Test case Id is---2
[INFO ][2015-12-04 18:19:32,064][com.java.TestType] [  486] - 2
[INFO ][2015-12-04 18:19:32,064][com.java.TestType] [  481] -  str(2) = 3
[INFO ][2015-12-04 18:19:32,064][com.java.TestType] [  533] - row values are--------{1=com.java.Objects.TestDataDetails@c7a6cb, 2=com.java.Objects.TestDataDetails@96ac5e, 3=com.java.Objects.TestDataDetails@367c17}
[INFO ][2015-12-04 18:19:32,065][com.java.TestType] [ 9925] - Looping 1TCID = 2
[DEBUG][2015-12-04 18:19:32,065][com.java.TestType] [ 9966] - Concept ID:2 :: Step being Executed: 2::1
[INFO ][2015-12-04 18:19:32,065][com.java.TestType] [10004] - dataFields : BNK//select[@id='bank']
[DEBUG][2015-12-04 18:19:32,065][com.java.TestType] [10010] - <In Set values of the page>
[DEBUG][2015-12-04 18:19:32,065][com.java.TestType] [10015] - {Data Fields & Data Values Exist}
[INFO ][2015-12-04 18:19:32,065][com.java.TestType] [10021] - --------------------------setting values-----------------------------
[INFO ][2015-12-04 18:19:32,065][com.java.TestType] [10024] - Action Type : Select
[INFO ][2015-12-04 18:19:32,065][com.java.TestType] [ 5426] - value = PFC
[INFO ][2015-12-04 18:19:32,263][com.java.TestType] [10043] -  RESULT true
[INFO ][2015-12-04 18:19:32,263][com.java.TestType] [10160] - ?   P A S S   ?
[DEBUG][2015-12-04 18:19:32,263][com.java.TestType] [ 9966] - Concept ID:2 :: Step being Executed: 2::2
[INFO ][2015-12-04 18:19:32,263][com.java.TestType] [10004] - dataFields : LNKLogout
[DEBUG][2015-12-04 18:19:32,263][com.java.TestType] [10010] - <In Set values of the page>
[DEBUG][2015-12-04 18:19:32,263][com.java.TestType] [10015] - {Data Fields & Data Values Exist}
[INFO ][2015-12-04 18:19:32,263][com.java.TestType] [10021] - --------------------------setting values-----------------------------
[INFO ][2015-12-04 18:19:32,263][com.java.TestType] [10024] - Action Type : WaitTime
[DEBUG][2015-12-04 18:19:32,264][com.java.TestType] [ 5246] - sleepTime: 5000
[INFO ][2015-12-04 18:19:37,264][com.java.TestType] [10043] -  RESULT true
[INFO ][2015-12-04 18:19:37,264][com.java.TestType] [10160] - ?   P A S S   ?
[INFO ][2015-12-04 18:19:37,264][com.java.TestType] [10231] - Looping End......
[INFO ][2015-12-04 18:19:37,268][com.java.SeleniumDriver] [  877] -  RESULT true
[INFO ][2015-12-04 18:19:37,268][com.java.SeleniumDriver] [ 1083] - ?   P A S S   ?
[INFO ][2015-12-04 18:19:37,268][com.java.SeleniumDriver] [  804] - ------------------------------------------
[INFO ][2015-12-04 18:19:37,268][com.java.SeleniumDriver] [  805] - Test case being Executed: 1
[INFO ][2015-12-04 18:19:37,269][com.java.SeleniumDriver] [  816] - Test step:3
[INFO ][2015-12-04 18:19:37,269][com.java.SeleniumDriver] [  828] - Datavalue is----------2
[INFO ][2015-12-04 18:19:37,269][com.java.SeleniumDriver] [  852] - DataField : XPH//button[contains(text(),'Add Content')]
[INFO ][2015-12-04 18:19:37,269][com.java.SeleniumDriver] [  854] - DataValue : 2
[INFO ][2015-12-04 18:19:37,269][com.java.SeleniumDriver] [  860] - <In Set values of the page>
[INFO ][2015-12-04 18:19:37,269][com.java.SeleniumDriver] [  863] - {Data Fields & Data Values Exist}
[INFO ][2015-12-04 18:19:37,269][com.java.SeleniumDriver] [  865] - --------------------------setting values-----------------------------
[INFO ][2015-12-04 18:19:37,269][com.java.SeleniumDriver] [  868] - Action Type : WAITFORELEMENT
[INFO ][2015-12-04 18:19:37,303][com.java.SeleniumDriver] [  877] -  RESULT true
[INFO ][2015-12-04 18:19:37,303][com.java.SeleniumDriver] [ 1083] - ?   P A S S   ?
[DEBUG][2015-12-04 18:19:37,303][com.java.SeleniumDriver] [ 1195] - Case found
[DEBUG][2015-12-04 18:19:37,303][com.java.SeleniumDriver] [ 1200] - Incrementing ReportCounters[0]:1
[INFO ][2015-12-04 18:19:37,303][com.java.SeleniumDriver] [ 1219] - The results are-------------------[1, 1, Valid Login, Pass, , Fri Dec 04 18:19:32 IST 2015, 1, 2, Valid Login, Pass, , Fri Dec 04 18:19:37 IST 2015, 1, 3, Valid Login, Pass, , Fri Dec 04 18:19:37 IST 2015]
[INFO ][2015-12-04 18:19:37,303][com.java.SeleniumDriver] [ 1223] - End time is-------35 sec
[INFO ][2015-12-04 18:19:37,303][com.java.SeleniumDriver] [ 1224] - The results are-------------------[1, 1, Valid Login, Pass, , Fri Dec 04 18:19:32 IST 2015, 1, 2, Valid Login, Pass, , Fri Dec 04 18:19:37 IST 2015, 1, 3, Valid Login, Pass, , Fri Dec 04 18:19:37 IST 2015]
[DEBUG][2015-12-04 18:19:37,304][com.java.ImportnExport.ExportTestResultsExcel] [  222] - testResultPath = D:\BankersDashboard/TestReports/Test Results_BankersDashBoard_120415_181904_IE10_Any Bank USA.xls
[DEBUG][2015-12-04 18:19:37,304][com.java.ImportnExport.ExportTestResultsExcel] [  223] - browser is------------IE10
[DEBUG][2015-12-04 18:19:37,346][com.java.ImportnExport.ExportTestResultsExcel] [  270] - result.size() = 18
[DEBUG][2015-12-04 18:19:37,346][com.java.ImportnExport.ExportTestResultsExcel] [  274] - No of rows in sheet=1
[DEBUG][2015-12-04 18:19:37,346][com.java.ImportnExport.ExportTestResultsExcel] [  301] - ..in export..1
[DEBUG][2015-12-04 18:19:37,346][com.java.ImportnExport.ExportTestResultsExcel] [  301] - ..in export..Valid Login
[DEBUG][2015-12-04 18:19:37,346][com.java.ImportnExport.ExportTestResultsExcel] [  301] - ..in export..Pass
[DEBUG][2015-12-04 18:19:37,347][com.java.ImportnExport.ExportTestResultsExcel] [  301] - ..in export..
[DEBUG][2015-12-04 18:19:37,347][com.java.ImportnExport.ExportTestResultsExcel] [  301] - ..in export..Fri Dec 04 18:19:32 IST 2015
[INFO ][2015-12-04 18:19:37,350][com.java.SeleniumDriver] [ 1282] - out loop:0 size:12 TestCases:[1, 2, 3, 4, 5, 6, 7, 8, 9, 10, 11, 12] testcases:[1, 2, 3, 4, 5, 6, 7, 8, 9, 10, 11, 12]
[INFO ][2015-12-04 18:19:37,350][com.java.ImportnExport.ImportTestDataDetailsExcel] [   49] - test data details path===== D:\BankersDashboard\TestInputs\TestData.xls
[INFO ][2015-12-04 18:19:52,921][com.java.SeleniumDriver] [  804] - ------------------------------------------
[INFO ][2015-12-04 18:19:52,921][com.java.SeleniumDriver] [  805] - Test case being Executed: 2
[INFO ][2015-12-04 18:19:52,921][com.java.SeleniumDriver] [  816] - Test step:1
[INFO ][2015-12-04 18:19:52,921][com.java.SeleniumDriver] [  828] - Datavalue is----------test
[INFO ][2015-12-04 18:19:52,921][com.java.SeleniumDriver] [  852] - DataField : test
[INFO ][2015-12-04 18:19:52,921][com.java.SeleniumDriver] [  854] - DataValue : test
[INFO ][2015-12-04 18:19:52,921][com.java.SeleniumDriver] [  860] - <In Set values of the page>
[INFO ][2015-12-04 18:19:52,921][com.java.SeleniumDriver] [  863] - {Data Fields & Data Values Exist}
[INFO ][2015-12-04 18:19:52,921][com.java.SeleniumDriver] [  865] - --------------------------setting values-----------------------------
[INFO ][2015-12-04 18:19:52,921][com.java.SeleniumDriver] [  868] - Action Type : SELECTMAINWINDOWANDCLOSEOTHER
[INFO ][2015-12-04 18:20:03,077][com.java.SeleniumDriver] [  877] -  RESULT true
[INFO ][2015-12-04 18:20:03,077][com.java.SeleniumDriver] [ 1083] - ?   P A S S   ?
[INFO ][2015-12-04 18:20:03,077][com.java.SeleniumDriver] [  804] - ------------------------------------------
[INFO ][2015-12-04 18:20:03,077][com.java.SeleniumDriver] [  805] - Test case being Executed: 2
[INFO ][2015-12-04 18:20:03,077][com.java.SeleniumDriver] [  816] - Test step:2
[INFO ][2015-12-04 18:20:03,077][com.java.SeleniumDriver] [  828] - Datavalue is----------Logout
[INFO ][2015-12-04 18:20:03,077][com.java.SeleniumDriver] [  852] - DataField : BTN
[INFO ][2015-12-04 18:20:03,077][com.java.SeleniumDriver] [  854] - DataValue : Logout
[INFO ][2015-12-04 18:20:03,077][com.java.SeleniumDriver] [  860] - <In Set values of the page>
[INFO ][2015-12-04 18:20:03,077][com.java.SeleniumDriver] [  863] - {Data Fields & Data Values Exist}
[INFO ][2015-12-04 18:20:03,077][com.java.SeleniumDriver] [  865] - --------------------------setting values-----------------------------
[INFO ][2015-12-04 18:20:03,077][com.java.SeleniumDriver] [  868] - Action Type : Verify
[INFO ][2015-12-04 18:20:03,078][com.java.TestType] [ 6617] - field= BTN value= Logout
[INFO ][2015-12-04 18:20:03,078][com.java.TestType] [ 5426] - value = Logout
[INFO ][2015-12-04 18:20:03,153][com.java.SeleniumDriver] [  877] -  RESULT true
[INFO ][2015-12-04 18:20:03,153][com.java.SeleniumDriver] [ 1083] - ?   P A S S   ?
[INFO ][2015-12-04 18:20:03,153][com.java.SeleniumDriver] [ 1125] - step change to 4
[INFO ][2015-12-04 18:20:03,153][com.java.SeleniumDriver] [  804] - ------------------------------------------
[INFO ][2015-12-04 18:20:03,153][com.java.SeleniumDriver] [  805] - Test case being Executed: 2
[INFO ][2015-12-04 18:20:03,153][com.java.SeleniumDriver] [  816] - Test step:4
[INFO ][2015-12-04 18:20:03,153][com.java.SeleniumDriver] [  828] - Datavalue is----------Concept#2:1-2
[INFO ][2015-12-04 18:20:03,153][com.java.SeleniumDriver] [  852] - DataField : test
[INFO ][2015-12-04 18:20:03,154][com.java.SeleniumDriver] [  854] - DataValue : Concept#2:1-2
[INFO ][2015-12-04 18:20:03,154][com.java.SeleniumDriver] [  860] - <In Set values of the page>
[INFO ][2015-12-04 18:20:03,154][com.java.SeleniumDriver] [  863] - {Data Fields & Data Values Exist}
[INFO ][2015-12-04 18:20:03,154][com.java.SeleniumDriver] [  865] - --------------------------setting values-----------------------------
[INFO ][2015-12-04 18:20:03,154][com.java.SeleniumDriver] [  868] - Action Type : ExecuteTestCase
[INFO ][2015-12-04 18:20:03,154][com.java.TestType] [  436] - The Concept sheet name is ---------- Concept
[INFO ][2015-12-04 18:20:03,154][com.java.TestType] [  439] - The Concept ID  is ---------- 2
[DEBUG][2015-12-04 18:20:03,154][com.java.TestType] [  443] - Steps being executted in the Concept are: 1:2
[INFO ][2015-12-04 18:20:03,154][com.java.TestType] [  450] - Test data details path ---------- D:\BankersDashboard\TestInputs\TestData.xls
[INFO ][2015-12-04 18:20:03,186][com.java.TestType] [  481] -  str(1) = 2
[INFO ][2015-12-04 18:20:03,186][com.java.TestType] [  484] - Test case Id is---2
[INFO ][2015-12-04 18:20:03,186][com.java.TestType] [  486] - 2
[INFO ][2015-12-04 18:20:03,187][com.java.TestType] [  481] -  str(2) = 1
[INFO ][2015-12-04 18:20:03,188][com.java.TestType] [  533] - row values are--------{1=com.java.Objects.TestDataDetails@541d79}
[INFO ][2015-12-04 18:20:03,188][com.java.TestType] [  481] -  str(1) = 2
[INFO ][2015-12-04 18:20:03,188][com.java.TestType] [  484] - Test case Id is---2
[INFO ][2015-12-04 18:20:03,188][com.java.TestType] [  486] - 2
[INFO ][2015-12-04 18:20:03,188][com.java.TestType] [  481] -  str(2) = 2
[INFO ][2015-12-04 18:20:03,189][com.java.TestType] [  533] - row values are--------{1=com.java.Objects.TestDataDetails@541d79, 2=com.java.Objects.TestDataDetails@1bbe8df}
[INFO ][2015-12-04 18:20:03,189][com.java.TestType] [  481] -  str(1) = 2
[INFO ][2015-12-04 18:20:03,189][com.java.TestType] [  484] - Test case Id is---2
[INFO ][2015-12-04 18:20:03,189][com.java.TestType] [  486] - 2
[INFO ][2015-12-04 18:20:03,189][com.java.TestType] [  481] -  str(2) = 3
[INFO ][2015-12-04 18:20:03,190][com.java.TestType] [  533] - row values are--------{1=com.java.Objects.TestDataDetails@541d79, 2=com.java.Objects.TestDataDetails@1bbe8df, 3=com.java.Objects.TestDataDetails@dbf42e}
[INFO ][2015-12-04 18:20:03,190][com.java.TestType] [ 9925] - Looping 1TCID = 2
[DEBUG][2015-12-04 18:20:03,190][com.java.TestType] [ 9966] - Concept ID:2 :: Step being Executed: 2::1
[INFO ][2015-12-04 18:20:03,190][com.java.TestType] [10004] - dataFields : BNK//select[@id='bank']
[DEBUG][2015-12-04 18:20:03,190][com.java.TestType] [10010] - <In Set values of the page>
[DEBUG][2015-12-04 18:20:03,190][com.java.TestType] [10015] - {Data Fields & Data Values Exist}
[INFO ][2015-12-04 18:20:03,190][com.java.TestType] [10021] - --------------------------setting values-----------------------------
[INFO ][2015-12-04 18:20:03,190][com.java.TestType] [10024] - Action Type : Select
[INFO ][2015-12-04 18:20:03,190][com.java.TestType] [ 5426] - value = PFC
[INFO ][2015-12-04 18:20:03,375][com.java.TestType] [10043] -  RESULT true
[INFO ][2015-12-04 18:20:03,375][com.java.TestType] [10160] - ?   P A S S   ?
[DEBUG][2015-12-04 18:20:03,375][com.java.TestType] [ 9966] - Concept ID:2 :: Step being Executed: 2::2
[INFO ][2015-12-04 18:20:03,375][com.java.TestType] [10004] - dataFields : LNKLogout
[DEBUG][2015-12-04 18:20:03,375][com.java.TestType] [10010] - <In Set values of the page>
[DEBUG][2015-12-04 18:20:03,375][com.java.TestType] [10015] - {Data Fields & Data Values Exist}
[INFO ][2015-12-04 18:20:03,375][com.java.TestType] [10021] - --------------------------setting values-----------------------------
[INFO ][2015-12-04 18:20:03,375][com.java.TestType] [10024] - Action Type : WaitTime
[DEBUG][2015-12-04 18:20:03,375][com.java.TestType] [ 5246] - sleepTime: 5000
[INFO ][2015-12-04 18:20:08,375][com.java.TestType] [10043] -  RESULT true
[INFO ][2015-12-04 18:20:08,375][com.java.TestType] [10160] - ?   P A S S   ?
[INFO ][2015-12-04 18:20:08,375][com.java.TestType] [10231] - Looping End......
[INFO ][2015-12-04 18:20:08,379][com.java.SeleniumDriver] [  877] -  RESULT true
[INFO ][2015-12-04 18:20:08,379][com.java.SeleniumDriver] [ 1083] - ?   P A S S   ?
[INFO ][2015-12-04 18:20:08,379][com.java.SeleniumDriver] [  804] - ------------------------------------------
[INFO ][2015-12-04 18:20:08,379][com.java.SeleniumDriver] [  805] - Test case being Executed: 2
[INFO ][2015-12-04 18:20:08,379][com.java.SeleniumDriver] [  816] - Test step:5
[INFO ][2015-12-04 18:20:08,379][com.java.SeleniumDriver] [  828] - Datavalue is----------null
[DEBUG][2015-12-04 18:20:08,380][com.java.SeleniumDriver] [  846] - Exception: null
[INFO ][2015-12-04 18:20:08,380][com.java.SeleniumDriver] [  852] - DataField : //span[@class='icon-stats']&&//a[@data-id="Forecasting"]
[INFO ][2015-12-04 18:20:08,380][com.java.SeleniumDriver] [  854] - DataValue : 
[INFO ][2015-12-04 18:20:08,380][com.java.SeleniumDriver] [  860] - <In Set values of the page>
[INFO ][2015-12-04 18:20:08,380][com.java.SeleniumDriver] [  863] - {Data Fields & Data Values Exist}
[INFO ][2015-12-04 18:20:08,380][com.java.SeleniumDriver] [  865] - --------------------------setting values-----------------------------
[INFO ][2015-12-04 18:20:08,380][com.java.SeleniumDriver] [  868] - Action Type : MOUSEOVER
[INFO ][2015-12-04 18:20:31,880][com.java.SeleniumDriver] [  877] -  RESULT true
[INFO ][2015-12-04 18:20:31,880][com.java.SeleniumDriver] [ 1083] - ?   P A S S   ?
[INFO ][2015-12-04 18:20:31,880][com.java.SeleniumDriver] [  804] - ------------------------------------------
[INFO ][2015-12-04 18:20:31,880][com.java.SeleniumDriver] [  805] - Test case being Executed: 2
[INFO ][2015-12-04 18:20:31,880][com.java.SeleniumDriver] [  816] - Test step:6
[INFO ][2015-12-04 18:20:31,880][com.java.SeleniumDriver] [  828] - Datavalue is----------5
[INFO ][2015-12-04 18:20:31,880][com.java.SeleniumDriver] [  852] - DataField : null
[INFO ][2015-12-04 18:20:31,880][com.java.SeleniumDriver] [  854] - DataValue : 5
[INFO ][2015-12-04 18:20:31,880][com.java.SeleniumDriver] [  860] - <In Set values of the page>
[INFO ][2015-12-04 18:20:31,880][com.java.SeleniumDriver] [  863] - {Data Fields & Data Values Exist}
[INFO ][2015-12-04 18:20:31,880][com.java.SeleniumDriver] [  865] - --------------------------setting values-----------------------------
[INFO ][2015-12-04 18:20:31,880][com.java.SeleniumDriver] [  868] - Action Type : WAITTIME
[DEBUG][2015-12-04 18:20:31,880][com.java.TestType] [ 5246] - sleepTime: 5000
[INFO ][2015-12-04 18:20:36,880][com.java.SeleniumDriver] [  877] -  RESULT true
[INFO ][2015-12-04 18:20:36,880][com.java.SeleniumDriver] [ 1083] - ?   P A S S   ?
[INFO ][2015-12-04 18:20:36,880][com.java.SeleniumDriver] [  804] - ------------------------------------------
[INFO ][2015-12-04 18:20:36,880][com.java.SeleniumDriver] [  805] - Test case being Executed: 2
[INFO ][2015-12-04 18:20:36,880][com.java.SeleniumDriver] [  816] - Test step:7
[INFO ][2015-12-04 18:20:36,880][com.java.SeleniumDriver] [  828] - Datavalue is----------Forecasting 
[INFO ][2015-12-04 18:20:36,880][com.java.SeleniumDriver] [  852] - DataField : TTL
[INFO ][2015-12-04 18:20:36,880][com.java.SeleniumDriver] [  854] - DataValue : Forecasting 
[INFO ][2015-12-04 18:20:36,880][com.java.SeleniumDriver] [  860] - <In Set values of the page>
[INFO ][2015-12-04 18:20:36,880][com.java.SeleniumDriver] [  863] - {Data Fields & Data Values Exist}
[INFO ][2015-12-04 18:20:36,880][com.java.SeleniumDriver] [  865] - --------------------------setting values-----------------------------
[INFO ][2015-12-04 18:20:36,880][com.java.SeleniumDriver] [  868] - Action Type : SELECTWINDOW
[INFO ][2015-12-04 18:20:49,176][com.java.SeleniumDriver] [  877] -  RESULT true
[INFO ][2015-12-04 18:20:49,176][com.java.SeleniumDriver] [ 1083] - ?   P A S S   ?
[INFO ][2015-12-04 18:20:49,176][com.java.SeleniumDriver] [  804] - ------------------------------------------
[INFO ][2015-12-04 18:20:49,176][com.java.SeleniumDriver] [  805] - Test case being Executed: 2
[INFO ][2015-12-04 18:20:49,176][com.java.SeleniumDriver] [  816] - Test step:8
[INFO ][2015-12-04 18:20:49,176][com.java.SeleniumDriver] [  828] - Datavalue is----------null
[DEBUG][2015-12-04 18:20:49,176][com.java.SeleniumDriver] [  846] - Exception: null
[INFO ][2015-12-04 18:20:49,176][com.java.SeleniumDriver] [  852] - DataField : BTNframeDialogContent
[INFO ][2015-12-04 18:20:49,176][com.java.SeleniumDriver] [  854] - DataValue : 
[INFO ][2015-12-04 18:20:49,176][com.java.SeleniumDriver] [  860] - <In Set values of the page>
[INFO ][2015-12-04 18:20:49,176][com.java.SeleniumDriver] [  863] - {Data Fields & Data Values Exist}
[INFO ][2015-12-04 18:20:49,176][com.java.SeleniumDriver] [  865] - --------------------------setting values-----------------------------
[INFO ][2015-12-04 18:20:49,176][com.java.SeleniumDriver] [  868] - Action Type : WAITFORELEMENT
[INFO ][2015-12-04 18:20:50,382][com.java.SeleniumDriver] [  877] -  RESULT true
[INFO ][2015-12-04 18:20:50,382][com.java.SeleniumDriver] [ 1083] - ?   P A S S   ?
[INFO ][2015-12-04 18:20:50,382][com.java.SeleniumDriver] [  804] - ------------------------------------------
[INFO ][2015-12-04 18:20:50,382][com.java.SeleniumDriver] [  805] - Test case being Executed: 2
[INFO ][2015-12-04 18:20:50,382][com.java.SeleniumDriver] [  816] - Test step:9
[INFO ][2015-12-04 18:20:50,382][com.java.SeleniumDriver] [  828] - Datavalue is----------Forecasting 
[INFO ][2015-12-04 18:20:50,382][com.java.SeleniumDriver] [  852] - DataField : XPH//span[@class='ui-dialog-title']
[INFO ][2015-12-04 18:20:50,382][com.java.SeleniumDriver] [  854] - DataValue : Forecasting 
[INFO ][2015-12-04 18:20:50,382][com.java.SeleniumDriver] [  860] - <In Set values of the page>
[INFO ][2015-12-04 18:20:50,382][com.java.SeleniumDriver] [  863] - {Data Fields & Data Values Exist}
[INFO ][2015-12-04 18:20:50,382][com.java.SeleniumDriver] [  865] - --------------------------setting values-----------------------------
[INFO ][2015-12-04 18:20:50,382][com.java.SeleniumDriver] [  868] - Action Type : VERIFY
[INFO ][2015-12-04 18:20:50,382][com.java.TestType] [ 6617] - field= XPH//span[@class='ui-dialog-title'] value= Forecasting 
[INFO ][2015-12-04 18:20:50,384][com.java.TestType] [ 5426] - value = Forecasting 
[ERROR][2015-12-04 18:21:11,029][com.java.TestType] [ 7105] - Element  not found :Forecasting 
[INFO ][2015-12-04 18:21:11,029][com.java.SeleniumDriver] [  877] -  RESULT false
[INFO ][2015-12-04 18:21:11,029][com.java.SeleniumDriver] [  924] - ?   F A I L   ?
[INFO ][2015-12-04 18:21:11,029][com.java.SeleniumDriver] [  932] - Browser Type : IE10
[INFO ][2015-12-04 18:21:11,029][com.java.SeleniumDriver] [  933] - Adding Failed case2
[INFO ][2015-12-04 18:21:11,800][com.java.SeleniumDriver] [ 1047] - failedCases = 2
[ERROR][2015-12-04 18:21:11,800][com.java.SeleniumDriver] [ 1544] - Platform Errors : Our apologies...::We have encountered an issue with your request.::Our apologies?:We encountered an issue with your request.
[INFO ][2015-12-04 18:21:11,800][com.java.SeleniumDriver] [ 1548] - Length =3
[ERROR][2015-12-04 18:21:11,800][com.java.SeleniumDriver] [ 1551] - Error 0 = Our apologies...
[ERROR][2015-12-04 18:21:11,875][com.java.SeleniumDriver] [ 1551] - Error 1 = We have encountered an issue with your request.
[ERROR][2015-12-04 18:21:11,917][com.java.SeleniumDriver] [ 1551] - Error 2 = Our apologies?:We encountered an issue with your request.
[INFO ][2015-12-04 18:21:11,962][com.java.SeleniumDriver] [ 1562] - strError:
[DEBUG][2015-12-04 18:21:11,975][com.java.SeleniumDriver] [ 1195] - Case found
[DEBUG][2015-12-04 18:21:11,975][com.java.SeleniumDriver] [ 1200] - Incrementing ReportCounters[0]:2
[INFO ][2015-12-04 18:21:11,975][com.java.SeleniumDriver] [ 1219] - The results are-------------------[2, 9, Projectioans: Forecasting, Fail, 
Test case failed at Step No. :: 9   Error Message ::  Element not found:Forecasting . Screen Shot : D:\BankersDashboard\TestReports\120415\2_120415_182111_IE10.png, Fri Dec 04 18:21:11 IST 2015]
[INFO ][2015-12-04 18:21:11,975][com.java.SeleniumDriver] [ 1223] - End time is-------2 min 9 sec
[INFO ][2015-12-04 18:21:11,975][com.java.SeleniumDriver] [ 1224] - The results are-------------------[2, 9, Projectioans: Forecasting, Fail, 
Test case failed at Step No. :: 9   Error Message ::  Element not found:Forecasting . Screen Shot : D:\BankersDashboard\TestReports\120415\2_120415_182111_IE10.png, Fri Dec 04 18:21:11 IST 2015]
[DEBUG][2015-12-04 18:21:11,975][com.java.ImportnExport.ExportTestResultsExcel] [  222] - testResultPath = D:\BankersDashboard/TestReports/Test Results_BankersDashBoard_120415_181904_IE10_Any Bank USA.xls
[DEBUG][2015-12-04 18:21:11,975][com.java.ImportnExport.ExportTestResultsExcel] [  223] - browser is------------IE10
[DEBUG][2015-12-04 18:21:11,977][com.java.ImportnExport.ExportTestResultsExcel] [  270] - result.size() = 6
[DEBUG][2015-12-04 18:21:11,977][com.java.ImportnExport.ExportTestResultsExcel] [  274] - No of rows in sheet=2
[DEBUG][2015-12-04 18:21:11,977][com.java.ImportnExport.ExportTestResultsExcel] [  301] - ..in export..2
[DEBUG][2015-12-04 18:21:11,977][com.java.ImportnExport.ExportTestResultsExcel] [  301] - ..in export..Projectioans: Forecasting
[DEBUG][2015-12-04 18:21:11,977][com.java.ImportnExport.ExportTestResultsExcel] [  301] - ..in export..Fail
[DEBUG][2015-12-04 18:21:11,977][com.java.ImportnExport.ExportTestResultsExcel] [  301] - ..in export..
Test case failed at Step No. :: 9   Error Message ::  Element not found:Forecasting . Screen Shot : D:\BankersDashboard\TestReports\120415\2_120415_182111_IE10.png
[DEBUG][2015-12-04 18:21:11,977][com.java.ImportnExport.ExportTestResultsExcel] [  301] - ..in export..Fri Dec 04 18:21:11 IST 2015
[INFO ][2015-12-04 18:21:11,980][com.java.SeleniumDriver] [ 1282] - out loop:1 size:12 TestCases:[1, 2, 3, 4, 5, 6, 7, 8, 9, 10, 11, 12] testcases:[1, 2, 3, 4, 5, 6, 7, 8, 9, 10, 11, 12]
[INFO ][2015-12-04 18:21:11,980][com.java.ImportnExport.ImportTestDataDetailsExcel] [   49] - test data details path===== D:\BankersDashboard\TestInputs\TestData.xls
[INFO ][2015-12-04 18:21:32,728][com.java.SeleniumDriver] [  804] - ------------------------------------------
[INFO ][2015-12-04 18:21:32,728][com.java.SeleniumDriver] [  805] - Test case being Executed: 3
[INFO ][2015-12-04 18:21:32,728][com.java.SeleniumDriver] [  816] - Test step:1
[INFO ][2015-12-04 18:21:32,728][com.java.SeleniumDriver] [  828] - Datavalue is----------test
[INFO ][2015-12-04 18:21:32,728][com.java.SeleniumDriver] [  852] - DataField : test
[INFO ][2015-12-04 18:21:32,728][com.java.SeleniumDriver] [  854] - DataValue : test
[INFO ][2015-12-04 18:21:32,728][com.java.SeleniumDriver] [  860] - <In Set values of the page>
[INFO ][2015-12-04 18:21:32,728][com.java.SeleniumDriver] [  863] - {Data Fields & Data Values Exist}
[INFO ][2015-12-04 18:21:32,728][com.java.SeleniumDriver] [  865] - --------------------------setting values-----------------------------
[INFO ][2015-12-04 18:21:32,728][com.java.SeleniumDriver] [  868] - Action Type : SELECTMAINWINDOWANDCLOSEOTHER
[INFO ][2015-12-04 18:21:44,882][com.java.SeleniumDriver] [  877] -  RESULT true
[INFO ][2015-12-04 18:21:44,882][com.java.SeleniumDriver] [ 1083] - ?   P A S S   ?
[INFO ][2015-12-04 18:21:44,882][com.java.SeleniumDriver] [  804] - ------------------------------------------
[INFO ][2015-12-04 18:21:44,882][com.java.SeleniumDriver] [  805] - Test case being Executed: 3
[INFO ][2015-12-04 18:21:44,882][com.java.SeleniumDriver] [  816] - Test step:2
[INFO ][2015-12-04 18:21:44,882][com.java.SeleniumDriver] [  828] - Datavalue is----------Logout
[INFO ][2015-12-04 18:21:44,882][com.java.SeleniumDriver] [  852] - DataField : BTN
[INFO ][2015-12-04 18:21:44,882][com.java.SeleniumDriver] [  854] - DataValue : Logout
[INFO ][2015-12-04 18:21:44,882][com.java.SeleniumDriver] [  860] - <In Set values of the page>
[INFO ][2015-12-04 18:21:44,882][com.java.SeleniumDriver] [  863] - {Data Fields & Data Values Exist}
[INFO ][2015-12-04 18:21:44,882][com.java.SeleniumDriver] [  865] - --------------------------setting values-----------------------------
[INFO ][2015-12-04 18:21:44,882][com.java.SeleniumDriver] [  868] - Action Type : Verify
[INFO ][2015-12-04 18:21:44,883][com.java.TestType] [ 6617] - field= BTN value= Logout
[INFO ][2015-12-04 18:21:44,883][com.java.TestType] [ 5426] - value = Logout
[DEBUG][2015-12-04 18:22:20,451][com.java.TestType] [ 6335] - Logout   :: Element not Found
[ERROR][2015-12-04 18:22:37,237][com.java.TestType] [ 7328] - Assertion Error: 
[INFO ][2015-12-04 18:22:37,237][com.java.SeleniumDriver] [  877] -  RESULT false
[INFO ][2015-12-04 18:22:37,237][com.java.SeleniumDriver] [  924] - ?   F A I L   ?
[INFO ][2015-12-04 18:22:37,237][com.java.SeleniumDriver] [  932] - Browser Type : IE10
[INFO ][2015-12-04 18:22:37,237][com.java.SeleniumDriver] [  933] - Adding Failed case3
[DEBUG][2015-12-04 18:22:37,295][com.java.SeleniumDriver] [ 1001] -  tdd.getCondition() IF:4:Next
[INFO ][2015-12-04 18:22:37,295][com.java.SeleniumDriver] [ 1005] - Continue next step...
[INFO ][2015-12-04 18:22:37,295][com.java.SeleniumDriver] [  804] - ------------------------------------------
[INFO ][2015-12-04 18:22:37,295][com.java.SeleniumDriver] [  805] - Test case being Executed: 3
[INFO ][2015-12-04 18:22:37,295][com.java.SeleniumDriver] [  816] - Test step:3
[INFO ][2015-12-04 18:22:37,295][com.java.SeleniumDriver] [  828] - Datavalue is----------Concept#1:1-14
[INFO ][2015-12-04 18:22:37,295][com.java.SeleniumDriver] [  852] - DataField : test
[INFO ][2015-12-04 18:22:37,298][com.java.SeleniumDriver] [  854] - DataValue : Concept#1:1-14
[INFO ][2015-12-04 18:22:37,298][com.java.SeleniumDriver] [  860] - <In Set values of the page>
[INFO ][2015-12-04 18:22:37,298][com.java.SeleniumDriver] [  863] - {Data Fields & Data Values Exist}
[INFO ][2015-12-04 18:22:37,298][com.java.SeleniumDriver] [  865] - --------------------------setting values-----------------------------
[INFO ][2015-12-04 18:22:37,298][com.java.SeleniumDriver] [  868] - Action Type : ExecuteTestCase
[INFO ][2015-12-04 18:22:37,298][com.java.TestType] [  436] - The Concept sheet name is ---------- Concept
[INFO ][2015-12-04 18:22:37,298][com.java.TestType] [  439] - The Concept ID  is ---------- 1
[DEBUG][2015-12-04 18:22:37,298][com.java.TestType] [  443] - Steps being executted in the Concept are: 1:14
[INFO ][2015-12-04 18:22:37,298][com.java.TestType] [  450] - Test data details path ---------- D:\BankersDashboard\TestInputs\TestData.xls
[INFO ][2015-12-04 18:22:37,330][com.java.TestType] [  481] -  str(1) = 1
[INFO ][2015-12-04 18:22:37,330][com.java.TestType] [  484] - Test case Id is---1
[INFO ][2015-12-04 18:22:37,330][com.java.TestType] [  486] - 1
[INFO ][2015-12-04 18:22:37,330][com.java.TestType] [  481] -  str(2) = 1
[INFO ][2015-12-04 18:22:37,333][com.java.TestType] [  533] - row values are--------{1=com.java.Objects.TestDataDetails@596d65}
[INFO ][2015-12-04 18:22:37,333][com.java.TestType] [  481] -  str(1) = 1
[INFO ][2015-12-04 18:22:37,333][com.java.TestType] [  484] - Test case Id is---1
[INFO ][2015-12-04 18:22:37,333][com.java.TestType] [  486] - 1
[INFO ][2015-12-04 18:22:37,333][com.java.TestType] [  481] -  str(2) = 2
[INFO ][2015-12-04 18:22:37,333][com.java.TestType] [  533] - row values are--------{1=com.java.Objects.TestDataDetails@596d65, 2=com.java.Objects.TestDataDetails@69bb16}
[INFO ][2015-12-04 18:22:37,333][com.java.TestType] [  481] -  str(1) = 1
[INFO ][2015-12-04 18:22:37,333][com.java.TestType] [  484] - Test case Id is---1
[INFO ][2015-12-04 18:22:37,333][com.java.TestType] [  486] - 1
[INFO ][2015-12-04 18:22:37,333][com.java.TestType] [  481] -  str(2) = 3
[INFO ][2015-12-04 18:22:37,335][com.java.TestType] [  533] - row values are--------{1=com.java.Objects.TestDataDetails@596d65, 2=com.java.Objects.TestDataDetails@69bb16, 3=com.java.Objects.TestDataDetails@209819}
[INFO ][2015-12-04 18:22:37,335][com.java.TestType] [  481] -  str(1) = 1
[INFO ][2015-12-04 18:22:37,335][com.java.TestType] [  484] - Test case Id is---1
[INFO ][2015-12-04 18:22:37,335][com.java.TestType] [  486] - 1
[INFO ][2015-12-04 18:22:37,335][com.java.TestType] [  481] -  str(2) = 4
[INFO ][2015-12-04 18:22:37,335][com.java.TestType] [  533] - row values are--------{1=com.java.Objects.TestDataDetails@596d65, 2=com.java.Objects.TestDataDetails@69bb16, 3=com.java.Objects.TestDataDetails@209819, 4=com.java.Objects.TestDataDetails@39e50f}
[INFO ][2015-12-04 18:22:37,335][com.java.TestType] [  481] -  str(1) = 1
[INFO ][2015-12-04 18:22:37,335][com.java.TestType] [  484] - Test case Id is---1
[INFO ][2015-12-04 18:22:37,335][com.java.TestType] [  486] - 1
[INFO ][2015-12-04 18:22:37,335][com.java.TestType] [  481] -  str(2) = 5
[INFO ][2015-12-04 18:22:37,338][com.java.TestType] [  533] - row values are--------{1=com.java.Objects.TestDataDetails@596d65, 2=com.java.Objects.TestDataDetails@69bb16, 3=com.java.Objects.TestDataDetails@209819, 4=com.java.Objects.TestDataDetails@39e50f, 5=com.java.Objects.TestDataDetails@e0f004}
[INFO ][2015-12-04 18:22:37,338][com.java.TestType] [  481] -  str(1) = 1
[INFO ][2015-12-04 18:22:37,338][com.java.TestType] [  484] - Test case Id is---1
[INFO ][2015-12-04 18:22:37,338][com.java.TestType] [  486] - 1
[INFO ][2015-12-04 18:22:37,338][com.java.TestType] [  481] -  str(2) = 6
[INFO ][2015-12-04 18:22:37,338][com.java.TestType] [  533] - row values are--------{1=com.java.Objects.TestDataDetails@596d65, 2=com.java.Objects.TestDataDetails@69bb16, 3=com.java.Objects.TestDataDetails@209819, 4=com.java.Objects.TestDataDetails@39e50f, 5=com.java.Objects.TestDataDetails@e0f004, 6=com.java.Objects.TestDataDetails@17c58fe}
[INFO ][2015-12-04 18:22:37,338][com.java.TestType] [  481] -  str(1) = 1
[INFO ][2015-12-04 18:22:37,338][com.java.TestType] [  484] - Test case Id is---1
[INFO ][2015-12-04 18:22:37,338][com.java.TestType] [  486] - 1
[INFO ][2015-12-04 18:22:37,338][com.java.TestType] [  481] -  str(2) = 7
[INFO ][2015-12-04 18:22:37,338][com.java.TestType] [  533] - row values are--------{1=com.java.Objects.TestDataDetails@596d65, 2=com.java.Objects.TestDataDetails@69bb16, 3=com.java.Objects.TestDataDetails@209819, 4=com.java.Objects.TestDataDetails@39e50f, 5=com.java.Objects.TestDataDetails@e0f004, 6=com.java.Objects.TestDataDetails@17c58fe, 7=com.java.Objects.TestDataDetails@1d92c2c}
[INFO ][2015-12-04 18:22:37,338][com.java.TestType] [  481] -  str(1) = 1
[INFO ][2015-12-04 18:22:37,338][com.java.TestType] [  484] - Test case Id is---1
[INFO ][2015-12-04 18:22:37,338][com.java.TestType] [  486] - 1
[INFO ][2015-12-04 18:22:37,338][com.java.TestType] [  481] -  str(2) = 8
[INFO ][2015-12-04 18:22:37,340][com.java.TestType] [  533] - row values are--------{1=com.java.Objects.TestDataDetails@596d65, 2=com.java.Objects.TestDataDetails@69bb16, 3=com.java.Objects.TestDataDetails@209819, 4=com.java.Objects.TestDataDetails@39e50f, 5=com.java.Objects.TestDataDetails@e0f004, 6=com.java.Objects.TestDataDetails@17c58fe, 7=com.java.Objects.TestDataDetails@1d92c2c, 8=com.java.Objects.TestDataDetails@6c6735}
[INFO ][2015-12-04 18:22:37,340][com.java.TestType] [  481] -  str(1) = 1
[INFO ][2015-12-04 18:22:37,340][com.java.TestType] [  484] - Test case Id is---1
[INFO ][2015-12-04 18:22:37,340][com.java.TestType] [  486] - 1
[INFO ][2015-12-04 18:22:37,340][com.java.TestType] [  481] -  str(2) = 9
[INFO ][2015-12-04 18:22:37,340][com.java.TestType] [  533] - row values are--------{1=com.java.Objects.TestDataDetails@596d65, 2=com.java.Objects.TestDataDetails@69bb16, 3=com.java.Objects.TestDataDetails@209819, 4=com.java.Objects.TestDataDetails@39e50f, 5=com.java.Objects.TestDataDetails@e0f004, 6=com.java.Objects.TestDataDetails@17c58fe, 7=com.java.Objects.TestDataDetails@1d92c2c, 8=com.java.Objects.TestDataDetails@6c6735, 9=com.java.Objects.TestDataDetails@7b1b10}
[INFO ][2015-12-04 18:22:37,340][com.java.TestType] [  481] -  str(1) = 1
[INFO ][2015-12-04 18:22:37,340][com.java.TestType] [  484] - Test case Id is---1
[INFO ][2015-12-04 18:22:37,340][com.java.TestType] [  486] - 1
[INFO ][2015-12-04 18:22:37,340][com.java.TestType] [  481] -  str(2) = 10
[INFO ][2015-12-04 18:22:37,340][com.java.TestType] [  533] - row values are--------{1=com.java.Objects.TestDataDetails@596d65, 2=com.java.Objects.TestDataDetails@69bb16, 3=com.java.Objects.TestDataDetails@209819, 4=com.java.Objects.TestDataDetails@39e50f, 5=com.java.Objects.TestDataDetails@e0f004, 6=com.java.Objects.TestDataDetails@17c58fe, 7=com.java.Objects.TestDataDetails@1d92c2c, 8=com.java.Objects.TestDataDetails@6c6735, 9=com.java.Objects.TestDataDetails@7b1b10, 10=com.java.Objects.TestDataDetails@1a81d2b}
[INFO ][2015-12-04 18:22:37,340][com.java.TestType] [  481] -  str(1) = 1
[INFO ][2015-12-04 18:22:37,340][com.java.TestType] [  484] - Test case Id is---1
[INFO ][2015-12-04 18:22:37,340][com.java.TestType] [  486] - 1
[INFO ][2015-12-04 18:22:37,343][com.java.TestType] [  481] -  str(2) = 11
[INFO ][2015-12-04 18:22:37,343][com.java.TestType] [  533] - row values are--------{1=com.java.Objects.TestDataDetails@596d65, 2=com.java.Objects.TestDataDetails@69bb16, 3=com.java.Objects.TestDataDetails@209819, 4=com.java.Objects.TestDataDetails@39e50f, 5=com.java.Objects.TestDataDetails@e0f004, 6=com.java.Objects.TestDataDetails@17c58fe, 7=com.java.Objects.TestDataDetails@1d92c2c, 8=com.java.Objects.TestDataDetails@6c6735, 9=com.java.Objects.TestDataDetails@7b1b10, 10=com.java.Objects.TestDataDetails@1a81d2b, 11=com.java.Objects.TestDataDetails@93d88e}
[INFO ][2015-12-04 18:22:37,343][com.java.TestType] [  481] -  str(1) = 1
[INFO ][2015-12-04 18:22:37,343][com.java.TestType] [  484] - Test case Id is---1
[INFO ][2015-12-04 18:22:37,343][com.java.TestType] [  486] - 1
[INFO ][2015-12-04 18:22:37,343][com.java.TestType] [  481] -  str(2) = 12
[INFO ][2015-12-04 18:22:37,343][com.java.TestType] [  533] - row values are--------{1=com.java.Objects.TestDataDetails@596d65, 2=com.java.Objects.TestDataDetails@69bb16, 3=com.java.Objects.TestDataDetails@209819, 4=com.java.Objects.TestDataDetails@39e50f, 5=com.java.Objects.TestDataDetails@e0f004, 6=com.java.Objects.TestDataDetails@17c58fe, 7=com.java.Objects.TestDataDetails@1d92c2c, 8=com.java.Objects.TestDataDetails@6c6735, 9=com.java.Objects.TestDataDetails@7b1b10, 10=com.java.Objects.TestDataDetails@1a81d2b, 11=com.java.Objects.TestDataDetails@93d88e, 12=com.java.Objects.TestDataDetails@851e2b}
[INFO ][2015-12-04 18:22:37,343][com.java.TestType] [  481] -  str(1) = 1
[INFO ][2015-12-04 18:22:37,343][com.java.TestType] [  484] - Test case Id is---1
[INFO ][2015-12-04 18:22:37,343][com.java.TestType] [  486] - 1
[INFO ][2015-12-04 18:22:37,343][com.java.TestType] [  481] -  str(2) = 13
[INFO ][2015-12-04 18:22:37,345][com.java.TestType] [  533] - row values are--------{1=com.java.Objects.TestDataDetails@596d65, 2=com.java.Objects.TestDataDetails@69bb16, 3=com.java.Objects.TestDataDetails@209819, 4=com.java.Objects.TestDataDetails@39e50f, 5=com.java.Objects.TestDataDetails@e0f004, 6=com.java.Objects.TestDataDetails@17c58fe, 7=com.java.Objects.TestDataDetails@1d92c2c, 8=com.java.Objects.TestDataDetails@6c6735, 9=com.java.Objects.TestDataDetails@7b1b10, 10=com.java.Objects.TestDataDetails@1a81d2b, 11=com.java.Objects.TestDataDetails@93d88e, 12=com.java.Objects.TestDataDetails@851e2b, 13=com.java.Objects.TestDataDetails@15554c1}
[INFO ][2015-12-04 18:22:37,345][com.java.TestType] [  481] -  str(1) = 1
[INFO ][2015-12-04 18:22:37,345][com.java.TestType] [  484] - Test case Id is---1
[INFO ][2015-12-04 18:22:37,345][com.java.TestType] [  486] - 1
[INFO ][2015-12-04 18:22:37,345][com.java.TestType] [  481] -  str(2) = 14
[INFO ][2015-12-04 18:22:37,345][com.java.TestType] [  533] - row values are--------{1=com.java.Objects.TestDataDetails@596d65, 2=com.java.Objects.TestDataDetails@69bb16, 3=com.java.Objects.TestDataDetails@209819, 4=com.java.Objects.TestDataDetails@39e50f, 5=com.java.Objects.TestDataDetails@e0f004, 6=com.java.Objects.TestDataDetails@17c58fe, 7=com.java.Objects.TestDataDetails@1d92c2c, 8=com.java.Objects.TestDataDetails@6c6735, 9=com.java.Objects.TestDataDetails@7b1b10, 10=com.java.Objects.TestDataDetails@1a81d2b, 11=com.java.Objects.TestDataDetails@93d88e, 12=com.java.Objects.TestDataDetails@851e2b, 13=com.java.Objects.TestDataDetails@15554c1, 14=com.java.Objects.TestDataDetails@8af1d3}
[INFO ][2015-12-04 18:22:37,345][com.java.TestType] [ 9925] - Looping 1TCID = 1
[DEBUG][2015-12-04 18:22:37,345][com.java.TestType] [ 9966] - Concept ID:1 :: Step being Executed: 1::1
[INFO ][2015-12-04 18:22:37,345][com.java.TestType] [10004] - dataFields : TXTusername
[DEBUG][2015-12-04 18:22:37,345][com.java.TestType] [10010] - <In Set values of the page>
[DEBUG][2015-12-04 18:22:37,345][com.java.TestType] [10015] - {Data Fields & Data Values Exist}
[INFO ][2015-12-04 18:22:37,345][com.java.TestType] [10021] - --------------------------setting values-----------------------------
[INFO ][2015-12-04 18:22:37,345][com.java.TestType] [10024] - Action Type : CLEARANDENTER
[INFO ][2015-12-04 18:22:37,345][com.java.TestType] [ 5426] - value = naresh.nayini.00000
[ERROR][2015-12-04 18:22:54,142][com.java.TestType] [ 6279] - Exception in clearAndEnter: null
[DEBUG][2015-12-04 18:22:54,142][com.java.TestType] [ 6283] - For ENTER action type the data field should be TXT
[INFO ][2015-12-04 18:22:54,142][com.java.TestType] [10043] -  RESULT false
[INFO ][2015-12-04 18:22:54,142][com.java.TestType] [10081] - ?   F A I L   ?
[DEBUG][2015-12-04 18:22:54,142][com.java.TestType] [10084] - Browser Type : IE10
[INFO ][2015-12-04 18:22:54,148][com.java.SeleniumDriver] [  877] -  RESULT false
[INFO ][2015-12-04 18:22:54,148][com.java.SeleniumDriver] [  924] - ?   F A I L   ?
[INFO ][2015-12-04 18:22:54,148][com.java.SeleniumDriver] [  932] - Browser Type : IE10
[INFO ][2015-12-04 18:22:54,148][com.java.SeleniumDriver] [  933] - Adding Failed case3
[INFO ][2015-12-04 18:22:54,200][com.java.SeleniumDriver] [ 1047] - failedCases = 2-3
[ERROR][2015-12-04 18:22:54,200][com.java.SeleniumDriver] [ 1544] - Platform Errors : Our apologies...::We have encountered an issue with your request.::Our apologies?:We encountered an issue with your request.
[INFO ][2015-12-04 18:22:54,200][com.java.SeleniumDriver] [ 1548] - Length =3
[ERROR][2015-12-04 18:22:54,200][com.java.SeleniumDriver] [ 1551] - Error 0 = Our apologies...
[ERROR][2015-12-04 18:22:54,230][com.java.SeleniumDriver] [ 1551] - Error 1 = We have encountered an issue with your request.
[ERROR][2015-12-04 18:22:54,260][com.java.SeleniumDriver] [ 1551] - Error 2 = Our apologies?:We encountered an issue with your request.
[INFO ][2015-12-04 18:22:54,288][com.java.SeleniumDriver] [ 1562] - strError:
[DEBUG][2015-12-04 18:22:54,300][com.java.SeleniumDriver] [ 1195] - Case found
[DEBUG][2015-12-04 18:22:54,300][com.java.SeleniumDriver] [ 1200] - Incrementing ReportCounters[0]:3
[INFO ][2015-12-04 18:22:54,300][com.java.SeleniumDriver] [ 1219] - The results are-------------------[3, 3, Copy Of Existinf FC Project, Fail, 
Test case failed at Step No. :: 3   Error Message ::  In CONCEPT: Test case failed at Step No. :: 1   Error Message ::  For ENTER action type the data field should be TXT. Screen Shot : D:\BankersDashboard\TestReports\120415\3_120415_182254_IE10.png, Fri Dec 04 18:22:54 IST 2015]
[INFO ][2015-12-04 18:22:54,300][com.java.SeleniumDriver] [ 1223] - End time is-------3 min 52 sec
[INFO ][2015-12-04 18:22:54,300][com.java.SeleniumDriver] [ 1224] - The results are-------------------[3, 3, Copy Of Existinf FC Project, Fail, 
Test case failed at Step No. :: 3   Error Message ::  In CONCEPT: Test case failed at Step No. :: 1   Error Message ::  For ENTER action type the data field should be TXT. Screen Shot : D:\BankersDashboard\TestReports\120415\3_120415_182254_IE10.png, Fri Dec 04 18:22:54 IST 2015]
[DEBUG][2015-12-04 18:22:54,300][com.java.ImportnExport.ExportTestResultsExcel] [  222] - testResultPath = D:\BankersDashboard/TestReports/Test Results_BankersDashBoard_120415_181904_IE10_Any Bank USA.xls
[DEBUG][2015-12-04 18:22:54,300][com.java.ImportnExport.ExportTestResultsExcel] [  223] - browser is------------IE10
[DEBUG][2015-12-04 18:22:54,303][com.java.ImportnExport.ExportTestResultsExcel] [  270] - result.size() = 6
[DEBUG][2015-12-04 18:22:54,303][com.java.ImportnExport.ExportTestResultsExcel] [  274] - No of rows in sheet=3
[DEBUG][2015-12-04 18:22:54,303][com.java.ImportnExport.ExportTestResultsExcel] [  301] - ..in export..3
[DEBUG][2015-12-04 18:22:54,303][com.java.ImportnExport.ExportTestResultsExcel] [  301] - ..in export..Copy Of Existinf FC Project
[DEBUG][2015-12-04 18:22:54,303][com.java.ImportnExport.ExportTestResultsExcel] [  301] - ..in export..Fail
[DEBUG][2015-12-04 18:22:54,303][com.java.ImportnExport.ExportTestResultsExcel] [  301] - ..in export..
Test case failed at Step No. :: 3   Error Message ::  In CONCEPT: Test case failed at Step No. :: 1   Error Message ::  For ENTER action type the data field should be TXT. Screen Shot : D:\BankersDashboard\TestReports\120415\3_120415_182254_IE10.png
[DEBUG][2015-12-04 18:22:54,303][com.java.ImportnExport.ExportTestResultsExcel] [  301] - ..in export..Fri Dec 04 18:22:54 IST 2015
[INFO ][2015-12-04 18:22:54,305][com.java.SeleniumDriver] [ 1282] - out loop:2 size:12 TestCases:[1, 2, 3, 4, 5, 6, 7, 8, 9, 10, 11, 12] testcases:[1, 2, 3, 4, 5, 6, 7, 8, 9, 10, 11, 12]
[INFO ][2015-12-04 18:22:54,305][com.java.ImportnExport.ImportTestDataDetailsExcel] [   49] - test data details path===== D:\BankersDashboard\TestInputs\TestData.xls
[INFO ][2015-12-04 18:23:14,877][com.java.SeleniumDriver] [  804] - ------------------------------------------
[INFO ][2015-12-04 18:23:14,877][com.java.SeleniumDriver] [  805] - Test case being Executed: 4
[INFO ][2015-12-04 18:23:14,877][com.java.SeleniumDriver] [  816] - Test step:1
[INFO ][2015-12-04 18:23:14,877][com.java.SeleniumDriver] [  828] - Datavalue is----------test
[INFO ][2015-12-04 18:23:14,877][com.java.SeleniumDriver] [  852] - DataField : test
[INFO ][2015-12-04 18:23:14,877][com.java.SeleniumDriver] [  854] - DataValue : test
[INFO ][2015-12-04 18:23:14,877][com.java.SeleniumDriver] [  860] - <In Set values of the page>
[INFO ][2015-12-04 18:23:14,877][com.java.SeleniumDriver] [  863] - {Data Fields & Data Values Exist}
[INFO ][2015-12-04 18:23:14,877][com.java.SeleniumDriver] [  865] - --------------------------setting values-----------------------------
[INFO ][2015-12-04 18:23:14,877][com.java.SeleniumDriver] [  868] - Action Type : SELECTMAINWINDOWANDCLOSEOTHER
[INFO ][2015-12-04 18:23:25,050][com.java.SeleniumDriver] [  877] -  RESULT true
[INFO ][2015-12-04 18:23:25,050][com.java.SeleniumDriver] [ 1083] - ?   P A S S   ?
[INFO ][2015-12-04 18:23:25,050][com.java.SeleniumDriver] [  804] - ------------------------------------------
[INFO ][2015-12-04 18:23:25,050][com.java.SeleniumDriver] [  805] - Test case being Executed: 4
[INFO ][2015-12-04 18:23:25,050][com.java.SeleniumDriver] [  816] - Test step:2
[INFO ][2015-12-04 18:23:25,051][com.java.SeleniumDriver] [  828] - Datavalue is----------Logout
[INFO ][2015-12-04 18:23:25,051][com.java.SeleniumDriver] [  852] - DataField : BTN
[INFO ][2015-12-04 18:23:25,051][com.java.SeleniumDriver] [  854] - DataValue : Logout
[INFO ][2015-12-04 18:23:25,051][com.java.SeleniumDriver] [  860] - <In Set values of the page>
[INFO ][2015-12-04 18:23:25,051][com.java.SeleniumDriver] [  863] - {Data Fields & Data Values Exist}
[INFO ][2015-12-04 18:23:25,051][com.java.SeleniumDriver] [  865] - --------------------------setting values-----------------------------
[INFO ][2015-12-04 18:23:25,051][com.java.SeleniumDriver] [  868] - Action Type : Verify
[INFO ][2015-12-04 18:23:25,051][com.java.TestType] [ 6617] - field= BTN value= Logout
[INFO ][2015-12-04 18:23:25,051][com.java.TestType] [ 5426] - value = Logout
[INFO ][2015-12-04 18:23:25,118][com.java.SeleniumDriver] [  877] -  RESULT true
[INFO ][2015-12-04 18:23:25,118][com.java.SeleniumDriver] [ 1083] - ?   P A S S   ?
[INFO ][2015-12-04 18:23:25,118][com.java.SeleniumDriver] [ 1125] - step change to 4
[INFO ][2015-12-04 18:23:25,118][com.java.SeleniumDriver] [  804] - ------------------------------------------
[INFO ][2015-12-04 18:23:25,118][com.java.SeleniumDriver] [  805] - Test case being Executed: 4
[INFO ][2015-12-04 18:23:25,118][com.java.SeleniumDriver] [  816] - Test step:4
[INFO ][2015-12-04 18:23:25,118][com.java.SeleniumDriver] [  828] - Datavalue is----------Concept#2:1-2
[INFO ][2015-12-04 18:23:25,118][com.java.SeleniumDriver] [  852] - DataField : test
[INFO ][2015-12-04 18:23:25,118][com.java.SeleniumDriver] [  854] - DataValue : Concept#2:1-2
[INFO ][2015-12-04 18:23:25,118][com.java.SeleniumDriver] [  860] - <In Set values of the page>
[INFO ][2015-12-04 18:23:25,118][com.java.SeleniumDriver] [  863] - {Data Fields & Data Values Exist}
[INFO ][2015-12-04 18:23:25,119][com.java.SeleniumDriver] [  865] - --------------------------setting values-----------------------------
[INFO ][2015-12-04 18:23:25,119][com.java.SeleniumDriver] [  868] - Action Type : ExecuteTestCase
[INFO ][2015-12-04 18:23:25,119][com.java.TestType] [  436] - The Concept sheet name is ---------- Concept
[INFO ][2015-12-04 18:23:25,119][com.java.TestType] [  439] - The Concept ID  is ---------- 2
[DEBUG][2015-12-04 18:23:25,119][com.java.TestType] [  443] - Steps being executted in the Concept are: 1:2
[INFO ][2015-12-04 18:23:25,119][com.java.TestType] [  450] - Test data details path ---------- D:\BankersDashboard\TestInputs\TestData.xls
[INFO ][2015-12-04 18:23:25,151][com.java.TestType] [  481] -  str(1) = 2
[INFO ][2015-12-04 18:23:25,151][com.java.TestType] [  484] - Test case Id is---2
[INFO ][2015-12-04 18:23:25,151][com.java.TestType] [  486] - 2
[INFO ][2015-12-04 18:23:25,151][com.java.TestType] [  481] -  str(2) = 1
[INFO ][2015-12-04 18:23:25,153][com.java.TestType] [  533] - row values are--------{1=com.java.Objects.TestDataDetails@cf8b94}
[INFO ][2015-12-04 18:23:25,153][com.java.TestType] [  481] -  str(1) = 2
[INFO ][2015-12-04 18:23:25,153][com.java.TestType] [  484] - Test case Id is---2
[INFO ][2015-12-04 18:23:25,153][com.java.TestType] [  486] - 2
[INFO ][2015-12-04 18:23:25,153][com.java.TestType] [  481] -  str(2) = 2
[INFO ][2015-12-04 18:23:25,154][com.java.TestType] [  533] - row values are--------{1=com.java.Objects.TestDataDetails@cf8b94, 2=com.java.Objects.TestDataDetails@57e9b6}
[INFO ][2015-12-04 18:23:25,154][com.java.TestType] [  481] -  str(1) = 2
[INFO ][2015-12-04 18:23:25,154][com.java.TestType] [  484] - Test case Id is---2
[INFO ][2015-12-04 18:23:25,154][com.java.TestType] [  486] - 2
[INFO ][2015-12-04 18:23:25,154][com.java.TestType] [  481] -  str(2) = 3
[INFO ][2015-12-04 18:23:25,154][com.java.TestType] [  533] - row values are--------{1=com.java.Objects.TestDataDetails@cf8b94, 2=com.java.Objects.TestDataDetails@57e9b6, 3=com.java.Objects.TestDataDetails@13d11ce}
[INFO ][2015-12-04 18:23:25,155][com.java.TestType] [ 9925] - Looping 1TCID = 2
[DEBUG][2015-12-04 18:23:25,155][com.java.TestType] [ 9966] - Concept ID:2 :: Step being Executed: 2::1
[INFO ][2015-12-04 18:23:25,155][com.java.TestType] [10004] - dataFields : BNK//select[@id='bank']
[DEBUG][2015-12-04 18:23:25,155][com.java.TestType] [10010] - <In Set values of the page>
[DEBUG][2015-12-04 18:23:25,155][com.java.TestType] [10015] - {Data Fields & Data Values Exist}
[INFO ][2015-12-04 18:23:25,155][com.java.TestType] [10021] - --------------------------setting values-----------------------------
[INFO ][2015-12-04 18:23:25,155][com.java.TestType] [10024] - Action Type : Select
[INFO ][2015-12-04 18:23:25,155][com.java.TestType] [ 5426] - value = PFC
[INFO ][2015-12-04 18:23:25,350][com.java.TestType] [10043] -  RESULT true
[INFO ][2015-12-04 18:23:25,350][com.java.TestType] [10160] - ?   P A S S   ?
[DEBUG][2015-12-04 18:23:25,350][com.java.TestType] [ 9966] - Concept ID:2 :: Step being Executed: 2::2
[INFO ][2015-12-04 18:23:25,350][com.java.TestType] [10004] - dataFields : LNKLogout
[DEBUG][2015-12-04 18:23:25,350][com.java.TestType] [10010] - <In Set values of the page>
[DEBUG][2015-12-04 18:23:25,350][com.java.TestType] [10015] - {Data Fields & Data Values Exist}
[INFO ][2015-12-04 18:23:25,350][com.java.TestType] [10021] - --------------------------setting values-----------------------------
[INFO ][2015-12-04 18:23:25,350][com.java.TestType] [10024] - Action Type : WaitTime
[DEBUG][2015-12-04 18:23:25,350][com.java.TestType] [ 5246] - sleepTime: 5000
[INFO ][2015-12-04 18:23:30,354][com.java.TestType] [10043] -  RESULT true
[INFO ][2015-12-04 18:23:30,354][com.java.TestType] [10160] - ?   P A S S   ?
[INFO ][2015-12-04 18:23:30,354][com.java.TestType] [10231] - Looping End......
[INFO ][2015-12-04 18:23:30,357][com.java.SeleniumDriver] [  877] -  RESULT true
[INFO ][2015-12-04 18:23:30,357][com.java.SeleniumDriver] [ 1083] - ?   P A S S   ?
[INFO ][2015-12-04 18:23:30,357][com.java.SeleniumDriver] [  804] - ------------------------------------------
[INFO ][2015-12-04 18:23:30,357][com.java.SeleniumDriver] [  805] - Test case being Executed: 4
[INFO ][2015-12-04 18:23:30,357][com.java.SeleniumDriver] [  816] - Test step:5
[INFO ][2015-12-04 18:23:30,357][com.java.SeleniumDriver] [  828] - Datavalue is----------3
[INFO ][2015-12-04 18:23:30,359][com.java.SeleniumDriver] [  852] - DataField : XPH//img[@id='loading']
[INFO ][2015-12-04 18:23:30,359][com.java.SeleniumDriver] [  854] - DataValue : 3
[INFO ][2015-12-04 18:23:30,359][com.java.SeleniumDriver] [  860] - <In Set values of the page>
[INFO ][2015-12-04 18:23:30,359][com.java.SeleniumDriver] [  863] - {Data Fields & Data Values Exist}
[INFO ][2015-12-04 18:23:30,359][com.java.SeleniumDriver] [  865] - --------------------------setting values-----------------------------
[INFO ][2015-12-04 18:23:30,359][com.java.SeleniumDriver] [  868] - Action Type : WaitForElement
[INFO ][2015-12-04 18:23:30,390][com.java.SeleniumDriver] [  877] -  RESULT true
[INFO ][2015-12-04 18:23:30,390][com.java.SeleniumDriver] [ 1083] - ?   P A S S   ?
[INFO ][2015-12-04 18:23:30,390][com.java.SeleniumDriver] [  804] - ------------------------------------------
[INFO ][2015-12-04 18:23:30,390][com.java.SeleniumDriver] [  805] - Test case being Executed: 4
[INFO ][2015-12-04 18:23:30,390][com.java.SeleniumDriver] [  816] - Test step:6
[INFO ][2015-12-04 18:23:30,390][com.java.SeleniumDriver] [  828] - Datavalue is----------90
[INFO ][2015-12-04 18:23:30,390][com.java.SeleniumDriver] [  852] - DataField : XPH//img[@id='loading']
[INFO ][2015-12-04 18:23:30,390][com.java.SeleniumDriver] [  854] - DataValue : 90
[INFO ][2015-12-04 18:23:30,390][com.java.SeleniumDriver] [  860] - <In Set values of the page>
[INFO ][2015-12-04 18:23:30,390][com.java.SeleniumDriver] [  863] - {Data Fields & Data Values Exist}
[INFO ][2015-12-04 18:23:30,390][com.java.SeleniumDriver] [  865] - --------------------------setting values-----------------------------
[INFO ][2015-12-04 18:23:30,390][com.java.SeleniumDriver] [  868] - Action Type : waitForElementNotPresent
[INFO ][2015-12-04 18:23:30,490][com.java.SeleniumDriver] [  877] -  RESULT true
[INFO ][2015-12-04 18:23:30,490][com.java.SeleniumDriver] [ 1083] - ?   P A S S   ?
[INFO ][2015-12-04 18:23:30,490][com.java.SeleniumDriver] [  804] - ------------------------------------------
[INFO ][2015-12-04 18:23:30,490][com.java.SeleniumDriver] [  805] - Test case being Executed: 4
[INFO ][2015-12-04 18:23:30,490][com.java.SeleniumDriver] [  816] - Test step:7
[INFO ][2015-12-04 18:23:30,490][com.java.SeleniumDriver] [  828] - Datavalue is----------null
[DEBUG][2015-12-04 18:23:30,490][com.java.SeleniumDriver] [  846] - Exception: null
[INFO ][2015-12-04 18:23:30,490][com.java.SeleniumDriver] [  852] - DataField : //span[@class='icon-stats']&&//a[@data-id="Forecasting"]
[INFO ][2015-12-04 18:23:30,490][com.java.SeleniumDriver] [  854] - DataValue : 
[INFO ][2015-12-04 18:23:30,490][com.java.SeleniumDriver] [  860] - <In Set values of the page>
[INFO ][2015-12-04 18:23:30,490][com.java.SeleniumDriver] [  863] - {Data Fields & Data Values Exist}
[INFO ][2015-12-04 18:23:30,490][com.java.SeleniumDriver] [  865] - --------------------------setting values-----------------------------
[INFO ][2015-12-04 18:23:30,490][com.java.SeleniumDriver] [  868] - Action Type : MOUSEOVER
[DEBUG][2015-12-04 18:25:34,018][com.java.TestType] [ 6335] - //div[@id='divDialogLoading']//img   :: Element not Found
