[INFO ][2016-01-21 12:50:01,754][com.java.SeleniumDriver] [  213] - Execute Failed Casesfalse
[INFO ][2016-01-21 12:50:01,754][com.java.SeleniumDriver] [  214] - Browser: IE10
[INFO ][2016-01-21 12:50:01,755][com.java.SeleniumDriver] [  215] - [1, 5]
[INFO ][2016-01-21 12:50:01,755][com.java.SeleniumDriver] [  216] - Total TestCases:2
[INFO ][2016-01-21 12:50:01,755][com.java.SeleniumDriver] [  217] -  Reading Properties from Property File 
[DEBUG][2016-01-21 12:50:01,755][com.java.SeleniumDriver] [  238] - url : https://clients-xuat.bankersdashboard.com
[INFO ][2016-01-21 12:50:01,756][com.java.ImportnExport.ExportTestResultsExcel] [  116] - Time Stamp Thu Jan 21 12:50:01 IST 2016
[INFO ][2016-01-21 12:50:01,756][com.java.ImportnExport.ExportTestResultsExcel] [  175] - OUT FILE : D:\BankersDashboard/TestReports/Test Results_BankersDashBoard_012116_125001_IE10_Any Bank USA.xls
[INFO ][2016-01-21 12:50:01,787][com.java.ImportnExport.ExportTestResultsExcel] [  180] - Test Result file is created
[DEBUG][2016-01-21 12:50:01,875][com.java.SeleniumDriver] [  426] - Hub ip address is-------172.17.68.34
[INFO ][2016-01-21 12:50:01,876][com.java.SeleniumDriver] [  452] - Grid URL:http://172.17.68.34:4444/wd/hub
[INFO ][2016-01-21 12:50:01,876][com.java.SeleniumDriver] [  453] - Capability:Capabilities [{platform=ANY, ensureCleanSession=true, ignoreProtectedModeSettings=true, acceptSslCerts=true, ignoreZoomSetting=true, browserName=internet explorer, browserstack.ie.noFlash=true, version=null}]
[ERROR][2016-01-21 12:50:03,203][com.java.SeleniumDriver] [  498] - Unable invoke browser in grid:Could not start a new session. Possible causes are invalid address of the remote server or browser start-up failure.
Build info: version: '2.48.2', revision: '41bccdd', time: '2015-10-09 19:59:12'
System info: host: 'FVTIII438F1D', ip: '172.17.68.34', os.name: 'Windows 7', os.arch: 'x86', os.version: '6.1', java.version: '1.7.0_55'
Driver info: driver.version: SeleniumDriver
[INFO ][2016-01-21 12:50:03,204][com.java.SeleniumDriver] [  500] - Executing on local machine
[INFO ][2016-01-21 12:50:13,522][com.java.SeleniumDriver] [  248] - IE10is opened
[INFO ][2016-01-21 12:50:14,365][com.java.SeleniumDriver] [  756] - Test cases to be executed are: [1, 5]
[INFO ][2016-01-21 12:50:14,389][com.java.ImportnExport.ImportTestDataDetailsExcel] [   49] - test data details path===== D:\BankersDashboard\TestInputs\TestData.xls
[INFO ][2016-01-21 12:50:14,468][com.java.SeleniumDriver] [  856] - ------------------------------------------
[INFO ][2016-01-21 12:50:14,468][com.java.SeleniumDriver] [  857] - Test case being Executed: 1
[INFO ][2016-01-21 12:50:14,468][com.java.SeleniumDriver] [  869] - Test step:1
[INFO ][2016-01-21 12:50:14,468][com.java.SeleniumDriver] [  881] - Datavalue is----------Concept#1:1-14
[INFO ][2016-01-21 12:50:14,469][com.java.SeleniumDriver] [  905] - DataField : test
[INFO ][2016-01-21 12:50:14,469][com.java.SeleniumDriver] [  907] - DataValue : Concept#1:1-14
[INFO ][2016-01-21 12:50:14,469][com.java.SeleniumDriver] [  913] - <In Set values of the page>
[INFO ][2016-01-21 12:50:14,469][com.java.SeleniumDriver] [  916] - {Data Fields & Data Values Exist}
[INFO ][2016-01-21 12:50:14,469][com.java.SeleniumDriver] [  918] - --------------------------setting values-----------------------------
[INFO ][2016-01-21 12:50:14,469][com.java.SeleniumDriver] [  921] - Action Type : ExecuteTestCase
[INFO ][2016-01-21 12:50:14,489][com.java.TestType] [  442] - The Concept sheet name is ---------- Concept
[INFO ][2016-01-21 12:50:14,490][com.java.TestType] [  445] - The Concept ID  is ---------- 1
[DEBUG][2016-01-21 12:50:14,490][com.java.TestType] [  449] - Steps being executted in the Concept are: 1:14
[INFO ][2016-01-21 12:50:14,490][com.java.TestType] [  456] - Test data details path ---------- D:\BankersDashboard\TestInputs\TestData.xls
[INFO ][2016-01-21 12:50:14,511][com.java.TestType] [  487] -  str(1) = 1
[INFO ][2016-01-21 12:50:14,512][com.java.TestType] [  490] - Test case Id is---1
[INFO ][2016-01-21 12:50:14,512][com.java.TestType] [  492] - 1
[INFO ][2016-01-21 12:50:14,512][com.java.TestType] [  487] -  str(2) = 1
[INFO ][2016-01-21 12:50:14,514][com.java.TestType] [  487] -  str(1) = 1
[INFO ][2016-01-21 12:50:14,514][com.java.TestType] [  490] - Test case Id is---1
[INFO ][2016-01-21 12:50:14,515][com.java.TestType] [  492] - 1
[INFO ][2016-01-21 12:50:14,515][com.java.TestType] [  487] -  str(2) = 2
[INFO ][2016-01-21 12:50:14,518][com.java.TestType] [  487] -  str(1) = 1
[INFO ][2016-01-21 12:50:14,518][com.java.TestType] [  490] - Test case Id is---1
[INFO ][2016-01-21 12:50:14,518][com.java.TestType] [  492] - 1
[INFO ][2016-01-21 12:50:14,518][com.java.TestType] [  487] -  str(2) = 3
[INFO ][2016-01-21 12:50:14,519][com.java.TestType] [  487] -  str(1) = 1
[INFO ][2016-01-21 12:50:14,520][com.java.TestType] [  490] - Test case Id is---1
[INFO ][2016-01-21 12:50:14,520][com.java.TestType] [  492] - 1
[INFO ][2016-01-21 12:50:14,520][com.java.TestType] [  487] -  str(2) = 4
[INFO ][2016-01-21 12:50:14,521][com.java.TestType] [  487] -  str(1) = 1
[INFO ][2016-01-21 12:50:14,521][com.java.TestType] [  490] - Test case Id is---1
[INFO ][2016-01-21 12:50:14,521][com.java.TestType] [  492] - 1
[INFO ][2016-01-21 12:50:14,522][com.java.TestType] [  487] -  str(2) = 5
[INFO ][2016-01-21 12:50:14,523][com.java.TestType] [  487] -  str(1) = 1
[INFO ][2016-01-21 12:50:14,523][com.java.TestType] [  490] - Test case Id is---1
[INFO ][2016-01-21 12:50:14,523][com.java.TestType] [  492] - 1
[INFO ][2016-01-21 12:50:14,524][com.java.TestType] [  487] -  str(2) = 6
[INFO ][2016-01-21 12:50:14,525][com.java.TestType] [  487] -  str(1) = 1
[INFO ][2016-01-21 12:50:14,525][com.java.TestType] [  490] - Test case Id is---1
[INFO ][2016-01-21 12:50:14,525][com.java.TestType] [  492] - 1
[INFO ][2016-01-21 12:50:14,525][com.java.TestType] [  487] -  str(2) = 7
[INFO ][2016-01-21 12:50:14,526][com.java.TestType] [  487] -  str(1) = 1
[INFO ][2016-01-21 12:50:14,526][com.java.TestType] [  490] - Test case Id is---1
[INFO ][2016-01-21 12:50:14,526][com.java.TestType] [  492] - 1
[INFO ][2016-01-21 12:50:14,526][com.java.TestType] [  487] -  str(2) = 8
[INFO ][2016-01-21 12:50:14,528][com.java.TestType] [  487] -  str(1) = 1
[INFO ][2016-01-21 12:50:14,528][com.java.TestType] [  490] - Test case Id is---1
[INFO ][2016-01-21 12:50:14,528][com.java.TestType] [  492] - 1
[INFO ][2016-01-21 12:50:14,528][com.java.TestType] [  487] -  str(2) = 9
[INFO ][2016-01-21 12:50:14,529][com.java.TestType] [  487] -  str(1) = 1
[INFO ][2016-01-21 12:50:14,529][com.java.TestType] [  490] - Test case Id is---1
[INFO ][2016-01-21 12:50:14,529][com.java.TestType] [  492] - 1
[INFO ][2016-01-21 12:50:14,529][com.java.TestType] [  487] -  str(2) = 10
[INFO ][2016-01-21 12:50:14,530][com.java.TestType] [  487] -  str(1) = 1
[INFO ][2016-01-21 12:50:14,530][com.java.TestType] [  490] - Test case Id is---1
[INFO ][2016-01-21 12:50:14,530][com.java.TestType] [  492] - 1
[INFO ][2016-01-21 12:50:14,530][com.java.TestType] [  487] -  str(2) = 11
[INFO ][2016-01-21 12:50:14,531][com.java.TestType] [  487] -  str(1) = 1
[INFO ][2016-01-21 12:50:14,531][com.java.TestType] [  490] - Test case Id is---1
[INFO ][2016-01-21 12:50:14,531][com.java.TestType] [  492] - 1
[INFO ][2016-01-21 12:50:14,531][com.java.TestType] [  487] -  str(2) = 12
[INFO ][2016-01-21 12:50:14,532][com.java.TestType] [  487] -  str(1) = 1
[INFO ][2016-01-21 12:50:14,532][com.java.TestType] [  490] - Test case Id is---1
[INFO ][2016-01-21 12:50:14,532][com.java.TestType] [  492] - 1
[INFO ][2016-01-21 12:50:14,532][com.java.TestType] [  487] -  str(2) = 13
[INFO ][2016-01-21 12:50:14,533][com.java.TestType] [  487] -  str(1) = 1
[INFO ][2016-01-21 12:50:14,533][com.java.TestType] [  490] - Test case Id is---1
[INFO ][2016-01-21 12:50:14,533][com.java.TestType] [  492] - 1
[INFO ][2016-01-21 12:50:14,533][com.java.TestType] [  487] -  str(2) = 14
[INFO ][2016-01-21 12:50:14,534][com.java.TestType] [11598] - Looping 1TCID = 1
[DEBUG][2016-01-21 12:50:14,534][com.java.TestType] [11639] - Concept ID:1 :: Step being Executed: 1::1
[INFO ][2016-01-21 12:50:14,535][com.java.TestType] [11677] - dataFields : TXTusername
[DEBUG][2016-01-21 12:50:14,535][com.java.TestType] [11683] - <In Set values of the page>
[DEBUG][2016-01-21 12:50:14,535][com.java.TestType] [11688] - {Data Fields & Data Values Exist}
[INFO ][2016-01-21 12:50:14,535][com.java.TestType] [11694] - --------------------------setting values-----------------------------
[INFO ][2016-01-21 12:50:14,535][com.java.TestType] [11697] - Action Type : CLEARANDENTER
[INFO ][2016-01-21 12:50:16,817][com.java.TestType] [ 6359] - value = naresh.nayini.00000
[INFO ][2016-01-21 12:50:19,199][com.java.TestType] [11716] -  RESULT true
[INFO ][2016-01-21 12:50:19,199][com.java.TestType] [11833] - ?   P A S S   ?
[DEBUG][2016-01-21 12:50:19,199][com.java.TestType] [11639] - Concept ID:1 :: Step being Executed: 1::2
[INFO ][2016-01-21 12:50:19,199][com.java.TestType] [11677] - dataFields : TXTpassword
[DEBUG][2016-01-21 12:50:19,199][com.java.TestType] [11683] - <In Set values of the page>
[DEBUG][2016-01-21 12:50:19,200][com.java.TestType] [11688] - {Data Fields & Data Values Exist}
[INFO ][2016-01-21 12:50:19,200][com.java.TestType] [11694] - --------------------------setting values-----------------------------
[INFO ][2016-01-21 12:50:19,200][com.java.TestType] [11697] - Action Type : CLEARANDENTER
[INFO ][2016-01-21 12:50:21,440][com.java.TestType] [ 6359] - value = Password1*
[INFO ][2016-01-21 12:50:23,958][com.java.TestType] [11716] -  RESULT true
[INFO ][2016-01-21 12:50:23,959][com.java.TestType] [11833] - ?   P A S S   ?
[DEBUG][2016-01-21 12:50:23,959][com.java.TestType] [11639] - Concept ID:1 :: Step being Executed: 1::3
[ERROR][2016-01-21 12:50:23,959][com.java.TestType] [11672] - Exception: null
[INFO ][2016-01-21 12:50:23,959][com.java.TestType] [11677] - dataFields : XPH//button[@type='submit']
[DEBUG][2016-01-21 12:50:23,959][com.java.TestType] [11683] - <In Set values of the page>
[DEBUG][2016-01-21 12:50:23,959][com.java.TestType] [11688] - {Data Fields & Data Values Exist}
[INFO ][2016-01-21 12:50:23,959][com.java.TestType] [11694] - --------------------------setting values-----------------------------
[INFO ][2016-01-21 12:50:23,959][com.java.TestType] [11697] - Action Type : Click
[INFO ][2016-01-21 12:50:23,959][com.java.TestType] [ 6738] - Field ::XPH//button[@type='submit']
[INFO ][2016-01-21 12:50:23,960][com.java.TestType] [ 6359] - value = 
[INFO ][2016-01-21 12:50:24,960][com.java.TestType] [ 6911] - BEFORE CLICK
[INFO ][2016-01-21 12:50:25,807][com.java.TestType] [ 6919] - Unable to click the object Login
[INFO ][2016-01-21 12:50:25,807][com.java.TestType] [11716] -  RESULT true
[INFO ][2016-01-21 12:50:25,807][com.java.TestType] [11833] - ?   P A S S   ?
[DEBUG][2016-01-21 12:50:25,807][com.java.TestType] [11639] - Concept ID:1 :: Step being Executed: 1::4
[INFO ][2016-01-21 12:50:25,807][com.java.TestType] [11677] - dataFields : LNKLogout
[DEBUG][2016-01-21 12:50:25,807][com.java.TestType] [11683] - <In Set values of the page>
[DEBUG][2016-01-21 12:50:25,807][com.java.TestType] [11688] - {Data Fields & Data Values Exist}
[INFO ][2016-01-21 12:50:25,807][com.java.TestType] [11694] - --------------------------setting values-----------------------------
[INFO ][2016-01-21 12:50:25,807][com.java.TestType] [11697] - Action Type : WaitForElement
[INFO ][2016-01-21 12:50:29,221][com.java.TestType] [11716] -  RESULT true
[INFO ][2016-01-21 12:50:29,221][com.java.TestType] [11833] - ?   P A S S   ?
[DEBUG][2016-01-21 12:50:29,222][com.java.TestType] [11639] - Concept ID:1 :: Step being Executed: 1::13
[INFO ][2016-01-21 12:50:29,222][com.java.TestType] [11677] - dataFields : LNK
[DEBUG][2016-01-21 12:50:29,222][com.java.TestType] [11683] - <In Set values of the page>
[DEBUG][2016-01-21 12:50:29,222][com.java.TestType] [11688] - {Data Fields & Data Values Exist}
[INFO ][2016-01-21 12:50:29,222][com.java.TestType] [11694] - --------------------------setting values-----------------------------
[INFO ][2016-01-21 12:50:29,222][com.java.TestType] [11697] - Action Type : Verify
[INFO ][2016-01-21 12:50:29,222][com.java.TestType] [ 7931] - field= LNK value= Logout
[INFO ][2016-01-21 12:50:29,225][com.java.TestType] [ 6359] - value = Logout
[INFO ][2016-01-21 12:50:29,264][com.java.TestType] [11716] -  RESULT true
[INFO ][2016-01-21 12:50:29,264][com.java.TestType] [11833] - ?   P A S S   ?
[DEBUG][2016-01-21 12:50:29,264][com.java.TestType] [11639] - Concept ID:1 :: Step being Executed: 1::14
[INFO ][2016-01-21 12:50:29,264][com.java.TestType] [11677] - dataFields : BTN
[DEBUG][2016-01-21 12:50:29,264][com.java.TestType] [11683] - <In Set values of the page>
[DEBUG][2016-01-21 12:50:29,264][com.java.TestType] [11688] - {Data Fields & Data Values Exist}
[INFO ][2016-01-21 12:50:29,264][com.java.TestType] [11694] - --------------------------setting values-----------------------------
[INFO ][2016-01-21 12:50:29,264][com.java.TestType] [11697] - Action Type : Verify
[INFO ][2016-01-21 12:50:29,264][com.java.TestType] [ 7931] - field= BTN value= //img[contains(@src,'bdlogo.jpg')]
[INFO ][2016-01-21 12:50:29,264][com.java.TestType] [ 6359] - value = //img[contains(@src,'bdlogo.jpg')]
[INFO ][2016-01-21 12:50:29,328][com.java.TestType] [11716] -  RESULT true
[INFO ][2016-01-21 12:50:29,328][com.java.TestType] [11833] - ?   P A S S   ?
[INFO ][2016-01-21 12:50:29,328][com.java.TestType] [11904] - Looping End......
[INFO ][2016-01-21 12:50:29,330][com.java.SeleniumDriver] [  930] -  RESULT true
[INFO ][2016-01-21 12:50:29,330][com.java.SeleniumDriver] [ 1136] - ?   P A S S   ?
[INFO ][2016-01-21 12:50:29,330][com.java.SeleniumDriver] [  856] - ------------------------------------------
[INFO ][2016-01-21 12:50:29,330][com.java.SeleniumDriver] [  857] - Test case being Executed: 1
[INFO ][2016-01-21 12:50:29,330][com.java.SeleniumDriver] [  869] - Test step:2
[INFO ][2016-01-21 12:50:29,330][com.java.SeleniumDriver] [  881] - Datavalue is----------Concept#2:1-2
[INFO ][2016-01-21 12:50:29,330][com.java.SeleniumDriver] [  905] - DataField : test
[INFO ][2016-01-21 12:50:29,330][com.java.SeleniumDriver] [  907] - DataValue : Concept#2:1-2
[INFO ][2016-01-21 12:50:29,330][com.java.SeleniumDriver] [  913] - <In Set values of the page>
[INFO ][2016-01-21 12:50:29,330][com.java.SeleniumDriver] [  916] - {Data Fields & Data Values Exist}
[INFO ][2016-01-21 12:50:29,330][com.java.SeleniumDriver] [  918] - --------------------------setting values-----------------------------
[INFO ][2016-01-21 12:50:29,330][com.java.SeleniumDriver] [  921] - Action Type : ExecuteTestCase
[INFO ][2016-01-21 12:50:29,331][com.java.TestType] [  442] - The Concept sheet name is ---------- Concept
[INFO ][2016-01-21 12:50:29,331][com.java.TestType] [  445] - The Concept ID  is ---------- 2
[DEBUG][2016-01-21 12:50:29,331][com.java.TestType] [  449] - Steps being executted in the Concept are: 1:2
[INFO ][2016-01-21 12:50:29,331][com.java.TestType] [  456] - Test data details path ---------- D:\BankersDashboard\TestInputs\TestData.xls
[INFO ][2016-01-21 12:50:29,348][com.java.TestType] [  487] -  str(1) = 2
[INFO ][2016-01-21 12:50:29,348][com.java.TestType] [  490] - Test case Id is---2
[INFO ][2016-01-21 12:50:29,348][com.java.TestType] [  492] - 2
[INFO ][2016-01-21 12:50:29,348][com.java.TestType] [  487] -  str(2) = 1
[INFO ][2016-01-21 12:50:29,350][com.java.TestType] [  487] -  str(1) = 2
[INFO ][2016-01-21 12:50:29,350][com.java.TestType] [  490] - Test case Id is---2
[INFO ][2016-01-21 12:50:29,350][com.java.TestType] [  492] - 2
[INFO ][2016-01-21 12:50:29,350][com.java.TestType] [  487] -  str(2) = 2
[INFO ][2016-01-21 12:50:29,351][com.java.TestType] [  487] -  str(1) = 2
[INFO ][2016-01-21 12:50:29,351][com.java.TestType] [  490] - Test case Id is---2
[INFO ][2016-01-21 12:50:29,351][com.java.TestType] [  492] - 2
[INFO ][2016-01-21 12:50:29,351][com.java.TestType] [  487] -  str(2) = 3
[INFO ][2016-01-21 12:50:29,352][com.java.TestType] [11598] - Looping 1TCID = 2
[DEBUG][2016-01-21 12:50:29,352][com.java.TestType] [11639] - Concept ID:2 :: Step being Executed: 2::1
[INFO ][2016-01-21 12:50:29,352][com.java.TestType] [11677] - dataFields : BNK//select[@id='bank']
[DEBUG][2016-01-21 12:50:29,352][com.java.TestType] [11683] - <In Set values of the page>
[DEBUG][2016-01-21 12:50:29,352][com.java.TestType] [11688] - {Data Fields & Data Values Exist}
[INFO ][2016-01-21 12:50:29,352][com.java.TestType] [11694] - --------------------------setting values-----------------------------
[INFO ][2016-01-21 12:50:29,352][com.java.TestType] [11697] - Action Type : Select
[INFO ][2016-01-21 12:50:29,352][com.java.TestType] [ 6359] - value = PFC
[INFO ][2016-01-21 12:50:29,515][com.java.TestType] [11716] -  RESULT true
[INFO ][2016-01-21 12:50:29,515][com.java.TestType] [11833] - ?   P A S S   ?
[DEBUG][2016-01-21 12:50:29,515][com.java.TestType] [11639] - Concept ID:2 :: Step being Executed: 2::2
[INFO ][2016-01-21 12:50:29,515][com.java.TestType] [11677] - dataFields : LNKLogout
[DEBUG][2016-01-21 12:50:29,515][com.java.TestType] [11683] - <In Set values of the page>
[DEBUG][2016-01-21 12:50:29,515][com.java.TestType] [11688] - {Data Fields & Data Values Exist}
[INFO ][2016-01-21 12:50:29,515][com.java.TestType] [11694] - --------------------------setting values-----------------------------
[INFO ][2016-01-21 12:50:29,515][com.java.TestType] [11697] - Action Type : WaitTime
[DEBUG][2016-01-21 12:50:29,516][com.java.TestType] [ 6173] - sleepTime: 5000
[INFO ][2016-01-21 12:50:34,516][com.java.TestType] [11716] -  RESULT true
[INFO ][2016-01-21 12:50:34,516][com.java.TestType] [11833] - ?   P A S S   ?
[INFO ][2016-01-21 12:50:34,516][com.java.TestType] [11904] - Looping End......
[INFO ][2016-01-21 12:50:34,518][com.java.SeleniumDriver] [  930] -  RESULT true
[INFO ][2016-01-21 12:50:34,518][com.java.SeleniumDriver] [ 1136] - ?   P A S S   ?
[INFO ][2016-01-21 12:50:34,518][com.java.SeleniumDriver] [  856] - ------------------------------------------
[INFO ][2016-01-21 12:50:34,518][com.java.SeleniumDriver] [  857] - Test case being Executed: 1
[INFO ][2016-01-21 12:50:34,518][com.java.SeleniumDriver] [  869] - Test step:3
[INFO ][2016-01-21 12:50:34,518][com.java.SeleniumDriver] [  881] - Datavalue is----------2
[INFO ][2016-01-21 12:50:34,518][com.java.SeleniumDriver] [  905] - DataField : XPH//button[contains(text(),'Add Content')]
[INFO ][2016-01-21 12:50:34,518][com.java.SeleniumDriver] [  907] - DataValue : 2
[INFO ][2016-01-21 12:50:34,518][com.java.SeleniumDriver] [  913] - <In Set values of the page>
[INFO ][2016-01-21 12:50:34,518][com.java.SeleniumDriver] [  916] - {Data Fields & Data Values Exist}
[INFO ][2016-01-21 12:50:34,518][com.java.SeleniumDriver] [  918] - --------------------------setting values-----------------------------
[INFO ][2016-01-21 12:50:34,518][com.java.SeleniumDriver] [  921] - Action Type : WAITFORELEMENT
[INFO ][2016-01-21 12:50:34,555][com.java.SeleniumDriver] [  930] -  RESULT true
[INFO ][2016-01-21 12:50:34,555][com.java.SeleniumDriver] [ 1136] - ?   P A S S   ?
[DEBUG][2016-01-21 12:50:34,556][com.java.SeleniumDriver] [ 1248] - Case found
[DEBUG][2016-01-21 12:50:34,556][com.java.SeleniumDriver] [ 1253] - Incrementing ReportCounters[0]:1
[INFO ][2016-01-21 12:50:34,556][com.java.SeleniumDriver] [ 1272] - The results are-------------------[1, 1, Valid Login, Pass, , Thu Jan 21 12:50:29 IST 2016, 1, 2, Valid Login, Pass, , Thu Jan 21 12:50:34 IST 2016, 1, 3, Valid Login, Pass, , Thu Jan 21 12:50:34 IST 2016]
[INFO ][2016-01-21 12:50:34,556][com.java.SeleniumDriver] [ 1276] - End time is-------35 sec
[INFO ][2016-01-21 12:50:34,556][com.java.SeleniumDriver] [ 1277] - The results are-------------------[1, 1, Valid Login, Pass, , Thu Jan 21 12:50:29 IST 2016, 1, 2, Valid Login, Pass, , Thu Jan 21 12:50:34 IST 2016, 1, 3, Valid Login, Pass, , Thu Jan 21 12:50:34 IST 2016]
[DEBUG][2016-01-21 12:50:34,556][com.java.ImportnExport.ExportTestResultsExcel] [  222] - testResultPath = D:\BankersDashboard/TestReports/Test Results_BankersDashBoard_012116_125001_IE10_Any Bank USA.xls
[DEBUG][2016-01-21 12:50:34,556][com.java.ImportnExport.ExportTestResultsExcel] [  223] - browser is------------IE10
[DEBUG][2016-01-21 12:50:34,601][com.java.ImportnExport.ExportTestResultsExcel] [  270] - result.size() = 18
[DEBUG][2016-01-21 12:50:34,601][com.java.ImportnExport.ExportTestResultsExcel] [  274] - No of rows in sheet=1
[DEBUG][2016-01-21 12:50:34,602][com.java.ImportnExport.ExportTestResultsExcel] [  301] - ..in export..1
[DEBUG][2016-01-21 12:50:34,602][com.java.ImportnExport.ExportTestResultsExcel] [  301] - ..in export..Valid Login
[DEBUG][2016-01-21 12:50:34,602][com.java.ImportnExport.ExportTestResultsExcel] [  301] - ..in export..Pass
[DEBUG][2016-01-21 12:50:34,602][com.java.ImportnExport.ExportTestResultsExcel] [  301] - ..in export..
[DEBUG][2016-01-21 12:50:34,602][com.java.ImportnExport.ExportTestResultsExcel] [  301] - ..in export..Thu Jan 21 12:50:29 IST 2016
[INFO ][2016-01-21 12:50:34,603][com.java.SeleniumDriver] [ 1337] - out loop:0 size:2 TestCases:[1, 5] testcases:[1, 5]
[INFO ][2016-01-21 12:50:34,604][com.java.ImportnExport.ImportTestDataDetailsExcel] [   49] - test data details path===== D:\BankersDashboard\TestInputs\TestData.xls
[INFO ][2016-01-21 12:50:50,442][com.java.SeleniumDriver] [  856] - ------------------------------------------
[INFO ][2016-01-21 12:50:50,442][com.java.SeleniumDriver] [  857] - Test case being Executed: 5
[INFO ][2016-01-21 12:50:50,442][com.java.SeleniumDriver] [  869] - Test step:1
[INFO ][2016-01-21 12:50:50,442][com.java.SeleniumDriver] [  881] - Datavalue is----------Logout
[INFO ][2016-01-21 12:50:50,442][com.java.SeleniumDriver] [  905] - DataField : BTN
[INFO ][2016-01-21 12:50:50,442][com.java.SeleniumDriver] [  907] - DataValue : Logout
[INFO ][2016-01-21 12:50:50,442][com.java.SeleniumDriver] [  913] - <In Set values of the page>
[INFO ][2016-01-21 12:50:50,442][com.java.SeleniumDriver] [  916] - {Data Fields & Data Values Exist}
[INFO ][2016-01-21 12:50:50,442][com.java.SeleniumDriver] [  918] - --------------------------setting values-----------------------------
[INFO ][2016-01-21 12:50:50,442][com.java.SeleniumDriver] [  921] - Action Type : Verify
[INFO ][2016-01-21 12:50:50,443][com.java.TestType] [ 7931] - field= BTN value= Logout
[INFO ][2016-01-21 12:50:50,443][com.java.TestType] [ 6359] - value = Logout
[INFO ][2016-01-21 12:50:50,514][com.java.SeleniumDriver] [  930] -  RESULT true
[INFO ][2016-01-21 12:50:50,514][com.java.SeleniumDriver] [ 1136] - ?   P A S S   ?
[INFO ][2016-01-21 12:50:50,514][com.java.SeleniumDriver] [ 1178] - step change to 3
[INFO ][2016-01-21 12:50:50,515][com.java.SeleniumDriver] [  856] - ------------------------------------------
[INFO ][2016-01-21 12:50:50,515][com.java.SeleniumDriver] [  857] - Test case being Executed: 5
[INFO ][2016-01-21 12:50:50,515][com.java.SeleniumDriver] [  869] - Test step:3
[INFO ][2016-01-21 12:50:50,515][com.java.SeleniumDriver] [  881] - Datavalue is----------Concept#2:1-2
[INFO ][2016-01-21 12:50:50,515][com.java.SeleniumDriver] [  905] - DataField : test
[INFO ][2016-01-21 12:50:50,515][com.java.SeleniumDriver] [  907] - DataValue : Concept#2:1-2
[INFO ][2016-01-21 12:50:50,517][com.java.SeleniumDriver] [  913] - <In Set values of the page>
[INFO ][2016-01-21 12:50:50,517][com.java.SeleniumDriver] [  916] - {Data Fields & Data Values Exist}
[INFO ][2016-01-21 12:50:50,517][com.java.SeleniumDriver] [  918] - --------------------------setting values-----------------------------
[INFO ][2016-01-21 12:50:50,517][com.java.SeleniumDriver] [  921] - Action Type : ExecuteTestCase
[INFO ][2016-01-21 12:50:50,517][com.java.TestType] [  442] - The Concept sheet name is ---------- Concept
[INFO ][2016-01-21 12:50:50,517][com.java.TestType] [  445] - The Concept ID  is ---------- 2
[DEBUG][2016-01-21 12:50:50,517][com.java.TestType] [  449] - Steps being executted in the Concept are: 1:2
[INFO ][2016-01-21 12:50:50,517][com.java.TestType] [  456] - Test data details path ---------- D:\BankersDashboard\TestInputs\TestData.xls
[INFO ][2016-01-21 12:50:50,534][com.java.TestType] [  487] -  str(1) = 2
[INFO ][2016-01-21 12:50:50,534][com.java.TestType] [  490] - Test case Id is---2
[INFO ][2016-01-21 12:50:50,534][com.java.TestType] [  492] - 2
[INFO ][2016-01-21 12:50:50,534][com.java.TestType] [  487] -  str(2) = 1
[INFO ][2016-01-21 12:50:50,535][com.java.TestType] [  487] -  str(1) = 2
[INFO ][2016-01-21 12:50:50,536][com.java.TestType] [  490] - Test case Id is---2
[INFO ][2016-01-21 12:50:50,536][com.java.TestType] [  492] - 2
[INFO ][2016-01-21 12:50:50,536][com.java.TestType] [  487] -  str(2) = 2
[INFO ][2016-01-21 12:50:50,536][com.java.TestType] [  487] -  str(1) = 2
[INFO ][2016-01-21 12:50:50,536][com.java.TestType] [  490] - Test case Id is---2
[INFO ][2016-01-21 12:50:50,536][com.java.TestType] [  492] - 2
[INFO ][2016-01-21 12:50:50,537][com.java.TestType] [  487] -  str(2) = 3
[INFO ][2016-01-21 12:50:50,537][com.java.TestType] [11598] - Looping 1TCID = 2
[DEBUG][2016-01-21 12:50:50,537][com.java.TestType] [11639] - Concept ID:2 :: Step being Executed: 2::1
[INFO ][2016-01-21 12:50:50,537][com.java.TestType] [11677] - dataFields : BNK//select[@id='bank']
[DEBUG][2016-01-21 12:50:50,537][com.java.TestType] [11683] - <In Set values of the page>
[DEBUG][2016-01-21 12:50:50,538][com.java.TestType] [11688] - {Data Fields & Data Values Exist}
[INFO ][2016-01-21 12:50:50,538][com.java.TestType] [11694] - --------------------------setting values-----------------------------
[INFO ][2016-01-21 12:50:50,538][com.java.TestType] [11697] - Action Type : Select
[INFO ][2016-01-21 12:50:50,538][com.java.TestType] [ 6359] - value = PFC
[INFO ][2016-01-21 12:50:50,708][com.java.TestType] [11716] -  RESULT true
[INFO ][2016-01-21 12:50:50,708][com.java.TestType] [11833] - ?   P A S S   ?
[DEBUG][2016-01-21 12:50:50,708][com.java.TestType] [11639] - Concept ID:2 :: Step being Executed: 2::2
[INFO ][2016-01-21 12:50:50,708][com.java.TestType] [11677] - dataFields : LNKLogout
[DEBUG][2016-01-21 12:50:50,709][com.java.TestType] [11683] - <In Set values of the page>
[DEBUG][2016-01-21 12:50:50,709][com.java.TestType] [11688] - {Data Fields & Data Values Exist}
[INFO ][2016-01-21 12:50:50,709][com.java.TestType] [11694] - --------------------------setting values-----------------------------
[INFO ][2016-01-21 12:50:50,709][com.java.TestType] [11697] - Action Type : WaitTime
[DEBUG][2016-01-21 12:50:50,709][com.java.TestType] [ 6173] - sleepTime: 5000
[INFO ][2016-01-21 12:50:55,710][com.java.TestType] [11716] -  RESULT true
[INFO ][2016-01-21 12:50:55,710][com.java.TestType] [11833] - ?   P A S S   ?
[INFO ][2016-01-21 12:50:55,710][com.java.TestType] [11904] - Looping End......
[INFO ][2016-01-21 12:50:55,711][com.java.SeleniumDriver] [  930] -  RESULT true
[INFO ][2016-01-21 12:50:55,711][com.java.SeleniumDriver] [ 1136] - ?   P A S S   ?
[INFO ][2016-01-21 12:50:55,712][com.java.SeleniumDriver] [  856] - ------------------------------------------
[INFO ][2016-01-21 12:50:55,712][com.java.SeleniumDriver] [  857] - Test case being Executed: 5
[INFO ][2016-01-21 12:50:55,712][com.java.SeleniumDriver] [  869] - Test step:4
[INFO ][2016-01-21 12:50:55,712][com.java.SeleniumDriver] [  881] - Datavalue is----------2
[INFO ][2016-01-21 12:50:55,712][com.java.SeleniumDriver] [  905] - DataField : BTNG/L
[INFO ][2016-01-21 12:50:55,712][com.java.SeleniumDriver] [  907] - DataValue : 2
[INFO ][2016-01-21 12:50:55,712][com.java.SeleniumDriver] [  913] - <In Set values of the page>
[INFO ][2016-01-21 12:50:55,712][com.java.SeleniumDriver] [  916] - {Data Fields & Data Values Exist}
[INFO ][2016-01-21 12:50:55,712][com.java.SeleniumDriver] [  918] - --------------------------setting values-----------------------------
[INFO ][2016-01-21 12:50:55,712][com.java.SeleniumDriver] [  921] - Action Type : WAITFORELEMENT
[INFO ][2016-01-21 12:50:55,748][com.java.SeleniumDriver] [  930] -  RESULT true
[INFO ][2016-01-21 12:50:55,748][com.java.SeleniumDriver] [ 1136] - ?   P A S S   ?
[INFO ][2016-01-21 12:50:55,748][com.java.SeleniumDriver] [  856] - ------------------------------------------
[INFO ][2016-01-21 12:50:55,748][com.java.SeleniumDriver] [  857] - Test case being Executed: 5
[INFO ][2016-01-21 12:50:55,748][com.java.SeleniumDriver] [  869] - Test step:5
[INFO ][2016-01-21 12:50:55,748][com.java.SeleniumDriver] [  881] - Datavalue is----------null
[DEBUG][2016-01-21 12:50:55,749][com.java.SeleniumDriver] [  899] - Exception: null
[INFO ][2016-01-21 12:50:55,749][com.java.SeleniumDriver] [  905] - DataField : //a[starts-with(normalize-space(.), 'Settings')]/span[2]&&//a[starts-with(normalize-space(.), 'Customize')]&&//li[@data-id='MyDashboard']/a[starts-with(text(), 'My Dashboard')]
[INFO ][2016-01-21 12:50:55,749][com.java.SeleniumDriver] [  907] - DataValue : 
[INFO ][2016-01-21 12:50:55,749][com.java.SeleniumDriver] [  913] - <In Set values of the page>
[INFO ][2016-01-21 12:50:55,749][com.java.SeleniumDriver] [  916] - {Data Fields & Data Values Exist}
[INFO ][2016-01-21 12:50:55,749][com.java.SeleniumDriver] [  918] - --------------------------setting values-----------------------------
[INFO ][2016-01-21 12:50:55,749][com.java.SeleniumDriver] [  921] - Action Type : MOUSEOVER
[INFO ][2016-01-21 12:51:22,508][com.java.SeleniumDriver] [  930] -  RESULT true
[INFO ][2016-01-21 12:51:22,508][com.java.SeleniumDriver] [ 1136] - ?   P A S S   ?
[INFO ][2016-01-21 12:51:22,508][com.java.SeleniumDriver] [  856] - ------------------------------------------
[INFO ][2016-01-21 12:51:22,508][com.java.SeleniumDriver] [  857] - Test case being Executed: 5
[INFO ][2016-01-21 12:51:22,508][com.java.SeleniumDriver] [  869] - Test step:6
[INFO ][2016-01-21 12:51:22,508][com.java.SeleniumDriver] [  881] - Datavalue is----------5
[INFO ][2016-01-21 12:51:22,508][com.java.SeleniumDriver] [  905] - DataField : BTN//iframe[@id='frameDialogContent']
[INFO ][2016-01-21 12:51:22,508][com.java.SeleniumDriver] [  907] - DataValue : 5
[INFO ][2016-01-21 12:51:22,508][com.java.SeleniumDriver] [  913] - <In Set values of the page>
[INFO ][2016-01-21 12:51:22,508][com.java.SeleniumDriver] [  916] - {Data Fields & Data Values Exist}
[INFO ][2016-01-21 12:51:22,508][com.java.SeleniumDriver] [  918] - --------------------------setting values-----------------------------
[INFO ][2016-01-21 12:51:22,509][com.java.SeleniumDriver] [  921] - Action Type : WAITFORELEMENT
[INFO ][2016-01-21 12:51:22,545][com.java.SeleniumDriver] [  930] -  RESULT true
[INFO ][2016-01-21 12:51:22,545][com.java.SeleniumDriver] [ 1136] - ?   P A S S   ?
[INFO ][2016-01-21 12:51:22,545][com.java.SeleniumDriver] [  856] - ------------------------------------------
[INFO ][2016-01-21 12:51:22,545][com.java.SeleniumDriver] [  857] - Test case being Executed: 5
[INFO ][2016-01-21 12:51:22,545][com.java.SeleniumDriver] [  869] - Test step:7
[INFO ][2016-01-21 12:51:22,546][com.java.SeleniumDriver] [  881] - Datavalue is----------null
[DEBUG][2016-01-21 12:51:22,546][com.java.SeleniumDriver] [  899] - Exception: null
[INFO ][2016-01-21 12:51:22,546][com.java.SeleniumDriver] [  905] - DataField : BTN//iframe[@id='frameDialogContent']
[INFO ][2016-01-21 12:51:22,546][com.java.SeleniumDriver] [  907] - DataValue : 
[INFO ][2016-01-21 12:51:22,546][com.java.SeleniumDriver] [  913] - <In Set values of the page>
[INFO ][2016-01-21 12:51:22,546][com.java.SeleniumDriver] [  916] - {Data Fields & Data Values Exist}
[INFO ][2016-01-21 12:51:22,546][com.java.SeleniumDriver] [  918] - --------------------------setting values-----------------------------
[INFO ][2016-01-21 12:51:22,546][com.java.SeleniumDriver] [  921] - Action Type : SELECTFRAME
[INFO ][2016-01-21 12:51:22,642][com.java.SeleniumDriver] [  930] -  RESULT true
[INFO ][2016-01-21 12:51:22,642][com.java.SeleniumDriver] [ 1136] - ?   P A S S   ?
[INFO ][2016-01-21 12:51:22,643][com.java.SeleniumDriver] [  856] - ------------------------------------------
[INFO ][2016-01-21 12:51:22,643][com.java.SeleniumDriver] [  857] - Test case being Executed: 5
[INFO ][2016-01-21 12:51:22,643][com.java.SeleniumDriver] [  869] - Test step:8
[INFO ][2016-01-21 12:51:22,643][com.java.SeleniumDriver] [  881] - Datavalue is----------#_keys
[INFO ][2016-01-21 12:51:22,643][com.java.SeleniumDriver] [  905] - DataField : XPH//td[starts-with(text(), '#_CAL')]
[INFO ][2016-01-21 12:51:22,643][com.java.SeleniumDriver] [  907] - DataValue : #_keys
[INFO ][2016-01-21 12:51:22,643][com.java.SeleniumDriver] [  913] - <In Set values of the page>
[INFO ][2016-01-21 12:51:22,643][com.java.SeleniumDriver] [  916] - {Data Fields & Data Values Exist}
[INFO ][2016-01-21 12:51:22,643][com.java.SeleniumDriver] [  918] - --------------------------setting values-----------------------------
[INFO ][2016-01-21 12:51:22,643][com.java.SeleniumDriver] [  921] - Action Type : STOREVALUE
[INFO ][2016-01-21 12:51:22,643][com.java.TestType] [ 9358] - field= XPH//td[starts-with(text(), '#_CAL')]
[DEBUG][2016-01-21 12:51:22,716][com.java.TestType] [ 9413] - Key:: #_keys   Value:: #_CAL57027
[INFO ][2016-01-21 12:51:22,716][com.java.SeleniumDriver] [  930] -  RESULT true
[INFO ][2016-01-21 12:51:22,716][com.java.SeleniumDriver] [ 1136] - ?   P A S S   ?
[INFO ][2016-01-21 12:51:22,716][com.java.SeleniumDriver] [  856] - ------------------------------------------
[INFO ][2016-01-21 12:51:22,716][com.java.SeleniumDriver] [  857] - Test case being Executed: 5
[INFO ][2016-01-21 12:51:22,716][com.java.SeleniumDriver] [  869] - Test step:9
[INFO ][2016-01-21 12:51:22,716][com.java.SeleniumDriver] [  881] - Datavalue is----------null
[DEBUG][2016-01-21 12:51:22,717][com.java.SeleniumDriver] [  899] - Exception: null
[INFO ][2016-01-21 12:51:22,717][com.java.SeleniumDriver] [  905] - DataField : BTNparent
[INFO ][2016-01-21 12:51:22,717][com.java.SeleniumDriver] [  907] - DataValue : 
[INFO ][2016-01-21 12:51:22,717][com.java.SeleniumDriver] [  913] - <In Set values of the page>
[INFO ][2016-01-21 12:51:22,717][com.java.SeleniumDriver] [  916] - {Data Fields & Data Values Exist}
[INFO ][2016-01-21 12:51:22,717][com.java.SeleniumDriver] [  918] - --------------------------setting values-----------------------------
[INFO ][2016-01-21 12:51:22,717][com.java.SeleniumDriver] [  921] - Action Type : SELECTFRAME
[INFO ][2016-01-21 12:51:22,732][com.java.SeleniumDriver] [  930] -  RESULT true
[INFO ][2016-01-21 12:51:22,732][com.java.SeleniumDriver] [ 1136] - ?   P A S S   ?
[INFO ][2016-01-21 12:51:22,732][com.java.SeleniumDriver] [  856] - ------------------------------------------
[INFO ][2016-01-21 12:51:22,732][com.java.SeleniumDriver] [  857] - Test case being Executed: 5
[INFO ][2016-01-21 12:51:22,732][com.java.SeleniumDriver] [  869] - Test step:10
[INFO ][2016-01-21 12:51:22,732][com.java.SeleniumDriver] [  881] - Datavalue is----------5
[INFO ][2016-01-21 12:51:22,732][com.java.SeleniumDriver] [  905] - DataField : XPH//span[contains(text(),'Finished')]
[INFO ][2016-01-21 12:51:22,732][com.java.SeleniumDriver] [  907] - DataValue : 5
[INFO ][2016-01-21 12:51:22,732][com.java.SeleniumDriver] [  913] - <In Set values of the page>
[INFO ][2016-01-21 12:51:22,732][com.java.SeleniumDriver] [  916] - {Data Fields & Data Values Exist}
[INFO ][2016-01-21 12:51:22,732][com.java.SeleniumDriver] [  918] - --------------------------setting values-----------------------------
[INFO ][2016-01-21 12:51:22,733][com.java.SeleniumDriver] [  921] - Action Type : WAITFORELEMENT
[INFO ][2016-01-21 12:51:22,767][com.java.SeleniumDriver] [  930] -  RESULT true
[INFO ][2016-01-21 12:51:22,767][com.java.SeleniumDriver] [ 1136] - ?   P A S S   ?
[INFO ][2016-01-21 12:51:22,767][com.java.SeleniumDriver] [  856] - ------------------------------------------
[INFO ][2016-01-21 12:51:22,767][com.java.SeleniumDriver] [  857] - Test case being Executed: 5
[INFO ][2016-01-21 12:51:22,767][com.java.SeleniumDriver] [  869] - Test step:11
[INFO ][2016-01-21 12:51:22,767][com.java.SeleniumDriver] [  881] - Datavalue is----------null
[DEBUG][2016-01-21 12:51:22,767][com.java.SeleniumDriver] [  899] - Exception: null
[INFO ][2016-01-21 12:51:22,768][com.java.SeleniumDriver] [  905] - DataField : HDN//span[contains(text(),'Finished')]
[INFO ][2016-01-21 12:51:22,768][com.java.SeleniumDriver] [  907] - DataValue : 
[INFO ][2016-01-21 12:51:22,768][com.java.SeleniumDriver] [  913] - <In Set values of the page>
[INFO ][2016-01-21 12:51:22,768][com.java.SeleniumDriver] [  916] - {Data Fields & Data Values Exist}
[INFO ][2016-01-21 12:51:22,768][com.java.SeleniumDriver] [  918] - --------------------------setting values-----------------------------
[INFO ][2016-01-21 12:51:22,768][com.java.SeleniumDriver] [  921] - Action Type : CLICK
[INFO ][2016-01-21 12:51:22,768][com.java.TestType] [ 6738] - Field ::HDN//span[contains(text(),'Finished')]
[INFO ][2016-01-21 12:51:22,768][com.java.TestType] [ 6359] - value = 
[INFO ][2016-01-21 12:51:23,904][com.java.SeleniumDriver] [  930] -  RESULT true
[INFO ][2016-01-21 12:51:23,904][com.java.SeleniumDriver] [ 1136] - ?   P A S S   ?
[INFO ][2016-01-21 12:51:23,904][com.java.SeleniumDriver] [  856] - ------------------------------------------
[INFO ][2016-01-21 12:51:23,904][com.java.SeleniumDriver] [  857] - Test case being Executed: 5
[INFO ][2016-01-21 12:51:23,904][com.java.SeleniumDriver] [  869] - Test step:12
[INFO ][2016-01-21 12:51:23,904][com.java.SeleniumDriver] [  881] - Datavalue is----------10
[INFO ][2016-01-21 12:51:23,904][com.java.SeleniumDriver] [  905] - DataField : DSP//div[@class='widgetBody']//tr[last()]
[INFO ][2016-01-21 12:51:23,904][com.java.SeleniumDriver] [  907] - DataValue : 10
[INFO ][2016-01-21 12:51:23,904][com.java.SeleniumDriver] [  913] - <In Set values of the page>
[INFO ][2016-01-21 12:51:23,904][com.java.SeleniumDriver] [  916] - {Data Fields & Data Values Exist}
[INFO ][2016-01-21 12:51:23,904][com.java.SeleniumDriver] [  918] - --------------------------setting values-----------------------------
[INFO ][2016-01-21 12:51:23,904][com.java.SeleniumDriver] [  921] - Action Type : WaitForElement
[INFO ][2016-01-21 12:51:24,032][com.java.SeleniumDriver] [  930] -  RESULT true
[INFO ][2016-01-21 12:51:24,032][com.java.SeleniumDriver] [ 1136] - ?   P A S S   ?
[INFO ][2016-01-21 12:51:24,032][com.java.SeleniumDriver] [  856] - ------------------------------------------
[INFO ][2016-01-21 12:51:24,032][com.java.SeleniumDriver] [  857] - Test case being Executed: 5
[INFO ][2016-01-21 12:51:24,032][com.java.SeleniumDriver] [  869] - Test step:13
[INFO ][2016-01-21 12:51:24,032][com.java.SeleniumDriver] [  881] - Datavalue is----------HMV#_keys
[INFO ][2016-01-21 12:51:24,032][com.java.SeleniumDriver] [  905] - DataField : MSG
[INFO ][2016-01-21 12:51:24,032][com.java.SeleniumDriver] [  907] - DataValue : HMV#_keys
[INFO ][2016-01-21 12:51:24,032][com.java.SeleniumDriver] [  913] - <In Set values of the page>
[INFO ][2016-01-21 12:51:24,032][com.java.SeleniumDriver] [  916] - {Data Fields & Data Values Exist}
[INFO ][2016-01-21 12:51:24,033][com.java.SeleniumDriver] [  918] - --------------------------setting values-----------------------------
[INFO ][2016-01-21 12:51:24,033][com.java.SeleniumDriver] [  921] - Action Type : verify
[INFO ][2016-01-21 12:51:24,033][com.java.TestType] [ 7931] - field= MSG value= HMV#_keys
[INFO ][2016-01-21 12:51:24,033][com.java.TestType] [ 6359] - value = #_CAL57027
[DEBUG][2016-01-21 12:51:24,033][com.java.TestType] [ 8761] - value :: #_CAL57027
[INFO ][2016-01-21 12:51:24,097][com.java.SeleniumDriver] [  930] -  RESULT true
[INFO ][2016-01-21 12:51:24,097][com.java.SeleniumDriver] [ 1136] - ?   P A S S   ?
[INFO ][2016-01-21 12:51:24,097][com.java.SeleniumDriver] [  856] - ------------------------------------------
[INFO ][2016-01-21 12:51:24,097][com.java.SeleniumDriver] [  857] - Test case being Executed: 5
[INFO ][2016-01-21 12:51:24,097][com.java.SeleniumDriver] [  869] - Test step:14
[INFO ][2016-01-21 12:51:24,097][com.java.SeleniumDriver] [  881] - Datavalue is----------5
[INFO ][2016-01-21 12:51:24,097][com.java.SeleniumDriver] [  905] - DataField : test
[INFO ][2016-01-21 12:51:24,097][com.java.SeleniumDriver] [  907] - DataValue : 5
[INFO ][2016-01-21 12:51:24,097][com.java.SeleniumDriver] [  913] - <In Set values of the page>
[INFO ][2016-01-21 12:51:24,097][com.java.SeleniumDriver] [  916] - {Data Fields & Data Values Exist}
[INFO ][2016-01-21 12:51:24,097][com.java.SeleniumDriver] [  918] - --------------------------setting values-----------------------------
[INFO ][2016-01-21 12:51:24,098][com.java.SeleniumDriver] [  921] - Action Type : WaitTime
[DEBUG][2016-01-21 12:51:24,098][com.java.TestType] [ 6173] - sleepTime: 5000
[INFO ][2016-01-21 12:51:29,099][com.java.SeleniumDriver] [  930] -  RESULT true
[INFO ][2016-01-21 12:51:29,099][com.java.SeleniumDriver] [ 1136] - ?   P A S S   ?
[INFO ][2016-01-21 12:51:29,099][com.java.SeleniumDriver] [  856] - ------------------------------------------
[INFO ][2016-01-21 12:51:29,099][com.java.SeleniumDriver] [  857] - Test case being Executed: 5
[INFO ][2016-01-21 12:51:29,099][com.java.SeleniumDriver] [  869] - Test step:15
[INFO ][2016-01-21 12:51:29,099][com.java.SeleniumDriver] [  881] - Datavalue is----------Concept#8:1-12
[INFO ][2016-01-21 12:51:29,099][com.java.SeleniumDriver] [  905] - DataField : test
[INFO ][2016-01-21 12:51:29,099][com.java.SeleniumDriver] [  907] - DataValue : Concept#8:1-12
[INFO ][2016-01-21 12:51:29,099][com.java.SeleniumDriver] [  913] - <In Set values of the page>
[INFO ][2016-01-21 12:51:29,099][com.java.SeleniumDriver] [  916] - {Data Fields & Data Values Exist}
[INFO ][2016-01-21 12:51:29,099][com.java.SeleniumDriver] [  918] - --------------------------setting values-----------------------------
[INFO ][2016-01-21 12:51:29,099][com.java.SeleniumDriver] [  921] - Action Type : ExecuteTestCase
[INFO ][2016-01-21 12:51:29,101][com.java.TestType] [  442] - The Concept sheet name is ---------- Concept
[INFO ][2016-01-21 12:51:29,101][com.java.TestType] [  445] - The Concept ID  is ---------- 8
[DEBUG][2016-01-21 12:51:29,101][com.java.TestType] [  449] - Steps being executted in the Concept are: 1:12
[INFO ][2016-01-21 12:51:29,101][com.java.TestType] [  456] - Test data details path ---------- D:\BankersDashboard\TestInputs\TestData.xls
[INFO ][2016-01-21 12:51:29,119][com.java.TestType] [  487] -  str(1) = 8
[INFO ][2016-01-21 12:51:29,119][com.java.TestType] [  490] - Test case Id is---8
[INFO ][2016-01-21 12:51:29,119][com.java.TestType] [  492] - 8
[INFO ][2016-01-21 12:51:29,119][com.java.TestType] [  487] -  str(2) = 1
[INFO ][2016-01-21 12:51:29,121][com.java.TestType] [  487] -  str(1) = 8
[INFO ][2016-01-21 12:51:29,121][com.java.TestType] [  490] - Test case Id is---8
[INFO ][2016-01-21 12:51:29,121][com.java.TestType] [  492] - 8
[INFO ][2016-01-21 12:51:29,121][com.java.TestType] [  487] -  str(2) = 2
[INFO ][2016-01-21 12:51:29,121][com.java.TestType] [  487] -  str(1) = 8
[INFO ][2016-01-21 12:51:29,121][com.java.TestType] [  490] - Test case Id is---8
[INFO ][2016-01-21 12:51:29,122][com.java.TestType] [  492] - 8
[INFO ][2016-01-21 12:51:29,122][com.java.TestType] [  487] -  str(2) = 3
[INFO ][2016-01-21 12:51:29,122][com.java.TestType] [  487] -  str(1) = 8
[INFO ][2016-01-21 12:51:29,122][com.java.TestType] [  490] - Test case Id is---8
[INFO ][2016-01-21 12:51:29,122][com.java.TestType] [  492] - 8
[INFO ][2016-01-21 12:51:29,122][com.java.TestType] [  487] -  str(2) = 4
[INFO ][2016-01-21 12:51:29,123][com.java.TestType] [  487] -  str(1) = 8
[INFO ][2016-01-21 12:51:29,123][com.java.TestType] [  490] - Test case Id is---8
[INFO ][2016-01-21 12:51:29,123][com.java.TestType] [  492] - 8
[INFO ][2016-01-21 12:51:29,124][com.java.TestType] [  487] -  str(2) = 5
[INFO ][2016-01-21 12:51:29,125][com.java.TestType] [  487] -  str(1) = 8
[INFO ][2016-01-21 12:51:29,125][com.java.TestType] [  490] - Test case Id is---8
[INFO ][2016-01-21 12:51:29,125][com.java.TestType] [  492] - 8
[INFO ][2016-01-21 12:51:29,125][com.java.TestType] [  487] -  str(2) = 6
[INFO ][2016-01-21 12:51:29,125][com.java.TestType] [  487] -  str(1) = 8
[INFO ][2016-01-21 12:51:29,125][com.java.TestType] [  490] - Test case Id is---8
[INFO ][2016-01-21 12:51:29,126][com.java.TestType] [  492] - 8
[INFO ][2016-01-21 12:51:29,126][com.java.TestType] [  487] -  str(2) = 7
[INFO ][2016-01-21 12:51:29,126][com.java.TestType] [  487] -  str(1) = 8
[INFO ][2016-01-21 12:51:29,126][com.java.TestType] [  490] - Test case Id is---8
[INFO ][2016-01-21 12:51:29,126][com.java.TestType] [  492] - 8
[INFO ][2016-01-21 12:51:29,126][com.java.TestType] [  487] -  str(2) = 8
[INFO ][2016-01-21 12:51:29,127][com.java.TestType] [  487] -  str(1) = 8
[INFO ][2016-01-21 12:51:29,127][com.java.TestType] [  490] - Test case Id is---8
[INFO ][2016-01-21 12:51:29,127][com.java.TestType] [  492] - 8
[INFO ][2016-01-21 12:51:29,127][com.java.TestType] [  487] -  str(2) = 9
[INFO ][2016-01-21 12:51:29,128][com.java.TestType] [  487] -  str(1) = 8
[INFO ][2016-01-21 12:51:29,128][com.java.TestType] [  490] - Test case Id is---8
[INFO ][2016-01-21 12:51:29,128][com.java.TestType] [  492] - 8
[INFO ][2016-01-21 12:51:29,128][com.java.TestType] [  487] -  str(2) = 10
[INFO ][2016-01-21 12:51:29,129][com.java.TestType] [  487] -  str(1) = 8
[INFO ][2016-01-21 12:51:29,129][com.java.TestType] [  490] - Test case Id is---8
[INFO ][2016-01-21 12:51:29,129][com.java.TestType] [  492] - 8
[INFO ][2016-01-21 12:51:29,129][com.java.TestType] [  487] -  str(2) = 11
[INFO ][2016-01-21 12:51:29,130][com.java.TestType] [  487] -  str(1) = 8
[INFO ][2016-01-21 12:51:29,130][com.java.TestType] [  490] - Test case Id is---8
[INFO ][2016-01-21 12:51:29,130][com.java.TestType] [  492] - 8
[INFO ][2016-01-21 12:51:29,130][com.java.TestType] [  487] -  str(2) = 12
[INFO ][2016-01-21 12:51:29,130][com.java.TestType] [11598] - Looping 1TCID = 8
[DEBUG][2016-01-21 12:51:29,130][com.java.TestType] [11639] - Concept ID:8 :: Step being Executed: 8::1
[ERROR][2016-01-21 12:51:29,131][com.java.TestType] [11672] - Exception: null
[INFO ][2016-01-21 12:51:29,131][com.java.TestType] [11677] - dataFields : BTNparent
[DEBUG][2016-01-21 12:51:29,131][com.java.TestType] [11683] - <In Set values of the page>
[DEBUG][2016-01-21 12:51:29,131][com.java.TestType] [11688] - {Data Fields & Data Values Exist}
[INFO ][2016-01-21 12:51:29,131][com.java.TestType] [11694] - --------------------------setting values-----------------------------
[INFO ][2016-01-21 12:51:29,131][com.java.TestType] [11697] - Action Type : SELECTFRAME
[INFO ][2016-01-21 12:51:29,148][com.java.TestType] [11716] -  RESULT true
[INFO ][2016-01-21 12:51:29,148][com.java.TestType] [11833] - ?   P A S S   ?
[DEBUG][2016-01-21 12:51:29,148][com.java.TestType] [11639] - Concept ID:8 :: Step being Executed: 8::2
[INFO ][2016-01-21 12:51:29,148][com.java.TestType] [11677] - dataFields : test
[DEBUG][2016-01-21 12:51:29,149][com.java.TestType] [11683] - <In Set values of the page>
[DEBUG][2016-01-21 12:51:29,149][com.java.TestType] [11688] - {Data Fields & Data Values Exist}
[INFO ][2016-01-21 12:51:29,149][com.java.TestType] [11694] - --------------------------setting values-----------------------------
[INFO ][2016-01-21 12:51:29,149][com.java.TestType] [11697] - Action Type : OPENURL
[INFO ][2016-01-21 12:51:29,149][com.java.TestType] [ 6359] - value = https://clients-xuat.bankersdashboard.com
[INFO ][2016-01-21 12:51:29,149][com.java.TestType] [  358] - Open URL : https://clients-xuat.bankersdashboard.com
[INFO ][2016-01-21 12:51:31,476][com.java.TestType] [11716] -  RESULT true
[INFO ][2016-01-21 12:51:31,476][com.java.TestType] [11833] - ?   P A S S   ?
[DEBUG][2016-01-21 12:51:31,476][com.java.TestType] [11639] - Concept ID:8 :: Step being Executed: 8::3
[ERROR][2016-01-21 12:51:31,476][com.java.TestType] [11672] - Exception: null
[INFO ][2016-01-21 12:51:31,477][com.java.TestType] [11677] - dataFields : //span[@class='icon-cog2']&&//ul[@id='Settings']/li/a&&//ul[@id='Customize']/li/a
[DEBUG][2016-01-21 12:51:31,477][com.java.TestType] [11683] - <In Set values of the page>
[DEBUG][2016-01-21 12:51:31,477][com.java.TestType] [11688] - {Data Fields & Data Values Exist}
[INFO ][2016-01-21 12:51:31,477][com.java.TestType] [11694] - --------------------------setting values-----------------------------
[INFO ][2016-01-21 12:51:31,477][com.java.TestType] [11697] - Action Type : MOUSEOVER
[INFO ][2016-01-21 12:51:58,364][com.java.TestType] [11716] -  RESULT true
[INFO ][2016-01-21 12:51:58,364][com.java.TestType] [11833] - ?   P A S S   ?
[DEBUG][2016-01-21 12:51:58,364][com.java.TestType] [11639] - Concept ID:8 :: Step being Executed: 8::4
[INFO ][2016-01-21 12:51:58,364][com.java.TestType] [11677] - dataFields : XPH//span[@class='ui-dialog-title']
[DEBUG][2016-01-21 12:51:58,364][com.java.TestType] [11683] - <In Set values of the page>
[DEBUG][2016-01-21 12:51:58,364][com.java.TestType] [11688] - {Data Fields & Data Values Exist}
[INFO ][2016-01-21 12:51:58,364][com.java.TestType] [11694] - --------------------------setting values-----------------------------
[INFO ][2016-01-21 12:51:58,364][com.java.TestType] [11697] - Action Type : Verify
[INFO ][2016-01-21 12:51:58,364][com.java.TestType] [ 7931] - field= XPH//span[@class='ui-dialog-title'] value= My Dashboard Indicators
[INFO ][2016-01-21 12:51:58,365][com.java.TestType] [ 6359] - value = My Dashboard Indicators
[INFO ][2016-01-21 12:51:58,480][com.java.TestType] [11716] -  RESULT true
[INFO ][2016-01-21 12:51:58,480][com.java.TestType] [11833] - ?   P A S S   ?
[DEBUG][2016-01-21 12:51:58,480][com.java.TestType] [11639] - Concept ID:8 :: Step being Executed: 8::5
[ERROR][2016-01-21 12:51:58,480][com.java.TestType] [11672] - Exception: null
[INFO ][2016-01-21 12:51:58,480][com.java.TestType] [11677] - dataFields : BTNframeDialogContent
[DEBUG][2016-01-21 12:51:58,480][com.java.TestType] [11683] - <In Set values of the page>
[DEBUG][2016-01-21 12:51:58,480][com.java.TestType] [11688] - {Data Fields & Data Values Exist}
[INFO ][2016-01-21 12:51:58,481][com.java.TestType] [11694] - --------------------------setting values-----------------------------
[INFO ][2016-01-21 12:51:58,481][com.java.TestType] [11697] - Action Type : selectframe
[INFO ][2016-01-21 12:51:59,743][com.java.TestType] [11716] -  RESULT true
[INFO ][2016-01-21 12:51:59,743][com.java.TestType] [11833] - ?   P A S S   ?
[DEBUG][2016-01-21 12:51:59,743][com.java.TestType] [11639] - Concept ID:8 :: Step being Executed: 8::6
[INFO ][2016-01-21 12:51:59,743][com.java.TestType] [11677] - dataFields : RCC//td[contains(text(),'mytext')]/following-sibling::td[7]//span[@class="glyphicon glyphicon-remove"]
[DEBUG][2016-01-21 12:51:59,743][com.java.TestType] [11683] - <In Set values of the page>
[DEBUG][2016-01-21 12:51:59,743][com.java.TestType] [11688] - {Data Fields & Data Values Exist}
[INFO ][2016-01-21 12:51:59,743][com.java.TestType] [11694] - --------------------------setting values-----------------------------
[INFO ][2016-01-21 12:51:59,743][com.java.TestType] [11697] - Action Type : CLICKWITHALERT
[INFO ][2016-01-21 12:52:10,879][com.java.TestType] [11716] -  RESULT true
[INFO ][2016-01-21 12:52:10,879][com.java.TestType] [11833] - ?   P A S S   ?
[DEBUG][2016-01-21 12:52:10,880][com.java.TestType] [11639] - Concept ID:8 :: Step being Executed: 8::8
[INFO ][2016-01-21 12:52:10,880][com.java.TestType] [11677] - dataFields : null
[DEBUG][2016-01-21 12:52:10,880][com.java.TestType] [11683] - <In Set values of the page>
[INFO ][2016-01-21 12:52:10,880][com.java.TestType] [11833] - ?   P A S S   ?
[DEBUG][2016-01-21 12:52:10,880][com.java.TestType] [11639] - Concept ID:8 :: Step being Executed: 8::9
[ERROR][2016-01-21 12:52:10,880][com.java.TestType] [11672] - Exception: null
[INFO ][2016-01-21 12:52:10,880][com.java.TestType] [11677] - dataFields : BTNparent
[DEBUG][2016-01-21 12:52:10,880][com.java.TestType] [11683] - <In Set values of the page>
[DEBUG][2016-01-21 12:52:10,880][com.java.TestType] [11688] - {Data Fields & Data Values Exist}
[INFO ][2016-01-21 12:52:10,881][com.java.TestType] [11694] - --------------------------setting values-----------------------------
[INFO ][2016-01-21 12:52:10,881][com.java.TestType] [11697] - Action Type : SELECTFRAME
[INFO ][2016-01-21 12:52:10,907][com.java.TestType] [11716] -  RESULT true
[INFO ][2016-01-21 12:52:10,907][com.java.TestType] [11833] - ?   P A S S   ?
[DEBUG][2016-01-21 12:52:10,908][com.java.TestType] [11639] - Concept ID:8 :: Step being Executed: 8::10
[ERROR][2016-01-21 12:52:10,908][com.java.TestType] [11672] - Exception: null
[INFO ][2016-01-21 12:52:10,908][com.java.TestType] [11677] - dataFields : HDN//span[contains(text(),'Finished')]
[DEBUG][2016-01-21 12:52:10,908][com.java.TestType] [11683] - <In Set values of the page>
[DEBUG][2016-01-21 12:52:10,908][com.java.TestType] [11688] - {Data Fields & Data Values Exist}
[INFO ][2016-01-21 12:52:10,908][com.java.TestType] [11694] - --------------------------setting values-----------------------------
[INFO ][2016-01-21 12:52:10,908][com.java.TestType] [11697] - Action Type : click
[INFO ][2016-01-21 12:52:10,908][com.java.TestType] [ 6738] - Field ::HDN//span[contains(text(),'Finished')]
[INFO ][2016-01-21 12:52:10,908][com.java.TestType] [ 6359] - value = 
[INFO ][2016-01-21 12:52:12,044][com.java.TestType] [11716] -  RESULT true
[INFO ][2016-01-21 12:52:12,044][com.java.TestType] [11833] - ?   P A S S   ?
[DEBUG][2016-01-21 12:52:12,044][com.java.TestType] [11639] - Concept ID:8 :: Step being Executed: 8::11
[INFO ][2016-01-21 12:52:12,044][com.java.TestType] [11677] - dataFields : XPH//div[contains(text(), 'My Dashboard')]
[DEBUG][2016-01-21 12:52:12,044][com.java.TestType] [11683] - <In Set values of the page>
[DEBUG][2016-01-21 12:52:12,044][com.java.TestType] [11688] - {Data Fields & Data Values Exist}
[INFO ][2016-01-21 12:52:12,044][com.java.TestType] [11694] - --------------------------setting values-----------------------------
[INFO ][2016-01-21 12:52:12,044][com.java.TestType] [11697] - Action Type : WAITFORELEMENT
[INFO ][2016-01-21 12:52:12,079][com.java.TestType] [11716] -  RESULT true
[INFO ][2016-01-21 12:52:12,079][com.java.TestType] [11833] - ?   P A S S   ?
[DEBUG][2016-01-21 12:52:12,079][com.java.TestType] [11639] - Concept ID:8 :: Step being Executed: 8::12
[INFO ][2016-01-21 12:52:12,080][com.java.TestType] [11677] - dataFields : BTN
[DEBUG][2016-01-21 12:52:12,080][com.java.TestType] [11683] - <In Set values of the page>
[DEBUG][2016-01-21 12:52:12,080][com.java.TestType] [11688] - {Data Fields & Data Values Exist}
[INFO ][2016-01-21 12:52:12,080][com.java.TestType] [11694] - --------------------------setting values-----------------------------
[INFO ][2016-01-21 12:52:12,080][com.java.TestType] [11697] - Action Type : Verify
[INFO ][2016-01-21 12:52:12,080][com.java.TestType] [ 7931] - field= BTN value= //div[contains(text(), 'My Dashboard')]
[INFO ][2016-01-21 12:52:12,080][com.java.TestType] [ 6359] - value = //div[contains(text(), 'My Dashboard')]
[INFO ][2016-01-21 12:52:12,139][com.java.TestType] [11716] -  RESULT true
[INFO ][2016-01-21 12:52:12,139][com.java.TestType] [11833] - ?   P A S S   ?
[INFO ][2016-01-21 12:52:12,139][com.java.TestType] [11904] - Looping End......
[INFO ][2016-01-21 12:52:12,141][com.java.SeleniumDriver] [  930] -  RESULT true
[INFO ][2016-01-21 12:52:12,142][com.java.SeleniumDriver] [ 1136] - ?   P A S S   ?
[INFO ][2016-01-21 12:52:12,142][com.java.SeleniumDriver] [  856] - ------------------------------------------
[INFO ][2016-01-21 12:52:12,142][com.java.SeleniumDriver] [  857] - Test case being Executed: 5
[INFO ][2016-01-21 12:52:12,143][com.java.SeleniumDriver] [  869] - Test step:16
[INFO ][2016-01-21 12:52:12,143][com.java.SeleniumDriver] [  881] - Datavalue is----------Concept#9:1-21
[INFO ][2016-01-21 12:52:12,143][com.java.SeleniumDriver] [  905] - DataField : test
[INFO ][2016-01-21 12:52:12,143][com.java.SeleniumDriver] [  907] - DataValue : Concept#9:1-21
[INFO ][2016-01-21 12:52:12,143][com.java.SeleniumDriver] [  913] - <In Set values of the page>
[INFO ][2016-01-21 12:52:12,143][com.java.SeleniumDriver] [  916] - {Data Fields & Data Values Exist}
[INFO ][2016-01-21 12:52:12,143][com.java.SeleniumDriver] [  918] - --------------------------setting values-----------------------------
[INFO ][2016-01-21 12:52:12,143][com.java.SeleniumDriver] [  921] - Action Type : ExecuteTestCase
[INFO ][2016-01-21 12:52:12,143][com.java.TestType] [  442] - The Concept sheet name is ---------- Concept
[INFO ][2016-01-21 12:52:12,143][com.java.TestType] [  445] - The Concept ID  is ---------- 9
[DEBUG][2016-01-21 12:52:12,143][com.java.TestType] [  449] - Steps being executted in the Concept are: 1:21
[INFO ][2016-01-21 12:52:12,143][com.java.TestType] [  456] - Test data details path ---------- D:\BankersDashboard\TestInputs\TestData.xls
[INFO ][2016-01-21 12:52:12,165][com.java.TestType] [  487] -  str(1) = 9
[INFO ][2016-01-21 12:52:12,165][com.java.TestType] [  490] - Test case Id is---9
[INFO ][2016-01-21 12:52:12,165][com.java.TestType] [  492] - 9
[INFO ][2016-01-21 12:52:12,165][com.java.TestType] [  487] -  str(2) = 1
[INFO ][2016-01-21 12:52:12,167][com.java.TestType] [  487] -  str(1) = 9
[INFO ][2016-01-21 12:52:12,167][com.java.TestType] [  490] - Test case Id is---9
[INFO ][2016-01-21 12:52:12,167][com.java.TestType] [  492] - 9
[INFO ][2016-01-21 12:52:12,167][com.java.TestType] [  487] -  str(2) = 2
[INFO ][2016-01-21 12:52:12,168][com.java.TestType] [  487] -  str(1) = 9
[INFO ][2016-01-21 12:52:12,168][com.java.TestType] [  490] - Test case Id is---9
[INFO ][2016-01-21 12:52:12,168][com.java.TestType] [  492] - 9
[INFO ][2016-01-21 12:52:12,168][com.java.TestType] [  487] -  str(2) = 3
[INFO ][2016-01-21 12:52:12,169][com.java.TestType] [  487] -  str(1) = 9
[INFO ][2016-01-21 12:52:12,169][com.java.TestType] [  490] - Test case Id is---9
[INFO ][2016-01-21 12:52:12,169][com.java.TestType] [  492] - 9
[INFO ][2016-01-21 12:52:12,169][com.java.TestType] [  487] -  str(2) = 4
[INFO ][2016-01-21 12:52:12,170][com.java.TestType] [  487] -  str(1) = 9
[INFO ][2016-01-21 12:52:12,170][com.java.TestType] [  490] - Test case Id is---9
[INFO ][2016-01-21 12:52:12,170][com.java.TestType] [  492] - 9
[INFO ][2016-01-21 12:52:12,170][com.java.TestType] [  487] -  str(2) = 5
[INFO ][2016-01-21 12:52:12,170][com.java.TestType] [  487] -  str(1) = 9
[INFO ][2016-01-21 12:52:12,170][com.java.TestType] [  490] - Test case Id is---9
[INFO ][2016-01-21 12:52:12,171][com.java.TestType] [  492] - 9
[INFO ][2016-01-21 12:52:12,171][com.java.TestType] [  487] -  str(2) = 6
[INFO ][2016-01-21 12:52:12,171][com.java.TestType] [  487] -  str(1) = 9
[INFO ][2016-01-21 12:52:12,171][com.java.TestType] [  490] - Test case Id is---9
[INFO ][2016-01-21 12:52:12,171][com.java.TestType] [  492] - 9
[INFO ][2016-01-21 12:52:12,171][com.java.TestType] [  487] -  str(2) = 7
[INFO ][2016-01-21 12:52:12,172][com.java.TestType] [  487] -  str(1) = 9
[INFO ][2016-01-21 12:52:12,172][com.java.TestType] [  490] - Test case Id is---9
[INFO ][2016-01-21 12:52:12,172][com.java.TestType] [  492] - 9
[INFO ][2016-01-21 12:52:12,172][com.java.TestType] [  487] -  str(2) = 8
[INFO ][2016-01-21 12:52:12,173][com.java.TestType] [  487] -  str(1) = 9
[INFO ][2016-01-21 12:52:12,173][com.java.TestType] [  490] - Test case Id is---9
[INFO ][2016-01-21 12:52:12,173][com.java.TestType] [  492] - 9
[INFO ][2016-01-21 12:52:12,173][com.java.TestType] [  487] -  str(2) = 9
[INFO ][2016-01-21 12:52:12,174][com.java.TestType] [  487] -  str(1) = 9
[INFO ][2016-01-21 12:52:12,174][com.java.TestType] [  490] - Test case Id is---9
[INFO ][2016-01-21 12:52:12,174][com.java.TestType] [  492] - 9
[INFO ][2016-01-21 12:52:12,174][com.java.TestType] [  487] -  str(2) = 10
[INFO ][2016-01-21 12:52:12,175][com.java.TestType] [  487] -  str(1) = 9
[INFO ][2016-01-21 12:52:12,175][com.java.TestType] [  490] - Test case Id is---9
[INFO ][2016-01-21 12:52:12,175][com.java.TestType] [  492] - 9
[INFO ][2016-01-21 12:52:12,175][com.java.TestType] [  487] -  str(2) = 11
[INFO ][2016-01-21 12:52:12,176][com.java.TestType] [  487] -  str(1) = 9
[INFO ][2016-01-21 12:52:12,176][com.java.TestType] [  490] - Test case Id is---9
[INFO ][2016-01-21 12:52:12,176][com.java.TestType] [  492] - 9
[INFO ][2016-01-21 12:52:12,176][com.java.TestType] [  487] -  str(2) = 12
[INFO ][2016-01-21 12:52:12,177][com.java.TestType] [  487] -  str(1) = 9
[INFO ][2016-01-21 12:52:12,177][com.java.TestType] [  490] - Test case Id is---9
[INFO ][2016-01-21 12:52:12,177][com.java.TestType] [  492] - 9
[INFO ][2016-01-21 12:52:12,177][com.java.TestType] [  487] -  str(2) = 13
[INFO ][2016-01-21 12:52:12,177][com.java.TestType] [  487] -  str(1) = 9
[INFO ][2016-01-21 12:52:12,178][com.java.TestType] [  490] - Test case Id is---9
[INFO ][2016-01-21 12:52:12,178][com.java.TestType] [  492] - 9
[INFO ][2016-01-21 12:52:12,178][com.java.TestType] [  487] -  str(2) = 14
[INFO ][2016-01-21 12:52:12,178][com.java.TestType] [  487] -  str(1) = 9
[INFO ][2016-01-21 12:52:12,178][com.java.TestType] [  490] - Test case Id is---9
[INFO ][2016-01-21 12:52:12,178][com.java.TestType] [  492] - 9
[INFO ][2016-01-21 12:52:12,178][com.java.TestType] [  487] -  str(2) = 15
[INFO ][2016-01-21 12:52:12,179][com.java.TestType] [  487] -  str(1) = 9
[INFO ][2016-01-21 12:52:12,179][com.java.TestType] [  490] - Test case Id is---9
[INFO ][2016-01-21 12:52:12,179][com.java.TestType] [  492] - 9
[INFO ][2016-01-21 12:52:12,179][com.java.TestType] [  487] -  str(2) = 16
[INFO ][2016-01-21 12:52:12,180][com.java.TestType] [  487] -  str(1) = 9
[INFO ][2016-01-21 12:52:12,180][com.java.TestType] [  490] - Test case Id is---9
[INFO ][2016-01-21 12:52:12,180][com.java.TestType] [  492] - 9
[INFO ][2016-01-21 12:52:12,180][com.java.TestType] [  487] -  str(2) = 17
[INFO ][2016-01-21 12:52:12,181][com.java.TestType] [  487] -  str(1) = 9
[INFO ][2016-01-21 12:52:12,181][com.java.TestType] [  490] - Test case Id is---9
[INFO ][2016-01-21 12:52:12,181][com.java.TestType] [  492] - 9
[INFO ][2016-01-21 12:52:12,181][com.java.TestType] [  487] -  str(2) = 18
[INFO ][2016-01-21 12:52:12,181][com.java.TestType] [  487] -  str(1) = 9
[INFO ][2016-01-21 12:52:12,182][com.java.TestType] [  490] - Test case Id is---9
[INFO ][2016-01-21 12:52:12,182][com.java.TestType] [  492] - 9
[INFO ][2016-01-21 12:52:12,182][com.java.TestType] [  487] -  str(2) = 19
[INFO ][2016-01-21 12:52:12,183][com.java.TestType] [  487] -  str(1) = 9
[INFO ][2016-01-21 12:52:12,183][com.java.TestType] [  490] - Test case Id is---9
[INFO ][2016-01-21 12:52:12,183][com.java.TestType] [  492] - 9
[INFO ][2016-01-21 12:52:12,183][com.java.TestType] [  487] -  str(2) = 20
[INFO ][2016-01-21 12:52:12,184][com.java.TestType] [  487] -  str(1) = 9
[INFO ][2016-01-21 12:52:12,184][com.java.TestType] [  490] - Test case Id is---9
[INFO ][2016-01-21 12:52:12,184][com.java.TestType] [  492] - 9
[INFO ][2016-01-21 12:52:12,184][com.java.TestType] [  487] -  str(2) = 21
[INFO ][2016-01-21 12:52:12,184][com.java.TestType] [11598] - Looping 1TCID = 9
[DEBUG][2016-01-21 12:52:12,185][com.java.TestType] [11639] - Concept ID:9 :: Step being Executed: 9::1
[ERROR][2016-01-21 12:52:12,185][com.java.TestType] [11672] - Exception: null
[INFO ][2016-01-21 12:52:12,185][com.java.TestType] [11677] - dataFields : BTNparent
[DEBUG][2016-01-21 12:52:12,185][com.java.TestType] [11683] - <In Set values of the page>
[DEBUG][2016-01-21 12:52:12,185][com.java.TestType] [11688] - {Data Fields & Data Values Exist}
[INFO ][2016-01-21 12:52:12,185][com.java.TestType] [11694] - --------------------------setting values-----------------------------
[INFO ][2016-01-21 12:52:12,185][com.java.TestType] [11697] - Action Type : SELECTFRAME
[INFO ][2016-01-21 12:52:12,200][com.java.TestType] [11716] -  RESULT true
[INFO ][2016-01-21 12:52:12,200][com.java.TestType] [11833] - ?   P A S S   ?
[DEBUG][2016-01-21 12:52:12,200][com.java.TestType] [11639] - Concept ID:9 :: Step being Executed: 9::2
[INFO ][2016-01-21 12:52:12,200][com.java.TestType] [11677] - dataFields : test
[DEBUG][2016-01-21 12:52:12,200][com.java.TestType] [11683] - <In Set values of the page>
[DEBUG][2016-01-21 12:52:12,200][com.java.TestType] [11688] - {Data Fields & Data Values Exist}
[INFO ][2016-01-21 12:52:12,200][com.java.TestType] [11694] - --------------------------setting values-----------------------------
[INFO ][2016-01-21 12:52:12,201][com.java.TestType] [11697] - Action Type : OPENURL
[INFO ][2016-01-21 12:52:12,201][com.java.TestType] [ 6359] - value = https://clients-xuat.bankersdashboard.com
[INFO ][2016-01-21 12:52:12,201][com.java.TestType] [  358] - Open URL : https://clients-xuat.bankersdashboard.com
[INFO ][2016-01-21 12:52:15,927][com.java.TestType] [11716] -  RESULT true
[INFO ][2016-01-21 12:52:15,927][com.java.TestType] [11833] - ?   P A S S   ?
[DEBUG][2016-01-21 12:52:15,927][com.java.TestType] [11639] - Concept ID:9 :: Step being Executed: 9::3
[ERROR][2016-01-21 12:52:15,927][com.java.TestType] [11672] - Exception: null
[INFO ][2016-01-21 12:52:15,927][com.java.TestType] [11677] - dataFields : //span[@class='icon-hammer']&&//a[text()='Custom Calculations']
[DEBUG][2016-01-21 12:52:15,927][com.java.TestType] [11683] - <In Set values of the page>
[DEBUG][2016-01-21 12:52:15,927][com.java.TestType] [11688] - {Data Fields & Data Values Exist}
[INFO ][2016-01-21 12:52:15,927][com.java.TestType] [11694] - --------------------------setting values-----------------------------
[INFO ][2016-01-21 12:52:15,928][com.java.TestType] [11697] - Action Type : MOUSEOVER
[INFO ][2016-01-21 12:52:39,026][com.java.TestType] [11716] -  RESULT true
[INFO ][2016-01-21 12:52:39,026][com.java.TestType] [11833] - ?   P A S S   ?
[DEBUG][2016-01-21 12:52:39,026][com.java.TestType] [11639] - Concept ID:9 :: Step being Executed: 9::4
[INFO ][2016-01-21 12:52:39,026][com.java.TestType] [11677] - dataFields : BTN//iframe[@class='frameTabContent']
[DEBUG][2016-01-21 12:52:39,026][com.java.TestType] [11683] - <In Set values of the page>
[DEBUG][2016-01-21 12:52:39,026][com.java.TestType] [11688] - {Data Fields & Data Values Exist}
[INFO ][2016-01-21 12:52:39,026][com.java.TestType] [11694] - --------------------------setting values-----------------------------
[INFO ][2016-01-21 12:52:39,026][com.java.TestType] [11697] - Action Type : waitforelement
[INFO ][2016-01-21 12:52:39,063][com.java.TestType] [11716] -  RESULT true
[INFO ][2016-01-21 12:52:39,063][com.java.TestType] [11833] - ?   P A S S   ?
[DEBUG][2016-01-21 12:52:39,064][com.java.TestType] [11639] - Concept ID:9 :: Step being Executed: 9::5
[INFO ][2016-01-21 12:52:39,064][com.java.TestType] [11677] - dataFields : XPH//li[@class="inactiveTab"]//a[@title="Custom Calcs"]
[DEBUG][2016-01-21 12:52:39,064][com.java.TestType] [11683] - <In Set values of the page>
[DEBUG][2016-01-21 12:52:39,064][com.java.TestType] [11688] - {Data Fields & Data Values Exist}
[INFO ][2016-01-21 12:52:39,064][com.java.TestType] [11694] - --------------------------setting values-----------------------------
[INFO ][2016-01-21 12:52:39,064][com.java.TestType] [11697] - Action Type : waitforelement
[INFO ][2016-01-21 12:52:39,099][com.java.TestType] [11716] -  RESULT true
[INFO ][2016-01-21 12:52:39,099][com.java.TestType] [11833] - ?   P A S S   ?
[DEBUG][2016-01-21 12:52:39,099][com.java.TestType] [11639] - Concept ID:9 :: Step being Executed: 9::6
[ERROR][2016-01-21 12:52:39,100][com.java.TestType] [11672] - Exception: null
[INFO ][2016-01-21 12:52:39,100][com.java.TestType] [11677] - dataFields : XPH//li[@class="inactiveTab"]//a[@title="Custom Calcs"]
[DEBUG][2016-01-21 12:52:39,100][com.java.TestType] [11683] - <In Set values of the page>
[DEBUG][2016-01-21 12:52:39,100][com.java.TestType] [11688] - {Data Fields & Data Values Exist}
[INFO ][2016-01-21 12:52:39,100][com.java.TestType] [11694] - --------------------------setting values-----------------------------
[INFO ][2016-01-21 12:52:39,100][com.java.TestType] [11697] - Action Type : click
[INFO ][2016-01-21 12:52:39,100][com.java.TestType] [ 6738] - Field ::XPH//li[@class="inactiveTab"]//a[@title="Custom Calcs"]
[INFO ][2016-01-21 12:52:39,100][com.java.TestType] [ 6359] - value = 
[INFO ][2016-01-21 12:52:40,101][com.java.TestType] [ 6911] - BEFORE CLICK
[INFO ][2016-01-21 12:52:41,068][com.java.TestType] [ 6919] - Unable to click the object click on add button
[INFO ][2016-01-21 12:52:41,068][com.java.TestType] [11716] -  RESULT true
[INFO ][2016-01-21 12:52:41,068][com.java.TestType] [11833] - ?   P A S S   ?
[DEBUG][2016-01-21 12:52:41,068][com.java.TestType] [11639] - Concept ID:9 :: Step being Executed: 9::7
[INFO ][2016-01-21 12:52:41,068][com.java.TestType] [11677] - dataFields : test
[DEBUG][2016-01-21 12:52:41,068][com.java.TestType] [11683] - <In Set values of the page>
[DEBUG][2016-01-21 12:52:41,069][com.java.TestType] [11688] - {Data Fields & Data Values Exist}
[INFO ][2016-01-21 12:52:41,069][com.java.TestType] [11694] - --------------------------setting values-----------------------------
[INFO ][2016-01-21 12:52:41,069][com.java.TestType] [11697] - Action Type : WaitTime
[DEBUG][2016-01-21 12:52:41,069][com.java.TestType] [ 6173] - sleepTime: 5000
[INFO ][2016-01-21 12:52:46,070][com.java.TestType] [11716] -  RESULT true
[INFO ][2016-01-21 12:52:46,070][com.java.TestType] [11833] - ?   P A S S   ?
[DEBUG][2016-01-21 12:52:46,070][com.java.TestType] [11639] - Concept ID:9 :: Step being Executed: 9::8
[ERROR][2016-01-21 12:52:46,070][com.java.TestType] [11672] - Exception: null
[INFO ][2016-01-21 12:52:46,070][com.java.TestType] [11677] - dataFields : XPH//li[@class="inactiveTab"]//a[@title="Custom Calcs"]//span[@class="closeimg icon-close icon-xs"]
[DEBUG][2016-01-21 12:52:46,070][com.java.TestType] [11683] - <In Set values of the page>
[DEBUG][2016-01-21 12:52:46,070][com.java.TestType] [11688] - {Data Fields & Data Values Exist}
[INFO ][2016-01-21 12:52:46,070][com.java.TestType] [11694] - --------------------------setting values-----------------------------
[INFO ][2016-01-21 12:52:46,070][com.java.TestType] [11697] - Action Type : click
[INFO ][2016-01-21 12:52:46,071][com.java.TestType] [ 6738] - Field ::XPH//li[@class="inactiveTab"]//a[@title="Custom Calcs"]//span[@class="closeimg icon-close icon-xs"]
[INFO ][2016-01-21 12:52:46,071][com.java.TestType] [ 6359] - value = 
[INFO ][2016-01-21 12:52:47,071][com.java.TestType] [ 6911] - BEFORE CLICK
[INFO ][2016-01-21 12:52:47,977][com.java.TestType] [ 6919] - Unable to click the object click on add button
[INFO ][2016-01-21 12:52:47,977][com.java.TestType] [11716] -  RESULT true
[INFO ][2016-01-21 12:52:47,977][com.java.TestType] [11833] - ?   P A S S   ?
[DEBUG][2016-01-21 12:52:47,977][com.java.TestType] [11639] - Concept ID:9 :: Step being Executed: 9::9
[INFO ][2016-01-21 12:52:47,977][com.java.TestType] [11677] - dataFields : BTN//iframe[@class='frameTabContent']
[DEBUG][2016-01-21 12:52:47,977][com.java.TestType] [11683] - <In Set values of the page>
[DEBUG][2016-01-21 12:52:47,977][com.java.TestType] [11688] - {Data Fields & Data Values Exist}
[INFO ][2016-01-21 12:52:47,977][com.java.TestType] [11694] - --------------------------setting values-----------------------------
[INFO ][2016-01-21 12:52:47,977][com.java.TestType] [11697] - Action Type : waitforelement
[INFO ][2016-01-21 12:52:48,013][com.java.TestType] [11716] -  RESULT true
[INFO ][2016-01-21 12:52:48,013][com.java.TestType] [11833] - ?   P A S S   ?
[DEBUG][2016-01-21 12:52:48,013][com.java.TestType] [11639] - Concept ID:9 :: Step being Executed: 9::10
[ERROR][2016-01-21 12:52:48,014][com.java.TestType] [11672] - Exception: null
[INFO ][2016-01-21 12:52:48,014][com.java.TestType] [11677] - dataFields : BTN//iframe[@class='frameTabContent']
[DEBUG][2016-01-21 12:52:48,014][com.java.TestType] [11683] - <In Set values of the page>
[DEBUG][2016-01-21 12:52:48,014][com.java.TestType] [11688] - {Data Fields & Data Values Exist}
[INFO ][2016-01-21 12:52:48,014][com.java.TestType] [11694] - --------------------------setting values-----------------------------
[INFO ][2016-01-21 12:52:48,014][com.java.TestType] [11697] - Action Type : SELECTFRAME
[INFO ][2016-01-21 12:52:48,089][com.java.TestType] [11716] -  RESULT true
[INFO ][2016-01-21 12:52:48,089][com.java.TestType] [11833] - ?   P A S S   ?
[DEBUG][2016-01-21 12:52:48,089][com.java.TestType] [11639] - Concept ID:9 :: Step being Executed: 9::11
[INFO ][2016-01-21 12:52:48,089][com.java.TestType] [11677] - dataFields : null
[DEBUG][2016-01-21 12:52:48,089][com.java.TestType] [11683] - <In Set values of the page>
[INFO ][2016-01-21 12:52:48,090][com.java.TestType] [11833] - ?   P A S S   ?
[DEBUG][2016-01-21 12:52:48,090][com.java.TestType] [11639] - Concept ID:9 :: Step being Executed: 9::12
[INFO ][2016-01-21 12:52:48,090][com.java.TestType] [11677] - dataFields : EDT//div[@class='dataTables_filter']/label/input
[DEBUG][2016-01-21 12:52:48,090][com.java.TestType] [11683] - <In Set values of the page>
[DEBUG][2016-01-21 12:52:48,090][com.java.TestType] [11688] - {Data Fields & Data Values Exist}
[INFO ][2016-01-21 12:52:48,090][com.java.TestType] [11694] - --------------------------setting values-----------------------------
[INFO ][2016-01-21 12:52:48,090][com.java.TestType] [11697] - Action Type : CLEARANDENTER
[INFO ][2016-01-21 12:52:48,196][com.java.TestType] [ 6359] - value = #_CAL57027
[INFO ][2016-01-21 12:52:48,898][com.java.TestType] [11716] -  RESULT true
[INFO ][2016-01-21 12:52:48,898][com.java.TestType] [11833] - ?   P A S S   ?
[DEBUG][2016-01-21 12:52:48,898][com.java.TestType] [11639] - Concept ID:9 :: Step being Executed: 9::13
[INFO ][2016-01-21 12:52:48,898][com.java.TestType] [11677] - dataFields : null
[DEBUG][2016-01-21 12:52:48,898][com.java.TestType] [11683] - <In Set values of the page>
[INFO ][2016-01-21 12:52:48,898][com.java.TestType] [11833] - ?   P A S S   ?
[DEBUG][2016-01-21 12:52:48,899][com.java.TestType] [11639] - Concept ID:9 :: Step being Executed: 9::14
[INFO ][2016-01-21 12:52:48,899][com.java.TestType] [11677] - dataFields : HDC//td[contains(text(),'mytext')]/parent::tr/td[3]
[DEBUG][2016-01-21 12:52:48,899][com.java.TestType] [11683] - <In Set values of the page>
[DEBUG][2016-01-21 12:52:48,899][com.java.TestType] [11688] - {Data Fields & Data Values Exist}
[INFO ][2016-01-21 12:52:48,899][com.java.TestType] [11694] - --------------------------setting values-----------------------------
[INFO ][2016-01-21 12:52:48,899][com.java.TestType] [11697] - Action Type : click
[INFO ][2016-01-21 12:52:48,899][com.java.TestType] [ 6738] - Field ::HDC//td[contains(text(),'mytext')]/parent::tr/td[3]
[INFO ][2016-01-21 12:52:48,900][com.java.TestType] [ 6359] - value = #_keys
[INFO ][2016-01-21 12:52:49,995][com.java.TestType] [11716] -  RESULT true
[INFO ][2016-01-21 12:52:49,995][com.java.TestType] [11833] - ?   P A S S   ?
[DEBUG][2016-01-21 12:52:49,995][com.java.TestType] [11639] - Concept ID:9 :: Step being Executed: 9::15
[ERROR][2016-01-21 12:52:49,995][com.java.TestType] [11672] - Exception: null
[INFO ][2016-01-21 12:52:49,995][com.java.TestType] [11677] - dataFields : MTC//div[@class="actions"]//span[@class="glyphicon glyphicon-remove"]
[DEBUG][2016-01-21 12:52:49,995][com.java.TestType] [11683] - <In Set values of the page>
[DEBUG][2016-01-21 12:52:49,995][com.java.TestType] [11688] - {Data Fields & Data Values Exist}
[INFO ][2016-01-21 12:52:49,995][com.java.TestType] [11694] - --------------------------setting values-----------------------------
[INFO ][2016-01-21 12:52:49,996][com.java.TestType] [11697] - Action Type : CLICKWITHALERT
[ERROR][2016-01-21 12:52:50,050][com.java.TestType] [ 1841] - Exception in MTC click: JavaScript error (WARNING: The server did not provide any stacktrace information)
Command duration or timeout: 14 milliseconds
Build info: version: '2.48.2', revision: '41bccdd', time: '2015-10-09 19:59:12'
System info: host: 'FVTIII438F1D', ip: '172.17.68.34', os.name: 'Windows 7', os.arch: 'x86', os.version: '6.1', java.version: '1.7.0_55'
Session ID: cb50e3ce-3cf4-4a97-8a9b-87ad9509050a
Driver info: org.openqa.selenium.ie.InternetExplorerDriver
Capabilities [{platform=WINDOWS, javascriptEnabled=true, elementScrollBehavior=0, ignoreZoomSetting=false, enablePersistentHover=true, ie.ensureCleanSession=false, browserName=internet explorer, enableElementCacheCleanup=true, unexpectedAlertBehaviour=dismiss, version=10, ie.usePerProcessProxy=false, ignoreProtectedModeSettings=true, cssSelectorsEnabled=true, requireWindowFocus=false, initialBrowserUrl=http://localhost:47052/, handlesAlerts=true, ie.forceCreateProcessApi=false, nativeEvents=true, browserAttachTimeout=0, ie.browserCommandLineSwitches=, takesScreenshot=true}]
[INFO ][2016-01-21 12:52:50,050][com.java.TestType] [11716] -  RESULT false
[INFO ][2016-01-21 12:52:50,050][com.java.TestType] [11754] - ?   F A I L   ?
[DEBUG][2016-01-21 12:52:50,050][com.java.TestType] [11757] - Browser Type : IE10
[DEBUG][2016-01-21 12:52:50,051][com.java.TestType] [11639] - Concept ID:9 :: Step being Executed: 9::16
[INFO ][2016-01-21 12:52:50,051][com.java.TestType] [11677] - dataFields : EDT//div[@class='dataTables_filter']/label/input
[DEBUG][2016-01-21 12:52:50,051][com.java.TestType] [11683] - <In Set values of the page>
[DEBUG][2016-01-21 12:52:50,051][com.java.TestType] [11688] - {Data Fields & Data Values Exist}
[INFO ][2016-01-21 12:52:50,051][com.java.TestType] [11694] - --------------------------setting values-----------------------------
[INFO ][2016-01-21 12:52:50,051][com.java.TestType] [11697] - Action Type : CLEARANDENTER
[INFO ][2016-01-21 12:52:50,135][com.java.TestType] [ 6359] - value = #_CAL
[INFO ][2016-01-21 12:52:50,769][com.java.TestType] [11716] -  RESULT true
[INFO ][2016-01-21 12:52:50,769][com.java.TestType] [11833] - ?   P A S S   ?
[DEBUG][2016-01-21 12:52:50,769][com.java.TestType] [11639] - Concept ID:9 :: Step being Executed: 9::17
[ERROR][2016-01-21 12:52:50,769][com.java.TestType] [11672] - Exception: null
[INFO ][2016-01-21 12:52:50,769][com.java.TestType] [11677] - dataFields : MTC//div[@class="actions"]//span[@class="glyphicon glyphicon-remove"]
[DEBUG][2016-01-21 12:52:50,769][com.java.TestType] [11683] - <In Set values of the page>
[DEBUG][2016-01-21 12:52:50,769][com.java.TestType] [11688] - {Data Fields & Data Values Exist}
[INFO ][2016-01-21 12:52:50,770][com.java.TestType] [11694] - --------------------------setting values-----------------------------
[INFO ][2016-01-21 12:52:50,770][com.java.TestType] [11697] - Action Type : CLICKWITHALERT
[ERROR][2016-01-21 12:52:50,826][com.java.TestType] [ 1841] - Exception in MTC click: JavaScript error (WARNING: The server did not provide any stacktrace information)
Command duration or timeout: 15 milliseconds
Build info: version: '2.48.2', revision: '41bccdd', time: '2015-10-09 19:59:12'
System info: host: 'FVTIII438F1D', ip: '172.17.68.34', os.name: 'Windows 7', os.arch: 'x86', os.version: '6.1', java.version: '1.7.0_55'
Session ID: cb50e3ce-3cf4-4a97-8a9b-87ad9509050a
Driver info: org.openqa.selenium.ie.InternetExplorerDriver
Capabilities [{platform=WINDOWS, javascriptEnabled=true, elementScrollBehavior=0, ignoreZoomSetting=false, enablePersistentHover=true, ie.ensureCleanSession=false, browserName=internet explorer, enableElementCacheCleanup=true, unexpectedAlertBehaviour=dismiss, version=10, ie.usePerProcessProxy=false, ignoreProtectedModeSettings=true, cssSelectorsEnabled=true, requireWindowFocus=false, initialBrowserUrl=http://localhost:47052/, handlesAlerts=true, ie.forceCreateProcessApi=false, nativeEvents=true, browserAttachTimeout=0, ie.browserCommandLineSwitches=, takesScreenshot=true}]
[INFO ][2016-01-21 12:52:50,826][com.java.TestType] [11716] -  RESULT false
[INFO ][2016-01-21 12:52:50,826][com.java.TestType] [11754] - ?   F A I L   ?
[DEBUG][2016-01-21 12:52:50,826][com.java.TestType] [11757] - Browser Type : IE10
[DEBUG][2016-01-21 12:52:50,827][com.java.TestType] [11639] - Concept ID:9 :: Step being Executed: 9::18
[INFO ][2016-01-21 12:52:50,827][com.java.TestType] [11677] - dataFields : null
[DEBUG][2016-01-21 12:52:50,827][com.java.TestType] [11683] - <In Set values of the page>
[INFO ][2016-01-21 12:52:50,827][com.java.TestType] [11833] - ?   P A S S   ?
[DEBUG][2016-01-21 12:52:50,827][com.java.TestType] [11639] - Concept ID:9 :: Step being Executed: 9::19
[ERROR][2016-01-21 12:52:50,827][com.java.TestType] [11672] - Exception: null
[INFO ][2016-01-21 12:52:50,827][com.java.TestType] [11677] - dataFields : BTNparent
[DEBUG][2016-01-21 12:52:50,827][com.java.TestType] [11683] - <In Set values of the page>
[DEBUG][2016-01-21 12:52:50,827][com.java.TestType] [11688] - {Data Fields & Data Values Exist}
[INFO ][2016-01-21 12:52:50,827][com.java.TestType] [11694] - --------------------------setting values-----------------------------
[INFO ][2016-01-21 12:52:50,827][com.java.TestType] [11697] - Action Type : SELECTFRAME
[INFO ][2016-01-21 12:52:50,842][com.java.TestType] [11716] -  RESULT true
[INFO ][2016-01-21 12:52:50,842][com.java.TestType] [11833] - ?   P A S S   ?
[DEBUG][2016-01-21 12:52:50,842][com.java.TestType] [11639] - Concept ID:9 :: Step being Executed: 9::20
[INFO ][2016-01-21 12:52:50,842][com.java.TestType] [11677] - dataFields : XPH//div[contains(text(), 'My Dashboard')]
[DEBUG][2016-01-21 12:52:50,842][com.java.TestType] [11683] - <In Set values of the page>
[DEBUG][2016-01-21 12:52:50,842][com.java.TestType] [11688] - {Data Fields & Data Values Exist}
[INFO ][2016-01-21 12:52:50,842][com.java.TestType] [11694] - --------------------------setting values-----------------------------
[INFO ][2016-01-21 12:52:50,842][com.java.TestType] [11697] - Action Type : WAITFORELEMENT
[INFO ][2016-01-21 12:52:50,878][com.java.TestType] [11716] -  RESULT true
[INFO ][2016-01-21 12:52:50,878][com.java.TestType] [11833] - ?   P A S S   ?
[DEBUG][2016-01-21 12:52:50,878][com.java.TestType] [11639] - Concept ID:9 :: Step being Executed: 9::21
[INFO ][2016-01-21 12:52:50,878][com.java.TestType] [11677] - dataFields : BTN
[DEBUG][2016-01-21 12:52:50,878][com.java.TestType] [11683] - <In Set values of the page>
[DEBUG][2016-01-21 12:52:50,878][com.java.TestType] [11688] - {Data Fields & Data Values Exist}
[INFO ][2016-01-21 12:52:50,878][com.java.TestType] [11694] - --------------------------setting values-----------------------------
[INFO ][2016-01-21 12:52:50,878][com.java.TestType] [11697] - Action Type : Verify
[INFO ][2016-01-21 12:52:50,878][com.java.TestType] [ 7931] - field= BTN value= //div[contains(text(), 'My Dashboard')]
[INFO ][2016-01-21 12:52:50,878][com.java.TestType] [ 6359] - value = //div[contains(text(), 'My Dashboard')]
[INFO ][2016-01-21 12:52:50,947][com.java.TestType] [11716] -  RESULT true
[INFO ][2016-01-21 12:52:50,947][com.java.TestType] [11833] - ?   P A S S   ?
[INFO ][2016-01-21 12:52:50,947][com.java.TestType] [11904] - Looping End......
[INFO ][2016-01-21 12:52:50,948][com.java.SeleniumDriver] [  930] -  RESULT true
[INFO ][2016-01-21 12:52:50,949][com.java.SeleniumDriver] [ 1136] - ?   P A S S   ?
[DEBUG][2016-01-21 12:52:50,949][com.java.SeleniumDriver] [ 1248] - Case found
[DEBUG][2016-01-21 12:52:50,949][com.java.SeleniumDriver] [ 1253] - Incrementing ReportCounters[0]:2
[INFO ][2016-01-21 12:52:50,949][com.java.SeleniumDriver] [ 1272] - The results are-------------------[5, 1, Settings: Customize My Dashboards: Custom Calculations: Edit Custom Calculation Indicator, Pass, , Thu Jan 21 12:50:50 IST 2016, 5, 3, Settings: Customize My Dashboards: Custom Calculations: Edit Custom Calculation Indicator, Pass, , Thu Jan 21 12:50:55 IST 2016, 5, 4, Settings: Customize My Dashboards: Custom Calculations: Edit Custom Calculation Indicator, Pass, , Thu Jan 21 12:50:55 IST 2016, 5, 5, Settings: Customize My Dashboards: Custom Calculations: Edit Custom Calculation Indicator, Pass, , Thu Jan 21 12:51:22 IST 2016, 5, 6, Settings: Customize My Dashboards: Custom Calculations: Edit Custom Calculation Indicator, Pass, , Thu Jan 21 12:51:22 IST 2016, 5, 7, Settings: Customize My Dashboards: Custom Calculations: Edit Custom Calculation Indicator, Pass, , Thu Jan 21 12:51:22 IST 2016, 5, 8, Settings: Customize My Dashboards: Custom Calculations: Edit Custom Calculation Indicator, Pass, , Thu Jan 21 12:51:22 IST 2016, 5, 9, Settings: Customize My Dashboards: Custom Calculations: Edit Custom Calculation Indicator, Pass, , Thu Jan 21 12:51:22 IST 2016, 5, 10, Settings: Customize My Dashboards: Custom Calculations: Edit Custom Calculation Indicator, Pass, , Thu Jan 21 12:51:22 IST 2016, 5, 11, Settings: Customize My Dashboards: Custom Calculations: Edit Custom Calculation Indicator, Pass, , Thu Jan 21 12:51:23 IST 2016, 5, 12, Settings: Customize My Dashboards: Custom Calculations: Edit Custom Calculation Indicator, Pass, , Thu Jan 21 12:51:24 IST 2016, 5, 13, Settings: Customize My Dashboards: Custom Calculations: Edit Custom Calculation Indicator, Pass, , Thu Jan 21 12:51:24 IST 2016, 5, 14, Settings: Customize My Dashboards: Custom Calculations: Edit Custom Calculation Indicator, Pass, , Thu Jan 21 12:51:29 IST 2016, 5, 15, Settings: Customize My Dashboards: Custom Calculations: Edit Custom Calculation Indicator, Pass, , Thu Jan 21 12:52:12 IST 2016, 5, 16, Settings: Customize My Dashboards: Custom Calculations: Edit Custom Calculation Indicator, Pass, , Thu Jan 21 12:52:50 IST 2016]
[INFO ][2016-01-21 12:52:50,949][com.java.SeleniumDriver] [ 1276] - End time is-------2 min 51 sec
[INFO ][2016-01-21 12:52:50,949][com.java.SeleniumDriver] [ 1277] - The results are-------------------[5, 1, Settings: Customize My Dashboards: Custom Calculations: Edit Custom Calculation Indicator, Pass, , Thu Jan 21 12:50:50 IST 2016, 5, 3, Settings: Customize My Dashboards: Custom Calculations: Edit Custom Calculation Indicator, Pass, , Thu Jan 21 12:50:55 IST 2016, 5, 4, Settings: Customize My Dashboards: Custom Calculations: Edit Custom Calculation Indicator, Pass, , Thu Jan 21 12:50:55 IST 2016, 5, 5, Settings: Customize My Dashboards: Custom Calculations: Edit Custom Calculation Indicator, Pass, , Thu Jan 21 12:51:22 IST 2016, 5, 6, Settings: Customize My Dashboards: Custom Calculations: Edit Custom Calculation Indicator, Pass, , Thu Jan 21 12:51:22 IST 2016, 5, 7, Settings: Customize My Dashboards: Custom Calculations: Edit Custom Calculation Indicator, Pass, , Thu Jan 21 12:51:22 IST 2016, 5, 8, Settings: Customize My Dashboards: Custom Calculations: Edit Custom Calculation Indicator, Pass, , Thu Jan 21 12:51:22 IST 2016, 5, 9, Settings: Customize My Dashboards: Custom Calculations: Edit Custom Calculation Indicator, Pass, , Thu Jan 21 12:51:22 IST 2016, 5, 10, Settings: Customize My Dashboards: Custom Calculations: Edit Custom Calculation Indicator, Pass, , Thu Jan 21 12:51:22 IST 2016, 5, 11, Settings: Customize My Dashboards: Custom Calculations: Edit Custom Calculation Indicator, Pass, , Thu Jan 21 12:51:23 IST 2016, 5, 12, Settings: Customize My Dashboards: Custom Calculations: Edit Custom Calculation Indicator, Pass, , Thu Jan 21 12:51:24 IST 2016, 5, 13, Settings: Customize My Dashboards: Custom Calculations: Edit Custom Calculation Indicator, Pass, , Thu Jan 21 12:51:24 IST 2016, 5, 14, Settings: Customize My Dashboards: Custom Calculations: Edit Custom Calculation Indicator, Pass, , Thu Jan 21 12:51:29 IST 2016, 5, 15, Settings: Customize My Dashboards: Custom Calculations: Edit Custom Calculation Indicator, Pass, , Thu Jan 21 12:52:12 IST 2016, 5, 16, Settings: Customize My Dashboards: Custom Calculations: Edit Custom Calculation Indicator, Pass, , Thu Jan 21 12:52:50 IST 2016]
[DEBUG][2016-01-21 12:52:50,949][com.java.ImportnExport.ExportTestResultsExcel] [  222] - testResultPath = D:\BankersDashboard/TestReports/Test Results_BankersDashBoard_012116_125001_IE10_Any Bank USA.xls
[DEBUG][2016-01-21 12:52:50,949][com.java.ImportnExport.ExportTestResultsExcel] [  223] - browser is------------IE10
[DEBUG][2016-01-21 12:52:50,951][com.java.ImportnExport.ExportTestResultsExcel] [  270] - result.size() = 90
[DEBUG][2016-01-21 12:52:50,951][com.java.ImportnExport.ExportTestResultsExcel] [  274] - No of rows in sheet=2
[DEBUG][2016-01-21 12:52:50,951][com.java.ImportnExport.ExportTestResultsExcel] [  301] - ..in export..5
[DEBUG][2016-01-21 12:52:50,951][com.java.ImportnExport.ExportTestResultsExcel] [  301] - ..in export..Settings: Customize My Dashboards: Custom Calculations: Edit Custom Calculation Indicator
[DEBUG][2016-01-21 12:52:50,952][com.java.ImportnExport.ExportTestResultsExcel] [  301] - ..in export..Pass
[DEBUG][2016-01-21 12:52:50,952][com.java.ImportnExport.ExportTestResultsExcel] [  301] - ..in export..
[DEBUG][2016-01-21 12:52:50,952][com.java.ImportnExport.ExportTestResultsExcel] [  301] - ..in export..Thu Jan 21 12:50:50 IST 2016
[INFO ][2016-01-21 12:52:50,953][com.java.SeleniumDriver] [ 1337] - out loop:1 size:2 TestCases:[1, 5] testcases:[1, 5]
[INFO ][2016-01-21 12:52:52,953][com.java.SeleniumDriver] [ 1380] - Total Number of Cases:2
[INFO ][2016-01-21 12:52:52,953][com.java.TemplateGenerator] [  302] - Executed:2
[INFO ][2016-01-21 12:52:52,953][com.java.TemplateGenerator] [  303] - Passed:2
[INFO ][2016-01-21 12:52:52,953][com.java.TemplateGenerator] [  304] - Failed:0
[INFO ][2016-01-21 12:52:52,953][com.java.TemplateGenerator] [  305] - Skipeed:0
[INFO ][2016-01-21 12:52:52,953][com.java.TemplateGenerator] [  306] - Application URL:https://clients-xuat.bankersdashboard.com
[INFO ][2016-01-21 12:52:52,953][com.java.TemplateGenerator] [  307] - Start Time:012116_125001
[INFO ][2016-01-21 12:52:52,953][com.java.TemplateGenerator] [  308] -  Creating HTML Report 
[ERROR][2016-01-21 12:52:52,954][com.java.TemplateGenerator] [  409] - Unparseable date: "Thu Jan 21 12:50:01 IST 2016"
[INFO ][2016-01-21 12:52:52,956][com.java.TemplateGenerator] [  654] -  Exporting case :: 1
[INFO ][2016-01-21 12:52:52,956][com.java.TemplateGenerator] [  654] -  Exporting case :: 5
[INFO ][2016-01-21 12:52:52,965][com.java.SeleniumDriver] [ 1429] - End Time:012116_125252
[INFO ][2016-01-21 12:52:52,966][com.java.SeleniumDriver] [ 1432] - Data in Test Execution Details:{1=PASS, 5=PASS}
[INFO ][2016-01-21 12:52:52,966][com.java.SeleniumDriver] [ 1433] - Data in Failed Execution Deatils:{}
[INFO ][2016-01-21 12:52:52,966][com.java.SeleniumDriver] [ 1435] - ReportCounter:Total:2 :: PASS: 2 ::FAIL: 0
[INFO ][2016-01-21 12:52:52,966][com.java.SeleniumDriver] [ 1436] - FailedReportCounter:Total:0 :: PASS: 0 ::FAIL: 0
[INFO ][2016-01-21 12:52:52,973][com.java.EmailTestReport] [   63] - Sending report mail details:
[INFO ][2016-01-21 12:52:52,974][com.java.EmailTestReport] [   80] - Excel Report Path:D:\BankersDashboard/TestReports/Test Results_BankersDashBoard_012116_125001_IE10_Any Bank USA.xls
[INFO ][2016-01-21 12:52:52,974][com.java.EmailTestReport] [   81] - HTML Report Path:D:\BankersDashboard//TestReports//Test Results_BankersDashBoard_012116_125001_IE10_Any Bank USA.html
[INFO ][2016-01-21 12:52:52,974][com.java.EmailTestReport] [   82] - smtpHostName:mail01.valuelabs.com
[INFO ][2016-01-21 12:52:52,974][com.java.EmailTestReport] [   83] - Recipient:venkateswararao.gubbala@valuelabs.com;
[INFO ][2016-01-21 12:52:52,974][com.java.EmailTestReport] [   84] - From:venkateswararao.gubbala@valuelabs.com;
[INFO ][2016-01-21 12:52:52,974][com.java.EmailTestReport] [   85] - Subject:Deluxe Corp Bankers Dashboard Automation Test Report - Any Bank USA - IE10
[INFO ][2016-01-21 12:52:52,990][com.java.EmailTestReport] [  143] -  Added venkateswararao.gubbala@valuelabs.com
[INFO ][2016-01-21 12:52:56,103][com.java.SeleniumDriver] [  722] - quitting the browser 
[INFO ][2016-01-21 12:52:57,310][com.java.SeleniumDriver] [  264] - Execution Completed Stopping the thread
