[INFO ][2015-10-30 12:28:27,015][com.java.SeleniumDriver] [  213] - Execute Failed Casesfalse
[INFO ][2015-10-30 12:28:27,025][com.java.SeleniumDriver] [  214] - Browser: IE11
[INFO ][2015-10-30 12:28:27,025][com.java.SeleniumDriver] [  215] - [1, 4]
[INFO ][2015-10-30 12:28:27,025][com.java.SeleniumDriver] [  216] - Total TestCases:2
[INFO ][2015-10-30 12:28:27,025][com.java.SeleniumDriver] [  217] -  Reading Properties from Property File 
[DEBUG][2015-10-30 12:28:27,025][com.java.SeleniumDriver] [  238] - url : https://clients-xuat.bankersdashboard.com
[INFO ][2015-10-30 12:28:27,025][com.java.ImportnExport.ExportTestResultsExcel] [  116] - Time Stamp Fri Oct 30 12:28:27 IST 2015
[INFO ][2015-10-30 12:28:27,025][com.java.ImportnExport.ExportTestResultsExcel] [  175] - OUT FILE : D:\BankersDashboard/TestReports/Test Results_BankersDashBoard_103015_122827_IE11_Any Bank USA.xls
[INFO ][2015-10-30 12:28:27,056][com.java.ImportnExport.ExportTestResultsExcel] [  180] - Test Result file is created
[DEBUG][2015-10-30 12:28:27,156][com.java.SeleniumDriver] [  425] - Hub ip address is-------172.17.68.34
[INFO ][2015-10-30 12:28:27,156][com.java.SeleniumDriver] [  451] - Grid URL:http://172.17.68.34:4444/wd/hub
[INFO ][2015-10-30 12:28:27,156][com.java.SeleniumDriver] [  452] - Capability:Capabilities [{platform=ANY, ensureCleanSession=true, ignoreProtectedModeSettings=true, acceptSslCerts=true, ignoreZoomSetting=true, browserName=internet explorer, browserstack.ie.noFlash=true, version=Node1}]
[ERROR][2015-10-30 12:28:28,461][com.java.SeleniumDriver] [  496] - Unable invoke browser in grid:Could not start a new session. Possible causes are invalid address of the remote server or browser start-up failure.
Build info: version: '2.48.2', revision: '41bccdd', time: '2015-10-09 19:59:12'
System info: host: 'FVTIII438F1D', ip: '172.17.68.34', os.name: 'Windows 7', os.arch: 'x86', os.version: '6.1', java.version: '1.7.0_55'
Driver info: driver.version: SeleniumDriver
[INFO ][2015-10-30 12:28:28,461][com.java.SeleniumDriver] [  498] - Executing on local machine
[INFO ][2015-10-30 12:28:37,656][com.java.SeleniumDriver] [  248] - IE11is opened
[INFO ][2015-10-30 12:28:38,273][com.java.SeleniumDriver] [  752] - Test cases to be executed are: [1, 4]
[INFO ][2015-10-30 12:28:38,273][com.java.ImportnExport.ImportTestDataDetailsExcel] [   49] - test data details path===== D:\BankersDashboard\TestInputs\TestData.xls
[INFO ][2015-10-30 12:28:49,264][com.java.SeleniumDriver] [  788] - ------------------------------------------
[INFO ][2015-10-30 12:28:49,264][com.java.SeleniumDriver] [  789] - Test case being Executed: 1
[INFO ][2015-10-30 12:28:49,265][com.java.SeleniumDriver] [  800] - Test step:1
[INFO ][2015-10-30 12:28:49,265][com.java.SeleniumDriver] [  812] - Datavalue is----------Concept#1:1-14
[INFO ][2015-10-30 12:28:49,265][com.java.SeleniumDriver] [  836] - DataField : test
[INFO ][2015-10-30 12:28:49,265][com.java.SeleniumDriver] [  838] - DataValue : Concept#1:1-14
[INFO ][2015-10-30 12:28:49,265][com.java.SeleniumDriver] [  844] - <In Set values of the page>
[INFO ][2015-10-30 12:28:49,265][com.java.SeleniumDriver] [  847] - {Data Fields & Data Values Exist}
[INFO ][2015-10-30 12:28:49,265][com.java.SeleniumDriver] [  849] - --------------------------setting values-----------------------------
[INFO ][2015-10-30 12:28:49,265][com.java.SeleniumDriver] [  852] - Action Type : ExecuteTestCase
[INFO ][2015-10-30 12:28:49,295][com.java.TestType] [  411] - The Concept sheet name is ---------- Concept
[INFO ][2015-10-30 12:28:49,295][com.java.TestType] [  414] - The Concept ID  is ---------- 1
[DEBUG][2015-10-30 12:28:49,295][com.java.TestType] [  418] - Steps being executted in the Concept are: 1:14
[INFO ][2015-10-30 12:28:49,295][com.java.TestType] [  425] - Test data details path ---------- D:\BankersDashboard\TestInputs\TestData.xls
[INFO ][2015-10-30 12:28:49,312][com.java.TestType] [  456] -  str(1) = 1
[INFO ][2015-10-30 12:28:49,312][com.java.TestType] [  459] - Test case Id is---1
[INFO ][2015-10-30 12:28:49,312][com.java.TestType] [  461] - 1
[INFO ][2015-10-30 12:28:49,313][com.java.TestType] [  456] -  str(2) = 1
[INFO ][2015-10-30 12:28:49,315][com.java.TestType] [  508] - row values are--------{1=com.java.Objects.TestDataDetails@1ebe346}
[INFO ][2015-10-30 12:28:49,315][com.java.TestType] [  456] -  str(1) = 1
[INFO ][2015-10-30 12:28:49,315][com.java.TestType] [  459] - Test case Id is---1
[INFO ][2015-10-30 12:28:49,315][com.java.TestType] [  461] - 1
[INFO ][2015-10-30 12:28:49,315][com.java.TestType] [  456] -  str(2) = 2
[INFO ][2015-10-30 12:28:49,317][com.java.TestType] [  508] - row values are--------{1=com.java.Objects.TestDataDetails@1ebe346, 2=com.java.Objects.TestDataDetails@a5031d}
[INFO ][2015-10-30 12:28:49,317][com.java.TestType] [  456] -  str(1) = 1
[INFO ][2015-10-30 12:28:49,317][com.java.TestType] [  459] - Test case Id is---1
[INFO ][2015-10-30 12:28:49,317][com.java.TestType] [  461] - 1
[INFO ][2015-10-30 12:28:49,317][com.java.TestType] [  456] -  str(2) = 3
[INFO ][2015-10-30 12:28:49,319][com.java.TestType] [  508] - row values are--------{1=com.java.Objects.TestDataDetails@1ebe346, 2=com.java.Objects.TestDataDetails@a5031d, 3=com.java.Objects.TestDataDetails@452fb4}
[INFO ][2015-10-30 12:28:49,319][com.java.TestType] [  456] -  str(1) = 1
[INFO ][2015-10-30 12:28:49,319][com.java.TestType] [  459] - Test case Id is---1
[INFO ][2015-10-30 12:28:49,319][com.java.TestType] [  461] - 1
[INFO ][2015-10-30 12:28:49,319][com.java.TestType] [  456] -  str(2) = 4
[INFO ][2015-10-30 12:28:49,320][com.java.TestType] [  508] - row values are--------{1=com.java.Objects.TestDataDetails@1ebe346, 2=com.java.Objects.TestDataDetails@a5031d, 3=com.java.Objects.TestDataDetails@452fb4, 4=com.java.Objects.TestDataDetails@997b5c}
[INFO ][2015-10-30 12:28:49,321][com.java.TestType] [  456] -  str(1) = 1
[INFO ][2015-10-30 12:28:49,321][com.java.TestType] [  459] - Test case Id is---1
[INFO ][2015-10-30 12:28:49,321][com.java.TestType] [  461] - 1
[INFO ][2015-10-30 12:28:49,323][com.java.TestType] [  456] -  str(2) = 5
[INFO ][2015-10-30 12:28:49,324][com.java.TestType] [  508] - row values are--------{1=com.java.Objects.TestDataDetails@1ebe346, 2=com.java.Objects.TestDataDetails@a5031d, 3=com.java.Objects.TestDataDetails@452fb4, 4=com.java.Objects.TestDataDetails@997b5c, 5=com.java.Objects.TestDataDetails@9156c3}
[INFO ][2015-10-30 12:28:49,324][com.java.TestType] [  456] -  str(1) = 1
[INFO ][2015-10-30 12:28:49,324][com.java.TestType] [  459] - Test case Id is---1
[INFO ][2015-10-30 12:28:49,324][com.java.TestType] [  461] - 1
[INFO ][2015-10-30 12:28:49,324][com.java.TestType] [  456] -  str(2) = 6
[INFO ][2015-10-30 12:28:49,325][com.java.TestType] [  508] - row values are--------{1=com.java.Objects.TestDataDetails@1ebe346, 2=com.java.Objects.TestDataDetails@a5031d, 3=com.java.Objects.TestDataDetails@452fb4, 4=com.java.Objects.TestDataDetails@997b5c, 5=com.java.Objects.TestDataDetails@9156c3, 6=com.java.Objects.TestDataDetails@62a8d2}
[INFO ][2015-10-30 12:28:49,325][com.java.TestType] [  456] -  str(1) = 1
[INFO ][2015-10-30 12:28:49,326][com.java.TestType] [  459] - Test case Id is---1
[INFO ][2015-10-30 12:28:49,326][com.java.TestType] [  461] - 1
[INFO ][2015-10-30 12:28:49,326][com.java.TestType] [  456] -  str(2) = 7
[INFO ][2015-10-30 12:28:49,327][com.java.TestType] [  508] - row values are--------{1=com.java.Objects.TestDataDetails@1ebe346, 2=com.java.Objects.TestDataDetails@a5031d, 3=com.java.Objects.TestDataDetails@452fb4, 4=com.java.Objects.TestDataDetails@997b5c, 5=com.java.Objects.TestDataDetails@9156c3, 6=com.java.Objects.TestDataDetails@62a8d2, 7=com.java.Objects.TestDataDetails@6d5af1}
[INFO ][2015-10-30 12:28:49,327][com.java.TestType] [  456] -  str(1) = 1
[INFO ][2015-10-30 12:28:49,327][com.java.TestType] [  459] - Test case Id is---1
[INFO ][2015-10-30 12:28:49,327][com.java.TestType] [  461] - 1
[INFO ][2015-10-30 12:28:49,327][com.java.TestType] [  456] -  str(2) = 8
[INFO ][2015-10-30 12:28:49,328][com.java.TestType] [  508] - row values are--------{1=com.java.Objects.TestDataDetails@1ebe346, 2=com.java.Objects.TestDataDetails@a5031d, 3=com.java.Objects.TestDataDetails@452fb4, 4=com.java.Objects.TestDataDetails@997b5c, 5=com.java.Objects.TestDataDetails@9156c3, 6=com.java.Objects.TestDataDetails@62a8d2, 7=com.java.Objects.TestDataDetails@6d5af1, 8=com.java.Objects.TestDataDetails@111c0d7}
[INFO ][2015-10-30 12:28:49,328][com.java.TestType] [  456] -  str(1) = 1
[INFO ][2015-10-30 12:28:49,328][com.java.TestType] [  459] - Test case Id is---1
[INFO ][2015-10-30 12:28:49,328][com.java.TestType] [  461] - 1
[INFO ][2015-10-30 12:28:49,328][com.java.TestType] [  456] -  str(2) = 9
[INFO ][2015-10-30 12:28:49,329][com.java.TestType] [  508] - row values are--------{1=com.java.Objects.TestDataDetails@1ebe346, 2=com.java.Objects.TestDataDetails@a5031d, 3=com.java.Objects.TestDataDetails@452fb4, 4=com.java.Objects.TestDataDetails@997b5c, 5=com.java.Objects.TestDataDetails@9156c3, 6=com.java.Objects.TestDataDetails@62a8d2, 7=com.java.Objects.TestDataDetails@6d5af1, 8=com.java.Objects.TestDataDetails@111c0d7, 9=com.java.Objects.TestDataDetails@dc8a29}
[INFO ][2015-10-30 12:28:49,329][com.java.TestType] [  456] -  str(1) = 1
[INFO ][2015-10-30 12:28:49,330][com.java.TestType] [  459] - Test case Id is---1
[INFO ][2015-10-30 12:28:49,330][com.java.TestType] [  461] - 1
[INFO ][2015-10-30 12:28:49,330][com.java.TestType] [  456] -  str(2) = 10
[INFO ][2015-10-30 12:28:49,331][com.java.TestType] [  508] - row values are--------{1=com.java.Objects.TestDataDetails@1ebe346, 2=com.java.Objects.TestDataDetails@a5031d, 3=com.java.Objects.TestDataDetails@452fb4, 4=com.java.Objects.TestDataDetails@997b5c, 5=com.java.Objects.TestDataDetails@9156c3, 6=com.java.Objects.TestDataDetails@62a8d2, 7=com.java.Objects.TestDataDetails@6d5af1, 8=com.java.Objects.TestDataDetails@111c0d7, 9=com.java.Objects.TestDataDetails@dc8a29, 10=com.java.Objects.TestDataDetails@1192410}
[INFO ][2015-10-30 12:28:49,331][com.java.TestType] [  456] -  str(1) = 1
[INFO ][2015-10-30 12:28:49,331][com.java.TestType] [  459] - Test case Id is---1
[INFO ][2015-10-30 12:28:49,331][com.java.TestType] [  461] - 1
[INFO ][2015-10-30 12:28:49,331][com.java.TestType] [  456] -  str(2) = 11
[INFO ][2015-10-30 12:28:49,333][com.java.TestType] [  508] - row values are--------{1=com.java.Objects.TestDataDetails@1ebe346, 2=com.java.Objects.TestDataDetails@a5031d, 3=com.java.Objects.TestDataDetails@452fb4, 4=com.java.Objects.TestDataDetails@997b5c, 5=com.java.Objects.TestDataDetails@9156c3, 6=com.java.Objects.TestDataDetails@62a8d2, 7=com.java.Objects.TestDataDetails@6d5af1, 8=com.java.Objects.TestDataDetails@111c0d7, 9=com.java.Objects.TestDataDetails@dc8a29, 10=com.java.Objects.TestDataDetails@1192410, 11=com.java.Objects.TestDataDetails@1eeb332}
[INFO ][2015-10-30 12:28:49,334][com.java.TestType] [  456] -  str(1) = 1
[INFO ][2015-10-30 12:28:49,334][com.java.TestType] [  459] - Test case Id is---1
[INFO ][2015-10-30 12:28:49,334][com.java.TestType] [  461] - 1
[INFO ][2015-10-30 12:28:49,334][com.java.TestType] [  456] -  str(2) = 12
[INFO ][2015-10-30 12:28:49,335][com.java.TestType] [  508] - row values are--------{1=com.java.Objects.TestDataDetails@1ebe346, 2=com.java.Objects.TestDataDetails@a5031d, 3=com.java.Objects.TestDataDetails@452fb4, 4=com.java.Objects.TestDataDetails@997b5c, 5=com.java.Objects.TestDataDetails@9156c3, 6=com.java.Objects.TestDataDetails@62a8d2, 7=com.java.Objects.TestDataDetails@6d5af1, 8=com.java.Objects.TestDataDetails@111c0d7, 9=com.java.Objects.TestDataDetails@dc8a29, 10=com.java.Objects.TestDataDetails@1192410, 11=com.java.Objects.TestDataDetails@1eeb332, 12=com.java.Objects.TestDataDetails@8ed249}
[INFO ][2015-10-30 12:28:49,335][com.java.TestType] [  456] -  str(1) = 1
[INFO ][2015-10-30 12:28:49,335][com.java.TestType] [  459] - Test case Id is---1
[INFO ][2015-10-30 12:28:49,335][com.java.TestType] [  461] - 1
[INFO ][2015-10-30 12:28:49,335][com.java.TestType] [  456] -  str(2) = 13
[INFO ][2015-10-30 12:28:49,336][com.java.TestType] [  508] - row values are--------{1=com.java.Objects.TestDataDetails@1ebe346, 2=com.java.Objects.TestDataDetails@a5031d, 3=com.java.Objects.TestDataDetails@452fb4, 4=com.java.Objects.TestDataDetails@997b5c, 5=com.java.Objects.TestDataDetails@9156c3, 6=com.java.Objects.TestDataDetails@62a8d2, 7=com.java.Objects.TestDataDetails@6d5af1, 8=com.java.Objects.TestDataDetails@111c0d7, 9=com.java.Objects.TestDataDetails@dc8a29, 10=com.java.Objects.TestDataDetails@1192410, 11=com.java.Objects.TestDataDetails@1eeb332, 12=com.java.Objects.TestDataDetails@8ed249, 13=com.java.Objects.TestDataDetails@2d1d1e}
[INFO ][2015-10-30 12:28:49,336][com.java.TestType] [  456] -  str(1) = 1
[INFO ][2015-10-30 12:28:49,336][com.java.TestType] [  459] - Test case Id is---1
[INFO ][2015-10-30 12:28:49,336][com.java.TestType] [  461] - 1
[INFO ][2015-10-30 12:28:49,336][com.java.TestType] [  456] -  str(2) = 14
[INFO ][2015-10-30 12:28:49,337][com.java.TestType] [  508] - row values are--------{1=com.java.Objects.TestDataDetails@1ebe346, 2=com.java.Objects.TestDataDetails@a5031d, 3=com.java.Objects.TestDataDetails@452fb4, 4=com.java.Objects.TestDataDetails@997b5c, 5=com.java.Objects.TestDataDetails@9156c3, 6=com.java.Objects.TestDataDetails@62a8d2, 7=com.java.Objects.TestDataDetails@6d5af1, 8=com.java.Objects.TestDataDetails@111c0d7, 9=com.java.Objects.TestDataDetails@dc8a29, 10=com.java.Objects.TestDataDetails@1192410, 11=com.java.Objects.TestDataDetails@1eeb332, 12=com.java.Objects.TestDataDetails@8ed249, 13=com.java.Objects.TestDataDetails@2d1d1e, 14=com.java.Objects.TestDataDetails@1dc598b}
[INFO ][2015-10-30 12:28:49,337][com.java.TestType] [ 7898] - Looping 1TCID = 1
[DEBUG][2015-10-30 12:28:49,337][com.java.TestType] [ 7939] - Concept ID:1 :: Step being Executed: 1::1
[INFO ][2015-10-30 12:28:49,337][com.java.TestType] [ 7977] - dataFields : TXTusername
[DEBUG][2015-10-30 12:28:49,338][com.java.TestType] [ 7983] - <In Set values of the page>
[DEBUG][2015-10-30 12:28:49,338][com.java.TestType] [ 7988] - {Data Fields & Data Values Exist}
[INFO ][2015-10-30 12:28:49,338][com.java.TestType] [ 7994] - --------------------------setting values-----------------------------
[INFO ][2015-10-30 12:28:49,338][com.java.TestType] [ 7997] - Action Type : CLEARANDENTER
[INFO ][2015-10-30 12:28:49,338][com.java.TestType] [ 3749] - value = naresh.nayini.00000
[INFO ][2015-10-30 12:28:54,197][com.java.TestType] [ 8016] -  RESULT true
[INFO ][2015-10-30 12:28:54,197][com.java.TestType] [ 8133] - ?   P A S S   ?
[DEBUG][2015-10-30 12:28:54,197][com.java.TestType] [ 7939] - Concept ID:1 :: Step being Executed: 1::2
[INFO ][2015-10-30 12:28:54,197][com.java.TestType] [ 7977] - dataFields : TXTpassword
[DEBUG][2015-10-30 12:28:54,197][com.java.TestType] [ 7983] - <In Set values of the page>
[DEBUG][2015-10-30 12:28:54,197][com.java.TestType] [ 7988] - {Data Fields & Data Values Exist}
[INFO ][2015-10-30 12:28:54,197][com.java.TestType] [ 7994] - --------------------------setting values-----------------------------
[INFO ][2015-10-30 12:28:54,197][com.java.TestType] [ 7997] - Action Type : CLEARANDENTER
[INFO ][2015-10-30 12:28:54,197][com.java.TestType] [ 3749] - value = Password1*
[INFO ][2015-10-30 12:28:59,167][com.java.TestType] [ 8016] -  RESULT true
[INFO ][2015-10-30 12:28:59,167][com.java.TestType] [ 8133] - ?   P A S S   ?
[DEBUG][2015-10-30 12:28:59,167][com.java.TestType] [ 7939] - Concept ID:1 :: Step being Executed: 1::3
[ERROR][2015-10-30 12:28:59,167][com.java.TestType] [ 7972] - Exception: null
[INFO ][2015-10-30 12:28:59,167][com.java.TestType] [ 7977] - dataFields : XPH//button[@type='submit']
[DEBUG][2015-10-30 12:28:59,167][com.java.TestType] [ 7983] - <In Set values of the page>
[DEBUG][2015-10-30 12:28:59,167][com.java.TestType] [ 7988] - {Data Fields & Data Values Exist}
[INFO ][2015-10-30 12:28:59,167][com.java.TestType] [ 7994] - --------------------------setting values-----------------------------
[INFO ][2015-10-30 12:28:59,167][com.java.TestType] [ 7997] - Action Type : Click
[INFO ][2015-10-30 12:28:59,167][com.java.TestType] [ 4062] - Field ::XPH//button[@type='submit']
[INFO ][2015-10-30 12:29:00,168][com.java.TestType] [ 4121] - BEFORE CLICK
[INFO ][2015-10-30 12:29:01,030][com.java.TestType] [ 4129] - Unable to click the object Login
[INFO ][2015-10-30 12:29:01,030][com.java.TestType] [ 8016] -  RESULT true
[INFO ][2015-10-30 12:29:01,030][com.java.TestType] [ 8133] - ?   P A S S   ?
[DEBUG][2015-10-30 12:29:01,030][com.java.TestType] [ 7939] - Concept ID:1 :: Step being Executed: 1::4
[INFO ][2015-10-30 12:29:01,030][com.java.TestType] [ 7977] - dataFields : LNKLogout
[DEBUG][2015-10-30 12:29:01,030][com.java.TestType] [ 7983] - <In Set values of the page>
[DEBUG][2015-10-30 12:29:01,030][com.java.TestType] [ 7988] - {Data Fields & Data Values Exist}
[INFO ][2015-10-30 12:29:01,030][com.java.TestType] [ 7994] - --------------------------setting values-----------------------------
[INFO ][2015-10-30 12:29:01,030][com.java.TestType] [ 7997] - Action Type : WaitForElement
[INFO ][2015-10-30 12:29:06,021][com.java.TestType] [ 8016] -  RESULT true
[INFO ][2015-10-30 12:29:06,021][com.java.TestType] [ 8133] - ?   P A S S   ?
[DEBUG][2015-10-30 12:29:06,021][com.java.TestType] [ 7939] - Concept ID:1 :: Step being Executed: 1::13
[INFO ][2015-10-30 12:29:06,021][com.java.TestType] [ 7977] - dataFields : LGN
[DEBUG][2015-10-30 12:29:06,021][com.java.TestType] [ 7983] - <In Set values of the page>
[DEBUG][2015-10-30 12:29:06,021][com.java.TestType] [ 7988] - {Data Fields & Data Values Exist}
[INFO ][2015-10-30 12:29:06,021][com.java.TestType] [ 7994] - --------------------------setting values-----------------------------
[INFO ][2015-10-30 12:29:06,021][com.java.TestType] [ 7997] - Action Type : Verify
[INFO ][2015-10-30 12:29:06,021][com.java.TestType] [ 4875] - field= LGN value= Username
[INFO ][2015-10-30 12:29:06,021][com.java.TestType] [ 3749] - value = Username
[INFO ][2015-10-30 12:29:06,162][com.java.TestType] [ 8016] -  RESULT true
[INFO ][2015-10-30 12:29:06,162][com.java.TestType] [ 8133] - ?   P A S S   ?
[DEBUG][2015-10-30 12:29:06,162][com.java.TestType] [ 7939] - Concept ID:1 :: Step being Executed: 1::14
[INFO ][2015-10-30 12:29:06,162][com.java.TestType] [ 7977] - dataFields : BTN
[DEBUG][2015-10-30 12:29:06,162][com.java.TestType] [ 7983] - <In Set values of the page>
[DEBUG][2015-10-30 12:29:06,162][com.java.TestType] [ 7988] - {Data Fields & Data Values Exist}
[INFO ][2015-10-30 12:29:06,162][com.java.TestType] [ 7994] - --------------------------setting values-----------------------------
[INFO ][2015-10-30 12:29:06,162][com.java.TestType] [ 7997] - Action Type : Verify
[INFO ][2015-10-30 12:29:06,162][com.java.TestType] [ 4875] - field= BTN value= //img[contains(@src,'bdlogo.jpg')]
[INFO ][2015-10-30 12:29:06,162][com.java.TestType] [ 3749] - value = //img[contains(@src,'bdlogo.jpg')]
[INFO ][2015-10-30 12:29:06,192][com.java.TestType] [ 8016] -  RESULT true
[INFO ][2015-10-30 12:29:06,192][com.java.TestType] [ 8133] - ?   P A S S   ?
[INFO ][2015-10-30 12:29:06,192][com.java.TestType] [ 8204] - Looping End......
[INFO ][2015-10-30 12:29:06,192][com.java.SeleniumDriver] [  861] -  RESULT true
[INFO ][2015-10-30 12:29:06,192][com.java.SeleniumDriver] [ 1066] - ?   P A S S   ?
[INFO ][2015-10-30 12:29:06,192][com.java.SeleniumDriver] [  788] - ------------------------------------------
[INFO ][2015-10-30 12:29:06,192][com.java.SeleniumDriver] [  789] - Test case being Executed: 1
[INFO ][2015-10-30 12:29:06,192][com.java.SeleniumDriver] [  800] - Test step:2
[INFO ][2015-10-30 12:29:06,192][com.java.SeleniumDriver] [  812] - Datavalue is----------Concept#2:1-2
[INFO ][2015-10-30 12:29:06,192][com.java.SeleniumDriver] [  836] - DataField : test
[INFO ][2015-10-30 12:29:06,192][com.java.SeleniumDriver] [  838] - DataValue : Concept#2:1-2
[INFO ][2015-10-30 12:29:06,192][com.java.SeleniumDriver] [  844] - <In Set values of the page>
[INFO ][2015-10-30 12:29:06,192][com.java.SeleniumDriver] [  847] - {Data Fields & Data Values Exist}
[INFO ][2015-10-30 12:29:06,192][com.java.SeleniumDriver] [  849] - --------------------------setting values-----------------------------
[INFO ][2015-10-30 12:29:06,192][com.java.SeleniumDriver] [  852] - Action Type : ExecuteTestCase
[INFO ][2015-10-30 12:29:06,202][com.java.TestType] [  411] - The Concept sheet name is ---------- Concept
[INFO ][2015-10-30 12:29:06,202][com.java.TestType] [  414] - The Concept ID  is ---------- 2
[DEBUG][2015-10-30 12:29:06,202][com.java.TestType] [  418] - Steps being executted in the Concept are: 1:2
[INFO ][2015-10-30 12:29:06,202][com.java.TestType] [  425] - Test data details path ---------- D:\BankersDashboard\TestInputs\TestData.xls
[INFO ][2015-10-30 12:29:06,232][com.java.TestType] [  456] -  str(1) = 2
[INFO ][2015-10-30 12:29:06,232][com.java.TestType] [  459] - Test case Id is---2
[INFO ][2015-10-30 12:29:06,232][com.java.TestType] [  461] - 2
[INFO ][2015-10-30 12:29:06,232][com.java.TestType] [  456] -  str(2) = 1
[INFO ][2015-10-30 12:29:06,232][com.java.TestType] [  508] - row values are--------{1=com.java.Objects.TestDataDetails@1d0b050}
[INFO ][2015-10-30 12:29:06,232][com.java.TestType] [  456] -  str(1) = 2
[INFO ][2015-10-30 12:29:06,232][com.java.TestType] [  459] - Test case Id is---2
[INFO ][2015-10-30 12:29:06,232][com.java.TestType] [  461] - 2
[INFO ][2015-10-30 12:29:06,232][com.java.TestType] [  456] -  str(2) = 2
[INFO ][2015-10-30 12:29:06,232][com.java.TestType] [  508] - row values are--------{1=com.java.Objects.TestDataDetails@1d0b050, 2=com.java.Objects.TestDataDetails@f04d6b}
[INFO ][2015-10-30 12:29:06,232][com.java.TestType] [  456] -  str(1) = 2
[INFO ][2015-10-30 12:29:06,232][com.java.TestType] [  459] - Test case Id is---2
[INFO ][2015-10-30 12:29:06,232][com.java.TestType] [  461] - 2
[INFO ][2015-10-30 12:29:06,232][com.java.TestType] [  456] -  str(2) = 3
[INFO ][2015-10-30 12:29:06,232][com.java.TestType] [  508] - row values are--------{1=com.java.Objects.TestDataDetails@1d0b050, 2=com.java.Objects.TestDataDetails@f04d6b, 3=com.java.Objects.TestDataDetails@5fffe}
[INFO ][2015-10-30 12:29:06,232][com.java.TestType] [ 7898] - Looping 1TCID = 2
[DEBUG][2015-10-30 12:29:06,232][com.java.TestType] [ 7939] - Concept ID:2 :: Step being Executed: 2::1
[INFO ][2015-10-30 12:29:06,232][com.java.TestType] [ 7977] - dataFields : BNK//select[@id='bank']
[DEBUG][2015-10-30 12:29:06,232][com.java.TestType] [ 7983] - <In Set values of the page>
[DEBUG][2015-10-30 12:29:06,232][com.java.TestType] [ 7988] - {Data Fields & Data Values Exist}
[INFO ][2015-10-30 12:29:06,232][com.java.TestType] [ 7994] - --------------------------setting values-----------------------------
[INFO ][2015-10-30 12:29:06,232][com.java.TestType] [ 7997] - Action Type : Select
[INFO ][2015-10-30 12:29:06,232][com.java.TestType] [ 3749] - value = PFC
[INFO ][2015-10-30 12:29:06,417][com.java.TestType] [ 8016] -  RESULT true
[INFO ][2015-10-30 12:29:06,417][com.java.TestType] [ 8133] - ?   P A S S   ?
[DEBUG][2015-10-30 12:29:06,417][com.java.TestType] [ 7939] - Concept ID:2 :: Step being Executed: 2::2
[INFO ][2015-10-30 12:29:06,417][com.java.TestType] [ 7977] - dataFields : LNKLogout
[DEBUG][2015-10-30 12:29:06,417][com.java.TestType] [ 7983] - <In Set values of the page>
[DEBUG][2015-10-30 12:29:06,417][com.java.TestType] [ 7988] - {Data Fields & Data Values Exist}
[INFO ][2015-10-30 12:29:06,417][com.java.TestType] [ 7994] - --------------------------setting values-----------------------------
[INFO ][2015-10-30 12:29:06,417][com.java.TestType] [ 7997] - Action Type : WaitTime
[DEBUG][2015-10-30 12:29:06,417][com.java.TestType] [ 3653] - sleepTime: 5000
[INFO ][2015-10-30 12:29:11,412][com.java.TestType] [ 8016] -  RESULT true
[INFO ][2015-10-30 12:29:11,412][com.java.TestType] [ 8133] - ?   P A S S   ?
[INFO ][2015-10-30 12:29:11,412][com.java.TestType] [ 8204] - Looping End......
[INFO ][2015-10-30 12:29:11,413][com.java.SeleniumDriver] [  861] -  RESULT true
[INFO ][2015-10-30 12:29:11,413][com.java.SeleniumDriver] [ 1066] - ?   P A S S   ?
[INFO ][2015-10-30 12:29:11,413][com.java.SeleniumDriver] [  788] - ------------------------------------------
[INFO ][2015-10-30 12:29:11,413][com.java.SeleniumDriver] [  789] - Test case being Executed: 1
[INFO ][2015-10-30 12:29:11,413][com.java.SeleniumDriver] [  800] - Test step:3
[INFO ][2015-10-30 12:29:11,413][com.java.SeleniumDriver] [  812] - Datavalue is----------2
[INFO ][2015-10-30 12:29:11,413][com.java.SeleniumDriver] [  836] - DataField : XPH//button[contains(text(),'Add Content')]
[INFO ][2015-10-30 12:29:11,413][com.java.SeleniumDriver] [  838] - DataValue : 2
[INFO ][2015-10-30 12:29:11,413][com.java.SeleniumDriver] [  844] - <In Set values of the page>
[INFO ][2015-10-30 12:29:11,413][com.java.SeleniumDriver] [  847] - {Data Fields & Data Values Exist}
[INFO ][2015-10-30 12:29:11,413][com.java.SeleniumDriver] [  849] - --------------------------setting values-----------------------------
[INFO ][2015-10-30 12:29:11,413][com.java.SeleniumDriver] [  852] - Action Type : WAITFORELEMENT
[INFO ][2015-10-30 12:29:11,463][com.java.SeleniumDriver] [  861] -  RESULT true
[INFO ][2015-10-30 12:29:11,463][com.java.SeleniumDriver] [ 1066] - ?   P A S S   ?
[DEBUG][2015-10-30 12:29:11,463][com.java.SeleniumDriver] [ 1168] - Case found
[DEBUG][2015-10-30 12:29:11,463][com.java.SeleniumDriver] [ 1173] - Incrementing ReportCounters[0]:1
[INFO ][2015-10-30 12:29:11,463][com.java.SeleniumDriver] [ 1192] - The results are-------------------[1, 1, Valid Login, Pass, , Fri Oct 30 12:29:06 IST 2015, 1, 2, Valid Login, Pass, , Fri Oct 30 12:29:11 IST 2015, 1, 3, Add Custom Calculation Indicator to Start Page, Pass, , Fri Oct 30 12:29:11 IST 2015]
[INFO ][2015-10-30 12:29:11,463][com.java.SeleniumDriver] [ 1196] - End time is-------46 sec
[INFO ][2015-10-30 12:29:11,463][com.java.SeleniumDriver] [ 1197] - The results are-------------------[1, 1, Valid Login, Pass, , Fri Oct 30 12:29:06 IST 2015, 1, 2, Valid Login, Pass, , Fri Oct 30 12:29:11 IST 2015, 1, 3, Add Custom Calculation Indicator to Start Page, Pass, , Fri Oct 30 12:29:11 IST 2015]
[DEBUG][2015-10-30 12:29:11,463][com.java.ImportnExport.ExportTestResultsExcel] [  222] - testResultPath = D:\BankersDashboard/TestReports/Test Results_BankersDashBoard_103015_122827_IE11_Any Bank USA.xls
[DEBUG][2015-10-30 12:29:11,463][com.java.ImportnExport.ExportTestResultsExcel] [  223] - browser is------------IE11
[DEBUG][2015-10-30 12:29:11,503][com.java.ImportnExport.ExportTestResultsExcel] [  270] - result.size() = 18
[DEBUG][2015-10-30 12:29:11,503][com.java.ImportnExport.ExportTestResultsExcel] [  274] - No of rows in sheet=1
[DEBUG][2015-10-30 12:29:11,503][com.java.ImportnExport.ExportTestResultsExcel] [  301] - ..in export..1
[DEBUG][2015-10-30 12:29:11,503][com.java.ImportnExport.ExportTestResultsExcel] [  301] - ..in export..Valid Login
[DEBUG][2015-10-30 12:29:11,503][com.java.ImportnExport.ExportTestResultsExcel] [  301] - ..in export..Pass
[DEBUG][2015-10-30 12:29:11,503][com.java.ImportnExport.ExportTestResultsExcel] [  301] - ..in export..
[DEBUG][2015-10-30 12:29:11,503][com.java.ImportnExport.ExportTestResultsExcel] [  301] - ..in export..Fri Oct 30 12:29:06 IST 2015
[INFO ][2015-10-30 12:29:11,503][com.java.SeleniumDriver] [ 1255] - out loop:0 size:2 TestCases:[1, 4] testcases:[1, 4]
[INFO ][2015-10-30 12:29:11,503][com.java.ImportnExport.ImportTestDataDetailsExcel] [   49] - test data details path===== D:\BankersDashboard\TestInputs\TestData.xls
[INFO ][2015-10-30 12:29:28,384][com.java.SeleniumDriver] [  788] - ------------------------------------------
[INFO ][2015-10-30 12:29:28,384][com.java.SeleniumDriver] [  789] - Test case being Executed: 4
[WARN ][2015-10-30 12:29:28,384][com.java.SeleniumDriver] [  793] - -----------------------Step Skipped:: 	TestCaseNo:  4	 StepNo: 0  	::	Action Type:  a 	::		ClientName In TestData:  "A" 	::	ClientName in config:  "Any Bank USA"-----------------------------
[INFO ][2015-10-30 12:29:28,384][com.java.SeleniumDriver] [  788] - ------------------------------------------
[INFO ][2015-10-30 12:29:28,384][com.java.SeleniumDriver] [  789] - Test case being Executed: 4
[INFO ][2015-10-30 12:29:28,384][com.java.SeleniumDriver] [  800] - Test step:1
[INFO ][2015-10-30 12:29:28,384][com.java.SeleniumDriver] [  812] - Datavalue is----------null
[DEBUG][2015-10-30 12:29:28,384][com.java.SeleniumDriver] [  830] - Exception: null
[INFO ][2015-10-30 12:29:28,384][com.java.SeleniumDriver] [  836] - DataField : //span[@class='icon-stack']&&//ul[@id='ReportPackages']/li[2]/a
[INFO ][2015-10-30 12:29:28,384][com.java.SeleniumDriver] [  838] - DataValue : 
[INFO ][2015-10-30 12:29:28,384][com.java.SeleniumDriver] [  844] - <In Set values of the page>
[INFO ][2015-10-30 12:29:28,384][com.java.SeleniumDriver] [  847] - {Data Fields & Data Values Exist}
[INFO ][2015-10-30 12:29:28,384][com.java.SeleniumDriver] [  849] - --------------------------setting values-----------------------------
[INFO ][2015-10-30 12:29:28,384][com.java.SeleniumDriver] [  852] - Action Type : MOUSEOVER
[INFO ][2015-10-30 12:29:38,195][com.java.SeleniumDriver] [  861] -  RESULT true
[INFO ][2015-10-30 12:29:38,195][com.java.SeleniumDriver] [ 1066] - ?   P A S S   ?
[INFO ][2015-10-30 12:29:38,195][com.java.SeleniumDriver] [  788] - ------------------------------------------
[INFO ][2015-10-30 12:29:38,195][com.java.SeleniumDriver] [  789] - Test case being Executed: 4
[INFO ][2015-10-30 12:29:38,195][com.java.SeleniumDriver] [  800] - Test step:2
[INFO ][2015-10-30 12:29:38,195][com.java.SeleniumDriver] [  812] - Datavalue is----------3
[INFO ][2015-10-30 12:29:38,195][com.java.SeleniumDriver] [  836] - DataField : BTNdivHelpText
[INFO ][2015-10-30 12:29:38,195][com.java.SeleniumDriver] [  838] - DataValue : 3
[INFO ][2015-10-30 12:29:38,195][com.java.SeleniumDriver] [  844] - <In Set values of the page>
[INFO ][2015-10-30 12:29:38,195][com.java.SeleniumDriver] [  847] - {Data Fields & Data Values Exist}
[INFO ][2015-10-30 12:29:38,195][com.java.SeleniumDriver] [  849] - --------------------------setting values-----------------------------
[INFO ][2015-10-30 12:29:38,195][com.java.SeleniumDriver] [  852] - Action Type : WAITFORELEMENT
[INFO ][2015-10-30 12:29:39,405][com.java.SeleniumDriver] [  861] -  RESULT true
[INFO ][2015-10-30 12:29:39,405][com.java.SeleniumDriver] [ 1066] - ?   P A S S   ?
[INFO ][2015-10-30 12:29:39,405][com.java.SeleniumDriver] [  788] - ------------------------------------------
[INFO ][2015-10-30 12:29:39,405][com.java.SeleniumDriver] [  789] - Test case being Executed: 4
[INFO ][2015-10-30 12:29:39,405][com.java.SeleniumDriver] [  800] - Test step:3
[INFO ][2015-10-30 12:29:39,405][com.java.SeleniumDriver] [  812] - Datavalue is----------null
[DEBUG][2015-10-30 12:29:39,405][com.java.SeleniumDriver] [  830] - Exception: null
[INFO ][2015-10-30 12:29:39,405][com.java.SeleniumDriver] [  836] - DataField : BTNframeDialogContent
[INFO ][2015-10-30 12:29:39,405][com.java.SeleniumDriver] [  838] - DataValue : 
[INFO ][2015-10-30 12:29:39,405][com.java.SeleniumDriver] [  844] - <In Set values of the page>
[INFO ][2015-10-30 12:29:39,405][com.java.SeleniumDriver] [  847] - {Data Fields & Data Values Exist}
[INFO ][2015-10-30 12:29:39,405][com.java.SeleniumDriver] [  849] - --------------------------setting values-----------------------------
[INFO ][2015-10-30 12:29:39,405][com.java.SeleniumDriver] [  852] - Action Type : SELECTFRAME
[INFO ][2015-10-30 12:29:40,656][com.java.SeleniumDriver] [  861] -  RESULT true
[INFO ][2015-10-30 12:29:40,656][com.java.SeleniumDriver] [ 1066] - ?   P A S S   ?
[INFO ][2015-10-30 12:29:40,656][com.java.SeleniumDriver] [  788] - ------------------------------------------
[INFO ][2015-10-30 12:29:40,656][com.java.SeleniumDriver] [  789] - Test case being Executed: 4
[INFO ][2015-10-30 12:29:40,656][com.java.SeleniumDriver] [  800] - Test step:4
[INFO ][2015-10-30 12:29:40,656][com.java.SeleniumDriver] [  812] - Datavalue is----------//div[@class='ui-widget-content']/div/button
[INFO ][2015-10-30 12:29:40,656][com.java.SeleniumDriver] [  836] - DataField : BTN
[INFO ][2015-10-30 12:29:40,656][com.java.SeleniumDriver] [  838] - DataValue : //div[@class='ui-widget-content']/div/button
[INFO ][2015-10-30 12:29:40,656][com.java.SeleniumDriver] [  844] - <In Set values of the page>
[INFO ][2015-10-30 12:29:40,656][com.java.SeleniumDriver] [  847] - {Data Fields & Data Values Exist}
[INFO ][2015-10-30 12:29:40,656][com.java.SeleniumDriver] [  849] - --------------------------setting values-----------------------------
[INFO ][2015-10-30 12:29:40,656][com.java.SeleniumDriver] [  852] - Action Type : VERIFY
[INFO ][2015-10-30 12:29:40,656][com.java.TestType] [ 4875] - field= BTN value= //div[@class='ui-widget-content']/div/button
[INFO ][2015-10-30 12:29:40,656][com.java.TestType] [ 3749] - value = //div[@class='ui-widget-content']/div/button
[INFO ][2015-10-30 12:29:40,696][com.java.SeleniumDriver] [  861] -  RESULT true
[INFO ][2015-10-30 12:29:40,696][com.java.SeleniumDriver] [ 1066] - ?   P A S S   ?
[INFO ][2015-10-30 12:29:40,696][com.java.SeleniumDriver] [  788] - ------------------------------------------
[INFO ][2015-10-30 12:29:40,696][com.java.SeleniumDriver] [  789] - Test case being Executed: 4
[INFO ][2015-10-30 12:29:40,696][com.java.SeleniumDriver] [  800] - Test step:5
[INFO ][2015-10-30 12:29:40,696][com.java.SeleniumDriver] [  812] - Datavalue is----------null
[DEBUG][2015-10-30 12:29:40,696][com.java.SeleniumDriver] [  830] - Exception: null
[INFO ][2015-10-30 12:29:40,696][com.java.SeleniumDriver] [  836] - DataField : XPH//span[@class='glyphicon glyphicon-plus']
[INFO ][2015-10-30 12:29:40,696][com.java.SeleniumDriver] [  838] - DataValue : 
[INFO ][2015-10-30 12:29:40,696][com.java.SeleniumDriver] [  844] - <In Set values of the page>
[INFO ][2015-10-30 12:29:40,696][com.java.SeleniumDriver] [  847] - {Data Fields & Data Values Exist}
[INFO ][2015-10-30 12:29:40,696][com.java.SeleniumDriver] [  849] - --------------------------setting values-----------------------------
[INFO ][2015-10-30 12:29:40,696][com.java.SeleniumDriver] [  852] - Action Type : CLICK
[INFO ][2015-10-30 12:29:40,696][com.java.TestType] [ 4062] - Field ::XPH//span[@class='glyphicon glyphicon-plus']
[INFO ][2015-10-30 12:29:41,701][com.java.TestType] [ 4121] - BEFORE CLICK
[INFO ][2015-10-30 12:29:42,893][com.java.TestType] [ 4129] - Unable to click the object +' Button
[INFO ][2015-10-30 12:29:42,893][com.java.SeleniumDriver] [  861] -  RESULT true
[INFO ][2015-10-30 12:29:42,893][com.java.SeleniumDriver] [ 1066] - ?   P A S S   ?
[INFO ][2015-10-30 12:29:42,893][com.java.SeleniumDriver] [  788] - ------------------------------------------
[INFO ][2015-10-30 12:29:42,893][com.java.SeleniumDriver] [  789] - Test case being Executed: 4
[INFO ][2015-10-30 12:29:42,893][com.java.SeleniumDriver] [  800] - Test step:6
[INFO ][2015-10-30 12:29:42,893][com.java.SeleniumDriver] [  812] - Datavalue is----------Package Name
[INFO ][2015-10-30 12:29:42,893][com.java.SeleniumDriver] [  836] - DataField : XPH//span[@class='dlg_Label']
[INFO ][2015-10-30 12:29:42,893][com.java.SeleniumDriver] [  838] - DataValue : Package Name
[INFO ][2015-10-30 12:29:42,893][com.java.SeleniumDriver] [  844] - <In Set values of the page>
[INFO ][2015-10-30 12:29:42,893][com.java.SeleniumDriver] [  847] - {Data Fields & Data Values Exist}
[INFO ][2015-10-30 12:29:42,893][com.java.SeleniumDriver] [  849] - --------------------------setting values-----------------------------
[INFO ][2015-10-30 12:29:42,894][com.java.SeleniumDriver] [  852] - Action Type : VERIFY
[INFO ][2015-10-30 12:29:42,894][com.java.TestType] [ 4875] - field= XPH//span[@class='dlg_Label'] value= Package Name
[INFO ][2015-10-30 12:29:42,894][com.java.TestType] [ 3749] - value = Package Name
[INFO ][2015-10-30 12:29:42,998][com.java.SeleniumDriver] [  861] -  RESULT true
[INFO ][2015-10-30 12:29:42,998][com.java.SeleniumDriver] [ 1066] - ?   P A S S   ?
[INFO ][2015-10-30 12:29:42,998][com.java.SeleniumDriver] [  788] - ------------------------------------------
[INFO ][2015-10-30 12:29:42,998][com.java.SeleniumDriver] [  789] - Test case being Executed: 4
[INFO ][2015-10-30 12:29:42,998][com.java.SeleniumDriver] [  800] - Test step:7
[INFO ][2015-10-30 12:29:42,998][com.java.SeleniumDriver] [  812] - Datavalue is----------null
[DEBUG][2015-10-30 12:29:42,998][com.java.SeleniumDriver] [  830] - Exception: null
[INFO ][2015-10-30 12:29:42,998][com.java.SeleniumDriver] [  836] - DataField : BTNframeDialogContent
[INFO ][2015-10-30 12:29:42,998][com.java.SeleniumDriver] [  838] - DataValue : 
[INFO ][2015-10-30 12:29:42,998][com.java.SeleniumDriver] [  844] - <In Set values of the page>
[INFO ][2015-10-30 12:29:42,998][com.java.SeleniumDriver] [  847] - {Data Fields & Data Values Exist}
[INFO ][2015-10-30 12:29:42,998][com.java.SeleniumDriver] [  849] - --------------------------setting values-----------------------------
[INFO ][2015-10-30 12:29:42,998][com.java.SeleniumDriver] [  852] - Action Type : SELECTFRAME
[ERROR][2015-10-30 12:30:32,166][com.java.TestType] [ 3984] - Exception: null
[INFO ][2015-10-30 12:30:32,166][com.java.SeleniumDriver] [  861] -  RESULT false
[INFO ][2015-10-30 12:30:32,166][com.java.SeleniumDriver] [  908] - ?   F A I L   ?
[INFO ][2015-10-30 12:30:32,166][com.java.SeleniumDriver] [  916] - Browser Type : IE11
[INFO ][2015-10-30 12:30:32,166][com.java.SeleniumDriver] [  917] - Adding Failed case4
[INFO ][2015-10-30 12:30:32,998][com.java.SeleniumDriver] [ 1030] - failedCases = 4
[ERROR][2015-10-30 12:30:32,999][com.java.SeleniumDriver] [ 1516] - Platform Errors : Our apologies...::We have encountered an issue with your request.::Our apologies?:We encountered an issue with your request.
[INFO ][2015-10-30 12:30:32,999][com.java.SeleniumDriver] [ 1520] - Length =3
[ERROR][2015-10-30 12:30:32,999][com.java.SeleniumDriver] [ 1523] - Error 0 = Our apologies...
[ERROR][2015-10-30 12:30:33,012][com.java.SeleniumDriver] [ 1523] - Error 1 = We have encountered an issue with your request.
[ERROR][2015-10-30 12:30:33,025][com.java.SeleniumDriver] [ 1523] - Error 2 = Our apologies?:We encountered an issue with your request.
[DEBUG][2015-10-30 12:30:33,072][com.java.SeleniumDriver] [ 1168] - Case found
[DEBUG][2015-10-30 12:30:33,072][com.java.SeleniumDriver] [ 1173] - Incrementing ReportCounters[0]:2
[INFO ][2015-10-30 12:30:33,072][com.java.SeleniumDriver] [ 1192] - The results are-------------------[4, 7, Report Package: Set Up, Fail, 
Test case failed at Step No. :: 7   Error Message ::  Exception: null. Screen Shot : D:\BankersDashboard\TestReports\103015\4_103015_123032_IE11.png, Fri Oct 30 12:30:33 IST 2015]
[INFO ][2015-10-30 12:30:33,072][com.java.SeleniumDriver] [ 1196] - End time is-------2 min 8 sec
[INFO ][2015-10-30 12:30:33,072][com.java.SeleniumDriver] [ 1197] - The results are-------------------[4, 7, Report Package: Set Up, Fail, 
Test case failed at Step No. :: 7   Error Message ::  Exception: null. Screen Shot : D:\BankersDashboard\TestReports\103015\4_103015_123032_IE11.png, Fri Oct 30 12:30:33 IST 2015]
[DEBUG][2015-10-30 12:30:33,072][com.java.ImportnExport.ExportTestResultsExcel] [  222] - testResultPath = D:\BankersDashboard/TestReports/Test Results_BankersDashBoard_103015_122827_IE11_Any Bank USA.xls
[DEBUG][2015-10-30 12:30:33,072][com.java.ImportnExport.ExportTestResultsExcel] [  223] - browser is------------IE11
[DEBUG][2015-10-30 12:30:33,072][com.java.ImportnExport.ExportTestResultsExcel] [  270] - result.size() = 6
[DEBUG][2015-10-30 12:30:33,072][com.java.ImportnExport.ExportTestResultsExcel] [  274] - No of rows in sheet=2
[DEBUG][2015-10-30 12:30:33,072][com.java.ImportnExport.ExportTestResultsExcel] [  301] - ..in export..4
[DEBUG][2015-10-30 12:30:33,072][com.java.ImportnExport.ExportTestResultsExcel] [  301] - ..in export..Report Package: Set Up
[DEBUG][2015-10-30 12:30:33,072][com.java.ImportnExport.ExportTestResultsExcel] [  301] - ..in export..Fail
[DEBUG][2015-10-30 12:30:33,072][com.java.ImportnExport.ExportTestResultsExcel] [  301] - ..in export..
Test case failed at Step No. :: 7   Error Message ::  Exception: null. Screen Shot : D:\BankersDashboard\TestReports\103015\4_103015_123032_IE11.png
[DEBUG][2015-10-30 12:30:33,072][com.java.ImportnExport.ExportTestResultsExcel] [  301] - ..in export..Fri Oct 30 12:30:33 IST 2015
[INFO ][2015-10-30 12:30:33,072][com.java.SeleniumDriver] [ 1255] - out loop:1 size:2 TestCases:[1, 4] testcases:[1, 4]
[INFO ][2015-10-30 12:30:35,076][com.java.SeleniumDriver] [ 1297] - Total Number of Cases:2
[INFO ][2015-10-30 12:30:35,076][com.java.TemplateGenerator] [  302] - Executed:2
[INFO ][2015-10-30 12:30:35,076][com.java.TemplateGenerator] [  303] - Passed:1
[INFO ][2015-10-30 12:30:35,076][com.java.TemplateGenerator] [  304] - Failed:1
[INFO ][2015-10-30 12:30:35,076][com.java.TemplateGenerator] [  305] - Skipeed:0
[INFO ][2015-10-30 12:30:35,076][com.java.TemplateGenerator] [  306] - Application URL:https://clients-xuat.bankersdashboard.com
[INFO ][2015-10-30 12:30:35,076][com.java.TemplateGenerator] [  307] - Start Time:103015_122827
[INFO ][2015-10-30 12:30:35,076][com.java.TemplateGenerator] [  308] -  Creating HTML Report 
[ERROR][2015-10-30 12:30:35,076][com.java.TemplateGenerator] [  409] - Unparseable date: "Fri Oct 30 12:28:27 IST 2015"
[INFO ][2015-10-30 12:30:35,076][com.java.TemplateGenerator] [  654] -  Exporting case :: 1
[INFO ][2015-10-30 12:30:35,076][com.java.TemplateGenerator] [  654] -  Exporting case :: 4
[INFO ][2015-10-30 12:30:35,076][com.java.SeleniumDriver] [ 1346] - End Time:103015_123035
[INFO ][2015-10-30 12:30:35,076][com.java.SeleniumDriver] [ 1349] - Data in Test Execution Details:{1=PASS, 4=FAILTest case failed at Step No. :: 7   Error Message ::  Exception: null}
[INFO ][2015-10-30 12:30:35,076][com.java.SeleniumDriver] [ 1350] - Data in Failed Execution Deatils:{}
[INFO ][2015-10-30 12:30:35,076][com.java.SeleniumDriver] [ 1352] - ReportCounter:Total:2 :: PASS: 1 ::FAIL: 1
[INFO ][2015-10-30 12:30:35,076][com.java.SeleniumDriver] [ 1353] - FailedReportCounter:Total:0 :: PASS: 0 ::FAIL: 0
[INFO ][2015-10-30 12:30:35,077][com.java.EmailTestReport] [   63] - Sending report mail details:
[INFO ][2015-10-30 12:30:35,077][com.java.EmailTestReport] [   80] - Excel Report Path:D:\BankersDashboard/TestReports/Test Results_BankersDashBoard_103015_122827_IE11_Any Bank USA.xls
[INFO ][2015-10-30 12:30:35,077][com.java.EmailTestReport] [   81] - HTML Report Path:D:\BankersDashboard//TestReports//Test Results_BankersDashBoard_103015_122827_IE11_Any Bank USA.html
[INFO ][2015-10-30 12:30:35,077][com.java.EmailTestReport] [   82] - smtpHostName:mail01.valuelabs.com
[INFO ][2015-10-30 12:30:35,077][com.java.EmailTestReport] [   83] - Recipient:venkateswararao.gubbala@valuelabs.com
[INFO ][2015-10-30 12:30:35,077][com.java.EmailTestReport] [   84] - From:venkateswararao.gubbala@valuelabs.com
[INFO ][2015-10-30 12:30:35,077][com.java.EmailTestReport] [   85] - Subject:DestinationRewards Automation Test Report - Any Bank USA - IE11
[INFO ][2015-10-30 12:30:35,097][com.java.EmailTestReport] [  143] -  Added venkateswararao.gubbala@valuelabs.com
[INFO ][2015-10-30 12:30:38,219][com.java.SeleniumDriver] [  719] - quitting the browser 
