[INFO ][2015-11-30 17:07:29,351][com.java.SeleniumDriver] [  213] - Execute Failed Casesfalse
[INFO ][2015-11-30 17:07:29,351][com.java.SeleniumDriver] [  214] - Browser: IE10
[INFO ][2015-11-30 17:07:29,351][com.java.SeleniumDriver] [  215] - [1, 3]
[INFO ][2015-11-30 17:07:29,351][com.java.SeleniumDriver] [  216] - Total TestCases:2
[INFO ][2015-11-30 17:07:29,351][com.java.SeleniumDriver] [  217] -  Reading Properties from Property File 
[DEBUG][2015-11-30 17:07:29,351][com.java.SeleniumDriver] [  238] - url : https://clients-xuat.bankersdashboard.com
[INFO ][2015-11-30 17:07:29,361][com.java.ImportnExport.ExportTestResultsExcel] [  116] - Time Stamp Mon Nov 30 05:07:29 IST 2015
[INFO ][2015-11-30 17:07:29,361][com.java.ImportnExport.ExportTestResultsExcel] [  175] - OUT FILE : D:\BankersDashboard/TestReports/Test Results_BankersDashBoard_113015_170729_IE10_Any Bank USA.xls
[INFO ][2015-11-30 17:07:29,402][com.java.ImportnExport.ExportTestResultsExcel] [  180] - Test Result file is created
[DEBUG][2015-11-30 17:07:29,502][com.java.SeleniumDriver] [  426] - Hub ip address is-------172.17.68.34
[INFO ][2015-11-30 17:07:29,502][com.java.SeleniumDriver] [  452] - Grid URL:http://172.17.68.34:4444/wd/hub
[INFO ][2015-11-30 17:07:29,502][com.java.SeleniumDriver] [  453] - Capability:Capabilities [{platform=ANY, ensureCleanSession=true, ignoreProtectedModeSettings=true, acceptSslCerts=true, ignoreZoomSetting=true, browserName=internet explorer, browserstack.ie.noFlash=true, version=null}]
[ERROR][2015-11-30 17:07:30,802][com.java.SeleniumDriver] [  497] - Unable invoke browser in grid:Could not start a new session. Possible causes are invalid address of the remote server or browser start-up failure.
Build info: version: '2.48.2', revision: '41bccdd', time: '2015-10-09 19:59:12'
System info: host: 'FVTIII438F1D', ip: '172.17.68.34', os.name: 'Windows 7', os.arch: 'x86', os.version: '6.1', java.version: '1.7.0_55'
Driver info: driver.version: SeleniumDriver
[INFO ][2015-11-30 17:07:30,802][com.java.SeleniumDriver] [  499] - Executing on local machine
[INFO ][2015-11-30 17:07:40,568][com.java.SeleniumDriver] [  248] - IE10is opened
[INFO ][2015-11-30 17:07:41,733][com.java.SeleniumDriver] [  754] - Test cases to be executed are: [1, 3]
[INFO ][2015-11-30 17:07:41,734][com.java.ImportnExport.ImportTestDataDetailsExcel] [   49] - test data details path===== D:\BankersDashboard\TestInputs\TestData.xls
[INFO ][2015-11-30 17:07:41,803][com.java.SeleniumDriver] [  801] - ------------------------------------------
[INFO ][2015-11-30 17:07:41,803][com.java.SeleniumDriver] [  802] - Test case being Executed: 1
[INFO ][2015-11-30 17:07:41,803][com.java.SeleniumDriver] [  813] - Test step:1
[INFO ][2015-11-30 17:07:41,803][com.java.SeleniumDriver] [  825] - Datavalue is----------Concept#1:1-14
[INFO ][2015-11-30 17:07:41,803][com.java.SeleniumDriver] [  849] - DataField : test
[INFO ][2015-11-30 17:07:41,803][com.java.SeleniumDriver] [  851] - DataValue : Concept#1:1-14
[INFO ][2015-11-30 17:07:41,803][com.java.SeleniumDriver] [  857] - <In Set values of the page>
[INFO ][2015-11-30 17:07:41,803][com.java.SeleniumDriver] [  860] - {Data Fields & Data Values Exist}
[INFO ][2015-11-30 17:07:41,803][com.java.SeleniumDriver] [  862] - --------------------------setting values-----------------------------
[INFO ][2015-11-30 17:07:41,803][com.java.SeleniumDriver] [  865] - Action Type : ExecuteTestCase
[INFO ][2015-11-30 17:07:41,823][com.java.TestType] [  432] - The Concept sheet name is ---------- Concept
[INFO ][2015-11-30 17:07:41,823][com.java.TestType] [  435] - The Concept ID  is ---------- 1
[DEBUG][2015-11-30 17:07:41,823][com.java.TestType] [  439] - Steps being executted in the Concept are: 1:14
[INFO ][2015-11-30 17:07:41,823][com.java.TestType] [  446] - Test data details path ---------- D:\BankersDashboard\TestInputs\TestData.xls
[INFO ][2015-11-30 17:07:41,853][com.java.TestType] [  477] -  str(1) = 1
[INFO ][2015-11-30 17:07:41,853][com.java.TestType] [  480] - Test case Id is---1
[INFO ][2015-11-30 17:07:41,853][com.java.TestType] [  482] - 1
[INFO ][2015-11-30 17:07:41,853][com.java.TestType] [  477] -  str(2) = 1
[INFO ][2015-11-30 17:07:41,853][com.java.TestType] [  529] - row values are--------{1=com.java.Objects.TestDataDetails@faf7d6}
[INFO ][2015-11-30 17:07:41,863][com.java.TestType] [  477] -  str(1) = 1
[INFO ][2015-11-30 17:07:41,863][com.java.TestType] [  480] - Test case Id is---1
[INFO ][2015-11-30 17:07:41,863][com.java.TestType] [  482] - 1
[INFO ][2015-11-30 17:07:41,863][com.java.TestType] [  477] -  str(2) = 2
[INFO ][2015-11-30 17:07:41,863][com.java.TestType] [  529] - row values are--------{1=com.java.Objects.TestDataDetails@faf7d6, 2=com.java.Objects.TestDataDetails@2f2087}
[INFO ][2015-11-30 17:07:41,863][com.java.TestType] [  477] -  str(1) = 1
[INFO ][2015-11-30 17:07:41,863][com.java.TestType] [  480] - Test case Id is---1
[INFO ][2015-11-30 17:07:41,863][com.java.TestType] [  482] - 1
[INFO ][2015-11-30 17:07:41,863][com.java.TestType] [  477] -  str(2) = 3
[INFO ][2015-11-30 17:07:41,863][com.java.TestType] [  529] - row values are--------{1=com.java.Objects.TestDataDetails@faf7d6, 2=com.java.Objects.TestDataDetails@2f2087, 3=com.java.Objects.TestDataDetails@df550d}
[INFO ][2015-11-30 17:07:41,863][com.java.TestType] [  477] -  str(1) = 1
[INFO ][2015-11-30 17:07:41,863][com.java.TestType] [  480] - Test case Id is---1
[INFO ][2015-11-30 17:07:41,863][com.java.TestType] [  482] - 1
[INFO ][2015-11-30 17:07:41,863][com.java.TestType] [  477] -  str(2) = 4
[INFO ][2015-11-30 17:07:41,863][com.java.TestType] [  529] - row values are--------{1=com.java.Objects.TestDataDetails@faf7d6, 2=com.java.Objects.TestDataDetails@2f2087, 3=com.java.Objects.TestDataDetails@df550d, 4=com.java.Objects.TestDataDetails@4b9b00}
[INFO ][2015-11-30 17:07:41,863][com.java.TestType] [  477] -  str(1) = 1
[INFO ][2015-11-30 17:07:41,863][com.java.TestType] [  480] - Test case Id is---1
[INFO ][2015-11-30 17:07:41,863][com.java.TestType] [  482] - 1
[INFO ][2015-11-30 17:07:41,863][com.java.TestType] [  477] -  str(2) = 5
[INFO ][2015-11-30 17:07:41,863][com.java.TestType] [  529] - row values are--------{1=com.java.Objects.TestDataDetails@faf7d6, 2=com.java.Objects.TestDataDetails@2f2087, 3=com.java.Objects.TestDataDetails@df550d, 4=com.java.Objects.TestDataDetails@4b9b00, 5=com.java.Objects.TestDataDetails@ec28c0}
[INFO ][2015-11-30 17:07:41,863][com.java.TestType] [  477] -  str(1) = 1
[INFO ][2015-11-30 17:07:41,863][com.java.TestType] [  480] - Test case Id is---1
[INFO ][2015-11-30 17:07:41,863][com.java.TestType] [  482] - 1
[INFO ][2015-11-30 17:07:41,863][com.java.TestType] [  477] -  str(2) = 6
[INFO ][2015-11-30 17:07:41,863][com.java.TestType] [  529] - row values are--------{1=com.java.Objects.TestDataDetails@faf7d6, 2=com.java.Objects.TestDataDetails@2f2087, 3=com.java.Objects.TestDataDetails@df550d, 4=com.java.Objects.TestDataDetails@4b9b00, 5=com.java.Objects.TestDataDetails@ec28c0, 6=com.java.Objects.TestDataDetails@9d9416}
[INFO ][2015-11-30 17:07:41,863][com.java.TestType] [  477] -  str(1) = 1
[INFO ][2015-11-30 17:07:41,863][com.java.TestType] [  480] - Test case Id is---1
[INFO ][2015-11-30 17:07:41,863][com.java.TestType] [  482] - 1
[INFO ][2015-11-30 17:07:41,863][com.java.TestType] [  477] -  str(2) = 7
[INFO ][2015-11-30 17:07:41,873][com.java.TestType] [  529] - row values are--------{1=com.java.Objects.TestDataDetails@faf7d6, 2=com.java.Objects.TestDataDetails@2f2087, 3=com.java.Objects.TestDataDetails@df550d, 4=com.java.Objects.TestDataDetails@4b9b00, 5=com.java.Objects.TestDataDetails@ec28c0, 6=com.java.Objects.TestDataDetails@9d9416, 7=com.java.Objects.TestDataDetails@cf9b7b}
[INFO ][2015-11-30 17:07:41,873][com.java.TestType] [  477] -  str(1) = 1
[INFO ][2015-11-30 17:07:41,873][com.java.TestType] [  480] - Test case Id is---1
[INFO ][2015-11-30 17:07:41,873][com.java.TestType] [  482] - 1
[INFO ][2015-11-30 17:07:41,873][com.java.TestType] [  477] -  str(2) = 8
[INFO ][2015-11-30 17:07:41,873][com.java.TestType] [  529] - row values are--------{1=com.java.Objects.TestDataDetails@faf7d6, 2=com.java.Objects.TestDataDetails@2f2087, 3=com.java.Objects.TestDataDetails@df550d, 4=com.java.Objects.TestDataDetails@4b9b00, 5=com.java.Objects.TestDataDetails@ec28c0, 6=com.java.Objects.TestDataDetails@9d9416, 7=com.java.Objects.TestDataDetails@cf9b7b, 8=com.java.Objects.TestDataDetails@1f9b42c}
[INFO ][2015-11-30 17:07:41,873][com.java.TestType] [  477] -  str(1) = 1
[INFO ][2015-11-30 17:07:41,873][com.java.TestType] [  480] - Test case Id is---1
[INFO ][2015-11-30 17:07:41,873][com.java.TestType] [  482] - 1
[INFO ][2015-11-30 17:07:41,873][com.java.TestType] [  477] -  str(2) = 9
[INFO ][2015-11-30 17:07:41,873][com.java.TestType] [  529] - row values are--------{1=com.java.Objects.TestDataDetails@faf7d6, 2=com.java.Objects.TestDataDetails@2f2087, 3=com.java.Objects.TestDataDetails@df550d, 4=com.java.Objects.TestDataDetails@4b9b00, 5=com.java.Objects.TestDataDetails@ec28c0, 6=com.java.Objects.TestDataDetails@9d9416, 7=com.java.Objects.TestDataDetails@cf9b7b, 8=com.java.Objects.TestDataDetails@1f9b42c, 9=com.java.Objects.TestDataDetails@11c2b6c}
[INFO ][2015-11-30 17:07:41,873][com.java.TestType] [  477] -  str(1) = 1
[INFO ][2015-11-30 17:07:41,873][com.java.TestType] [  480] - Test case Id is---1
[INFO ][2015-11-30 17:07:41,873][com.java.TestType] [  482] - 1
[INFO ][2015-11-30 17:07:41,873][com.java.TestType] [  477] -  str(2) = 10
[INFO ][2015-11-30 17:07:41,873][com.java.TestType] [  529] - row values are--------{1=com.java.Objects.TestDataDetails@faf7d6, 2=com.java.Objects.TestDataDetails@2f2087, 3=com.java.Objects.TestDataDetails@df550d, 4=com.java.Objects.TestDataDetails@4b9b00, 5=com.java.Objects.TestDataDetails@ec28c0, 6=com.java.Objects.TestDataDetails@9d9416, 7=com.java.Objects.TestDataDetails@cf9b7b, 8=com.java.Objects.TestDataDetails@1f9b42c, 9=com.java.Objects.TestDataDetails@11c2b6c, 10=com.java.Objects.TestDataDetails@1a40a9f}
[INFO ][2015-11-30 17:07:41,873][com.java.TestType] [  477] -  str(1) = 1
[INFO ][2015-11-30 17:07:41,873][com.java.TestType] [  480] - Test case Id is---1
[INFO ][2015-11-30 17:07:41,873][com.java.TestType] [  482] - 1
[INFO ][2015-11-30 17:07:41,873][com.java.TestType] [  477] -  str(2) = 11
[INFO ][2015-11-30 17:07:41,873][com.java.TestType] [  529] - row values are--------{1=com.java.Objects.TestDataDetails@faf7d6, 2=com.java.Objects.TestDataDetails@2f2087, 3=com.java.Objects.TestDataDetails@df550d, 4=com.java.Objects.TestDataDetails@4b9b00, 5=com.java.Objects.TestDataDetails@ec28c0, 6=com.java.Objects.TestDataDetails@9d9416, 7=com.java.Objects.TestDataDetails@cf9b7b, 8=com.java.Objects.TestDataDetails@1f9b42c, 9=com.java.Objects.TestDataDetails@11c2b6c, 10=com.java.Objects.TestDataDetails@1a40a9f, 11=com.java.Objects.TestDataDetails@187a6dd}
[INFO ][2015-11-30 17:07:41,873][com.java.TestType] [  477] -  str(1) = 1
[INFO ][2015-11-30 17:07:41,873][com.java.TestType] [  480] - Test case Id is---1
[INFO ][2015-11-30 17:07:41,873][com.java.TestType] [  482] - 1
[INFO ][2015-11-30 17:07:41,873][com.java.TestType] [  477] -  str(2) = 12
[INFO ][2015-11-30 17:07:41,873][com.java.TestType] [  529] - row values are--------{1=com.java.Objects.TestDataDetails@faf7d6, 2=com.java.Objects.TestDataDetails@2f2087, 3=com.java.Objects.TestDataDetails@df550d, 4=com.java.Objects.TestDataDetails@4b9b00, 5=com.java.Objects.TestDataDetails@ec28c0, 6=com.java.Objects.TestDataDetails@9d9416, 7=com.java.Objects.TestDataDetails@cf9b7b, 8=com.java.Objects.TestDataDetails@1f9b42c, 9=com.java.Objects.TestDataDetails@11c2b6c, 10=com.java.Objects.TestDataDetails@1a40a9f, 11=com.java.Objects.TestDataDetails@187a6dd, 12=com.java.Objects.TestDataDetails@10b8fa2}
[INFO ][2015-11-30 17:07:41,873][com.java.TestType] [  477] -  str(1) = 1
[INFO ][2015-11-30 17:07:41,873][com.java.TestType] [  480] - Test case Id is---1
[INFO ][2015-11-30 17:07:41,873][com.java.TestType] [  482] - 1
[INFO ][2015-11-30 17:07:41,873][com.java.TestType] [  477] -  str(2) = 13
[INFO ][2015-11-30 17:07:41,873][com.java.TestType] [  529] - row values are--------{1=com.java.Objects.TestDataDetails@faf7d6, 2=com.java.Objects.TestDataDetails@2f2087, 3=com.java.Objects.TestDataDetails@df550d, 4=com.java.Objects.TestDataDetails@4b9b00, 5=com.java.Objects.TestDataDetails@ec28c0, 6=com.java.Objects.TestDataDetails@9d9416, 7=com.java.Objects.TestDataDetails@cf9b7b, 8=com.java.Objects.TestDataDetails@1f9b42c, 9=com.java.Objects.TestDataDetails@11c2b6c, 10=com.java.Objects.TestDataDetails@1a40a9f, 11=com.java.Objects.TestDataDetails@187a6dd, 12=com.java.Objects.TestDataDetails@10b8fa2, 13=com.java.Objects.TestDataDetails@1e4bfbe}
[INFO ][2015-11-30 17:07:41,873][com.java.TestType] [  477] -  str(1) = 1
[INFO ][2015-11-30 17:07:41,873][com.java.TestType] [  480] - Test case Id is---1
[INFO ][2015-11-30 17:07:41,873][com.java.TestType] [  482] - 1
[INFO ][2015-11-30 17:07:41,873][com.java.TestType] [  477] -  str(2) = 14
[INFO ][2015-11-30 17:07:41,873][com.java.TestType] [  529] - row values are--------{1=com.java.Objects.TestDataDetails@faf7d6, 2=com.java.Objects.TestDataDetails@2f2087, 3=com.java.Objects.TestDataDetails@df550d, 4=com.java.Objects.TestDataDetails@4b9b00, 5=com.java.Objects.TestDataDetails@ec28c0, 6=com.java.Objects.TestDataDetails@9d9416, 7=com.java.Objects.TestDataDetails@cf9b7b, 8=com.java.Objects.TestDataDetails@1f9b42c, 9=com.java.Objects.TestDataDetails@11c2b6c, 10=com.java.Objects.TestDataDetails@1a40a9f, 11=com.java.Objects.TestDataDetails@187a6dd, 12=com.java.Objects.TestDataDetails@10b8fa2, 13=com.java.Objects.TestDataDetails@1e4bfbe, 14=com.java.Objects.TestDataDetails@1b05755}
[INFO ][2015-11-30 17:07:41,873][com.java.TestType] [ 9260] - Looping 1TCID = 1
[DEBUG][2015-11-30 17:07:41,883][com.java.TestType] [ 9301] - Concept ID:1 :: Step being Executed: 1::1
[INFO ][2015-11-30 17:07:41,883][com.java.TestType] [ 9339] - dataFields : TXTusername
[DEBUG][2015-11-30 17:07:41,883][com.java.TestType] [ 9345] - <In Set values of the page>
[DEBUG][2015-11-30 17:07:41,883][com.java.TestType] [ 9350] - {Data Fields & Data Values Exist}
[INFO ][2015-11-30 17:07:41,883][com.java.TestType] [ 9356] - --------------------------setting values-----------------------------
[INFO ][2015-11-30 17:07:41,883][com.java.TestType] [ 9359] - Action Type : CLEARANDENTER
[INFO ][2015-11-30 17:07:41,883][com.java.TestType] [ 4783] - value = naresh.nayini.00000
[INFO ][2015-11-30 17:07:46,882][com.java.TestType] [ 9378] -  RESULT true
[INFO ][2015-11-30 17:07:46,882][com.java.TestType] [ 9495] - ?   P A S S   ?
[DEBUG][2015-11-30 17:07:46,882][com.java.TestType] [ 9301] - Concept ID:1 :: Step being Executed: 1::2
[INFO ][2015-11-30 17:07:46,882][com.java.TestType] [ 9339] - dataFields : TXTpassword
[DEBUG][2015-11-30 17:07:46,882][com.java.TestType] [ 9345] - <In Set values of the page>
[DEBUG][2015-11-30 17:07:46,882][com.java.TestType] [ 9350] - {Data Fields & Data Values Exist}
[INFO ][2015-11-30 17:07:46,882][com.java.TestType] [ 9356] - --------------------------setting values-----------------------------
[INFO ][2015-11-30 17:07:46,882][com.java.TestType] [ 9359] - Action Type : CLEARANDENTER
[INFO ][2015-11-30 17:07:46,882][com.java.TestType] [ 4783] - value = Password1*
[INFO ][2015-11-30 17:07:51,779][com.java.TestType] [ 9378] -  RESULT true
[INFO ][2015-11-30 17:07:51,779][com.java.TestType] [ 9495] - ?   P A S S   ?
[DEBUG][2015-11-30 17:07:51,779][com.java.TestType] [ 9301] - Concept ID:1 :: Step being Executed: 1::3
[ERROR][2015-11-30 17:07:51,779][com.java.TestType] [ 9334] - Exception: null
[INFO ][2015-11-30 17:07:51,779][com.java.TestType] [ 9339] - dataFields : XPH//button[@type='submit']
[DEBUG][2015-11-30 17:07:51,779][com.java.TestType] [ 9345] - <In Set values of the page>
[DEBUG][2015-11-30 17:07:51,779][com.java.TestType] [ 9350] - {Data Fields & Data Values Exist}
[INFO ][2015-11-30 17:07:51,779][com.java.TestType] [ 9356] - --------------------------setting values-----------------------------
[INFO ][2015-11-30 17:07:51,779][com.java.TestType] [ 9359] - Action Type : Click
[INFO ][2015-11-30 17:07:51,779][com.java.TestType] [ 5111] - Field ::XPH//button[@type='submit']
[INFO ][2015-11-30 17:07:52,779][com.java.TestType] [ 5198] - BEFORE CLICK
[INFO ][2015-11-30 17:07:53,611][com.java.TestType] [ 5206] - Unable to click the object Login
[INFO ][2015-11-30 17:07:53,611][com.java.TestType] [ 9378] -  RESULT true
[INFO ][2015-11-30 17:07:53,611][com.java.TestType] [ 9495] - ?   P A S S   ?
[DEBUG][2015-11-30 17:07:53,611][com.java.TestType] [ 9301] - Concept ID:1 :: Step being Executed: 1::4
[INFO ][2015-11-30 17:07:53,611][com.java.TestType] [ 9339] - dataFields : LNKLogout
[DEBUG][2015-11-30 17:07:53,611][com.java.TestType] [ 9345] - <In Set values of the page>
[DEBUG][2015-11-30 17:07:53,611][com.java.TestType] [ 9350] - {Data Fields & Data Values Exist}
[INFO ][2015-11-30 17:07:53,611][com.java.TestType] [ 9356] - --------------------------setting values-----------------------------
[INFO ][2015-11-30 17:07:53,611][com.java.TestType] [ 9359] - Action Type : WaitForElement
[INFO ][2015-11-30 17:07:57,042][com.java.TestType] [ 9378] -  RESULT true
[INFO ][2015-11-30 17:07:57,042][com.java.TestType] [ 9495] - ?   P A S S   ?
[DEBUG][2015-11-30 17:07:57,042][com.java.TestType] [ 9301] - Concept ID:1 :: Step being Executed: 1::13
[INFO ][2015-11-30 17:07:57,042][com.java.TestType] [ 9339] - dataFields : LNK
[DEBUG][2015-11-30 17:07:57,042][com.java.TestType] [ 9345] - <In Set values of the page>
[DEBUG][2015-11-30 17:07:57,042][com.java.TestType] [ 9350] - {Data Fields & Data Values Exist}
[INFO ][2015-11-30 17:07:57,042][com.java.TestType] [ 9356] - --------------------------setting values-----------------------------
[INFO ][2015-11-30 17:07:57,042][com.java.TestType] [ 9359] - Action Type : Verify
[INFO ][2015-11-30 17:07:57,042][com.java.TestType] [ 5968] - field= LNK value= Logout
[INFO ][2015-11-30 17:07:57,042][com.java.TestType] [ 4783] - value = Logout
[INFO ][2015-11-30 17:07:57,073][com.java.TestType] [ 9378] -  RESULT true
[INFO ][2015-11-30 17:07:57,073][com.java.TestType] [ 9495] - ?   P A S S   ?
[DEBUG][2015-11-30 17:07:57,073][com.java.TestType] [ 9301] - Concept ID:1 :: Step being Executed: 1::14
[INFO ][2015-11-30 17:07:57,073][com.java.TestType] [ 9339] - dataFields : BTN
[DEBUG][2015-11-30 17:07:57,073][com.java.TestType] [ 9345] - <In Set values of the page>
[DEBUG][2015-11-30 17:07:57,073][com.java.TestType] [ 9350] - {Data Fields & Data Values Exist}
[INFO ][2015-11-30 17:07:57,073][com.java.TestType] [ 9356] - --------------------------setting values-----------------------------
[INFO ][2015-11-30 17:07:57,073][com.java.TestType] [ 9359] - Action Type : Verify
[INFO ][2015-11-30 17:07:57,073][com.java.TestType] [ 5968] - field= BTN value= //img[contains(@src,'bdlogo.jpg')]
[INFO ][2015-11-30 17:07:57,073][com.java.TestType] [ 4783] - value = //img[contains(@src,'bdlogo.jpg')]
[INFO ][2015-11-30 17:07:57,143][com.java.TestType] [ 9378] -  RESULT true
[INFO ][2015-11-30 17:07:57,143][com.java.TestType] [ 9495] - ?   P A S S   ?
[INFO ][2015-11-30 17:07:57,143][com.java.TestType] [ 9566] - Looping End......
[INFO ][2015-11-30 17:07:57,143][com.java.SeleniumDriver] [  874] -  RESULT true
[INFO ][2015-11-30 17:07:57,143][com.java.SeleniumDriver] [ 1080] - ?   P A S S   ?
[INFO ][2015-11-30 17:07:57,143][com.java.SeleniumDriver] [  801] - ------------------------------------------
[INFO ][2015-11-30 17:07:57,143][com.java.SeleniumDriver] [  802] - Test case being Executed: 1
[INFO ][2015-11-30 17:07:57,143][com.java.SeleniumDriver] [  813] - Test step:2
[INFO ][2015-11-30 17:07:57,143][com.java.SeleniumDriver] [  825] - Datavalue is----------Concept#2:1-2
[INFO ][2015-11-30 17:07:57,143][com.java.SeleniumDriver] [  849] - DataField : test
[INFO ][2015-11-30 17:07:57,143][com.java.SeleniumDriver] [  851] - DataValue : Concept#2:1-2
[INFO ][2015-11-30 17:07:57,143][com.java.SeleniumDriver] [  857] - <In Set values of the page>
[INFO ][2015-11-30 17:07:57,143][com.java.SeleniumDriver] [  860] - {Data Fields & Data Values Exist}
[INFO ][2015-11-30 17:07:57,143][com.java.SeleniumDriver] [  862] - --------------------------setting values-----------------------------
[INFO ][2015-11-30 17:07:57,143][com.java.SeleniumDriver] [  865] - Action Type : ExecuteTestCase
[INFO ][2015-11-30 17:07:57,143][com.java.TestType] [  432] - The Concept sheet name is ---------- Concept
[INFO ][2015-11-30 17:07:57,143][com.java.TestType] [  435] - The Concept ID  is ---------- 2
[DEBUG][2015-11-30 17:07:57,143][com.java.TestType] [  439] - Steps being executted in the Concept are: 1:2
[INFO ][2015-11-30 17:07:57,143][com.java.TestType] [  446] - Test data details path ---------- D:\BankersDashboard\TestInputs\TestData.xls
[INFO ][2015-11-30 17:07:57,173][com.java.TestType] [  477] -  str(1) = 2
[INFO ][2015-11-30 17:07:57,173][com.java.TestType] [  480] - Test case Id is---2
[INFO ][2015-11-30 17:07:57,173][com.java.TestType] [  482] - 2
[INFO ][2015-11-30 17:07:57,173][com.java.TestType] [  477] -  str(2) = 1
[INFO ][2015-11-30 17:07:57,183][com.java.TestType] [  529] - row values are--------{1=com.java.Objects.TestDataDetails@75bb62}
[INFO ][2015-11-30 17:07:57,183][com.java.TestType] [  477] -  str(1) = 2
[INFO ][2015-11-30 17:07:57,183][com.java.TestType] [  480] - Test case Id is---2
[INFO ][2015-11-30 17:07:57,183][com.java.TestType] [  482] - 2
[INFO ][2015-11-30 17:07:57,183][com.java.TestType] [  477] -  str(2) = 2
[INFO ][2015-11-30 17:07:57,183][com.java.TestType] [  529] - row values are--------{1=com.java.Objects.TestDataDetails@75bb62, 2=com.java.Objects.TestDataDetails@783df}
[INFO ][2015-11-30 17:07:57,183][com.java.TestType] [  477] -  str(1) = 2
[INFO ][2015-11-30 17:07:57,183][com.java.TestType] [  480] - Test case Id is---2
[INFO ][2015-11-30 17:07:57,183][com.java.TestType] [  482] - 2
[INFO ][2015-11-30 17:07:57,183][com.java.TestType] [  477] -  str(2) = 3
[INFO ][2015-11-30 17:07:57,183][com.java.TestType] [  529] - row values are--------{1=com.java.Objects.TestDataDetails@75bb62, 2=com.java.Objects.TestDataDetails@783df, 3=com.java.Objects.TestDataDetails@1da1a47}
[INFO ][2015-11-30 17:07:57,183][com.java.TestType] [ 9260] - Looping 1TCID = 2
[DEBUG][2015-11-30 17:07:57,183][com.java.TestType] [ 9301] - Concept ID:2 :: Step being Executed: 2::1
[INFO ][2015-11-30 17:07:57,183][com.java.TestType] [ 9339] - dataFields : BNK//select[@id='bank']
[DEBUG][2015-11-30 17:07:57,183][com.java.TestType] [ 9345] - <In Set values of the page>
[DEBUG][2015-11-30 17:07:57,183][com.java.TestType] [ 9350] - {Data Fields & Data Values Exist}
[INFO ][2015-11-30 17:07:57,183][com.java.TestType] [ 9356] - --------------------------setting values-----------------------------
[INFO ][2015-11-30 17:07:57,183][com.java.TestType] [ 9359] - Action Type : Select
[INFO ][2015-11-30 17:07:57,183][com.java.TestType] [ 4783] - value = PFC
[INFO ][2015-11-30 17:07:57,363][com.java.TestType] [ 9378] -  RESULT true
[INFO ][2015-11-30 17:07:57,363][com.java.TestType] [ 9495] - ?   P A S S   ?
[DEBUG][2015-11-30 17:07:57,363][com.java.TestType] [ 9301] - Concept ID:2 :: Step being Executed: 2::2
[INFO ][2015-11-30 17:07:57,363][com.java.TestType] [ 9339] - dataFields : LNKLogout
[DEBUG][2015-11-30 17:07:57,363][com.java.TestType] [ 9345] - <In Set values of the page>
[DEBUG][2015-11-30 17:07:57,363][com.java.TestType] [ 9350] - {Data Fields & Data Values Exist}
[INFO ][2015-11-30 17:07:57,363][com.java.TestType] [ 9356] - --------------------------setting values-----------------------------
[INFO ][2015-11-30 17:07:57,363][com.java.TestType] [ 9359] - Action Type : WaitTime
[DEBUG][2015-11-30 17:07:57,363][com.java.TestType] [ 4603] - sleepTime: 5000
[INFO ][2015-11-30 17:08:02,371][com.java.TestType] [ 9378] -  RESULT true
[INFO ][2015-11-30 17:08:02,371][com.java.TestType] [ 9495] - ?   P A S S   ?
[INFO ][2015-11-30 17:08:02,371][com.java.TestType] [ 9566] - Looping End......
[INFO ][2015-11-30 17:08:02,371][com.java.SeleniumDriver] [  874] -  RESULT true
[INFO ][2015-11-30 17:08:02,371][com.java.SeleniumDriver] [ 1080] - ?   P A S S   ?
[INFO ][2015-11-30 17:08:02,371][com.java.SeleniumDriver] [  801] - ------------------------------------------
[INFO ][2015-11-30 17:08:02,371][com.java.SeleniumDriver] [  802] - Test case being Executed: 1
[INFO ][2015-11-30 17:08:02,371][com.java.SeleniumDriver] [  813] - Test step:3
[INFO ][2015-11-30 17:08:02,371][com.java.SeleniumDriver] [  825] - Datavalue is----------2
[INFO ][2015-11-30 17:08:02,371][com.java.SeleniumDriver] [  849] - DataField : XPH//button[contains(text(),'Add Content')]
[INFO ][2015-11-30 17:08:02,371][com.java.SeleniumDriver] [  851] - DataValue : 2
[INFO ][2015-11-30 17:08:02,371][com.java.SeleniumDriver] [  857] - <In Set values of the page>
[INFO ][2015-11-30 17:08:02,371][com.java.SeleniumDriver] [  860] - {Data Fields & Data Values Exist}
[INFO ][2015-11-30 17:08:02,371][com.java.SeleniumDriver] [  862] - --------------------------setting values-----------------------------
[INFO ][2015-11-30 17:08:02,371][com.java.SeleniumDriver] [  865] - Action Type : WAITFORELEMENT
[INFO ][2015-11-30 17:08:02,402][com.java.SeleniumDriver] [  874] -  RESULT true
[INFO ][2015-11-30 17:08:02,402][com.java.SeleniumDriver] [ 1080] - ?   P A S S   ?
[DEBUG][2015-11-30 17:08:02,402][com.java.SeleniumDriver] [ 1192] - Case found
[DEBUG][2015-11-30 17:08:02,402][com.java.SeleniumDriver] [ 1197] - Incrementing ReportCounters[0]:1
[INFO ][2015-11-30 17:08:02,402][com.java.SeleniumDriver] [ 1216] - The results are-------------------[1, 1, Valid Login, Pass, , Mon Nov 30 17:07:57 IST 2015, 1, 2, Valid Login, Pass, , Mon Nov 30 17:08:02 IST 2015, 1, 3, Valid Login, Pass, , Mon Nov 30 17:08:02 IST 2015]
[INFO ][2015-11-30 17:08:02,402][com.java.SeleniumDriver] [ 1220] - End time is-------35 sec
[INFO ][2015-11-30 17:08:02,402][com.java.SeleniumDriver] [ 1221] - The results are-------------------[1, 1, Valid Login, Pass, , Mon Nov 30 17:07:57 IST 2015, 1, 2, Valid Login, Pass, , Mon Nov 30 17:08:02 IST 2015, 1, 3, Valid Login, Pass, , Mon Nov 30 17:08:02 IST 2015]
[DEBUG][2015-11-30 17:08:02,402][com.java.ImportnExport.ExportTestResultsExcel] [  222] - testResultPath = D:\BankersDashboard/TestReports/Test Results_BankersDashBoard_113015_170729_IE10_Any Bank USA.xls
[DEBUG][2015-11-30 17:08:02,402][com.java.ImportnExport.ExportTestResultsExcel] [  223] - browser is------------IE10
[DEBUG][2015-11-30 17:08:02,442][com.java.ImportnExport.ExportTestResultsExcel] [  270] - result.size() = 18
[DEBUG][2015-11-30 17:08:02,442][com.java.ImportnExport.ExportTestResultsExcel] [  274] - No of rows in sheet=1
[DEBUG][2015-11-30 17:08:02,442][com.java.ImportnExport.ExportTestResultsExcel] [  301] - ..in export..1
[DEBUG][2015-11-30 17:08:02,442][com.java.ImportnExport.ExportTestResultsExcel] [  301] - ..in export..Valid Login
[DEBUG][2015-11-30 17:08:02,442][com.java.ImportnExport.ExportTestResultsExcel] [  301] - ..in export..Pass
[DEBUG][2015-11-30 17:08:02,442][com.java.ImportnExport.ExportTestResultsExcel] [  301] - ..in export..
[DEBUG][2015-11-30 17:08:02,442][com.java.ImportnExport.ExportTestResultsExcel] [  301] - ..in export..Mon Nov 30 17:07:57 IST 2015
[INFO ][2015-11-30 17:08:02,442][com.java.SeleniumDriver] [ 1279] - out loop:0 size:2 TestCases:[1, 3] testcases:[1, 3]
[INFO ][2015-11-30 17:08:02,442][com.java.ImportnExport.ImportTestDataDetailsExcel] [   49] - test data details path===== D:\BankersDashboard\TestInputs\TestData.xls
[DEBUG][2015-11-30 17:08:26,362][com.java.TestType] [ 5692] - //td[text()='Consolidated']   :: Element not Found
[INFO ][2015-11-30 17:08:36,363][com.java.SeleniumDriver] [  801] - ------------------------------------------
[INFO ][2015-11-30 17:08:36,363][com.java.SeleniumDriver] [  802] - Test case being Executed: 3
[INFO ][2015-11-30 17:08:36,363][com.java.SeleniumDriver] [  813] - Test step:1
[INFO ][2015-11-30 17:08:36,363][com.java.SeleniumDriver] [  825] - Datavalue is----------Logout
[INFO ][2015-11-30 17:08:36,363][com.java.SeleniumDriver] [  849] - DataField : BTN
[INFO ][2015-11-30 17:08:36,363][com.java.SeleniumDriver] [  851] - DataValue : Logout
[INFO ][2015-11-30 17:08:36,363][com.java.SeleniumDriver] [  857] - <In Set values of the page>
[INFO ][2015-11-30 17:08:36,363][com.java.SeleniumDriver] [  860] - {Data Fields & Data Values Exist}
[INFO ][2015-11-30 17:08:36,363][com.java.SeleniumDriver] [  862] - --------------------------setting values-----------------------------
[INFO ][2015-11-30 17:08:36,363][com.java.SeleniumDriver] [  865] - Action Type : Verify
[INFO ][2015-11-30 17:08:36,363][com.java.TestType] [ 5968] - field= BTN value= Logout
[INFO ][2015-11-30 17:08:36,363][com.java.TestType] [ 4783] - value = Logout
[INFO ][2015-11-30 17:08:36,425][com.java.SeleniumDriver] [  874] -  RESULT true
[INFO ][2015-11-30 17:08:36,425][com.java.SeleniumDriver] [ 1080] - ?   P A S S   ?
[INFO ][2015-11-30 17:08:36,425][com.java.SeleniumDriver] [ 1122] - step change to 3
[INFO ][2015-11-30 17:08:36,425][com.java.SeleniumDriver] [  801] - ------------------------------------------
[INFO ][2015-11-30 17:08:36,425][com.java.SeleniumDriver] [  802] - Test case being Executed: 3
[INFO ][2015-11-30 17:08:36,425][com.java.SeleniumDriver] [  813] - Test step:3
[INFO ][2015-11-30 17:08:36,425][com.java.SeleniumDriver] [  825] - Datavalue is----------Concept#2:1-2
[INFO ][2015-11-30 17:08:36,425][com.java.SeleniumDriver] [  849] - DataField : test
[INFO ][2015-11-30 17:08:36,425][com.java.SeleniumDriver] [  851] - DataValue : Concept#2:1-2
[INFO ][2015-11-30 17:08:36,425][com.java.SeleniumDriver] [  857] - <In Set values of the page>
[INFO ][2015-11-30 17:08:36,425][com.java.SeleniumDriver] [  860] - {Data Fields & Data Values Exist}
[INFO ][2015-11-30 17:08:36,425][com.java.SeleniumDriver] [  862] - --------------------------setting values-----------------------------
[INFO ][2015-11-30 17:08:36,425][com.java.SeleniumDriver] [  865] - Action Type : ExecuteTestCase
[INFO ][2015-11-30 17:08:36,425][com.java.TestType] [  432] - The Concept sheet name is ---------- Concept
[INFO ][2015-11-30 17:08:36,425][com.java.TestType] [  435] - The Concept ID  is ---------- 2
[DEBUG][2015-11-30 17:08:36,425][com.java.TestType] [  439] - Steps being executted in the Concept are: 1:2
[INFO ][2015-11-30 17:08:36,425][com.java.TestType] [  446] - Test data details path ---------- D:\BankersDashboard\TestInputs\TestData.xls
[INFO ][2015-11-30 17:08:36,455][com.java.TestType] [  477] -  str(1) = 2
[INFO ][2015-11-30 17:08:36,455][com.java.TestType] [  480] - Test case Id is---2
[INFO ][2015-11-30 17:08:36,455][com.java.TestType] [  482] - 2
[INFO ][2015-11-30 17:08:36,455][com.java.TestType] [  477] -  str(2) = 1
[INFO ][2015-11-30 17:08:36,455][com.java.TestType] [  529] - row values are--------{1=com.java.Objects.TestDataDetails@1cb7fe0}
[INFO ][2015-11-30 17:08:36,455][com.java.TestType] [  477] -  str(1) = 2
[INFO ][2015-11-30 17:08:36,455][com.java.TestType] [  480] - Test case Id is---2
[INFO ][2015-11-30 17:08:36,455][com.java.TestType] [  482] - 2
[INFO ][2015-11-30 17:08:36,455][com.java.TestType] [  477] -  str(2) = 2
[INFO ][2015-11-30 17:08:36,455][com.java.TestType] [  529] - row values are--------{1=com.java.Objects.TestDataDetails@1cb7fe0, 2=com.java.Objects.TestDataDetails@1b93a10}
[INFO ][2015-11-30 17:08:36,455][com.java.TestType] [  477] -  str(1) = 2
[INFO ][2015-11-30 17:08:36,455][com.java.TestType] [  480] - Test case Id is---2
[INFO ][2015-11-30 17:08:36,455][com.java.TestType] [  482] - 2
[INFO ][2015-11-30 17:08:36,455][com.java.TestType] [  477] -  str(2) = 3
[INFO ][2015-11-30 17:08:36,455][com.java.TestType] [  529] - row values are--------{1=com.java.Objects.TestDataDetails@1cb7fe0, 2=com.java.Objects.TestDataDetails@1b93a10, 3=com.java.Objects.TestDataDetails@68742d}
[INFO ][2015-11-30 17:08:36,455][com.java.TestType] [ 9260] - Looping 1TCID = 2
[DEBUG][2015-11-30 17:08:36,455][com.java.TestType] [ 9301] - Concept ID:2 :: Step being Executed: 2::1
[INFO ][2015-11-30 17:08:36,455][com.java.TestType] [ 9339] - dataFields : BNK//select[@id='bank']
[DEBUG][2015-11-30 17:08:36,455][com.java.TestType] [ 9345] - <In Set values of the page>
[DEBUG][2015-11-30 17:08:36,455][com.java.TestType] [ 9350] - {Data Fields & Data Values Exist}
[INFO ][2015-11-30 17:08:36,455][com.java.TestType] [ 9356] - --------------------------setting values-----------------------------
[INFO ][2015-11-30 17:08:36,455][com.java.TestType] [ 9359] - Action Type : Select
[INFO ][2015-11-30 17:08:36,455][com.java.TestType] [ 4783] - value = PFC
[INFO ][2015-11-30 17:08:36,645][com.java.TestType] [ 9378] -  RESULT true
[INFO ][2015-11-30 17:08:36,645][com.java.TestType] [ 9495] - ?   P A S S   ?
[DEBUG][2015-11-30 17:08:36,645][com.java.TestType] [ 9301] - Concept ID:2 :: Step being Executed: 2::2
[INFO ][2015-11-30 17:08:36,645][com.java.TestType] [ 9339] - dataFields : LNKLogout
[DEBUG][2015-11-30 17:08:36,645][com.java.TestType] [ 9345] - <In Set values of the page>
[DEBUG][2015-11-30 17:08:36,645][com.java.TestType] [ 9350] - {Data Fields & Data Values Exist}
[INFO ][2015-11-30 17:08:36,645][com.java.TestType] [ 9356] - --------------------------setting values-----------------------------
[INFO ][2015-11-30 17:08:36,645][com.java.TestType] [ 9359] - Action Type : WaitTime
[DEBUG][2015-11-30 17:08:36,645][com.java.TestType] [ 4603] - sleepTime: 5000
[INFO ][2015-11-30 17:08:41,645][com.java.TestType] [ 9378] -  RESULT true
[INFO ][2015-11-30 17:08:41,645][com.java.TestType] [ 9495] - ?   P A S S   ?
[INFO ][2015-11-30 17:08:41,645][com.java.TestType] [ 9566] - Looping End......
[INFO ][2015-11-30 17:08:41,645][com.java.SeleniumDriver] [  874] -  RESULT true
[INFO ][2015-11-30 17:08:41,645][com.java.SeleniumDriver] [ 1080] - ?   P A S S   ?
[INFO ][2015-11-30 17:08:41,645][com.java.SeleniumDriver] [  801] - ------------------------------------------
[INFO ][2015-11-30 17:08:41,645][com.java.SeleniumDriver] [  802] - Test case being Executed: 3
[INFO ][2015-11-30 17:08:41,645][com.java.SeleniumDriver] [  813] - Test step:4
[INFO ][2015-11-30 17:08:41,645][com.java.SeleniumDriver] [  825] - Datavalue is----------null
[DEBUG][2015-11-30 17:08:41,645][com.java.SeleniumDriver] [  843] - Exception: null
[INFO ][2015-11-30 17:08:41,645][com.java.SeleniumDriver] [  849] - DataField : //span[@class="icon-stats"]&&//a[@data-id="Manage"]
[INFO ][2015-11-30 17:08:41,645][com.java.SeleniumDriver] [  851] - DataValue : 
[INFO ][2015-11-30 17:08:41,645][com.java.SeleniumDriver] [  857] - <In Set values of the page>
[INFO ][2015-11-30 17:08:41,645][com.java.SeleniumDriver] [  860] - {Data Fields & Data Values Exist}
[INFO ][2015-11-30 17:08:41,645][com.java.SeleniumDriver] [  862] - --------------------------setting values-----------------------------
[INFO ][2015-11-30 17:08:41,645][com.java.SeleniumDriver] [  865] - Action Type : MOUSEOVER
[INFO ][2015-11-30 17:09:04,617][com.java.SeleniumDriver] [  874] -  RESULT true
[INFO ][2015-11-30 17:09:04,617][com.java.SeleniumDriver] [ 1080] - ?   P A S S   ?
[INFO ][2015-11-30 17:09:04,617][com.java.SeleniumDriver] [  801] - ------------------------------------------
[INFO ][2015-11-30 17:09:04,617][com.java.SeleniumDriver] [  802] - Test case being Executed: 3
[INFO ][2015-11-30 17:09:04,617][com.java.SeleniumDriver] [  813] - Test step:5
[INFO ][2015-11-30 17:09:04,617][com.java.SeleniumDriver] [  825] - Datavalue is----------5
[INFO ][2015-11-30 17:09:04,617][com.java.SeleniumDriver] [  849] - DataField : BTNdivHelpText
[INFO ][2015-11-30 17:09:04,617][com.java.SeleniumDriver] [  851] - DataValue : 5
[INFO ][2015-11-30 17:09:04,617][com.java.SeleniumDriver] [  857] - <In Set values of the page>
[INFO ][2015-11-30 17:09:04,617][com.java.SeleniumDriver] [  860] - {Data Fields & Data Values Exist}
[INFO ][2015-11-30 17:09:04,617][com.java.SeleniumDriver] [  862] - --------------------------setting values-----------------------------
[INFO ][2015-11-30 17:09:04,617][com.java.SeleniumDriver] [  865] - Action Type : WAITFORELEMENT
[INFO ][2015-11-30 17:09:05,798][com.java.SeleniumDriver] [  874] -  RESULT true
[INFO ][2015-11-30 17:09:05,798][com.java.SeleniumDriver] [ 1080] - ?   P A S S   ?
[INFO ][2015-11-30 17:09:05,798][com.java.SeleniumDriver] [  801] - ------------------------------------------
[INFO ][2015-11-30 17:09:05,798][com.java.SeleniumDriver] [  802] - Test case being Executed: 3
[INFO ][2015-11-30 17:09:05,798][com.java.SeleniumDriver] [  813] - Test step:6
[INFO ][2015-11-30 17:09:05,798][com.java.SeleniumDriver] [  825] - Datavalue is----------manage projections
[INFO ][2015-11-30 17:09:05,798][com.java.SeleniumDriver] [  849] - DataField : XPH//span[@class="ui-dialog-title"]
[INFO ][2015-11-30 17:09:05,798][com.java.SeleniumDriver] [  851] - DataValue : manage projections
[INFO ][2015-11-30 17:09:05,798][com.java.SeleniumDriver] [  857] - <In Set values of the page>
[INFO ][2015-11-30 17:09:05,798][com.java.SeleniumDriver] [  860] - {Data Fields & Data Values Exist}
[INFO ][2015-11-30 17:09:05,798][com.java.SeleniumDriver] [  862] - --------------------------setting values-----------------------------
[INFO ][2015-11-30 17:09:05,798][com.java.SeleniumDriver] [  865] - Action Type : VERIFY
[INFO ][2015-11-30 17:09:05,798][com.java.TestType] [ 5968] - field= XPH//span[@class="ui-dialog-title"] value= manage projections
[INFO ][2015-11-30 17:09:05,798][com.java.TestType] [ 4783] - value = manage projections
[INFO ][2015-11-30 17:09:05,939][com.java.SeleniumDriver] [  874] -  RESULT true
[INFO ][2015-11-30 17:09:05,939][com.java.SeleniumDriver] [ 1080] - ?   P A S S   ?
[INFO ][2015-11-30 17:09:05,939][com.java.SeleniumDriver] [  801] - ------------------------------------------
[INFO ][2015-11-30 17:09:05,939][com.java.SeleniumDriver] [  802] - Test case being Executed: 3
[INFO ][2015-11-30 17:09:05,939][com.java.SeleniumDriver] [  813] - Test step:7
[INFO ][2015-11-30 17:09:05,939][com.java.SeleniumDriver] [  825] - Datavalue is----------null
[DEBUG][2015-11-30 17:09:05,939][com.java.SeleniumDriver] [  843] - Exception: null
[INFO ][2015-11-30 17:09:05,939][com.java.SeleniumDriver] [  849] - DataField : BTNframeDialogContent
[INFO ][2015-11-30 17:09:05,939][com.java.SeleniumDriver] [  851] - DataValue : 
[INFO ][2015-11-30 17:09:05,939][com.java.SeleniumDriver] [  857] - <In Set values of the page>
[INFO ][2015-11-30 17:09:05,939][com.java.SeleniumDriver] [  860] - {Data Fields & Data Values Exist}
[INFO ][2015-11-30 17:09:05,939][com.java.SeleniumDriver] [  862] - --------------------------setting values-----------------------------
[INFO ][2015-11-30 17:09:05,939][com.java.SeleniumDriver] [  865] - Action Type : SELECTFRAME
[INFO ][2015-11-30 17:09:07,160][com.java.SeleniumDriver] [  874] -  RESULT true
[INFO ][2015-11-30 17:09:07,160][com.java.SeleniumDriver] [ 1080] - ?   P A S S   ?
[INFO ][2015-11-30 17:09:07,160][com.java.SeleniumDriver] [  801] - ------------------------------------------
[INFO ][2015-11-30 17:09:07,160][com.java.SeleniumDriver] [  802] - Test case being Executed: 3
[INFO ][2015-11-30 17:09:07,160][com.java.SeleniumDriver] [  813] - Test step:8
[INFO ][2015-11-30 17:09:07,160][com.java.SeleniumDriver] [  825] - Datavalue is----------
[INFO ][2015-11-30 17:09:07,160][com.java.SeleniumDriver] [  849] - DataField : BTN//select[@id='ddlProjections']/option[starts-with(.,'CopyTest')][1]
[INFO ][2015-11-30 17:09:07,160][com.java.SeleniumDriver] [  851] - DataValue : 
[INFO ][2015-11-30 17:09:07,160][com.java.SeleniumDriver] [  857] - <In Set values of the page>
[INFO ][2015-11-30 17:09:07,160][com.java.SeleniumDriver] [  860] - {Data Fields & Data Values Exist}
[INFO ][2015-11-30 17:09:07,160][com.java.SeleniumDriver] [  862] - --------------------------setting values-----------------------------
[INFO ][2015-11-30 17:09:07,160][com.java.SeleniumDriver] [  865] - Action Type : CLICK
[INFO ][2015-11-30 17:09:07,160][com.java.TestType] [ 5111] - Field ::BTN//select[@id='ddlProjections']/option[starts-with(.,'CopyTest')][1]
[INFO ][2015-11-30 17:09:08,160][com.java.TestType] [ 5177] - BEFORE CLICK
[INFO ][2015-11-30 17:09:08,321][com.java.TestType] [ 5184] - Unable to click the object Projections dropdown
[INFO ][2015-11-30 17:09:08,321][com.java.SeleniumDriver] [  874] -  RESULT true
[INFO ][2015-11-30 17:09:08,321][com.java.SeleniumDriver] [ 1080] - ?   P A S S   ?
[INFO ][2015-11-30 17:09:08,321][com.java.SeleniumDriver] [ 1122] - step change to 15
[INFO ][2015-11-30 17:09:08,321][com.java.SeleniumDriver] [  801] - ------------------------------------------
[INFO ][2015-11-30 17:09:08,321][com.java.SeleniumDriver] [  802] - Test case being Executed: 3
[INFO ][2015-11-30 17:09:08,321][com.java.SeleniumDriver] [  813] - Test step:15
[INFO ][2015-11-30 17:09:08,321][com.java.SeleniumDriver] [  825] - Datavalue is----------1
[INFO ][2015-11-30 17:09:08,321][com.java.SeleniumDriver] [  849] - DataField : null
[INFO ][2015-11-30 17:09:08,321][com.java.SeleniumDriver] [  851] - DataValue : 1
[INFO ][2015-11-30 17:09:08,321][com.java.SeleniumDriver] [  857] - <In Set values of the page>
[INFO ][2015-11-30 17:09:08,321][com.java.SeleniumDriver] [  860] - {Data Fields & Data Values Exist}
[INFO ][2015-11-30 17:09:08,321][com.java.SeleniumDriver] [  862] - --------------------------setting values-----------------------------
[INFO ][2015-11-30 17:09:08,321][com.java.SeleniumDriver] [  865] - Action Type : Waittime
[DEBUG][2015-11-30 17:09:08,321][com.java.TestType] [ 4603] - sleepTime: 1000
[INFO ][2015-11-30 17:09:09,321][com.java.SeleniumDriver] [  874] -  RESULT true
[INFO ][2015-11-30 17:09:09,321][com.java.SeleniumDriver] [ 1080] - ?   P A S S   ?
[INFO ][2015-11-30 17:09:09,321][com.java.SeleniumDriver] [  801] - ------------------------------------------
[INFO ][2015-11-30 17:09:09,321][com.java.SeleniumDriver] [  802] - Test case being Executed: 3
[INFO ][2015-11-30 17:09:09,321][com.java.SeleniumDriver] [  813] - Test step:16
[INFO ][2015-11-30 17:09:09,321][com.java.SeleniumDriver] [  825] - Datavalue is----------SelectedProjection
[INFO ][2015-11-30 17:09:09,321][com.java.SeleniumDriver] [  849] - DataField : SLBddlProjections
[INFO ][2015-11-30 17:09:09,321][com.java.SeleniumDriver] [  851] - DataValue : SelectedProjection
[INFO ][2015-11-30 17:09:09,321][com.java.SeleniumDriver] [  857] - <In Set values of the page>
[INFO ][2015-11-30 17:09:09,321][com.java.SeleniumDriver] [  860] - {Data Fields & Data Values Exist}
[INFO ][2015-11-30 17:09:09,321][com.java.SeleniumDriver] [  862] - --------------------------setting values-----------------------------
[INFO ][2015-11-30 17:09:09,321][com.java.SeleniumDriver] [  865] - Action Type : STOREVALUE
[INFO ][2015-11-30 17:09:09,321][com.java.TestType] [ 7146] - field= SLBddlProjections
[INFO ][2015-11-30 17:09:10,763][com.java.SeleniumDriver] [  874] -  RESULT true
[INFO ][2015-11-30 17:09:10,763][com.java.SeleniumDriver] [ 1080] - ?   P A S S   ?
[INFO ][2015-11-30 17:09:10,763][com.java.SeleniumDriver] [  801] - ------------------------------------------
[INFO ][2015-11-30 17:09:10,763][com.java.SeleniumDriver] [  802] - Test case being Executed: 3
[INFO ][2015-11-30 17:09:10,763][com.java.SeleniumDriver] [  813] - Test step:17
[INFO ][2015-11-30 17:09:10,763][com.java.SeleniumDriver] [  825] - Datavalue is----------null
[DEBUG][2015-11-30 17:09:10,763][com.java.SeleniumDriver] [  843] - Exception: null
[INFO ][2015-11-30 17:09:10,763][com.java.SeleniumDriver] [  849] - DataField : BTNparent
[INFO ][2015-11-30 17:09:10,763][com.java.SeleniumDriver] [  851] - DataValue : 
[INFO ][2015-11-30 17:09:10,763][com.java.SeleniumDriver] [  857] - <In Set values of the page>
[INFO ][2015-11-30 17:09:10,763][com.java.SeleniumDriver] [  860] - {Data Fields & Data Values Exist}
[INFO ][2015-11-30 17:09:10,763][com.java.SeleniumDriver] [  862] - --------------------------setting values-----------------------------
[INFO ][2015-11-30 17:09:10,763][com.java.SeleniumDriver] [  865] - Action Type : SELECTFRAME
[INFO ][2015-11-30 17:09:10,773][com.java.SeleniumDriver] [  874] -  RESULT true
[INFO ][2015-11-30 17:09:10,773][com.java.SeleniumDriver] [ 1080] - ?   P A S S   ?
[INFO ][2015-11-30 17:09:10,773][com.java.SeleniumDriver] [  801] - ------------------------------------------
[INFO ][2015-11-30 17:09:10,773][com.java.SeleniumDriver] [  802] - Test case being Executed: 3
[INFO ][2015-11-30 17:09:10,773][com.java.SeleniumDriver] [  813] - Test step:18
[INFO ][2015-11-30 17:09:10,773][com.java.SeleniumDriver] [  825] - Datavalue is----------null
[DEBUG][2015-11-30 17:09:10,773][com.java.SeleniumDriver] [  843] - Exception: null
[INFO ][2015-11-30 17:09:10,773][com.java.SeleniumDriver] [  849] - DataField : HDN//span[@class="ui-button-text" and contains(text(),'Continue')]
[INFO ][2015-11-30 17:09:10,773][com.java.SeleniumDriver] [  851] - DataValue : 
[INFO ][2015-11-30 17:09:10,773][com.java.SeleniumDriver] [  857] - <In Set values of the page>
[INFO ][2015-11-30 17:09:10,773][com.java.SeleniumDriver] [  860] - {Data Fields & Data Values Exist}
[INFO ][2015-11-30 17:09:10,773][com.java.SeleniumDriver] [  862] - --------------------------setting values-----------------------------
[INFO ][2015-11-30 17:09:10,773][com.java.SeleniumDriver] [  865] - Action Type : CLICK
[INFO ][2015-11-30 17:09:10,773][com.java.TestType] [ 5111] - Field ::HDN//span[@class="ui-button-text" and contains(text(),'Continue')]
[INFO ][2015-11-30 17:09:11,894][com.java.SeleniumDriver] [  874] -  RESULT true
[INFO ][2015-11-30 17:09:11,894][com.java.SeleniumDriver] [ 1080] - ?   P A S S   ?
[INFO ][2015-11-30 17:09:11,894][com.java.SeleniumDriver] [  801] - ------------------------------------------
[INFO ][2015-11-30 17:09:11,894][com.java.SeleniumDriver] [  802] - Test case being Executed: 3
[INFO ][2015-11-30 17:09:11,894][com.java.SeleniumDriver] [  813] - Test step:19
[INFO ][2015-11-30 17:09:11,894][com.java.SeleniumDriver] [  825] - Datavalue is----------5
[INFO ][2015-11-30 17:09:11,894][com.java.SeleniumDriver] [  849] - DataField : BTNframeProjectionOpen
[INFO ][2015-11-30 17:09:11,894][com.java.SeleniumDriver] [  851] - DataValue : 5
[INFO ][2015-11-30 17:09:11,894][com.java.SeleniumDriver] [  857] - <In Set values of the page>
[INFO ][2015-11-30 17:09:11,894][com.java.SeleniumDriver] [  860] - {Data Fields & Data Values Exist}
[INFO ][2015-11-30 17:09:11,894][com.java.SeleniumDriver] [  862] - --------------------------setting values-----------------------------
[INFO ][2015-11-30 17:09:11,894][com.java.SeleniumDriver] [  865] - Action Type : WAITFORELEMENT
[INFO ][2015-11-30 17:09:13,124][com.java.SeleniumDriver] [  874] -  RESULT true
[INFO ][2015-11-30 17:09:13,124][com.java.SeleniumDriver] [ 1080] - ?   P A S S   ?
[INFO ][2015-11-30 17:09:13,124][com.java.SeleniumDriver] [  801] - ------------------------------------------
[INFO ][2015-11-30 17:09:13,124][com.java.SeleniumDriver] [  802] - Test case being Executed: 3
[INFO ][2015-11-30 17:09:13,124][com.java.SeleniumDriver] [  813] - Test step:20
[INFO ][2015-11-30 17:09:13,124][com.java.SeleniumDriver] [  825] - Datavalue is----------null
[DEBUG][2015-11-30 17:09:13,124][com.java.SeleniumDriver] [  843] - Exception: null
[INFO ][2015-11-30 17:09:13,124][com.java.SeleniumDriver] [  849] - DataField : BTNframeProjectionOpen
[INFO ][2015-11-30 17:09:13,124][com.java.SeleniumDriver] [  851] - DataValue : 
[INFO ][2015-11-30 17:09:13,124][com.java.SeleniumDriver] [  857] - <In Set values of the page>
[INFO ][2015-11-30 17:09:13,124][com.java.SeleniumDriver] [  860] - {Data Fields & Data Values Exist}
[INFO ][2015-11-30 17:09:13,124][com.java.SeleniumDriver] [  862] - --------------------------setting values-----------------------------
[INFO ][2015-11-30 17:09:13,124][com.java.SeleniumDriver] [  865] - Action Type : SELECTFRAME
[INFO ][2015-11-30 17:09:14,366][com.java.SeleniumDriver] [  874] -  RESULT true
[INFO ][2015-11-30 17:09:14,366][com.java.SeleniumDriver] [ 1080] - ?   P A S S   ?
[INFO ][2015-11-30 17:09:14,366][com.java.SeleniumDriver] [  801] - ------------------------------------------
[INFO ][2015-11-30 17:09:14,366][com.java.SeleniumDriver] [  802] - Test case being Executed: 3
[INFO ][2015-11-30 17:09:14,366][com.java.SeleniumDriver] [  813] - Test step:21
[INFO ][2015-11-30 17:09:14,366][com.java.SeleniumDriver] [  825] - Datavalue is----------10
[INFO ][2015-11-30 17:09:14,366][com.java.SeleniumDriver] [  849] - DataField : XPH//span[@id='projTitle']
[INFO ][2015-11-30 17:09:14,366][com.java.SeleniumDriver] [  851] - DataValue : 10
[INFO ][2015-11-30 17:09:14,366][com.java.SeleniumDriver] [  857] - <In Set values of the page>
[INFO ][2015-11-30 17:09:14,366][com.java.SeleniumDriver] [  860] - {Data Fields & Data Values Exist}
[INFO ][2015-11-30 17:09:14,366][com.java.SeleniumDriver] [  862] - --------------------------setting values-----------------------------
[INFO ][2015-11-30 17:09:14,366][com.java.SeleniumDriver] [  865] - Action Type : WaitForElement
[INFO ][2015-11-30 17:09:14,406][com.java.SeleniumDriver] [  874] -  RESULT true
[INFO ][2015-11-30 17:09:14,406][com.java.SeleniumDriver] [ 1080] - ?   P A S S   ?
[INFO ][2015-11-30 17:09:14,406][com.java.SeleniumDriver] [  801] - ------------------------------------------
[INFO ][2015-11-30 17:09:14,406][com.java.SeleniumDriver] [  802] - Test case being Executed: 3
[INFO ][2015-11-30 17:09:14,406][com.java.SeleniumDriver] [  813] - Test step:22
[INFO ][2015-11-30 17:09:14,406][com.java.SeleniumDriver] [  825] - Datavalue is----------HMVSelectedProjection
[INFO ][2015-11-30 17:09:14,406][com.java.SeleniumDriver] [  849] - DataField : XPH//span[@id='projTitle']
[INFO ][2015-11-30 17:09:14,406][com.java.SeleniumDriver] [  851] - DataValue : HMVSelectedProjection
[INFO ][2015-11-30 17:09:14,406][com.java.SeleniumDriver] [  857] - <In Set values of the page>
[INFO ][2015-11-30 17:09:14,406][com.java.SeleniumDriver] [  860] - {Data Fields & Data Values Exist}
[INFO ][2015-11-30 17:09:14,406][com.java.SeleniumDriver] [  862] - --------------------------setting values-----------------------------
[INFO ][2015-11-30 17:09:14,406][com.java.SeleniumDriver] [  865] - Action Type : VERIFY
[INFO ][2015-11-30 17:09:14,406][com.java.TestType] [ 5968] - field= XPH//span[@id='projTitle'] value= HMVSelectedProjection
[INFO ][2015-11-30 17:09:14,406][com.java.TestType] [ 4783] - value = CopyTest62325
[INFO ][2015-11-30 17:09:14,516][com.java.SeleniumDriver] [  874] -  RESULT true
[INFO ][2015-11-30 17:09:14,516][com.java.SeleniumDriver] [ 1080] - ?   P A S S   ?
[INFO ][2015-11-30 17:09:14,516][com.java.SeleniumDriver] [  801] - ------------------------------------------
[INFO ][2015-11-30 17:09:14,516][com.java.SeleniumDriver] [  802] - Test case being Executed: 3
[INFO ][2015-11-30 17:09:14,516][com.java.SeleniumDriver] [  813] - Test step:23
[INFO ][2015-11-30 17:09:14,516][com.java.SeleniumDriver] [  825] - Datavalue is----------//table[@class="dlg_Outer_Table"]
[INFO ][2015-11-30 17:09:14,516][com.java.SeleniumDriver] [  849] - DataField : BTN
[INFO ][2015-11-30 17:09:14,516][com.java.SeleniumDriver] [  851] - DataValue : //table[@class="dlg_Outer_Table"]
[INFO ][2015-11-30 17:09:14,516][com.java.SeleniumDriver] [  857] - <In Set values of the page>
[INFO ][2015-11-30 17:09:14,516][com.java.SeleniumDriver] [  860] - {Data Fields & Data Values Exist}
[INFO ][2015-11-30 17:09:14,516][com.java.SeleniumDriver] [  862] - --------------------------setting values-----------------------------
[INFO ][2015-11-30 17:09:14,516][com.java.SeleniumDriver] [  865] - Action Type : VERIFY
[INFO ][2015-11-30 17:09:14,516][com.java.TestType] [ 5968] - field= BTN value= //table[@class="dlg_Outer_Table"]
[INFO ][2015-11-30 17:09:14,516][com.java.TestType] [ 4783] - value = //table[@class="dlg_Outer_Table"]
[INFO ][2015-11-30 17:09:14,556][com.java.SeleniumDriver] [  874] -  RESULT true
[INFO ][2015-11-30 17:09:14,556][com.java.SeleniumDriver] [ 1080] - ?   P A S S   ?
[INFO ][2015-11-30 17:09:14,556][com.java.SeleniumDriver] [  801] - ------------------------------------------
[INFO ][2015-11-30 17:09:14,556][com.java.SeleniumDriver] [  802] - Test case being Executed: 3
[INFO ][2015-11-30 17:09:14,556][com.java.SeleniumDriver] [  813] - Test step:24
[INFO ][2015-11-30 17:09:14,556][com.java.SeleniumDriver] [  825] - Datavalue is----------8
[INFO ][2015-11-30 17:09:14,556][com.java.SeleniumDriver] [  849] - DataField : DSPDelete
[INFO ][2015-11-30 17:09:14,556][com.java.SeleniumDriver] [  851] - DataValue : 8
[INFO ][2015-11-30 17:09:14,556][com.java.SeleniumDriver] [  857] - <In Set values of the page>
[INFO ][2015-11-30 17:09:14,556][com.java.SeleniumDriver] [  860] - {Data Fields & Data Values Exist}
[INFO ][2015-11-30 17:09:14,556][com.java.SeleniumDriver] [  862] - --------------------------setting values-----------------------------
[INFO ][2015-11-30 17:09:14,556][com.java.SeleniumDriver] [  865] - Action Type : WAITFORELEMENT
[INFO ][2015-11-30 17:09:19,830][com.java.SeleniumDriver] [  874] -  RESULT true
[INFO ][2015-11-30 17:09:19,830][com.java.SeleniumDriver] [ 1080] - ?   P A S S   ?
[INFO ][2015-11-30 17:09:19,830][com.java.SeleniumDriver] [  801] - ------------------------------------------
[INFO ][2015-11-30 17:09:19,830][com.java.SeleniumDriver] [  802] - Test case being Executed: 3
[INFO ][2015-11-30 17:09:19,830][com.java.SeleniumDriver] [  813] - Test step:25
[INFO ][2015-11-30 17:09:19,830][com.java.SeleniumDriver] [  825] - Datavalue is----------null
[DEBUG][2015-11-30 17:09:19,830][com.java.SeleniumDriver] [  843] - Exception: null
[INFO ][2015-11-30 17:09:19,830][com.java.SeleniumDriver] [  849] - DataField : BTNDelete
[INFO ][2015-11-30 17:09:19,830][com.java.SeleniumDriver] [  851] - DataValue : 
[INFO ][2015-11-30 17:09:19,830][com.java.SeleniumDriver] [  857] - <In Set values of the page>
[INFO ][2015-11-30 17:09:19,830][com.java.SeleniumDriver] [  860] - {Data Fields & Data Values Exist}
[INFO ][2015-11-30 17:09:19,830][com.java.SeleniumDriver] [  862] - --------------------------setting values-----------------------------
[INFO ][2015-11-30 17:09:19,830][com.java.SeleniumDriver] [  865] - Action Type : CLICK
[INFO ][2015-11-30 17:09:19,830][com.java.TestType] [ 5111] - Field ::BTNDelete
[INFO ][2015-11-30 17:09:20,830][com.java.TestType] [ 5177] - BEFORE CLICK
[INFO ][2015-11-30 17:09:23,211][com.java.TestType] [ 5184] - Unable to click the object Wait for Delete Button
[INFO ][2015-11-30 17:09:23,211][com.java.SeleniumDriver] [  874] -  RESULT true
[INFO ][2015-11-30 17:09:23,211][com.java.SeleniumDriver] [ 1080] - ?   P A S S   ?
[INFO ][2015-11-30 17:09:23,211][com.java.SeleniumDriver] [  801] - ------------------------------------------
[INFO ][2015-11-30 17:09:23,211][com.java.SeleniumDriver] [  802] - Test case being Executed: 3
[INFO ][2015-11-30 17:09:23,211][com.java.SeleniumDriver] [  813] - Test step:26
[INFO ][2015-11-30 17:09:23,211][com.java.SeleniumDriver] [  825] - Datavalue is----------ok
[INFO ][2015-11-30 17:09:23,211][com.java.SeleniumDriver] [  849] - DataField : CNF
[INFO ][2015-11-30 17:09:23,211][com.java.SeleniumDriver] [  851] - DataValue : ok
[INFO ][2015-11-30 17:09:23,211][com.java.SeleniumDriver] [  857] - <In Set values of the page>
[INFO ][2015-11-30 17:09:23,211][com.java.SeleniumDriver] [  860] - {Data Fields & Data Values Exist}
[INFO ][2015-11-30 17:09:23,211][com.java.SeleniumDriver] [  862] - --------------------------setting values-----------------------------
[INFO ][2015-11-30 17:09:23,211][com.java.SeleniumDriver] [  865] - Action Type : CLICK
[INFO ][2015-11-30 17:09:23,211][com.java.TestType] [ 5111] - Field ::CNF
[INFO ][2015-11-30 17:09:24,561][com.java.TestType] [ 5194] - Click the object Wait for Delete Button
[INFO ][2015-11-30 17:09:24,561][com.java.TestType] [ 5195] - Unable to click the object Wait for Delete Button
[INFO ][2015-11-30 17:09:24,561][com.java.SeleniumDriver] [  874] -  RESULT true
[INFO ][2015-11-30 17:09:24,561][com.java.SeleniumDriver] [ 1080] - ?   P A S S   ?
[INFO ][2015-11-30 17:09:24,561][com.java.SeleniumDriver] [  801] - ------------------------------------------
[INFO ][2015-11-30 17:09:24,561][com.java.SeleniumDriver] [  802] - Test case being Executed: 3
[INFO ][2015-11-30 17:09:24,561][com.java.SeleniumDriver] [  813] - Test step:27
[INFO ][2015-11-30 17:09:24,561][com.java.SeleniumDriver] [  825] - Datavalue is----------null
[DEBUG][2015-11-30 17:09:24,561][com.java.SeleniumDriver] [  843] - Exception: null
[INFO ][2015-11-30 17:09:24,561][com.java.SeleniumDriver] [  849] - DataField : BTNparent
[INFO ][2015-11-30 17:09:24,561][com.java.SeleniumDriver] [  851] - DataValue : 
[INFO ][2015-11-30 17:09:24,561][com.java.SeleniumDriver] [  857] - <In Set values of the page>
[INFO ][2015-11-30 17:09:24,561][com.java.SeleniumDriver] [  860] - {Data Fields & Data Values Exist}
[INFO ][2015-11-30 17:09:24,561][com.java.SeleniumDriver] [  862] - --------------------------setting values-----------------------------
[INFO ][2015-11-30 17:09:24,561][com.java.SeleniumDriver] [  865] - Action Type : SELECTFRAME
[INFO ][2015-11-30 17:09:24,562][com.java.SeleniumDriver] [  874] -  RESULT true
[INFO ][2015-11-30 17:09:24,562][com.java.SeleniumDriver] [ 1080] - ?   P A S S   ?
[INFO ][2015-11-30 17:09:24,562][com.java.SeleniumDriver] [  801] - ------------------------------------------
[INFO ][2015-11-30 17:09:24,562][com.java.SeleniumDriver] [  802] - Test case being Executed: 3
[INFO ][2015-11-30 17:09:24,562][com.java.SeleniumDriver] [  813] - Test step:28
[INFO ][2015-11-30 17:09:24,562][com.java.SeleniumDriver] [  825] - Datavalue is----------5
[INFO ][2015-11-30 17:09:24,562][com.java.SeleniumDriver] [  849] - DataField : DSP//div[@id="usercontent"]//div[contains(text(),'My Dashboard')]
[INFO ][2015-11-30 17:09:24,562][com.java.SeleniumDriver] [  851] - DataValue : 5
[INFO ][2015-11-30 17:09:24,562][com.java.SeleniumDriver] [  857] - <In Set values of the page>
[INFO ][2015-11-30 17:09:24,562][com.java.SeleniumDriver] [  860] - {Data Fields & Data Values Exist}
[INFO ][2015-11-30 17:09:24,562][com.java.SeleniumDriver] [  862] - --------------------------setting values-----------------------------
[INFO ][2015-11-30 17:09:24,562][com.java.SeleniumDriver] [  865] - Action Type : WAITFORELEMENT
[INFO ][2015-11-30 17:09:25,783][com.java.SeleniumDriver] [  874] -  RESULT true
[INFO ][2015-11-30 17:09:25,783][com.java.SeleniumDriver] [ 1080] - ?   P A S S   ?
[INFO ][2015-11-30 17:09:25,783][com.java.SeleniumDriver] [  801] - ------------------------------------------
[INFO ][2015-11-30 17:09:25,783][com.java.SeleniumDriver] [  802] - Test case being Executed: 3
[INFO ][2015-11-30 17:09:25,783][com.java.SeleniumDriver] [  813] - Test step:29
[INFO ][2015-11-30 17:09:25,783][com.java.SeleniumDriver] [  825] - Datavalue is----------My Dashboard
[INFO ][2015-11-30 17:09:25,783][com.java.SeleniumDriver] [  849] - DataField : XPH//div[@id="usercontent"]//div[contains(text(),'My Dashboard')]
[INFO ][2015-11-30 17:09:25,783][com.java.SeleniumDriver] [  851] - DataValue : My Dashboard
[INFO ][2015-11-30 17:09:25,783][com.java.SeleniumDriver] [  857] - <In Set values of the page>
[INFO ][2015-11-30 17:09:25,783][com.java.SeleniumDriver] [  860] - {Data Fields & Data Values Exist}
[INFO ][2015-11-30 17:09:25,783][com.java.SeleniumDriver] [  862] - --------------------------setting values-----------------------------
[INFO ][2015-11-30 17:09:25,783][com.java.SeleniumDriver] [  865] - Action Type : VERIFY
[INFO ][2015-11-30 17:09:25,783][com.java.TestType] [ 5968] - field= XPH//div[@id="usercontent"]//div[contains(text(),'My Dashboard')] value= My Dashboard
[INFO ][2015-11-30 17:09:25,783][com.java.TestType] [ 4783] - value = My Dashboard
[INFO ][2015-11-30 17:09:25,913][com.java.SeleniumDriver] [  874] -  RESULT true
[INFO ][2015-11-30 17:09:25,913][com.java.SeleniumDriver] [ 1080] - ?   P A S S   ?
[INFO ][2015-11-30 17:09:25,913][com.java.SeleniumDriver] [  801] - ------------------------------------------
[INFO ][2015-11-30 17:09:25,913][com.java.SeleniumDriver] [  802] - Test case being Executed: 3
[INFO ][2015-11-30 17:09:25,913][com.java.SeleniumDriver] [  813] - Test step:30
[INFO ][2015-11-30 17:09:25,913][com.java.SeleniumDriver] [  825] - Datavalue is----------null
[DEBUG][2015-11-30 17:09:25,913][com.java.SeleniumDriver] [  843] - Exception: null
[INFO ][2015-11-30 17:09:25,913][com.java.SeleniumDriver] [  849] - DataField : //span[@class="icon-stats"]&&//a[@data-id="Manage"]
[INFO ][2015-11-30 17:09:25,913][com.java.SeleniumDriver] [  851] - DataValue : 
[INFO ][2015-11-30 17:09:25,913][com.java.SeleniumDriver] [  857] - <In Set values of the page>
[INFO ][2015-11-30 17:09:25,913][com.java.SeleniumDriver] [  860] - {Data Fields & Data Values Exist}
[INFO ][2015-11-30 17:09:25,913][com.java.SeleniumDriver] [  862] - --------------------------setting values-----------------------------
[INFO ][2015-11-30 17:09:25,913][com.java.SeleniumDriver] [  865] - Action Type : MOUSEOVER
[INFO ][2015-11-30 17:09:48,819][com.java.SeleniumDriver] [  874] -  RESULT true
[INFO ][2015-11-30 17:09:48,819][com.java.SeleniumDriver] [ 1080] - ?   P A S S   ?
[INFO ][2015-11-30 17:09:48,819][com.java.SeleniumDriver] [  801] - ------------------------------------------
[INFO ][2015-11-30 17:09:48,819][com.java.SeleniumDriver] [  802] - Test case being Executed: 3
[INFO ][2015-11-30 17:09:48,819][com.java.SeleniumDriver] [  813] - Test step:31
[INFO ][2015-11-30 17:09:48,819][com.java.SeleniumDriver] [  825] - Datavalue is----------5
[INFO ][2015-11-30 17:09:48,819][com.java.SeleniumDriver] [  849] - DataField : BTNdivHelpText
[INFO ][2015-11-30 17:09:48,819][com.java.SeleniumDriver] [  851] - DataValue : 5
[INFO ][2015-11-30 17:09:48,819][com.java.SeleniumDriver] [  857] - <In Set values of the page>
[INFO ][2015-11-30 17:09:48,819][com.java.SeleniumDriver] [  860] - {Data Fields & Data Values Exist}
[INFO ][2015-11-30 17:09:48,819][com.java.SeleniumDriver] [  862] - --------------------------setting values-----------------------------
[INFO ][2015-11-30 17:09:48,819][com.java.SeleniumDriver] [  865] - Action Type : WAITFORELEMENT
[INFO ][2015-11-30 17:09:50,000][com.java.SeleniumDriver] [  874] -  RESULT true
[INFO ][2015-11-30 17:09:50,000][com.java.SeleniumDriver] [ 1080] - ?   P A S S   ?
[INFO ][2015-11-30 17:09:50,000][com.java.SeleniumDriver] [  801] - ------------------------------------------
[INFO ][2015-11-30 17:09:50,000][com.java.SeleniumDriver] [  802] - Test case being Executed: 3
[INFO ][2015-11-30 17:09:50,000][com.java.SeleniumDriver] [  813] - Test step:32
[INFO ][2015-11-30 17:09:50,000][com.java.SeleniumDriver] [  825] - Datavalue is----------null
[DEBUG][2015-11-30 17:09:50,000][com.java.SeleniumDriver] [  843] - Exception: null
[INFO ][2015-11-30 17:09:50,000][com.java.SeleniumDriver] [  849] - DataField : BTNframeDialogContent
[INFO ][2015-11-30 17:09:50,000][com.java.SeleniumDriver] [  851] - DataValue : 
[INFO ][2015-11-30 17:09:50,000][com.java.SeleniumDriver] [  857] - <In Set values of the page>
[INFO ][2015-11-30 17:09:50,000][com.java.SeleniumDriver] [  860] - {Data Fields & Data Values Exist}
[INFO ][2015-11-30 17:09:50,000][com.java.SeleniumDriver] [  862] - --------------------------setting values-----------------------------
[INFO ][2015-11-30 17:09:50,000][com.java.SeleniumDriver] [  865] - Action Type : SELECTFRAME
[INFO ][2015-11-30 17:09:51,202][com.java.SeleniumDriver] [  874] -  RESULT true
[INFO ][2015-11-30 17:09:51,202][com.java.SeleniumDriver] [ 1080] - ?   P A S S   ?
[INFO ][2015-11-30 17:09:51,202][com.java.SeleniumDriver] [  801] - ------------------------------------------
[INFO ][2015-11-30 17:09:51,202][com.java.SeleniumDriver] [  802] - Test case being Executed: 3
[INFO ][2015-11-30 17:09:51,202][com.java.SeleniumDriver] [  813] - Test step:33
[INFO ][2015-11-30 17:09:51,202][com.java.SeleniumDriver] [  825] - Datavalue is----------5
[INFO ][2015-11-30 17:09:51,202][com.java.SeleniumDriver] [  849] - DataField : null
[INFO ][2015-11-30 17:09:51,202][com.java.SeleniumDriver] [  851] - DataValue : 5
[INFO ][2015-11-30 17:09:51,202][com.java.SeleniumDriver] [  857] - <In Set values of the page>
[INFO ][2015-11-30 17:09:51,202][com.java.SeleniumDriver] [  860] - {Data Fields & Data Values Exist}
[INFO ][2015-11-30 17:09:51,202][com.java.SeleniumDriver] [  862] - --------------------------setting values-----------------------------
[INFO ][2015-11-30 17:09:51,202][com.java.SeleniumDriver] [  865] - Action Type : Waittime
[DEBUG][2015-11-30 17:09:51,202][com.java.TestType] [ 4603] - sleepTime: 5000
[INFO ][2015-11-30 17:09:56,202][com.java.SeleniumDriver] [  874] -  RESULT true
[INFO ][2015-11-30 17:09:56,202][com.java.SeleniumDriver] [ 1080] - ?   P A S S   ?
[INFO ][2015-11-30 17:09:56,202][com.java.SeleniumDriver] [  801] - ------------------------------------------
[INFO ][2015-11-30 17:09:56,202][com.java.SeleniumDriver] [  802] - Test case being Executed: 3
[INFO ][2015-11-30 17:09:56,202][com.java.SeleniumDriver] [  813] - Test step:34
[INFO ][2015-11-30 17:09:56,202][com.java.SeleniumDriver] [  825] - Datavalue is----------5
[INFO ][2015-11-30 17:09:56,202][com.java.SeleniumDriver] [  849] - DataField : BTNddlProjections
[INFO ][2015-11-30 17:09:56,202][com.java.SeleniumDriver] [  851] - DataValue : 5
[INFO ][2015-11-30 17:09:56,202][com.java.SeleniumDriver] [  857] - <In Set values of the page>
[INFO ][2015-11-30 17:09:56,202][com.java.SeleniumDriver] [  860] - {Data Fields & Data Values Exist}
[INFO ][2015-11-30 17:09:56,202][com.java.SeleniumDriver] [  862] - --------------------------setting values-----------------------------
[INFO ][2015-11-30 17:09:56,202][com.java.SeleniumDriver] [  865] - Action Type : WAITFORELEMENT
[INFO ][2015-11-30 17:09:57,253][com.java.SeleniumDriver] [  874] -  RESULT true
[INFO ][2015-11-30 17:09:57,253][com.java.SeleniumDriver] [ 1080] - ?   P A S S   ?
[INFO ][2015-11-30 17:09:57,253][com.java.SeleniumDriver] [  801] - ------------------------------------------
[INFO ][2015-11-30 17:09:57,253][com.java.SeleniumDriver] [  802] - Test case being Executed: 3
[INFO ][2015-11-30 17:09:57,253][com.java.SeleniumDriver] [  813] - Test step:35
[INFO ][2015-11-30 17:09:57,253][com.java.SeleniumDriver] [  825] - Datavalue is----------HMVSelectedProjection
[INFO ][2015-11-30 17:09:57,253][com.java.SeleniumDriver] [  849] - DataField : MSG
[INFO ][2015-11-30 17:09:57,253][com.java.SeleniumDriver] [  851] - DataValue : HMVSelectedProjection
[INFO ][2015-11-30 17:09:57,253][com.java.SeleniumDriver] [  857] - <In Set values of the page>
[INFO ][2015-11-30 17:09:57,253][com.java.SeleniumDriver] [  860] - {Data Fields & Data Values Exist}
[INFO ][2015-11-30 17:09:57,253][com.java.SeleniumDriver] [  862] - --------------------------setting values-----------------------------
[INFO ][2015-11-30 17:09:57,253][com.java.SeleniumDriver] [  865] - Action Type : VERIFYNOTPRESENT
[INFO ][2015-11-30 17:09:57,253][com.java.TestType] [ 7422] - field= MSG value= HMVSelectedProjection
[INFO ][2015-11-30 17:09:57,254][com.java.SeleniumDriver] [  874] -  RESULT true
[INFO ][2015-11-30 17:09:57,254][com.java.SeleniumDriver] [ 1080] - ?   P A S S   ?
[INFO ][2015-11-30 17:09:57,254][com.java.SeleniumDriver] [  801] - ------------------------------------------
[INFO ][2015-11-30 17:09:57,254][com.java.SeleniumDriver] [  802] - Test case being Executed: 3
[INFO ][2015-11-30 17:09:57,254][com.java.SeleniumDriver] [  813] - Test step:36
[INFO ][2015-11-30 17:09:57,254][com.java.SeleniumDriver] [  825] - Datavalue is----------null
[DEBUG][2015-11-30 17:09:57,254][com.java.SeleniumDriver] [  843] - Exception: null
[INFO ][2015-11-30 17:09:57,254][com.java.SeleniumDriver] [  849] - DataField : BTNparent
[INFO ][2015-11-30 17:09:57,254][com.java.SeleniumDriver] [  851] - DataValue : 
[INFO ][2015-11-30 17:09:57,254][com.java.SeleniumDriver] [  857] - <In Set values of the page>
[INFO ][2015-11-30 17:09:57,254][com.java.SeleniumDriver] [  860] - {Data Fields & Data Values Exist}
[INFO ][2015-11-30 17:09:57,254][com.java.SeleniumDriver] [  862] - --------------------------setting values-----------------------------
[INFO ][2015-11-30 17:09:57,254][com.java.SeleniumDriver] [  865] - Action Type : SELECTFRAME
[INFO ][2015-11-30 17:09:57,274][com.java.SeleniumDriver] [  874] -  RESULT true
[INFO ][2015-11-30 17:09:57,274][com.java.SeleniumDriver] [ 1080] - ?   P A S S   ?
[DEBUG][2015-11-30 17:09:57,274][com.java.SeleniumDriver] [ 1192] - Case found
[DEBUG][2015-11-30 17:09:57,274][com.java.SeleniumDriver] [ 1197] - Incrementing ReportCounters[0]:2
[INFO ][2015-11-30 17:09:57,274][com.java.SeleniumDriver] [ 1216] - The results are-------------------[3, 1, Projections > Manage Projections : Delete Projections, Pass, , Mon Nov 30 17:08:36 IST 2015, 3, 3, Projections > Manage Projections : Delete Projections, Pass, , Mon Nov 30 17:08:41 IST 2015, 3, 4, Projections > Manage Projections : Delete Projections, Pass, , Mon Nov 30 17:09:04 IST 2015, 3, 5, Projections > Manage Projections : Delete Projections, Pass, , Mon Nov 30 17:09:05 IST 2015, 3, 6, Projections > Manage Projections : Delete Projections, Pass, , Mon Nov 30 17:09:05 IST 2015, 3, 7, Projections > Manage Projections : Delete Projections, Pass, , Mon Nov 30 17:09:07 IST 2015, 3, 8, Projections > Manage Projections : Delete Projections, Pass, , Mon Nov 30 17:09:08 IST 2015, 3, 15, Projections > Manage Projections : Delete Projections, Pass, , Mon Nov 30 17:09:09 IST 2015, 3, 16, Projections > Manage Projections : Delete Projections, Pass, , Mon Nov 30 17:09:10 IST 2015, 3, 17, Projections > Manage Projections : Delete Projections, Pass, , Mon Nov 30 17:09:10 IST 2015, 3, 18, Projections > Manage Projections : Delete Projections, Pass, , Mon Nov 30 17:09:11 IST 2015, 3, 19, Projections > Manage Projections : Delete Projections, Pass, , Mon Nov 30 17:09:13 IST 2015, 3, 20, Projections > Manage Projections : Delete Projections, Pass, , Mon Nov 30 17:09:14 IST 2015, 3, 21, Projections > Manage Projections : Delete Projections, Pass, , Mon Nov 30 17:09:14 IST 2015, 3, 22, Projections > Manage Projections : Delete Projections, Pass, , Mon Nov 30 17:09:14 IST 2015, 3, 23, Projections > Manage Projections : Delete Projections, Pass, , Mon Nov 30 17:09:14 IST 2015, 3, 24, Projections > Manage Projections : Delete Projections, Pass, , Mon Nov 30 17:09:19 IST 2015, 3, 25, Projections > Manage Projections : Delete Projections, Pass, , Mon Nov 30 17:09:23 IST 2015, 3, 26, Projections > Manage Projections : Delete Projections, Pass, , Mon Nov 30 17:09:24 IST 2015, 3, 27, Projections > Manage Projections : Delete Projections, Pass, , Mon Nov 30 17:09:24 IST 2015, 3, 28, Projections > Manage Projections : Delete Projections, Pass, , Mon Nov 30 17:09:25 IST 2015, 3, 29, Projections > Manage Projections : Delete Projections, Pass, , Mon Nov 30 17:09:25 IST 2015, 3, 30, Projections > Manage Projections : Delete Projections, Pass, , Mon Nov 30 17:09:48 IST 2015, 3, 31, Projections > Manage Projections : Delete Projections, Pass, , Mon Nov 30 17:09:50 IST 2015, 3, 32, Projections > Manage Projections : Delete Projections, Pass, , Mon Nov 30 17:09:51 IST 2015, 3, 33, Projections > Manage Projections : Delete Projections, Pass, , Mon Nov 30 17:09:56 IST 2015, 3, 34, Projections > Manage Projections : Delete Projections, Pass, , Mon Nov 30 17:09:57 IST 2015, 3, 35, Projections > Manage Projections : Delete Projections, Pass, , Mon Nov 30 17:09:57 IST 2015, 3, 36, Projections > Manage Projections : Delete Projections, Pass, , Mon Nov 30 17:09:57 IST 2015]
[INFO ][2015-11-30 17:09:57,274][com.java.SeleniumDriver] [ 1220] - End time is-------2 min 30 sec
[INFO ][2015-11-30 17:09:57,274][com.java.SeleniumDriver] [ 1221] - The results are-------------------[3, 1, Projections > Manage Projections : Delete Projections, Pass, , Mon Nov 30 17:08:36 IST 2015, 3, 3, Projections > Manage Projections : Delete Projections, Pass, , Mon Nov 30 17:08:41 IST 2015, 3, 4, Projections > Manage Projections : Delete Projections, Pass, , Mon Nov 30 17:09:04 IST 2015, 3, 5, Projections > Manage Projections : Delete Projections, Pass, , Mon Nov 30 17:09:05 IST 2015, 3, 6, Projections > Manage Projections : Delete Projections, Pass, , Mon Nov 30 17:09:05 IST 2015, 3, 7, Projections > Manage Projections : Delete Projections, Pass, , Mon Nov 30 17:09:07 IST 2015, 3, 8, Projections > Manage Projections : Delete Projections, Pass, , Mon Nov 30 17:09:08 IST 2015, 3, 15, Projections > Manage Projections : Delete Projections, Pass, , Mon Nov 30 17:09:09 IST 2015, 3, 16, Projections > Manage Projections : Delete Projections, Pass, , Mon Nov 30 17:09:10 IST 2015, 3, 17, Projections > Manage Projections : Delete Projections, Pass, , Mon Nov 30 17:09:10 IST 2015, 3, 18, Projections > Manage Projections : Delete Projections, Pass, , Mon Nov 30 17:09:11 IST 2015, 3, 19, Projections > Manage Projections : Delete Projections, Pass, , Mon Nov 30 17:09:13 IST 2015, 3, 20, Projections > Manage Projections : Delete Projections, Pass, , Mon Nov 30 17:09:14 IST 2015, 3, 21, Projections > Manage Projections : Delete Projections, Pass, , Mon Nov 30 17:09:14 IST 2015, 3, 22, Projections > Manage Projections : Delete Projections, Pass, , Mon Nov 30 17:09:14 IST 2015, 3, 23, Projections > Manage Projections : Delete Projections, Pass, , Mon Nov 30 17:09:14 IST 2015, 3, 24, Projections > Manage Projections : Delete Projections, Pass, , Mon Nov 30 17:09:19 IST 2015, 3, 25, Projections > Manage Projections : Delete Projections, Pass, , Mon Nov 30 17:09:23 IST 2015, 3, 26, Projections > Manage Projections : Delete Projections, Pass, , Mon Nov 30 17:09:24 IST 2015, 3, 27, Projections > Manage Projections : Delete Projections, Pass, , Mon Nov 30 17:09:24 IST 2015, 3, 28, Projections > Manage Projections : Delete Projections, Pass, , Mon Nov 30 17:09:25 IST 2015, 3, 29, Projections > Manage Projections : Delete Projections, Pass, , Mon Nov 30 17:09:25 IST 2015, 3, 30, Projections > Manage Projections : Delete Projections, Pass, , Mon Nov 30 17:09:48 IST 2015, 3, 31, Projections > Manage Projections : Delete Projections, Pass, , Mon Nov 30 17:09:50 IST 2015, 3, 32, Projections > Manage Projections : Delete Projections, Pass, , Mon Nov 30 17:09:51 IST 2015, 3, 33, Projections > Manage Projections : Delete Projections, Pass, , Mon Nov 30 17:09:56 IST 2015, 3, 34, Projections > Manage Projections : Delete Projections, Pass, , Mon Nov 30 17:09:57 IST 2015, 3, 35, Projections > Manage Projections : Delete Projections, Pass, , Mon Nov 30 17:09:57 IST 2015, 3, 36, Projections > Manage Projections : Delete Projections, Pass, , Mon Nov 30 17:09:57 IST 2015]
[DEBUG][2015-11-30 17:09:57,274][com.java.ImportnExport.ExportTestResultsExcel] [  222] - testResultPath = D:\BankersDashboard/TestReports/Test Results_BankersDashBoard_113015_170729_IE10_Any Bank USA.xls
[DEBUG][2015-11-30 17:09:57,274][com.java.ImportnExport.ExportTestResultsExcel] [  223] - browser is------------IE10
[DEBUG][2015-11-30 17:09:57,274][com.java.ImportnExport.ExportTestResultsExcel] [  270] - result.size() = 174
[DEBUG][2015-11-30 17:09:57,274][com.java.ImportnExport.ExportTestResultsExcel] [  274] - No of rows in sheet=2
[DEBUG][2015-11-30 17:09:57,274][com.java.ImportnExport.ExportTestResultsExcel] [  301] - ..in export..3
[DEBUG][2015-11-30 17:09:57,274][com.java.ImportnExport.ExportTestResultsExcel] [  301] - ..in export..Projections > Manage Projections : Delete Projections
[DEBUG][2015-11-30 17:09:57,274][com.java.ImportnExport.ExportTestResultsExcel] [  301] - ..in export..Pass
[DEBUG][2015-11-30 17:09:57,274][com.java.ImportnExport.ExportTestResultsExcel] [  301] - ..in export..
[DEBUG][2015-11-30 17:09:57,274][com.java.ImportnExport.ExportTestResultsExcel] [  301] - ..in export..Mon Nov 30 17:08:36 IST 2015
[INFO ][2015-11-30 17:09:57,274][com.java.SeleniumDriver] [ 1279] - out loop:1 size:2 TestCases:[1, 3] testcases:[1, 3]
[INFO ][2015-11-30 17:09:59,274][com.java.SeleniumDriver] [ 1322] - Total Number of Cases:2
[INFO ][2015-11-30 17:09:59,274][com.java.TemplateGenerator] [  302] - Executed:2
[INFO ][2015-11-30 17:09:59,274][com.java.TemplateGenerator] [  303] - Passed:2
[INFO ][2015-11-30 17:09:59,274][com.java.TemplateGenerator] [  304] - Failed:0
[INFO ][2015-11-30 17:09:59,274][com.java.TemplateGenerator] [  305] - Skipeed:0
[INFO ][2015-11-30 17:09:59,274][com.java.TemplateGenerator] [  306] - Application URL:https://clients-xuat.bankersdashboard.com
[INFO ][2015-11-30 17:09:59,274][com.java.TemplateGenerator] [  307] - Start Time:113015_170729
[INFO ][2015-11-30 17:09:59,274][com.java.TemplateGenerator] [  308] -  Creating HTML Report 
[ERROR][2015-11-30 17:09:59,274][com.java.TemplateGenerator] [  409] - Unparseable date: "Mon Nov 30 05:07:29 IST 2015"
[INFO ][2015-11-30 17:09:59,274][com.java.TemplateGenerator] [  654] -  Exporting case :: 1
[INFO ][2015-11-30 17:09:59,274][com.java.TemplateGenerator] [  654] -  Exporting case :: 3
[INFO ][2015-11-30 17:09:59,274][com.java.SeleniumDriver] [ 1371] - End Time:113015_170959
[INFO ][2015-11-30 17:09:59,274][com.java.SeleniumDriver] [ 1374] - Data in Test Execution Details:{1=PASS, 3=PASS}
[INFO ][2015-11-30 17:09:59,274][com.java.SeleniumDriver] [ 1375] - Data in Failed Execution Deatils:{}
[INFO ][2015-11-30 17:09:59,274][com.java.SeleniumDriver] [ 1377] - ReportCounter:Total:2 :: PASS: 2 ::FAIL: 0
[INFO ][2015-11-30 17:09:59,274][com.java.SeleniumDriver] [ 1378] - FailedReportCounter:Total:0 :: PASS: 0 ::FAIL: 0
[INFO ][2015-11-30 17:09:59,275][com.java.EmailTestReport] [   63] - Sending report mail details:
[INFO ][2015-11-30 17:09:59,275][com.java.EmailTestReport] [   80] - Excel Report Path:D:\BankersDashboard/TestReports/Test Results_BankersDashBoard_113015_170729_IE10_Any Bank USA.xls
[INFO ][2015-11-30 17:09:59,275][com.java.EmailTestReport] [   81] - HTML Report Path:D:\BankersDashboard//TestReports//Test Results_BankersDashBoard_113015_170729_IE10_Any Bank USA.html
[INFO ][2015-11-30 17:09:59,275][com.java.EmailTestReport] [   82] - smtpHostName:mail01.valuelabs.com
[INFO ][2015-11-30 17:09:59,275][com.java.EmailTestReport] [   83] - Recipient:venkateswararao.gubbala@valuelabs.com;
[INFO ][2015-11-30 17:09:59,275][com.java.EmailTestReport] [   84] - From:venkateswararao.gubbala@valuelabs.com;
[INFO ][2015-11-30 17:09:59,275][com.java.EmailTestReport] [   85] - Subject:Deluxe Corp Bankers Dashboard Automation Test Report - Any Bank USA - IE10
[INFO ][2015-11-30 17:09:59,295][com.java.EmailTestReport] [  143] -  Added venkateswararao.gubbala@valuelabs.com
[INFO ][2015-11-30 17:10:02,685][com.java.SeleniumDriver] [  720] - quitting the browser 
[INFO ][2015-11-30 17:10:04,367][com.java.SeleniumDriver] [  264] - Execution Completed Stopping the thread
