[INFO ][2015-12-21 16:14:58,911][com.java.SeleniumDriver] [  213] - Execute Failed Casesfalse
[INFO ][2015-12-21 16:14:58,911][com.java.SeleniumDriver] [  214] - Browser: IE10
[INFO ][2015-12-21 16:14:58,911][com.java.SeleniumDriver] [  215] - [1, 26]
[INFO ][2015-12-21 16:14:58,912][com.java.SeleniumDriver] [  216] - Total TestCases:2
[INFO ][2015-12-21 16:14:58,912][com.java.SeleniumDriver] [  217] -  Reading Properties from Property File 
[DEBUG][2015-12-21 16:14:58,912][com.java.SeleniumDriver] [  238] - url : https://clients-xuat.bankersdashboard.com
[INFO ][2015-12-21 16:14:58,913][com.java.ImportnExport.ExportTestResultsExcel] [  116] - Time Stamp Mon Dec 21 04:14:58 IST 2015
[INFO ][2015-12-21 16:14:58,913][com.java.ImportnExport.ExportTestResultsExcel] [  175] - OUT FILE : D:\BankersDashboard/TestReports/Test Results_BankersDashBoard_122115_161458_IE10_Bank of North Carolina.xls
[INFO ][2015-12-21 16:14:58,942][com.java.ImportnExport.ExportTestResultsExcel] [  180] - Test Result file is created
[DEBUG][2015-12-21 16:14:59,044][com.java.SeleniumDriver] [  426] - Hub ip address is-------172.17.68.34
[INFO ][2015-12-21 16:14:59,045][com.java.SeleniumDriver] [  452] - Grid URL:http://172.17.68.34:4444/wd/hub
[INFO ][2015-12-21 16:14:59,045][com.java.SeleniumDriver] [  453] - Capability:Capabilities [{platform=ANY, ensureCleanSession=true, ignoreProtectedModeSettings=true, acceptSslCerts=true, ignoreZoomSetting=true, browserName=internet explorer, browserstack.ie.noFlash=true, version=null}]
[ERROR][2015-12-21 16:15:00,356][com.java.SeleniumDriver] [  497] - Unable invoke browser in grid:Could not start a new session. Possible causes are invalid address of the remote server or browser start-up failure.
Build info: version: '2.48.2', revision: '41bccdd', time: '2015-10-09 19:59:12'
System info: host: 'FVTIII438F1D', ip: '172.17.68.34', os.name: 'Windows 7', os.arch: 'x86', os.version: '6.1', java.version: '1.7.0_55'
Driver info: driver.version: SeleniumDriver
[INFO ][2015-12-21 16:15:00,356][com.java.SeleniumDriver] [  499] - Executing on local machine
[INFO ][2015-12-21 16:15:10,877][com.java.SeleniumDriver] [  248] - IE10is opened
[INFO ][2015-12-21 16:15:11,728][com.java.SeleniumDriver] [  754] - Test cases to be executed are: [1, 26]
[INFO ][2015-12-21 16:15:11,747][com.java.ImportnExport.ImportTestDataDetailsExcel] [   49] - test data details path===== D:\BankersDashboard\TestInputs\TestData.xls
[INFO ][2015-12-21 16:15:11,826][com.java.SeleniumDriver] [  821] - ------------------------------------------
[INFO ][2015-12-21 16:15:11,826][com.java.SeleniumDriver] [  822] - Test case being Executed: 1
[INFO ][2015-12-21 16:15:11,826][com.java.SeleniumDriver] [  833] - Test step:1
[INFO ][2015-12-21 16:15:11,826][com.java.SeleniumDriver] [  845] - Datavalue is----------Concept#1:1-16
[INFO ][2015-12-21 16:15:11,826][com.java.SeleniumDriver] [  869] - DataField : test
[INFO ][2015-12-21 16:15:11,826][com.java.SeleniumDriver] [  871] - DataValue : Concept#1:1-16
[INFO ][2015-12-21 16:15:11,826][com.java.SeleniumDriver] [  877] - <In Set values of the page>
[INFO ][2015-12-21 16:15:11,826][com.java.SeleniumDriver] [  880] - {Data Fields & Data Values Exist}
[INFO ][2015-12-21 16:15:11,827][com.java.SeleniumDriver] [  882] - --------------------------setting values-----------------------------
[INFO ][2015-12-21 16:15:11,827][com.java.SeleniumDriver] [  885] - Action Type : ExecuteTestCase
[INFO ][2015-12-21 16:15:11,844][com.java.TestType] [  437] - The Concept sheet name is ---------- Concept
[INFO ][2015-12-21 16:15:11,844][com.java.TestType] [  440] - The Concept ID  is ---------- 1
[DEBUG][2015-12-21 16:15:11,845][com.java.TestType] [  444] - Steps being executted in the Concept are: 1:16
[INFO ][2015-12-21 16:15:11,845][com.java.TestType] [  451] - Test data details path ---------- D:\BankersDashboard\TestInputs\TestData.xls
[INFO ][2015-12-21 16:15:11,880][com.java.TestType] [  482] -  str(1) = 1
[INFO ][2015-12-21 16:15:11,880][com.java.TestType] [  485] - Test case Id is---1
[INFO ][2015-12-21 16:15:11,880][com.java.TestType] [  487] - 1
[INFO ][2015-12-21 16:15:11,881][com.java.TestType] [  482] -  str(2) = 1
[INFO ][2015-12-21 16:15:11,883][com.java.TestType] [  534] - row values are--------{1=com.java.Objects.TestDataDetails@5de5e6}
[INFO ][2015-12-21 16:15:11,883][com.java.TestType] [  482] -  str(1) = 1
[INFO ][2015-12-21 16:15:11,883][com.java.TestType] [  485] - Test case Id is---1
[INFO ][2015-12-21 16:15:11,883][com.java.TestType] [  487] - 1
[INFO ][2015-12-21 16:15:11,883][com.java.TestType] [  482] -  str(2) = 2
[INFO ][2015-12-21 16:15:11,885][com.java.TestType] [  534] - row values are--------{1=com.java.Objects.TestDataDetails@5de5e6, 2=com.java.Objects.TestDataDetails@1bd3d8f}
[INFO ][2015-12-21 16:15:11,885][com.java.TestType] [  482] -  str(1) = 1
[INFO ][2015-12-21 16:15:11,885][com.java.TestType] [  485] - Test case Id is---1
[INFO ][2015-12-21 16:15:11,885][com.java.TestType] [  487] - 1
[INFO ][2015-12-21 16:15:11,885][com.java.TestType] [  482] -  str(2) = 3
[INFO ][2015-12-21 16:15:11,886][com.java.TestType] [  534] - row values are--------{1=com.java.Objects.TestDataDetails@5de5e6, 2=com.java.Objects.TestDataDetails@1bd3d8f, 3=com.java.Objects.TestDataDetails@1d23f53}
[INFO ][2015-12-21 16:15:11,886][com.java.TestType] [  482] -  str(1) = 1
[INFO ][2015-12-21 16:15:11,887][com.java.TestType] [  485] - Test case Id is---1
[INFO ][2015-12-21 16:15:11,887][com.java.TestType] [  487] - 1
[INFO ][2015-12-21 16:15:11,887][com.java.TestType] [  482] -  str(2) = 4
[INFO ][2015-12-21 16:15:11,890][com.java.TestType] [  534] - row values are--------{1=com.java.Objects.TestDataDetails@5de5e6, 2=com.java.Objects.TestDataDetails@1bd3d8f, 3=com.java.Objects.TestDataDetails@1d23f53, 4=com.java.Objects.TestDataDetails@115f6c1}
[INFO ][2015-12-21 16:15:11,890][com.java.TestType] [  482] -  str(1) = 1
[INFO ][2015-12-21 16:15:11,890][com.java.TestType] [  485] - Test case Id is---1
[INFO ][2015-12-21 16:15:11,890][com.java.TestType] [  487] - 1
[INFO ][2015-12-21 16:15:11,890][com.java.TestType] [  482] -  str(2) = 5
[INFO ][2015-12-21 16:15:11,891][com.java.TestType] [  534] - row values are--------{1=com.java.Objects.TestDataDetails@5de5e6, 2=com.java.Objects.TestDataDetails@1bd3d8f, 3=com.java.Objects.TestDataDetails@1d23f53, 4=com.java.Objects.TestDataDetails@115f6c1, 5=com.java.Objects.TestDataDetails@1b1c3a3}
[INFO ][2015-12-21 16:15:11,891][com.java.TestType] [  482] -  str(1) = 1
[INFO ][2015-12-21 16:15:11,892][com.java.TestType] [  485] - Test case Id is---1
[INFO ][2015-12-21 16:15:11,892][com.java.TestType] [  487] - 1
[INFO ][2015-12-21 16:15:11,892][com.java.TestType] [  482] -  str(2) = 6
[INFO ][2015-12-21 16:15:11,893][com.java.TestType] [  534] - row values are--------{1=com.java.Objects.TestDataDetails@5de5e6, 2=com.java.Objects.TestDataDetails@1bd3d8f, 3=com.java.Objects.TestDataDetails@1d23f53, 4=com.java.Objects.TestDataDetails@115f6c1, 5=com.java.Objects.TestDataDetails@1b1c3a3, 6=com.java.Objects.TestDataDetails@afc374}
[INFO ][2015-12-21 16:15:11,893][com.java.TestType] [  482] -  str(1) = 1
[INFO ][2015-12-21 16:15:11,893][com.java.TestType] [  485] - Test case Id is---1
[INFO ][2015-12-21 16:15:11,893][com.java.TestType] [  487] - 1
[INFO ][2015-12-21 16:15:11,894][com.java.TestType] [  482] -  str(2) = 7
[INFO ][2015-12-21 16:15:11,894][com.java.TestType] [  534] - row values are--------{1=com.java.Objects.TestDataDetails@5de5e6, 2=com.java.Objects.TestDataDetails@1bd3d8f, 3=com.java.Objects.TestDataDetails@1d23f53, 4=com.java.Objects.TestDataDetails@115f6c1, 5=com.java.Objects.TestDataDetails@1b1c3a3, 6=com.java.Objects.TestDataDetails@afc374, 7=com.java.Objects.TestDataDetails@192a441}
[INFO ][2015-12-21 16:15:11,894][com.java.TestType] [  482] -  str(1) = 1
[INFO ][2015-12-21 16:15:11,894][com.java.TestType] [  485] - Test case Id is---1
[INFO ][2015-12-21 16:15:11,895][com.java.TestType] [  487] - 1
[INFO ][2015-12-21 16:15:11,895][com.java.TestType] [  482] -  str(2) = 8
[INFO ][2015-12-21 16:15:11,895][com.java.TestType] [  534] - row values are--------{1=com.java.Objects.TestDataDetails@5de5e6, 2=com.java.Objects.TestDataDetails@1bd3d8f, 3=com.java.Objects.TestDataDetails@1d23f53, 4=com.java.Objects.TestDataDetails@115f6c1, 5=com.java.Objects.TestDataDetails@1b1c3a3, 6=com.java.Objects.TestDataDetails@afc374, 7=com.java.Objects.TestDataDetails@192a441, 8=com.java.Objects.TestDataDetails@aee875}
[INFO ][2015-12-21 16:15:11,896][com.java.TestType] [  482] -  str(1) = 1
[INFO ][2015-12-21 16:15:11,896][com.java.TestType] [  485] - Test case Id is---1
[INFO ][2015-12-21 16:15:11,896][com.java.TestType] [  487] - 1
[INFO ][2015-12-21 16:15:11,896][com.java.TestType] [  482] -  str(2) = 9
[INFO ][2015-12-21 16:15:11,897][com.java.TestType] [  534] - row values are--------{1=com.java.Objects.TestDataDetails@5de5e6, 2=com.java.Objects.TestDataDetails@1bd3d8f, 3=com.java.Objects.TestDataDetails@1d23f53, 4=com.java.Objects.TestDataDetails@115f6c1, 5=com.java.Objects.TestDataDetails@1b1c3a3, 6=com.java.Objects.TestDataDetails@afc374, 7=com.java.Objects.TestDataDetails@192a441, 8=com.java.Objects.TestDataDetails@aee875, 9=com.java.Objects.TestDataDetails@e05280}
[INFO ][2015-12-21 16:15:11,897][com.java.TestType] [  482] -  str(1) = 1
[INFO ][2015-12-21 16:15:11,897][com.java.TestType] [  485] - Test case Id is---1
[INFO ][2015-12-21 16:15:11,897][com.java.TestType] [  487] - 1
[INFO ][2015-12-21 16:15:11,897][com.java.TestType] [  482] -  str(2) = 10
[INFO ][2015-12-21 16:15:11,899][com.java.TestType] [  534] - row values are--------{1=com.java.Objects.TestDataDetails@5de5e6, 2=com.java.Objects.TestDataDetails@1bd3d8f, 3=com.java.Objects.TestDataDetails@1d23f53, 4=com.java.Objects.TestDataDetails@115f6c1, 5=com.java.Objects.TestDataDetails@1b1c3a3, 6=com.java.Objects.TestDataDetails@afc374, 7=com.java.Objects.TestDataDetails@192a441, 8=com.java.Objects.TestDataDetails@aee875, 9=com.java.Objects.TestDataDetails@e05280, 10=com.java.Objects.TestDataDetails@478134}
[INFO ][2015-12-21 16:15:11,899][com.java.TestType] [  482] -  str(1) = 1
[INFO ][2015-12-21 16:15:11,899][com.java.TestType] [  485] - Test case Id is---1
[INFO ][2015-12-21 16:15:11,899][com.java.TestType] [  487] - 1
[INFO ][2015-12-21 16:15:11,899][com.java.TestType] [  482] -  str(2) = 11
[INFO ][2015-12-21 16:15:11,900][com.java.TestType] [  534] - row values are--------{1=com.java.Objects.TestDataDetails@5de5e6, 2=com.java.Objects.TestDataDetails@1bd3d8f, 3=com.java.Objects.TestDataDetails@1d23f53, 4=com.java.Objects.TestDataDetails@115f6c1, 5=com.java.Objects.TestDataDetails@1b1c3a3, 6=com.java.Objects.TestDataDetails@afc374, 7=com.java.Objects.TestDataDetails@192a441, 8=com.java.Objects.TestDataDetails@aee875, 9=com.java.Objects.TestDataDetails@e05280, 10=com.java.Objects.TestDataDetails@478134, 11=com.java.Objects.TestDataDetails@cd3bec}
[INFO ][2015-12-21 16:15:11,900][com.java.TestType] [  482] -  str(1) = 1
[INFO ][2015-12-21 16:15:11,900][com.java.TestType] [  485] - Test case Id is---1
[INFO ][2015-12-21 16:15:11,900][com.java.TestType] [  487] - 1
[INFO ][2015-12-21 16:15:11,900][com.java.TestType] [  482] -  str(2) = 12
[INFO ][2015-12-21 16:15:11,901][com.java.TestType] [  534] - row values are--------{1=com.java.Objects.TestDataDetails@5de5e6, 2=com.java.Objects.TestDataDetails@1bd3d8f, 3=com.java.Objects.TestDataDetails@1d23f53, 4=com.java.Objects.TestDataDetails@115f6c1, 5=com.java.Objects.TestDataDetails@1b1c3a3, 6=com.java.Objects.TestDataDetails@afc374, 7=com.java.Objects.TestDataDetails@192a441, 8=com.java.Objects.TestDataDetails@aee875, 9=com.java.Objects.TestDataDetails@e05280, 10=com.java.Objects.TestDataDetails@478134, 11=com.java.Objects.TestDataDetails@cd3bec, 12=com.java.Objects.TestDataDetails@35ef07}
[INFO ][2015-12-21 16:15:11,901][com.java.TestType] [  482] -  str(1) = 1
[INFO ][2015-12-21 16:15:11,901][com.java.TestType] [  485] - Test case Id is---1
[INFO ][2015-12-21 16:15:11,901][com.java.TestType] [  487] - 1
[INFO ][2015-12-21 16:15:11,901][com.java.TestType] [  482] -  str(2) = 13
[INFO ][2015-12-21 16:15:11,902][com.java.TestType] [  534] - row values are--------{1=com.java.Objects.TestDataDetails@5de5e6, 2=com.java.Objects.TestDataDetails@1bd3d8f, 3=com.java.Objects.TestDataDetails@1d23f53, 4=com.java.Objects.TestDataDetails@115f6c1, 5=com.java.Objects.TestDataDetails@1b1c3a3, 6=com.java.Objects.TestDataDetails@afc374, 7=com.java.Objects.TestDataDetails@192a441, 8=com.java.Objects.TestDataDetails@aee875, 9=com.java.Objects.TestDataDetails@e05280, 10=com.java.Objects.TestDataDetails@478134, 11=com.java.Objects.TestDataDetails@cd3bec, 12=com.java.Objects.TestDataDetails@35ef07, 13=com.java.Objects.TestDataDetails@150bbc}
[INFO ][2015-12-21 16:15:11,902][com.java.TestType] [  482] -  str(1) = 1
[INFO ][2015-12-21 16:15:11,902][com.java.TestType] [  485] - Test case Id is---1
[INFO ][2015-12-21 16:15:11,902][com.java.TestType] [  487] - 1
[INFO ][2015-12-21 16:15:11,902][com.java.TestType] [  482] -  str(2) = 14
[INFO ][2015-12-21 16:15:11,903][com.java.TestType] [  534] - row values are--------{1=com.java.Objects.TestDataDetails@5de5e6, 2=com.java.Objects.TestDataDetails@1bd3d8f, 3=com.java.Objects.TestDataDetails@1d23f53, 4=com.java.Objects.TestDataDetails@115f6c1, 5=com.java.Objects.TestDataDetails@1b1c3a3, 6=com.java.Objects.TestDataDetails@afc374, 7=com.java.Objects.TestDataDetails@192a441, 8=com.java.Objects.TestDataDetails@aee875, 9=com.java.Objects.TestDataDetails@e05280, 10=com.java.Objects.TestDataDetails@478134, 11=com.java.Objects.TestDataDetails@cd3bec, 12=com.java.Objects.TestDataDetails@35ef07, 13=com.java.Objects.TestDataDetails@150bbc, 14=com.java.Objects.TestDataDetails@9fb9a2}
[INFO ][2015-12-21 16:15:11,903][com.java.TestType] [  482] -  str(1) = 1
[INFO ][2015-12-21 16:15:11,903][com.java.TestType] [  485] - Test case Id is---1
[INFO ][2015-12-21 16:15:11,903][com.java.TestType] [  487] - 1
[INFO ][2015-12-21 16:15:11,903][com.java.TestType] [  482] -  str(2) = 15
[INFO ][2015-12-21 16:15:11,904][com.java.TestType] [  534] - row values are--------{1=com.java.Objects.TestDataDetails@5de5e6, 2=com.java.Objects.TestDataDetails@1bd3d8f, 3=com.java.Objects.TestDataDetails@1d23f53, 4=com.java.Objects.TestDataDetails@115f6c1, 5=com.java.Objects.TestDataDetails@1b1c3a3, 6=com.java.Objects.TestDataDetails@afc374, 7=com.java.Objects.TestDataDetails@192a441, 8=com.java.Objects.TestDataDetails@aee875, 9=com.java.Objects.TestDataDetails@e05280, 10=com.java.Objects.TestDataDetails@478134, 11=com.java.Objects.TestDataDetails@cd3bec, 12=com.java.Objects.TestDataDetails@35ef07, 13=com.java.Objects.TestDataDetails@150bbc, 14=com.java.Objects.TestDataDetails@9fb9a2, 15=com.java.Objects.TestDataDetails@3dc5d6}
[INFO ][2015-12-21 16:15:11,904][com.java.TestType] [  482] -  str(1) = 1
[INFO ][2015-12-21 16:15:11,904][com.java.TestType] [  485] - Test case Id is---1
[INFO ][2015-12-21 16:15:11,904][com.java.TestType] [  487] - 1
[INFO ][2015-12-21 16:15:11,904][com.java.TestType] [  482] -  str(2) = 16
[INFO ][2015-12-21 16:15:11,905][com.java.TestType] [  534] - row values are--------{1=com.java.Objects.TestDataDetails@5de5e6, 2=com.java.Objects.TestDataDetails@1bd3d8f, 3=com.java.Objects.TestDataDetails@1d23f53, 4=com.java.Objects.TestDataDetails@115f6c1, 5=com.java.Objects.TestDataDetails@1b1c3a3, 6=com.java.Objects.TestDataDetails@afc374, 7=com.java.Objects.TestDataDetails@192a441, 8=com.java.Objects.TestDataDetails@aee875, 9=com.java.Objects.TestDataDetails@e05280, 10=com.java.Objects.TestDataDetails@478134, 11=com.java.Objects.TestDataDetails@cd3bec, 12=com.java.Objects.TestDataDetails@35ef07, 13=com.java.Objects.TestDataDetails@150bbc, 14=com.java.Objects.TestDataDetails@9fb9a2, 15=com.java.Objects.TestDataDetails@3dc5d6, 16=com.java.Objects.TestDataDetails@fe918f}
[INFO ][2015-12-21 16:15:11,905][com.java.TestType] [10213] - Looping 1TCID = 1
[DEBUG][2015-12-21 16:15:11,905][com.java.TestType] [10254] - Concept ID:1 :: Step being Executed: 1::1
[INFO ][2015-12-21 16:15:11,905][com.java.TestType] [10292] - dataFields : TXTusername
[DEBUG][2015-12-21 16:15:11,905][com.java.TestType] [10298] - <In Set values of the page>
[DEBUG][2015-12-21 16:15:11,906][com.java.TestType] [10303] - {Data Fields & Data Values Exist}
[INFO ][2015-12-21 16:15:11,906][com.java.TestType] [10309] - --------------------------setting values-----------------------------
[INFO ][2015-12-21 16:15:11,906][com.java.TestType] [10312] - Action Type : CLEARANDENTER
[INFO ][2015-12-21 16:15:11,906][com.java.TestType] [ 5577] - value = valuelabs.ie10.33527
[INFO ][2015-12-21 16:15:16,614][com.java.TestType] [10331] -  RESULT true
[INFO ][2015-12-21 16:15:16,614][com.java.TestType] [10448] - ?   P A S S   ?
[DEBUG][2015-12-21 16:15:16,614][com.java.TestType] [10254] - Concept ID:1 :: Step being Executed: 1::2
[INFO ][2015-12-21 16:15:16,614][com.java.TestType] [10292] - dataFields : TXTpassword
[DEBUG][2015-12-21 16:15:16,614][com.java.TestType] [10298] - <In Set values of the page>
[DEBUG][2015-12-21 16:15:16,615][com.java.TestType] [10303] - {Data Fields & Data Values Exist}
[INFO ][2015-12-21 16:15:16,615][com.java.TestType] [10309] - --------------------------setting values-----------------------------
[INFO ][2015-12-21 16:15:16,615][com.java.TestType] [10312] - Action Type : CLEARANDENTER
[INFO ][2015-12-21 16:15:16,615][com.java.TestType] [ 5577] - value = Password1*
[INFO ][2015-12-21 16:15:21,428][com.java.TestType] [10331] -  RESULT true
[INFO ][2015-12-21 16:15:21,429][com.java.TestType] [10448] - ?   P A S S   ?
[DEBUG][2015-12-21 16:15:21,429][com.java.TestType] [10254] - Concept ID:1 :: Step being Executed: 1::3
[ERROR][2015-12-21 16:15:21,429][com.java.TestType] [10287] - Exception: null
[INFO ][2015-12-21 16:15:21,430][com.java.TestType] [10292] - dataFields : XPH//button[@type='submit']
[DEBUG][2015-12-21 16:15:21,430][com.java.TestType] [10298] - <In Set values of the page>
[DEBUG][2015-12-21 16:15:21,430][com.java.TestType] [10303] - {Data Fields & Data Values Exist}
[INFO ][2015-12-21 16:15:21,430][com.java.TestType] [10309] - --------------------------setting values-----------------------------
[INFO ][2015-12-21 16:15:21,430][com.java.TestType] [10312] - Action Type : Click
[INFO ][2015-12-21 16:15:21,430][com.java.TestType] [ 5956] - Field ::XPH//button[@type='submit']
[INFO ][2015-12-21 16:15:21,430][com.java.TestType] [ 5577] - value = 
[INFO ][2015-12-21 16:15:22,430][com.java.TestType] [ 6093] - BEFORE CLICK
[INFO ][2015-12-21 16:15:23,281][com.java.TestType] [ 6101] - Unable to click the object Login
[INFO ][2015-12-21 16:15:23,281][com.java.TestType] [10331] -  RESULT true
[INFO ][2015-12-21 16:15:23,281][com.java.TestType] [10448] - ?   P A S S   ?
[DEBUG][2015-12-21 16:15:23,281][com.java.TestType] [10254] - Concept ID:1 :: Step being Executed: 1::4
[INFO ][2015-12-21 16:15:23,282][com.java.TestType] [10292] - dataFields : LNKLogout
[DEBUG][2015-12-21 16:15:23,282][com.java.TestType] [10298] - <In Set values of the page>
[DEBUG][2015-12-21 16:15:23,282][com.java.TestType] [10303] - {Data Fields & Data Values Exist}
[INFO ][2015-12-21 16:15:23,282][com.java.TestType] [10309] - --------------------------setting values-----------------------------
[INFO ][2015-12-21 16:15:23,282][com.java.TestType] [10312] - Action Type : WaitForElement
[INFO ][2015-12-21 16:15:26,765][com.java.TestType] [10331] -  RESULT true
[INFO ][2015-12-21 16:15:26,765][com.java.TestType] [10448] - ?   P A S S   ?
[DEBUG][2015-12-21 16:15:26,765][com.java.TestType] [10254] - Concept ID:1 :: Step being Executed: 1::15
[INFO ][2015-12-21 16:15:26,765][com.java.TestType] [10292] - dataFields : LNK
[DEBUG][2015-12-21 16:15:26,765][com.java.TestType] [10298] - <In Set values of the page>
[DEBUG][2015-12-21 16:15:26,765][com.java.TestType] [10303] - {Data Fields & Data Values Exist}
[INFO ][2015-12-21 16:15:26,765][com.java.TestType] [10309] - --------------------------setting values-----------------------------
[INFO ][2015-12-21 16:15:26,765][com.java.TestType] [10312] - Action Type : Verify
[INFO ][2015-12-21 16:15:26,766][com.java.TestType] [ 6899] - field= LNK value= Logout
[INFO ][2015-12-21 16:15:26,766][com.java.TestType] [ 5577] - value = Logout
[INFO ][2015-12-21 16:15:26,802][com.java.TestType] [10331] -  RESULT true
[INFO ][2015-12-21 16:15:26,802][com.java.TestType] [10448] - ?   P A S S   ?
[DEBUG][2015-12-21 16:15:26,803][com.java.TestType] [10254] - Concept ID:1 :: Step being Executed: 1::16
[INFO ][2015-12-21 16:15:26,803][com.java.TestType] [10292] - dataFields : BTN
[DEBUG][2015-12-21 16:15:26,803][com.java.TestType] [10298] - <In Set values of the page>
[DEBUG][2015-12-21 16:15:26,803][com.java.TestType] [10303] - {Data Fields & Data Values Exist}
[INFO ][2015-12-21 16:15:26,803][com.java.TestType] [10309] - --------------------------setting values-----------------------------
[INFO ][2015-12-21 16:15:26,803][com.java.TestType] [10312] - Action Type : Verify
[INFO ][2015-12-21 16:15:26,803][com.java.TestType] [ 6899] - field= BTN value= //img[contains(@src,'bdlogo.jpg')]
[INFO ][2015-12-21 16:15:26,803][com.java.TestType] [ 5577] - value = //img[contains(@src,'bdlogo.jpg')]
[INFO ][2015-12-21 16:15:26,875][com.java.TestType] [10331] -  RESULT true
[INFO ][2015-12-21 16:15:26,875][com.java.TestType] [10448] - ?   P A S S   ?
[INFO ][2015-12-21 16:15:26,875][com.java.TestType] [10519] - Looping End......
[INFO ][2015-12-21 16:15:26,879][com.java.SeleniumDriver] [  894] -  RESULT true
[INFO ][2015-12-21 16:15:26,879][com.java.SeleniumDriver] [ 1100] - ?   P A S S   ?
[INFO ][2015-12-21 16:15:26,879][com.java.SeleniumDriver] [  821] - ------------------------------------------
[INFO ][2015-12-21 16:15:26,879][com.java.SeleniumDriver] [  822] - Test case being Executed: 1
[INFO ][2015-12-21 16:15:26,879][com.java.SeleniumDriver] [  833] - Test step:2
[INFO ][2015-12-21 16:15:26,879][com.java.SeleniumDriver] [  845] - Datavalue is----------Concept#2:1-2
[INFO ][2015-12-21 16:15:26,879][com.java.SeleniumDriver] [  869] - DataField : test
[INFO ][2015-12-21 16:15:26,879][com.java.SeleniumDriver] [  871] - DataValue : Concept#2:1-2
[INFO ][2015-12-21 16:15:26,879][com.java.SeleniumDriver] [  877] - <In Set values of the page>
[INFO ][2015-12-21 16:15:26,880][com.java.SeleniumDriver] [  880] - {Data Fields & Data Values Exist}
[INFO ][2015-12-21 16:15:26,880][com.java.SeleniumDriver] [  882] - --------------------------setting values-----------------------------
[INFO ][2015-12-21 16:15:26,880][com.java.SeleniumDriver] [  885] - Action Type : ExecuteTestCase
[INFO ][2015-12-21 16:15:26,880][com.java.TestType] [  437] - The Concept sheet name is ---------- Concept
[INFO ][2015-12-21 16:15:26,880][com.java.TestType] [  440] - The Concept ID  is ---------- 2
[DEBUG][2015-12-21 16:15:26,880][com.java.TestType] [  444] - Steps being executted in the Concept are: 1:2
[INFO ][2015-12-21 16:15:26,880][com.java.TestType] [  451] - Test data details path ---------- D:\BankersDashboard\TestInputs\TestData.xls
[INFO ][2015-12-21 16:15:26,908][com.java.TestType] [  482] -  str(1) = 2
[INFO ][2015-12-21 16:15:26,909][com.java.TestType] [  485] - Test case Id is---2
[INFO ][2015-12-21 16:15:26,909][com.java.TestType] [  487] - 2
[INFO ][2015-12-21 16:15:26,909][com.java.TestType] [  482] -  str(2) = 1
[INFO ][2015-12-21 16:15:26,911][com.java.TestType] [  534] - row values are--------{1=com.java.Objects.TestDataDetails@e3dab5}
[INFO ][2015-12-21 16:15:26,911][com.java.TestType] [  482] -  str(1) = 2
[INFO ][2015-12-21 16:15:26,911][com.java.TestType] [  485] - Test case Id is---2
[INFO ][2015-12-21 16:15:26,911][com.java.TestType] [  487] - 2
[INFO ][2015-12-21 16:15:26,911][com.java.TestType] [  482] -  str(2) = 2
[INFO ][2015-12-21 16:15:26,912][com.java.TestType] [  534] - row values are--------{1=com.java.Objects.TestDataDetails@e3dab5, 2=com.java.Objects.TestDataDetails@d2634f}
[INFO ][2015-12-21 16:15:26,912][com.java.TestType] [  482] -  str(1) = 2
[INFO ][2015-12-21 16:15:26,912][com.java.TestType] [  485] - Test case Id is---2
[INFO ][2015-12-21 16:15:26,912][com.java.TestType] [  487] - 2
[INFO ][2015-12-21 16:15:26,912][com.java.TestType] [  482] -  str(2) = 3
[INFO ][2015-12-21 16:15:26,912][com.java.TestType] [  534] - row values are--------{1=com.java.Objects.TestDataDetails@e3dab5, 2=com.java.Objects.TestDataDetails@d2634f, 3=com.java.Objects.TestDataDetails@1979138}
[INFO ][2015-12-21 16:15:26,913][com.java.TestType] [10213] - Looping 1TCID = 2
[DEBUG][2015-12-21 16:15:26,913][com.java.TestType] [10254] - Concept ID:2 :: Step being Executed: 2::1
[INFO ][2015-12-21 16:15:26,913][com.java.TestType] [10292] - dataFields : BNK//select[@id='bank']
[DEBUG][2015-12-21 16:15:26,913][com.java.TestType] [10298] - <In Set values of the page>
[DEBUG][2015-12-21 16:15:26,913][com.java.TestType] [10303] - {Data Fields & Data Values Exist}
[INFO ][2015-12-21 16:15:26,913][com.java.TestType] [10309] - --------------------------setting values-----------------------------
[INFO ][2015-12-21 16:15:26,913][com.java.TestType] [10312] - Action Type : Select
[INFO ][2015-12-21 16:15:26,913][com.java.TestType] [ 5577] - value = PFC
[INFO ][2015-12-21 16:15:27,328][com.java.TestType] [10331] -  RESULT true
[INFO ][2015-12-21 16:15:27,328][com.java.TestType] [10448] - ?   P A S S   ?
[DEBUG][2015-12-21 16:15:27,328][com.java.TestType] [10254] - Concept ID:2 :: Step being Executed: 2::2
[INFO ][2015-12-21 16:15:27,328][com.java.TestType] [10292] - dataFields : LNKLogout
[DEBUG][2015-12-21 16:15:27,328][com.java.TestType] [10298] - <In Set values of the page>
[DEBUG][2015-12-21 16:15:27,328][com.java.TestType] [10303] - {Data Fields & Data Values Exist}
[INFO ][2015-12-21 16:15:27,328][com.java.TestType] [10309] - --------------------------setting values-----------------------------
[INFO ][2015-12-21 16:15:27,328][com.java.TestType] [10312] - Action Type : WaitTime
[DEBUG][2015-12-21 16:15:27,328][com.java.TestType] [ 5397] - sleepTime: 5000
[INFO ][2015-12-21 16:15:32,330][com.java.TestType] [10331] -  RESULT true
[INFO ][2015-12-21 16:15:32,330][com.java.TestType] [10448] - ?   P A S S   ?
[INFO ][2015-12-21 16:15:32,330][com.java.TestType] [10519] - Looping End......
[INFO ][2015-12-21 16:15:32,334][com.java.SeleniumDriver] [  894] -  RESULT true
[INFO ][2015-12-21 16:15:32,334][com.java.SeleniumDriver] [ 1100] - ?   P A S S   ?
[INFO ][2015-12-21 16:15:32,334][com.java.SeleniumDriver] [  821] - ------------------------------------------
[INFO ][2015-12-21 16:15:32,334][com.java.SeleniumDriver] [  822] - Test case being Executed: 1
[INFO ][2015-12-21 16:15:32,334][com.java.SeleniumDriver] [  833] - Test step:3
[INFO ][2015-12-21 16:15:32,334][com.java.SeleniumDriver] [  845] - Datavalue is----------2
[INFO ][2015-12-21 16:15:32,334][com.java.SeleniumDriver] [  869] - DataField : XPH//button[contains(text(),'Add Content')]
[INFO ][2015-12-21 16:15:32,334][com.java.SeleniumDriver] [  871] - DataValue : 2
[INFO ][2015-12-21 16:15:32,335][com.java.SeleniumDriver] [  877] - <In Set values of the page>
[INFO ][2015-12-21 16:15:32,335][com.java.SeleniumDriver] [  880] - {Data Fields & Data Values Exist}
[INFO ][2015-12-21 16:15:32,335][com.java.SeleniumDriver] [  882] - --------------------------setting values-----------------------------
[INFO ][2015-12-21 16:15:32,335][com.java.SeleniumDriver] [  885] - Action Type : WAITFORELEMENT
[INFO ][2015-12-21 16:15:32,372][com.java.SeleniumDriver] [  894] -  RESULT true
[INFO ][2015-12-21 16:15:32,372][com.java.SeleniumDriver] [ 1100] - ?   P A S S   ?
[DEBUG][2015-12-21 16:15:32,372][com.java.SeleniumDriver] [ 1212] - Case found
[DEBUG][2015-12-21 16:15:32,372][com.java.SeleniumDriver] [ 1217] - Incrementing ReportCounters[0]:1
[INFO ][2015-12-21 16:15:32,372][com.java.SeleniumDriver] [ 1236] - The results are-------------------[1, 1, Valid Login, Pass, , Mon Dec 21 16:15:26 IST 2015, 1, 2, Valid Login, Pass, , Mon Dec 21 16:15:32 IST 2015, 1, 3, Valid Login, Pass, , Mon Dec 21 16:15:32 IST 2015]
[INFO ][2015-12-21 16:15:32,373][com.java.SeleniumDriver] [ 1240] - End time is-------35 sec
[INFO ][2015-12-21 16:15:32,373][com.java.SeleniumDriver] [ 1241] - The results are-------------------[1, 1, Valid Login, Pass, , Mon Dec 21 16:15:26 IST 2015, 1, 2, Valid Login, Pass, , Mon Dec 21 16:15:32 IST 2015, 1, 3, Valid Login, Pass, , Mon Dec 21 16:15:32 IST 2015]
[DEBUG][2015-12-21 16:15:32,373][com.java.ImportnExport.ExportTestResultsExcel] [  222] - testResultPath = D:\BankersDashboard/TestReports/Test Results_BankersDashBoard_122115_161458_IE10_Bank of North Carolina.xls
[DEBUG][2015-12-21 16:15:32,373][com.java.ImportnExport.ExportTestResultsExcel] [  223] - browser is------------IE10
[DEBUG][2015-12-21 16:15:32,419][com.java.ImportnExport.ExportTestResultsExcel] [  270] - result.size() = 18
[DEBUG][2015-12-21 16:15:32,419][com.java.ImportnExport.ExportTestResultsExcel] [  274] - No of rows in sheet=1
[DEBUG][2015-12-21 16:15:32,420][com.java.ImportnExport.ExportTestResultsExcel] [  301] - ..in export..1
[DEBUG][2015-12-21 16:15:32,420][com.java.ImportnExport.ExportTestResultsExcel] [  301] - ..in export..Valid Login
[DEBUG][2015-12-21 16:15:32,420][com.java.ImportnExport.ExportTestResultsExcel] [  301] - ..in export..Pass
[DEBUG][2015-12-21 16:15:32,420][com.java.ImportnExport.ExportTestResultsExcel] [  301] - ..in export..
[DEBUG][2015-12-21 16:15:32,420][com.java.ImportnExport.ExportTestResultsExcel] [  301] - ..in export..Mon Dec 21 16:15:26 IST 2015
[INFO ][2015-12-21 16:15:32,423][com.java.SeleniumDriver] [ 1299] - out loop:0 size:2 TestCases:[1, 26] testcases:[1, 26]
[INFO ][2015-12-21 16:15:32,423][com.java.ImportnExport.ImportTestDataDetailsExcel] [   49] - test data details path===== D:\BankersDashboard\TestInputs\TestData.xls
[INFO ][2015-12-21 16:15:53,854][com.java.SeleniumDriver] [  821] - ------------------------------------------
[INFO ][2015-12-21 16:15:53,854][com.java.SeleniumDriver] [  822] - Test case being Executed: 26
[INFO ][2015-12-21 16:15:53,854][com.java.SeleniumDriver] [  833] - Test step:1
[INFO ][2015-12-21 16:15:53,854][com.java.SeleniumDriver] [  845] - Datavalue is----------Logout
[INFO ][2015-12-21 16:15:53,854][com.java.SeleniumDriver] [  869] - DataField : BTN
[INFO ][2015-12-21 16:15:53,854][com.java.SeleniumDriver] [  871] - DataValue : Logout
[INFO ][2015-12-21 16:15:53,854][com.java.SeleniumDriver] [  877] - <In Set values of the page>
[INFO ][2015-12-21 16:15:53,854][com.java.SeleniumDriver] [  880] - {Data Fields & Data Values Exist}
[INFO ][2015-12-21 16:15:53,854][com.java.SeleniumDriver] [  882] - --------------------------setting values-----------------------------
[INFO ][2015-12-21 16:15:53,854][com.java.SeleniumDriver] [  885] - Action Type : Verify
[INFO ][2015-12-21 16:15:53,855][com.java.TestType] [ 6899] - field= BTN value= Logout
[INFO ][2015-12-21 16:15:53,855][com.java.TestType] [ 5577] - value = Logout
[INFO ][2015-12-21 16:15:53,936][com.java.SeleniumDriver] [  894] -  RESULT true
[INFO ][2015-12-21 16:15:53,936][com.java.SeleniumDriver] [ 1100] - ?   P A S S   ?
[INFO ][2015-12-21 16:15:53,936][com.java.SeleniumDriver] [ 1142] - step change to 3
[INFO ][2015-12-21 16:15:53,936][com.java.SeleniumDriver] [  821] - ------------------------------------------
[INFO ][2015-12-21 16:15:53,936][com.java.SeleniumDriver] [  822] - Test case being Executed: 26
[INFO ][2015-12-21 16:15:53,936][com.java.SeleniumDriver] [  833] - Test step:3
[INFO ][2015-12-21 16:15:53,937][com.java.SeleniumDriver] [  845] - Datavalue is----------Concept#2:1-2
[INFO ][2015-12-21 16:15:53,937][com.java.SeleniumDriver] [  869] - DataField : test
[INFO ][2015-12-21 16:15:53,937][com.java.SeleniumDriver] [  871] - DataValue : Concept#2:1-2
[INFO ][2015-12-21 16:15:53,937][com.java.SeleniumDriver] [  877] - <In Set values of the page>
[INFO ][2015-12-21 16:15:53,937][com.java.SeleniumDriver] [  880] - {Data Fields & Data Values Exist}
[INFO ][2015-12-21 16:15:53,937][com.java.SeleniumDriver] [  882] - --------------------------setting values-----------------------------
[INFO ][2015-12-21 16:15:53,937][com.java.SeleniumDriver] [  885] - Action Type : ExecuteTestCase
[INFO ][2015-12-21 16:15:53,937][com.java.TestType] [  437] - The Concept sheet name is ---------- Concept
[INFO ][2015-12-21 16:15:53,937][com.java.TestType] [  440] - The Concept ID  is ---------- 2
[DEBUG][2015-12-21 16:15:53,937][com.java.TestType] [  444] - Steps being executted in the Concept are: 1:2
[INFO ][2015-12-21 16:15:53,937][com.java.TestType] [  451] - Test data details path ---------- D:\BankersDashboard\TestInputs\TestData.xls
[INFO ][2015-12-21 16:15:53,965][com.java.TestType] [  482] -  str(1) = 2
[INFO ][2015-12-21 16:15:53,966][com.java.TestType] [  485] - Test case Id is---2
[INFO ][2015-12-21 16:15:53,966][com.java.TestType] [  487] - 2
[INFO ][2015-12-21 16:15:53,966][com.java.TestType] [  482] -  str(2) = 1
[INFO ][2015-12-21 16:15:53,967][com.java.TestType] [  534] - row values are--------{1=com.java.Objects.TestDataDetails@1e3a840}
[INFO ][2015-12-21 16:15:53,968][com.java.TestType] [  482] -  str(1) = 2
[INFO ][2015-12-21 16:15:53,968][com.java.TestType] [  485] - Test case Id is---2
[INFO ][2015-12-21 16:15:53,968][com.java.TestType] [  487] - 2
[INFO ][2015-12-21 16:15:53,968][com.java.TestType] [  482] -  str(2) = 2
[INFO ][2015-12-21 16:15:53,969][com.java.TestType] [  534] - row values are--------{1=com.java.Objects.TestDataDetails@1e3a840, 2=com.java.Objects.TestDataDetails@192d1d8}
[INFO ][2015-12-21 16:15:53,969][com.java.TestType] [  482] -  str(1) = 2
[INFO ][2015-12-21 16:15:53,969][com.java.TestType] [  485] - Test case Id is---2
[INFO ][2015-12-21 16:15:53,969][com.java.TestType] [  487] - 2
[INFO ][2015-12-21 16:15:53,969][com.java.TestType] [  482] -  str(2) = 3
[INFO ][2015-12-21 16:15:53,969][com.java.TestType] [  534] - row values are--------{1=com.java.Objects.TestDataDetails@1e3a840, 2=com.java.Objects.TestDataDetails@192d1d8, 3=com.java.Objects.TestDataDetails@1020ab5}
[INFO ][2015-12-21 16:15:53,970][com.java.TestType] [10213] - Looping 1TCID = 2
[DEBUG][2015-12-21 16:15:53,970][com.java.TestType] [10254] - Concept ID:2 :: Step being Executed: 2::1
[INFO ][2015-12-21 16:15:53,970][com.java.TestType] [10292] - dataFields : BNK//select[@id='bank']
[DEBUG][2015-12-21 16:15:53,970][com.java.TestType] [10298] - <In Set values of the page>
[DEBUG][2015-12-21 16:15:53,970][com.java.TestType] [10303] - {Data Fields & Data Values Exist}
[INFO ][2015-12-21 16:15:53,970][com.java.TestType] [10309] - --------------------------setting values-----------------------------
[INFO ][2015-12-21 16:15:53,970][com.java.TestType] [10312] - Action Type : Select
[INFO ][2015-12-21 16:15:53,970][com.java.TestType] [ 5577] - value = PFC
[INFO ][2015-12-21 16:15:54,181][com.java.TestType] [10331] -  RESULT true
[INFO ][2015-12-21 16:15:54,181][com.java.TestType] [10448] - ?   P A S S   ?
[DEBUG][2015-12-21 16:15:54,181][com.java.TestType] [10254] - Concept ID:2 :: Step being Executed: 2::2
[INFO ][2015-12-21 16:15:54,181][com.java.TestType] [10292] - dataFields : LNKLogout
[DEBUG][2015-12-21 16:15:54,181][com.java.TestType] [10298] - <In Set values of the page>
[DEBUG][2015-12-21 16:15:54,181][com.java.TestType] [10303] - {Data Fields & Data Values Exist}
[INFO ][2015-12-21 16:15:54,181][com.java.TestType] [10309] - --------------------------setting values-----------------------------
[INFO ][2015-12-21 16:15:54,182][com.java.TestType] [10312] - Action Type : WaitTime
[DEBUG][2015-12-21 16:15:54,182][com.java.TestType] [ 5397] - sleepTime: 5000
[INFO ][2015-12-21 16:15:59,183][com.java.TestType] [10331] -  RESULT true
[INFO ][2015-12-21 16:15:59,183][com.java.TestType] [10448] - ?   P A S S   ?
[INFO ][2015-12-21 16:15:59,183][com.java.TestType] [10519] - Looping End......
[INFO ][2015-12-21 16:15:59,187][com.java.SeleniumDriver] [  894] -  RESULT true
[INFO ][2015-12-21 16:15:59,187][com.java.SeleniumDriver] [ 1100] - ?   P A S S   ?
[INFO ][2015-12-21 16:15:59,187][com.java.SeleniumDriver] [  821] - ------------------------------------------
[INFO ][2015-12-21 16:15:59,187][com.java.SeleniumDriver] [  822] - Test case being Executed: 26
[INFO ][2015-12-21 16:15:59,187][com.java.SeleniumDriver] [  833] - Test step:4
[INFO ][2015-12-21 16:15:59,187][com.java.SeleniumDriver] [  845] - Datavalue is----------null
[DEBUG][2015-12-21 16:15:59,187][com.java.SeleniumDriver] [  863] - Exception: null
[INFO ][2015-12-21 16:15:59,187][com.java.SeleniumDriver] [  869] - DataField : //span[@class='icon-cog2']&&//a[@data-id="UserSettings"]
[INFO ][2015-12-21 16:15:59,187][com.java.SeleniumDriver] [  871] - DataValue : 
[INFO ][2015-12-21 16:15:59,187][com.java.SeleniumDriver] [  877] - <In Set values of the page>
[INFO ][2015-12-21 16:15:59,187][com.java.SeleniumDriver] [  880] - {Data Fields & Data Values Exist}
[INFO ][2015-12-21 16:15:59,187][com.java.SeleniumDriver] [  882] - --------------------------setting values-----------------------------
[INFO ][2015-12-21 16:15:59,187][com.java.SeleniumDriver] [  885] - Action Type : MOUSEOVER
[INFO ][2015-12-21 16:16:22,539][com.java.SeleniumDriver] [  894] -  RESULT true
[INFO ][2015-12-21 16:16:22,539][com.java.SeleniumDriver] [ 1100] - ?   P A S S   ?
[INFO ][2015-12-21 16:16:22,539][com.java.SeleniumDriver] [  821] - ------------------------------------------
[INFO ][2015-12-21 16:16:22,539][com.java.SeleniumDriver] [  822] - Test case being Executed: 26
[INFO ][2015-12-21 16:16:22,539][com.java.SeleniumDriver] [  833] - Test step:5
[INFO ][2015-12-21 16:16:22,539][com.java.SeleniumDriver] [  845] - Datavalue is----------2
[INFO ][2015-12-21 16:16:22,539][com.java.SeleniumDriver] [  869] - DataField : BTNframeDialogContent
[INFO ][2015-12-21 16:16:22,539][com.java.SeleniumDriver] [  871] - DataValue : 2
[INFO ][2015-12-21 16:16:22,539][com.java.SeleniumDriver] [  877] - <In Set values of the page>
[INFO ][2015-12-21 16:16:22,539][com.java.SeleniumDriver] [  880] - {Data Fields & Data Values Exist}
[INFO ][2015-12-21 16:16:22,539][com.java.SeleniumDriver] [  882] - --------------------------setting values-----------------------------
[INFO ][2015-12-21 16:16:22,540][com.java.SeleniumDriver] [  885] - Action Type : WAITFORELEMENT
[INFO ][2015-12-21 16:16:23,757][com.java.SeleniumDriver] [  894] -  RESULT true
[INFO ][2015-12-21 16:16:23,757][com.java.SeleniumDriver] [ 1100] - ?   P A S S   ?
[INFO ][2015-12-21 16:16:23,757][com.java.SeleniumDriver] [  821] - ------------------------------------------
[INFO ][2015-12-21 16:16:23,757][com.java.SeleniumDriver] [  822] - Test case being Executed: 26
[INFO ][2015-12-21 16:16:23,757][com.java.SeleniumDriver] [  833] - Test step:6
[INFO ][2015-12-21 16:16:23,757][com.java.SeleniumDriver] [  845] - Datavalue is----------User Settings
[INFO ][2015-12-21 16:16:23,757][com.java.SeleniumDriver] [  869] - DataField : XPH//span[@class="ui-dialog-title"]
[INFO ][2015-12-21 16:16:23,758][com.java.SeleniumDriver] [  871] - DataValue : User Settings
[INFO ][2015-12-21 16:16:23,758][com.java.SeleniumDriver] [  877] - <In Set values of the page>
[INFO ][2015-12-21 16:16:23,758][com.java.SeleniumDriver] [  880] - {Data Fields & Data Values Exist}
[INFO ][2015-12-21 16:16:23,758][com.java.SeleniumDriver] [  882] - --------------------------setting values-----------------------------
[INFO ][2015-12-21 16:16:23,758][com.java.SeleniumDriver] [  885] - Action Type : VERIFY
[INFO ][2015-12-21 16:16:23,758][com.java.TestType] [ 6899] - field= XPH//span[@class="ui-dialog-title"] value= User Settings
[INFO ][2015-12-21 16:16:23,758][com.java.TestType] [ 5577] - value = User Settings
[INFO ][2015-12-21 16:16:23,929][com.java.SeleniumDriver] [  894] -  RESULT true
[INFO ][2015-12-21 16:16:23,929][com.java.SeleniumDriver] [ 1100] - ?   P A S S   ?
[INFO ][2015-12-21 16:16:23,929][com.java.SeleniumDriver] [  821] - ------------------------------------------
[INFO ][2015-12-21 16:16:23,929][com.java.SeleniumDriver] [  822] - Test case being Executed: 26
[INFO ][2015-12-21 16:16:23,929][com.java.SeleniumDriver] [  833] - Test step:7
[INFO ][2015-12-21 16:16:23,929][com.java.SeleniumDriver] [  845] - Datavalue is----------null
[DEBUG][2015-12-21 16:16:23,929][com.java.SeleniumDriver] [  863] - Exception: null
[INFO ][2015-12-21 16:16:23,929][com.java.SeleniumDriver] [  869] - DataField : BTNframeDialogContent
[INFO ][2015-12-21 16:16:23,930][com.java.SeleniumDriver] [  871] - DataValue : 
[INFO ][2015-12-21 16:16:23,930][com.java.SeleniumDriver] [  877] - <In Set values of the page>
[INFO ][2015-12-21 16:16:23,930][com.java.SeleniumDriver] [  880] - {Data Fields & Data Values Exist}
[INFO ][2015-12-21 16:16:23,930][com.java.SeleniumDriver] [  882] - --------------------------setting values-----------------------------
[INFO ][2015-12-21 16:16:23,930][com.java.SeleniumDriver] [  885] - Action Type : SELECTFRAME
[INFO ][2015-12-21 16:16:25,180][com.java.SeleniumDriver] [  894] -  RESULT true
[INFO ][2015-12-21 16:16:25,180][com.java.SeleniumDriver] [ 1100] - ?   P A S S   ?
[INFO ][2015-12-21 16:16:25,180][com.java.SeleniumDriver] [  821] - ------------------------------------------
[INFO ][2015-12-21 16:16:25,180][com.java.SeleniumDriver] [  822] - Test case being Executed: 26
[INFO ][2015-12-21 16:16:25,180][com.java.SeleniumDriver] [  833] - Test step:8
[INFO ][2015-12-21 16:16:25,180][com.java.SeleniumDriver] [  845] - Datavalue is----------No
[INFO ][2015-12-21 16:16:25,180][com.java.SeleniumDriver] [  869] - DataField : SLBddlPDFToScreen
[INFO ][2015-12-21 16:16:25,180][com.java.SeleniumDriver] [  871] - DataValue : No
[INFO ][2015-12-21 16:16:25,181][com.java.SeleniumDriver] [  877] - <In Set values of the page>
[INFO ][2015-12-21 16:16:25,181][com.java.SeleniumDriver] [  880] - {Data Fields & Data Values Exist}
[INFO ][2015-12-21 16:16:25,181][com.java.SeleniumDriver] [  882] - --------------------------setting values-----------------------------
[INFO ][2015-12-21 16:16:25,181][com.java.SeleniumDriver] [  885] - Action Type : SELECT
[INFO ][2015-12-21 16:16:25,181][com.java.TestType] [ 5577] - value = No
[INFO ][2015-12-21 16:16:27,490][com.java.SeleniumDriver] [  894] -  RESULT true
[INFO ][2015-12-21 16:16:27,490][com.java.SeleniumDriver] [ 1100] - ?   P A S S   ?
[INFO ][2015-12-21 16:16:27,490][com.java.SeleniumDriver] [  821] - ------------------------------------------
[INFO ][2015-12-21 16:16:27,490][com.java.SeleniumDriver] [  822] - Test case being Executed: 26
[INFO ][2015-12-21 16:16:27,490][com.java.SeleniumDriver] [  833] - Test step:9
[INFO ][2015-12-21 16:16:27,490][com.java.SeleniumDriver] [  845] - Datavalue is----------null
[DEBUG][2015-12-21 16:16:27,490][com.java.SeleniumDriver] [  863] - Exception: null
[INFO ][2015-12-21 16:16:27,491][com.java.SeleniumDriver] [  869] - DataField : BTNparent
[INFO ][2015-12-21 16:16:27,491][com.java.SeleniumDriver] [  871] - DataValue : 
[INFO ][2015-12-21 16:16:27,491][com.java.SeleniumDriver] [  877] - <In Set values of the page>
[INFO ][2015-12-21 16:16:27,491][com.java.SeleniumDriver] [  880] - {Data Fields & Data Values Exist}
[INFO ][2015-12-21 16:16:27,491][com.java.SeleniumDriver] [  882] - --------------------------setting values-----------------------------
[INFO ][2015-12-21 16:16:27,491][com.java.SeleniumDriver] [  885] - Action Type : SELECTFRAME
[INFO ][2015-12-21 16:16:27,507][com.java.SeleniumDriver] [  894] -  RESULT true
[INFO ][2015-12-21 16:16:27,507][com.java.SeleniumDriver] [ 1100] - ?   P A S S   ?
[INFO ][2015-12-21 16:16:27,507][com.java.SeleniumDriver] [  821] - ------------------------------------------
[INFO ][2015-12-21 16:16:27,507][com.java.SeleniumDriver] [  822] - Test case being Executed: 26
[INFO ][2015-12-21 16:16:27,507][com.java.SeleniumDriver] [  833] - Test step:10
[INFO ][2015-12-21 16:16:27,507][com.java.SeleniumDriver] [  845] - Datavalue is----------null
[DEBUG][2015-12-21 16:16:27,507][com.java.SeleniumDriver] [  863] - Exception: null
[INFO ][2015-12-21 16:16:27,508][com.java.SeleniumDriver] [  869] - DataField : XPH//span[@class="ui-button-text" and contains(text(),'Finished')]
[INFO ][2015-12-21 16:16:27,508][com.java.SeleniumDriver] [  871] - DataValue : 
[INFO ][2015-12-21 16:16:27,508][com.java.SeleniumDriver] [  877] - <In Set values of the page>
[INFO ][2015-12-21 16:16:27,508][com.java.SeleniumDriver] [  880] - {Data Fields & Data Values Exist}
[INFO ][2015-12-21 16:16:27,508][com.java.SeleniumDriver] [  882] - --------------------------setting values-----------------------------
[INFO ][2015-12-21 16:16:27,508][com.java.SeleniumDriver] [  885] - Action Type : CLICK
[INFO ][2015-12-21 16:16:27,508][com.java.TestType] [ 5956] - Field ::XPH//span[@class="ui-button-text" and contains(text(),'Finished')]
[INFO ][2015-12-21 16:16:27,508][com.java.TestType] [ 5577] - value = 
[INFO ][2015-12-21 16:16:28,508][com.java.TestType] [ 6093] - BEFORE CLICK
[INFO ][2015-12-21 16:16:29,506][com.java.TestType] [ 6101] - Unable to click the object Finish Button
[INFO ][2015-12-21 16:16:29,506][com.java.SeleniumDriver] [  894] -  RESULT true
[INFO ][2015-12-21 16:16:29,506][com.java.SeleniumDriver] [ 1100] - ?   P A S S   ?
[INFO ][2015-12-21 16:16:29,506][com.java.SeleniumDriver] [  821] - ------------------------------------------
[INFO ][2015-12-21 16:16:29,506][com.java.SeleniumDriver] [  822] - Test case being Executed: 26
[INFO ][2015-12-21 16:16:29,506][com.java.SeleniumDriver] [  833] - Test step:11
[INFO ][2015-12-21 16:16:29,506][com.java.SeleniumDriver] [  845] - Datavalue is----------null
[DEBUG][2015-12-21 16:16:29,506][com.java.SeleniumDriver] [  863] - Exception: null
[INFO ][2015-12-21 16:16:29,506][com.java.SeleniumDriver] [  869] - DataField : BTNcloseAllTabs
[INFO ][2015-12-21 16:16:29,506][com.java.SeleniumDriver] [  871] - DataValue : 
[INFO ][2015-12-21 16:16:29,506][com.java.SeleniumDriver] [  877] - <In Set values of the page>
[INFO ][2015-12-21 16:16:29,507][com.java.SeleniumDriver] [  880] - {Data Fields & Data Values Exist}
[INFO ][2015-12-21 16:16:29,507][com.java.SeleniumDriver] [  882] - --------------------------setting values-----------------------------
[INFO ][2015-12-21 16:16:29,507][com.java.SeleniumDriver] [  885] - Action Type : CLICK
[INFO ][2015-12-21 16:16:29,507][com.java.TestType] [ 5956] - Field ::BTNcloseAllTabs
[INFO ][2015-12-21 16:16:29,507][com.java.TestType] [ 5577] - value = 
[INFO ][2015-12-21 16:16:30,507][com.java.TestType] [ 6072] - BEFORE CLICK
[INFO ][2015-12-21 16:16:32,062][com.java.TestType] [ 6079] - Unable to click the object Close all tabs
[INFO ][2015-12-21 16:16:32,062][com.java.SeleniumDriver] [  894] -  RESULT true
[INFO ][2015-12-21 16:16:32,062][com.java.SeleniumDriver] [ 1100] - ?   P A S S   ?
[INFO ][2015-12-21 16:16:32,062][com.java.SeleniumDriver] [  821] - ------------------------------------------
[INFO ][2015-12-21 16:16:32,062][com.java.SeleniumDriver] [  822] - Test case being Executed: 26
[INFO ][2015-12-21 16:16:32,062][com.java.SeleniumDriver] [  833] - Test step:12
[INFO ][2015-12-21 16:16:32,062][com.java.SeleniumDriver] [  845] - Datavalue is----------5
[INFO ][2015-12-21 16:16:32,064][com.java.SeleniumDriver] [  869] - DataField : XPH//span[@class="icon-coin"]
[INFO ][2015-12-21 16:16:32,064][com.java.SeleniumDriver] [  871] - DataValue : 5
[INFO ][2015-12-21 16:16:32,064][com.java.SeleniumDriver] [  877] - <In Set values of the page>
[INFO ][2015-12-21 16:16:32,064][com.java.SeleniumDriver] [  880] - {Data Fields & Data Values Exist}
[INFO ][2015-12-21 16:16:32,064][com.java.SeleniumDriver] [  882] - --------------------------setting values-----------------------------
[INFO ][2015-12-21 16:16:32,064][com.java.SeleniumDriver] [  885] - Action Type : WAITFORELEMENT
[INFO ][2015-12-21 16:16:32,100][com.java.SeleniumDriver] [  894] -  RESULT true
[INFO ][2015-12-21 16:16:32,100][com.java.SeleniumDriver] [ 1100] - ?   P A S S   ?
[INFO ][2015-12-21 16:16:32,100][com.java.SeleniumDriver] [  821] - ------------------------------------------
[INFO ][2015-12-21 16:16:32,100][com.java.SeleniumDriver] [  822] - Test case being Executed: 26
[INFO ][2015-12-21 16:16:32,100][com.java.SeleniumDriver] [  833] - Test step:13
[INFO ][2015-12-21 16:16:32,100][com.java.SeleniumDriver] [  845] - Datavalue is----------null
[DEBUG][2015-12-21 16:16:32,101][com.java.SeleniumDriver] [  863] - Exception: null
[INFO ][2015-12-21 16:16:32,101][com.java.SeleniumDriver] [  869] - DataField : //span[@class="icon-coin"]&&//a[text()='Balance Sheet']&&//a[@data-id="BSCompare"]
[INFO ][2015-12-21 16:16:32,101][com.java.SeleniumDriver] [  871] - DataValue : 
[INFO ][2015-12-21 16:16:32,101][com.java.SeleniumDriver] [  877] - <In Set values of the page>
[INFO ][2015-12-21 16:16:32,101][com.java.SeleniumDriver] [  880] - {Data Fields & Data Values Exist}
[INFO ][2015-12-21 16:16:32,101][com.java.SeleniumDriver] [  882] - --------------------------setting values-----------------------------
[INFO ][2015-12-21 16:16:32,101][com.java.SeleniumDriver] [  885] - Action Type : MOUSEOVER
[INFO ][2015-12-21 16:16:59,806][com.java.SeleniumDriver] [  894] -  RESULT true
[INFO ][2015-12-21 16:16:59,806][com.java.SeleniumDriver] [ 1100] - ?   P A S S   ?
[INFO ][2015-12-21 16:16:59,806][com.java.SeleniumDriver] [  821] - ------------------------------------------
[INFO ][2015-12-21 16:16:59,806][com.java.SeleniumDriver] [  822] - Test case being Executed: 26
[INFO ][2015-12-21 16:16:59,808][com.java.SeleniumDriver] [  833] - Test step:14
[INFO ][2015-12-21 16:16:59,808][com.java.SeleniumDriver] [  845] - Datavalue is----------4
[INFO ][2015-12-21 16:16:59,808][com.java.SeleniumDriver] [  869] - DataField : XPH//span[contains(text(),'Show Report')]
[INFO ][2015-12-21 16:16:59,808][com.java.SeleniumDriver] [  871] - DataValue : 4
[INFO ][2015-12-21 16:16:59,808][com.java.SeleniumDriver] [  877] - <In Set values of the page>
[INFO ][2015-12-21 16:16:59,808][com.java.SeleniumDriver] [  880] - {Data Fields & Data Values Exist}
[INFO ][2015-12-21 16:16:59,808][com.java.SeleniumDriver] [  882] - --------------------------setting values-----------------------------
[INFO ][2015-12-21 16:16:59,808][com.java.SeleniumDriver] [  885] - Action Type : WAITFORELEMENT
[INFO ][2015-12-21 16:16:59,846][com.java.SeleniumDriver] [  894] -  RESULT true
[INFO ][2015-12-21 16:16:59,846][com.java.SeleniumDriver] [ 1100] - ?   P A S S   ?
[INFO ][2015-12-21 16:16:59,846][com.java.SeleniumDriver] [  821] - ------------------------------------------
[INFO ][2015-12-21 16:16:59,847][com.java.SeleniumDriver] [  822] - Test case being Executed: 26
[INFO ][2015-12-21 16:16:59,847][com.java.SeleniumDriver] [  833] - Test step:15
[INFO ][2015-12-21 16:16:59,847][com.java.SeleniumDriver] [  845] - Datavalue is----------2
[INFO ][2015-12-21 16:16:59,847][com.java.SeleniumDriver] [  869] - DataField : BTNframeDialogContent
[INFO ][2015-12-21 16:16:59,847][com.java.SeleniumDriver] [  871] - DataValue : 2
[INFO ][2015-12-21 16:16:59,847][com.java.SeleniumDriver] [  877] - <In Set values of the page>
[INFO ][2015-12-21 16:16:59,847][com.java.SeleniumDriver] [  880] - {Data Fields & Data Values Exist}
[INFO ][2015-12-21 16:16:59,847][com.java.SeleniumDriver] [  882] - --------------------------setting values-----------------------------
[INFO ][2015-12-21 16:16:59,847][com.java.SeleniumDriver] [  885] - Action Type : WAITFORELEMENT
[INFO ][2015-12-21 16:17:01,064][com.java.SeleniumDriver] [  894] -  RESULT true
[INFO ][2015-12-21 16:17:01,066][com.java.SeleniumDriver] [ 1100] - ?   P A S S   ?
[INFO ][2015-12-21 16:17:01,066][com.java.SeleniumDriver] [  821] - ------------------------------------------
[INFO ][2015-12-21 16:17:01,066][com.java.SeleniumDriver] [  822] - Test case being Executed: 26
[INFO ][2015-12-21 16:17:01,066][com.java.SeleniumDriver] [  833] - Test step:16
[INFO ][2015-12-21 16:17:01,066][com.java.SeleniumDriver] [  845] - Datavalue is----------dt:BSCompare
[INFO ][2015-12-21 16:17:01,066][com.java.SeleniumDriver] [  869] - DataField : XPH//span[@class="ui-dialog-title"]
[INFO ][2015-12-21 16:17:01,066][com.java.SeleniumDriver] [  871] - DataValue : dt:BSCompare
[INFO ][2015-12-21 16:17:01,067][com.java.SeleniumDriver] [  877] - <In Set values of the page>
[INFO ][2015-12-21 16:17:01,067][com.java.SeleniumDriver] [  880] - {Data Fields & Data Values Exist}
[INFO ][2015-12-21 16:17:01,067][com.java.SeleniumDriver] [  882] - --------------------------setting values-----------------------------
[INFO ][2015-12-21 16:17:01,067][com.java.SeleniumDriver] [  885] - Action Type : VERIFY
[INFO ][2015-12-21 16:17:01,067][com.java.TestType] [ 6899] - field= XPH//span[@class="ui-dialog-title"] value= dt:BSCompare
[INFO ][2015-12-21 16:17:01,067][com.java.TestType] [ 5577] - value = Balance Sheet Compare
[INFO ][2015-12-21 16:17:01,220][com.java.SeleniumDriver] [  894] -  RESULT true
[INFO ][2015-12-21 16:17:01,220][com.java.SeleniumDriver] [ 1100] - ?   P A S S   ?
[INFO ][2015-12-21 16:17:01,220][com.java.SeleniumDriver] [  821] - ------------------------------------------
[INFO ][2015-12-21 16:17:01,220][com.java.SeleniumDriver] [  822] - Test case being Executed: 26
[INFO ][2015-12-21 16:17:01,220][com.java.SeleniumDriver] [  833] - Test step:17
[INFO ][2015-12-21 16:17:01,220][com.java.SeleniumDriver] [  845] - Datavalue is----------null
[DEBUG][2015-12-21 16:17:01,220][com.java.SeleniumDriver] [  863] - Exception: null
[INFO ][2015-12-21 16:17:01,220][com.java.SeleniumDriver] [  869] - DataField : BTNframeDialogContent
[INFO ][2015-12-21 16:17:01,220][com.java.SeleniumDriver] [  871] - DataValue : 
[INFO ][2015-12-21 16:17:01,220][com.java.SeleniumDriver] [  877] - <In Set values of the page>
[INFO ][2015-12-21 16:17:01,220][com.java.SeleniumDriver] [  880] - {Data Fields & Data Values Exist}
[INFO ][2015-12-21 16:17:01,221][com.java.SeleniumDriver] [  882] - --------------------------setting values-----------------------------
[INFO ][2015-12-21 16:17:01,221][com.java.SeleniumDriver] [  885] - Action Type : SELECTFRAME
[INFO ][2015-12-21 16:17:02,487][com.java.SeleniumDriver] [  894] -  RESULT true
[INFO ][2015-12-21 16:17:02,487][com.java.SeleniumDriver] [ 1100] - ?   P A S S   ?
[INFO ][2015-12-21 16:17:02,487][com.java.SeleniumDriver] [  821] - ------------------------------------------
[INFO ][2015-12-21 16:17:02,487][com.java.SeleniumDriver] [  822] - Test case being Executed: 26
[INFO ][2015-12-21 16:17:02,487][com.java.SeleniumDriver] [  833] - Test step:18
[INFO ][2015-12-21 16:17:02,488][com.java.SeleniumDriver] [  845] - Datavalue is----------4
[INFO ][2015-12-21 16:17:02,488][com.java.SeleniumDriver] [  869] - DataField : BTNcbExpandCenters
[INFO ][2015-12-21 16:17:02,488][com.java.SeleniumDriver] [  871] - DataValue : 4
[INFO ][2015-12-21 16:17:02,488][com.java.SeleniumDriver] [  877] - <In Set values of the page>
[INFO ][2015-12-21 16:17:02,488][com.java.SeleniumDriver] [  880] - {Data Fields & Data Values Exist}
[INFO ][2015-12-21 16:17:02,488][com.java.SeleniumDriver] [  882] - --------------------------setting values-----------------------------
[INFO ][2015-12-21 16:17:02,488][com.java.SeleniumDriver] [  885] - Action Type : WAITFORELEMENT
[INFO ][2015-12-21 16:17:03,542][com.java.SeleniumDriver] [  894] -  RESULT true
[INFO ][2015-12-21 16:17:03,542][com.java.SeleniumDriver] [ 1100] - ?   P A S S   ?
[INFO ][2015-12-21 16:17:03,542][com.java.SeleniumDriver] [  821] - ------------------------------------------
[INFO ][2015-12-21 16:17:03,543][com.java.SeleniumDriver] [  822] - Test case being Executed: 26
[INFO ][2015-12-21 16:17:03,543][com.java.SeleniumDriver] [  833] - Test step:19
[INFO ][2015-12-21 16:17:03,543][com.java.SeleniumDriver] [  845] - Datavalue is----------index:1
[INFO ][2015-12-21 16:17:03,543][com.java.SeleniumDriver] [  869] - DataField : COBddlView
[INFO ][2015-12-21 16:17:03,543][com.java.SeleniumDriver] [  871] - DataValue : index:1
[INFO ][2015-12-21 16:17:03,543][com.java.SeleniumDriver] [  877] - <In Set values of the page>
[INFO ][2015-12-21 16:17:03,543][com.java.SeleniumDriver] [  880] - {Data Fields & Data Values Exist}
[INFO ][2015-12-21 16:17:03,543][com.java.SeleniumDriver] [  882] - --------------------------setting values-----------------------------
[INFO ][2015-12-21 16:17:03,543][com.java.SeleniumDriver] [  885] - Action Type : SELECT
[INFO ][2015-12-21 16:17:03,543][com.java.TestType] [ 5577] - value = 1
[INFO ][2015-12-21 16:17:04,655][com.java.TestType] [ 5695] -  In COB ddlView : 1
[INFO ][2015-12-21 16:17:04,826][com.java.SeleniumDriver] [  894] -  RESULT true
[INFO ][2015-12-21 16:17:04,826][com.java.SeleniumDriver] [ 1100] - ?   P A S S   ?
[INFO ][2015-12-21 16:17:04,826][com.java.SeleniumDriver] [  821] - ------------------------------------------
[INFO ][2015-12-21 16:17:04,826][com.java.SeleniumDriver] [  822] - Test case being Executed: 26
[INFO ][2015-12-21 16:17:04,826][com.java.SeleniumDriver] [  833] - Test step:20
[INFO ][2015-12-21 16:17:04,826][com.java.SeleniumDriver] [  845] - Datavalue is----------index:0
[INFO ][2015-12-21 16:17:04,826][com.java.SeleniumDriver] [  869] - DataField : COBddlProfitCenter
[INFO ][2015-12-21 16:17:04,826][com.java.SeleniumDriver] [  871] - DataValue : index:0
[INFO ][2015-12-21 16:17:04,826][com.java.SeleniumDriver] [  877] - <In Set values of the page>
[INFO ][2015-12-21 16:17:04,827][com.java.SeleniumDriver] [  880] - {Data Fields & Data Values Exist}
[INFO ][2015-12-21 16:17:04,827][com.java.SeleniumDriver] [  882] - --------------------------setting values-----------------------------
[INFO ][2015-12-21 16:17:04,827][com.java.SeleniumDriver] [  885] - Action Type : SELECT
[INFO ][2015-12-21 16:17:04,827][com.java.TestType] [ 5577] - value = 0
[INFO ][2015-12-21 16:17:05,961][com.java.TestType] [ 5695] -  In COB ddlProfitCenter : 0
[INFO ][2015-12-21 16:17:06,040][com.java.SeleniumDriver] [  894] -  RESULT true
[INFO ][2015-12-21 16:17:06,040][com.java.SeleniumDriver] [ 1100] - ?   P A S S   ?
[INFO ][2015-12-21 16:17:06,040][com.java.SeleniumDriver] [  821] - ------------------------------------------
[INFO ][2015-12-21 16:17:06,040][com.java.SeleniumDriver] [  822] - Test case being Executed: 26
[INFO ][2015-12-21 16:17:06,040][com.java.SeleniumDriver] [  833] - Test step:21
[INFO ][2015-12-21 16:17:06,040][com.java.SeleniumDriver] [  845] - Datavalue is----------null
[DEBUG][2015-12-21 16:17:06,040][com.java.SeleniumDriver] [  863] - Exception: null
[INFO ][2015-12-21 16:17:06,040][com.java.SeleniumDriver] [  869] - DataField : HDNcbExpandCenters
[INFO ][2015-12-21 16:17:06,041][com.java.SeleniumDriver] [  871] - DataValue : 
[INFO ][2015-12-21 16:17:06,041][com.java.SeleniumDriver] [  877] - <In Set values of the page>
[INFO ][2015-12-21 16:17:06,041][com.java.SeleniumDriver] [  880] - {Data Fields & Data Values Exist}
[INFO ][2015-12-21 16:17:06,041][com.java.SeleniumDriver] [  882] - --------------------------setting values-----------------------------
[INFO ][2015-12-21 16:17:06,041][com.java.SeleniumDriver] [  885] - Action Type : CLICK
[INFO ][2015-12-21 16:17:06,041][com.java.TestType] [ 5956] - Field ::HDNcbExpandCenters
[INFO ][2015-12-21 16:17:06,041][com.java.TestType] [ 5577] - value = 
[INFO ][2015-12-21 16:17:08,119][com.java.SeleniumDriver] [  894] -  RESULT true
[INFO ][2015-12-21 16:17:08,119][com.java.SeleniumDriver] [ 1100] - ?   P A S S   ?
[INFO ][2015-12-21 16:17:08,119][com.java.SeleniumDriver] [  821] - ------------------------------------------
[INFO ][2015-12-21 16:17:08,119][com.java.SeleniumDriver] [  822] - Test case being Executed: 26
[INFO ][2015-12-21 16:17:08,119][com.java.SeleniumDriver] [  833] - Test step:22
[INFO ][2015-12-21 16:17:08,119][com.java.SeleniumDriver] [  845] - Datavalue is----------null
[DEBUG][2015-12-21 16:17:08,119][com.java.SeleniumDriver] [  863] - Exception: null
[INFO ][2015-12-21 16:17:08,119][com.java.SeleniumDriver] [  869] - DataField : BTNparent
[INFO ][2015-12-21 16:17:08,119][com.java.SeleniumDriver] [  871] - DataValue : 
[INFO ][2015-12-21 16:17:08,120][com.java.SeleniumDriver] [  877] - <In Set values of the page>
[INFO ][2015-12-21 16:17:08,120][com.java.SeleniumDriver] [  880] - {Data Fields & Data Values Exist}
[INFO ][2015-12-21 16:17:08,120][com.java.SeleniumDriver] [  882] - --------------------------setting values-----------------------------
[INFO ][2015-12-21 16:17:08,120][com.java.SeleniumDriver] [  885] - Action Type : SELECTFRAME
[INFO ][2015-12-21 16:17:08,135][com.java.SeleniumDriver] [  894] -  RESULT true
[INFO ][2015-12-21 16:17:08,135][com.java.SeleniumDriver] [ 1100] - ?   P A S S   ?
[INFO ][2015-12-21 16:17:08,135][com.java.SeleniumDriver] [  821] - ------------------------------------------
[INFO ][2015-12-21 16:17:08,135][com.java.SeleniumDriver] [  822] - Test case being Executed: 26
[INFO ][2015-12-21 16:17:08,135][com.java.SeleniumDriver] [  833] - Test step:23
[INFO ][2015-12-21 16:17:08,135][com.java.SeleniumDriver] [  845] - Datavalue is----------null
[DEBUG][2015-12-21 16:17:08,135][com.java.SeleniumDriver] [  863] - Exception: null
[INFO ][2015-12-21 16:17:08,136][com.java.SeleniumDriver] [  869] - DataField : XPH//span[contains(text(),'Show Report')]
[INFO ][2015-12-21 16:17:08,136][com.java.SeleniumDriver] [  871] - DataValue : 
[INFO ][2015-12-21 16:17:08,136][com.java.SeleniumDriver] [  877] - <In Set values of the page>
[INFO ][2015-12-21 16:17:08,136][com.java.SeleniumDriver] [  880] - {Data Fields & Data Values Exist}
[INFO ][2015-12-21 16:17:08,136][com.java.SeleniumDriver] [  882] - --------------------------setting values-----------------------------
[INFO ][2015-12-21 16:17:08,136][com.java.SeleniumDriver] [  885] - Action Type : CLICK
[INFO ][2015-12-21 16:17:08,136][com.java.TestType] [ 5956] - Field ::XPH//span[contains(text(),'Show Report')]
[INFO ][2015-12-21 16:17:08,136][com.java.TestType] [ 5577] - value = 
[INFO ][2015-12-21 16:17:09,136][com.java.TestType] [ 6093] - BEFORE CLICK
[INFO ][2015-12-21 16:17:10,625][com.java.TestType] [ 6101] - Unable to click the object Show Report button
[INFO ][2015-12-21 16:17:10,625][com.java.SeleniumDriver] [  894] -  RESULT true
[INFO ][2015-12-21 16:17:10,625][com.java.SeleniumDriver] [ 1100] - ?   P A S S   ?
[INFO ][2015-12-21 16:17:10,625][com.java.SeleniumDriver] [  821] - ------------------------------------------
[INFO ][2015-12-21 16:17:10,625][com.java.SeleniumDriver] [  822] - Test case being Executed: 26
[INFO ][2015-12-21 16:17:10,625][com.java.SeleniumDriver] [  833] - Test step:24
[INFO ][2015-12-21 16:17:10,625][com.java.SeleniumDriver] [  845] - Datavalue is----------3
[INFO ][2015-12-21 16:17:10,625][com.java.SeleniumDriver] [  869] - DataField : XPH//img[@id='loading']
[INFO ][2015-12-21 16:17:10,625][com.java.SeleniumDriver] [  871] - DataValue : 3
[INFO ][2015-12-21 16:17:10,626][com.java.SeleniumDriver] [  877] - <In Set values of the page>
[INFO ][2015-12-21 16:17:10,626][com.java.SeleniumDriver] [  880] - {Data Fields & Data Values Exist}
[INFO ][2015-12-21 16:17:10,626][com.java.SeleniumDriver] [  882] - --------------------------setting values-----------------------------
[INFO ][2015-12-21 16:17:10,626][com.java.SeleniumDriver] [  885] - Action Type : WaitForElement
[INFO ][2015-12-21 16:17:10,661][com.java.SeleniumDriver] [  894] -  RESULT true
[INFO ][2015-12-21 16:17:10,661][com.java.SeleniumDriver] [ 1100] - ?   P A S S   ?
[INFO ][2015-12-21 16:17:10,661][com.java.SeleniumDriver] [  821] - ------------------------------------------
[INFO ][2015-12-21 16:17:10,661][com.java.SeleniumDriver] [  822] - Test case being Executed: 26
[INFO ][2015-12-21 16:17:10,661][com.java.SeleniumDriver] [  833] - Test step:25
[INFO ][2015-12-21 16:17:10,661][com.java.SeleniumDriver] [  845] - Datavalue is----------90
[INFO ][2015-12-21 16:17:10,661][com.java.SeleniumDriver] [  869] - DataField : XPH//img[@id='loading']
[INFO ][2015-12-21 16:17:10,662][com.java.SeleniumDriver] [  871] - DataValue : 90
[INFO ][2015-12-21 16:17:10,662][com.java.SeleniumDriver] [  877] - <In Set values of the page>
[INFO ][2015-12-21 16:17:10,662][com.java.SeleniumDriver] [  880] - {Data Fields & Data Values Exist}
[INFO ][2015-12-21 16:17:10,662][com.java.SeleniumDriver] [  882] - --------------------------setting values-----------------------------
[INFO ][2015-12-21 16:17:10,662][com.java.SeleniumDriver] [  885] - Action Type : waitForElementNotPresent
[INFO ][2015-12-21 16:17:12,946][com.java.SeleniumDriver] [  894] -  RESULT true
[INFO ][2015-12-21 16:17:12,946][com.java.SeleniumDriver] [ 1100] - ?   P A S S   ?
[INFO ][2015-12-21 16:17:12,946][com.java.SeleniumDriver] [  821] - ------------------------------------------
[INFO ][2015-12-21 16:17:12,946][com.java.SeleniumDriver] [  822] - Test case being Executed: 26
[INFO ][2015-12-21 16:17:12,947][com.java.SeleniumDriver] [  833] - Test step:26
[INFO ][2015-12-21 16:17:12,947][com.java.SeleniumDriver] [  845] - Datavalue is----------dt:BSCompare
[INFO ][2015-12-21 16:17:12,947][com.java.SeleniumDriver] [  869] - DataField : XPH//td[@class="ReportTitle"]
[INFO ][2015-12-21 16:17:12,947][com.java.SeleniumDriver] [  871] - DataValue : dt:BSCompare
[INFO ][2015-12-21 16:17:12,947][com.java.SeleniumDriver] [  877] - <In Set values of the page>
[INFO ][2015-12-21 16:17:12,947][com.java.SeleniumDriver] [  880] - {Data Fields & Data Values Exist}
[INFO ][2015-12-21 16:17:12,947][com.java.SeleniumDriver] [  882] - --------------------------setting values-----------------------------
[INFO ][2015-12-21 16:17:12,947][com.java.SeleniumDriver] [  885] - Action Type : VERIFY
[INFO ][2015-12-21 16:17:12,947][com.java.TestType] [ 6899] - field= XPH//td[@class="ReportTitle"] value= dt:BSCompare
[INFO ][2015-12-21 16:17:12,947][com.java.TestType] [ 5577] - value = Balance Sheet Compare
[INFO ][2015-12-21 16:17:13,110][com.java.SeleniumDriver] [  894] -  RESULT true
[INFO ][2015-12-21 16:17:13,110][com.java.SeleniumDriver] [ 1100] - ?   P A S S   ?
[INFO ][2015-12-21 16:17:13,110][com.java.SeleniumDriver] [  821] - ------------------------------------------
[INFO ][2015-12-21 16:17:13,110][com.java.SeleniumDriver] [  822] - Test case being Executed: 26
[INFO ][2015-12-21 16:17:13,110][com.java.SeleniumDriver] [  833] - Test step:27
[INFO ][2015-12-21 16:17:13,110][com.java.SeleniumDriver] [  845] - Datavalue is----------null
[DEBUG][2015-12-21 16:17:13,111][com.java.SeleniumDriver] [  863] - Exception: null
[INFO ][2015-12-21 16:17:13,111][com.java.SeleniumDriver] [  869] - DataField : HDN//div[@class="menu"]//span[@class="icon-file-pdf"]
[INFO ][2015-12-21 16:17:13,111][com.java.SeleniumDriver] [  871] - DataValue : 
[INFO ][2015-12-21 16:17:13,111][com.java.SeleniumDriver] [  877] - <In Set values of the page>
[INFO ][2015-12-21 16:17:13,112][com.java.SeleniumDriver] [  880] - {Data Fields & Data Values Exist}
[INFO ][2015-12-21 16:17:13,112][com.java.SeleniumDriver] [  882] - --------------------------setting values-----------------------------
[INFO ][2015-12-21 16:17:13,112][com.java.SeleniumDriver] [  885] - Action Type : CLICK
[INFO ][2015-12-21 16:17:13,112][com.java.TestType] [ 5956] - Field ::HDN//div[@class="menu"]//span[@class="icon-file-pdf"]
[INFO ][2015-12-21 16:17:13,112][com.java.TestType] [ 5577] - value = 
[INFO ][2015-12-21 16:17:14,570][com.java.SeleniumDriver] [  894] -  RESULT true
[INFO ][2015-12-21 16:17:14,570][com.java.SeleniumDriver] [ 1100] - ?   P A S S   ?
[INFO ][2015-12-21 16:17:14,570][com.java.SeleniumDriver] [  821] - ------------------------------------------
[INFO ][2015-12-21 16:17:14,570][com.java.SeleniumDriver] [  822] - Test case being Executed: 26
[INFO ][2015-12-21 16:17:14,570][com.java.SeleniumDriver] [  833] - Test step:28
[INFO ][2015-12-21 16:17:14,570][com.java.SeleniumDriver] [  845] - Datavalue is----------3
[INFO ][2015-12-21 16:17:14,570][com.java.SeleniumDriver] [  869] - DataField : XPH//img[@id='loading']
[INFO ][2015-12-21 16:17:14,571][com.java.SeleniumDriver] [  871] - DataValue : 3
[INFO ][2015-12-21 16:17:14,571][com.java.SeleniumDriver] [  877] - <In Set values of the page>
[INFO ][2015-12-21 16:17:14,571][com.java.SeleniumDriver] [  880] - {Data Fields & Data Values Exist}
[INFO ][2015-12-21 16:17:14,571][com.java.SeleniumDriver] [  882] - --------------------------setting values-----------------------------
[INFO ][2015-12-21 16:17:14,571][com.java.SeleniumDriver] [  885] - Action Type : WaitForElement
[INFO ][2015-12-21 16:17:14,616][com.java.SeleniumDriver] [  894] -  RESULT true
[INFO ][2015-12-21 16:17:14,616][com.java.SeleniumDriver] [ 1100] - ?   P A S S   ?
[INFO ][2015-12-21 16:17:14,616][com.java.SeleniumDriver] [  821] - ------------------------------------------
[INFO ][2015-12-21 16:17:14,616][com.java.SeleniumDriver] [  822] - Test case being Executed: 26
[INFO ][2015-12-21 16:17:14,616][com.java.SeleniumDriver] [  833] - Test step:29
[INFO ][2015-12-21 16:17:14,616][com.java.SeleniumDriver] [  845] - Datavalue is----------90
[INFO ][2015-12-21 16:17:14,617][com.java.SeleniumDriver] [  869] - DataField : XPH//img[@id='loading']
[INFO ][2015-12-21 16:17:14,617][com.java.SeleniumDriver] [  871] - DataValue : 90
[INFO ][2015-12-21 16:17:14,617][com.java.SeleniumDriver] [  877] - <In Set values of the page>
[INFO ][2015-12-21 16:17:14,617][com.java.SeleniumDriver] [  880] - {Data Fields & Data Values Exist}
[INFO ][2015-12-21 16:17:14,617][com.java.SeleniumDriver] [  882] - --------------------------setting values-----------------------------
[INFO ][2015-12-21 16:17:14,617][com.java.SeleniumDriver] [  885] - Action Type : waitForElementNotPresent
[INFO ][2015-12-21 16:17:19,067][com.java.SeleniumDriver] [  894] -  RESULT true
[INFO ][2015-12-21 16:17:19,067][com.java.SeleniumDriver] [ 1100] - ?   P A S S   ?
[INFO ][2015-12-21 16:17:19,067][com.java.SeleniumDriver] [  821] - ------------------------------------------
[INFO ][2015-12-21 16:17:19,067][com.java.SeleniumDriver] [  822] - Test case being Executed: 26
[INFO ][2015-12-21 16:17:19,067][com.java.SeleniumDriver] [  833] - Test step:30
[INFO ][2015-12-21 16:17:19,067][com.java.SeleniumDriver] [  845] - Datavalue is----------dt:BSCompare
[INFO ][2015-12-21 16:17:19,067][com.java.SeleniumDriver] [  869] - DataField : XPH//td[@class="ReportTitle"]
[INFO ][2015-12-21 16:17:19,067][com.java.SeleniumDriver] [  871] - DataValue : dt:BSCompare
[INFO ][2015-12-21 16:17:19,067][com.java.SeleniumDriver] [  877] - <In Set values of the page>
[INFO ][2015-12-21 16:17:19,067][com.java.SeleniumDriver] [  880] - {Data Fields & Data Values Exist}
[INFO ][2015-12-21 16:17:19,067][com.java.SeleniumDriver] [  882] - --------------------------setting values-----------------------------
[INFO ][2015-12-21 16:17:19,068][com.java.SeleniumDriver] [  885] - Action Type : VERIFY
[INFO ][2015-12-21 16:17:19,068][com.java.TestType] [ 6899] - field= XPH//td[@class="ReportTitle"] value= dt:BSCompare
[INFO ][2015-12-21 16:17:19,068][com.java.TestType] [ 5577] - value = Balance Sheet Compare
[INFO ][2015-12-21 16:17:19,243][com.java.SeleniumDriver] [  894] -  RESULT true
[INFO ][2015-12-21 16:17:19,243][com.java.SeleniumDriver] [ 1100] - ?   P A S S   ?
[INFO ][2015-12-21 16:17:19,243][com.java.SeleniumDriver] [  821] - ------------------------------------------
[INFO ][2015-12-21 16:17:19,243][com.java.SeleniumDriver] [  822] - Test case being Executed: 26
[INFO ][2015-12-21 16:17:19,243][com.java.SeleniumDriver] [  833] - Test step:31
[INFO ][2015-12-21 16:17:19,243][com.java.SeleniumDriver] [  845] - Datavalue is----------null
[DEBUG][2015-12-21 16:17:19,243][com.java.SeleniumDriver] [  863] - Exception: null
[INFO ][2015-12-21 16:17:19,244][com.java.SeleniumDriver] [  869] - DataField : //span[@class='icon-cog2']&&//a[@data-id="UserSettings"]
[INFO ][2015-12-21 16:17:19,244][com.java.SeleniumDriver] [  871] - DataValue : 
[INFO ][2015-12-21 16:17:19,244][com.java.SeleniumDriver] [  877] - <In Set values of the page>
[INFO ][2015-12-21 16:17:19,244][com.java.SeleniumDriver] [  880] - {Data Fields & Data Values Exist}
[INFO ][2015-12-21 16:17:19,244][com.java.SeleniumDriver] [  882] - --------------------------setting values-----------------------------
[INFO ][2015-12-21 16:17:19,244][com.java.SeleniumDriver] [  885] - Action Type : MOUSEOVER
[INFO ][2015-12-21 16:17:42,782][com.java.SeleniumDriver] [  894] -  RESULT true
[INFO ][2015-12-21 16:17:42,782][com.java.SeleniumDriver] [ 1100] - ?   P A S S   ?
[INFO ][2015-12-21 16:17:42,782][com.java.SeleniumDriver] [  821] - ------------------------------------------
[INFO ][2015-12-21 16:17:42,782][com.java.SeleniumDriver] [  822] - Test case being Executed: 26
[INFO ][2015-12-21 16:17:42,782][com.java.SeleniumDriver] [  833] - Test step:32
[INFO ][2015-12-21 16:17:42,782][com.java.SeleniumDriver] [  845] - Datavalue is----------2
[INFO ][2015-12-21 16:17:42,782][com.java.SeleniumDriver] [  869] - DataField : BTNframeDialogContent
[INFO ][2015-12-21 16:17:42,782][com.java.SeleniumDriver] [  871] - DataValue : 2
[INFO ][2015-12-21 16:17:42,782][com.java.SeleniumDriver] [  877] - <In Set values of the page>
[INFO ][2015-12-21 16:17:42,782][com.java.SeleniumDriver] [  880] - {Data Fields & Data Values Exist}
[INFO ][2015-12-21 16:17:42,782][com.java.SeleniumDriver] [  882] - --------------------------setting values-----------------------------
[INFO ][2015-12-21 16:17:42,782][com.java.SeleniumDriver] [  885] - Action Type : WAITFORELEMENT
[INFO ][2015-12-21 16:17:44,002][com.java.SeleniumDriver] [  894] -  RESULT true
[INFO ][2015-12-21 16:17:44,003][com.java.SeleniumDriver] [ 1100] - ?   P A S S   ?
[INFO ][2015-12-21 16:17:44,003][com.java.SeleniumDriver] [  821] - ------------------------------------------
[INFO ][2015-12-21 16:17:44,003][com.java.SeleniumDriver] [  822] - Test case being Executed: 26
[INFO ][2015-12-21 16:17:44,003][com.java.SeleniumDriver] [  833] - Test step:33
[INFO ][2015-12-21 16:17:44,003][com.java.SeleniumDriver] [  845] - Datavalue is----------User Settings
[INFO ][2015-12-21 16:17:44,003][com.java.SeleniumDriver] [  869] - DataField : XPH//span[@class="ui-dialog-title"]
[INFO ][2015-12-21 16:17:44,003][com.java.SeleniumDriver] [  871] - DataValue : User Settings
[INFO ][2015-12-21 16:17:44,003][com.java.SeleniumDriver] [  877] - <In Set values of the page>
[INFO ][2015-12-21 16:17:44,003][com.java.SeleniumDriver] [  880] - {Data Fields & Data Values Exist}
[INFO ][2015-12-21 16:17:44,003][com.java.SeleniumDriver] [  882] - --------------------------setting values-----------------------------
[INFO ][2015-12-21 16:17:44,003][com.java.SeleniumDriver] [  885] - Action Type : VERIFY
[INFO ][2015-12-21 16:17:44,003][com.java.TestType] [ 6899] - field= XPH//span[@class="ui-dialog-title"] value= User Settings
[INFO ][2015-12-21 16:17:44,003][com.java.TestType] [ 5577] - value = User Settings
[INFO ][2015-12-21 16:17:44,162][com.java.SeleniumDriver] [  894] -  RESULT true
[INFO ][2015-12-21 16:17:44,162][com.java.SeleniumDriver] [ 1100] - ?   P A S S   ?
[INFO ][2015-12-21 16:17:44,162][com.java.SeleniumDriver] [  821] - ------------------------------------------
[INFO ][2015-12-21 16:17:44,162][com.java.SeleniumDriver] [  822] - Test case being Executed: 26
[INFO ][2015-12-21 16:17:44,162][com.java.SeleniumDriver] [  833] - Test step:34
[INFO ][2015-12-21 16:17:44,162][com.java.SeleniumDriver] [  845] - Datavalue is----------null
[DEBUG][2015-12-21 16:17:44,162][com.java.SeleniumDriver] [  863] - Exception: null
[INFO ][2015-12-21 16:17:44,162][com.java.SeleniumDriver] [  869] - DataField : BTNframeDialogContent
[INFO ][2015-12-21 16:17:44,162][com.java.SeleniumDriver] [  871] - DataValue : 
[INFO ][2015-12-21 16:17:44,163][com.java.SeleniumDriver] [  877] - <In Set values of the page>
[INFO ][2015-12-21 16:17:44,163][com.java.SeleniumDriver] [  880] - {Data Fields & Data Values Exist}
[INFO ][2015-12-21 16:17:44,163][com.java.SeleniumDriver] [  882] - --------------------------setting values-----------------------------
[INFO ][2015-12-21 16:17:44,163][com.java.SeleniumDriver] [  885] - Action Type : SELECTFRAME
[INFO ][2015-12-21 16:17:45,426][com.java.SeleniumDriver] [  894] -  RESULT true
[INFO ][2015-12-21 16:17:45,426][com.java.SeleniumDriver] [ 1100] - ?   P A S S   ?
[INFO ][2015-12-21 16:17:45,426][com.java.SeleniumDriver] [  821] - ------------------------------------------
[INFO ][2015-12-21 16:17:45,426][com.java.SeleniumDriver] [  822] - Test case being Executed: 26
[INFO ][2015-12-21 16:17:45,426][com.java.SeleniumDriver] [  833] - Test step:35
[INFO ][2015-12-21 16:17:45,426][com.java.SeleniumDriver] [  845] - Datavalue is----------Yes
[INFO ][2015-12-21 16:17:45,427][com.java.SeleniumDriver] [  869] - DataField : SLBddlPDFToScreen
[INFO ][2015-12-21 16:17:45,427][com.java.SeleniumDriver] [  871] - DataValue : Yes
[INFO ][2015-12-21 16:17:45,427][com.java.SeleniumDriver] [  877] - <In Set values of the page>
[INFO ][2015-12-21 16:17:45,427][com.java.SeleniumDriver] [  880] - {Data Fields & Data Values Exist}
[INFO ][2015-12-21 16:17:45,427][com.java.SeleniumDriver] [  882] - --------------------------setting values-----------------------------
[INFO ][2015-12-21 16:17:45,427][com.java.SeleniumDriver] [  885] - Action Type : SELECT
[INFO ][2015-12-21 16:17:45,427][com.java.TestType] [ 5577] - value = Yes
[INFO ][2015-12-21 16:17:47,741][com.java.SeleniumDriver] [  894] -  RESULT true
[INFO ][2015-12-21 16:17:47,741][com.java.SeleniumDriver] [ 1100] - ?   P A S S   ?
[INFO ][2015-12-21 16:17:47,741][com.java.SeleniumDriver] [  821] - ------------------------------------------
[INFO ][2015-12-21 16:17:47,741][com.java.SeleniumDriver] [  822] - Test case being Executed: 26
[INFO ][2015-12-21 16:17:47,741][com.java.SeleniumDriver] [  833] - Test step:36
[INFO ][2015-12-21 16:17:47,741][com.java.SeleniumDriver] [  845] - Datavalue is----------null
[DEBUG][2015-12-21 16:17:47,741][com.java.SeleniumDriver] [  863] - Exception: null
[INFO ][2015-12-21 16:17:47,741][com.java.SeleniumDriver] [  869] - DataField : BTNparent
[INFO ][2015-12-21 16:17:47,741][com.java.SeleniumDriver] [  871] - DataValue : 
[INFO ][2015-12-21 16:17:47,741][com.java.SeleniumDriver] [  877] - <In Set values of the page>
[INFO ][2015-12-21 16:17:47,741][com.java.SeleniumDriver] [  880] - {Data Fields & Data Values Exist}
[INFO ][2015-12-21 16:17:47,742][com.java.SeleniumDriver] [  882] - --------------------------setting values-----------------------------
[INFO ][2015-12-21 16:17:47,742][com.java.SeleniumDriver] [  885] - Action Type : SELECTFRAME
[INFO ][2015-12-21 16:17:47,757][com.java.SeleniumDriver] [  894] -  RESULT true
[INFO ][2015-12-21 16:17:47,757][com.java.SeleniumDriver] [ 1100] - ?   P A S S   ?
[INFO ][2015-12-21 16:17:47,757][com.java.SeleniumDriver] [  821] - ------------------------------------------
[INFO ][2015-12-21 16:17:47,757][com.java.SeleniumDriver] [  822] - Test case being Executed: 26
[INFO ][2015-12-21 16:17:47,757][com.java.SeleniumDriver] [  833] - Test step:37
[INFO ][2015-12-21 16:17:47,757][com.java.SeleniumDriver] [  845] - Datavalue is----------null
[DEBUG][2015-12-21 16:17:47,757][com.java.SeleniumDriver] [  863] - Exception: null
[INFO ][2015-12-21 16:17:47,758][com.java.SeleniumDriver] [  869] - DataField : XPH//span[@class="ui-button-text" and contains(text(),'Finished')]
[INFO ][2015-12-21 16:17:47,758][com.java.SeleniumDriver] [  871] - DataValue : 
[INFO ][2015-12-21 16:17:47,758][com.java.SeleniumDriver] [  877] - <In Set values of the page>
[INFO ][2015-12-21 16:17:47,758][com.java.SeleniumDriver] [  880] - {Data Fields & Data Values Exist}
[INFO ][2015-12-21 16:17:47,758][com.java.SeleniumDriver] [  882] - --------------------------setting values-----------------------------
[INFO ][2015-12-21 16:17:47,759][com.java.SeleniumDriver] [  885] - Action Type : CLICK
[INFO ][2015-12-21 16:17:47,759][com.java.TestType] [ 5956] - Field ::XPH//span[@class="ui-button-text" and contains(text(),'Finished')]
[INFO ][2015-12-21 16:17:47,759][com.java.TestType] [ 5577] - value = 
[INFO ][2015-12-21 16:17:48,759][com.java.TestType] [ 6093] - BEFORE CLICK
[INFO ][2015-12-21 16:17:49,817][com.java.TestType] [ 6101] - Unable to click the object Finish Button
[INFO ][2015-12-21 16:17:49,817][com.java.SeleniumDriver] [  894] -  RESULT true
[INFO ][2015-12-21 16:17:49,817][com.java.SeleniumDriver] [ 1100] - ?   P A S S   ?
[INFO ][2015-12-21 16:17:49,817][com.java.SeleniumDriver] [  821] - ------------------------------------------
[INFO ][2015-12-21 16:17:49,817][com.java.SeleniumDriver] [  822] - Test case being Executed: 26
[INFO ][2015-12-21 16:17:49,817][com.java.SeleniumDriver] [  833] - Test step:38
[INFO ][2015-12-21 16:17:49,817][com.java.SeleniumDriver] [  845] - Datavalue is----------5
[INFO ][2015-12-21 16:17:49,817][com.java.SeleniumDriver] [  869] - DataField : XPH//span[@class="icon-coin"]
[INFO ][2015-12-21 16:17:49,817][com.java.SeleniumDriver] [  871] - DataValue : 5
[INFO ][2015-12-21 16:17:49,817][com.java.SeleniumDriver] [  877] - <In Set values of the page>
[INFO ][2015-12-21 16:17:49,817][com.java.SeleniumDriver] [  880] - {Data Fields & Data Values Exist}
[INFO ][2015-12-21 16:17:49,817][com.java.SeleniumDriver] [  882] - --------------------------setting values-----------------------------
[INFO ][2015-12-21 16:17:49,818][com.java.SeleniumDriver] [  885] - Action Type : WAITFORELEMENT
[INFO ][2015-12-21 16:17:49,853][com.java.SeleniumDriver] [  894] -  RESULT true
[INFO ][2015-12-21 16:17:49,853][com.java.SeleniumDriver] [ 1100] - ?   P A S S   ?
[INFO ][2015-12-21 16:17:49,853][com.java.SeleniumDriver] [  821] - ------------------------------------------
[INFO ][2015-12-21 16:17:49,853][com.java.SeleniumDriver] [  822] - Test case being Executed: 26
[INFO ][2015-12-21 16:17:49,853][com.java.SeleniumDriver] [  833] - Test step:39
[INFO ][2015-12-21 16:17:49,853][com.java.SeleniumDriver] [  845] - Datavalue is----------null
[DEBUG][2015-12-21 16:17:49,853][com.java.SeleniumDriver] [  863] - Exception: null
[INFO ][2015-12-21 16:17:49,854][com.java.SeleniumDriver] [  869] - DataField : HDN//div[@class="menu"]//span[@class="icon-file-pdf"]
[INFO ][2015-12-21 16:17:49,854][com.java.SeleniumDriver] [  871] - DataValue : 
[INFO ][2015-12-21 16:17:49,854][com.java.SeleniumDriver] [  877] - <In Set values of the page>
[INFO ][2015-12-21 16:17:49,854][com.java.SeleniumDriver] [  880] - {Data Fields & Data Values Exist}
[INFO ][2015-12-21 16:17:49,854][com.java.SeleniumDriver] [  882] - --------------------------setting values-----------------------------
[INFO ][2015-12-21 16:17:49,854][com.java.SeleniumDriver] [  885] - Action Type : CLICK
[INFO ][2015-12-21 16:17:49,854][com.java.TestType] [ 5956] - Field ::HDN//div[@class="menu"]//span[@class="icon-file-pdf"]
[INFO ][2015-12-21 16:17:49,854][com.java.TestType] [ 5577] - value = 
[INFO ][2015-12-21 16:17:54,763][com.java.SeleniumDriver] [  894] -  RESULT true
[INFO ][2015-12-21 16:17:54,764][com.java.SeleniumDriver] [ 1100] - ?   P A S S   ?
[INFO ][2015-12-21 16:17:54,764][com.java.SeleniumDriver] [  821] - ------------------------------------------
[INFO ][2015-12-21 16:17:54,764][com.java.SeleniumDriver] [  822] - Test case being Executed: 26
[INFO ][2015-12-21 16:17:54,764][com.java.SeleniumDriver] [  833] - Test step:40
[INFO ][2015-12-21 16:17:54,764][com.java.SeleniumDriver] [  845] - Datavalue is----------3
[INFO ][2015-12-21 16:17:54,764][com.java.SeleniumDriver] [  869] - DataField : XPH//img[@id='loading']
[INFO ][2015-12-21 16:17:54,764][com.java.SeleniumDriver] [  871] - DataValue : 3
[INFO ][2015-12-21 16:17:54,764][com.java.SeleniumDriver] [  877] - <In Set values of the page>
[INFO ][2015-12-21 16:17:54,764][com.java.SeleniumDriver] [  880] - {Data Fields & Data Values Exist}
[INFO ][2015-12-21 16:17:54,764][com.java.SeleniumDriver] [  882] - --------------------------setting values-----------------------------
[INFO ][2015-12-21 16:17:54,764][com.java.SeleniumDriver] [  885] - Action Type : WaitForElement
[INFO ][2015-12-21 16:17:54,821][com.java.SeleniumDriver] [  894] -  RESULT true
[INFO ][2015-12-21 16:17:54,822][com.java.SeleniumDriver] [ 1100] - ?   P A S S   ?
[INFO ][2015-12-21 16:17:54,822][com.java.SeleniumDriver] [  821] - ------------------------------------------
[INFO ][2015-12-21 16:17:54,822][com.java.SeleniumDriver] [  822] - Test case being Executed: 26
[INFO ][2015-12-21 16:17:54,822][com.java.SeleniumDriver] [  833] - Test step:41
[INFO ][2015-12-21 16:17:54,822][com.java.SeleniumDriver] [  845] - Datavalue is----------90
[INFO ][2015-12-21 16:17:54,822][com.java.SeleniumDriver] [  869] - DataField : XPH//img[@id='loading']
[INFO ][2015-12-21 16:17:54,822][com.java.SeleniumDriver] [  871] - DataValue : 90
[INFO ][2015-12-21 16:17:54,822][com.java.SeleniumDriver] [  877] - <In Set values of the page>
[INFO ][2015-12-21 16:17:54,822][com.java.SeleniumDriver] [  880] - {Data Fields & Data Values Exist}
[INFO ][2015-12-21 16:17:54,822][com.java.SeleniumDriver] [  882] - --------------------------setting values-----------------------------
[INFO ][2015-12-21 16:17:54,822][com.java.SeleniumDriver] [  885] - Action Type : waitForElementNotPresent
[INFO ][2015-12-21 16:17:58,118][com.java.SeleniumDriver] [  894] -  RESULT true
[INFO ][2015-12-21 16:17:58,118][com.java.SeleniumDriver] [ 1100] - ?   P A S S   ?
[INFO ][2015-12-21 16:17:58,118][com.java.SeleniumDriver] [  821] - ------------------------------------------
[INFO ][2015-12-21 16:17:58,118][com.java.SeleniumDriver] [  822] - Test case being Executed: 26
[INFO ][2015-12-21 16:17:58,118][com.java.SeleniumDriver] [  833] - Test step:42
[INFO ][2015-12-21 16:17:58,118][com.java.SeleniumDriver] [  845] - Datavalue is----------BD PDF - BDFile
[INFO ][2015-12-21 16:17:58,118][com.java.SeleniumDriver] [  869] - DataField : TTL
[INFO ][2015-12-21 16:17:58,118][com.java.SeleniumDriver] [  871] - DataValue : BD PDF - BDFile
[INFO ][2015-12-21 16:17:58,118][com.java.SeleniumDriver] [  877] - <In Set values of the page>
[INFO ][2015-12-21 16:17:58,119][com.java.SeleniumDriver] [  880] - {Data Fields & Data Values Exist}
[INFO ][2015-12-21 16:17:58,119][com.java.SeleniumDriver] [  882] - --------------------------setting values-----------------------------
[INFO ][2015-12-21 16:17:58,119][com.java.SeleniumDriver] [  885] - Action Type : SelectWindow
[INFO ][2015-12-21 16:18:10,722][com.java.SeleniumDriver] [  894] -  RESULT true
[INFO ][2015-12-21 16:18:10,722][com.java.SeleniumDriver] [ 1100] - ?   P A S S   ?
[INFO ][2015-12-21 16:18:10,724][com.java.SeleniumDriver] [  821] - ------------------------------------------
[INFO ][2015-12-21 16:18:10,724][com.java.SeleniumDriver] [  822] - Test case being Executed: 26
[INFO ][2015-12-21 16:18:10,724][com.java.SeleniumDriver] [  833] - Test step:43
[INFO ][2015-12-21 16:18:10,724][com.java.SeleniumDriver] [  845] - Datavalue is----------10
[INFO ][2015-12-21 16:18:10,724][com.java.SeleniumDriver] [  869] - DataField : test
[INFO ][2015-12-21 16:18:10,724][com.java.SeleniumDriver] [  871] - DataValue : 10
[INFO ][2015-12-21 16:18:10,724][com.java.SeleniumDriver] [  877] - <In Set values of the page>
[INFO ][2015-12-21 16:18:10,724][com.java.SeleniumDriver] [  880] - {Data Fields & Data Values Exist}
[INFO ][2015-12-21 16:18:10,724][com.java.SeleniumDriver] [  882] - --------------------------setting values-----------------------------
[INFO ][2015-12-21 16:18:10,724][com.java.SeleniumDriver] [  885] - Action Type : WaitTime
[DEBUG][2015-12-21 16:18:10,724][com.java.TestType] [ 5397] - sleepTime: 10000
[INFO ][2015-12-21 16:18:20,726][com.java.SeleniumDriver] [  894] -  RESULT true
[INFO ][2015-12-21 16:18:20,726][com.java.SeleniumDriver] [ 1100] - ?   P A S S   ?
[INFO ][2015-12-21 16:18:20,726][com.java.SeleniumDriver] [  821] - ------------------------------------------
[INFO ][2015-12-21 16:18:20,726][com.java.SeleniumDriver] [  822] - Test case being Executed: 26
[INFO ][2015-12-21 16:18:20,726][com.java.SeleniumDriver] [  833] - Test step:44
[INFO ][2015-12-21 16:18:20,726][com.java.SeleniumDriver] [  845] - Datavalue is----------dt:BSCompare
[INFO ][2015-12-21 16:18:20,726][com.java.SeleniumDriver] [  869] - DataField : XPH//div[@id='pageContainer1']/div[2]/div[1]
[INFO ][2015-12-21 16:18:20,726][com.java.SeleniumDriver] [  871] - DataValue : dt:BSCompare
[INFO ][2015-12-21 16:18:20,726][com.java.SeleniumDriver] [  877] - <In Set values of the page>
[INFO ][2015-12-21 16:18:20,726][com.java.SeleniumDriver] [  880] - {Data Fields & Data Values Exist}
[INFO ][2015-12-21 16:18:20,726][com.java.SeleniumDriver] [  882] - --------------------------setting values-----------------------------
[INFO ][2015-12-21 16:18:20,727][com.java.SeleniumDriver] [  885] - Action Type : VERIFY
[INFO ][2015-12-21 16:18:20,727][com.java.TestType] [ 6899] - field= XPH//div[@id='pageContainer1']/div[2]/div[1] value= dt:BSCompare
[INFO ][2015-12-21 16:18:20,727][com.java.TestType] [ 5577] - value = Balance Sheet Compare
[ERROR][2015-12-21 16:18:41,134][com.java.TestType] [ 7387] - Element  not found :Balance Sheet Compare
[INFO ][2015-12-21 16:18:41,134][com.java.SeleniumDriver] [  894] -  RESULT false
[INFO ][2015-12-21 16:18:41,134][com.java.SeleniumDriver] [  941] - ?   F A I L   ?
[INFO ][2015-12-21 16:18:41,134][com.java.SeleniumDriver] [  949] - Browser Type : IE10
[INFO ][2015-12-21 16:18:41,135][com.java.SeleniumDriver] [  950] - Adding Failed case26
[DEBUG][2015-12-21 16:18:41,162][com.java.SeleniumDriver] [ 1018] -  tdd.getCondition() IF:Next:Next
[INFO ][2015-12-21 16:18:41,162][com.java.SeleniumDriver] [ 1022] - Continue next step...
[INFO ][2015-12-21 16:18:41,162][com.java.SeleniumDriver] [  821] - ------------------------------------------
[INFO ][2015-12-21 16:18:41,162][com.java.SeleniumDriver] [  822] - Test case being Executed: 26
[INFO ][2015-12-21 16:18:41,162][com.java.SeleniumDriver] [  833] - Test step:45
[INFO ][2015-12-21 16:18:41,162][com.java.SeleniumDriver] [  845] - Datavalue is----------10
[INFO ][2015-12-21 16:18:41,163][com.java.SeleniumDriver] [  869] - DataField : test
[INFO ][2015-12-21 16:18:41,163][com.java.SeleniumDriver] [  871] - DataValue : 10
[INFO ][2015-12-21 16:18:41,163][com.java.SeleniumDriver] [  877] - <In Set values of the page>
[INFO ][2015-12-21 16:18:41,163][com.java.SeleniumDriver] [  880] - {Data Fields & Data Values Exist}
[INFO ][2015-12-21 16:18:41,163][com.java.SeleniumDriver] [  882] - --------------------------setting values-----------------------------
[INFO ][2015-12-21 16:18:41,163][com.java.SeleniumDriver] [  885] - Action Type : WaitTime
[DEBUG][2015-12-21 16:18:41,163][com.java.TestType] [ 5397] - sleepTime: 10000
[INFO ][2015-12-21 16:18:51,165][com.java.SeleniumDriver] [  894] -  RESULT true
[INFO ][2015-12-21 16:18:51,165][com.java.SeleniumDriver] [ 1100] - ?   P A S S   ?
[INFO ][2015-12-21 16:18:51,165][com.java.SeleniumDriver] [  821] - ------------------------------------------
[INFO ][2015-12-21 16:18:51,165][com.java.SeleniumDriver] [  822] - Test case being Executed: 26
[INFO ][2015-12-21 16:18:51,165][com.java.SeleniumDriver] [  833] - Test step:46
[INFO ][2015-12-21 16:18:51,165][com.java.SeleniumDriver] [  845] - Datavalue is----------BD PDF - BDFile
[INFO ][2015-12-21 16:18:51,165][com.java.SeleniumDriver] [  869] - DataField : TTL
[INFO ][2015-12-21 16:18:51,165][com.java.SeleniumDriver] [  871] - DataValue : BD PDF - BDFile
[INFO ][2015-12-21 16:18:51,165][com.java.SeleniumDriver] [  877] - <In Set values of the page>
[INFO ][2015-12-21 16:18:51,165][com.java.SeleniumDriver] [  880] - {Data Fields & Data Values Exist}
[INFO ][2015-12-21 16:18:51,165][com.java.SeleniumDriver] [  882] - --------------------------setting values-----------------------------
[INFO ][2015-12-21 16:18:51,165][com.java.SeleniumDriver] [  885] - Action Type : CLOSEWINDOW
[INFO ][2015-12-21 16:18:51,481][com.java.SeleniumDriver] [  894] -  RESULT false
[INFO ][2015-12-21 16:18:51,482][com.java.SeleniumDriver] [  941] - ?   F A I L   ?
[INFO ][2015-12-21 16:18:51,482][com.java.SeleniumDriver] [  949] - Browser Type : IE10
[INFO ][2015-12-21 16:18:51,482][com.java.SeleniumDriver] [  950] - Adding Failed case26
[INFO ][2015-12-21 16:18:51,517][com.java.SeleniumDriver] [ 1064] - failedCases = 26
[ERROR][2015-12-21 16:18:51,518][com.java.SeleniumDriver] [ 1561] - Platform Errors : Our apologies...::We have encountered an issue with your request.::Our apologies?:We encountered an issue with your request.
[INFO ][2015-12-21 16:18:51,518][com.java.SeleniumDriver] [ 1565] - Length =3
[ERROR][2015-12-21 16:18:51,518][com.java.SeleniumDriver] [ 1568] - Error 0 = Our apologies...
[ERROR][2015-12-21 16:18:51,533][com.java.SeleniumDriver] [ 1568] - Error 1 = We have encountered an issue with your request.
[ERROR][2015-12-21 16:18:51,548][com.java.SeleniumDriver] [ 1568] - Error 2 = Our apologies?:We encountered an issue with your request.
[INFO ][2015-12-21 16:18:51,563][com.java.SeleniumDriver] [ 1579] - strError:
[DEBUG][2015-12-21 16:18:51,578][com.java.SeleniumDriver] [ 1212] - Case found
[DEBUG][2015-12-21 16:18:51,578][com.java.SeleniumDriver] [ 1217] - Incrementing ReportCounters[0]:2
[INFO ][2015-12-21 16:18:51,578][com.java.SeleniumDriver] [ 1236] - The results are-------------------[26, 46, Settings : User Settings : Output PDF to screen, Fail, 
Test case failed at Step No. :: 46. Screen Shot : D:\BankersDashboard\TestReports\122115\26_122115_161851_IE10.png, Mon Dec 21 16:18:51 IST 2015]
[INFO ][2015-12-21 16:18:51,578][com.java.SeleniumDriver] [ 1240] - End time is-------3 min 54 sec
[INFO ][2015-12-21 16:18:51,578][com.java.SeleniumDriver] [ 1241] - The results are-------------------[26, 46, Settings : User Settings : Output PDF to screen, Fail, 
Test case failed at Step No. :: 46. Screen Shot : D:\BankersDashboard\TestReports\122115\26_122115_161851_IE10.png, Mon Dec 21 16:18:51 IST 2015]
[DEBUG][2015-12-21 16:18:51,578][com.java.ImportnExport.ExportTestResultsExcel] [  222] - testResultPath = D:\BankersDashboard/TestReports/Test Results_BankersDashBoard_122115_161458_IE10_Bank of North Carolina.xls
[DEBUG][2015-12-21 16:18:51,578][com.java.ImportnExport.ExportTestResultsExcel] [  223] - browser is------------IE10
[DEBUG][2015-12-21 16:18:51,581][com.java.ImportnExport.ExportTestResultsExcel] [  270] - result.size() = 6
[DEBUG][2015-12-21 16:18:51,581][com.java.ImportnExport.ExportTestResultsExcel] [  274] - No of rows in sheet=2
[DEBUG][2015-12-21 16:18:51,581][com.java.ImportnExport.ExportTestResultsExcel] [  301] - ..in export..26
[DEBUG][2015-12-21 16:18:51,582][com.java.ImportnExport.ExportTestResultsExcel] [  301] - ..in export..Settings : User Settings : Output PDF to screen
[DEBUG][2015-12-21 16:18:51,582][com.java.ImportnExport.ExportTestResultsExcel] [  301] - ..in export..Fail
[DEBUG][2015-12-21 16:18:51,582][com.java.ImportnExport.ExportTestResultsExcel] [  301] - ..in export..
Test case failed at Step No. :: 46. Screen Shot : D:\BankersDashboard\TestReports\122115\26_122115_161851_IE10.png
[DEBUG][2015-12-21 16:18:51,582][com.java.ImportnExport.ExportTestResultsExcel] [  301] - ..in export..Mon Dec 21 16:18:51 IST 2015
[INFO ][2015-12-21 16:18:51,583][com.java.SeleniumDriver] [ 1299] - out loop:1 size:2 TestCases:[1, 26] testcases:[1, 26]
[INFO ][2015-12-21 16:18:53,584][com.java.SeleniumDriver] [ 1342] - Total Number of Cases:2
[INFO ][2015-12-21 16:18:53,584][com.java.TemplateGenerator] [  302] - Executed:2
[INFO ][2015-12-21 16:18:53,584][com.java.TemplateGenerator] [  303] - Passed:1
[INFO ][2015-12-21 16:18:53,584][com.java.TemplateGenerator] [  304] - Failed:1
[INFO ][2015-12-21 16:18:53,584][com.java.TemplateGenerator] [  305] - Skipeed:0
[INFO ][2015-12-21 16:18:53,584][com.java.TemplateGenerator] [  306] - Application URL:https://clients-xuat.bankersdashboard.com
[INFO ][2015-12-21 16:18:53,584][com.java.TemplateGenerator] [  307] - Start Time:122115_161458
[INFO ][2015-12-21 16:18:53,584][com.java.TemplateGenerator] [  308] -  Creating HTML Report 
[ERROR][2015-12-21 16:18:53,585][com.java.TemplateGenerator] [  409] - Unparseable date: "Mon Dec 21 04:14:58 IST 2015"
[INFO ][2015-12-21 16:18:53,585][com.java.TemplateGenerator] [  654] -  Exporting case :: 1
[INFO ][2015-12-21 16:18:53,585][com.java.TemplateGenerator] [  654] -  Exporting case :: 26
[INFO ][2015-12-21 16:18:53,592][com.java.SeleniumDriver] [ 1391] - End Time:122115_161853
[INFO ][2015-12-21 16:18:53,592][com.java.SeleniumDriver] [ 1394] - Data in Test Execution Details:{1=PASS, 26=FAILTest case failed at Step No. :: 46}
[INFO ][2015-12-21 16:18:53,592][com.java.SeleniumDriver] [ 1395] - Data in Failed Execution Deatils:{}
[INFO ][2015-12-21 16:18:53,592][com.java.SeleniumDriver] [ 1397] - ReportCounter:Total:2 :: PASS: 1 ::FAIL: 1
[INFO ][2015-12-21 16:18:53,592][com.java.SeleniumDriver] [ 1398] - FailedReportCounter:Total:0 :: PASS: 0 ::FAIL: 0
[INFO ][2015-12-21 16:18:53,598][com.java.EmailTestReport] [   63] - Sending report mail details:
[INFO ][2015-12-21 16:18:53,598][com.java.EmailTestReport] [   80] - Excel Report Path:D:\BankersDashboard/TestReports/Test Results_BankersDashBoard_122115_161458_IE10_Bank of North Carolina.xls
[INFO ][2015-12-21 16:18:53,598][com.java.EmailTestReport] [   81] - HTML Report Path:D:\BankersDashboard//TestReports//Test Results_BankersDashBoard_122115_161458_IE10_Bank of North Carolina.html
[INFO ][2015-12-21 16:18:53,598][com.java.EmailTestReport] [   82] - smtpHostName:mail01.valuelabs.com
[INFO ][2015-12-21 16:18:53,598][com.java.EmailTestReport] [   83] - Recipient:venkateswararao.gubbala@valuelabs.com;
[INFO ][2015-12-21 16:18:53,598][com.java.EmailTestReport] [   84] - From:venkateswararao.gubbala@valuelabs.com;
[INFO ][2015-12-21 16:18:53,598][com.java.EmailTestReport] [   85] - Subject:Deluxe Corp Bankers Dashboard Automation Test Report - Bank of North Carolina - IE10
[INFO ][2015-12-21 16:18:53,615][com.java.EmailTestReport] [  143] -  Added venkateswararao.gubbala@valuelabs.com
[INFO ][2015-12-21 16:18:57,015][com.java.SeleniumDriver] [  720] - quitting the browser 
[INFO ][2015-12-21 16:18:58,377][com.java.SeleniumDriver] [  264] - Execution Completed Stopping the thread
