[INFO ][2016-01-07 14:59:31,433][com.java.SeleniumDriver] [  213] - Execute Failed Casesfalse
[INFO ][2016-01-07 14:59:31,433][com.java.SeleniumDriver] [  214] - Browser: IE10
[INFO ][2016-01-07 14:59:31,434][com.java.SeleniumDriver] [  215] - [1, 8]
[INFO ][2016-01-07 14:59:31,434][com.java.SeleniumDriver] [  216] - Total TestCases:2
[INFO ][2016-01-07 14:59:31,434][com.java.SeleniumDriver] [  217] -  Reading Properties from Property File 
[DEBUG][2016-01-07 14:59:31,434][com.java.SeleniumDriver] [  238] - url : https://clients-xuat.bankersdashboard.com
[INFO ][2016-01-07 14:59:31,435][com.java.ImportnExport.ExportTestResultsExcel] [  116] - Time Stamp Thu Jan 07 02:59:31 IST 2016
[INFO ][2016-01-07 14:59:31,436][com.java.ImportnExport.ExportTestResultsExcel] [  175] - OUT FILE : D:\BankersDashboard/TestReports/Test Results_BankersDashBoard_010716_145931_IE10_United Bank.xls
[INFO ][2016-01-07 14:59:31,468][com.java.ImportnExport.ExportTestResultsExcel] [  180] - Test Result file is created
[DEBUG][2016-01-07 14:59:31,572][com.java.SeleniumDriver] [  426] - Hub ip address is-------172.17.68.34
[INFO ][2016-01-07 14:59:31,573][com.java.SeleniumDriver] [  452] - Grid URL:http://172.17.68.34:4444/wd/hub
[INFO ][2016-01-07 14:59:31,573][com.java.SeleniumDriver] [  453] - Capability:Capabilities [{platform=ANY, ensureCleanSession=true, ignoreProtectedModeSettings=true, acceptSslCerts=true, ignoreZoomSetting=true, browserName=internet explorer, browserstack.ie.noFlash=true, version=null}]
[ERROR][2016-01-07 14:59:32,895][com.java.SeleniumDriver] [  498] - Unable invoke browser in grid:Could not start a new session. Possible causes are invalid address of the remote server or browser start-up failure.
Build info: version: '2.48.2', revision: '41bccdd', time: '2015-10-09 19:59:12'
System info: host: 'FVTIII438F1D', ip: '172.17.68.34', os.name: 'Windows 7', os.arch: 'x86', os.version: '6.1', java.version: '1.7.0_55'
Driver info: driver.version: SeleniumDriver
[INFO ][2016-01-07 14:59:32,895][com.java.SeleniumDriver] [  500] - Executing on local machine
[INFO ][2016-01-07 14:59:44,146][com.java.SeleniumDriver] [  248] - IE10is opened
[INFO ][2016-01-07 14:59:45,023][com.java.SeleniumDriver] [  756] - Test cases to be executed are: [1, 8]
[INFO ][2016-01-07 14:59:45,046][com.java.ImportnExport.ImportTestDataDetailsExcel] [   49] - test data details path===== D:\BankersDashboard\TestInputs\TestData.xls
[INFO ][2016-01-07 14:59:46,824][com.java.SeleniumDriver] [  832] - ------------------------------------------
[INFO ][2016-01-07 14:59:46,824][com.java.SeleniumDriver] [  833] - Test case being Executed: 1
[INFO ][2016-01-07 14:59:46,824][com.java.SeleniumDriver] [  845] - Test step:1
[INFO ][2016-01-07 14:59:46,824][com.java.SeleniumDriver] [  857] - Datavalue is----------Concept#1:1-16
[INFO ][2016-01-07 14:59:46,824][com.java.SeleniumDriver] [  881] - DataField : test
[INFO ][2016-01-07 14:59:46,825][com.java.SeleniumDriver] [  883] - DataValue : Concept#1:1-16
[INFO ][2016-01-07 14:59:46,825][com.java.SeleniumDriver] [  889] - <In Set values of the page>
[INFO ][2016-01-07 14:59:46,825][com.java.SeleniumDriver] [  892] - {Data Fields & Data Values Exist}
[INFO ][2016-01-07 14:59:46,825][com.java.SeleniumDriver] [  894] - --------------------------setting values-----------------------------
[INFO ][2016-01-07 14:59:46,825][com.java.SeleniumDriver] [  897] - Action Type : ExecuteTestCase
[INFO ][2016-01-07 14:59:46,846][com.java.TestType] [  437] - The Concept sheet name is ---------- Concept
[INFO ][2016-01-07 14:59:46,846][com.java.TestType] [  440] - The Concept ID  is ---------- 1
[DEBUG][2016-01-07 14:59:46,846][com.java.TestType] [  444] - Steps being executted in the Concept are: 1:16
[INFO ][2016-01-07 14:59:46,846][com.java.TestType] [  451] - Test data details path ---------- D:\BankersDashboard\TestInputs\TestData.xls
[INFO ][2016-01-07 14:59:47,347][com.java.TestType] [  482] -  str(1) = 1
[INFO ][2016-01-07 14:59:47,347][com.java.TestType] [  485] - Test case Id is---1
[INFO ][2016-01-07 14:59:47,347][com.java.TestType] [  487] - 1
[INFO ][2016-01-07 14:59:47,347][com.java.TestType] [  482] -  str(2) = 1
[INFO ][2016-01-07 14:59:47,351][com.java.TestType] [  482] -  str(1) = 1
[INFO ][2016-01-07 14:59:47,351][com.java.TestType] [  485] - Test case Id is---1
[INFO ][2016-01-07 14:59:47,351][com.java.TestType] [  487] - 1
[INFO ][2016-01-07 14:59:47,351][com.java.TestType] [  482] -  str(2) = 2
[INFO ][2016-01-07 14:59:47,353][com.java.TestType] [  482] -  str(1) = 1
[INFO ][2016-01-07 14:59:47,353][com.java.TestType] [  485] - Test case Id is---1
[INFO ][2016-01-07 14:59:47,353][com.java.TestType] [  487] - 1
[INFO ][2016-01-07 14:59:47,353][com.java.TestType] [  482] -  str(2) = 3
[INFO ][2016-01-07 14:59:47,354][com.java.TestType] [  482] -  str(1) = 1
[INFO ][2016-01-07 14:59:47,355][com.java.TestType] [  485] - Test case Id is---1
[INFO ][2016-01-07 14:59:47,355][com.java.TestType] [  487] - 1
[INFO ][2016-01-07 14:59:47,355][com.java.TestType] [  482] -  str(2) = 4
[INFO ][2016-01-07 14:59:47,356][com.java.TestType] [  482] -  str(1) = 1
[INFO ][2016-01-07 14:59:47,356][com.java.TestType] [  485] - Test case Id is---1
[INFO ][2016-01-07 14:59:47,356][com.java.TestType] [  487] - 1
[INFO ][2016-01-07 14:59:47,356][com.java.TestType] [  482] -  str(2) = 5
[INFO ][2016-01-07 14:59:47,357][com.java.TestType] [  482] -  str(1) = 1
[INFO ][2016-01-07 14:59:47,358][com.java.TestType] [  485] - Test case Id is---1
[INFO ][2016-01-07 14:59:47,358][com.java.TestType] [  487] - 1
[INFO ][2016-01-07 14:59:47,358][com.java.TestType] [  482] -  str(2) = 6
[INFO ][2016-01-07 14:59:47,359][com.java.TestType] [  482] -  str(1) = 1
[INFO ][2016-01-07 14:59:47,359][com.java.TestType] [  485] - Test case Id is---1
[INFO ][2016-01-07 14:59:47,359][com.java.TestType] [  487] - 1
[INFO ][2016-01-07 14:59:47,359][com.java.TestType] [  482] -  str(2) = 7
[INFO ][2016-01-07 14:59:47,360][com.java.TestType] [  482] -  str(1) = 1
[INFO ][2016-01-07 14:59:47,360][com.java.TestType] [  485] - Test case Id is---1
[INFO ][2016-01-07 14:59:47,360][com.java.TestType] [  487] - 1
[INFO ][2016-01-07 14:59:47,361][com.java.TestType] [  482] -  str(2) = 8
[INFO ][2016-01-07 14:59:47,361][com.java.TestType] [  482] -  str(1) = 1
[INFO ][2016-01-07 14:59:47,361][com.java.TestType] [  485] - Test case Id is---1
[INFO ][2016-01-07 14:59:47,362][com.java.TestType] [  487] - 1
[INFO ][2016-01-07 14:59:47,362][com.java.TestType] [  482] -  str(2) = 9
[INFO ][2016-01-07 14:59:47,362][com.java.TestType] [  482] -  str(1) = 1
[INFO ][2016-01-07 14:59:47,362][com.java.TestType] [  485] - Test case Id is---1
[INFO ][2016-01-07 14:59:47,363][com.java.TestType] [  487] - 1
[INFO ][2016-01-07 14:59:47,363][com.java.TestType] [  482] -  str(2) = 10
[INFO ][2016-01-07 14:59:47,363][com.java.TestType] [  482] -  str(1) = 1
[INFO ][2016-01-07 14:59:47,363][com.java.TestType] [  485] - Test case Id is---1
[INFO ][2016-01-07 14:59:47,364][com.java.TestType] [  487] - 1
[INFO ][2016-01-07 14:59:47,364][com.java.TestType] [  482] -  str(2) = 11
[INFO ][2016-01-07 14:59:47,364][com.java.TestType] [  482] -  str(1) = 1
[INFO ][2016-01-07 14:59:47,364][com.java.TestType] [  485] - Test case Id is---1
[INFO ][2016-01-07 14:59:47,365][com.java.TestType] [  487] - 1
[INFO ][2016-01-07 14:59:47,365][com.java.TestType] [  482] -  str(2) = 12
[INFO ][2016-01-07 14:59:47,365][com.java.TestType] [  482] -  str(1) = 1
[INFO ][2016-01-07 14:59:47,366][com.java.TestType] [  485] - Test case Id is---1
[INFO ][2016-01-07 14:59:47,366][com.java.TestType] [  487] - 1
[INFO ][2016-01-07 14:59:47,366][com.java.TestType] [  482] -  str(2) = 13
[INFO ][2016-01-07 14:59:47,367][com.java.TestType] [  482] -  str(1) = 1
[INFO ][2016-01-07 14:59:47,367][com.java.TestType] [  485] - Test case Id is---1
[INFO ][2016-01-07 14:59:47,367][com.java.TestType] [  487] - 1
[INFO ][2016-01-07 14:59:47,367][com.java.TestType] [  482] -  str(2) = 14
[INFO ][2016-01-07 14:59:47,368][com.java.TestType] [  482] -  str(1) = 1
[INFO ][2016-01-07 14:59:47,368][com.java.TestType] [  485] - Test case Id is---1
[INFO ][2016-01-07 14:59:47,368][com.java.TestType] [  487] - 1
[INFO ][2016-01-07 14:59:47,368][com.java.TestType] [  482] -  str(2) = 15
[INFO ][2016-01-07 14:59:47,370][com.java.TestType] [  482] -  str(1) = 1
[INFO ][2016-01-07 14:59:47,370][com.java.TestType] [  485] - Test case Id is---1
[INFO ][2016-01-07 14:59:47,370][com.java.TestType] [  487] - 1
[INFO ][2016-01-07 14:59:47,370][com.java.TestType] [  482] -  str(2) = 16
[INFO ][2016-01-07 14:59:47,371][com.java.TestType] [10822] - Looping 1TCID = 1
[DEBUG][2016-01-07 14:59:47,371][com.java.TestType] [10863] - Concept ID:1 :: Step being Executed: 1::1
[INFO ][2016-01-07 14:59:47,371][com.java.TestType] [10901] - dataFields : TXTusername
[DEBUG][2016-01-07 14:59:47,371][com.java.TestType] [10907] - <In Set values of the page>
[DEBUG][2016-01-07 14:59:47,371][com.java.TestType] [10912] - {Data Fields & Data Values Exist}
[INFO ][2016-01-07 14:59:47,371][com.java.TestType] [10918] - --------------------------setting values-----------------------------
[INFO ][2016-01-07 14:59:47,371][com.java.TestType] [10921] - Action Type : CLEARANDENTER
[INFO ][2016-01-07 14:59:47,372][com.java.TestType] [ 5895] - value = valuelabs.ie10.00058
[INFO ][2016-01-07 14:59:52,125][com.java.TestType] [10940] -  RESULT true
[INFO ][2016-01-07 14:59:52,125][com.java.TestType] [11057] - ?   P A S S   ?
[DEBUG][2016-01-07 14:59:52,125][com.java.TestType] [10863] - Concept ID:1 :: Step being Executed: 1::2
[INFO ][2016-01-07 14:59:52,126][com.java.TestType] [10901] - dataFields : TXTpassword
[DEBUG][2016-01-07 14:59:52,126][com.java.TestType] [10907] - <In Set values of the page>
[DEBUG][2016-01-07 14:59:52,126][com.java.TestType] [10912] - {Data Fields & Data Values Exist}
[INFO ][2016-01-07 14:59:52,126][com.java.TestType] [10918] - --------------------------setting values-----------------------------
[INFO ][2016-01-07 14:59:52,126][com.java.TestType] [10921] - Action Type : CLEARANDENTER
[INFO ][2016-01-07 14:59:52,126][com.java.TestType] [ 5895] - value = Password1*
[INFO ][2016-01-07 14:59:56,975][com.java.TestType] [10940] -  RESULT true
[INFO ][2016-01-07 14:59:56,975][com.java.TestType] [11057] - ?   P A S S   ?
[DEBUG][2016-01-07 14:59:56,975][com.java.TestType] [10863] - Concept ID:1 :: Step being Executed: 1::3
[ERROR][2016-01-07 14:59:56,975][com.java.TestType] [10896] - Exception: null
[INFO ][2016-01-07 14:59:56,975][com.java.TestType] [10901] - dataFields : XPH//button[@type='submit']
[DEBUG][2016-01-07 14:59:56,976][com.java.TestType] [10907] - <In Set values of the page>
[DEBUG][2016-01-07 14:59:56,976][com.java.TestType] [10912] - {Data Fields & Data Values Exist}
[INFO ][2016-01-07 14:59:56,976][com.java.TestType] [10918] - --------------------------setting values-----------------------------
[INFO ][2016-01-07 14:59:56,976][com.java.TestType] [10921] - Action Type : Click
[INFO ][2016-01-07 14:59:56,976][com.java.TestType] [ 6274] - Field ::XPH//button[@type='submit']
[INFO ][2016-01-07 14:59:56,976][com.java.TestType] [ 5895] - value = 
[INFO ][2016-01-07 14:59:57,978][com.java.TestType] [ 6411] - BEFORE CLICK
[INFO ][2016-01-07 14:59:58,835][com.java.TestType] [ 6419] - Unable to click the object Login
[INFO ][2016-01-07 14:59:58,835][com.java.TestType] [10940] -  RESULT true
[INFO ][2016-01-07 14:59:58,835][com.java.TestType] [11057] - ?   P A S S   ?
[DEBUG][2016-01-07 14:59:58,835][com.java.TestType] [10863] - Concept ID:1 :: Step being Executed: 1::4
[INFO ][2016-01-07 14:59:58,835][com.java.TestType] [10901] - dataFields : LNKLogout
[DEBUG][2016-01-07 14:59:58,835][com.java.TestType] [10907] - <In Set values of the page>
[DEBUG][2016-01-07 14:59:58,835][com.java.TestType] [10912] - {Data Fields & Data Values Exist}
[INFO ][2016-01-07 14:59:58,835][com.java.TestType] [10918] - --------------------------setting values-----------------------------
[INFO ][2016-01-07 14:59:58,835][com.java.TestType] [10921] - Action Type : WaitForElement
[INFO ][2016-01-07 15:00:02,510][com.java.TestType] [10940] -  RESULT true
[INFO ][2016-01-07 15:00:02,510][com.java.TestType] [11057] - ?   P A S S   ?
[DEBUG][2016-01-07 15:00:02,510][com.java.TestType] [10863] - Concept ID:1 :: Step being Executed: 1::15
[INFO ][2016-01-07 15:00:02,510][com.java.TestType] [10901] - dataFields : LNK
[DEBUG][2016-01-07 15:00:02,510][com.java.TestType] [10907] - <In Set values of the page>
[DEBUG][2016-01-07 15:00:02,511][com.java.TestType] [10912] - {Data Fields & Data Values Exist}
[INFO ][2016-01-07 15:00:02,511][com.java.TestType] [10918] - --------------------------setting values-----------------------------
[INFO ][2016-01-07 15:00:02,511][com.java.TestType] [10921] - Action Type : Verify
[INFO ][2016-01-07 15:00:02,511][com.java.TestType] [ 7269] - field= LNK value= Logout
[INFO ][2016-01-07 15:00:02,513][com.java.TestType] [ 5895] - value = Logout
[INFO ][2016-01-07 15:00:02,561][com.java.TestType] [10940] -  RESULT true
[INFO ][2016-01-07 15:00:02,561][com.java.TestType] [11057] - ?   P A S S   ?
[DEBUG][2016-01-07 15:00:02,561][com.java.TestType] [10863] - Concept ID:1 :: Step being Executed: 1::16
[INFO ][2016-01-07 15:00:02,562][com.java.TestType] [10901] - dataFields : BTN
[DEBUG][2016-01-07 15:00:02,562][com.java.TestType] [10907] - <In Set values of the page>
[DEBUG][2016-01-07 15:00:02,562][com.java.TestType] [10912] - {Data Fields & Data Values Exist}
[INFO ][2016-01-07 15:00:02,562][com.java.TestType] [10918] - --------------------------setting values-----------------------------
[INFO ][2016-01-07 15:00:02,562][com.java.TestType] [10921] - Action Type : Verify
[INFO ][2016-01-07 15:00:02,562][com.java.TestType] [ 7269] - field= BTN value= //img[contains(@src,'bdlogo.jpg')]
[INFO ][2016-01-07 15:00:02,562][com.java.TestType] [ 5895] - value = //img[contains(@src,'bdlogo.jpg')]
[INFO ][2016-01-07 15:00:02,633][com.java.TestType] [10940] -  RESULT true
[INFO ][2016-01-07 15:00:02,633][com.java.TestType] [11057] - ?   P A S S   ?
[INFO ][2016-01-07 15:00:02,633][com.java.TestType] [11128] - Looping End......
[INFO ][2016-01-07 15:00:02,634][com.java.SeleniumDriver] [  906] -  RESULT true
[INFO ][2016-01-07 15:00:02,634][com.java.SeleniumDriver] [ 1112] - ?   P A S S   ?
[INFO ][2016-01-07 15:00:02,635][com.java.SeleniumDriver] [  832] - ------------------------------------------
[INFO ][2016-01-07 15:00:02,635][com.java.SeleniumDriver] [  833] - Test case being Executed: 1
[INFO ][2016-01-07 15:00:02,635][com.java.SeleniumDriver] [  845] - Test step:2
[INFO ][2016-01-07 15:00:02,635][com.java.SeleniumDriver] [  857] - Datavalue is----------Concept#2:1-2
[INFO ][2016-01-07 15:00:02,635][com.java.SeleniumDriver] [  881] - DataField : test
[INFO ][2016-01-07 15:00:02,635][com.java.SeleniumDriver] [  883] - DataValue : Concept#2:1-2
[INFO ][2016-01-07 15:00:02,635][com.java.SeleniumDriver] [  889] - <In Set values of the page>
[INFO ][2016-01-07 15:00:02,635][com.java.SeleniumDriver] [  892] - {Data Fields & Data Values Exist}
[INFO ][2016-01-07 15:00:02,635][com.java.SeleniumDriver] [  894] - --------------------------setting values-----------------------------
[INFO ][2016-01-07 15:00:02,635][com.java.SeleniumDriver] [  897] - Action Type : ExecuteTestCase
[INFO ][2016-01-07 15:00:02,636][com.java.TestType] [  437] - The Concept sheet name is ---------- Concept
[INFO ][2016-01-07 15:00:02,636][com.java.TestType] [  440] - The Concept ID  is ---------- 2
[DEBUG][2016-01-07 15:00:02,636][com.java.TestType] [  444] - Steps being executted in the Concept are: 1:2
[INFO ][2016-01-07 15:00:02,636][com.java.TestType] [  451] - Test data details path ---------- D:\BankersDashboard\TestInputs\TestData.xls
[INFO ][2016-01-07 15:00:03,259][com.java.TestType] [  482] -  str(1) = 2
[INFO ][2016-01-07 15:00:03,259][com.java.TestType] [  485] - Test case Id is---2
[INFO ][2016-01-07 15:00:03,259][com.java.TestType] [  487] - 2
[INFO ][2016-01-07 15:00:03,259][com.java.TestType] [  482] -  str(2) = 1
[INFO ][2016-01-07 15:00:03,261][com.java.TestType] [  482] -  str(1) = 2
[INFO ][2016-01-07 15:00:03,261][com.java.TestType] [  485] - Test case Id is---2
[INFO ][2016-01-07 15:00:03,261][com.java.TestType] [  487] - 2
[INFO ][2016-01-07 15:00:03,261][com.java.TestType] [  482] -  str(2) = 2
[INFO ][2016-01-07 15:00:03,262][com.java.TestType] [  482] -  str(1) = 2
[INFO ][2016-01-07 15:00:03,262][com.java.TestType] [  485] - Test case Id is---2
[INFO ][2016-01-07 15:00:03,262][com.java.TestType] [  487] - 2
[INFO ][2016-01-07 15:00:03,262][com.java.TestType] [  482] -  str(2) = 3
[INFO ][2016-01-07 15:00:03,264][com.java.TestType] [10822] - Looping 1TCID = 2
[DEBUG][2016-01-07 15:00:03,264][com.java.TestType] [10863] - Concept ID:2 :: Step being Executed: 2::1
[INFO ][2016-01-07 15:00:03,264][com.java.TestType] [10901] - dataFields : BNK//select[@id='bank']
[DEBUG][2016-01-07 15:00:03,265][com.java.TestType] [10907] - <In Set values of the page>
[DEBUG][2016-01-07 15:00:03,265][com.java.TestType] [10912] - {Data Fields & Data Values Exist}
[INFO ][2016-01-07 15:00:03,265][com.java.TestType] [10918] - --------------------------setting values-----------------------------
[INFO ][2016-01-07 15:00:03,265][com.java.TestType] [10921] - Action Type : Select
[INFO ][2016-01-07 15:00:03,265][com.java.TestType] [ 5895] - value = PFC
[INFO ][2016-01-07 15:00:03,478][com.java.TestType] [10940] -  RESULT true
[INFO ][2016-01-07 15:00:03,478][com.java.TestType] [11057] - ?   P A S S   ?
[DEBUG][2016-01-07 15:00:03,478][com.java.TestType] [10863] - Concept ID:2 :: Step being Executed: 2::2
[INFO ][2016-01-07 15:00:03,478][com.java.TestType] [10901] - dataFields : LNKLogout
[DEBUG][2016-01-07 15:00:03,478][com.java.TestType] [10907] - <In Set values of the page>
[DEBUG][2016-01-07 15:00:03,478][com.java.TestType] [10912] - {Data Fields & Data Values Exist}
[INFO ][2016-01-07 15:00:03,478][com.java.TestType] [10918] - --------------------------setting values-----------------------------
[INFO ][2016-01-07 15:00:03,478][com.java.TestType] [10921] - Action Type : WaitTime
[DEBUG][2016-01-07 15:00:03,479][com.java.TestType] [ 5715] - sleepTime: 5000
[INFO ][2016-01-07 15:00:08,480][com.java.TestType] [10940] -  RESULT true
[INFO ][2016-01-07 15:00:08,480][com.java.TestType] [11057] - ?   P A S S   ?
[INFO ][2016-01-07 15:00:08,480][com.java.TestType] [11128] - Looping End......
[INFO ][2016-01-07 15:00:08,481][com.java.SeleniumDriver] [  906] -  RESULT true
[INFO ][2016-01-07 15:00:08,483][com.java.SeleniumDriver] [ 1112] - ?   P A S S   ?
[INFO ][2016-01-07 15:00:08,483][com.java.SeleniumDriver] [  832] - ------------------------------------------
[INFO ][2016-01-07 15:00:08,483][com.java.SeleniumDriver] [  833] - Test case being Executed: 1
[INFO ][2016-01-07 15:00:08,483][com.java.SeleniumDriver] [  845] - Test step:3
[INFO ][2016-01-07 15:00:08,483][com.java.SeleniumDriver] [  857] - Datavalue is----------2
[INFO ][2016-01-07 15:00:08,483][com.java.SeleniumDriver] [  881] - DataField : XPH//button[contains(text(),'Add Content')]
[INFO ][2016-01-07 15:00:08,483][com.java.SeleniumDriver] [  883] - DataValue : 2
[INFO ][2016-01-07 15:00:08,483][com.java.SeleniumDriver] [  889] - <In Set values of the page>
[INFO ][2016-01-07 15:00:08,483][com.java.SeleniumDriver] [  892] - {Data Fields & Data Values Exist}
[INFO ][2016-01-07 15:00:08,484][com.java.SeleniumDriver] [  894] - --------------------------setting values-----------------------------
[INFO ][2016-01-07 15:00:08,484][com.java.SeleniumDriver] [  897] - Action Type : WAITFORELEMENT
[INFO ][2016-01-07 15:00:08,521][com.java.SeleniumDriver] [  906] -  RESULT true
[INFO ][2016-01-07 15:00:08,521][com.java.SeleniumDriver] [ 1112] - ?   P A S S   ?
[DEBUG][2016-01-07 15:00:08,521][com.java.SeleniumDriver] [ 1224] - Case found
[DEBUG][2016-01-07 15:00:08,521][com.java.SeleniumDriver] [ 1229] - Incrementing ReportCounters[0]:1
[INFO ][2016-01-07 15:00:08,521][com.java.SeleniumDriver] [ 1248] - The results are-------------------[1, 1, Valid Login, Pass, , Thu Jan 07 15:00:02 IST 2016, 1, 2, Valid Login, Pass, , Thu Jan 07 15:00:08 IST 2016, 1, 3, Valid Login, Pass, , Thu Jan 07 15:00:08 IST 2016]
[INFO ][2016-01-07 15:00:08,521][com.java.SeleniumDriver] [ 1252] - End time is-------39 sec
[INFO ][2016-01-07 15:00:08,521][com.java.SeleniumDriver] [ 1253] - The results are-------------------[1, 1, Valid Login, Pass, , Thu Jan 07 15:00:02 IST 2016, 1, 2, Valid Login, Pass, , Thu Jan 07 15:00:08 IST 2016, 1, 3, Valid Login, Pass, , Thu Jan 07 15:00:08 IST 2016]
[DEBUG][2016-01-07 15:00:08,521][com.java.ImportnExport.ExportTestResultsExcel] [  222] - testResultPath = D:\BankersDashboard/TestReports/Test Results_BankersDashBoard_010716_145931_IE10_United Bank.xls
[DEBUG][2016-01-07 15:00:08,521][com.java.ImportnExport.ExportTestResultsExcel] [  223] - browser is------------IE10
[DEBUG][2016-01-07 15:00:08,589][com.java.ImportnExport.ExportTestResultsExcel] [  270] - result.size() = 18
[DEBUG][2016-01-07 15:00:08,589][com.java.ImportnExport.ExportTestResultsExcel] [  274] - No of rows in sheet=1
[DEBUG][2016-01-07 15:00:08,590][com.java.ImportnExport.ExportTestResultsExcel] [  301] - ..in export..1
[DEBUG][2016-01-07 15:00:08,590][com.java.ImportnExport.ExportTestResultsExcel] [  301] - ..in export..Valid Login
[DEBUG][2016-01-07 15:00:08,590][com.java.ImportnExport.ExportTestResultsExcel] [  301] - ..in export..Pass
[DEBUG][2016-01-07 15:00:08,590][com.java.ImportnExport.ExportTestResultsExcel] [  301] - ..in export..
[DEBUG][2016-01-07 15:00:08,590][com.java.ImportnExport.ExportTestResultsExcel] [  301] - ..in export..Thu Jan 07 15:00:02 IST 2016
[INFO ][2016-01-07 15:00:08,592][com.java.SeleniumDriver] [ 1313] - out loop:0 size:2 TestCases:[1, 8] testcases:[1, 8]
[INFO ][2016-01-07 15:00:08,592][com.java.ImportnExport.ImportTestDataDetailsExcel] [   49] - test data details path===== D:\BankersDashboard\TestInputs\TestData.xls
[INFO ][2016-01-07 15:00:43,134][com.java.SeleniumDriver] [  832] - ------------------------------------------
[INFO ][2016-01-07 15:00:43,134][com.java.SeleniumDriver] [  833] - Test case being Executed: 8
[INFO ][2016-01-07 15:00:43,134][com.java.SeleniumDriver] [  845] - Test step:1
[INFO ][2016-01-07 15:00:43,134][com.java.SeleniumDriver] [  857] - Datavalue is----------5
[INFO ][2016-01-07 15:00:43,134][com.java.SeleniumDriver] [  881] - DataField : LNKLogout
[INFO ][2016-01-07 15:00:43,134][com.java.SeleniumDriver] [  883] - DataValue : 5
[INFO ][2016-01-07 15:00:43,134][com.java.SeleniumDriver] [  889] - <In Set values of the page>
[INFO ][2016-01-07 15:00:43,134][com.java.SeleniumDriver] [  892] - {Data Fields & Data Values Exist}
[INFO ][2016-01-07 15:00:43,134][com.java.SeleniumDriver] [  894] - --------------------------setting values-----------------------------
[INFO ][2016-01-07 15:00:43,134][com.java.SeleniumDriver] [  897] - Action Type : WaitForElement
[INFO ][2016-01-07 15:00:43,171][com.java.SeleniumDriver] [  906] -  RESULT true
[INFO ][2016-01-07 15:00:43,171][com.java.SeleniumDriver] [ 1112] - ?   P A S S   ?
[INFO ][2016-01-07 15:00:43,172][com.java.SeleniumDriver] [ 1154] - step change to 3
[INFO ][2016-01-07 15:00:43,172][com.java.SeleniumDriver] [  832] - ------------------------------------------
[INFO ][2016-01-07 15:00:43,172][com.java.SeleniumDriver] [  833] - Test case being Executed: 8
[INFO ][2016-01-07 15:00:43,172][com.java.SeleniumDriver] [  845] - Test step:3
[INFO ][2016-01-07 15:00:43,172][com.java.SeleniumDriver] [  857] - Datavalue is----------Concept#2:1-2
[INFO ][2016-01-07 15:00:43,172][com.java.SeleniumDriver] [  881] - DataField : test
[INFO ][2016-01-07 15:00:43,172][com.java.SeleniumDriver] [  883] - DataValue : Concept#2:1-2
[INFO ][2016-01-07 15:00:43,172][com.java.SeleniumDriver] [  889] - <In Set values of the page>
[INFO ][2016-01-07 15:00:43,172][com.java.SeleniumDriver] [  892] - {Data Fields & Data Values Exist}
[INFO ][2016-01-07 15:00:43,172][com.java.SeleniumDriver] [  894] - --------------------------setting values-----------------------------
[INFO ][2016-01-07 15:00:43,172][com.java.SeleniumDriver] [  897] - Action Type : ExecuteTestCase
[INFO ][2016-01-07 15:00:43,172][com.java.TestType] [  437] - The Concept sheet name is ---------- Concept
[INFO ][2016-01-07 15:00:43,172][com.java.TestType] [  440] - The Concept ID  is ---------- 2
[DEBUG][2016-01-07 15:00:43,173][com.java.TestType] [  444] - Steps being executted in the Concept are: 1:2
[INFO ][2016-01-07 15:00:43,173][com.java.TestType] [  451] - Test data details path ---------- D:\BankersDashboard\TestInputs\TestData.xls
[INFO ][2016-01-07 15:00:43,673][com.java.TestType] [  482] -  str(1) = 2
[INFO ][2016-01-07 15:00:43,673][com.java.TestType] [  485] - Test case Id is---2
[INFO ][2016-01-07 15:00:43,673][com.java.TestType] [  487] - 2
[INFO ][2016-01-07 15:00:43,674][com.java.TestType] [  482] -  str(2) = 1
[INFO ][2016-01-07 15:00:43,675][com.java.TestType] [  482] -  str(1) = 2
[INFO ][2016-01-07 15:00:43,675][com.java.TestType] [  485] - Test case Id is---2
[INFO ][2016-01-07 15:00:43,675][com.java.TestType] [  487] - 2
[INFO ][2016-01-07 15:00:43,675][com.java.TestType] [  482] -  str(2) = 2
[INFO ][2016-01-07 15:00:43,676][com.java.TestType] [  482] -  str(1) = 2
[INFO ][2016-01-07 15:00:43,676][com.java.TestType] [  485] - Test case Id is---2
[INFO ][2016-01-07 15:00:43,676][com.java.TestType] [  487] - 2
[INFO ][2016-01-07 15:00:43,676][com.java.TestType] [  482] -  str(2) = 3
[INFO ][2016-01-07 15:00:43,676][com.java.TestType] [10822] - Looping 1TCID = 2
[DEBUG][2016-01-07 15:00:43,677][com.java.TestType] [10863] - Concept ID:2 :: Step being Executed: 2::1
[INFO ][2016-01-07 15:00:43,677][com.java.TestType] [10901] - dataFields : BNK//select[@id='bank']
[DEBUG][2016-01-07 15:00:43,677][com.java.TestType] [10907] - <In Set values of the page>
[DEBUG][2016-01-07 15:00:43,677][com.java.TestType] [10912] - {Data Fields & Data Values Exist}
[INFO ][2016-01-07 15:00:43,677][com.java.TestType] [10918] - --------------------------setting values-----------------------------
[INFO ][2016-01-07 15:00:43,677][com.java.TestType] [10921] - Action Type : Select
[INFO ][2016-01-07 15:00:43,677][com.java.TestType] [ 5895] - value = PFC
[INFO ][2016-01-07 15:00:43,884][com.java.TestType] [10940] -  RESULT true
[INFO ][2016-01-07 15:00:43,885][com.java.TestType] [11057] - ?   P A S S   ?
[DEBUG][2016-01-07 15:00:43,885][com.java.TestType] [10863] - Concept ID:2 :: Step being Executed: 2::2
[INFO ][2016-01-07 15:00:43,885][com.java.TestType] [10901] - dataFields : LNKLogout
[DEBUG][2016-01-07 15:00:43,885][com.java.TestType] [10907] - <In Set values of the page>
[DEBUG][2016-01-07 15:00:43,885][com.java.TestType] [10912] - {Data Fields & Data Values Exist}
[INFO ][2016-01-07 15:00:43,885][com.java.TestType] [10918] - --------------------------setting values-----------------------------
[INFO ][2016-01-07 15:00:43,885][com.java.TestType] [10921] - Action Type : WaitTime
[DEBUG][2016-01-07 15:00:43,885][com.java.TestType] [ 5715] - sleepTime: 5000
[INFO ][2016-01-07 15:00:48,885][com.java.TestType] [10940] -  RESULT true
[INFO ][2016-01-07 15:00:48,886][com.java.TestType] [11057] - ?   P A S S   ?
[INFO ][2016-01-07 15:00:48,886][com.java.TestType] [11128] - Looping End......
[INFO ][2016-01-07 15:00:48,887][com.java.SeleniumDriver] [  906] -  RESULT true
[INFO ][2016-01-07 15:00:48,887][com.java.SeleniumDriver] [ 1112] - ?   P A S S   ?
[INFO ][2016-01-07 15:00:48,888][com.java.SeleniumDriver] [  832] - ------------------------------------------
[INFO ][2016-01-07 15:00:48,888][com.java.SeleniumDriver] [  833] - Test case being Executed: 8
[INFO ][2016-01-07 15:00:48,888][com.java.SeleniumDriver] [  845] - Test step:4
[INFO ][2016-01-07 15:00:48,888][com.java.SeleniumDriver] [  857] - Datavalue is----------null
[DEBUG][2016-01-07 15:00:48,888][com.java.SeleniumDriver] [  875] - Exception: null
[INFO ][2016-01-07 15:00:48,888][com.java.SeleniumDriver] [  881] - DataField : //span[@class='icon-user4']&&//ul[@id='Admin']/li[2]/a&&//ul[@id="GLMapping"]//a[@data-id="ProfitCenters"]
[INFO ][2016-01-07 15:00:48,888][com.java.SeleniumDriver] [  883] - DataValue : 
[INFO ][2016-01-07 15:00:48,888][com.java.SeleniumDriver] [  889] - <In Set values of the page>
[INFO ][2016-01-07 15:00:48,888][com.java.SeleniumDriver] [  892] - {Data Fields & Data Values Exist}
[INFO ][2016-01-07 15:00:48,888][com.java.SeleniumDriver] [  894] - --------------------------setting values-----------------------------
[INFO ][2016-01-07 15:00:48,888][com.java.SeleniumDriver] [  897] - Action Type : mouseover
[INFO ][2016-01-07 15:01:15,748][com.java.SeleniumDriver] [  906] -  RESULT true
[INFO ][2016-01-07 15:01:15,748][com.java.SeleniumDriver] [ 1112] - ?   P A S S   ?
[INFO ][2016-01-07 15:01:15,748][com.java.SeleniumDriver] [  832] - ------------------------------------------
[INFO ][2016-01-07 15:01:15,748][com.java.SeleniumDriver] [  833] - Test case being Executed: 8
[INFO ][2016-01-07 15:01:15,748][com.java.SeleniumDriver] [  845] - Test step:5
[INFO ][2016-01-07 15:01:15,748][com.java.SeleniumDriver] [  857] - Datavalue is----------5
[INFO ][2016-01-07 15:01:15,748][com.java.SeleniumDriver] [  881] - DataField : XPH//iframe[@class='frameTabContent']
[INFO ][2016-01-07 15:01:15,748][com.java.SeleniumDriver] [  883] - DataValue : 5
[INFO ][2016-01-07 15:01:15,748][com.java.SeleniumDriver] [  889] - <In Set values of the page>
[INFO ][2016-01-07 15:01:15,748][com.java.SeleniumDriver] [  892] - {Data Fields & Data Values Exist}
[INFO ][2016-01-07 15:01:15,748][com.java.SeleniumDriver] [  894] - --------------------------setting values-----------------------------
[INFO ][2016-01-07 15:01:15,748][com.java.SeleniumDriver] [  897] - Action Type : waitforelement
[INFO ][2016-01-07 15:01:15,788][com.java.SeleniumDriver] [  906] -  RESULT true
[INFO ][2016-01-07 15:01:15,788][com.java.SeleniumDriver] [ 1112] - ?   P A S S   ?
[INFO ][2016-01-07 15:01:15,788][com.java.SeleniumDriver] [  832] - ------------------------------------------
[INFO ][2016-01-07 15:01:15,788][com.java.SeleniumDriver] [  833] - Test case being Executed: 8
[INFO ][2016-01-07 15:01:15,789][com.java.SeleniumDriver] [  845] - Test step:6
[INFO ][2016-01-07 15:01:15,789][com.java.SeleniumDriver] [  857] - Datavalue is----------null
[DEBUG][2016-01-07 15:01:15,789][com.java.SeleniumDriver] [  875] - Exception: null
[INFO ][2016-01-07 15:01:15,789][com.java.SeleniumDriver] [  881] - DataField : BTN//iframe[@class='frameTabContent']
[INFO ][2016-01-07 15:01:15,789][com.java.SeleniumDriver] [  883] - DataValue : 
[INFO ][2016-01-07 15:01:15,789][com.java.SeleniumDriver] [  889] - <In Set values of the page>
[INFO ][2016-01-07 15:01:15,789][com.java.SeleniumDriver] [  892] - {Data Fields & Data Values Exist}
[INFO ][2016-01-07 15:01:15,789][com.java.SeleniumDriver] [  894] - --------------------------setting values-----------------------------
[INFO ][2016-01-07 15:01:15,789][com.java.SeleniumDriver] [  897] - Action Type : SELECTFRAME
[INFO ][2016-01-07 15:01:15,888][com.java.SeleniumDriver] [  906] -  RESULT true
[INFO ][2016-01-07 15:01:15,888][com.java.SeleniumDriver] [ 1112] - ?   P A S S   ?
[INFO ][2016-01-07 15:01:15,888][com.java.SeleniumDriver] [  832] - ------------------------------------------
[INFO ][2016-01-07 15:01:15,888][com.java.SeleniumDriver] [  833] - Test case being Executed: 8
[INFO ][2016-01-07 15:01:15,888][com.java.SeleniumDriver] [  845] - Test step:7
[INFO ][2016-01-07 15:01:15,888][com.java.SeleniumDriver] [  857] - Datavalue is----------Manage Profit Centers and Regions 
[INFO ][2016-01-07 15:01:15,888][com.java.SeleniumDriver] [  881] - DataField : MSG
[INFO ][2016-01-07 15:01:15,888][com.java.SeleniumDriver] [  883] - DataValue : Manage Profit Centers and Regions 
[INFO ][2016-01-07 15:01:15,888][com.java.SeleniumDriver] [  889] - <In Set values of the page>
[INFO ][2016-01-07 15:01:15,888][com.java.SeleniumDriver] [  892] - {Data Fields & Data Values Exist}
[INFO ][2016-01-07 15:01:15,889][com.java.SeleniumDriver] [  894] - --------------------------setting values-----------------------------
[INFO ][2016-01-07 15:01:15,889][com.java.SeleniumDriver] [  897] - Action Type : VERIFY
[INFO ][2016-01-07 15:01:15,889][com.java.TestType] [ 7269] - field= MSG value= Manage Profit Centers and Regions 
[INFO ][2016-01-07 15:01:15,889][com.java.TestType] [ 5895] - value = Manage Profit Centers and Regions 
[DEBUG][2016-01-07 15:01:15,889][com.java.TestType] [ 8090] - value :: Manage Profit Centers and Regions 
[INFO ][2016-01-07 15:01:15,937][com.java.SeleniumDriver] [  906] -  RESULT true
[INFO ][2016-01-07 15:01:15,937][com.java.SeleniumDriver] [ 1112] - ?   P A S S   ?
[INFO ][2016-01-07 15:01:15,937][com.java.SeleniumDriver] [  832] - ------------------------------------------
[INFO ][2016-01-07 15:01:15,937][com.java.SeleniumDriver] [  833] - Test case being Executed: 8
[INFO ][2016-01-07 15:01:15,937][com.java.SeleniumDriver] [  845] - Test step:8
[INFO ][2016-01-07 15:01:15,937][com.java.SeleniumDriver] [  857] - Datavalue is----------null
[DEBUG][2016-01-07 15:01:15,937][com.java.SeleniumDriver] [  875] - Exception: null
[INFO ][2016-01-07 15:01:15,937][com.java.SeleniumDriver] [  881] - DataField : LNKRegions
[INFO ][2016-01-07 15:01:15,937][com.java.SeleniumDriver] [  883] - DataValue : 
[INFO ][2016-01-07 15:01:15,937][com.java.SeleniumDriver] [  889] - <In Set values of the page>
[INFO ][2016-01-07 15:01:15,937][com.java.SeleniumDriver] [  892] - {Data Fields & Data Values Exist}
[INFO ][2016-01-07 15:01:15,937][com.java.SeleniumDriver] [  894] - --------------------------setting values-----------------------------
[INFO ][2016-01-07 15:01:15,938][com.java.SeleniumDriver] [  897] - Action Type : click
[INFO ][2016-01-07 15:01:15,938][com.java.TestType] [ 6274] - Field ::LNKRegions
[INFO ][2016-01-07 15:01:15,938][com.java.TestType] [ 5895] - value = 
[INFO ][2016-01-07 15:01:16,938][com.java.TestType] [ 6374] - BEFORE CLICK on Regions
[INFO ][2016-01-07 15:01:17,870][com.java.SeleniumDriver] [  906] -  RESULT true
[INFO ][2016-01-07 15:01:17,870][com.java.SeleniumDriver] [ 1112] - ?   P A S S   ?
[INFO ][2016-01-07 15:01:17,870][com.java.SeleniumDriver] [  832] - ------------------------------------------
[INFO ][2016-01-07 15:01:17,870][com.java.SeleniumDriver] [  833] - Test case being Executed: 8
[INFO ][2016-01-07 15:01:17,870][com.java.SeleniumDriver] [  845] - Test step:9
[INFO ][2016-01-07 15:01:17,870][com.java.SeleniumDriver] [  857] - Datavalue is----------null
[DEBUG][2016-01-07 15:01:17,871][com.java.SeleniumDriver] [  875] - Exception: null
[INFO ][2016-01-07 15:01:17,871][com.java.SeleniumDriver] [  881] - DataField : HDN//span[@class='glyphicon glyphicon-plus']
[INFO ][2016-01-07 15:01:17,871][com.java.SeleniumDriver] [  883] - DataValue : 
[INFO ][2016-01-07 15:01:17,871][com.java.SeleniumDriver] [  889] - <In Set values of the page>
[INFO ][2016-01-07 15:01:17,871][com.java.SeleniumDriver] [  892] - {Data Fields & Data Values Exist}
[INFO ][2016-01-07 15:01:17,871][com.java.SeleniumDriver] [  894] - --------------------------setting values-----------------------------
[INFO ][2016-01-07 15:01:17,871][com.java.SeleniumDriver] [  897] - Action Type : click
[INFO ][2016-01-07 15:01:17,871][com.java.TestType] [ 6274] - Field ::HDN//span[@class='glyphicon glyphicon-plus']
[INFO ][2016-01-07 15:01:17,871][com.java.TestType] [ 5895] - value = 
[INFO ][2016-01-07 15:01:19,317][com.java.SeleniumDriver] [  906] -  RESULT true
[INFO ][2016-01-07 15:01:19,317][com.java.SeleniumDriver] [ 1112] - ?   P A S S   ?
[INFO ][2016-01-07 15:01:19,317][com.java.SeleniumDriver] [  832] - ------------------------------------------
[INFO ][2016-01-07 15:01:19,317][com.java.SeleniumDriver] [  833] - Test case being Executed: 8
[INFO ][2016-01-07 15:01:19,317][com.java.SeleniumDriver] [  845] - Test step:10
[INFO ][2016-01-07 15:01:19,317][com.java.SeleniumDriver] [  857] - Datavalue is----------5
[INFO ][2016-01-07 15:01:19,317][com.java.SeleniumDriver] [  881] - DataField : XPH//div[contains(text(),'Region Name')]/input
[INFO ][2016-01-07 15:01:19,318][com.java.SeleniumDriver] [  883] - DataValue : 5
[INFO ][2016-01-07 15:01:19,318][com.java.SeleniumDriver] [  889] - <In Set values of the page>
[INFO ][2016-01-07 15:01:19,318][com.java.SeleniumDriver] [  892] - {Data Fields & Data Values Exist}
[INFO ][2016-01-07 15:01:19,318][com.java.SeleniumDriver] [  894] - --------------------------setting values-----------------------------
[INFO ][2016-01-07 15:01:19,318][com.java.SeleniumDriver] [  897] - Action Type : waitforelement
[INFO ][2016-01-07 15:01:19,365][com.java.SeleniumDriver] [  906] -  RESULT true
[INFO ][2016-01-07 15:01:19,366][com.java.SeleniumDriver] [ 1112] - ?   P A S S   ?
[INFO ][2016-01-07 15:01:19,366][com.java.SeleniumDriver] [  832] - ------------------------------------------
[INFO ][2016-01-07 15:01:19,366][com.java.SeleniumDriver] [  833] - Test case being Executed: 8
[INFO ][2016-01-07 15:01:19,366][com.java.SeleniumDriver] [  845] - Test step:11
[INFO ][2016-01-07 15:01:19,366][com.java.SeleniumDriver] [  857] - Datavalue is----------5
[INFO ][2016-01-07 15:01:19,366][com.java.SeleniumDriver] [  881] - DataField : XPH//div[contains(text(),'Available Centers')]/select/script[1]
[INFO ][2016-01-07 15:01:19,366][com.java.SeleniumDriver] [  883] - DataValue : 5
[INFO ][2016-01-07 15:01:19,366][com.java.SeleniumDriver] [  889] - <In Set values of the page>
[INFO ][2016-01-07 15:01:19,366][com.java.SeleniumDriver] [  892] - {Data Fields & Data Values Exist}
[INFO ][2016-01-07 15:01:19,366][com.java.SeleniumDriver] [  894] - --------------------------setting values-----------------------------
[INFO ][2016-01-07 15:01:19,366][com.java.SeleniumDriver] [  897] - Action Type : waitforelement
[INFO ][2016-01-07 15:01:19,391][com.java.SeleniumDriver] [  906] -  RESULT true
[INFO ][2016-01-07 15:01:19,391][com.java.SeleniumDriver] [ 1112] - ?   P A S S   ?
[INFO ][2016-01-07 15:01:19,391][com.java.SeleniumDriver] [  832] - ------------------------------------------
[INFO ][2016-01-07 15:01:19,391][com.java.SeleniumDriver] [  833] - Test case being Executed: 8
[INFO ][2016-01-07 15:01:19,391][com.java.SeleniumDriver] [  845] - Test step:12
[INFO ][2016-01-07 15:01:19,391][com.java.SeleniumDriver] [  857] - Datavalue is----------RNDVLTest
[INFO ][2016-01-07 15:01:19,391][com.java.SeleniumDriver] [  881] - DataField : TXT//div[contains(text(),'Region Name')]/input
[INFO ][2016-01-07 15:01:19,392][com.java.SeleniumDriver] [  883] - DataValue : RNDVLTest
[INFO ][2016-01-07 15:01:19,392][com.java.SeleniumDriver] [  889] - <In Set values of the page>
[INFO ][2016-01-07 15:01:19,392][com.java.SeleniumDriver] [  892] - {Data Fields & Data Values Exist}
[INFO ][2016-01-07 15:01:19,392][com.java.SeleniumDriver] [  894] - --------------------------setting values-----------------------------
[INFO ][2016-01-07 15:01:19,392][com.java.SeleniumDriver] [  897] - Action Type : clearandenter
[INFO ][2016-01-07 15:01:19,392][com.java.TestType] [ 5895] - value = VLTest18517
[INFO ][2016-01-07 15:01:19,947][com.java.SeleniumDriver] [  906] -  RESULT true
[INFO ][2016-01-07 15:01:19,947][com.java.SeleniumDriver] [ 1112] - ?   P A S S   ?
[INFO ][2016-01-07 15:01:19,947][com.java.SeleniumDriver] [  832] - ------------------------------------------
[INFO ][2016-01-07 15:01:19,948][com.java.SeleniumDriver] [  833] - Test case being Executed: 8
[INFO ][2016-01-07 15:01:19,948][com.java.SeleniumDriver] [  845] - Test step:13
[INFO ][2016-01-07 15:01:19,948][com.java.SeleniumDriver] [  857] - Datavalue is----------2
[INFO ][2016-01-07 15:01:19,949][com.java.SeleniumDriver] [  881] - DataField : test
[INFO ][2016-01-07 15:01:19,949][com.java.SeleniumDriver] [  883] - DataValue : 2
[INFO ][2016-01-07 15:01:19,949][com.java.SeleniumDriver] [  889] - <In Set values of the page>
[INFO ][2016-01-07 15:01:19,949][com.java.SeleniumDriver] [  892] - {Data Fields & Data Values Exist}
[INFO ][2016-01-07 15:01:19,949][com.java.SeleniumDriver] [  894] - --------------------------setting values-----------------------------
[INFO ][2016-01-07 15:01:19,950][com.java.SeleniumDriver] [  897] - Action Type : WaitTime
[DEBUG][2016-01-07 15:01:19,950][com.java.TestType] [ 5715] - sleepTime: 2000
[INFO ][2016-01-07 15:01:21,950][com.java.SeleniumDriver] [  906] -  RESULT true
[INFO ][2016-01-07 15:01:21,950][com.java.SeleniumDriver] [ 1112] - ?   P A S S   ?
[INFO ][2016-01-07 15:01:21,950][com.java.SeleniumDriver] [  832] - ------------------------------------------
[INFO ][2016-01-07 15:01:21,950][com.java.SeleniumDriver] [  833] - Test case being Executed: 8
[INFO ][2016-01-07 15:01:21,950][com.java.SeleniumDriver] [  845] - Test step:14
[INFO ][2016-01-07 15:01:21,950][com.java.SeleniumDriver] [  857] - Datavalue is----------enteredtext
[INFO ][2016-01-07 15:01:21,950][com.java.SeleniumDriver] [  881] - DataField : TXT//div[contains(text(),'Region Name')]/input
[INFO ][2016-01-07 15:01:21,950][com.java.SeleniumDriver] [  883] - DataValue : enteredtext
[INFO ][2016-01-07 15:01:21,950][com.java.SeleniumDriver] [  889] - <In Set values of the page>
[INFO ][2016-01-07 15:01:21,950][com.java.SeleniumDriver] [  892] - {Data Fields & Data Values Exist}
[INFO ][2016-01-07 15:01:21,951][com.java.SeleniumDriver] [  894] - --------------------------setting values-----------------------------
[INFO ][2016-01-07 15:01:21,951][com.java.SeleniumDriver] [  897] - Action Type : storevalue
[INFO ][2016-01-07 15:01:21,951][com.java.TestType] [ 8612] - field= TXT//div[contains(text(),'Region Name')]/input
[DEBUG][2016-01-07 15:01:22,015][com.java.TestType] [ 8626] - Key:: enteredtext  Value:: VLTest18517
[INFO ][2016-01-07 15:01:22,015][com.java.SeleniumDriver] [  906] -  RESULT true
[INFO ][2016-01-07 15:01:22,015][com.java.SeleniumDriver] [ 1112] - ?   P A S S   ?
[INFO ][2016-01-07 15:01:22,015][com.java.SeleniumDriver] [  832] - ------------------------------------------
[INFO ][2016-01-07 15:01:22,015][com.java.SeleniumDriver] [  833] - Test case being Executed: 8
[INFO ][2016-01-07 15:01:22,015][com.java.SeleniumDriver] [  845] - Test step:15
[INFO ][2016-01-07 15:01:22,016][com.java.SeleniumDriver] [  857] - Datavalue is----------null
[DEBUG][2016-01-07 15:01:22,016][com.java.SeleniumDriver] [  875] - Exception: null
[INFO ][2016-01-07 15:01:22,016][com.java.SeleniumDriver] [  881] - DataField : XPH//div[contains(text(),'Available Centers')]/select/option[1]
[INFO ][2016-01-07 15:01:22,016][com.java.SeleniumDriver] [  883] - DataValue : 
[INFO ][2016-01-07 15:01:22,016][com.java.SeleniumDriver] [  889] - <In Set values of the page>
[INFO ][2016-01-07 15:01:22,016][com.java.SeleniumDriver] [  892] - {Data Fields & Data Values Exist}
[INFO ][2016-01-07 15:01:22,016][com.java.SeleniumDriver] [  894] - --------------------------setting values-----------------------------
[INFO ][2016-01-07 15:01:22,016][com.java.SeleniumDriver] [  897] - Action Type : click
[INFO ][2016-01-07 15:01:22,016][com.java.TestType] [ 6274] - Field ::XPH//div[contains(text(),'Available Centers')]/select/option[1]
[INFO ][2016-01-07 15:01:22,016][com.java.TestType] [ 5895] - value = 
[INFO ][2016-01-07 15:01:23,016][com.java.TestType] [ 6411] - BEFORE CLICK
[INFO ][2016-01-07 15:01:23,745][com.java.TestType] [ 6419] - Unable to click the object Select a profitcenter
[INFO ][2016-01-07 15:01:23,745][com.java.SeleniumDriver] [  906] -  RESULT true
[INFO ][2016-01-07 15:01:23,745][com.java.SeleniumDriver] [ 1112] - ?   P A S S   ?
[INFO ][2016-01-07 15:01:23,745][com.java.SeleniumDriver] [  832] - ------------------------------------------
[INFO ][2016-01-07 15:01:23,745][com.java.SeleniumDriver] [  833] - Test case being Executed: 8
[INFO ][2016-01-07 15:01:23,745][com.java.SeleniumDriver] [  845] - Test step:16
[INFO ][2016-01-07 15:01:23,745][com.java.SeleniumDriver] [  857] - Datavalue is----------null
[DEBUG][2016-01-07 15:01:23,745][com.java.SeleniumDriver] [  875] - Exception: null
[INFO ][2016-01-07 15:01:23,745][com.java.SeleniumDriver] [  881] - DataField : HDN//span[@class='glyphicon glyphicon-chevron-left']
[INFO ][2016-01-07 15:01:23,745][com.java.SeleniumDriver] [  883] - DataValue : 
[INFO ][2016-01-07 15:01:23,745][com.java.SeleniumDriver] [  889] - <In Set values of the page>
[INFO ][2016-01-07 15:01:23,745][com.java.SeleniumDriver] [  892] - {Data Fields & Data Values Exist}
[INFO ][2016-01-07 15:01:23,746][com.java.SeleniumDriver] [  894] - --------------------------setting values-----------------------------
[INFO ][2016-01-07 15:01:23,746][com.java.SeleniumDriver] [  897] - Action Type : click
[INFO ][2016-01-07 15:01:23,746][com.java.TestType] [ 6274] - Field ::HDN//span[@class='glyphicon glyphicon-chevron-left']
[INFO ][2016-01-07 15:01:23,746][com.java.TestType] [ 5895] - value = 
[INFO ][2016-01-07 15:01:24,901][com.java.SeleniumDriver] [  906] -  RESULT true
[INFO ][2016-01-07 15:01:24,901][com.java.SeleniumDriver] [ 1112] - ?   P A S S   ?
[INFO ][2016-01-07 15:01:24,901][com.java.SeleniumDriver] [  832] - ------------------------------------------
[INFO ][2016-01-07 15:01:24,901][com.java.SeleniumDriver] [  833] - Test case being Executed: 8
[INFO ][2016-01-07 15:01:24,901][com.java.SeleniumDriver] [  845] - Test step:17
[INFO ][2016-01-07 15:01:24,901][com.java.SeleniumDriver] [  857] - Datavalue is----------null
[DEBUG][2016-01-07 15:01:24,901][com.java.SeleniumDriver] [  875] - Exception: null
[INFO ][2016-01-07 15:01:24,901][com.java.SeleniumDriver] [  881] - DataField : XPH//div[contains(text(),'Available Centers')]/select/option[2]
[INFO ][2016-01-07 15:01:24,902][com.java.SeleniumDriver] [  883] - DataValue : 
[INFO ][2016-01-07 15:01:24,902][com.java.SeleniumDriver] [  889] - <In Set values of the page>
[INFO ][2016-01-07 15:01:24,902][com.java.SeleniumDriver] [  892] - {Data Fields & Data Values Exist}
[INFO ][2016-01-07 15:01:24,902][com.java.SeleniumDriver] [  894] - --------------------------setting values-----------------------------
[INFO ][2016-01-07 15:01:24,903][com.java.SeleniumDriver] [  897] - Action Type : click
[INFO ][2016-01-07 15:01:24,903][com.java.TestType] [ 6274] - Field ::XPH//div[contains(text(),'Available Centers')]/select/option[2]
[INFO ][2016-01-07 15:01:24,903][com.java.TestType] [ 5895] - value = 
[INFO ][2016-01-07 15:01:25,903][com.java.TestType] [ 6411] - BEFORE CLICK
[INFO ][2016-01-07 15:01:26,596][com.java.TestType] [ 6419] - Unable to click the object Select a profitcenter
[INFO ][2016-01-07 15:01:26,597][com.java.SeleniumDriver] [  906] -  RESULT true
[INFO ][2016-01-07 15:01:26,597][com.java.SeleniumDriver] [ 1112] - ?   P A S S   ?
[INFO ][2016-01-07 15:01:26,597][com.java.SeleniumDriver] [  832] - ------------------------------------------
[INFO ][2016-01-07 15:01:26,597][com.java.SeleniumDriver] [  833] - Test case being Executed: 8
[INFO ][2016-01-07 15:01:26,597][com.java.SeleniumDriver] [  845] - Test step:18
[INFO ][2016-01-07 15:01:26,597][com.java.SeleniumDriver] [  857] - Datavalue is----------null
[DEBUG][2016-01-07 15:01:26,597][com.java.SeleniumDriver] [  875] - Exception: null
[INFO ][2016-01-07 15:01:26,597][com.java.SeleniumDriver] [  881] - DataField : HDN//span[@class='glyphicon glyphicon-chevron-left']
[INFO ][2016-01-07 15:01:26,597][com.java.SeleniumDriver] [  883] - DataValue : 
[INFO ][2016-01-07 15:01:26,597][com.java.SeleniumDriver] [  889] - <In Set values of the page>
[INFO ][2016-01-07 15:01:26,598][com.java.SeleniumDriver] [  892] - {Data Fields & Data Values Exist}
[INFO ][2016-01-07 15:01:26,598][com.java.SeleniumDriver] [  894] - --------------------------setting values-----------------------------
[INFO ][2016-01-07 15:01:26,598][com.java.SeleniumDriver] [  897] - Action Type : click
[INFO ][2016-01-07 15:01:26,598][com.java.TestType] [ 6274] - Field ::HDN//span[@class='glyphicon glyphicon-chevron-left']
[INFO ][2016-01-07 15:01:26,598][com.java.TestType] [ 5895] - value = 
[INFO ][2016-01-07 15:01:27,734][com.java.SeleniumDriver] [  906] -  RESULT true
[INFO ][2016-01-07 15:01:27,734][com.java.SeleniumDriver] [ 1112] - ?   P A S S   ?
[INFO ][2016-01-07 15:01:27,734][com.java.SeleniumDriver] [  832] - ------------------------------------------
[INFO ][2016-01-07 15:01:27,734][com.java.SeleniumDriver] [  833] - Test case being Executed: 8
[INFO ][2016-01-07 15:01:27,735][com.java.SeleniumDriver] [  845] - Test step:19
[INFO ][2016-01-07 15:01:27,735][com.java.SeleniumDriver] [  857] - Datavalue is----------null
[DEBUG][2016-01-07 15:01:27,735][com.java.SeleniumDriver] [  875] - Exception: null
[INFO ][2016-01-07 15:01:27,735][com.java.SeleniumDriver] [  881] - DataField : XPH//button[contains(text(),'Save')]
[INFO ][2016-01-07 15:01:27,735][com.java.SeleniumDriver] [  883] - DataValue : 
[INFO ][2016-01-07 15:01:27,735][com.java.SeleniumDriver] [  889] - <In Set values of the page>
[INFO ][2016-01-07 15:01:27,735][com.java.SeleniumDriver] [  892] - {Data Fields & Data Values Exist}
[INFO ][2016-01-07 15:01:27,735][com.java.SeleniumDriver] [  894] - --------------------------setting values-----------------------------
[INFO ][2016-01-07 15:01:27,735][com.java.SeleniumDriver] [  897] - Action Type : clickwithalert
[INFO ][2016-01-07 15:01:30,079][com.java.SeleniumDriver] [  906] -  RESULT true
[INFO ][2016-01-07 15:01:30,079][com.java.SeleniumDriver] [ 1112] - ?   P A S S   ?
[INFO ][2016-01-07 15:01:30,080][com.java.SeleniumDriver] [  832] - ------------------------------------------
[INFO ][2016-01-07 15:01:30,080][com.java.SeleniumDriver] [  833] - Test case being Executed: 8
[INFO ][2016-01-07 15:01:30,080][com.java.SeleniumDriver] [  845] - Test step:20
[INFO ][2016-01-07 15:01:30,080][com.java.SeleniumDriver] [  857] - Datavalue is----------10
[INFO ][2016-01-07 15:01:30,080][com.java.SeleniumDriver] [  881] - DataField : XPH//select[@class="form-control input-sm"]
[INFO ][2016-01-07 15:01:30,080][com.java.SeleniumDriver] [  883] - DataValue : 10
[INFO ][2016-01-07 15:01:30,080][com.java.SeleniumDriver] [  889] - <In Set values of the page>
[INFO ][2016-01-07 15:01:30,080][com.java.SeleniumDriver] [  892] - {Data Fields & Data Values Exist}
[INFO ][2016-01-07 15:01:30,080][com.java.SeleniumDriver] [  894] - --------------------------setting values-----------------------------
[INFO ][2016-01-07 15:01:30,080][com.java.SeleniumDriver] [  897] - Action Type : waitforelement
[INFO ][2016-01-07 15:01:30,105][com.java.SeleniumDriver] [  906] -  RESULT true
[INFO ][2016-01-07 15:01:30,105][com.java.SeleniumDriver] [ 1112] - ?   P A S S   ?
[INFO ][2016-01-07 15:01:30,105][com.java.SeleniumDriver] [  832] - ------------------------------------------
[INFO ][2016-01-07 15:01:30,105][com.java.SeleniumDriver] [  833] - Test case being Executed: 8
[INFO ][2016-01-07 15:01:30,106][com.java.SeleniumDriver] [  845] - Test step:21
[INFO ][2016-01-07 15:01:30,106][com.java.SeleniumDriver] [  857] - Datavalue is----------All
[INFO ][2016-01-07 15:01:30,106][com.java.SeleniumDriver] [  881] - DataField : SLB//select[@class="form-control input-sm"]
[INFO ][2016-01-07 15:01:30,106][com.java.SeleniumDriver] [  883] - DataValue : All
[INFO ][2016-01-07 15:01:30,106][com.java.SeleniumDriver] [  889] - <In Set values of the page>
[INFO ][2016-01-07 15:01:30,106][com.java.SeleniumDriver] [  892] - {Data Fields & Data Values Exist}
[INFO ][2016-01-07 15:01:30,106][com.java.SeleniumDriver] [  894] - --------------------------setting values-----------------------------
[INFO ][2016-01-07 15:01:30,106][com.java.SeleniumDriver] [  897] - Action Type : SELECT
[INFO ][2016-01-07 15:01:30,106][com.java.TestType] [ 5895] - value = All
[INFO ][2016-01-07 15:01:30,377][com.java.SeleniumDriver] [  906] -  RESULT true
[INFO ][2016-01-07 15:01:30,377][com.java.SeleniumDriver] [ 1112] - ?   P A S S   ?
[INFO ][2016-01-07 15:01:30,377][com.java.SeleniumDriver] [  832] - ------------------------------------------
[INFO ][2016-01-07 15:01:30,377][com.java.SeleniumDriver] [  833] - Test case being Executed: 8
[INFO ][2016-01-07 15:01:30,377][com.java.SeleniumDriver] [  845] - Test step:22
[INFO ][2016-01-07 15:01:30,377][com.java.SeleniumDriver] [  857] - Datavalue is----------HMVenteredtext
[INFO ][2016-01-07 15:01:30,378][com.java.SeleniumDriver] [  881] - DataField : MSG
[INFO ][2016-01-07 15:01:30,378][com.java.SeleniumDriver] [  883] - DataValue : HMVenteredtext
[INFO ][2016-01-07 15:01:30,378][com.java.SeleniumDriver] [  889] - <In Set values of the page>
[INFO ][2016-01-07 15:01:30,378][com.java.SeleniumDriver] [  892] - {Data Fields & Data Values Exist}
[INFO ][2016-01-07 15:01:30,378][com.java.SeleniumDriver] [  894] - --------------------------setting values-----------------------------
[INFO ][2016-01-07 15:01:30,378][com.java.SeleniumDriver] [  897] - Action Type : VERIFY
[INFO ][2016-01-07 15:01:30,378][com.java.TestType] [ 7269] - field= MSG value= HMVenteredtext
[INFO ][2016-01-07 15:01:30,378][com.java.TestType] [ 5895] - value = VLTest18517
[DEBUG][2016-01-07 15:01:30,378][com.java.TestType] [ 8090] - value :: VLTest18517
[INFO ][2016-01-07 15:01:30,396][com.java.SeleniumDriver] [  906] -  RESULT true
[INFO ][2016-01-07 15:01:30,397][com.java.SeleniumDriver] [ 1112] - ?   P A S S   ?
[INFO ][2016-01-07 15:01:30,397][com.java.SeleniumDriver] [  832] - ------------------------------------------
[INFO ][2016-01-07 15:01:30,397][com.java.SeleniumDriver] [  833] - Test case being Executed: 8
[INFO ][2016-01-07 15:01:30,397][com.java.SeleniumDriver] [  845] - Test step:23
[INFO ][2016-01-07 15:01:30,397][com.java.SeleniumDriver] [  857] - Datavalue is----------5
[INFO ][2016-01-07 15:01:30,397][com.java.SeleniumDriver] [  881] - DataField : TXT//input[@class="form-control input-sm"]
[INFO ][2016-01-07 15:01:30,397][com.java.SeleniumDriver] [  883] - DataValue : 5
[INFO ][2016-01-07 15:01:30,397][com.java.SeleniumDriver] [  889] - <In Set values of the page>
[INFO ][2016-01-07 15:01:30,397][com.java.SeleniumDriver] [  892] - {Data Fields & Data Values Exist}
[INFO ][2016-01-07 15:01:30,397][com.java.SeleniumDriver] [  894] - --------------------------setting values-----------------------------
[INFO ][2016-01-07 15:01:30,397][com.java.SeleniumDriver] [  897] - Action Type : waitforelement
[INFO ][2016-01-07 15:01:30,423][com.java.SeleniumDriver] [  906] -  RESULT true
[INFO ][2016-01-07 15:01:30,423][com.java.SeleniumDriver] [ 1112] - ?   P A S S   ?
[INFO ][2016-01-07 15:01:30,423][com.java.SeleniumDriver] [  832] - ------------------------------------------
[INFO ][2016-01-07 15:01:30,423][com.java.SeleniumDriver] [  833] - Test case being Executed: 8
[INFO ][2016-01-07 15:01:30,423][com.java.SeleniumDriver] [  845] - Test step:24
[INFO ][2016-01-07 15:01:30,423][com.java.SeleniumDriver] [  857] - Datavalue is----------HMVenteredtext
[INFO ][2016-01-07 15:01:30,423][com.java.SeleniumDriver] [  881] - DataField : TXT//input[@class="form-control input-sm"]
[INFO ][2016-01-07 15:01:30,423][com.java.SeleniumDriver] [  883] - DataValue : HMVenteredtext
[INFO ][2016-01-07 15:01:30,423][com.java.SeleniumDriver] [  889] - <In Set values of the page>
[INFO ][2016-01-07 15:01:30,424][com.java.SeleniumDriver] [  892] - {Data Fields & Data Values Exist}
[INFO ][2016-01-07 15:01:30,424][com.java.SeleniumDriver] [  894] - --------------------------setting values-----------------------------
[INFO ][2016-01-07 15:01:30,424][com.java.SeleniumDriver] [  897] - Action Type : clearandenter
[INFO ][2016-01-07 15:01:30,424][com.java.TestType] [ 5895] - value = VLTest18517
[INFO ][2016-01-07 15:01:31,083][com.java.SeleniumDriver] [  906] -  RESULT true
[INFO ][2016-01-07 15:01:31,083][com.java.SeleniumDriver] [ 1112] - ?   P A S S   ?
[INFO ][2016-01-07 15:01:31,084][com.java.SeleniumDriver] [  832] - ------------------------------------------
[INFO ][2016-01-07 15:01:31,084][com.java.SeleniumDriver] [  833] - Test case being Executed: 8
[INFO ][2016-01-07 15:01:31,084][com.java.SeleniumDriver] [  845] - Test step:25
[INFO ][2016-01-07 15:01:31,084][com.java.SeleniumDriver] [  857] - Datavalue is----------3
[INFO ][2016-01-07 15:01:31,084][com.java.SeleniumDriver] [  881] - DataField : test
[INFO ][2016-01-07 15:01:31,084][com.java.SeleniumDriver] [  883] - DataValue : 3
[INFO ][2016-01-07 15:01:31,084][com.java.SeleniumDriver] [  889] - <In Set values of the page>
[INFO ][2016-01-07 15:01:31,084][com.java.SeleniumDriver] [  892] - {Data Fields & Data Values Exist}
[INFO ][2016-01-07 15:01:31,084][com.java.SeleniumDriver] [  894] - --------------------------setting values-----------------------------
[INFO ][2016-01-07 15:01:31,084][com.java.SeleniumDriver] [  897] - Action Type : WaitTime
[DEBUG][2016-01-07 15:01:31,084][com.java.TestType] [ 5715] - sleepTime: 3000
[INFO ][2016-01-07 15:01:34,084][com.java.SeleniumDriver] [  906] -  RESULT true
[INFO ][2016-01-07 15:01:34,084][com.java.SeleniumDriver] [ 1112] - ?   P A S S   ?
[INFO ][2016-01-07 15:01:34,084][com.java.SeleniumDriver] [  832] - ------------------------------------------
[INFO ][2016-01-07 15:01:34,084][com.java.SeleniumDriver] [  833] - Test case being Executed: 8
[INFO ][2016-01-07 15:01:34,084][com.java.SeleniumDriver] [  845] - Test step:26
[INFO ][2016-01-07 15:01:34,084][com.java.SeleniumDriver] [  857] - Datavalue is----------null
[DEBUG][2016-01-07 15:01:34,084][com.java.SeleniumDriver] [  875] - Exception: null
[INFO ][2016-01-07 15:01:34,084][com.java.SeleniumDriver] [  881] - DataField : MTC//tr[@class="info editable"]//span[@class="glyphicon glyphicon-remove"]
[INFO ][2016-01-07 15:01:34,084][com.java.SeleniumDriver] [  883] - DataValue : 
[INFO ][2016-01-07 15:01:34,086][com.java.SeleniumDriver] [  889] - <In Set values of the page>
[INFO ][2016-01-07 15:01:34,086][com.java.SeleniumDriver] [  892] - {Data Fields & Data Values Exist}
[INFO ][2016-01-07 15:01:34,086][com.java.SeleniumDriver] [  894] - --------------------------setting values-----------------------------
[INFO ][2016-01-07 15:01:34,086][com.java.SeleniumDriver] [  897] - Action Type : clickwithalert
[ERROR][2016-01-07 15:01:34,208][com.java.TestType] [ 1374] - Exception in MNC click: Cannot click on element (WARNING: The server did not provide any stacktrace information)
Command duration or timeout: 36 milliseconds
Build info: version: '2.48.2', revision: '41bccdd', time: '2015-10-09 19:59:12'
System info: host: 'FVTIII438F1D', ip: '172.17.68.34', os.name: 'Windows 7', os.arch: 'x86', os.version: '6.1', java.version: '1.7.0_55'
Session ID: 641ddc6b-2053-4bb7-b361-063160a4745f
Driver info: org.openqa.selenium.ie.InternetExplorerDriver
Capabilities [{platform=WINDOWS, javascriptEnabled=true, elementScrollBehavior=0, ignoreZoomSetting=false, enablePersistentHover=true, ie.ensureCleanSession=false, browserName=internet explorer, enableElementCacheCleanup=true, unexpectedAlertBehaviour=dismiss, version=10, ie.usePerProcessProxy=false, ignoreProtectedModeSettings=true, cssSelectorsEnabled=true, requireWindowFocus=false, initialBrowserUrl=http://localhost:6645/, handlesAlerts=true, ie.forceCreateProcessApi=false, nativeEvents=true, browserAttachTimeout=0, ie.browserCommandLineSwitches=, takesScreenshot=true}]
[INFO ][2016-01-07 15:01:34,208][com.java.SeleniumDriver] [  906] -  RESULT false
[INFO ][2016-01-07 15:01:34,209][com.java.SeleniumDriver] [  953] - ?   F A I L   ?
[INFO ][2016-01-07 15:01:34,209][com.java.SeleniumDriver] [  961] - Browser Type : IE10
[INFO ][2016-01-07 15:01:34,209][com.java.SeleniumDriver] [  962] - Adding Failed case8
[INFO ][2016-01-07 15:01:35,143][com.java.SeleniumDriver] [ 1076] - failedCases = 8
[ERROR][2016-01-07 15:01:35,143][com.java.SeleniumDriver] [ 1575] - Platform Errors : Our apologies...::We have encountered an issue with your request.::Our apologies?:We encountered an issue with your request.
[INFO ][2016-01-07 15:01:35,143][com.java.SeleniumDriver] [ 1579] - Length =3
[ERROR][2016-01-07 15:01:35,144][com.java.SeleniumDriver] [ 1582] - Error 0 = Our apologies...
[ERROR][2016-01-07 15:01:35,160][com.java.SeleniumDriver] [ 1582] - Error 1 = We have encountered an issue with your request.
[ERROR][2016-01-07 15:01:35,177][com.java.SeleniumDriver] [ 1582] - Error 2 = Our apologies?:We encountered an issue with your request.
[INFO ][2016-01-07 15:01:35,193][com.java.SeleniumDriver] [ 1593] - strError:
[DEBUG][2016-01-07 15:01:35,208][com.java.SeleniumDriver] [ 1224] - Case found
[DEBUG][2016-01-07 15:01:35,208][com.java.SeleniumDriver] [ 1229] - Incrementing ReportCounters[0]:2
[INFO ][2016-01-07 15:01:35,208][com.java.SeleniumDriver] [ 1248] - The results are-------------------[8, 26, Admin: GL Mapping: Profit Centers: GL Regions Newly added Regions show up in report lists, Fail, 
Test case failed at Step No. :: 26   Error Message ::  Unable to click on the elemnt using MNC: Cannot click on element (WARNING: The server did not provide any stacktrace information)
Command duration or timeout: 36 milliseconds
Build info: version: '2.48.2', revision: '41bccdd', time: '2015-10-09 19:59:12'
System info: host: 'FVTIII438F1D', ip: '172.17.68.34', os.name: 'Windows 7', os.arch: 'x86', os.version: '6.1', java.version: '1.7.0_55'
Session ID: 641ddc6b-2053-4bb7-b361-063160a4745f
Driver info: org.openqa.selenium.ie.InternetExplorerDriver
Capabilities [{platform=WINDOWS, javascriptEnabled=true, elementScrollBehavior=0, ignoreZoomSetting=false, enablePersistentHover=true, ie.ensureCleanSession=false, browserName=internet explorer, enableElementCacheCleanup=true, unexpectedAlertBehaviour=dismiss, version=10, ie.usePerProcessProxy=false, ignoreProtectedModeSettings=true, cssSelectorsEnabled=true, requireWindowFocus=false, initialBrowserUrl=http://localhost:6645/, handlesAlerts=true, ie.forceCreateProcessApi=false, nativeEvents=true, browserAttachTimeout=0, ie.browserCommandLineSwitches=, takesScreenshot=true}]. Screen Shot : D:\BankersDashboard\TestReports\010716\8_010716_150134_IE10.png, Thu Jan 07 15:01:35 IST 2016]
[INFO ][2016-01-07 15:01:35,208][com.java.SeleniumDriver] [ 1252] - End time is-------2 min 6 sec
[INFO ][2016-01-07 15:01:35,208][com.java.SeleniumDriver] [ 1253] - The results are-------------------[8, 26, Admin: GL Mapping: Profit Centers: GL Regions Newly added Regions show up in report lists, Fail, 
Test case failed at Step No. :: 26   Error Message ::  Unable to click on the elemnt using MNC: Cannot click on element (WARNING: The server did not provide any stacktrace information)
Command duration or timeout: 36 milliseconds
Build info: version: '2.48.2', revision: '41bccdd', time: '2015-10-09 19:59:12'
System info: host: 'FVTIII438F1D', ip: '172.17.68.34', os.name: 'Windows 7', os.arch: 'x86', os.version: '6.1', java.version: '1.7.0_55'
Session ID: 641ddc6b-2053-4bb7-b361-063160a4745f
Driver info: org.openqa.selenium.ie.InternetExplorerDriver
Capabilities [{platform=WINDOWS, javascriptEnabled=true, elementScrollBehavior=0, ignoreZoomSetting=false, enablePersistentHover=true, ie.ensureCleanSession=false, browserName=internet explorer, enableElementCacheCleanup=true, unexpectedAlertBehaviour=dismiss, version=10, ie.usePerProcessProxy=false, ignoreProtectedModeSettings=true, cssSelectorsEnabled=true, requireWindowFocus=false, initialBrowserUrl=http://localhost:6645/, handlesAlerts=true, ie.forceCreateProcessApi=false, nativeEvents=true, browserAttachTimeout=0, ie.browserCommandLineSwitches=, takesScreenshot=true}]. Screen Shot : D:\BankersDashboard\TestReports\010716\8_010716_150134_IE10.png, Thu Jan 07 15:01:35 IST 2016]
[DEBUG][2016-01-07 15:01:35,208][com.java.ImportnExport.ExportTestResultsExcel] [  222] - testResultPath = D:\BankersDashboard/TestReports/Test Results_BankersDashBoard_010716_145931_IE10_United Bank.xls
[DEBUG][2016-01-07 15:01:35,208][com.java.ImportnExport.ExportTestResultsExcel] [  223] - browser is------------IE10
[DEBUG][2016-01-07 15:01:35,211][com.java.ImportnExport.ExportTestResultsExcel] [  270] - result.size() = 6
[DEBUG][2016-01-07 15:01:35,211][com.java.ImportnExport.ExportTestResultsExcel] [  274] - No of rows in sheet=2
[DEBUG][2016-01-07 15:01:35,211][com.java.ImportnExport.ExportTestResultsExcel] [  301] - ..in export..8
[DEBUG][2016-01-07 15:01:35,211][com.java.ImportnExport.ExportTestResultsExcel] [  301] - ..in export..Admin: GL Mapping: Profit Centers: GL Regions Newly added Regions show up in report lists
[DEBUG][2016-01-07 15:01:35,211][com.java.ImportnExport.ExportTestResultsExcel] [  301] - ..in export..Fail
[DEBUG][2016-01-07 15:01:35,211][com.java.ImportnExport.ExportTestResultsExcel] [  301] - ..in export..
Test case failed at Step No. :: 26   Error Message ::  Unable to click on the elemnt using MNC: Cannot click on element (WARNING: The server did not provide any stacktrace information)
Command duration or timeout: 36 milliseconds
Build info: version: '2.48.2', revision: '41bccdd', time: '2015-10-09 19:59:12'
System info: host: 'FVTIII438F1D', ip: '172.17.68.34', os.name: 'Windows 7', os.arch: 'x86', os.version: '6.1', java.version: '1.7.0_55'
Session ID: 641ddc6b-2053-4bb7-b361-063160a4745f
Driver info: org.openqa.selenium.ie.InternetExplorerDriver
Capabilities [{platform=WINDOWS, javascriptEnabled=true, elementScrollBehavior=0, ignoreZoomSetting=false, enablePersistentHover=true, ie.ensureCleanSession=false, browserName=internet explorer, enableElementCacheCleanup=true, unexpectedAlertBehaviour=dismiss, version=10, ie.usePerProcessProxy=false, ignoreProtectedModeSettings=true, cssSelectorsEnabled=true, requireWindowFocus=false, initialBrowserUrl=http://localhost:6645/, handlesAlerts=true, ie.forceCreateProcessApi=false, nativeEvents=true, browserAttachTimeout=0, ie.browserCommandLineSwitches=, takesScreenshot=true}]. Screen Shot : D:\BankersDashboard\TestReports\010716\8_010716_150134_IE10.png
[DEBUG][2016-01-07 15:01:35,211][com.java.ImportnExport.ExportTestResultsExcel] [  301] - ..in export..Thu Jan 07 15:01:35 IST 2016
[INFO ][2016-01-07 15:01:35,215][com.java.SeleniumDriver] [ 1313] - out loop:1 size:2 TestCases:[1, 8] testcases:[1, 8]
[INFO ][2016-01-07 15:01:37,216][com.java.SeleniumDriver] [ 1356] - Total Number of Cases:2
[INFO ][2016-01-07 15:01:37,216][com.java.TemplateGenerator] [  302] - Executed:2
[INFO ][2016-01-07 15:01:37,216][com.java.TemplateGenerator] [  303] - Passed:1
[INFO ][2016-01-07 15:01:37,216][com.java.TemplateGenerator] [  304] - Failed:1
[INFO ][2016-01-07 15:01:37,216][com.java.TemplateGenerator] [  305] - Skipeed:0
[INFO ][2016-01-07 15:01:37,216][com.java.TemplateGenerator] [  306] - Application URL:https://clients-xuat.bankersdashboard.com
[INFO ][2016-01-07 15:01:37,216][com.java.TemplateGenerator] [  307] - Start Time:010716_145931
[INFO ][2016-01-07 15:01:37,216][com.java.TemplateGenerator] [  308] -  Creating HTML Report 
[ERROR][2016-01-07 15:01:37,217][com.java.TemplateGenerator] [  409] - Unparseable date: "Thu Jan 07 02:59:31 IST 2016"
[INFO ][2016-01-07 15:01:37,217][com.java.TemplateGenerator] [  654] -  Exporting case :: 1
[INFO ][2016-01-07 15:01:37,217][com.java.TemplateGenerator] [  654] -  Exporting case :: 8
[INFO ][2016-01-07 15:01:37,222][com.java.SeleniumDriver] [ 1405] - End Time:010716_150137
[INFO ][2016-01-07 15:01:37,222][com.java.SeleniumDriver] [ 1408] - Data in Test Execution Details:{1=PASS, 8=FAILTest case failed at Step No. :: 26   Error Message ::  Unable to click on the elemnt using MNC: Cannot click on element (WARNING: The server did not provide any stacktrace information)
Command duration or timeout: 36 milliseconds
Build info: version: '2.48.2', revision: '41bccdd', time: '2015-10-09 19:59:12'
System info: host: 'FVTIII438F1D', ip: '172.17.68.34', os.name: 'Windows 7', os.arch: 'x86', os.version: '6.1', java.version: '1.7.0_55'
Session ID: 641ddc6b-2053-4bb7-b361-063160a4745f
Driver info: org.openqa.selenium.ie.InternetExplorerDriver
Capabilities [{platform=WINDOWS, javascriptEnabled=true, elementScrollBehavior=0, ignoreZoomSetting=false, enablePersistentHover=true, ie.ensureCleanSession=false, browserName=internet explorer, enableElementCacheCleanup=true, unexpectedAlertBehaviour=dismiss, version=10, ie.usePerProcessProxy=false, ignoreProtectedModeSettings=true, cssSelectorsEnabled=true, requireWindowFocus=false, initialBrowserUrl=http://localhost:6645/, handlesAlerts=true, ie.forceCreateProcessApi=false, nativeEvents=true, browserAttachTimeout=0, ie.browserCommandLineSwitches=, takesScreenshot=true}]}
[INFO ][2016-01-07 15:01:37,222][com.java.SeleniumDriver] [ 1409] - Data in Failed Execution Deatils:{}
[INFO ][2016-01-07 15:01:37,222][com.java.SeleniumDriver] [ 1411] - ReportCounter:Total:2 :: PASS: 1 ::FAIL: 1
[INFO ][2016-01-07 15:01:37,222][com.java.SeleniumDriver] [ 1412] - FailedReportCounter:Total:0 :: PASS: 0 ::FAIL: 0
[INFO ][2016-01-07 15:01:37,230][com.java.EmailTestReport] [   63] - Sending report mail details:
[INFO ][2016-01-07 15:01:37,230][com.java.EmailTestReport] [   80] - Excel Report Path:D:\BankersDashboard/TestReports/Test Results_BankersDashBoard_010716_145931_IE10_United Bank.xls
[INFO ][2016-01-07 15:01:37,230][com.java.EmailTestReport] [   81] - HTML Report Path:D:\BankersDashboard//TestReports//Test Results_BankersDashBoard_010716_145931_IE10_United Bank.html
[INFO ][2016-01-07 15:01:37,230][com.java.EmailTestReport] [   82] - smtpHostName:mail01.valuelabs.com
[INFO ][2016-01-07 15:01:37,230][com.java.EmailTestReport] [   83] - Recipient:venkateswararao.gubbala@valuelabs.com;
[INFO ][2016-01-07 15:01:37,231][com.java.EmailTestReport] [   84] - From:venkateswararao.gubbala@valuelabs.com;
[INFO ][2016-01-07 15:01:37,231][com.java.EmailTestReport] [   85] - Subject:Deluxe Corp Bankers Dashboard Automation Test Report - United Bank - IE10
[INFO ][2016-01-07 15:01:37,247][com.java.EmailTestReport] [  143] -  Added venkateswararao.gubbala@valuelabs.com
[INFO ][2016-01-07 15:01:40,646][com.java.SeleniumDriver] [  722] - quitting the browser 
[INFO ][2016-01-07 15:01:41,972][com.java.SeleniumDriver] [  264] - Execution Completed Stopping the thread
