[INFO ][2015-11-04 20:23:24,802][com.java.SeleniumDriver] [  213] - Execute Failed Casesfalse
[INFO ][2015-11-04 20:23:24,802][com.java.SeleniumDriver] [  214] - Browser: IE11
[INFO ][2015-11-04 20:23:24,802][com.java.SeleniumDriver] [  215] - [1, 11]
[INFO ][2015-11-04 20:23:24,803][com.java.SeleniumDriver] [  216] - Total TestCases:2
[INFO ][2015-11-04 20:23:24,803][com.java.SeleniumDriver] [  217] -  Reading Properties from Property File 
[DEBUG][2015-11-04 20:23:24,803][com.java.SeleniumDriver] [  238] - url : https://clients-xuat.bankersdashboard.com
[INFO ][2015-11-04 20:23:24,805][com.java.ImportnExport.ExportTestResultsExcel] [  116] - Time Stamp Wed Nov 04 08:23:24 IST 2015
[INFO ][2015-11-04 20:23:24,805][com.java.ImportnExport.ExportTestResultsExcel] [  175] - OUT FILE : D:\BankersDashboard/TestReports/Test Results_BankersDashBoard_110415_202324_IE11_Simmons First National Bank.xls
[INFO ][2015-11-04 20:23:24,834][com.java.ImportnExport.ExportTestResultsExcel] [  180] - Test Result file is created
[DEBUG][2015-11-04 20:23:24,934][com.java.SeleniumDriver] [  425] - Hub ip address is-------172.17.68.34
[INFO ][2015-11-04 20:23:24,935][com.java.SeleniumDriver] [  451] - Grid URL:http://172.17.68.34:4444/wd/hub
[INFO ][2015-11-04 20:23:24,935][com.java.SeleniumDriver] [  452] - Capability:Capabilities [{platform=ANY, ensureCleanSession=true, ignoreProtectedModeSettings=true, acceptSslCerts=true, ignoreZoomSetting=true, browserName=internet explorer, browserstack.ie.noFlash=true, version=Node1}]
[ERROR][2015-11-04 20:23:26,232][com.java.SeleniumDriver] [  496] - Unable invoke browser in grid:Could not start a new session. Possible causes are invalid address of the remote server or browser start-up failure.
Build info: version: '2.48.2', revision: '41bccdd', time: '2015-10-09 19:59:12'
System info: host: 'FVTIII438F1D', ip: '172.17.68.34', os.name: 'Windows 7', os.arch: 'x86', os.version: '6.1', java.version: '1.7.0_55'
Driver info: driver.version: SeleniumDriver
[INFO ][2015-11-04 20:23:26,232][com.java.SeleniumDriver] [  498] - Executing on local machine
[INFO ][2015-11-04 20:23:35,492][com.java.SeleniumDriver] [  248] - IE11is opened
[INFO ][2015-11-04 20:23:36,389][com.java.SeleniumDriver] [  752] - Test cases to be executed are: [1, 11]
[INFO ][2015-11-04 20:23:36,389][com.java.ImportnExport.ImportTestDataDetailsExcel] [   49] - test data details path===== D:\BankersDashboard\TestInputs\TestData.xls
[INFO ][2015-11-04 20:23:47,375][com.java.SeleniumDriver] [  788] - ------------------------------------------
[INFO ][2015-11-04 20:23:47,375][com.java.SeleniumDriver] [  789] - Test case being Executed: 1
[INFO ][2015-11-04 20:23:47,391][com.java.SeleniumDriver] [  800] - Test step:1
[INFO ][2015-11-04 20:23:47,391][com.java.SeleniumDriver] [  812] - Datavalue is----------Concept#1:1-14
[INFO ][2015-11-04 20:23:47,391][com.java.SeleniumDriver] [  836] - DataField : test
[INFO ][2015-11-04 20:23:47,391][com.java.SeleniumDriver] [  838] - DataValue : Concept#1:1-14
[INFO ][2015-11-04 20:23:47,391][com.java.SeleniumDriver] [  844] - <In Set values of the page>
[INFO ][2015-11-04 20:23:47,391][com.java.SeleniumDriver] [  847] - {Data Fields & Data Values Exist}
[INFO ][2015-11-04 20:23:47,391][com.java.SeleniumDriver] [  849] - --------------------------setting values-----------------------------
[INFO ][2015-11-04 20:23:47,392][com.java.SeleniumDriver] [  852] - Action Type : ExecuteTestCase
[INFO ][2015-11-04 20:23:47,409][com.java.TestType] [  411] - The Concept sheet name is ---------- Concept
[INFO ][2015-11-04 20:23:47,409][com.java.TestType] [  414] - The Concept ID  is ---------- 1
[DEBUG][2015-11-04 20:23:47,409][com.java.TestType] [  418] - Steps being executted in the Concept are: 1:14
[INFO ][2015-11-04 20:23:47,410][com.java.TestType] [  425] - Test data details path ---------- D:\BankersDashboard\TestInputs\TestData.xls
[INFO ][2015-11-04 20:23:47,441][com.java.TestType] [  456] -  str(1) = 1
[INFO ][2015-11-04 20:23:47,441][com.java.TestType] [  459] - Test case Id is---1
[INFO ][2015-11-04 20:23:47,441][com.java.TestType] [  461] - 1
[INFO ][2015-11-04 20:23:47,441][com.java.TestType] [  456] -  str(2) = 1
[INFO ][2015-11-04 20:23:47,444][com.java.TestType] [  508] - row values are--------{1=com.java.Objects.TestDataDetails@9f20af}
[INFO ][2015-11-04 20:23:47,444][com.java.TestType] [  456] -  str(1) = 1
[INFO ][2015-11-04 20:23:47,444][com.java.TestType] [  459] - Test case Id is---1
[INFO ][2015-11-04 20:23:47,444][com.java.TestType] [  461] - 1
[INFO ][2015-11-04 20:23:47,444][com.java.TestType] [  456] -  str(2) = 2
[INFO ][2015-11-04 20:23:47,446][com.java.TestType] [  508] - row values are--------{1=com.java.Objects.TestDataDetails@9f20af, 2=com.java.Objects.TestDataDetails@f86f0e}
[INFO ][2015-11-04 20:23:47,446][com.java.TestType] [  456] -  str(1) = 1
[INFO ][2015-11-04 20:23:47,446][com.java.TestType] [  459] - Test case Id is---1
[INFO ][2015-11-04 20:23:47,446][com.java.TestType] [  461] - 1
[INFO ][2015-11-04 20:23:47,446][com.java.TestType] [  456] -  str(2) = 3
[INFO ][2015-11-04 20:23:47,447][com.java.TestType] [  508] - row values are--------{1=com.java.Objects.TestDataDetails@9f20af, 2=com.java.Objects.TestDataDetails@f86f0e, 3=com.java.Objects.TestDataDetails@68c1b6}
[INFO ][2015-11-04 20:23:47,447][com.java.TestType] [  456] -  str(1) = 1
[INFO ][2015-11-04 20:23:47,447][com.java.TestType] [  459] - Test case Id is---1
[INFO ][2015-11-04 20:23:47,448][com.java.TestType] [  461] - 1
[INFO ][2015-11-04 20:23:47,448][com.java.TestType] [  456] -  str(2) = 4
[INFO ][2015-11-04 20:23:47,449][com.java.TestType] [  508] - row values are--------{1=com.java.Objects.TestDataDetails@9f20af, 2=com.java.Objects.TestDataDetails@f86f0e, 3=com.java.Objects.TestDataDetails@68c1b6, 4=com.java.Objects.TestDataDetails@dc1400}
[INFO ][2015-11-04 20:23:47,449][com.java.TestType] [  456] -  str(1) = 1
[INFO ][2015-11-04 20:23:47,449][com.java.TestType] [  459] - Test case Id is---1
[INFO ][2015-11-04 20:23:47,449][com.java.TestType] [  461] - 1
[INFO ][2015-11-04 20:23:47,450][com.java.TestType] [  456] -  str(2) = 5
[INFO ][2015-11-04 20:23:47,452][com.java.TestType] [  508] - row values are--------{1=com.java.Objects.TestDataDetails@9f20af, 2=com.java.Objects.TestDataDetails@f86f0e, 3=com.java.Objects.TestDataDetails@68c1b6, 4=com.java.Objects.TestDataDetails@dc1400, 5=com.java.Objects.TestDataDetails@19de6c}
[INFO ][2015-11-04 20:23:47,452][com.java.TestType] [  456] -  str(1) = 1
[INFO ][2015-11-04 20:23:47,453][com.java.TestType] [  459] - Test case Id is---1
[INFO ][2015-11-04 20:23:47,453][com.java.TestType] [  461] - 1
[INFO ][2015-11-04 20:23:47,453][com.java.TestType] [  456] -  str(2) = 6
[INFO ][2015-11-04 20:23:47,454][com.java.TestType] [  508] - row values are--------{1=com.java.Objects.TestDataDetails@9f20af, 2=com.java.Objects.TestDataDetails@f86f0e, 3=com.java.Objects.TestDataDetails@68c1b6, 4=com.java.Objects.TestDataDetails@dc1400, 5=com.java.Objects.TestDataDetails@19de6c, 6=com.java.Objects.TestDataDetails@9b81d5}
[INFO ][2015-11-04 20:23:47,454][com.java.TestType] [  456] -  str(1) = 1
[INFO ][2015-11-04 20:23:47,454][com.java.TestType] [  459] - Test case Id is---1
[INFO ][2015-11-04 20:23:47,454][com.java.TestType] [  461] - 1
[INFO ][2015-11-04 20:23:47,454][com.java.TestType] [  456] -  str(2) = 7
[INFO ][2015-11-04 20:23:47,455][com.java.TestType] [  508] - row values are--------{1=com.java.Objects.TestDataDetails@9f20af, 2=com.java.Objects.TestDataDetails@f86f0e, 3=com.java.Objects.TestDataDetails@68c1b6, 4=com.java.Objects.TestDataDetails@dc1400, 5=com.java.Objects.TestDataDetails@19de6c, 6=com.java.Objects.TestDataDetails@9b81d5, 7=com.java.Objects.TestDataDetails@1f8a98}
[INFO ][2015-11-04 20:23:47,455][com.java.TestType] [  456] -  str(1) = 1
[INFO ][2015-11-04 20:23:47,455][com.java.TestType] [  459] - Test case Id is---1
[INFO ][2015-11-04 20:23:47,455][com.java.TestType] [  461] - 1
[INFO ][2015-11-04 20:23:47,455][com.java.TestType] [  456] -  str(2) = 8
[INFO ][2015-11-04 20:23:47,457][com.java.TestType] [  508] - row values are--------{1=com.java.Objects.TestDataDetails@9f20af, 2=com.java.Objects.TestDataDetails@f86f0e, 3=com.java.Objects.TestDataDetails@68c1b6, 4=com.java.Objects.TestDataDetails@dc1400, 5=com.java.Objects.TestDataDetails@19de6c, 6=com.java.Objects.TestDataDetails@9b81d5, 7=com.java.Objects.TestDataDetails@1f8a98, 8=com.java.Objects.TestDataDetails@185552b}
[INFO ][2015-11-04 20:23:47,457][com.java.TestType] [  456] -  str(1) = 1
[INFO ][2015-11-04 20:23:47,457][com.java.TestType] [  459] - Test case Id is---1
[INFO ][2015-11-04 20:23:47,457][com.java.TestType] [  461] - 1
[INFO ][2015-11-04 20:23:47,457][com.java.TestType] [  456] -  str(2) = 9
[INFO ][2015-11-04 20:23:47,458][com.java.TestType] [  508] - row values are--------{1=com.java.Objects.TestDataDetails@9f20af, 2=com.java.Objects.TestDataDetails@f86f0e, 3=com.java.Objects.TestDataDetails@68c1b6, 4=com.java.Objects.TestDataDetails@dc1400, 5=com.java.Objects.TestDataDetails@19de6c, 6=com.java.Objects.TestDataDetails@9b81d5, 7=com.java.Objects.TestDataDetails@1f8a98, 8=com.java.Objects.TestDataDetails@185552b, 9=com.java.Objects.TestDataDetails@5a7006}
[INFO ][2015-11-04 20:23:47,458][com.java.TestType] [  456] -  str(1) = 1
[INFO ][2015-11-04 20:23:47,458][com.java.TestType] [  459] - Test case Id is---1
[INFO ][2015-11-04 20:23:47,459][com.java.TestType] [  461] - 1
[INFO ][2015-11-04 20:23:47,459][com.java.TestType] [  456] -  str(2) = 10
[INFO ][2015-11-04 20:23:47,459][com.java.TestType] [  508] - row values are--------{1=com.java.Objects.TestDataDetails@9f20af, 2=com.java.Objects.TestDataDetails@f86f0e, 3=com.java.Objects.TestDataDetails@68c1b6, 4=com.java.Objects.TestDataDetails@dc1400, 5=com.java.Objects.TestDataDetails@19de6c, 6=com.java.Objects.TestDataDetails@9b81d5, 7=com.java.Objects.TestDataDetails@1f8a98, 8=com.java.Objects.TestDataDetails@185552b, 9=com.java.Objects.TestDataDetails@5a7006, 10=com.java.Objects.TestDataDetails@9676fc}
[INFO ][2015-11-04 20:23:47,460][com.java.TestType] [  456] -  str(1) = 1
[INFO ][2015-11-04 20:23:47,460][com.java.TestType] [  459] - Test case Id is---1
[INFO ][2015-11-04 20:23:47,460][com.java.TestType] [  461] - 1
[INFO ][2015-11-04 20:23:47,460][com.java.TestType] [  456] -  str(2) = 11
[INFO ][2015-11-04 20:23:47,462][com.java.TestType] [  508] - row values are--------{1=com.java.Objects.TestDataDetails@9f20af, 2=com.java.Objects.TestDataDetails@f86f0e, 3=com.java.Objects.TestDataDetails@68c1b6, 4=com.java.Objects.TestDataDetails@dc1400, 5=com.java.Objects.TestDataDetails@19de6c, 6=com.java.Objects.TestDataDetails@9b81d5, 7=com.java.Objects.TestDataDetails@1f8a98, 8=com.java.Objects.TestDataDetails@185552b, 9=com.java.Objects.TestDataDetails@5a7006, 10=com.java.Objects.TestDataDetails@9676fc, 11=com.java.Objects.TestDataDetails@1627751}
[INFO ][2015-11-04 20:23:47,462][com.java.TestType] [  456] -  str(1) = 1
[INFO ][2015-11-04 20:23:47,462][com.java.TestType] [  459] - Test case Id is---1
[INFO ][2015-11-04 20:23:47,462][com.java.TestType] [  461] - 1
[INFO ][2015-11-04 20:23:47,463][com.java.TestType] [  456] -  str(2) = 12
[INFO ][2015-11-04 20:23:47,463][com.java.TestType] [  508] - row values are--------{1=com.java.Objects.TestDataDetails@9f20af, 2=com.java.Objects.TestDataDetails@f86f0e, 3=com.java.Objects.TestDataDetails@68c1b6, 4=com.java.Objects.TestDataDetails@dc1400, 5=com.java.Objects.TestDataDetails@19de6c, 6=com.java.Objects.TestDataDetails@9b81d5, 7=com.java.Objects.TestDataDetails@1f8a98, 8=com.java.Objects.TestDataDetails@185552b, 9=com.java.Objects.TestDataDetails@5a7006, 10=com.java.Objects.TestDataDetails@9676fc, 11=com.java.Objects.TestDataDetails@1627751, 12=com.java.Objects.TestDataDetails@2da07a}
[INFO ][2015-11-04 20:23:47,463][com.java.TestType] [  456] -  str(1) = 1
[INFO ][2015-11-04 20:23:47,464][com.java.TestType] [  459] - Test case Id is---1
[INFO ][2015-11-04 20:23:47,464][com.java.TestType] [  461] - 1
[INFO ][2015-11-04 20:23:47,464][com.java.TestType] [  456] -  str(2) = 13
[INFO ][2015-11-04 20:23:47,464][com.java.TestType] [  508] - row values are--------{1=com.java.Objects.TestDataDetails@9f20af, 2=com.java.Objects.TestDataDetails@f86f0e, 3=com.java.Objects.TestDataDetails@68c1b6, 4=com.java.Objects.TestDataDetails@dc1400, 5=com.java.Objects.TestDataDetails@19de6c, 6=com.java.Objects.TestDataDetails@9b81d5, 7=com.java.Objects.TestDataDetails@1f8a98, 8=com.java.Objects.TestDataDetails@185552b, 9=com.java.Objects.TestDataDetails@5a7006, 10=com.java.Objects.TestDataDetails@9676fc, 11=com.java.Objects.TestDataDetails@1627751, 12=com.java.Objects.TestDataDetails@2da07a, 13=com.java.Objects.TestDataDetails@145b77c}
[INFO ][2015-11-04 20:23:47,465][com.java.TestType] [  456] -  str(1) = 1
[INFO ][2015-11-04 20:23:47,465][com.java.TestType] [  459] - Test case Id is---1
[INFO ][2015-11-04 20:23:47,465][com.java.TestType] [  461] - 1
[INFO ][2015-11-04 20:23:47,465][com.java.TestType] [  456] -  str(2) = 14
[INFO ][2015-11-04 20:23:47,466][com.java.TestType] [  508] - row values are--------{1=com.java.Objects.TestDataDetails@9f20af, 2=com.java.Objects.TestDataDetails@f86f0e, 3=com.java.Objects.TestDataDetails@68c1b6, 4=com.java.Objects.TestDataDetails@dc1400, 5=com.java.Objects.TestDataDetails@19de6c, 6=com.java.Objects.TestDataDetails@9b81d5, 7=com.java.Objects.TestDataDetails@1f8a98, 8=com.java.Objects.TestDataDetails@185552b, 9=com.java.Objects.TestDataDetails@5a7006, 10=com.java.Objects.TestDataDetails@9676fc, 11=com.java.Objects.TestDataDetails@1627751, 12=com.java.Objects.TestDataDetails@2da07a, 13=com.java.Objects.TestDataDetails@145b77c, 14=com.java.Objects.TestDataDetails@1d73938}
[INFO ][2015-11-04 20:23:47,466][com.java.TestType] [ 7910] - Looping 1TCID = 1
[DEBUG][2015-11-04 20:23:47,466][com.java.TestType] [ 7951] - Concept ID:1 :: Step being Executed: 1::1
[INFO ][2015-11-04 20:23:47,466][com.java.TestType] [ 7989] - dataFields : TXTusername
[DEBUG][2015-11-04 20:23:47,466][com.java.TestType] [ 7995] - <In Set values of the page>
[DEBUG][2015-11-04 20:23:47,466][com.java.TestType] [ 8000] - {Data Fields & Data Values Exist}
[INFO ][2015-11-04 20:23:47,466][com.java.TestType] [ 8006] - --------------------------setting values-----------------------------
[INFO ][2015-11-04 20:23:47,466][com.java.TestType] [ 8009] - Action Type : CLEARANDENTER
[INFO ][2015-11-04 20:23:47,466][com.java.TestType] [ 3761] - value = valuelabs.ie11.03890
[INFO ][2015-11-04 20:23:52,294][com.java.TestType] [ 8028] -  RESULT true
[INFO ][2015-11-04 20:23:52,294][com.java.TestType] [ 8145] - ?   P A S S   ?
[DEBUG][2015-11-04 20:23:52,294][com.java.TestType] [ 7951] - Concept ID:1 :: Step being Executed: 1::2
[INFO ][2015-11-04 20:23:52,294][com.java.TestType] [ 7989] - dataFields : TXTpassword
[DEBUG][2015-11-04 20:23:52,295][com.java.TestType] [ 7995] - <In Set values of the page>
[DEBUG][2015-11-04 20:23:52,295][com.java.TestType] [ 8000] - {Data Fields & Data Values Exist}
[INFO ][2015-11-04 20:23:52,295][com.java.TestType] [ 8006] - --------------------------setting values-----------------------------
[INFO ][2015-11-04 20:23:52,295][com.java.TestType] [ 8009] - Action Type : CLEARANDENTER
[INFO ][2015-11-04 20:23:52,295][com.java.TestType] [ 3761] - value = Password1*
[INFO ][2015-11-04 20:23:57,219][com.java.TestType] [ 8028] -  RESULT true
[INFO ][2015-11-04 20:23:57,219][com.java.TestType] [ 8145] - ?   P A S S   ?
[DEBUG][2015-11-04 20:23:57,219][com.java.TestType] [ 7951] - Concept ID:1 :: Step being Executed: 1::3
[ERROR][2015-11-04 20:23:57,219][com.java.TestType] [ 7984] - Exception: null
[INFO ][2015-11-04 20:23:57,219][com.java.TestType] [ 7989] - dataFields : XPH//button[@type='submit']
[DEBUG][2015-11-04 20:23:57,219][com.java.TestType] [ 7995] - <In Set values of the page>
[DEBUG][2015-11-04 20:23:57,219][com.java.TestType] [ 8000] - {Data Fields & Data Values Exist}
[INFO ][2015-11-04 20:23:57,220][com.java.TestType] [ 8006] - --------------------------setting values-----------------------------
[INFO ][2015-11-04 20:23:57,220][com.java.TestType] [ 8009] - Action Type : Click
[INFO ][2015-11-04 20:23:57,220][com.java.TestType] [ 4074] - Field ::XPH//button[@type='submit']
[INFO ][2015-11-04 20:23:58,220][com.java.TestType] [ 4133] - BEFORE CLICK
[INFO ][2015-11-04 20:23:59,098][com.java.TestType] [ 4141] - Unable to click the object Login
[INFO ][2015-11-04 20:23:59,098][com.java.TestType] [ 8028] -  RESULT true
[INFO ][2015-11-04 20:23:59,098][com.java.TestType] [ 8145] - ?   P A S S   ?
[DEBUG][2015-11-04 20:23:59,098][com.java.TestType] [ 7951] - Concept ID:1 :: Step being Executed: 1::4
[INFO ][2015-11-04 20:23:59,098][com.java.TestType] [ 7989] - dataFields : LNKLogout
[DEBUG][2015-11-04 20:23:59,098][com.java.TestType] [ 7995] - <In Set values of the page>
[DEBUG][2015-11-04 20:23:59,098][com.java.TestType] [ 8000] - {Data Fields & Data Values Exist}
[INFO ][2015-11-04 20:23:59,098][com.java.TestType] [ 8006] - --------------------------setting values-----------------------------
[INFO ][2015-11-04 20:23:59,098][com.java.TestType] [ 8009] - Action Type : WaitForElement
