[INFO ][2016-02-02 18:36:54,349][com.java.SeleniumDriver] [  213] - Execute Failed Casesfalse
[INFO ][2016-02-02 18:36:54,350][com.java.SeleniumDriver] [  214] - Browser: IE10
[INFO ][2016-02-02 18:36:54,354][com.java.SeleniumDriver] [  215] - [1, 30]
[INFO ][2016-02-02 18:36:54,354][com.java.SeleniumDriver] [  216] - Total TestCases:2
[INFO ][2016-02-02 18:36:54,354][com.java.SeleniumDriver] [  217] -  Reading Properties from Property File 
[DEBUG][2016-02-02 18:36:54,355][com.java.SeleniumDriver] [  238] - url : https://clients-xuat.bankersdashboard.com
[INFO ][2016-02-02 18:36:54,356][com.java.ImportnExport.ExportTestResultsExcel] [  116] - Time Stamp Tue Feb 02 06:36:54 IST 2016
[INFO ][2016-02-02 18:36:54,356][com.java.ImportnExport.ExportTestResultsExcel] [  175] - OUT FILE : D:\BankersDashboard/TestReports/Test Results_BankersDashBoard_020216_183654_IE10_First Bank.xls
[INFO ][2016-02-02 18:36:54,386][com.java.ImportnExport.ExportTestResultsExcel] [  180] - Test Result file is created
[DEBUG][2016-02-02 18:36:54,492][com.java.SeleniumDriver] [  426] - Hub ip address is-------172.17.68.34
[INFO ][2016-02-02 18:36:54,493][com.java.SeleniumDriver] [  452] - Grid URL:http://172.17.68.34:4444/wd/hub
[INFO ][2016-02-02 18:36:54,494][com.java.SeleniumDriver] [  453] - Capability:Capabilities [{platform=ANY, ensureCleanSession=true, ignoreProtectedModeSettings=true, acceptSslCerts=true, ignoreZoomSetting=true, browserName=internet explorer, browserstack.ie.noFlash=true, version=null}]
[ERROR][2016-02-02 18:36:55,817][com.java.SeleniumDriver] [  498] - Unable invoke browser in grid:Could not start a new session. Possible causes are invalid address of the remote server or browser start-up failure.
Build info: version: '2.48.2', revision: '41bccdd', time: '2015-10-09 19:59:12'
System info: host: 'FVTIII438F1D', ip: '172.17.68.34', os.name: 'Windows 7', os.arch: 'x86', os.version: '6.1', java.version: '1.7.0_55'
Driver info: driver.version: SeleniumDriver
[INFO ][2016-02-02 18:36:55,817][com.java.SeleniumDriver] [  500] - Executing on local machine
[INFO ][2016-02-02 18:37:06,583][com.java.SeleniumDriver] [  248] - IE10is opened
[INFO ][2016-02-02 18:37:07,438][com.java.SeleniumDriver] [  756] - Test cases to be executed are: [1, 30]
[INFO ][2016-02-02 18:37:07,463][com.java.ImportnExport.ImportTestDataDetailsExcel] [   49] - test data details path===== D:\BankersDashboard\TestInputs\TestData.xls
[DEBUG][2016-02-02 18:37:07,506][com.java.ImportnExport.ImportTestDataDetailsExcel] [  188] - Unable to read the data from the TestData: null
[INFO ][2016-02-02 18:37:07,547][com.java.SeleniumDriver] [  856] - ------------------------------------------
[INFO ][2016-02-02 18:37:07,547][com.java.SeleniumDriver] [  857] - Test case being Executed: 1
[INFO ][2016-02-02 18:37:07,547][com.java.SeleniumDriver] [  869] - Test step:1
[INFO ][2016-02-02 18:37:07,548][com.java.SeleniumDriver] [  881] - Datavalue is----------Concept#1:1-14
[INFO ][2016-02-02 18:37:07,548][com.java.SeleniumDriver] [  905] - DataField : test
[INFO ][2016-02-02 18:37:07,548][com.java.SeleniumDriver] [  907] - DataValue : Concept#1:1-14
[INFO ][2016-02-02 18:37:07,548][com.java.SeleniumDriver] [  913] - <In Set values of the page>
[INFO ][2016-02-02 18:37:07,548][com.java.SeleniumDriver] [  916] - {Data Fields & Data Values Exist}
[INFO ][2016-02-02 18:37:07,548][com.java.SeleniumDriver] [  918] - --------------------------setting values-----------------------------
[INFO ][2016-02-02 18:37:07,548][com.java.SeleniumDriver] [  921] - Action Type : ExecuteTestCase
[INFO ][2016-02-02 18:37:07,567][com.java.TestType] [  448] - The Concept sheet name is ---------- Concept
[INFO ][2016-02-02 18:37:07,567][com.java.TestType] [  451] - The Concept ID  is ---------- 1
[DEBUG][2016-02-02 18:37:07,567][com.java.TestType] [  455] - Steps being executted in the Concept are: 1:14
[INFO ][2016-02-02 18:37:07,567][com.java.TestType] [  462] - Test data details path ---------- D:\BankersDashboard\TestInputs\TestData.xls
[INFO ][2016-02-02 18:37:07,601][com.java.TestType] [  493] -  str(1) = 1
[INFO ][2016-02-02 18:37:07,601][com.java.TestType] [  496] - Test case Id is---1
[INFO ][2016-02-02 18:37:07,602][com.java.TestType] [  498] - 1
[INFO ][2016-02-02 18:37:07,603][com.java.TestType] [  493] -  str(2) = 1
[INFO ][2016-02-02 18:37:07,606][com.java.TestType] [  493] -  str(1) = 1
[INFO ][2016-02-02 18:37:07,606][com.java.TestType] [  496] - Test case Id is---1
[INFO ][2016-02-02 18:37:07,606][com.java.TestType] [  498] - 1
[INFO ][2016-02-02 18:37:07,606][com.java.TestType] [  493] -  str(2) = 2
[INFO ][2016-02-02 18:37:07,607][com.java.TestType] [  493] -  str(1) = 1
[INFO ][2016-02-02 18:37:07,607][com.java.TestType] [  496] - Test case Id is---1
[INFO ][2016-02-02 18:37:07,608][com.java.TestType] [  498] - 1
[INFO ][2016-02-02 18:37:07,608][com.java.TestType] [  493] -  str(2) = 3
[INFO ][2016-02-02 18:37:07,609][com.java.TestType] [  493] -  str(1) = 1
[INFO ][2016-02-02 18:37:07,609][com.java.TestType] [  496] - Test case Id is---1
[INFO ][2016-02-02 18:37:07,609][com.java.TestType] [  498] - 1
[INFO ][2016-02-02 18:37:07,609][com.java.TestType] [  493] -  str(2) = 4
[INFO ][2016-02-02 18:37:07,611][com.java.TestType] [  493] -  str(1) = 1
[INFO ][2016-02-02 18:37:07,612][com.java.TestType] [  496] - Test case Id is---1
[INFO ][2016-02-02 18:37:07,612][com.java.TestType] [  498] - 1
[INFO ][2016-02-02 18:37:07,612][com.java.TestType] [  493] -  str(2) = 5
[INFO ][2016-02-02 18:37:07,614][com.java.TestType] [  493] -  str(1) = 1
[INFO ][2016-02-02 18:37:07,614][com.java.TestType] [  496] - Test case Id is---1
[INFO ][2016-02-02 18:37:07,615][com.java.TestType] [  498] - 1
[INFO ][2016-02-02 18:37:07,615][com.java.TestType] [  493] -  str(2) = 6
[INFO ][2016-02-02 18:37:07,615][com.java.TestType] [  493] -  str(1) = 1
[INFO ][2016-02-02 18:37:07,616][com.java.TestType] [  496] - Test case Id is---1
[INFO ][2016-02-02 18:37:07,616][com.java.TestType] [  498] - 1
[INFO ][2016-02-02 18:37:07,616][com.java.TestType] [  493] -  str(2) = 7
[INFO ][2016-02-02 18:37:07,616][com.java.TestType] [  493] -  str(1) = 1
[INFO ][2016-02-02 18:37:07,617][com.java.TestType] [  496] - Test case Id is---1
[INFO ][2016-02-02 18:37:07,617][com.java.TestType] [  498] - 1
[INFO ][2016-02-02 18:37:07,617][com.java.TestType] [  493] -  str(2) = 8
[INFO ][2016-02-02 18:37:07,617][com.java.TestType] [  493] -  str(1) = 1
[INFO ][2016-02-02 18:37:07,618][com.java.TestType] [  496] - Test case Id is---1
[INFO ][2016-02-02 18:37:07,618][com.java.TestType] [  498] - 1
[INFO ][2016-02-02 18:37:07,618][com.java.TestType] [  493] -  str(2) = 9
[INFO ][2016-02-02 18:37:07,618][com.java.TestType] [  493] -  str(1) = 1
[INFO ][2016-02-02 18:37:07,619][com.java.TestType] [  496] - Test case Id is---1
[INFO ][2016-02-02 18:37:07,619][com.java.TestType] [  498] - 1
[INFO ][2016-02-02 18:37:07,619][com.java.TestType] [  493] -  str(2) = 10
[INFO ][2016-02-02 18:37:07,619][com.java.TestType] [  493] -  str(1) = 1
[INFO ][2016-02-02 18:37:07,619][com.java.TestType] [  496] - Test case Id is---1
[INFO ][2016-02-02 18:37:07,620][com.java.TestType] [  498] - 1
[INFO ][2016-02-02 18:37:07,620][com.java.TestType] [  493] -  str(2) = 11
[INFO ][2016-02-02 18:37:07,620][com.java.TestType] [  493] -  str(1) = 1
[INFO ][2016-02-02 18:37:07,620][com.java.TestType] [  496] - Test case Id is---1
[INFO ][2016-02-02 18:37:07,621][com.java.TestType] [  498] - 1
[INFO ][2016-02-02 18:37:07,621][com.java.TestType] [  493] -  str(2) = 12
[INFO ][2016-02-02 18:37:07,621][com.java.TestType] [  493] -  str(1) = 1
[INFO ][2016-02-02 18:37:07,621][com.java.TestType] [  496] - Test case Id is---1
[INFO ][2016-02-02 18:37:07,622][com.java.TestType] [  498] - 1
[INFO ][2016-02-02 18:37:07,622][com.java.TestType] [  493] -  str(2) = 13
[INFO ][2016-02-02 18:37:07,623][com.java.TestType] [  493] -  str(1) = 1
[INFO ][2016-02-02 18:37:07,624][com.java.TestType] [  496] - Test case Id is---1
[INFO ][2016-02-02 18:37:07,624][com.java.TestType] [  498] - 1
[INFO ][2016-02-02 18:37:07,625][com.java.TestType] [  493] -  str(2) = 14
[INFO ][2016-02-02 18:37:07,625][com.java.TestType] [11859] - Looping 1TCID = 1
[DEBUG][2016-02-02 18:37:07,625][com.java.TestType] [11900] - Concept ID:1 :: Step being Executed: 1::1
[INFO ][2016-02-02 18:37:07,626][com.java.TestType] [11938] - dataFields : TXTusername
[DEBUG][2016-02-02 18:37:07,626][com.java.TestType] [11944] - <In Set values of the page>
[DEBUG][2016-02-02 18:37:07,626][com.java.TestType] [11949] - {Data Fields & Data Values Exist}
[INFO ][2016-02-02 18:37:07,626][com.java.TestType] [11955] - --------------------------setting values-----------------------------
[INFO ][2016-02-02 18:37:07,626][com.java.TestType] [11958] - Action Type : CLEARANDENTER
[INFO ][2016-02-02 18:37:09,924][com.java.TestType] [ 6562] - value = valuelabs.ie10.15019
[INFO ][2016-02-02 18:37:12,318][com.java.TestType] [11977] -  RESULT true
[INFO ][2016-02-02 18:37:12,318][com.java.TestType] [12094] - ?   P A S S   ?
[DEBUG][2016-02-02 18:37:12,318][com.java.TestType] [11900] - Concept ID:1 :: Step being Executed: 1::2
[INFO ][2016-02-02 18:37:12,318][com.java.TestType] [11938] - dataFields : TXTpassword
[DEBUG][2016-02-02 18:37:12,318][com.java.TestType] [11944] - <In Set values of the page>
[DEBUG][2016-02-02 18:37:12,318][com.java.TestType] [11949] - {Data Fields & Data Values Exist}
[INFO ][2016-02-02 18:37:12,318][com.java.TestType] [11955] - --------------------------setting values-----------------------------
[INFO ][2016-02-02 18:37:12,319][com.java.TestType] [11958] - Action Type : CLEARANDENTER
[INFO ][2016-02-02 18:37:14,583][com.java.TestType] [ 6562] - value = Password1*
[INFO ][2016-02-02 18:37:17,111][com.java.TestType] [11977] -  RESULT true
[INFO ][2016-02-02 18:37:17,111][com.java.TestType] [12094] - ?   P A S S   ?
[DEBUG][2016-02-02 18:37:17,111][com.java.TestType] [11900] - Concept ID:1 :: Step being Executed: 1::3
[ERROR][2016-02-02 18:37:17,111][com.java.TestType] [11933] - Exception: null
[INFO ][2016-02-02 18:37:17,112][com.java.TestType] [11938] - dataFields : XPH//button[@type='submit']
[DEBUG][2016-02-02 18:37:17,112][com.java.TestType] [11944] - <In Set values of the page>
[DEBUG][2016-02-02 18:37:17,112][com.java.TestType] [11949] - {Data Fields & Data Values Exist}
[INFO ][2016-02-02 18:37:17,112][com.java.TestType] [11955] - --------------------------setting values-----------------------------
[INFO ][2016-02-02 18:37:17,112][com.java.TestType] [11958] - Action Type : Click
[INFO ][2016-02-02 18:37:17,112][com.java.TestType] [ 6941] - Field ::XPH//button[@type='submit']
[INFO ][2016-02-02 18:37:17,112][com.java.TestType] [ 6562] - value = 
[INFO ][2016-02-02 18:37:18,112][com.java.TestType] [ 7114] - BEFORE CLICK
[INFO ][2016-02-02 18:37:18,966][com.java.TestType] [ 7122] - Unable to click the object Login
[INFO ][2016-02-02 18:37:18,966][com.java.TestType] [11977] -  RESULT true
[INFO ][2016-02-02 18:37:18,966][com.java.TestType] [12094] - ?   P A S S   ?
[DEBUG][2016-02-02 18:37:18,966][com.java.TestType] [11900] - Concept ID:1 :: Step being Executed: 1::4
[INFO ][2016-02-02 18:37:18,966][com.java.TestType] [11938] - dataFields : LNKLogout
[DEBUG][2016-02-02 18:37:18,966][com.java.TestType] [11944] - <In Set values of the page>
[DEBUG][2016-02-02 18:37:18,966][com.java.TestType] [11949] - {Data Fields & Data Values Exist}
[INFO ][2016-02-02 18:37:18,966][com.java.TestType] [11955] - --------------------------setting values-----------------------------
[INFO ][2016-02-02 18:37:18,966][com.java.TestType] [11958] - Action Type : WaitForElement
[INFO ][2016-02-02 18:37:22,323][com.java.TestType] [11977] -  RESULT true
[INFO ][2016-02-02 18:37:22,323][com.java.TestType] [12094] - ?   P A S S   ?
[DEBUG][2016-02-02 18:37:22,323][com.java.TestType] [11900] - Concept ID:1 :: Step being Executed: 1::13
[INFO ][2016-02-02 18:37:22,323][com.java.TestType] [11938] - dataFields : LNK
[DEBUG][2016-02-02 18:37:22,324][com.java.TestType] [11944] - <In Set values of the page>
[DEBUG][2016-02-02 18:37:22,324][com.java.TestType] [11949] - {Data Fields & Data Values Exist}
[INFO ][2016-02-02 18:37:22,324][com.java.TestType] [11955] - --------------------------setting values-----------------------------
[INFO ][2016-02-02 18:37:22,324][com.java.TestType] [11958] - Action Type : Verify
[INFO ][2016-02-02 18:37:22,325][com.java.TestType] [ 8164] - field= LNK value= Logout
[INFO ][2016-02-02 18:37:22,326][com.java.TestType] [ 6562] - value = Logout
[INFO ][2016-02-02 18:37:22,364][com.java.TestType] [11977] -  RESULT true
[INFO ][2016-02-02 18:37:22,365][com.java.TestType] [12094] - ?   P A S S   ?
[DEBUG][2016-02-02 18:37:22,365][com.java.TestType] [11900] - Concept ID:1 :: Step being Executed: 1::14
[INFO ][2016-02-02 18:37:22,365][com.java.TestType] [11938] - dataFields : BTN
[DEBUG][2016-02-02 18:37:22,365][com.java.TestType] [11944] - <In Set values of the page>
[DEBUG][2016-02-02 18:37:22,365][com.java.TestType] [11949] - {Data Fields & Data Values Exist}
[INFO ][2016-02-02 18:37:22,365][com.java.TestType] [11955] - --------------------------setting values-----------------------------
[INFO ][2016-02-02 18:37:22,365][com.java.TestType] [11958] - Action Type : Verify
[INFO ][2016-02-02 18:37:22,365][com.java.TestType] [ 8164] - field= BTN value= //img[contains(@src,'bdlogo.jpg')]
[INFO ][2016-02-02 18:37:22,365][com.java.TestType] [ 6562] - value = //img[contains(@src,'bdlogo.jpg')]
[INFO ][2016-02-02 18:37:22,437][com.java.TestType] [11977] -  RESULT true
[INFO ][2016-02-02 18:37:22,437][com.java.TestType] [12094] - ?   P A S S   ?
[INFO ][2016-02-02 18:37:22,437][com.java.TestType] [12165] - Looping End......
[INFO ][2016-02-02 18:37:22,441][com.java.SeleniumDriver] [  930] -  RESULT true
[INFO ][2016-02-02 18:37:22,441][com.java.SeleniumDriver] [ 1136] - ?   P A S S   ?
[INFO ][2016-02-02 18:37:22,441][com.java.SeleniumDriver] [  856] - ------------------------------------------
[INFO ][2016-02-02 18:37:22,442][com.java.SeleniumDriver] [  857] - Test case being Executed: 1
[INFO ][2016-02-02 18:37:22,442][com.java.SeleniumDriver] [  869] - Test step:2
[INFO ][2016-02-02 18:37:22,442][com.java.SeleniumDriver] [  881] - Datavalue is----------Concept#2:1-2
[INFO ][2016-02-02 18:37:22,442][com.java.SeleniumDriver] [  905] - DataField : test
[INFO ][2016-02-02 18:37:22,442][com.java.SeleniumDriver] [  907] - DataValue : Concept#2:1-2
[INFO ][2016-02-02 18:37:22,442][com.java.SeleniumDriver] [  913] - <In Set values of the page>
[INFO ][2016-02-02 18:37:22,442][com.java.SeleniumDriver] [  916] - {Data Fields & Data Values Exist}
[INFO ][2016-02-02 18:37:22,442][com.java.SeleniumDriver] [  918] - --------------------------setting values-----------------------------
[INFO ][2016-02-02 18:37:22,442][com.java.SeleniumDriver] [  921] - Action Type : ExecuteTestCase
[INFO ][2016-02-02 18:37:22,442][com.java.TestType] [  448] - The Concept sheet name is ---------- Concept
[INFO ][2016-02-02 18:37:22,443][com.java.TestType] [  451] - The Concept ID  is ---------- 2
[DEBUG][2016-02-02 18:37:22,443][com.java.TestType] [  455] - Steps being executted in the Concept are: 1:2
[INFO ][2016-02-02 18:37:22,443][com.java.TestType] [  462] - Test data details path ---------- D:\BankersDashboard\TestInputs\TestData.xls
[INFO ][2016-02-02 18:37:22,472][com.java.TestType] [  493] -  str(1) = 2
[INFO ][2016-02-02 18:37:22,472][com.java.TestType] [  496] - Test case Id is---2
[INFO ][2016-02-02 18:37:22,473][com.java.TestType] [  498] - 2
[INFO ][2016-02-02 18:37:22,473][com.java.TestType] [  493] -  str(2) = 1
[INFO ][2016-02-02 18:37:22,474][com.java.TestType] [  493] -  str(1) = 2
[INFO ][2016-02-02 18:37:22,474][com.java.TestType] [  496] - Test case Id is---2
[INFO ][2016-02-02 18:37:22,474][com.java.TestType] [  498] - 2
[INFO ][2016-02-02 18:37:22,474][com.java.TestType] [  493] -  str(2) = 2
[INFO ][2016-02-02 18:37:22,475][com.java.TestType] [  493] -  str(1) = 2
[INFO ][2016-02-02 18:37:22,475][com.java.TestType] [  496] - Test case Id is---2
[INFO ][2016-02-02 18:37:22,475][com.java.TestType] [  498] - 2
[INFO ][2016-02-02 18:37:22,476][com.java.TestType] [  493] -  str(2) = 3
[INFO ][2016-02-02 18:37:22,477][com.java.TestType] [11859] - Looping 1TCID = 2
[DEBUG][2016-02-02 18:37:22,477][com.java.TestType] [11900] - Concept ID:2 :: Step being Executed: 2::1
[INFO ][2016-02-02 18:37:22,477][com.java.TestType] [11938] - dataFields : BNK//select[@id='bank']
[DEBUG][2016-02-02 18:37:22,477][com.java.TestType] [11944] - <In Set values of the page>
[DEBUG][2016-02-02 18:37:22,477][com.java.TestType] [11949] - {Data Fields & Data Values Exist}
[INFO ][2016-02-02 18:37:22,477][com.java.TestType] [11955] - --------------------------setting values-----------------------------
[INFO ][2016-02-02 18:37:22,477][com.java.TestType] [11958] - Action Type : Select
[INFO ][2016-02-02 18:37:22,477][com.java.TestType] [ 6562] - value = PFC
[INFO ][2016-02-02 18:37:22,782][com.java.TestType] [11977] -  RESULT true
[INFO ][2016-02-02 18:37:22,782][com.java.TestType] [12094] - ?   P A S S   ?
[DEBUG][2016-02-02 18:37:22,782][com.java.TestType] [11900] - Concept ID:2 :: Step being Executed: 2::2
[INFO ][2016-02-02 18:37:22,782][com.java.TestType] [11938] - dataFields : BTNbtnLogout
[DEBUG][2016-02-02 18:37:22,783][com.java.TestType] [11944] - <In Set values of the page>
[DEBUG][2016-02-02 18:37:22,783][com.java.TestType] [11949] - {Data Fields & Data Values Exist}
[INFO ][2016-02-02 18:37:22,783][com.java.TestType] [11955] - --------------------------setting values-----------------------------
[INFO ][2016-02-02 18:37:22,784][com.java.TestType] [11958] - Action Type : WaitForElement
[INFO ][2016-02-02 18:37:24,279][com.java.TestType] [11977] -  RESULT true
[INFO ][2016-02-02 18:37:24,279][com.java.TestType] [12094] - ?   P A S S   ?
[INFO ][2016-02-02 18:37:24,279][com.java.TestType] [12165] - Looping End......
[INFO ][2016-02-02 18:37:24,283][com.java.SeleniumDriver] [  930] -  RESULT true
[INFO ][2016-02-02 18:37:24,283][com.java.SeleniumDriver] [ 1136] - ?   P A S S   ?
[INFO ][2016-02-02 18:37:24,283][com.java.SeleniumDriver] [  856] - ------------------------------------------
[INFO ][2016-02-02 18:37:24,283][com.java.SeleniumDriver] [  857] - Test case being Executed: 1
[INFO ][2016-02-02 18:37:24,285][com.java.SeleniumDriver] [  869] - Test step:3
[INFO ][2016-02-02 18:37:24,285][com.java.SeleniumDriver] [  881] - Datavalue is----------2
[INFO ][2016-02-02 18:37:24,285][com.java.SeleniumDriver] [  905] - DataField : XPH//button[contains(text(),'Add Content')]
[INFO ][2016-02-02 18:37:24,285][com.java.SeleniumDriver] [  907] - DataValue : 2
[INFO ][2016-02-02 18:37:24,285][com.java.SeleniumDriver] [  913] - <In Set values of the page>
[INFO ][2016-02-02 18:37:24,285][com.java.SeleniumDriver] [  916] - {Data Fields & Data Values Exist}
[INFO ][2016-02-02 18:37:24,285][com.java.SeleniumDriver] [  918] - --------------------------setting values-----------------------------
[INFO ][2016-02-02 18:37:24,285][com.java.SeleniumDriver] [  921] - Action Type : WAITFORELEMENT
[INFO ][2016-02-02 18:37:24,431][com.java.SeleniumDriver] [  930] -  RESULT true
[INFO ][2016-02-02 18:37:24,431][com.java.SeleniumDriver] [ 1136] - ?   P A S S   ?
[DEBUG][2016-02-02 18:37:24,431][com.java.SeleniumDriver] [ 1248] - Case found
[DEBUG][2016-02-02 18:37:24,431][com.java.SeleniumDriver] [ 1253] - Incrementing ReportCounters[0]:1
[INFO ][2016-02-02 18:37:24,431][com.java.SeleniumDriver] [ 1272] - The results are-------------------[1, 1, Valid Login, Pass, , Tue Feb 02 18:37:22 IST 2016, 1, 2, Valid Login, Pass, , Tue Feb 02 18:37:24 IST 2016, 1, 3, Valid Login, Pass, , Tue Feb 02 18:37:24 IST 2016]
[INFO ][2016-02-02 18:37:24,431][com.java.SeleniumDriver] [ 1276] - End time is-------32 sec
[INFO ][2016-02-02 18:37:24,431][com.java.SeleniumDriver] [ 1277] - The results are-------------------[1, 1, Valid Login, Pass, , Tue Feb 02 18:37:22 IST 2016, 1, 2, Valid Login, Pass, , Tue Feb 02 18:37:24 IST 2016, 1, 3, Valid Login, Pass, , Tue Feb 02 18:37:24 IST 2016]
[DEBUG][2016-02-02 18:37:24,432][com.java.ImportnExport.ExportTestResultsExcel] [  222] - testResultPath = D:\BankersDashboard/TestReports/Test Results_BankersDashBoard_020216_183654_IE10_First Bank.xls
[DEBUG][2016-02-02 18:37:24,432][com.java.ImportnExport.ExportTestResultsExcel] [  223] - browser is------------IE10
[DEBUG][2016-02-02 18:37:24,478][com.java.ImportnExport.ExportTestResultsExcel] [  270] - result.size() = 18
[DEBUG][2016-02-02 18:37:24,478][com.java.ImportnExport.ExportTestResultsExcel] [  274] - No of rows in sheet=1
[DEBUG][2016-02-02 18:37:24,478][com.java.ImportnExport.ExportTestResultsExcel] [  301] - ..in export..1
[DEBUG][2016-02-02 18:37:24,478][com.java.ImportnExport.ExportTestResultsExcel] [  301] - ..in export..Valid Login
[DEBUG][2016-02-02 18:37:24,478][com.java.ImportnExport.ExportTestResultsExcel] [  301] - ..in export..Pass
[DEBUG][2016-02-02 18:37:24,478][com.java.ImportnExport.ExportTestResultsExcel] [  301] - ..in export..
[DEBUG][2016-02-02 18:37:24,478][com.java.ImportnExport.ExportTestResultsExcel] [  301] - ..in export..Tue Feb 02 18:37:22 IST 2016
[INFO ][2016-02-02 18:37:24,481][com.java.SeleniumDriver] [ 1337] - out loop:0 size:2 TestCases:[1, 30] testcases:[1, 30]
[INFO ][2016-02-02 18:37:24,481][com.java.ImportnExport.ImportTestDataDetailsExcel] [   49] - test data details path===== D:\BankersDashboard\TestInputs\TestData.xls
[INFO ][2016-02-02 18:37:50,503][com.java.SeleniumDriver] [  856] - ------------------------------------------
[INFO ][2016-02-02 18:37:50,503][com.java.SeleniumDriver] [  857] - Test case being Executed: 30
[INFO ][2016-02-02 18:37:50,503][com.java.SeleniumDriver] [  869] - Test step:1
[INFO ][2016-02-02 18:37:50,503][com.java.SeleniumDriver] [  881] - Datavalue is----------dt:Logout
[INFO ][2016-02-02 18:37:50,503][com.java.SeleniumDriver] [  905] - DataField : BTN
[INFO ][2016-02-02 18:37:50,503][com.java.SeleniumDriver] [  907] - DataValue : dt:Logout
[INFO ][2016-02-02 18:37:50,503][com.java.SeleniumDriver] [  913] - <In Set values of the page>
[INFO ][2016-02-02 18:37:50,503][com.java.SeleniumDriver] [  916] - {Data Fields & Data Values Exist}
[INFO ][2016-02-02 18:37:50,503][com.java.SeleniumDriver] [  918] - --------------------------setting values-----------------------------
[INFO ][2016-02-02 18:37:50,503][com.java.SeleniumDriver] [  921] - Action Type : Verify
[INFO ][2016-02-02 18:37:50,503][com.java.TestType] [ 8164] - field= BTN value= dt:Logout
[INFO ][2016-02-02 18:37:50,504][com.java.TestType] [ 6562] - value = btnLogout
[INFO ][2016-02-02 18:37:53,333][com.java.SeleniumDriver] [  930] -  RESULT true
[INFO ][2016-02-02 18:37:53,333][com.java.SeleniumDriver] [ 1136] - ?   P A S S   ?
[INFO ][2016-02-02 18:37:53,333][com.java.SeleniumDriver] [ 1178] - step change to 3
[INFO ][2016-02-02 18:37:53,334][com.java.SeleniumDriver] [  856] - ------------------------------------------
[INFO ][2016-02-02 18:37:53,334][com.java.SeleniumDriver] [  857] - Test case being Executed: 30
[INFO ][2016-02-02 18:37:53,334][com.java.SeleniumDriver] [  869] - Test step:3
[INFO ][2016-02-02 18:37:53,334][com.java.SeleniumDriver] [  881] - Datavalue is----------Concept#2:1-2
[INFO ][2016-02-02 18:37:53,334][com.java.SeleniumDriver] [  905] - DataField : test
[INFO ][2016-02-02 18:37:53,334][com.java.SeleniumDriver] [  907] - DataValue : Concept#2:1-2
[INFO ][2016-02-02 18:37:53,334][com.java.SeleniumDriver] [  913] - <In Set values of the page>
[INFO ][2016-02-02 18:37:53,334][com.java.SeleniumDriver] [  916] - {Data Fields & Data Values Exist}
[INFO ][2016-02-02 18:37:53,334][com.java.SeleniumDriver] [  918] - --------------------------setting values-----------------------------
[INFO ][2016-02-02 18:37:53,334][com.java.SeleniumDriver] [  921] - Action Type : ExecuteTestCase
[INFO ][2016-02-02 18:37:53,334][com.java.TestType] [  448] - The Concept sheet name is ---------- Concept
[INFO ][2016-02-02 18:37:53,334][com.java.TestType] [  451] - The Concept ID  is ---------- 2
[DEBUG][2016-02-02 18:37:53,334][com.java.TestType] [  455] - Steps being executted in the Concept are: 1:2
[INFO ][2016-02-02 18:37:53,335][com.java.TestType] [  462] - Test data details path ---------- D:\BankersDashboard\TestInputs\TestData.xls
[INFO ][2016-02-02 18:37:53,364][com.java.TestType] [  493] -  str(1) = 2
[INFO ][2016-02-02 18:37:53,364][com.java.TestType] [  496] - Test case Id is---2
[INFO ][2016-02-02 18:37:53,364][com.java.TestType] [  498] - 2
[INFO ][2016-02-02 18:37:53,364][com.java.TestType] [  493] -  str(2) = 1
[INFO ][2016-02-02 18:37:53,365][com.java.TestType] [  493] -  str(1) = 2
[INFO ][2016-02-02 18:37:53,365][com.java.TestType] [  496] - Test case Id is---2
[INFO ][2016-02-02 18:37:53,365][com.java.TestType] [  498] - 2
[INFO ][2016-02-02 18:37:53,365][com.java.TestType] [  493] -  str(2) = 2
[INFO ][2016-02-02 18:37:53,366][com.java.TestType] [  493] -  str(1) = 2
[INFO ][2016-02-02 18:37:53,366][com.java.TestType] [  496] - Test case Id is---2
[INFO ][2016-02-02 18:37:53,366][com.java.TestType] [  498] - 2
[INFO ][2016-02-02 18:37:53,366][com.java.TestType] [  493] -  str(2) = 3
[INFO ][2016-02-02 18:37:53,367][com.java.TestType] [11859] - Looping 1TCID = 2
[DEBUG][2016-02-02 18:37:53,367][com.java.TestType] [11900] - Concept ID:2 :: Step being Executed: 2::1
[INFO ][2016-02-02 18:37:53,367][com.java.TestType] [11938] - dataFields : BNK//select[@id='bank']
[DEBUG][2016-02-02 18:37:53,367][com.java.TestType] [11944] - <In Set values of the page>
[DEBUG][2016-02-02 18:37:53,367][com.java.TestType] [11949] - {Data Fields & Data Values Exist}
[INFO ][2016-02-02 18:37:53,367][com.java.TestType] [11955] - --------------------------setting values-----------------------------
[INFO ][2016-02-02 18:37:53,367][com.java.TestType] [11958] - Action Type : Select
[INFO ][2016-02-02 18:37:53,368][com.java.TestType] [ 6562] - value = PFC
[INFO ][2016-02-02 18:37:54,017][com.java.TestType] [11977] -  RESULT true
[INFO ][2016-02-02 18:37:54,017][com.java.TestType] [12094] - ?   P A S S   ?
[DEBUG][2016-02-02 18:37:54,017][com.java.TestType] [11900] - Concept ID:2 :: Step being Executed: 2::2
[INFO ][2016-02-02 18:37:54,017][com.java.TestType] [11938] - dataFields : BTNbtnLogout
[DEBUG][2016-02-02 18:37:54,017][com.java.TestType] [11944] - <In Set values of the page>
[DEBUG][2016-02-02 18:37:54,017][com.java.TestType] [11949] - {Data Fields & Data Values Exist}
[INFO ][2016-02-02 18:37:54,018][com.java.TestType] [11955] - --------------------------setting values-----------------------------
[INFO ][2016-02-02 18:37:54,018][com.java.TestType] [11958] - Action Type : WaitForElement
[INFO ][2016-02-02 18:37:55,432][com.java.TestType] [11977] -  RESULT true
[INFO ][2016-02-02 18:37:55,433][com.java.TestType] [12094] - ?   P A S S   ?
[INFO ][2016-02-02 18:37:55,433][com.java.TestType] [12165] - Looping End......
[INFO ][2016-02-02 18:37:55,436][com.java.SeleniumDriver] [  930] -  RESULT true
[INFO ][2016-02-02 18:37:55,436][com.java.SeleniumDriver] [ 1136] - ?   P A S S   ?
[INFO ][2016-02-02 18:37:55,436][com.java.SeleniumDriver] [  856] - ------------------------------------------
[INFO ][2016-02-02 18:37:55,436][com.java.SeleniumDriver] [  857] - Test case being Executed: 30
[INFO ][2016-02-02 18:37:55,436][com.java.SeleniumDriver] [  869] - Test step:4
[INFO ][2016-02-02 18:37:55,437][com.java.SeleniumDriver] [  881] - Datavalue is----------2
[INFO ][2016-02-02 18:37:55,437][com.java.SeleniumDriver] [  905] - DataField : BTNG/L
[INFO ][2016-02-02 18:37:55,437][com.java.SeleniumDriver] [  907] - DataValue : 2
[INFO ][2016-02-02 18:37:55,437][com.java.SeleniumDriver] [  913] - <In Set values of the page>
[INFO ][2016-02-02 18:37:55,437][com.java.SeleniumDriver] [  916] - {Data Fields & Data Values Exist}
[INFO ][2016-02-02 18:37:55,437][com.java.SeleniumDriver] [  918] - --------------------------setting values-----------------------------
[INFO ][2016-02-02 18:37:55,437][com.java.SeleniumDriver] [  921] - Action Type : WAITFORELEMENT
[INFO ][2016-02-02 18:37:55,542][com.java.SeleniumDriver] [  930] -  RESULT true
[INFO ][2016-02-02 18:37:55,542][com.java.SeleniumDriver] [ 1136] - ?   P A S S   ?
[INFO ][2016-02-02 18:37:55,542][com.java.SeleniumDriver] [  856] - ------------------------------------------
[INFO ][2016-02-02 18:37:55,542][com.java.SeleniumDriver] [  857] - Test case being Executed: 30
[INFO ][2016-02-02 18:37:55,542][com.java.SeleniumDriver] [  869] - Test step:5
[INFO ][2016-02-02 18:37:55,542][com.java.SeleniumDriver] [  881] - Datavalue is----------2
[INFO ][2016-02-02 18:37:55,543][com.java.SeleniumDriver] [  905] - DataField : BTNG/L
[INFO ][2016-02-02 18:37:55,543][com.java.SeleniumDriver] [  907] - DataValue : 2
[INFO ][2016-02-02 18:37:55,543][com.java.SeleniumDriver] [  913] - <In Set values of the page>
[INFO ][2016-02-02 18:37:55,543][com.java.SeleniumDriver] [  916] - {Data Fields & Data Values Exist}
[INFO ][2016-02-02 18:37:55,543][com.java.SeleniumDriver] [  918] - --------------------------setting values-----------------------------
[INFO ][2016-02-02 18:37:55,543][com.java.SeleniumDriver] [  921] - Action Type : WAITFORELEMENT
[INFO ][2016-02-02 18:37:55,648][com.java.SeleniumDriver] [  930] -  RESULT true
[INFO ][2016-02-02 18:37:55,650][com.java.SeleniumDriver] [ 1136] - ?   P A S S   ?
[INFO ][2016-02-02 18:37:55,650][com.java.SeleniumDriver] [  856] - ------------------------------------------
[INFO ][2016-02-02 18:37:55,650][com.java.SeleniumDriver] [  857] - Test case being Executed: 30
[INFO ][2016-02-02 18:37:55,650][com.java.SeleniumDriver] [  869] - Test step:6
[INFO ][2016-02-02 18:37:55,650][com.java.SeleniumDriver] [  881] - Datavalue is----------null
[DEBUG][2016-02-02 18:37:55,650][com.java.SeleniumDriver] [  899] - Exception: null
[INFO ][2016-02-02 18:37:55,650][com.java.SeleniumDriver] [  905] - DataField : //span[@class='icon-user4']&&//ul[@id='Admin']/li[2]/a/span[2]&&//a[@data-id='OffBalItems']
[INFO ][2016-02-02 18:37:55,650][com.java.SeleniumDriver] [  907] - DataValue : 
[INFO ][2016-02-02 18:37:55,650][com.java.SeleniumDriver] [  913] - <In Set values of the page>
[INFO ][2016-02-02 18:37:55,650][com.java.SeleniumDriver] [  916] - {Data Fields & Data Values Exist}
[INFO ][2016-02-02 18:37:55,650][com.java.SeleniumDriver] [  918] - --------------------------setting values-----------------------------
[INFO ][2016-02-02 18:37:55,651][com.java.SeleniumDriver] [  921] - Action Type : MOUSEOVER
[INFO ][2016-02-02 18:38:42,141][com.java.SeleniumDriver] [  930] -  RESULT true
[INFO ][2016-02-02 18:38:42,141][com.java.SeleniumDriver] [ 1136] - ?   P A S S   ?
[INFO ][2016-02-02 18:38:42,141][com.java.SeleniumDriver] [  856] - ------------------------------------------
[INFO ][2016-02-02 18:38:42,141][com.java.SeleniumDriver] [  857] - Test case being Executed: 30
[INFO ][2016-02-02 18:38:42,141][com.java.SeleniumDriver] [  869] - Test step:7
[INFO ][2016-02-02 18:38:42,141][com.java.SeleniumDriver] [  881] - Datavalue is----------null
[DEBUG][2016-02-02 18:38:42,141][com.java.SeleniumDriver] [  899] - Exception: null
[INFO ][2016-02-02 18:38:42,142][com.java.SeleniumDriver] [  905] - DataField : BTNclass=frameTabContent
[INFO ][2016-02-02 18:38:42,142][com.java.SeleniumDriver] [  907] - DataValue : 
[INFO ][2016-02-02 18:38:42,142][com.java.SeleniumDriver] [  913] - <In Set values of the page>
[INFO ][2016-02-02 18:38:42,142][com.java.SeleniumDriver] [  916] - {Data Fields & Data Values Exist}
[INFO ][2016-02-02 18:38:42,142][com.java.SeleniumDriver] [  918] - --------------------------setting values-----------------------------
[INFO ][2016-02-02 18:38:42,142][com.java.SeleniumDriver] [  921] - Action Type : SELECTFRAME
[INFO ][2016-02-02 18:38:42,289][com.java.SeleniumDriver] [  930] -  RESULT true
[INFO ][2016-02-02 18:38:42,289][com.java.SeleniumDriver] [ 1136] - ?   P A S S   ?
[INFO ][2016-02-02 18:38:42,289][com.java.SeleniumDriver] [  856] - ------------------------------------------
[INFO ][2016-02-02 18:38:42,289][com.java.SeleniumDriver] [  857] - Test case being Executed: 30
[INFO ][2016-02-02 18:38:42,289][com.java.SeleniumDriver] [  869] - Test step:8
[INFO ][2016-02-02 18:38:42,289][com.java.SeleniumDriver] [  881] - Datavalue is----------3
[INFO ][2016-02-02 18:38:42,289][com.java.SeleniumDriver] [  905] - DataField : BTN//input[@type='submit' and @value='Save']
[INFO ][2016-02-02 18:38:42,290][com.java.SeleniumDriver] [  907] - DataValue : 3
[INFO ][2016-02-02 18:38:42,290][com.java.SeleniumDriver] [  913] - <In Set values of the page>
[INFO ][2016-02-02 18:38:42,290][com.java.SeleniumDriver] [  916] - {Data Fields & Data Values Exist}
[INFO ][2016-02-02 18:38:42,290][com.java.SeleniumDriver] [  918] - --------------------------setting values-----------------------------
[INFO ][2016-02-02 18:38:42,290][com.java.SeleniumDriver] [  921] - Action Type : WAITFORELEMENT
[INFO ][2016-02-02 18:38:42,315][com.java.SeleniumDriver] [  930] -  RESULT true
[INFO ][2016-02-02 18:38:42,315][com.java.SeleniumDriver] [ 1136] - ?   P A S S   ?
[INFO ][2016-02-02 18:38:42,315][com.java.SeleniumDriver] [  856] - ------------------------------------------
[INFO ][2016-02-02 18:38:42,315][com.java.SeleniumDriver] [  857] - Test case being Executed: 30
[INFO ][2016-02-02 18:38:42,315][com.java.SeleniumDriver] [  869] - Test step:9
[INFO ][2016-02-02 18:38:42,315][com.java.SeleniumDriver] [  881] - Datavalue is----------Item
[INFO ][2016-02-02 18:38:42,315][com.java.SeleniumDriver] [  905] - DataField : MSG
[INFO ][2016-02-02 18:38:42,315][com.java.SeleniumDriver] [  907] - DataValue : Item
[INFO ][2016-02-02 18:38:42,315][com.java.SeleniumDriver] [  913] - <In Set values of the page>
[INFO ][2016-02-02 18:38:42,316][com.java.SeleniumDriver] [  916] - {Data Fields & Data Values Exist}
[INFO ][2016-02-02 18:38:42,316][com.java.SeleniumDriver] [  918] - --------------------------setting values-----------------------------
[INFO ][2016-02-02 18:38:42,316][com.java.SeleniumDriver] [  921] - Action Type : verify
[INFO ][2016-02-02 18:38:42,316][com.java.TestType] [ 8164] - field= MSG value= Item
[INFO ][2016-02-02 18:38:42,316][com.java.TestType] [ 6562] - value = Item
[DEBUG][2016-02-02 18:38:42,316][com.java.TestType] [ 9027] - value :: Item
[INFO ][2016-02-02 18:38:42,332][com.java.SeleniumDriver] [  930] -  RESULT true
[INFO ][2016-02-02 18:38:42,332][com.java.SeleniumDriver] [ 1136] - ?   P A S S   ?
[INFO ][2016-02-02 18:38:42,334][com.java.SeleniumDriver] [  856] - ------------------------------------------
[INFO ][2016-02-02 18:38:42,334][com.java.SeleniumDriver] [  857] - Test case being Executed: 30
[INFO ][2016-02-02 18:38:42,334][com.java.SeleniumDriver] [  869] - Test step:10
[INFO ][2016-02-02 18:38:42,334][com.java.SeleniumDriver] [  881] - Datavalue is----------Conversion
[INFO ][2016-02-02 18:38:42,334][com.java.SeleniumDriver] [  905] - DataField : MSG
[INFO ][2016-02-02 18:38:42,334][com.java.SeleniumDriver] [  907] - DataValue : Conversion
[INFO ][2016-02-02 18:38:42,334][com.java.SeleniumDriver] [  913] - <In Set values of the page>
[INFO ][2016-02-02 18:38:42,334][com.java.SeleniumDriver] [  916] - {Data Fields & Data Values Exist}
[INFO ][2016-02-02 18:38:42,334][com.java.SeleniumDriver] [  918] - --------------------------setting values-----------------------------
[INFO ][2016-02-02 18:38:42,334][com.java.SeleniumDriver] [  921] - Action Type : verify
[INFO ][2016-02-02 18:38:42,335][com.java.TestType] [ 8164] - field= MSG value= Conversion
[INFO ][2016-02-02 18:38:42,335][com.java.TestType] [ 6562] - value = Conversion
[DEBUG][2016-02-02 18:38:42,335][com.java.TestType] [ 9027] - value :: Conversion
[INFO ][2016-02-02 18:38:42,352][com.java.SeleniumDriver] [  930] -  RESULT true
[INFO ][2016-02-02 18:38:42,352][com.java.SeleniumDriver] [ 1136] - ?   P A S S   ?
[INFO ][2016-02-02 18:38:42,352][com.java.SeleniumDriver] [  856] - ------------------------------------------
[INFO ][2016-02-02 18:38:42,352][com.java.SeleniumDriver] [  857] - Test case being Executed: 30
[INFO ][2016-02-02 18:38:42,352][com.java.SeleniumDriver] [  869] - Test step:11
[INFO ][2016-02-02 18:38:42,352][com.java.SeleniumDriver] [  881] - Datavalue is----------Risk
[INFO ][2016-02-02 18:38:42,352][com.java.SeleniumDriver] [  905] - DataField : MSG
[INFO ][2016-02-02 18:38:42,352][com.java.SeleniumDriver] [  907] - DataValue : Risk
[INFO ][2016-02-02 18:38:42,353][com.java.SeleniumDriver] [  913] - <In Set values of the page>
[INFO ][2016-02-02 18:38:42,353][com.java.SeleniumDriver] [  916] - {Data Fields & Data Values Exist}
[INFO ][2016-02-02 18:38:42,353][com.java.SeleniumDriver] [  918] - --------------------------setting values-----------------------------
[INFO ][2016-02-02 18:38:42,353][com.java.SeleniumDriver] [  921] - Action Type : verify
[INFO ][2016-02-02 18:38:42,353][com.java.TestType] [ 8164] - field= MSG value= Risk
[INFO ][2016-02-02 18:38:42,353][com.java.TestType] [ 6562] - value = Risk
[DEBUG][2016-02-02 18:38:42,353][com.java.TestType] [ 9027] - value :: Risk
[INFO ][2016-02-02 18:38:42,370][com.java.SeleniumDriver] [  930] -  RESULT true
[INFO ][2016-02-02 18:38:42,370][com.java.SeleniumDriver] [ 1136] - ?   P A S S   ?
[INFO ][2016-02-02 18:38:42,370][com.java.SeleniumDriver] [  856] - ------------------------------------------
[INFO ][2016-02-02 18:38:42,370][com.java.SeleniumDriver] [  857] - Test case being Executed: 30
[INFO ][2016-02-02 18:38:42,370][com.java.SeleniumDriver] [  869] - Test step:12
[INFO ][2016-02-02 18:38:42,370][com.java.SeleniumDriver] [  881] - Datavalue is----------null
[DEBUG][2016-02-02 18:38:42,370][com.java.SeleniumDriver] [  899] - Exception: null
[INFO ][2016-02-02 18:38:42,371][com.java.SeleniumDriver] [  905] - DataField : BTNParent
[INFO ][2016-02-02 18:38:42,371][com.java.SeleniumDriver] [  907] - DataValue : 
[INFO ][2016-02-02 18:38:42,371][com.java.SeleniumDriver] [  913] - <In Set values of the page>
[INFO ][2016-02-02 18:38:42,371][com.java.SeleniumDriver] [  916] - {Data Fields & Data Values Exist}
[INFO ][2016-02-02 18:38:42,371][com.java.SeleniumDriver] [  918] - --------------------------setting values-----------------------------
[INFO ][2016-02-02 18:38:42,371][com.java.SeleniumDriver] [  921] - Action Type : SELECTFRAME
[INFO ][2016-02-02 18:38:42,386][com.java.SeleniumDriver] [  930] -  RESULT true
[INFO ][2016-02-02 18:38:42,386][com.java.SeleniumDriver] [ 1136] - ?   P A S S   ?
[INFO ][2016-02-02 18:38:42,386][com.java.SeleniumDriver] [  856] - ------------------------------------------
[INFO ][2016-02-02 18:38:42,386][com.java.SeleniumDriver] [  857] - Test case being Executed: 30
[INFO ][2016-02-02 18:38:42,386][com.java.SeleniumDriver] [  869] - Test step:13
[INFO ][2016-02-02 18:38:42,386][com.java.SeleniumDriver] [  881] - Datavalue is----------null
[DEBUG][2016-02-02 18:38:42,386][com.java.SeleniumDriver] [  899] - Exception: null
[INFO ][2016-02-02 18:38:42,386][com.java.SeleniumDriver] [  905] - DataField : //span[@class='icon-user4']&&//a[text()='Manage Data']&&//a[@data-id="MemoFields"]
[INFO ][2016-02-02 18:38:42,386][com.java.SeleniumDriver] [  907] - DataValue : 
[INFO ][2016-02-02 18:38:42,386][com.java.SeleniumDriver] [  913] - <In Set values of the page>
[INFO ][2016-02-02 18:38:42,386][com.java.SeleniumDriver] [  916] - {Data Fields & Data Values Exist}
[INFO ][2016-02-02 18:38:42,387][com.java.SeleniumDriver] [  918] - --------------------------setting values-----------------------------
[INFO ][2016-02-02 18:38:42,387][com.java.SeleniumDriver] [  921] - Action Type : MOUSEOVER
[INFO ][2016-02-02 18:39:11,336][com.java.SeleniumDriver] [  930] -  RESULT true
[INFO ][2016-02-02 18:39:11,336][com.java.SeleniumDriver] [ 1136] - ?   P A S S   ?
[INFO ][2016-02-02 18:39:11,336][com.java.SeleniumDriver] [  856] - ------------------------------------------
[INFO ][2016-02-02 18:39:11,336][com.java.SeleniumDriver] [  857] - Test case being Executed: 30
[INFO ][2016-02-02 18:39:11,336][com.java.SeleniumDriver] [  869] - Test step:14
[INFO ][2016-02-02 18:39:11,336][com.java.SeleniumDriver] [  881] - Datavalue is----------1
[INFO ][2016-02-02 18:39:11,336][com.java.SeleniumDriver] [  905] - DataField : BTNclass=frameTabContent
[INFO ][2016-02-02 18:39:11,336][com.java.SeleniumDriver] [  907] - DataValue : 1
[INFO ][2016-02-02 18:39:11,337][com.java.SeleniumDriver] [  913] - <In Set values of the page>
[INFO ][2016-02-02 18:39:11,337][com.java.SeleniumDriver] [  916] - {Data Fields & Data Values Exist}
[INFO ][2016-02-02 18:39:11,337][com.java.SeleniumDriver] [  918] - --------------------------setting values-----------------------------
[INFO ][2016-02-02 18:39:11,337][com.java.SeleniumDriver] [  921] - Action Type : SELECTIFRAMEBYINDEX
[INFO ][2016-02-02 18:39:11,432][com.java.SeleniumDriver] [  930] -  RESULT true
[INFO ][2016-02-02 18:39:11,432][com.java.SeleniumDriver] [ 1136] - ?   P A S S   ?
[INFO ][2016-02-02 18:39:11,432][com.java.SeleniumDriver] [  856] - ------------------------------------------
[INFO ][2016-02-02 18:39:11,432][com.java.SeleniumDriver] [  857] - Test case being Executed: 30
[INFO ][2016-02-02 18:39:11,432][com.java.SeleniumDriver] [  869] - Test step:15
[INFO ][2016-02-02 18:39:11,432][com.java.SeleniumDriver] [  881] - Datavalue is----------3
[INFO ][2016-02-02 18:39:11,432][com.java.SeleniumDriver] [  905] - DataField : BTNsave
[INFO ][2016-02-02 18:39:11,432][com.java.SeleniumDriver] [  907] - DataValue : 3
[INFO ][2016-02-02 18:39:11,432][com.java.SeleniumDriver] [  913] - <In Set values of the page>
[INFO ][2016-02-02 18:39:11,432][com.java.SeleniumDriver] [  916] - {Data Fields & Data Values Exist}
[INFO ][2016-02-02 18:39:11,433][com.java.SeleniumDriver] [  918] - --------------------------setting values-----------------------------
[INFO ][2016-02-02 18:39:11,433][com.java.SeleniumDriver] [  921] - Action Type : WAITFORELEMENT
[INFO ][2016-02-02 18:39:12,795][com.java.SeleniumDriver] [  930] -  RESULT true
[INFO ][2016-02-02 18:39:12,795][com.java.SeleniumDriver] [ 1136] - ?   P A S S   ?
[INFO ][2016-02-02 18:39:12,795][com.java.SeleniumDriver] [  856] - ------------------------------------------
[INFO ][2016-02-02 18:39:12,795][com.java.SeleniumDriver] [  857] - Test case being Executed: 30
[INFO ][2016-02-02 18:39:12,796][com.java.SeleniumDriver] [  869] - Test step:16
[INFO ][2016-02-02 18:39:12,796][com.java.SeleniumDriver] [  881] - Datavalue is----------Capital
[INFO ][2016-02-02 18:39:12,796][com.java.SeleniumDriver] [  905] - DataField : MSG
[INFO ][2016-02-02 18:39:12,796][com.java.SeleniumDriver] [  907] - DataValue : Capital
[INFO ][2016-02-02 18:39:12,796][com.java.SeleniumDriver] [  913] - <In Set values of the page>
[INFO ][2016-02-02 18:39:12,796][com.java.SeleniumDriver] [  916] - {Data Fields & Data Values Exist}
[INFO ][2016-02-02 18:39:12,796][com.java.SeleniumDriver] [  918] - --------------------------setting values-----------------------------
[INFO ][2016-02-02 18:39:12,796][com.java.SeleniumDriver] [  921] - Action Type : verify
[INFO ][2016-02-02 18:39:12,796][com.java.TestType] [ 8164] - field= MSG value= Capital
[INFO ][2016-02-02 18:39:12,796][com.java.TestType] [ 6562] - value = Capital
[DEBUG][2016-02-02 18:39:12,796][com.java.TestType] [ 9027] - value :: Capital
[INFO ][2016-02-02 18:39:12,988][com.java.SeleniumDriver] [  930] -  RESULT true
[INFO ][2016-02-02 18:39:12,988][com.java.SeleniumDriver] [ 1136] - ?   P A S S   ?
[INFO ][2016-02-02 18:39:12,988][com.java.SeleniumDriver] [  856] - ------------------------------------------
[INFO ][2016-02-02 18:39:12,988][com.java.SeleniumDriver] [  857] - Test case being Executed: 30
[INFO ][2016-02-02 18:39:12,988][com.java.SeleniumDriver] [  869] - Test step:17
[INFO ][2016-02-02 18:39:12,988][com.java.SeleniumDriver] [  881] - Datavalue is----------Regulatory
[INFO ][2016-02-02 18:39:12,988][com.java.SeleniumDriver] [  905] - DataField : MSG
[INFO ][2016-02-02 18:39:12,988][com.java.SeleniumDriver] [  907] - DataValue : Regulatory
[INFO ][2016-02-02 18:39:12,989][com.java.SeleniumDriver] [  913] - <In Set values of the page>
[INFO ][2016-02-02 18:39:12,989][com.java.SeleniumDriver] [  916] - {Data Fields & Data Values Exist}
[INFO ][2016-02-02 18:39:12,990][com.java.SeleniumDriver] [  918] - --------------------------setting values-----------------------------
[INFO ][2016-02-02 18:39:12,990][com.java.SeleniumDriver] [  921] - Action Type : verify
[INFO ][2016-02-02 18:39:12,990][com.java.TestType] [ 8164] - field= MSG value= Regulatory
[INFO ][2016-02-02 18:39:12,990][com.java.TestType] [ 6562] - value = Regulatory
[DEBUG][2016-02-02 18:39:12,990][com.java.TestType] [ 9027] - value :: Regulatory
[INFO ][2016-02-02 18:39:13,122][com.java.SeleniumDriver] [  930] -  RESULT true
[INFO ][2016-02-02 18:39:13,122][com.java.SeleniumDriver] [ 1136] - ?   P A S S   ?
[INFO ][2016-02-02 18:39:13,122][com.java.SeleniumDriver] [  856] - ------------------------------------------
[INFO ][2016-02-02 18:39:13,123][com.java.SeleniumDriver] [  857] - Test case being Executed: 30
[INFO ][2016-02-02 18:39:13,123][com.java.SeleniumDriver] [  869] - Test step:18
[INFO ][2016-02-02 18:39:13,123][com.java.SeleniumDriver] [  881] - Datavalue is----------BASEL III
[INFO ][2016-02-02 18:39:13,123][com.java.SeleniumDriver] [  905] - DataField : MSG
[INFO ][2016-02-02 18:39:13,123][com.java.SeleniumDriver] [  907] - DataValue : BASEL III
[INFO ][2016-02-02 18:39:13,123][com.java.SeleniumDriver] [  913] - <In Set values of the page>
[INFO ][2016-02-02 18:39:13,123][com.java.SeleniumDriver] [  916] - {Data Fields & Data Values Exist}
[INFO ][2016-02-02 18:39:13,123][com.java.SeleniumDriver] [  918] - --------------------------setting values-----------------------------
[INFO ][2016-02-02 18:39:13,123][com.java.SeleniumDriver] [  921] - Action Type : verify
[INFO ][2016-02-02 18:39:13,123][com.java.TestType] [ 8164] - field= MSG value= BASEL III
[INFO ][2016-02-02 18:39:13,123][com.java.TestType] [ 6562] - value = BASEL III
[DEBUG][2016-02-02 18:39:13,123][com.java.TestType] [ 9027] - value :: BASEL III
[INFO ][2016-02-02 18:39:13,324][com.java.SeleniumDriver] [  930] -  RESULT true
[INFO ][2016-02-02 18:39:13,325][com.java.SeleniumDriver] [ 1136] - ?   P A S S   ?
[INFO ][2016-02-02 18:39:13,325][com.java.SeleniumDriver] [  856] - ------------------------------------------
[INFO ][2016-02-02 18:39:13,325][com.java.SeleniumDriver] [  857] - Test case being Executed: 30
[INFO ][2016-02-02 18:39:13,325][com.java.SeleniumDriver] [  869] - Test step:19
[INFO ][2016-02-02 18:39:13,325][com.java.SeleniumDriver] [  881] - Datavalue is----------Executive
[INFO ][2016-02-02 18:39:13,325][com.java.SeleniumDriver] [  905] - DataField : MSG
[INFO ][2016-02-02 18:39:13,325][com.java.SeleniumDriver] [  907] - DataValue : Executive
[INFO ][2016-02-02 18:39:13,325][com.java.SeleniumDriver] [  913] - <In Set values of the page>
[INFO ][2016-02-02 18:39:13,325][com.java.SeleniumDriver] [  916] - {Data Fields & Data Values Exist}
[INFO ][2016-02-02 18:39:13,325][com.java.SeleniumDriver] [  918] - --------------------------setting values-----------------------------
[INFO ][2016-02-02 18:39:13,325][com.java.SeleniumDriver] [  921] - Action Type : verify
[INFO ][2016-02-02 18:39:13,325][com.java.TestType] [ 8164] - field= MSG value= Executive
[INFO ][2016-02-02 18:39:13,325][com.java.TestType] [ 6562] - value = Executive
[DEBUG][2016-02-02 18:39:13,325][com.java.TestType] [ 9027] - value :: Executive
[INFO ][2016-02-02 18:39:13,494][com.java.SeleniumDriver] [  930] -  RESULT true
[INFO ][2016-02-02 18:39:13,495][com.java.SeleniumDriver] [ 1136] - ?   P A S S   ?
[INFO ][2016-02-02 18:39:13,495][com.java.SeleniumDriver] [  856] - ------------------------------------------
[INFO ][2016-02-02 18:39:13,495][com.java.SeleniumDriver] [  857] - Test case being Executed: 30
[INFO ][2016-02-02 18:39:13,495][com.java.SeleniumDriver] [  869] - Test step:20
[INFO ][2016-02-02 18:39:13,495][com.java.SeleniumDriver] [  881] - Datavalue is----------Other
[INFO ][2016-02-02 18:39:13,495][com.java.SeleniumDriver] [  905] - DataField : MSG
[INFO ][2016-02-02 18:39:13,495][com.java.SeleniumDriver] [  907] - DataValue : Other
[INFO ][2016-02-02 18:39:13,495][com.java.SeleniumDriver] [  913] - <In Set values of the page>
[INFO ][2016-02-02 18:39:13,495][com.java.SeleniumDriver] [  916] - {Data Fields & Data Values Exist}
[INFO ][2016-02-02 18:39:13,495][com.java.SeleniumDriver] [  918] - --------------------------setting values-----------------------------
[INFO ][2016-02-02 18:39:13,495][com.java.SeleniumDriver] [  921] - Action Type : verify
[INFO ][2016-02-02 18:39:13,495][com.java.TestType] [ 8164] - field= MSG value= Other
[INFO ][2016-02-02 18:39:13,495][com.java.TestType] [ 6562] - value = Other
[DEBUG][2016-02-02 18:39:13,496][com.java.TestType] [ 9027] - value :: Other
[INFO ][2016-02-02 18:39:13,685][com.java.SeleniumDriver] [  930] -  RESULT true
[INFO ][2016-02-02 18:39:13,685][com.java.SeleniumDriver] [ 1136] - ?   P A S S   ?
[INFO ][2016-02-02 18:39:13,686][com.java.SeleniumDriver] [  856] - ------------------------------------------
[INFO ][2016-02-02 18:39:13,686][com.java.SeleniumDriver] [  857] - Test case being Executed: 30
[INFO ][2016-02-02 18:39:13,686][com.java.SeleniumDriver] [  869] - Test step:21
[INFO ][2016-02-02 18:39:13,686][com.java.SeleniumDriver] [  881] - Datavalue is----------Rated Loans
[INFO ][2016-02-02 18:39:13,686][com.java.SeleniumDriver] [  905] - DataField : MSG
[INFO ][2016-02-02 18:39:13,686][com.java.SeleniumDriver] [  907] - DataValue : Rated Loans
[INFO ][2016-02-02 18:39:13,686][com.java.SeleniumDriver] [  913] - <In Set values of the page>
[INFO ][2016-02-02 18:39:13,686][com.java.SeleniumDriver] [  916] - {Data Fields & Data Values Exist}
[INFO ][2016-02-02 18:39:13,686][com.java.SeleniumDriver] [  918] - --------------------------setting values-----------------------------
[INFO ][2016-02-02 18:39:13,686][com.java.SeleniumDriver] [  921] - Action Type : verify
[INFO ][2016-02-02 18:39:13,686][com.java.TestType] [ 8164] - field= MSG value= Rated Loans
[INFO ][2016-02-02 18:39:13,686][com.java.TestType] [ 6562] - value = Rated Loans
[DEBUG][2016-02-02 18:39:13,686][com.java.TestType] [ 9027] - value :: Rated Loans
[INFO ][2016-02-02 18:39:13,873][com.java.SeleniumDriver] [  930] -  RESULT true
[INFO ][2016-02-02 18:39:13,873][com.java.SeleniumDriver] [ 1136] - ?   P A S S   ?
[INFO ][2016-02-02 18:39:13,873][com.java.SeleniumDriver] [  856] - ------------------------------------------
[INFO ][2016-02-02 18:39:13,873][com.java.SeleniumDriver] [  857] - Test case being Executed: 30
[INFO ][2016-02-02 18:39:13,873][com.java.SeleniumDriver] [  869] - Test step:22
[INFO ][2016-02-02 18:39:13,874][com.java.SeleniumDriver] [  881] - Datavalue is----------null
[DEBUG][2016-02-02 18:39:13,874][com.java.SeleniumDriver] [  899] - Exception: null
[INFO ][2016-02-02 18:39:13,874][com.java.SeleniumDriver] [  905] - DataField : BTNParent
[INFO ][2016-02-02 18:39:13,874][com.java.SeleniumDriver] [  907] - DataValue : 
[INFO ][2016-02-02 18:39:13,874][com.java.SeleniumDriver] [  913] - <In Set values of the page>
[INFO ][2016-02-02 18:39:13,874][com.java.SeleniumDriver] [  916] - {Data Fields & Data Values Exist}
[INFO ][2016-02-02 18:39:13,874][com.java.SeleniumDriver] [  918] - --------------------------setting values-----------------------------
[INFO ][2016-02-02 18:39:13,874][com.java.SeleniumDriver] [  921] - Action Type : SELECTFRAME
[INFO ][2016-02-02 18:39:13,889][com.java.SeleniumDriver] [  930] -  RESULT true
[INFO ][2016-02-02 18:39:13,889][com.java.SeleniumDriver] [ 1136] - ?   P A S S   ?
[INFO ][2016-02-02 18:39:13,890][com.java.SeleniumDriver] [  856] - ------------------------------------------
[INFO ][2016-02-02 18:39:13,890][com.java.SeleniumDriver] [  857] - Test case being Executed: 30
[INFO ][2016-02-02 18:39:13,890][com.java.SeleniumDriver] [  869] - Test step:23
[INFO ][2016-02-02 18:39:13,890][com.java.SeleniumDriver] [  881] - Datavalue is----------null
[DEBUG][2016-02-02 18:39:13,890][com.java.SeleniumDriver] [  899] - Exception: null
[INFO ][2016-02-02 18:39:13,890][com.java.SeleniumDriver] [  905] - DataField : //span[@class="icon-coin"]&&//a[text()='Capital & Regulatory']&&//a[@data-id="RiskWeightedAssets"]
[INFO ][2016-02-02 18:39:13,890][com.java.SeleniumDriver] [  907] - DataValue : 
[INFO ][2016-02-02 18:39:13,890][com.java.SeleniumDriver] [  913] - <In Set values of the page>
[INFO ][2016-02-02 18:39:13,890][com.java.SeleniumDriver] [  916] - {Data Fields & Data Values Exist}
[INFO ][2016-02-02 18:39:13,890][com.java.SeleniumDriver] [  918] - --------------------------setting values-----------------------------
[INFO ][2016-02-02 18:39:13,890][com.java.SeleniumDriver] [  921] - Action Type : MOUSEOVER
[INFO ][2016-02-02 18:39:43,007][com.java.SeleniumDriver] [  930] -  RESULT true
[INFO ][2016-02-02 18:39:43,007][com.java.SeleniumDriver] [ 1136] - ?   P A S S   ?
[INFO ][2016-02-02 18:39:43,007][com.java.SeleniumDriver] [  856] - ------------------------------------------
[INFO ][2016-02-02 18:39:43,007][com.java.SeleniumDriver] [  857] - Test case being Executed: 30
[INFO ][2016-02-02 18:39:43,007][com.java.SeleniumDriver] [  869] - Test step:24
[INFO ][2016-02-02 18:39:43,007][com.java.SeleniumDriver] [  881] - Datavalue is----------null
[DEBUG][2016-02-02 18:39:43,008][com.java.SeleniumDriver] [  899] - Exception: null
[INFO ][2016-02-02 18:39:43,008][com.java.SeleniumDriver] [  905] - DataField : BTN//span[contains(text(),'Show Report')]
[INFO ][2016-02-02 18:39:43,008][com.java.SeleniumDriver] [  907] - DataValue : 
[INFO ][2016-02-02 18:39:43,008][com.java.SeleniumDriver] [  913] - <In Set values of the page>
[INFO ][2016-02-02 18:39:43,008][com.java.SeleniumDriver] [  916] - {Data Fields & Data Values Exist}
[INFO ][2016-02-02 18:39:43,008][com.java.SeleniumDriver] [  918] - --------------------------setting values-----------------------------
[INFO ][2016-02-02 18:39:43,008][com.java.SeleniumDriver] [  921] - Action Type : click
[INFO ][2016-02-02 18:39:43,008][com.java.TestType] [ 6941] - Field ::BTN//span[contains(text(),'Show Report')]
[INFO ][2016-02-02 18:39:43,008][com.java.TestType] [ 6562] - value = 
[INFO ][2016-02-02 18:39:44,008][com.java.TestType] [ 7093] - BEFORE CLICK
[INFO ][2016-02-02 18:39:44,940][com.java.TestType] [ 7100] - Unable to click the object Show Report Button
[INFO ][2016-02-02 18:39:44,940][com.java.SeleniumDriver] [  930] -  RESULT true
[INFO ][2016-02-02 18:39:44,940][com.java.SeleniumDriver] [ 1136] - ?   P A S S   ?
[INFO ][2016-02-02 18:39:44,940][com.java.SeleniumDriver] [  856] - ------------------------------------------
[INFO ][2016-02-02 18:39:44,940][com.java.SeleniumDriver] [  857] - Test case being Executed: 30
[INFO ][2016-02-02 18:39:44,940][com.java.SeleniumDriver] [  869] - Test step:25
[INFO ][2016-02-02 18:39:44,940][com.java.SeleniumDriver] [  881] - Datavalue is----------3
[INFO ][2016-02-02 18:39:44,940][com.java.SeleniumDriver] [  905] - DataField : XPH//img[@id='loading']
[INFO ][2016-02-02 18:39:44,941][com.java.SeleniumDriver] [  907] - DataValue : 3
[INFO ][2016-02-02 18:39:44,941][com.java.SeleniumDriver] [  913] - <In Set values of the page>
[INFO ][2016-02-02 18:39:44,941][com.java.SeleniumDriver] [  916] - {Data Fields & Data Values Exist}
[INFO ][2016-02-02 18:39:44,941][com.java.SeleniumDriver] [  918] - --------------------------setting values-----------------------------
[INFO ][2016-02-02 18:39:44,941][com.java.SeleniumDriver] [  921] - Action Type : WaitForElement
[INFO ][2016-02-02 18:39:44,977][com.java.SeleniumDriver] [  930] -  RESULT true
[INFO ][2016-02-02 18:39:44,977][com.java.SeleniumDriver] [ 1136] - ?   P A S S   ?
[INFO ][2016-02-02 18:39:44,977][com.java.SeleniumDriver] [  856] - ------------------------------------------
[INFO ][2016-02-02 18:39:44,977][com.java.SeleniumDriver] [  857] - Test case being Executed: 30
[INFO ][2016-02-02 18:39:44,977][com.java.SeleniumDriver] [  869] - Test step:26
[INFO ][2016-02-02 18:39:44,977][com.java.SeleniumDriver] [  881] - Datavalue is----------90
[INFO ][2016-02-02 18:39:44,977][com.java.SeleniumDriver] [  905] - DataField : XPH//img[@id='loading']
[INFO ][2016-02-02 18:39:44,978][com.java.SeleniumDriver] [  907] - DataValue : 90
[INFO ][2016-02-02 18:39:44,978][com.java.SeleniumDriver] [  913] - <In Set values of the page>
[INFO ][2016-02-02 18:39:44,978][com.java.SeleniumDriver] [  916] - {Data Fields & Data Values Exist}
[INFO ][2016-02-02 18:39:44,978][com.java.SeleniumDriver] [  918] - --------------------------setting values-----------------------------
[INFO ][2016-02-02 18:39:44,978][com.java.SeleniumDriver] [  921] - Action Type : waitForElementNotPresent
[INFO ][2016-02-02 18:39:56,159][com.java.SeleniumDriver] [  930] -  RESULT true
[INFO ][2016-02-02 18:39:56,159][com.java.SeleniumDriver] [ 1136] - ?   P A S S   ?
[INFO ][2016-02-02 18:39:56,159][com.java.SeleniumDriver] [  856] - ------------------------------------------
[INFO ][2016-02-02 18:39:56,159][com.java.SeleniumDriver] [  857] - Test case being Executed: 30
[INFO ][2016-02-02 18:39:56,159][com.java.SeleniumDriver] [  869] - Test step:27
[INFO ][2016-02-02 18:39:56,159][com.java.SeleniumDriver] [  881] - Datavalue is----------On Balance Sheet Items
[INFO ][2016-02-02 18:39:56,159][com.java.SeleniumDriver] [  905] - DataField : MSG
[INFO ][2016-02-02 18:39:56,160][com.java.SeleniumDriver] [  907] - DataValue : On Balance Sheet Items
[INFO ][2016-02-02 18:39:56,160][com.java.SeleniumDriver] [  913] - <In Set values of the page>
[INFO ][2016-02-02 18:39:56,160][com.java.SeleniumDriver] [  916] - {Data Fields & Data Values Exist}
[INFO ][2016-02-02 18:39:56,160][com.java.SeleniumDriver] [  918] - --------------------------setting values-----------------------------
[INFO ][2016-02-02 18:39:56,160][com.java.SeleniumDriver] [  921] - Action Type : verify
[INFO ][2016-02-02 18:39:56,160][com.java.TestType] [ 8164] - field= MSG value= On Balance Sheet Items
[INFO ][2016-02-02 18:39:56,160][com.java.TestType] [ 6562] - value = On Balance Sheet Items
[DEBUG][2016-02-02 18:39:56,161][com.java.TestType] [ 9027] - value :: On Balance Sheet Items
[INFO ][2016-02-02 18:39:56,830][com.java.SeleniumDriver] [  930] -  RESULT true
[INFO ][2016-02-02 18:39:56,830][com.java.SeleniumDriver] [ 1136] - ?   P A S S   ?
[INFO ][2016-02-02 18:39:56,831][com.java.SeleniumDriver] [  856] - ------------------------------------------
[INFO ][2016-02-02 18:39:56,831][com.java.SeleniumDriver] [  857] - Test case being Executed: 30
[INFO ][2016-02-02 18:39:56,831][com.java.SeleniumDriver] [  869] - Test step:28
[INFO ][2016-02-02 18:39:56,831][com.java.SeleniumDriver] [  881] - Datavalue is----------GL
[INFO ][2016-02-02 18:39:56,831][com.java.SeleniumDriver] [  905] - DataField : MSG
[INFO ][2016-02-02 18:39:56,831][com.java.SeleniumDriver] [  907] - DataValue : GL
[INFO ][2016-02-02 18:39:56,831][com.java.SeleniumDriver] [  913] - <In Set values of the page>
[INFO ][2016-02-02 18:39:56,831][com.java.SeleniumDriver] [  916] - {Data Fields & Data Values Exist}
[INFO ][2016-02-02 18:39:56,831][com.java.SeleniumDriver] [  918] - --------------------------setting values-----------------------------
[INFO ][2016-02-02 18:39:56,831][com.java.SeleniumDriver] [  921] - Action Type : verify
[INFO ][2016-02-02 18:39:56,832][com.java.TestType] [ 8164] - field= MSG value= GL
[INFO ][2016-02-02 18:39:56,832][com.java.TestType] [ 6562] - value = GL
[DEBUG][2016-02-02 18:39:56,832][com.java.TestType] [ 9027] - value :: GL
[INFO ][2016-02-02 18:39:57,422][com.java.SeleniumDriver] [  930] -  RESULT true
[INFO ][2016-02-02 18:39:57,422][com.java.SeleniumDriver] [ 1136] - ?   P A S S   ?
[INFO ][2016-02-02 18:39:57,422][com.java.SeleniumDriver] [  856] - ------------------------------------------
[INFO ][2016-02-02 18:39:57,422][com.java.SeleniumDriver] [  857] - Test case being Executed: 30
[INFO ][2016-02-02 18:39:57,422][com.java.SeleniumDriver] [  869] - Test step:29
[INFO ][2016-02-02 18:39:57,422][com.java.SeleniumDriver] [  881] - Datavalue is----------Description
[INFO ][2016-02-02 18:39:57,422][com.java.SeleniumDriver] [  905] - DataField : MSG
[INFO ][2016-02-02 18:39:57,422][com.java.SeleniumDriver] [  907] - DataValue : Description
[INFO ][2016-02-02 18:39:57,422][com.java.SeleniumDriver] [  913] - <In Set values of the page>
[INFO ][2016-02-02 18:39:57,422][com.java.SeleniumDriver] [  916] - {Data Fields & Data Values Exist}
[INFO ][2016-02-02 18:39:57,422][com.java.SeleniumDriver] [  918] - --------------------------setting values-----------------------------
[INFO ][2016-02-02 18:39:57,423][com.java.SeleniumDriver] [  921] - Action Type : verify
[INFO ][2016-02-02 18:39:57,423][com.java.TestType] [ 8164] - field= MSG value= Description
[INFO ][2016-02-02 18:39:57,423][com.java.TestType] [ 6562] - value = Description
[DEBUG][2016-02-02 18:39:57,423][com.java.TestType] [ 9027] - value :: Description
[INFO ][2016-02-02 18:39:58,029][com.java.SeleniumDriver] [  930] -  RESULT true
[INFO ][2016-02-02 18:39:58,030][com.java.SeleniumDriver] [ 1136] - ?   P A S S   ?
[INFO ][2016-02-02 18:39:58,030][com.java.SeleniumDriver] [  856] - ------------------------------------------
[INFO ][2016-02-02 18:39:58,030][com.java.SeleniumDriver] [  857] - Test case being Executed: 30
[INFO ][2016-02-02 18:39:58,030][com.java.SeleniumDriver] [  869] - Test step:30
[INFO ][2016-02-02 18:39:58,030][com.java.SeleniumDriver] [  881] - Datavalue is----------Dashboard
[INFO ][2016-02-02 18:39:58,030][com.java.SeleniumDriver] [  905] - DataField : MSG
[INFO ][2016-02-02 18:39:58,030][com.java.SeleniumDriver] [  907] - DataValue : Dashboard
[INFO ][2016-02-02 18:39:58,030][com.java.SeleniumDriver] [  913] - <In Set values of the page>
[INFO ][2016-02-02 18:39:58,030][com.java.SeleniumDriver] [  916] - {Data Fields & Data Values Exist}
[INFO ][2016-02-02 18:39:58,030][com.java.SeleniumDriver] [  918] - --------------------------setting values-----------------------------
[INFO ][2016-02-02 18:39:58,030][com.java.SeleniumDriver] [  921] - Action Type : verify
[INFO ][2016-02-02 18:39:58,030][com.java.TestType] [ 8164] - field= MSG value= Dashboard
[INFO ][2016-02-02 18:39:58,031][com.java.TestType] [ 6562] - value = Dashboard
[DEBUG][2016-02-02 18:39:58,031][com.java.TestType] [ 9027] - value :: Dashboard
[INFO ][2016-02-02 18:39:58,639][com.java.SeleniumDriver] [  930] -  RESULT true
[INFO ][2016-02-02 18:39:58,639][com.java.SeleniumDriver] [ 1136] - ?   P A S S   ?
[INFO ][2016-02-02 18:39:58,639][com.java.SeleniumDriver] [  856] - ------------------------------------------
[INFO ][2016-02-02 18:39:58,639][com.java.SeleniumDriver] [  857] - Test case being Executed: 30
[INFO ][2016-02-02 18:39:58,639][com.java.SeleniumDriver] [  869] - Test step:31
[INFO ][2016-02-02 18:39:58,639][com.java.SeleniumDriver] [  881] - Datavalue is----------Entity
[INFO ][2016-02-02 18:39:58,639][com.java.SeleniumDriver] [  905] - DataField : MSG
[INFO ][2016-02-02 18:39:58,639][com.java.SeleniumDriver] [  907] - DataValue : Entity
[INFO ][2016-02-02 18:39:58,639][com.java.SeleniumDriver] [  913] - <In Set values of the page>
[INFO ][2016-02-02 18:39:58,639][com.java.SeleniumDriver] [  916] - {Data Fields & Data Values Exist}
[INFO ][2016-02-02 18:39:58,639][com.java.SeleniumDriver] [  918] - --------------------------setting values-----------------------------
[INFO ][2016-02-02 18:39:58,639][com.java.SeleniumDriver] [  921] - Action Type : verify
[INFO ][2016-02-02 18:39:58,640][com.java.TestType] [ 8164] - field= MSG value= Entity
[INFO ][2016-02-02 18:39:58,640][com.java.TestType] [ 6562] - value = Entity
[DEBUG][2016-02-02 18:39:58,640][com.java.TestType] [ 9027] - value :: Entity
[INFO ][2016-02-02 18:39:59,245][com.java.SeleniumDriver] [  930] -  RESULT true
[INFO ][2016-02-02 18:39:59,245][com.java.SeleniumDriver] [ 1136] - ?   P A S S   ?
[INFO ][2016-02-02 18:39:59,246][com.java.SeleniumDriver] [  856] - ------------------------------------------
[INFO ][2016-02-02 18:39:59,247][com.java.SeleniumDriver] [  857] - Test case being Executed: 30
[INFO ][2016-02-02 18:39:59,247][com.java.SeleniumDriver] [  869] - Test step:32
[INFO ][2016-02-02 18:39:59,248][com.java.SeleniumDriver] [  881] - Datavalue is----------Balance
[INFO ][2016-02-02 18:39:59,248][com.java.SeleniumDriver] [  905] - DataField : MSG
[INFO ][2016-02-02 18:39:59,248][com.java.SeleniumDriver] [  907] - DataValue : Balance
[INFO ][2016-02-02 18:39:59,248][com.java.SeleniumDriver] [  913] - <In Set values of the page>
[INFO ][2016-02-02 18:39:59,248][com.java.SeleniumDriver] [  916] - {Data Fields & Data Values Exist}
[INFO ][2016-02-02 18:39:59,248][com.java.SeleniumDriver] [  918] - --------------------------setting values-----------------------------
[INFO ][2016-02-02 18:39:59,248][com.java.SeleniumDriver] [  921] - Action Type : verify
[INFO ][2016-02-02 18:39:59,248][com.java.TestType] [ 8164] - field= MSG value= Balance
[INFO ][2016-02-02 18:39:59,248][com.java.TestType] [ 6562] - value = Balance
[DEBUG][2016-02-02 18:39:59,248][com.java.TestType] [ 9027] - value :: Balance
[INFO ][2016-02-02 18:39:59,859][com.java.SeleniumDriver] [  930] -  RESULT true
[INFO ][2016-02-02 18:39:59,859][com.java.SeleniumDriver] [ 1136] - ?   P A S S   ?
[INFO ][2016-02-02 18:39:59,859][com.java.SeleniumDriver] [  856] - ------------------------------------------
[INFO ][2016-02-02 18:39:59,859][com.java.SeleniumDriver] [  857] - Test case being Executed: 30
[INFO ][2016-02-02 18:39:59,859][com.java.SeleniumDriver] [  869] - Test step:33
[INFO ][2016-02-02 18:39:59,859][com.java.SeleniumDriver] [  881] - Datavalue is----------Risk
[INFO ][2016-02-02 18:39:59,859][com.java.SeleniumDriver] [  905] - DataField : MSG
[INFO ][2016-02-02 18:39:59,859][com.java.SeleniumDriver] [  907] - DataValue : Risk
[INFO ][2016-02-02 18:39:59,860][com.java.SeleniumDriver] [  913] - <In Set values of the page>
[INFO ][2016-02-02 18:39:59,860][com.java.SeleniumDriver] [  916] - {Data Fields & Data Values Exist}
[INFO ][2016-02-02 18:39:59,860][com.java.SeleniumDriver] [  918] - --------------------------setting values-----------------------------
[INFO ][2016-02-02 18:39:59,860][com.java.SeleniumDriver] [  921] - Action Type : verify
[INFO ][2016-02-02 18:39:59,860][com.java.TestType] [ 8164] - field= MSG value= Risk
[INFO ][2016-02-02 18:39:59,860][com.java.TestType] [ 6562] - value = Risk
[DEBUG][2016-02-02 18:39:59,860][com.java.TestType] [ 9027] - value :: Risk
[INFO ][2016-02-02 18:40:00,445][com.java.SeleniumDriver] [  930] -  RESULT true
[INFO ][2016-02-02 18:40:00,445][com.java.SeleniumDriver] [ 1136] - ?   P A S S   ?
[INFO ][2016-02-02 18:40:00,445][com.java.SeleniumDriver] [  856] - ------------------------------------------
[INFO ][2016-02-02 18:40:00,446][com.java.SeleniumDriver] [  857] - Test case being Executed: 30
[INFO ][2016-02-02 18:40:00,446][com.java.SeleniumDriver] [  869] - Test step:34
[INFO ][2016-02-02 18:40:00,446][com.java.SeleniumDriver] [  881] - Datavalue is----------0%
[INFO ][2016-02-02 18:40:00,446][com.java.SeleniumDriver] [  905] - DataField : MSG
[INFO ][2016-02-02 18:40:00,446][com.java.SeleniumDriver] [  907] - DataValue : 0%
[INFO ][2016-02-02 18:40:00,446][com.java.SeleniumDriver] [  913] - <In Set values of the page>
[INFO ][2016-02-02 18:40:00,446][com.java.SeleniumDriver] [  916] - {Data Fields & Data Values Exist}
[INFO ][2016-02-02 18:40:00,446][com.java.SeleniumDriver] [  918] - --------------------------setting values-----------------------------
[INFO ][2016-02-02 18:40:00,446][com.java.SeleniumDriver] [  921] - Action Type : verify
[INFO ][2016-02-02 18:40:00,446][com.java.TestType] [ 8164] - field= MSG value= 0%
[INFO ][2016-02-02 18:40:00,446][com.java.TestType] [ 6562] - value = 0%
[DEBUG][2016-02-02 18:40:00,446][com.java.TestType] [ 9027] - value :: 0%
[INFO ][2016-02-02 18:40:01,058][com.java.SeleniumDriver] [  930] -  RESULT true
[INFO ][2016-02-02 18:40:01,058][com.java.SeleniumDriver] [ 1136] - ?   P A S S   ?
[INFO ][2016-02-02 18:40:01,058][com.java.SeleniumDriver] [  856] - ------------------------------------------
[INFO ][2016-02-02 18:40:01,058][com.java.SeleniumDriver] [  857] - Test case being Executed: 30
[INFO ][2016-02-02 18:40:01,058][com.java.SeleniumDriver] [  869] - Test step:35
[INFO ][2016-02-02 18:40:01,058][com.java.SeleniumDriver] [  881] - Datavalue is----------20%
[INFO ][2016-02-02 18:40:01,058][com.java.SeleniumDriver] [  905] - DataField : MSG
[INFO ][2016-02-02 18:40:01,058][com.java.SeleniumDriver] [  907] - DataValue : 20%
[INFO ][2016-02-02 18:40:01,059][com.java.SeleniumDriver] [  913] - <In Set values of the page>
[INFO ][2016-02-02 18:40:01,059][com.java.SeleniumDriver] [  916] - {Data Fields & Data Values Exist}
[INFO ][2016-02-02 18:40:01,059][com.java.SeleniumDriver] [  918] - --------------------------setting values-----------------------------
[INFO ][2016-02-02 18:40:01,059][com.java.SeleniumDriver] [  921] - Action Type : verify
[INFO ][2016-02-02 18:40:01,059][com.java.TestType] [ 8164] - field= MSG value= 20%
[INFO ][2016-02-02 18:40:01,059][com.java.TestType] [ 6562] - value = 20%
[DEBUG][2016-02-02 18:40:01,059][com.java.TestType] [ 9027] - value :: 20%
[INFO ][2016-02-02 18:40:01,667][com.java.SeleniumDriver] [  930] -  RESULT true
[INFO ][2016-02-02 18:40:01,667][com.java.SeleniumDriver] [ 1136] - ?   P A S S   ?
[INFO ][2016-02-02 18:40:01,667][com.java.SeleniumDriver] [  856] - ------------------------------------------
[INFO ][2016-02-02 18:40:01,667][com.java.SeleniumDriver] [  857] - Test case being Executed: 30
[INFO ][2016-02-02 18:40:01,667][com.java.SeleniumDriver] [  869] - Test step:36
[INFO ][2016-02-02 18:40:01,668][com.java.SeleniumDriver] [  881] - Datavalue is----------50%
[INFO ][2016-02-02 18:40:01,668][com.java.SeleniumDriver] [  905] - DataField : MSG
[INFO ][2016-02-02 18:40:01,668][com.java.SeleniumDriver] [  907] - DataValue : 50%
[INFO ][2016-02-02 18:40:01,668][com.java.SeleniumDriver] [  913] - <In Set values of the page>
[INFO ][2016-02-02 18:40:01,668][com.java.SeleniumDriver] [  916] - {Data Fields & Data Values Exist}
[INFO ][2016-02-02 18:40:01,668][com.java.SeleniumDriver] [  918] - --------------------------setting values-----------------------------
[INFO ][2016-02-02 18:40:01,668][com.java.SeleniumDriver] [  921] - Action Type : verify
[INFO ][2016-02-02 18:40:01,668][com.java.TestType] [ 8164] - field= MSG value= 50%
[INFO ][2016-02-02 18:40:01,668][com.java.TestType] [ 6562] - value = 50%
[DEBUG][2016-02-02 18:40:01,668][com.java.TestType] [ 9027] - value :: 50%
[INFO ][2016-02-02 18:40:02,254][com.java.SeleniumDriver] [  930] -  RESULT true
[INFO ][2016-02-02 18:40:02,254][com.java.SeleniumDriver] [ 1136] - ?   P A S S   ?
[INFO ][2016-02-02 18:40:02,255][com.java.SeleniumDriver] [  856] - ------------------------------------------
[INFO ][2016-02-02 18:40:02,255][com.java.SeleniumDriver] [  857] - Test case being Executed: 30
[INFO ][2016-02-02 18:40:02,255][com.java.SeleniumDriver] [  869] - Test step:37
[INFO ][2016-02-02 18:40:02,255][com.java.SeleniumDriver] [  881] - Datavalue is----------100%
[INFO ][2016-02-02 18:40:02,255][com.java.SeleniumDriver] [  905] - DataField : MSG
[INFO ][2016-02-02 18:40:02,255][com.java.SeleniumDriver] [  907] - DataValue : 100%
[INFO ][2016-02-02 18:40:02,255][com.java.SeleniumDriver] [  913] - <In Set values of the page>
[INFO ][2016-02-02 18:40:02,255][com.java.SeleniumDriver] [  916] - {Data Fields & Data Values Exist}
[INFO ][2016-02-02 18:40:02,255][com.java.SeleniumDriver] [  918] - --------------------------setting values-----------------------------
[INFO ][2016-02-02 18:40:02,255][com.java.SeleniumDriver] [  921] - Action Type : verify
[INFO ][2016-02-02 18:40:02,255][com.java.TestType] [ 8164] - field= MSG value= 100%
[INFO ][2016-02-02 18:40:02,255][com.java.TestType] [ 6562] - value = 100%
[DEBUG][2016-02-02 18:40:02,255][com.java.TestType] [ 9027] - value :: 100%
[INFO ][2016-02-02 18:40:02,866][com.java.SeleniumDriver] [  930] -  RESULT true
[INFO ][2016-02-02 18:40:02,866][com.java.SeleniumDriver] [ 1136] - ?   P A S S   ?
[INFO ][2016-02-02 18:40:02,866][com.java.SeleniumDriver] [  856] - ------------------------------------------
[INFO ][2016-02-02 18:40:02,866][com.java.SeleniumDriver] [  857] - Test case being Executed: 30
[INFO ][2016-02-02 18:40:02,866][com.java.SeleniumDriver] [  869] - Test step:38
[INFO ][2016-02-02 18:40:02,866][com.java.SeleniumDriver] [  881] - Datavalue is----------CNS
[INFO ][2016-02-02 18:40:02,867][com.java.SeleniumDriver] [  905] - DataField : BNK//select[@id='bank']
[INFO ][2016-02-02 18:40:02,867][com.java.SeleniumDriver] [  907] - DataValue : CNS
[INFO ][2016-02-02 18:40:02,867][com.java.SeleniumDriver] [  913] - <In Set values of the page>
[INFO ][2016-02-02 18:40:02,867][com.java.SeleniumDriver] [  916] - {Data Fields & Data Values Exist}
[INFO ][2016-02-02 18:40:02,867][com.java.SeleniumDriver] [  918] - --------------------------setting values-----------------------------
[INFO ][2016-02-02 18:40:02,867][com.java.SeleniumDriver] [  921] - Action Type : Select
[INFO ][2016-02-02 18:40:02,867][com.java.TestType] [ 6562] - value = CNS
[INFO ][2016-02-02 18:40:08,992][com.java.SeleniumDriver] [  930] -  RESULT false
[INFO ][2016-02-02 18:40:08,992][com.java.SeleniumDriver] [  977] - ?   F A I L   ?
[INFO ][2016-02-02 18:40:08,992][com.java.SeleniumDriver] [  985] - Browser Type : IE10
[INFO ][2016-02-02 18:40:08,992][com.java.SeleniumDriver] [  986] - Adding Failed case30
[DEBUG][2016-02-02 18:40:10,591][com.java.SeleniumDriver] [ 1054] -  tdd.getCondition() IF:Next:55
[INFO ][2016-02-02 18:40:10,591][com.java.SeleniumDriver] [ 1063] - step change to 55
[INFO ][2016-02-02 18:40:10,591][com.java.SeleniumDriver] [  856] - ------------------------------------------
[INFO ][2016-02-02 18:40:10,591][com.java.SeleniumDriver] [  857] - Test case being Executed: 30
[INFO ][2016-02-02 18:40:10,592][com.java.SeleniumDriver] [  869] - Test step:55
[INFO ][2016-02-02 18:40:10,592][com.java.SeleniumDriver] [  881] - Datavalue is----------1
[INFO ][2016-02-02 18:40:10,592][com.java.SeleniumDriver] [  905] - DataField : null
[INFO ][2016-02-02 18:40:10,592][com.java.SeleniumDriver] [  907] - DataValue : 1
[INFO ][2016-02-02 18:40:10,592][com.java.SeleniumDriver] [  913] - <In Set values of the page>
[INFO ][2016-02-02 18:40:10,592][com.java.SeleniumDriver] [  916] - {Data Fields & Data Values Exist}
[INFO ][2016-02-02 18:40:10,592][com.java.SeleniumDriver] [  918] - --------------------------setting values-----------------------------
[INFO ][2016-02-02 18:40:10,592][com.java.SeleniumDriver] [  921] - Action Type : WAITTIME
[DEBUG][2016-02-02 18:40:10,592][com.java.TestType] [ 6376] - sleepTime: 1000
[INFO ][2016-02-02 18:40:11,592][com.java.SeleniumDriver] [  930] -  RESULT true
[INFO ][2016-02-02 18:40:11,592][com.java.SeleniumDriver] [ 1136] - ?   P A S S   ?
[DEBUG][2016-02-02 18:40:11,592][com.java.SeleniumDriver] [ 1248] - Case found
[DEBUG][2016-02-02 18:40:11,592][com.java.SeleniumDriver] [ 1253] - Incrementing ReportCounters[0]:2
[INFO ][2016-02-02 18:40:11,592][com.java.SeleniumDriver] [ 1272] - The results are-------------------[30, 1, GL: Capital & Regulatory: Risk Weighted Assets Worksheet: Consolidated Entity, Pass, , Tue Feb 02 18:37:53 IST 2016, 30, 3, GL: Capital & Regulatory: Risk Weighted Assets Worksheet: Consolidated Entity, Pass, , Tue Feb 02 18:37:55 IST 2016, 30, 4, GL: Capital & Regulatory: Risk Weighted Assets Worksheet: Consolidated Entity, Pass, , Tue Feb 02 18:37:55 IST 2016, 30, 5, GL: Capital & Regulatory: Risk Weighted Assets Worksheet: Consolidated Entity, Pass, , Tue Feb 02 18:37:55 IST 2016, 30, 6, GL: Capital & Regulatory: Risk Weighted Assets Worksheet: Consolidated Entity, Pass, , Tue Feb 02 18:38:42 IST 2016, 30, 7, GL: Capital & Regulatory: Risk Weighted Assets Worksheet: Consolidated Entity, Pass, , Tue Feb 02 18:38:42 IST 2016, 30, 8, GL: Capital & Regulatory: Risk Weighted Assets Worksheet: Consolidated Entity, Pass, , Tue Feb 02 18:38:42 IST 2016, 30, 9, GL: Capital & Regulatory: Risk Weighted Assets Worksheet: Consolidated Entity, Pass, , Tue Feb 02 18:38:42 IST 2016, 30, 10, GL: Capital & Regulatory: Risk Weighted Assets Worksheet: Consolidated Entity, Pass, , Tue Feb 02 18:38:42 IST 2016, 30, 11, GL: Capital & Regulatory: Risk Weighted Assets Worksheet: Consolidated Entity, Pass, , Tue Feb 02 18:38:42 IST 2016, 30, 12, GL: Capital & Regulatory: Risk Weighted Assets Worksheet: Consolidated Entity, Pass, , Tue Feb 02 18:38:42 IST 2016, 30, 13, GL: Capital & Regulatory: Risk Weighted Assets Worksheet: Consolidated Entity, Pass, , Tue Feb 02 18:39:11 IST 2016, 30, 14, GL: Capital & Regulatory: Risk Weighted Assets Worksheet: Consolidated Entity, Pass, , Tue Feb 02 18:39:11 IST 2016, 30, 15, GL: Capital & Regulatory: Risk Weighted Assets Worksheet: Consolidated Entity, Pass, , Tue Feb 02 18:39:12 IST 2016, 30, 16, GL: Capital & Regulatory: Risk Weighted Assets Worksheet: Consolidated Entity, Pass, , Tue Feb 02 18:39:12 IST 2016, 30, 17, GL: Capital & Regulatory: Risk Weighted Assets Worksheet: Consolidated Entity, Pass, , Tue Feb 02 18:39:13 IST 2016, 30, 18, GL: Capital & Regulatory: Risk Weighted Assets Worksheet: Consolidated Entity, Pass, , Tue Feb 02 18:39:13 IST 2016, 30, 19, GL: Capital & Regulatory: Risk Weighted Assets Worksheet: Consolidated Entity, Pass, , Tue Feb 02 18:39:13 IST 2016, 30, 20, GL: Capital & Regulatory: Risk Weighted Assets Worksheet: Consolidated Entity, Pass, , Tue Feb 02 18:39:13 IST 2016, 30, 21, GL: Capital & Regulatory: Risk Weighted Assets Worksheet: Consolidated Entity, Pass, , Tue Feb 02 18:39:13 IST 2016, 30, 22, GL: Capital & Regulatory: Risk Weighted Assets Worksheet: Consolidated Entity, Pass, , Tue Feb 02 18:39:13 IST 2016, 30, 23, GL: Capital & Regulatory: Risk Weighted Assets Worksheet: Consolidated Entity, Pass, , Tue Feb 02 18:39:43 IST 2016, 30, 24, GL: Capital & Regulatory: Risk Weighted Assets Worksheet: Consolidated Entity, Pass, , Tue Feb 02 18:39:44 IST 2016, 30, 25, GL: Capital & Regulatory: Risk Weighted Assets Worksheet: Consolidated Entity, Pass, , Tue Feb 02 18:39:44 IST 2016, 30, 26, GL: Capital & Regulatory: Risk Weighted Assets Worksheet: Consolidated Entity, Pass, , Tue Feb 02 18:39:56 IST 2016, 30, 27, GL: Capital & Regulatory: Risk Weighted Assets Worksheet: Consolidated Entity, Pass, , Tue Feb 02 18:39:56 IST 2016, 30, 28, GL: Capital & Regulatory: Risk Weighted Assets Worksheet: Consolidated Entity, Pass, , Tue Feb 02 18:39:57 IST 2016, 30, 29, GL: Capital & Regulatory: Risk Weighted Assets Worksheet: Consolidated Entity, Pass, , Tue Feb 02 18:39:58 IST 2016, 30, 30, GL: Capital & Regulatory: Risk Weighted Assets Worksheet: Consolidated Entity, Pass, , Tue Feb 02 18:39:58 IST 2016, 30, 31, GL: Capital & Regulatory: Risk Weighted Assets Worksheet: Consolidated Entity, Pass, , Tue Feb 02 18:39:59 IST 2016, 30, 32, GL: Capital & Regulatory: Risk Weighted Assets Worksheet: Consolidated Entity, Pass, , Tue Feb 02 18:39:59 IST 2016, 30, 33, GL: Capital & Regulatory: Risk Weighted Assets Worksheet: Consolidated Entity, Pass, , Tue Feb 02 18:40:00 IST 2016, 30, 34, GL: Capital & Regulatory: Risk Weighted Assets Worksheet: Consolidated Entity, Pass, , Tue Feb 02 18:40:01 IST 2016, 30, 35, GL: Capital & Regulatory: Risk Weighted Assets Worksheet: Consolidated Entity, Pass, , Tue Feb 02 18:40:01 IST 2016, 30, 36, GL: Capital & Regulatory: Risk Weighted Assets Worksheet: Consolidated Entity, Pass, , Tue Feb 02 18:40:02 IST 2016, 30, 37, GL: Capital & Regulatory: Risk Weighted Assets Worksheet: Consolidated Entity, Pass, , Tue Feb 02 18:40:02 IST 2016, 30, 38, GL: Capital & Regulatory: Risk Weighted Assets Worksheet: Consolidated Entity, Pass, , Tue Feb 02 18:40:10 IST 2016, 30, 55, GL: Capital & Regulatory: Risk Weighted Assets Worksheet: Consolidated Entity, Pass, , Tue Feb 02 18:40:11 IST 2016]
[INFO ][2016-02-02 18:40:11,592][com.java.SeleniumDriver] [ 1276] - End time is-------3 min 19 sec
[INFO ][2016-02-02 18:40:11,592][com.java.SeleniumDriver] [ 1277] - The results are-------------------[30, 1, GL: Capital & Regulatory: Risk Weighted Assets Worksheet: Consolidated Entity, Pass, , Tue Feb 02 18:37:53 IST 2016, 30, 3, GL: Capital & Regulatory: Risk Weighted Assets Worksheet: Consolidated Entity, Pass, , Tue Feb 02 18:37:55 IST 2016, 30, 4, GL: Capital & Regulatory: Risk Weighted Assets Worksheet: Consolidated Entity, Pass, , Tue Feb 02 18:37:55 IST 2016, 30, 5, GL: Capital & Regulatory: Risk Weighted Assets Worksheet: Consolidated Entity, Pass, , Tue Feb 02 18:37:55 IST 2016, 30, 6, GL: Capital & Regulatory: Risk Weighted Assets Worksheet: Consolidated Entity, Pass, , Tue Feb 02 18:38:42 IST 2016, 30, 7, GL: Capital & Regulatory: Risk Weighted Assets Worksheet: Consolidated Entity, Pass, , Tue Feb 02 18:38:42 IST 2016, 30, 8, GL: Capital & Regulatory: Risk Weighted Assets Worksheet: Consolidated Entity, Pass, , Tue Feb 02 18:38:42 IST 2016, 30, 9, GL: Capital & Regulatory: Risk Weighted Assets Worksheet: Consolidated Entity, Pass, , Tue Feb 02 18:38:42 IST 2016, 30, 10, GL: Capital & Regulatory: Risk Weighted Assets Worksheet: Consolidated Entity, Pass, , Tue Feb 02 18:38:42 IST 2016, 30, 11, GL: Capital & Regulatory: Risk Weighted Assets Worksheet: Consolidated Entity, Pass, , Tue Feb 02 18:38:42 IST 2016, 30, 12, GL: Capital & Regulatory: Risk Weighted Assets Worksheet: Consolidated Entity, Pass, , Tue Feb 02 18:38:42 IST 2016, 30, 13, GL: Capital & Regulatory: Risk Weighted Assets Worksheet: Consolidated Entity, Pass, , Tue Feb 02 18:39:11 IST 2016, 30, 14, GL: Capital & Regulatory: Risk Weighted Assets Worksheet: Consolidated Entity, Pass, , Tue Feb 02 18:39:11 IST 2016, 30, 15, GL: Capital & Regulatory: Risk Weighted Assets Worksheet: Consolidated Entity, Pass, , Tue Feb 02 18:39:12 IST 2016, 30, 16, GL: Capital & Regulatory: Risk Weighted Assets Worksheet: Consolidated Entity, Pass, , Tue Feb 02 18:39:12 IST 2016, 30, 17, GL: Capital & Regulatory: Risk Weighted Assets Worksheet: Consolidated Entity, Pass, , Tue Feb 02 18:39:13 IST 2016, 30, 18, GL: Capital & Regulatory: Risk Weighted Assets Worksheet: Consolidated Entity, Pass, , Tue Feb 02 18:39:13 IST 2016, 30, 19, GL: Capital & Regulatory: Risk Weighted Assets Worksheet: Consolidated Entity, Pass, , Tue Feb 02 18:39:13 IST 2016, 30, 20, GL: Capital & Regulatory: Risk Weighted Assets Worksheet: Consolidated Entity, Pass, , Tue Feb 02 18:39:13 IST 2016, 30, 21, GL: Capital & Regulatory: Risk Weighted Assets Worksheet: Consolidated Entity, Pass, , Tue Feb 02 18:39:13 IST 2016, 30, 22, GL: Capital & Regulatory: Risk Weighted Assets Worksheet: Consolidated Entity, Pass, , Tue Feb 02 18:39:13 IST 2016, 30, 23, GL: Capital & Regulatory: Risk Weighted Assets Worksheet: Consolidated Entity, Pass, , Tue Feb 02 18:39:43 IST 2016, 30, 24, GL: Capital & Regulatory: Risk Weighted Assets Worksheet: Consolidated Entity, Pass, , Tue Feb 02 18:39:44 IST 2016, 30, 25, GL: Capital & Regulatory: Risk Weighted Assets Worksheet: Consolidated Entity, Pass, , Tue Feb 02 18:39:44 IST 2016, 30, 26, GL: Capital & Regulatory: Risk Weighted Assets Worksheet: Consolidated Entity, Pass, , Tue Feb 02 18:39:56 IST 2016, 30, 27, GL: Capital & Regulatory: Risk Weighted Assets Worksheet: Consolidated Entity, Pass, , Tue Feb 02 18:39:56 IST 2016, 30, 28, GL: Capital & Regulatory: Risk Weighted Assets Worksheet: Consolidated Entity, Pass, , Tue Feb 02 18:39:57 IST 2016, 30, 29, GL: Capital & Regulatory: Risk Weighted Assets Worksheet: Consolidated Entity, Pass, , Tue Feb 02 18:39:58 IST 2016, 30, 30, GL: Capital & Regulatory: Risk Weighted Assets Worksheet: Consolidated Entity, Pass, , Tue Feb 02 18:39:58 IST 2016, 30, 31, GL: Capital & Regulatory: Risk Weighted Assets Worksheet: Consolidated Entity, Pass, , Tue Feb 02 18:39:59 IST 2016, 30, 32, GL: Capital & Regulatory: Risk Weighted Assets Worksheet: Consolidated Entity, Pass, , Tue Feb 02 18:39:59 IST 2016, 30, 33, GL: Capital & Regulatory: Risk Weighted Assets Worksheet: Consolidated Entity, Pass, , Tue Feb 02 18:40:00 IST 2016, 30, 34, GL: Capital & Regulatory: Risk Weighted Assets Worksheet: Consolidated Entity, Pass, , Tue Feb 02 18:40:01 IST 2016, 30, 35, GL: Capital & Regulatory: Risk Weighted Assets Worksheet: Consolidated Entity, Pass, , Tue Feb 02 18:40:01 IST 2016, 30, 36, GL: Capital & Regulatory: Risk Weighted Assets Worksheet: Consolidated Entity, Pass, , Tue Feb 02 18:40:02 IST 2016, 30, 37, GL: Capital & Regulatory: Risk Weighted Assets Worksheet: Consolidated Entity, Pass, , Tue Feb 02 18:40:02 IST 2016, 30, 38, GL: Capital & Regulatory: Risk Weighted Assets Worksheet: Consolidated Entity, Pass, , Tue Feb 02 18:40:10 IST 2016, 30, 55, GL: Capital & Regulatory: Risk Weighted Assets Worksheet: Consolidated Entity, Pass, , Tue Feb 02 18:40:11 IST 2016]
[DEBUG][2016-02-02 18:40:11,592][com.java.ImportnExport.ExportTestResultsExcel] [  222] - testResultPath = D:\BankersDashboard/TestReports/Test Results_BankersDashBoard_020216_183654_IE10_First Bank.xls
[DEBUG][2016-02-02 18:40:11,592][com.java.ImportnExport.ExportTestResultsExcel] [  223] - browser is------------IE10
[DEBUG][2016-02-02 18:40:11,595][com.java.ImportnExport.ExportTestResultsExcel] [  270] - result.size() = 228
[DEBUG][2016-02-02 18:40:11,595][com.java.ImportnExport.ExportTestResultsExcel] [  274] - No of rows in sheet=2
[DEBUG][2016-02-02 18:40:11,595][com.java.ImportnExport.ExportTestResultsExcel] [  301] - ..in export..30
[DEBUG][2016-02-02 18:40:11,595][com.java.ImportnExport.ExportTestResultsExcel] [  301] - ..in export..GL: Capital & Regulatory: Risk Weighted Assets Worksheet: Consolidated Entity
[DEBUG][2016-02-02 18:40:11,595][com.java.ImportnExport.ExportTestResultsExcel] [  301] - ..in export..Pass
[DEBUG][2016-02-02 18:40:11,595][com.java.ImportnExport.ExportTestResultsExcel] [  301] - ..in export..
[DEBUG][2016-02-02 18:40:11,595][com.java.ImportnExport.ExportTestResultsExcel] [  301] - ..in export..Tue Feb 02 18:37:53 IST 2016
[INFO ][2016-02-02 18:40:11,597][com.java.SeleniumDriver] [ 1337] - out loop:1 size:2 TestCases:[1, 30] testcases:[1, 30]
[INFO ][2016-02-02 18:40:13,597][com.java.SeleniumDriver] [ 1380] - Total Number of Cases:2
[INFO ][2016-02-02 18:40:13,597][com.java.TemplateGenerator] [  302] - Executed:2
[INFO ][2016-02-02 18:40:13,597][com.java.TemplateGenerator] [  303] - Passed:2
[INFO ][2016-02-02 18:40:13,599][com.java.TemplateGenerator] [  304] - Failed:0
[INFO ][2016-02-02 18:40:13,599][com.java.TemplateGenerator] [  305] - Skipeed:0
[INFO ][2016-02-02 18:40:13,599][com.java.TemplateGenerator] [  306] - Application URL:https://clients-xuat.bankersdashboard.com
[INFO ][2016-02-02 18:40:13,599][com.java.TemplateGenerator] [  307] - Start Time:020216_183654
[INFO ][2016-02-02 18:40:13,599][com.java.TemplateGenerator] [  308] -  Creating HTML Report 
[ERROR][2016-02-02 18:40:13,599][com.java.TemplateGenerator] [  409] - Unparseable date: "Tue Feb 02 06:36:54 IST 2016"
[INFO ][2016-02-02 18:40:13,600][com.java.TemplateGenerator] [  654] -  Exporting case :: 1
[INFO ][2016-02-02 18:40:13,600][com.java.TemplateGenerator] [  654] -  Exporting case :: 30
[INFO ][2016-02-02 18:40:13,606][com.java.SeleniumDriver] [ 1429] - End Time:020216_184013
[INFO ][2016-02-02 18:40:13,607][com.java.SeleniumDriver] [ 1432] - Data in Test Execution Details:{1=PASS, 30=PASS}
[INFO ][2016-02-02 18:40:13,607][com.java.SeleniumDriver] [ 1433] - Data in Failed Execution Deatils:{}
[INFO ][2016-02-02 18:40:13,607][com.java.SeleniumDriver] [ 1435] - ReportCounter:Total:2 :: PASS: 2 ::FAIL: 0
[INFO ][2016-02-02 18:40:13,607][com.java.SeleniumDriver] [ 1436] - FailedReportCounter:Total:0 :: PASS: 0 ::FAIL: 0
[INFO ][2016-02-02 18:40:13,614][com.java.EmailTestReport] [   63] - Sending report mail details:
[INFO ][2016-02-02 18:40:13,615][com.java.EmailTestReport] [   80] - Excel Report Path:D:\BankersDashboard/TestReports/Test Results_BankersDashBoard_020216_183654_IE10_First Bank.xls
[INFO ][2016-02-02 18:40:13,615][com.java.EmailTestReport] [   81] - HTML Report Path:D:\BankersDashboard//TestReports//Test Results_BankersDashBoard_020216_183654_IE10_First Bank.html
[INFO ][2016-02-02 18:40:13,615][com.java.EmailTestReport] [   82] - smtpHostName:mail01.valuelabs.com
[INFO ][2016-02-02 18:40:13,615][com.java.EmailTestReport] [   83] - Recipient:venkateswararao.gubbala@valuelabs.com;
[INFO ][2016-02-02 18:40:13,615][com.java.EmailTestReport] [   84] - From:venkateswararao.gubbala@valuelabs.com;
[INFO ][2016-02-02 18:40:13,615][com.java.EmailTestReport] [   85] - Subject:Deluxe Corp Bankers Dashboard Automation Test Report - First Bank - IE10
[INFO ][2016-02-02 18:40:13,631][com.java.EmailTestReport] [  143] -  Added venkateswararao.gubbala@valuelabs.com
[INFO ][2016-02-02 18:40:16,747][com.java.SeleniumDriver] [  722] - quitting the browser 
[INFO ][2016-02-02 18:40:18,445][com.java.SeleniumDriver] [  264] - Execution Completed Stopping the thread
