[INFO ][2015-12-16 16:28:02,981][com.java.SeleniumDriver] [  213] - Execute Failed Casesfalse
[INFO ][2015-12-16 16:28:02,982][com.java.SeleniumDriver] [  214] - Browser: IE10
[INFO ][2015-12-16 16:28:02,982][com.java.SeleniumDriver] [  215] - [1, 2]
[INFO ][2015-12-16 16:28:02,982][com.java.SeleniumDriver] [  216] - Total TestCases:2
[INFO ][2015-12-16 16:28:02,982][com.java.SeleniumDriver] [  217] -  Reading Properties from Property File 
[DEBUG][2015-12-16 16:28:02,982][com.java.SeleniumDriver] [  238] - url : https://clients-xuat.bankersdashboard.com
[INFO ][2015-12-16 16:28:02,983][com.java.ImportnExport.ExportTestResultsExcel] [  116] - Time Stamp Wed Dec 16 04:28:02 IST 2015
[INFO ][2015-12-16 16:28:02,984][com.java.ImportnExport.ExportTestResultsExcel] [  175] - OUT FILE : D:\BankersDashboard/TestReports/Test Results_BankersDashBoard_121615_162802_IE10_Any Bank USA.xls
[INFO ][2015-12-16 16:28:03,012][com.java.ImportnExport.ExportTestResultsExcel] [  180] - Test Result file is created
[DEBUG][2015-12-16 16:28:03,114][com.java.SeleniumDriver] [  426] - Hub ip address is-------172.17.68.34
[INFO ][2015-12-16 16:28:03,115][com.java.SeleniumDriver] [  452] - Grid URL:http://172.17.68.34:4444/wd/hub
[INFO ][2015-12-16 16:28:03,115][com.java.SeleniumDriver] [  453] - Capability:Capabilities [{platform=ANY, ensureCleanSession=true, ignoreProtectedModeSettings=true, acceptSslCerts=true, ignoreZoomSetting=true, browserName=internet explorer, browserstack.ie.noFlash=true, version=null}]
[ERROR][2015-12-16 16:28:04,436][com.java.SeleniumDriver] [  497] - Unable invoke browser in grid:Could not start a new session. Possible causes are invalid address of the remote server or browser start-up failure.
Build info: version: '2.48.2', revision: '41bccdd', time: '2015-10-09 19:59:12'
System info: host: 'FVTIII438F1D', ip: '172.17.68.34', os.name: 'Windows 7', os.arch: 'x86', os.version: '6.1', java.version: '1.7.0_55'
Driver info: driver.version: SeleniumDriver
[INFO ][2015-12-16 16:28:04,436][com.java.SeleniumDriver] [  499] - Executing on local machine
[ERROR][2015-12-16 16:28:16,523][com.java.SeleniumDriver] [  537] - Unable to invoke the browser:IE10
[ERROR][2015-12-16 16:28:16,526][com.java.SeleniumDriver] [  538] - Error:Could not start a new session. Possible causes are invalid address of the remote server or browser start-up failure.
Build info: version: '2.48.2', revision: '41bccdd', time: '2015-10-09 19:59:12'
System info: host: 'FVTIII438F1D', ip: '172.17.68.34', os.name: 'Windows 7', os.arch: 'x86', os.version: '6.1', java.version: '1.7.0_55'
Driver info: driver.version: SeleniumDriver
[INFO ][2015-12-16 16:28:16,526][com.java.SeleniumDriver] [  565] - Total Number of Cases:2
[INFO ][2015-12-16 16:28:16,527][com.java.SeleniumDriver] [  566] - Executed:0
[INFO ][2015-12-16 16:28:16,527][com.java.SeleniumDriver] [  567] - Passed:0
[INFO ][2015-12-16 16:28:16,527][com.java.SeleniumDriver] [  568] - Failed:0
[INFO ][2015-12-16 16:28:16,527][com.java.SeleniumDriver] [  569] - Skipeed:2
[INFO ][2015-12-16 16:28:16,527][com.java.SeleniumDriver] [  570] - Application URL:https://clients-xuat.bankersdashboard.com
[INFO ][2015-12-16 16:28:16,527][com.java.SeleniumDriver] [  571] - Start Time:121615_162802
[WARN ][2015-12-16 16:28:16,585][com.java.SeleniumDriver] [  600] - WARNNING:: Final results mismatched for skipped count
[INFO ][2015-12-16 16:28:16,586][com.java.SeleniumDriver] [  601] - WARNNING:: Actual data totalTestCases:2 finalReportCounter: Total:0 :: skipped: 0
[INFO ][2015-12-16 16:28:16,586][com.java.SeleniumDriver] [  604] - TotalTestCases:2
[INFO ][2015-12-16 16:28:16,586][com.java.SeleniumDriver] [  605] - finalReportCounter:Total:0 :: PASS: 0 ::FAIL: 0
[INFO ][2015-12-16 16:28:16,586][com.java.TemplateGenerator] [  302] - Executed:0
[INFO ][2015-12-16 16:28:16,586][com.java.TemplateGenerator] [  303] - Passed:0
[INFO ][2015-12-16 16:28:16,586][com.java.TemplateGenerator] [  304] - Failed:0
[INFO ][2015-12-16 16:28:16,586][com.java.TemplateGenerator] [  305] - Skipeed:2
[INFO ][2015-12-16 16:28:16,586][com.java.TemplateGenerator] [  306] - Application URL:https://clients-xuat.bankersdashboard.com
[INFO ][2015-12-16 16:28:16,586][com.java.TemplateGenerator] [  307] - Start Time:121615_162802
[INFO ][2015-12-16 16:28:16,587][com.java.TemplateGenerator] [  308] -  Creating HTML Report 
[ERROR][2015-12-16 16:28:16,587][com.java.TemplateGenerator] [  409] - Unparseable date: "Wed Dec 16 04:28:02 IST 2015"
[ERROR][2015-12-16 16:28:16,590][com.java.SeleniumDriver] [  661] - Stopping the theread, Unable to invoke browser: IE10Error:Could not start a new session. Possible causes are invalid address of the remote server or browser start-up failure.
Build info: version: '2.48.2', revision: '41bccdd', time: '2015-10-09 19:59:12'
System info: host: 'FVTIII438F1D', ip: '172.17.68.34', os.name: 'Windows 7', os.arch: 'x86', os.version: '6.1', java.version: '1.7.0_55'
Driver info: driver.version: SeleniumDriver
