[INFO ][2015-11-19 11:24:16,316] [com.java.CreateClient] [main] [  138] - Execution started
[DEBUG][2015-11-19 11:24:16,317] [com.java.CreateClient] [main] [  148] - Execute Failed Cases: false
[INFO ][2015-11-19 11:24:16,403] [com.java.CreateClient] [main] [  201] - Test Cases Being executed:[1, 6]
[INFO ][2015-11-19 11:24:16,403] [com.java.CreateClient] [main] [  205] - Browsers:IE10
[INFO ][2015-11-19 11:24:16,403] [com.java.CreateClient] [main] [  206] - Clients:Simmons First National Bank
[INFO ][2015-11-19 11:24:16,403] [com.java.CreateClient] [main] [  210] - Execution type:Sequential:1
[INFO ][2015-11-19 11:24:16,404] [com.java.CreateClient] [main] [  232] - Client to be executed: Simmons First National Bank
[INFO ][2015-11-19 11:24:16,404] [com.java.CreateClient] [main] [  249] - Application URL: https://clients-xuat.bankersdashboard.com
[INFO ][2015-11-19 11:24:16,407] [com.java.CreateClient] [main] [  290] - Browser Name:IE10
Login user:valuelabs.ie10.03890
Login Password:Password1*
[DEBUG][2015-11-19 11:24:18,408] [com.java.CreateClient] [invokeClientsinParallel] [  459] - Thread name before setting name: Thread[Thread-3,5,main]
[DEBUG][2015-11-19 11:24:18,409] [com.java.CreateClient] [invokeClientsinParallel] [  463] - Thread name: Thread[Thread_Simmons First National Bank_null,5,main]
[DEBUG][2015-11-19 11:24:18,409] [com.java.CreateClient] [invokeClientsinParallel] [  465] - Thread started: Thread[Thread_Simmons First National Bank_null,5,main]
[DEBUG][2015-11-19 11:27:22,527] [com.java.CreateClient] [updateExecutionStatus] [  593] - updating the execution completion status for: IE10 : SIMMONS FIRST NATIONAL BANK
[INFO ][2015-11-19 11:27:22,527] [com.java.CreateClient] [generateBrowserLevelReportOnCompletion] [  618] - Execution Completed for Browser:IE10 for All Clients i.e:[Simmons First National Bank]
[INFO ][2015-11-19 11:27:22,527] [com.java.TemplateGenerator] [browserLevelReport_Consolidated] [  802] - Generating browser level report for:IE10
[DEBUG][2015-11-19 11:27:22,527] [com.java.TemplateGenerator] [writeToHTML] [  895] - Generating consolidated HTML file for all clients
[INFO ][2015-11-19 11:27:22,527] [com.java.TemplateGenerator] [writeToHTML] [  897] - Browser names:[IE10]
[INFO ][2015-11-19 11:27:22,527] [com.java.TemplateGenerator] [writeToHTML] [  898] - Client names:[Simmons First National Bank]
[INFO ][2015-11-19 11:27:22,527] [com.java.TemplateGenerator] [writeToHTML] [ 1011] - ---------------------------
[INFO ][2015-11-19 11:27:22,527] [com.java.TemplateGenerator] [writeToHTML] [ 1012] - clientName: Simmons First National Bank
[INFO ][2015-11-19 11:27:22,527] [com.java.TemplateGenerator] [writeToHTML] [ 1028] - Browser execution details missing:[]
[INFO ][2015-11-19 11:27:22,527] [com.java.TemplateGenerator] [writeToHTML] [ 1042] - Browser execution details exist for client: Simmons First National Bank are: [IE10]
[DEBUG][2015-11-19 11:27:22,527] [com.java.EmailTestReport] [postMail_Consolidated] [  460] - Sending Consildated report mail for clients
[INFO ][2015-11-19 11:27:22,527] [com.java.EmailTestReport] [postMail_Consolidated] [  495] - ---------------------------
[INFO ][2015-11-19 11:27:22,527] [com.java.EmailTestReport] [postMail_Consolidated] [  496] - clientName: Simmons First National Bank
[INFO ][2015-11-19 11:27:22,527] [com.java.EmailTestReport] [postMail_Consolidated] [  515] - Browser execution details missing:[]
[INFO ][2015-11-19 11:27:22,527] [com.java.EmailTestReport] [postMail_Consolidated] [  535] - Browser execution details exist for client: Simmons First National Bank are: [IE10]
