[INFO ][2016-01-13 15:07:39,406][com.java.SeleniumDriver] [  213] - Execute Failed Casesfalse
[INFO ][2016-01-13 15:07:39,406][com.java.SeleniumDriver] [  214] - Browser: IE10
[INFO ][2016-01-13 15:07:39,406][com.java.SeleniumDriver] [  215] - [1, 21]
[INFO ][2016-01-13 15:07:39,406][com.java.SeleniumDriver] [  216] - Total TestCases:2
[INFO ][2016-01-13 15:07:39,406][com.java.SeleniumDriver] [  217] -  Reading Properties from Property File 
[DEBUG][2016-01-13 15:07:39,407][com.java.SeleniumDriver] [  238] - url : https://clients-xuat.bankersdashboard.com
[INFO ][2016-01-13 15:07:39,409][com.java.ImportnExport.ExportTestResultsExcel] [  116] - Time Stamp Wed Jan 13 03:07:39 IST 2016
[INFO ][2016-01-13 15:07:39,409][com.java.ImportnExport.ExportTestResultsExcel] [  175] - OUT FILE : D:\BankersDashboard/TestReports/Test Results_BankersDashBoard_011316_150739_IE10_Any Bank USA.xls
[INFO ][2016-01-13 15:07:39,439][com.java.ImportnExport.ExportTestResultsExcel] [  180] - Test Result file is created
[DEBUG][2016-01-13 15:07:39,553][com.java.SeleniumDriver] [  426] - Hub ip address is-------172.17.68.34
[INFO ][2016-01-13 15:07:39,553][com.java.SeleniumDriver] [  452] - Grid URL:http://172.17.68.34:4444/wd/hub
[INFO ][2016-01-13 15:07:39,554][com.java.SeleniumDriver] [  453] - Capability:Capabilities [{platform=ANY, ensureCleanSession=true, ignoreProtectedModeSettings=true, acceptSslCerts=true, ignoreZoomSetting=true, browserName=internet explorer, browserstack.ie.noFlash=true, version=null}]
[ERROR][2016-01-13 15:07:40,914][com.java.SeleniumDriver] [  498] - Unable invoke browser in grid:Could not start a new session. Possible causes are invalid address of the remote server or browser start-up failure.
Build info: version: '2.48.2', revision: '41bccdd', time: '2015-10-09 19:59:12'
System info: host: 'FVTIII438F1D', ip: '172.17.68.34', os.name: 'Windows 7', os.arch: 'x86', os.version: '6.1', java.version: '1.7.0_55'
Driver info: driver.version: SeleniumDriver
[INFO ][2016-01-13 15:07:40,915][com.java.SeleniumDriver] [  500] - Executing on local machine
[INFO ][2016-01-13 15:07:51,170][com.java.SeleniumDriver] [  248] - IE10is opened
[INFO ][2016-01-13 15:07:52,034][com.java.SeleniumDriver] [  756] - Test cases to be executed are: [1, 21]
[INFO ][2016-01-13 15:07:52,102][com.java.ImportnExport.ImportTestDataDetailsExcel] [   49] - test data details path===== D:\BankersDashboard\TestInputs\TestData.xls
[INFO ][2016-01-13 15:07:52,204][com.java.SeleniumDriver] [  856] - ------------------------------------------
[INFO ][2016-01-13 15:07:52,204][com.java.SeleniumDriver] [  857] - Test case being Executed: 1
[INFO ][2016-01-13 15:07:52,204][com.java.SeleniumDriver] [  869] - Test step:1
[INFO ][2016-01-13 15:07:52,205][com.java.SeleniumDriver] [  881] - Datavalue is----------Concept#1:1-16
[INFO ][2016-01-13 15:07:52,205][com.java.SeleniumDriver] [  905] - DataField : test
[INFO ][2016-01-13 15:07:52,205][com.java.SeleniumDriver] [  907] - DataValue : Concept#1:1-16
[INFO ][2016-01-13 15:07:52,205][com.java.SeleniumDriver] [  913] - <In Set values of the page>
[INFO ][2016-01-13 15:07:52,205][com.java.SeleniumDriver] [  916] - {Data Fields & Data Values Exist}
[INFO ][2016-01-13 15:07:52,205][com.java.SeleniumDriver] [  918] - --------------------------setting values-----------------------------
[INFO ][2016-01-13 15:07:52,205][com.java.SeleniumDriver] [  921] - Action Type : ExecuteTestCase
[INFO ][2016-01-13 15:07:52,237][com.java.TestType] [  437] - The Concept sheet name is ---------- Concept
[INFO ][2016-01-13 15:07:52,237][com.java.TestType] [  440] - The Concept ID  is ---------- 1
[DEBUG][2016-01-13 15:07:52,237][com.java.TestType] [  444] - Steps being executted in the Concept are: 1:16
[INFO ][2016-01-13 15:07:52,237][com.java.TestType] [  451] - Test data details path ---------- D:\BankersDashboard\TestInputs\TestData.xls
[INFO ][2016-01-13 15:07:52,278][com.java.TestType] [  482] -  str(1) = 1
[INFO ][2016-01-13 15:07:52,278][com.java.TestType] [  485] - Test case Id is---1
[INFO ][2016-01-13 15:07:52,278][com.java.TestType] [  487] - 1
[INFO ][2016-01-13 15:07:52,279][com.java.TestType] [  482] -  str(2) = 1
[INFO ][2016-01-13 15:07:52,281][com.java.TestType] [  482] -  str(1) = 1
[INFO ][2016-01-13 15:07:52,281][com.java.TestType] [  485] - Test case Id is---1
[INFO ][2016-01-13 15:07:52,281][com.java.TestType] [  487] - 1
[INFO ][2016-01-13 15:07:52,281][com.java.TestType] [  482] -  str(2) = 2
[INFO ][2016-01-13 15:07:52,282][com.java.TestType] [  482] -  str(1) = 1
[INFO ][2016-01-13 15:07:52,283][com.java.TestType] [  485] - Test case Id is---1
[INFO ][2016-01-13 15:07:52,283][com.java.TestType] [  487] - 1
[INFO ][2016-01-13 15:07:52,283][com.java.TestType] [  482] -  str(2) = 3
[INFO ][2016-01-13 15:07:52,284][com.java.TestType] [  482] -  str(1) = 1
[INFO ][2016-01-13 15:07:52,284][com.java.TestType] [  485] - Test case Id is---1
[INFO ][2016-01-13 15:07:52,284][com.java.TestType] [  487] - 1
[INFO ][2016-01-13 15:07:52,284][com.java.TestType] [  482] -  str(2) = 4
[INFO ][2016-01-13 15:07:52,286][com.java.TestType] [  482] -  str(1) = 1
[INFO ][2016-01-13 15:07:52,286][com.java.TestType] [  485] - Test case Id is---1
[INFO ][2016-01-13 15:07:52,286][com.java.TestType] [  487] - 1
[INFO ][2016-01-13 15:07:52,286][com.java.TestType] [  482] -  str(2) = 5
[INFO ][2016-01-13 15:07:52,287][com.java.TestType] [  482] -  str(1) = 1
[INFO ][2016-01-13 15:07:52,287][com.java.TestType] [  485] - Test case Id is---1
[INFO ][2016-01-13 15:07:52,287][com.java.TestType] [  487] - 1
[INFO ][2016-01-13 15:07:52,288][com.java.TestType] [  482] -  str(2) = 6
[INFO ][2016-01-13 15:07:52,288][com.java.TestType] [  482] -  str(1) = 1
[INFO ][2016-01-13 15:07:52,288][com.java.TestType] [  485] - Test case Id is---1
[INFO ][2016-01-13 15:07:52,289][com.java.TestType] [  487] - 1
[INFO ][2016-01-13 15:07:52,289][com.java.TestType] [  482] -  str(2) = 7
[INFO ][2016-01-13 15:07:52,289][com.java.TestType] [  482] -  str(1) = 1
[INFO ][2016-01-13 15:07:52,290][com.java.TestType] [  485] - Test case Id is---1
[INFO ][2016-01-13 15:07:52,290][com.java.TestType] [  487] - 1
[INFO ][2016-01-13 15:07:52,290][com.java.TestType] [  482] -  str(2) = 8
[INFO ][2016-01-13 15:07:52,290][com.java.TestType] [  482] -  str(1) = 1
[INFO ][2016-01-13 15:07:52,291][com.java.TestType] [  485] - Test case Id is---1
[INFO ][2016-01-13 15:07:52,293][com.java.TestType] [  487] - 1
[INFO ][2016-01-13 15:07:52,293][com.java.TestType] [  482] -  str(2) = 9
[INFO ][2016-01-13 15:07:52,293][com.java.TestType] [  482] -  str(1) = 1
[INFO ][2016-01-13 15:07:52,294][com.java.TestType] [  485] - Test case Id is---1
[INFO ][2016-01-13 15:07:52,294][com.java.TestType] [  487] - 1
[INFO ][2016-01-13 15:07:52,294][com.java.TestType] [  482] -  str(2) = 10
[INFO ][2016-01-13 15:07:52,294][com.java.TestType] [  482] -  str(1) = 1
[INFO ][2016-01-13 15:07:52,295][com.java.TestType] [  485] - Test case Id is---1
[INFO ][2016-01-13 15:07:52,295][com.java.TestType] [  487] - 1
[INFO ][2016-01-13 15:07:52,295][com.java.TestType] [  482] -  str(2) = 11
[INFO ][2016-01-13 15:07:52,295][com.java.TestType] [  482] -  str(1) = 1
[INFO ][2016-01-13 15:07:52,296][com.java.TestType] [  485] - Test case Id is---1
[INFO ][2016-01-13 15:07:52,296][com.java.TestType] [  487] - 1
[INFO ][2016-01-13 15:07:52,296][com.java.TestType] [  482] -  str(2) = 12
[INFO ][2016-01-13 15:07:52,297][com.java.TestType] [  482] -  str(1) = 1
[INFO ][2016-01-13 15:07:52,297][com.java.TestType] [  485] - Test case Id is---1
[INFO ][2016-01-13 15:07:52,297][com.java.TestType] [  487] - 1
[INFO ][2016-01-13 15:07:52,297][com.java.TestType] [  482] -  str(2) = 13
[INFO ][2016-01-13 15:07:52,298][com.java.TestType] [  482] -  str(1) = 1
[INFO ][2016-01-13 15:07:52,298][com.java.TestType] [  485] - Test case Id is---1
[INFO ][2016-01-13 15:07:52,298][com.java.TestType] [  487] - 1
[INFO ][2016-01-13 15:07:52,298][com.java.TestType] [  482] -  str(2) = 14
[INFO ][2016-01-13 15:07:52,299][com.java.TestType] [  482] -  str(1) = 1
[INFO ][2016-01-13 15:07:52,299][com.java.TestType] [  485] - Test case Id is---1
[INFO ][2016-01-13 15:07:52,299][com.java.TestType] [  487] - 1
[INFO ][2016-01-13 15:07:52,299][com.java.TestType] [  482] -  str(2) = 15
[INFO ][2016-01-13 15:07:52,300][com.java.TestType] [  482] -  str(1) = 1
[INFO ][2016-01-13 15:07:52,300][com.java.TestType] [  485] - Test case Id is---1
[INFO ][2016-01-13 15:07:52,300][com.java.TestType] [  487] - 1
[INFO ][2016-01-13 15:07:52,300][com.java.TestType] [  482] -  str(2) = 16
[INFO ][2016-01-13 15:07:52,301][com.java.TestType] [11297] - Looping 1TCID = 1
[DEBUG][2016-01-13 15:07:52,301][com.java.TestType] [11338] - Concept ID:1 :: Step being Executed: 1::1
[INFO ][2016-01-13 15:07:52,301][com.java.TestType] [11376] - dataFields : TXTusername
[DEBUG][2016-01-13 15:07:52,301][com.java.TestType] [11382] - <In Set values of the page>
[DEBUG][2016-01-13 15:07:52,301][com.java.TestType] [11387] - {Data Fields & Data Values Exist}
[INFO ][2016-01-13 15:07:52,301][com.java.TestType] [11393] - --------------------------setting values-----------------------------
[INFO ][2016-01-13 15:07:52,301][com.java.TestType] [11396] - Action Type : CLEARANDENTER
[INFO ][2016-01-13 15:07:52,301][com.java.TestType] [ 6136] - value = naresh.nayini.00000
[INFO ][2016-01-13 15:07:57,008][com.java.TestType] [11415] -  RESULT true
[INFO ][2016-01-13 15:07:57,008][com.java.TestType] [11532] - ?   P A S S   ?
[DEBUG][2016-01-13 15:07:57,008][com.java.TestType] [11338] - Concept ID:1 :: Step being Executed: 1::2
[INFO ][2016-01-13 15:07:57,008][com.java.TestType] [11376] - dataFields : TXTpassword
[DEBUG][2016-01-13 15:07:57,008][com.java.TestType] [11382] - <In Set values of the page>
[DEBUG][2016-01-13 15:07:57,009][com.java.TestType] [11387] - {Data Fields & Data Values Exist}
[INFO ][2016-01-13 15:07:57,009][com.java.TestType] [11393] - --------------------------setting values-----------------------------
[INFO ][2016-01-13 15:07:57,009][com.java.TestType] [11396] - Action Type : CLEARANDENTER
[INFO ][2016-01-13 15:07:57,009][com.java.TestType] [ 6136] - value = Password1*
[INFO ][2016-01-13 15:08:01,822][com.java.TestType] [11415] -  RESULT true
[INFO ][2016-01-13 15:08:01,822][com.java.TestType] [11532] - ?   P A S S   ?
[DEBUG][2016-01-13 15:08:01,822][com.java.TestType] [11338] - Concept ID:1 :: Step being Executed: 1::3
[ERROR][2016-01-13 15:08:01,822][com.java.TestType] [11371] - Exception: null
[INFO ][2016-01-13 15:08:01,822][com.java.TestType] [11376] - dataFields : XPH//button[@type='submit']
[DEBUG][2016-01-13 15:08:01,822][com.java.TestType] [11382] - <In Set values of the page>
[DEBUG][2016-01-13 15:08:01,822][com.java.TestType] [11387] - {Data Fields & Data Values Exist}
[INFO ][2016-01-13 15:08:01,822][com.java.TestType] [11393] - --------------------------setting values-----------------------------
[INFO ][2016-01-13 15:08:01,823][com.java.TestType] [11396] - Action Type : Click
[INFO ][2016-01-13 15:08:01,823][com.java.TestType] [ 6515] - Field ::XPH//button[@type='submit']
[INFO ][2016-01-13 15:08:01,823][com.java.TestType] [ 6136] - value = 
[INFO ][2016-01-13 15:08:02,828][com.java.TestType] [ 6652] - BEFORE CLICK
[INFO ][2016-01-13 15:08:03,698][com.java.TestType] [ 6660] - Unable to click the object Login
[INFO ][2016-01-13 15:08:03,698][com.java.TestType] [11415] -  RESULT true
[INFO ][2016-01-13 15:08:03,698][com.java.TestType] [11532] - ?   P A S S   ?
[DEBUG][2016-01-13 15:08:03,698][com.java.TestType] [11338] - Concept ID:1 :: Step being Executed: 1::4
[INFO ][2016-01-13 15:08:03,698][com.java.TestType] [11376] - dataFields : LNKLogout
[DEBUG][2016-01-13 15:08:03,698][com.java.TestType] [11382] - <In Set values of the page>
[DEBUG][2016-01-13 15:08:03,698][com.java.TestType] [11387] - {Data Fields & Data Values Exist}
[INFO ][2016-01-13 15:08:03,698][com.java.TestType] [11393] - --------------------------setting values-----------------------------
[INFO ][2016-01-13 15:08:03,698][com.java.TestType] [11396] - Action Type : WaitForElement
[INFO ][2016-01-13 15:08:07,209][com.java.TestType] [11415] -  RESULT true
[INFO ][2016-01-13 15:08:07,209][com.java.TestType] [11532] - ?   P A S S   ?
[DEBUG][2016-01-13 15:08:07,210][com.java.TestType] [11338] - Concept ID:1 :: Step being Executed: 1::15
[INFO ][2016-01-13 15:08:07,210][com.java.TestType] [11376] - dataFields : LNK
[DEBUG][2016-01-13 15:08:07,210][com.java.TestType] [11382] - <In Set values of the page>
[DEBUG][2016-01-13 15:08:07,210][com.java.TestType] [11387] - {Data Fields & Data Values Exist}
[INFO ][2016-01-13 15:08:07,210][com.java.TestType] [11393] - --------------------------setting values-----------------------------
[INFO ][2016-01-13 15:08:07,210][com.java.TestType] [11396] - Action Type : Verify
[INFO ][2016-01-13 15:08:07,210][com.java.TestType] [ 7635] - field= LNK value= Logout
[INFO ][2016-01-13 15:08:07,216][com.java.TestType] [ 6136] - value = Logout
[INFO ][2016-01-13 15:08:07,257][com.java.TestType] [11415] -  RESULT true
[INFO ][2016-01-13 15:08:07,257][com.java.TestType] [11532] - ?   P A S S   ?
[DEBUG][2016-01-13 15:08:07,258][com.java.TestType] [11338] - Concept ID:1 :: Step being Executed: 1::16
[INFO ][2016-01-13 15:08:07,258][com.java.TestType] [11376] - dataFields : BTN
[DEBUG][2016-01-13 15:08:07,258][com.java.TestType] [11382] - <In Set values of the page>
[DEBUG][2016-01-13 15:08:07,258][com.java.TestType] [11387] - {Data Fields & Data Values Exist}
[INFO ][2016-01-13 15:08:07,258][com.java.TestType] [11393] - --------------------------setting values-----------------------------
[INFO ][2016-01-13 15:08:07,258][com.java.TestType] [11396] - Action Type : Verify
[INFO ][2016-01-13 15:08:07,258][com.java.TestType] [ 7635] - field= BTN value= //img[contains(@src,'bdlogo.jpg')]
[INFO ][2016-01-13 15:08:07,258][com.java.TestType] [ 6136] - value = //img[contains(@src,'bdlogo.jpg')]
[INFO ][2016-01-13 15:08:07,331][com.java.TestType] [11415] -  RESULT true
[INFO ][2016-01-13 15:08:07,331][com.java.TestType] [11532] - ?   P A S S   ?
[INFO ][2016-01-13 15:08:07,331][com.java.TestType] [11603] - Looping End......
[INFO ][2016-01-13 15:08:07,335][com.java.SeleniumDriver] [  930] -  RESULT true
[INFO ][2016-01-13 15:08:07,335][com.java.SeleniumDriver] [ 1136] - ?   P A S S   ?
[INFO ][2016-01-13 15:08:07,335][com.java.SeleniumDriver] [  856] - ------------------------------------------
[INFO ][2016-01-13 15:08:07,335][com.java.SeleniumDriver] [  857] - Test case being Executed: 1
[INFO ][2016-01-13 15:08:07,335][com.java.SeleniumDriver] [  869] - Test step:2
[INFO ][2016-01-13 15:08:07,336][com.java.SeleniumDriver] [  881] - Datavalue is----------Concept#2:1-2
[INFO ][2016-01-13 15:08:07,336][com.java.SeleniumDriver] [  905] - DataField : test
[INFO ][2016-01-13 15:08:07,336][com.java.SeleniumDriver] [  907] - DataValue : Concept#2:1-2
[INFO ][2016-01-13 15:08:07,336][com.java.SeleniumDriver] [  913] - <In Set values of the page>
[INFO ][2016-01-13 15:08:07,336][com.java.SeleniumDriver] [  916] - {Data Fields & Data Values Exist}
[INFO ][2016-01-13 15:08:07,336][com.java.SeleniumDriver] [  918] - --------------------------setting values-----------------------------
[INFO ][2016-01-13 15:08:07,336][com.java.SeleniumDriver] [  921] - Action Type : ExecuteTestCase
[INFO ][2016-01-13 15:08:07,336][com.java.TestType] [  437] - The Concept sheet name is ---------- Concept
[INFO ][2016-01-13 15:08:07,336][com.java.TestType] [  440] - The Concept ID  is ---------- 2
[DEBUG][2016-01-13 15:08:07,337][com.java.TestType] [  444] - Steps being executted in the Concept are: 1:2
[INFO ][2016-01-13 15:08:07,337][com.java.TestType] [  451] - Test data details path ---------- D:\BankersDashboard\TestInputs\TestData.xls
[INFO ][2016-01-13 15:08:07,372][com.java.TestType] [  482] -  str(1) = 2
[INFO ][2016-01-13 15:08:07,372][com.java.TestType] [  485] - Test case Id is---2
[INFO ][2016-01-13 15:08:07,372][com.java.TestType] [  487] - 2
[INFO ][2016-01-13 15:08:07,373][com.java.TestType] [  482] -  str(2) = 1
[INFO ][2016-01-13 15:08:07,374][com.java.TestType] [  482] -  str(1) = 2
[INFO ][2016-01-13 15:08:07,374][com.java.TestType] [  485] - Test case Id is---2
[INFO ][2016-01-13 15:08:07,375][com.java.TestType] [  487] - 2
[INFO ][2016-01-13 15:08:07,375][com.java.TestType] [  482] -  str(2) = 2
[INFO ][2016-01-13 15:08:07,375][com.java.TestType] [  482] -  str(1) = 2
[INFO ][2016-01-13 15:08:07,375][com.java.TestType] [  485] - Test case Id is---2
[INFO ][2016-01-13 15:08:07,375][com.java.TestType] [  487] - 2
[INFO ][2016-01-13 15:08:07,375][com.java.TestType] [  482] -  str(2) = 3
[INFO ][2016-01-13 15:08:07,376][com.java.TestType] [11297] - Looping 1TCID = 2
[DEBUG][2016-01-13 15:08:07,376][com.java.TestType] [11338] - Concept ID:2 :: Step being Executed: 2::1
[INFO ][2016-01-13 15:08:07,376][com.java.TestType] [11376] - dataFields : BNK//select[@id='bank']
[DEBUG][2016-01-13 15:08:07,376][com.java.TestType] [11382] - <In Set values of the page>
[DEBUG][2016-01-13 15:08:07,376][com.java.TestType] [11387] - {Data Fields & Data Values Exist}
[INFO ][2016-01-13 15:08:07,377][com.java.TestType] [11393] - --------------------------setting values-----------------------------
[INFO ][2016-01-13 15:08:07,377][com.java.TestType] [11396] - Action Type : Select
[INFO ][2016-01-13 15:08:07,378][com.java.TestType] [ 6136] - value = PFC
[INFO ][2016-01-13 15:08:07,784][com.java.TestType] [11415] -  RESULT true
[INFO ][2016-01-13 15:08:07,784][com.java.TestType] [11532] - ?   P A S S   ?
[DEBUG][2016-01-13 15:08:07,784][com.java.TestType] [11338] - Concept ID:2 :: Step being Executed: 2::2
[INFO ][2016-01-13 15:08:07,784][com.java.TestType] [11376] - dataFields : LNKLogout
[DEBUG][2016-01-13 15:08:07,784][com.java.TestType] [11382] - <In Set values of the page>
[DEBUG][2016-01-13 15:08:07,784][com.java.TestType] [11387] - {Data Fields & Data Values Exist}
[INFO ][2016-01-13 15:08:07,784][com.java.TestType] [11393] - --------------------------setting values-----------------------------
[INFO ][2016-01-13 15:08:07,784][com.java.TestType] [11396] - Action Type : WaitTime
[DEBUG][2016-01-13 15:08:07,784][com.java.TestType] [ 5950] - sleepTime: 5000
[INFO ][2016-01-13 15:08:12,785][com.java.TestType] [11415] -  RESULT true
[INFO ][2016-01-13 15:08:12,785][com.java.TestType] [11532] - ?   P A S S   ?
[INFO ][2016-01-13 15:08:12,785][com.java.TestType] [11603] - Looping End......
[INFO ][2016-01-13 15:08:12,789][com.java.SeleniumDriver] [  930] -  RESULT true
[INFO ][2016-01-13 15:08:12,789][com.java.SeleniumDriver] [ 1136] - ?   P A S S   ?
[INFO ][2016-01-13 15:08:12,789][com.java.SeleniumDriver] [  856] - ------------------------------------------
[INFO ][2016-01-13 15:08:12,789][com.java.SeleniumDriver] [  857] - Test case being Executed: 1
[INFO ][2016-01-13 15:08:12,789][com.java.SeleniumDriver] [  869] - Test step:3
[INFO ][2016-01-13 15:08:12,789][com.java.SeleniumDriver] [  881] - Datavalue is----------2
[INFO ][2016-01-13 15:08:12,789][com.java.SeleniumDriver] [  905] - DataField : XPH//button[contains(text(),'Add Content')]
[INFO ][2016-01-13 15:08:12,790][com.java.SeleniumDriver] [  907] - DataValue : 2
[INFO ][2016-01-13 15:08:12,790][com.java.SeleniumDriver] [  913] - <In Set values of the page>
[INFO ][2016-01-13 15:08:12,790][com.java.SeleniumDriver] [  916] - {Data Fields & Data Values Exist}
[INFO ][2016-01-13 15:08:12,790][com.java.SeleniumDriver] [  918] - --------------------------setting values-----------------------------
[INFO ][2016-01-13 15:08:12,790][com.java.SeleniumDriver] [  921] - Action Type : WAITFORELEMENT
[INFO ][2016-01-13 15:08:12,829][com.java.SeleniumDriver] [  930] -  RESULT true
[INFO ][2016-01-13 15:08:12,829][com.java.SeleniumDriver] [ 1136] - ?   P A S S   ?
[DEBUG][2016-01-13 15:08:12,829][com.java.SeleniumDriver] [ 1248] - Case found
[DEBUG][2016-01-13 15:08:12,829][com.java.SeleniumDriver] [ 1253] - Incrementing ReportCounters[0]:1
[INFO ][2016-01-13 15:08:12,829][com.java.SeleniumDriver] [ 1272] - The results are-------------------[1, 1, Valid Login, Pass, , Wed Jan 13 15:08:07 IST 2016, 1, 2, Valid Login, Pass, , Wed Jan 13 15:08:12 IST 2016, 1, 3, Valid Login, Pass, , Wed Jan 13 15:08:12 IST 2016]
[INFO ][2016-01-13 15:08:12,829][com.java.SeleniumDriver] [ 1276] - End time is-------35 sec
[INFO ][2016-01-13 15:08:12,829][com.java.SeleniumDriver] [ 1277] - The results are-------------------[1, 1, Valid Login, Pass, , Wed Jan 13 15:08:07 IST 2016, 1, 2, Valid Login, Pass, , Wed Jan 13 15:08:12 IST 2016, 1, 3, Valid Login, Pass, , Wed Jan 13 15:08:12 IST 2016]
[DEBUG][2016-01-13 15:08:12,829][com.java.ImportnExport.ExportTestResultsExcel] [  222] - testResultPath = D:\BankersDashboard/TestReports/Test Results_BankersDashBoard_011316_150739_IE10_Any Bank USA.xls
[DEBUG][2016-01-13 15:08:12,830][com.java.ImportnExport.ExportTestResultsExcel] [  223] - browser is------------IE10
[DEBUG][2016-01-13 15:08:12,884][com.java.ImportnExport.ExportTestResultsExcel] [  270] - result.size() = 18
[DEBUG][2016-01-13 15:08:12,884][com.java.ImportnExport.ExportTestResultsExcel] [  274] - No of rows in sheet=1
[DEBUG][2016-01-13 15:08:12,884][com.java.ImportnExport.ExportTestResultsExcel] [  301] - ..in export..1
[DEBUG][2016-01-13 15:08:12,884][com.java.ImportnExport.ExportTestResultsExcel] [  301] - ..in export..Valid Login
[DEBUG][2016-01-13 15:08:12,884][com.java.ImportnExport.ExportTestResultsExcel] [  301] - ..in export..Pass
[DEBUG][2016-01-13 15:08:12,884][com.java.ImportnExport.ExportTestResultsExcel] [  301] - ..in export..
[DEBUG][2016-01-13 15:08:12,885][com.java.ImportnExport.ExportTestResultsExcel] [  301] - ..in export..Wed Jan 13 15:08:07 IST 2016
[INFO ][2016-01-13 15:08:12,890][com.java.SeleniumDriver] [ 1337] - out loop:0 size:2 TestCases:[1, 21] testcases:[1, 21]
[INFO ][2016-01-13 15:08:12,890][com.java.ImportnExport.ImportTestDataDetailsExcel] [   49] - test data details path===== D:\BankersDashboard\TestInputs\TestData.xls
[INFO ][2016-01-13 15:08:29,298][com.java.SeleniumDriver] [  856] - ------------------------------------------
[INFO ][2016-01-13 15:08:29,298][com.java.SeleniumDriver] [  857] - Test case being Executed: 21
[INFO ][2016-01-13 15:08:29,298][com.java.SeleniumDriver] [  869] - Test step:1
[INFO ][2016-01-13 15:08:29,298][com.java.SeleniumDriver] [  881] - Datavalue is----------Logout
[INFO ][2016-01-13 15:08:29,298][com.java.SeleniumDriver] [  905] - DataField : BTN
[INFO ][2016-01-13 15:08:29,298][com.java.SeleniumDriver] [  907] - DataValue : Logout
[INFO ][2016-01-13 15:08:29,298][com.java.SeleniumDriver] [  913] - <In Set values of the page>
[INFO ][2016-01-13 15:08:29,298][com.java.SeleniumDriver] [  916] - {Data Fields & Data Values Exist}
[INFO ][2016-01-13 15:08:29,298][com.java.SeleniumDriver] [  918] - --------------------------setting values-----------------------------
[INFO ][2016-01-13 15:08:29,298][com.java.SeleniumDriver] [  921] - Action Type : Verify
[INFO ][2016-01-13 15:08:29,298][com.java.TestType] [ 7635] - field= BTN value= Logout
[INFO ][2016-01-13 15:08:29,299][com.java.TestType] [ 6136] - value = Logout
[INFO ][2016-01-13 15:08:29,377][com.java.SeleniumDriver] [  930] -  RESULT true
[INFO ][2016-01-13 15:08:29,377][com.java.SeleniumDriver] [ 1136] - ?   P A S S   ?
[INFO ][2016-01-13 15:08:29,378][com.java.SeleniumDriver] [ 1178] - step change to 3
[INFO ][2016-01-13 15:08:29,378][com.java.SeleniumDriver] [  856] - ------------------------------------------
[INFO ][2016-01-13 15:08:29,378][com.java.SeleniumDriver] [  857] - Test case being Executed: 21
[INFO ][2016-01-13 15:08:29,378][com.java.SeleniumDriver] [  869] - Test step:3
[INFO ][2016-01-13 15:08:29,378][com.java.SeleniumDriver] [  881] - Datavalue is----------Concept#2:1-2
[INFO ][2016-01-13 15:08:29,378][com.java.SeleniumDriver] [  905] - DataField : test
[INFO ][2016-01-13 15:08:29,378][com.java.SeleniumDriver] [  907] - DataValue : Concept#2:1-2
[INFO ][2016-01-13 15:08:29,378][com.java.SeleniumDriver] [  913] - <In Set values of the page>
[INFO ][2016-01-13 15:08:29,378][com.java.SeleniumDriver] [  916] - {Data Fields & Data Values Exist}
[INFO ][2016-01-13 15:08:29,378][com.java.SeleniumDriver] [  918] - --------------------------setting values-----------------------------
[INFO ][2016-01-13 15:08:29,378][com.java.SeleniumDriver] [  921] - Action Type : ExecuteTestCase
[INFO ][2016-01-13 15:08:29,379][com.java.TestType] [  437] - The Concept sheet name is ---------- Concept
[INFO ][2016-01-13 15:08:29,379][com.java.TestType] [  440] - The Concept ID  is ---------- 2
[DEBUG][2016-01-13 15:08:29,379][com.java.TestType] [  444] - Steps being executted in the Concept are: 1:2
[INFO ][2016-01-13 15:08:29,379][com.java.TestType] [  451] - Test data details path ---------- D:\BankersDashboard\TestInputs\TestData.xls
[INFO ][2016-01-13 15:08:29,413][com.java.TestType] [  482] -  str(1) = 2
[INFO ][2016-01-13 15:08:29,413][com.java.TestType] [  485] - Test case Id is---2
[INFO ][2016-01-13 15:08:29,413][com.java.TestType] [  487] - 2
[INFO ][2016-01-13 15:08:29,413][com.java.TestType] [  482] -  str(2) = 1
[INFO ][2016-01-13 15:08:29,414][com.java.TestType] [  482] -  str(1) = 2
[INFO ][2016-01-13 15:08:29,414][com.java.TestType] [  485] - Test case Id is---2
[INFO ][2016-01-13 15:08:29,415][com.java.TestType] [  487] - 2
[INFO ][2016-01-13 15:08:29,415][com.java.TestType] [  482] -  str(2) = 2
[INFO ][2016-01-13 15:08:29,415][com.java.TestType] [  482] -  str(1) = 2
[INFO ][2016-01-13 15:08:29,415][com.java.TestType] [  485] - Test case Id is---2
[INFO ][2016-01-13 15:08:29,415][com.java.TestType] [  487] - 2
[INFO ][2016-01-13 15:08:29,416][com.java.TestType] [  482] -  str(2) = 3
[INFO ][2016-01-13 15:08:29,417][com.java.TestType] [11297] - Looping 1TCID = 2
[DEBUG][2016-01-13 15:08:29,417][com.java.TestType] [11338] - Concept ID:2 :: Step being Executed: 2::1
[INFO ][2016-01-13 15:08:29,417][com.java.TestType] [11376] - dataFields : BNK//select[@id='bank']
[DEBUG][2016-01-13 15:08:29,417][com.java.TestType] [11382] - <In Set values of the page>
[DEBUG][2016-01-13 15:08:29,417][com.java.TestType] [11387] - {Data Fields & Data Values Exist}
[INFO ][2016-01-13 15:08:29,417][com.java.TestType] [11393] - --------------------------setting values-----------------------------
[INFO ][2016-01-13 15:08:29,418][com.java.TestType] [11396] - Action Type : Select
[INFO ][2016-01-13 15:08:29,418][com.java.TestType] [ 6136] - value = PFC
[INFO ][2016-01-13 15:08:29,610][com.java.TestType] [11415] -  RESULT true
[INFO ][2016-01-13 15:08:29,610][com.java.TestType] [11532] - ?   P A S S   ?
[DEBUG][2016-01-13 15:08:29,610][com.java.TestType] [11338] - Concept ID:2 :: Step being Executed: 2::2
[INFO ][2016-01-13 15:08:29,610][com.java.TestType] [11376] - dataFields : LNKLogout
[DEBUG][2016-01-13 15:08:29,610][com.java.TestType] [11382] - <In Set values of the page>
[DEBUG][2016-01-13 15:08:29,610][com.java.TestType] [11387] - {Data Fields & Data Values Exist}
[INFO ][2016-01-13 15:08:29,610][com.java.TestType] [11393] - --------------------------setting values-----------------------------
[INFO ][2016-01-13 15:08:29,610][com.java.TestType] [11396] - Action Type : WaitTime
[DEBUG][2016-01-13 15:08:29,611][com.java.TestType] [ 5950] - sleepTime: 5000
[INFO ][2016-01-13 15:08:34,612][com.java.TestType] [11415] -  RESULT true
[INFO ][2016-01-13 15:08:34,612][com.java.TestType] [11532] - ?   P A S S   ?
[INFO ][2016-01-13 15:08:34,612][com.java.TestType] [11603] - Looping End......
[INFO ][2016-01-13 15:08:34,616][com.java.SeleniumDriver] [  930] -  RESULT true
[INFO ][2016-01-13 15:08:34,616][com.java.SeleniumDriver] [ 1136] - ?   P A S S   ?
[INFO ][2016-01-13 15:08:34,616][com.java.SeleniumDriver] [  856] - ------------------------------------------
[INFO ][2016-01-13 15:08:34,616][com.java.SeleniumDriver] [  857] - Test case being Executed: 21
[INFO ][2016-01-13 15:08:34,617][com.java.SeleniumDriver] [  869] - Test step:4
[INFO ][2016-01-13 15:08:34,617][com.java.SeleniumDriver] [  881] - Datavalue is----------null
[DEBUG][2016-01-13 15:08:34,619][com.java.SeleniumDriver] [  899] - Exception: null
[INFO ][2016-01-13 15:08:34,619][com.java.SeleniumDriver] [  905] - DataField : //span[@class='icon-user4']&&//a[text()='G/L Mapping']&&//a[@data-id="AcctMapping"]
[INFO ][2016-01-13 15:08:34,619][com.java.SeleniumDriver] [  907] - DataValue : 
[INFO ][2016-01-13 15:08:34,619][com.java.SeleniumDriver] [  913] - <In Set values of the page>
[INFO ][2016-01-13 15:08:34,619][com.java.SeleniumDriver] [  916] - {Data Fields & Data Values Exist}
[INFO ][2016-01-13 15:08:34,619][com.java.SeleniumDriver] [  918] - --------------------------setting values-----------------------------
[INFO ][2016-01-13 15:08:34,619][com.java.SeleniumDriver] [  921] - Action Type : MOUSEOVER
[INFO ][2016-01-13 15:09:01,447][com.java.SeleniumDriver] [  930] -  RESULT true
[INFO ][2016-01-13 15:09:01,447][com.java.SeleniumDriver] [ 1136] - ?   P A S S   ?
[INFO ][2016-01-13 15:09:01,447][com.java.SeleniumDriver] [  856] - ------------------------------------------
[INFO ][2016-01-13 15:09:01,447][com.java.SeleniumDriver] [  857] - Test case being Executed: 21
[INFO ][2016-01-13 15:09:01,447][com.java.SeleniumDriver] [  869] - Test step:5
[INFO ][2016-01-13 15:09:01,447][com.java.SeleniumDriver] [  881] - Datavalue is----------Assets
[INFO ][2016-01-13 15:09:01,447][com.java.SeleniumDriver] [  905] - DataField : XPH//span[@id="glMappingTabAssets"]
[INFO ][2016-01-13 15:09:01,447][com.java.SeleniumDriver] [  907] - DataValue : Assets
[INFO ][2016-01-13 15:09:01,447][com.java.SeleniumDriver] [  913] - <In Set values of the page>
[INFO ][2016-01-13 15:09:01,447][com.java.SeleniumDriver] [  916] - {Data Fields & Data Values Exist}
[INFO ][2016-01-13 15:09:01,447][com.java.SeleniumDriver] [  918] - --------------------------setting values-----------------------------
[INFO ][2016-01-13 15:09:01,447][com.java.SeleniumDriver] [  921] - Action Type : VERIFY
[INFO ][2016-01-13 15:09:01,448][com.java.TestType] [ 7635] - field= XPH//span[@id="glMappingTabAssets"] value= Assets
[INFO ][2016-01-13 15:09:01,448][com.java.TestType] [ 6136] - value = Assets
[INFO ][2016-01-13 15:09:01,571][com.java.SeleniumDriver] [  930] -  RESULT true
[INFO ][2016-01-13 15:09:01,571][com.java.SeleniumDriver] [ 1136] - ?   P A S S   ?
[INFO ][2016-01-13 15:09:01,572][com.java.SeleniumDriver] [  856] - ------------------------------------------
[INFO ][2016-01-13 15:09:01,572][com.java.SeleniumDriver] [  857] - Test case being Executed: 21
[INFO ][2016-01-13 15:09:01,572][com.java.SeleniumDriver] [  869] - Test step:6
[INFO ][2016-01-13 15:09:01,572][com.java.SeleniumDriver] [  881] - Datavalue is----------null
[DEBUG][2016-01-13 15:09:01,572][com.java.SeleniumDriver] [  899] - Exception: null
[INFO ][2016-01-13 15:09:01,572][com.java.SeleniumDriver] [  905] - DataField : XPH//div[@id='divGLMappingAccounts']//td[@class="dlg_Rowalt"][1]/a[1]
[INFO ][2016-01-13 15:09:01,572][com.java.SeleniumDriver] [  907] - DataValue : 
[INFO ][2016-01-13 15:09:01,572][com.java.SeleniumDriver] [  913] - <In Set values of the page>
[INFO ][2016-01-13 15:09:01,572][com.java.SeleniumDriver] [  916] - {Data Fields & Data Values Exist}
[INFO ][2016-01-13 15:09:01,572][com.java.SeleniumDriver] [  918] - --------------------------setting values-----------------------------
[INFO ][2016-01-13 15:09:01,572][com.java.SeleniumDriver] [  921] - Action Type : CLICK
[INFO ][2016-01-13 15:09:01,572][com.java.TestType] [ 6515] - Field ::XPH//div[@id='divGLMappingAccounts']//td[@class="dlg_Rowalt"][1]/a[1]
[INFO ][2016-01-13 15:09:01,572][com.java.TestType] [ 6136] - value = 
[INFO ][2016-01-13 15:09:02,573][com.java.TestType] [ 6652] - BEFORE CLICK
[INFO ][2016-01-13 15:09:06,233][com.java.TestType] [ 6660] - Unable to click the object GL A/C
[INFO ][2016-01-13 15:09:06,233][com.java.SeleniumDriver] [  930] -  RESULT true
[INFO ][2016-01-13 15:09:06,233][com.java.SeleniumDriver] [ 1136] - ?   P A S S   ?
[INFO ][2016-01-13 15:09:06,233][com.java.SeleniumDriver] [  856] - ------------------------------------------
[INFO ][2016-01-13 15:09:06,233][com.java.SeleniumDriver] [  857] - Test case being Executed: 21
[INFO ][2016-01-13 15:09:06,233][com.java.SeleniumDriver] [  869] - Test step:7
[INFO ][2016-01-13 15:09:06,233][com.java.SeleniumDriver] [  881] - Datavalue is----------20
[INFO ][2016-01-13 15:09:06,233][com.java.SeleniumDriver] [  905] - DataField : XPH//span[contains(text(),'GL Account Mapping')]
[INFO ][2016-01-13 15:09:06,233][com.java.SeleniumDriver] [  907] - DataValue : 20
[INFO ][2016-01-13 15:09:06,233][com.java.SeleniumDriver] [  913] - <In Set values of the page>
[INFO ][2016-01-13 15:09:06,233][com.java.SeleniumDriver] [  916] - {Data Fields & Data Values Exist}
[INFO ][2016-01-13 15:09:06,234][com.java.SeleniumDriver] [  918] - --------------------------setting values-----------------------------
[INFO ][2016-01-13 15:09:06,234][com.java.SeleniumDriver] [  921] - Action Type : WAITFORELEMENT
[INFO ][2016-01-13 15:09:06,273][com.java.SeleniumDriver] [  930] -  RESULT true
[INFO ][2016-01-13 15:09:06,273][com.java.SeleniumDriver] [ 1136] - ?   P A S S   ?
[INFO ][2016-01-13 15:09:06,273][com.java.SeleniumDriver] [  856] - ------------------------------------------
[INFO ][2016-01-13 15:09:06,273][com.java.SeleniumDriver] [  857] - Test case being Executed: 21
[INFO ][2016-01-13 15:09:06,273][com.java.SeleniumDriver] [  869] - Test step:8
[INFO ][2016-01-13 15:09:06,274][com.java.SeleniumDriver] [  881] - Datavalue is----------10
[INFO ][2016-01-13 15:09:06,274][com.java.SeleniumDriver] [  905] - DataField : BTNframeDialogContent
[INFO ][2016-01-13 15:09:06,274][com.java.SeleniumDriver] [  907] - DataValue : 10
[INFO ][2016-01-13 15:09:06,275][com.java.SeleniumDriver] [  913] - <In Set values of the page>
[INFO ][2016-01-13 15:09:06,275][com.java.SeleniumDriver] [  916] - {Data Fields & Data Values Exist}
[INFO ][2016-01-13 15:09:06,275][com.java.SeleniumDriver] [  918] - --------------------------setting values-----------------------------
[INFO ][2016-01-13 15:09:06,275][com.java.SeleniumDriver] [  921] - Action Type : WAITFORELEMENT
[INFO ][2016-01-13 15:09:08,336][com.java.SeleniumDriver] [  930] -  RESULT true
[INFO ][2016-01-13 15:09:08,336][com.java.SeleniumDriver] [ 1136] - ?   P A S S   ?
[INFO ][2016-01-13 15:09:08,336][com.java.SeleniumDriver] [  856] - ------------------------------------------
[INFO ][2016-01-13 15:09:08,336][com.java.SeleniumDriver] [  857] - Test case being Executed: 21
[INFO ][2016-01-13 15:09:08,336][com.java.SeleniumDriver] [  869] - Test step:9
[INFO ][2016-01-13 15:09:08,336][com.java.SeleniumDriver] [  881] - Datavalue is----------GL Account Mapping
[INFO ][2016-01-13 15:09:08,336][com.java.SeleniumDriver] [  905] - DataField : XPH//span[contains(text(),'GL Account Mapping')]
[INFO ][2016-01-13 15:09:08,336][com.java.SeleniumDriver] [  907] - DataValue : GL Account Mapping
[INFO ][2016-01-13 15:09:08,336][com.java.SeleniumDriver] [  913] - <In Set values of the page>
[INFO ][2016-01-13 15:09:08,336][com.java.SeleniumDriver] [  916] - {Data Fields & Data Values Exist}
[INFO ][2016-01-13 15:09:08,336][com.java.SeleniumDriver] [  918] - --------------------------setting values-----------------------------
[INFO ][2016-01-13 15:09:08,336][com.java.SeleniumDriver] [  921] - Action Type : VERIFY
[INFO ][2016-01-13 15:09:08,336][com.java.TestType] [ 7635] - field= XPH//span[contains(text(),'GL Account Mapping')] value= GL Account Mapping
[INFO ][2016-01-13 15:09:08,337][com.java.TestType] [ 6136] - value = GL Account Mapping
[INFO ][2016-01-13 15:09:08,445][com.java.SeleniumDriver] [  930] -  RESULT true
[INFO ][2016-01-13 15:09:08,445][com.java.SeleniumDriver] [ 1136] - ?   P A S S   ?
[INFO ][2016-01-13 15:09:08,445][com.java.SeleniumDriver] [  856] - ------------------------------------------
[INFO ][2016-01-13 15:09:08,445][com.java.SeleniumDriver] [  857] - Test case being Executed: 21
[INFO ][2016-01-13 15:09:08,445][com.java.SeleniumDriver] [  869] - Test step:10
[INFO ][2016-01-13 15:09:08,445][com.java.SeleniumDriver] [  881] - Datavalue is----------null
[DEBUG][2016-01-13 15:09:08,445][com.java.SeleniumDriver] [  899] - Exception: null
[INFO ][2016-01-13 15:09:08,445][com.java.SeleniumDriver] [  905] - DataField : BTNframeDialogContent
[INFO ][2016-01-13 15:09:08,445][com.java.SeleniumDriver] [  907] - DataValue : 
[INFO ][2016-01-13 15:09:08,445][com.java.SeleniumDriver] [  913] - <In Set values of the page>
[INFO ][2016-01-13 15:09:08,445][com.java.SeleniumDriver] [  916] - {Data Fields & Data Values Exist}
[INFO ][2016-01-13 15:09:08,445][com.java.SeleniumDriver] [  918] - --------------------------setting values-----------------------------
[INFO ][2016-01-13 15:09:08,446][com.java.SeleniumDriver] [  921] - Action Type : SELECTFRAME
[INFO ][2016-01-13 15:09:10,507][com.java.SeleniumDriver] [  930] -  RESULT true
[INFO ][2016-01-13 15:09:10,507][com.java.SeleniumDriver] [ 1136] - ?   P A S S   ?
[INFO ][2016-01-13 15:09:10,507][com.java.SeleniumDriver] [  856] - ------------------------------------------
[INFO ][2016-01-13 15:09:10,507][com.java.SeleniumDriver] [  857] - Test case being Executed: 21
[INFO ][2016-01-13 15:09:10,507][com.java.SeleniumDriver] [  869] - Test step:11
[INFO ][2016-01-13 15:09:10,507][com.java.SeleniumDriver] [  881] - Datavalue is----------Assets
[INFO ][2016-01-13 15:09:10,507][com.java.SeleniumDriver] [  905] - DataField : XPH//div[@id="dynatreeDiv"]//a[@class="dynatree-title"][1]
[INFO ][2016-01-13 15:09:10,507][com.java.SeleniumDriver] [  907] - DataValue : Assets
[INFO ][2016-01-13 15:09:10,507][com.java.SeleniumDriver] [  913] - <In Set values of the page>
[INFO ][2016-01-13 15:09:10,507][com.java.SeleniumDriver] [  916] - {Data Fields & Data Values Exist}
[INFO ][2016-01-13 15:09:10,507][com.java.SeleniumDriver] [  918] - --------------------------setting values-----------------------------
[INFO ][2016-01-13 15:09:10,507][com.java.SeleniumDriver] [  921] - Action Type : STOREVALUE
[INFO ][2016-01-13 15:09:10,508][com.java.TestType] [ 9057] - field= XPH//div[@id="dynatreeDiv"]//a[@class="dynatree-title"][1]
[DEBUG][2016-01-13 15:09:10,585][com.java.TestType] [ 9112] - Key:: Assets   Value:: Assets
[INFO ][2016-01-13 15:09:10,585][com.java.SeleniumDriver] [  930] -  RESULT true
[INFO ][2016-01-13 15:09:10,585][com.java.SeleniumDriver] [ 1136] - ?   P A S S   ?
[INFO ][2016-01-13 15:09:10,585][com.java.SeleniumDriver] [  856] - ------------------------------------------
[INFO ][2016-01-13 15:09:10,585][com.java.SeleniumDriver] [  857] - Test case being Executed: 21
[INFO ][2016-01-13 15:09:10,585][com.java.SeleniumDriver] [  869] - Test step:12
[INFO ][2016-01-13 15:09:10,585][com.java.SeleniumDriver] [  881] - Datavalue is----------Assets::dynatree-exp-e
[INFO ][2016-01-13 15:09:10,585][com.java.SeleniumDriver] [  905] - DataField : CCM//a[contains(text(),'mytext')]/parent::span
[INFO ][2016-01-13 15:09:10,585][com.java.SeleniumDriver] [  907] - DataValue : Assets::dynatree-exp-e
[INFO ][2016-01-13 15:09:10,586][com.java.SeleniumDriver] [  913] - <In Set values of the page>
[INFO ][2016-01-13 15:09:10,586][com.java.SeleniumDriver] [  916] - {Data Fields & Data Values Exist}
[INFO ][2016-01-13 15:09:10,586][com.java.SeleniumDriver] [  918] - --------------------------setting values-----------------------------
[INFO ][2016-01-13 15:09:10,587][com.java.SeleniumDriver] [  921] - Action Type : VERIFY
[INFO ][2016-01-13 15:09:10,587][com.java.TestType] [ 7635] - field= CCM//a[contains(text(),'mytext')]/parent::span value= Assets::dynatree-exp-e
[INFO ][2016-01-13 15:09:10,587][com.java.TestType] [ 6136] - value = Assets::dynatree-exp-e
[INFO ][2016-01-13 15:14:26,563][com.java.SeleniumDriver] [  930] -  RESULT true
[INFO ][2016-01-13 15:14:26,563][com.java.SeleniumDriver] [ 1136] - ?   P A S S   ?
[INFO ][2016-01-13 15:14:26,563][com.java.SeleniumDriver] [ 1178] - step change to 14
[INFO ][2016-01-13 15:14:26,564][com.java.SeleniumDriver] [  856] - ------------------------------------------
[INFO ][2016-01-13 15:14:26,564][com.java.SeleniumDriver] [  857] - Test case being Executed: 21
[INFO ][2016-01-13 15:14:26,564][com.java.SeleniumDriver] [  869] - Test step:14
[INFO ][2016-01-13 15:14:26,564][com.java.SeleniumDriver] [  881] - Datavalue is----------AssetsChild
[INFO ][2016-01-13 15:14:26,564][com.java.SeleniumDriver] [  905] - DataField : XPH//div[@id="dynatreeDiv"]//li[1]//ul[1]//a[@class="dynatree-title"]
[INFO ][2016-01-13 15:14:26,564][com.java.SeleniumDriver] [  907] - DataValue : AssetsChild
[INFO ][2016-01-13 15:14:26,564][com.java.SeleniumDriver] [  913] - <In Set values of the page>
[INFO ][2016-01-13 15:14:26,564][com.java.SeleniumDriver] [  916] - {Data Fields & Data Values Exist}
[INFO ][2016-01-13 15:14:26,564][com.java.SeleniumDriver] [  918] - --------------------------setting values-----------------------------
[INFO ][2016-01-13 15:14:26,564][com.java.SeleniumDriver] [  921] - Action Type : STOREVALUE
[INFO ][2016-01-13 15:14:26,565][com.java.TestType] [ 9057] - field= XPH//div[@id="dynatreeDiv"]//li[1]//ul[1]//a[@class="dynatree-title"]
[DEBUG][2016-01-13 15:14:26,658][com.java.TestType] [ 9112] - Key:: AssetsChild   Value:: Cash and due from banks
[INFO ][2016-01-13 15:14:26,658][com.java.SeleniumDriver] [  930] -  RESULT true
[INFO ][2016-01-13 15:14:26,658][com.java.SeleniumDriver] [ 1136] - ?   P A S S   ?
[INFO ][2016-01-13 15:14:26,658][com.java.SeleniumDriver] [  856] - ------------------------------------------
[INFO ][2016-01-13 15:14:26,658][com.java.SeleniumDriver] [  857] - Test case being Executed: 21
[INFO ][2016-01-13 15:14:26,658][com.java.SeleniumDriver] [  869] - Test step:15
[INFO ][2016-01-13 15:14:26,658][com.java.SeleniumDriver] [  881] - Datavalue is----------AssetsChild::dynatree-exp-e
[INFO ][2016-01-13 15:14:26,658][com.java.SeleniumDriver] [  905] - DataField : CCM//a[contains(text(),'mytext')]/parent::span
[INFO ][2016-01-13 15:14:26,658][com.java.SeleniumDriver] [  907] - DataValue : AssetsChild::dynatree-exp-e
[INFO ][2016-01-13 15:14:26,658][com.java.SeleniumDriver] [  913] - <In Set values of the page>
[INFO ][2016-01-13 15:14:26,658][com.java.SeleniumDriver] [  916] - {Data Fields & Data Values Exist}
[INFO ][2016-01-13 15:14:26,658][com.java.SeleniumDriver] [  918] - --------------------------setting values-----------------------------
[INFO ][2016-01-13 15:14:26,659][com.java.SeleniumDriver] [  921] - Action Type : VERIFY
[INFO ][2016-01-13 15:14:26,659][com.java.TestType] [ 7635] - field= CCM//a[contains(text(),'mytext')]/parent::span value= AssetsChild::dynatree-exp-e
[INFO ][2016-01-13 15:14:26,659][com.java.TestType] [ 6136] - value = 
[DEBUG][2016-01-13 15:14:26,661][com.java.TestType] [ 8919] - Exception: 
[DEBUG][2016-01-13 15:14:26,661][com.java.TestType] [ 8922] - Element not replaced::
[INFO ][2016-01-13 15:14:26,661][com.java.SeleniumDriver] [  930] -  RESULT false
[INFO ][2016-01-13 15:14:26,661][com.java.SeleniumDriver] [  977] - ?   F A I L   ?
[INFO ][2016-01-13 15:14:26,661][com.java.SeleniumDriver] [  985] - Browser Type : IE10
[INFO ][2016-01-13 15:14:26,661][com.java.SeleniumDriver] [  986] - Adding Failed case21
[DEBUG][2016-01-13 15:14:26,841][com.java.SeleniumDriver] [ 1054] -  tdd.getCondition() IF:17:Next
[INFO ][2016-01-13 15:14:26,842][com.java.SeleniumDriver] [ 1058] - Continue next step...
[INFO ][2016-01-13 15:14:26,843][com.java.SeleniumDriver] [  856] - ------------------------------------------
[INFO ][2016-01-13 15:14:26,843][com.java.SeleniumDriver] [  857] - Test case being Executed: 21
[INFO ][2016-01-13 15:14:26,844][com.java.SeleniumDriver] [  869] - Test step:16
[INFO ][2016-01-13 15:14:26,844][com.java.SeleniumDriver] [  881] - Datavalue is----------HMVAssetsChild
[INFO ][2016-01-13 15:14:26,844][com.java.SeleniumDriver] [  905] - DataField : FCV//a
[INFO ][2016-01-13 15:14:26,844][com.java.SeleniumDriver] [  907] - DataValue : HMVAssetsChild
[INFO ][2016-01-13 15:14:26,844][com.java.SeleniumDriver] [  913] - <In Set values of the page>
[INFO ][2016-01-13 15:14:26,844][com.java.SeleniumDriver] [  916] - {Data Fields & Data Values Exist}
[INFO ][2016-01-13 15:14:26,844][com.java.SeleniumDriver] [  918] - --------------------------setting values-----------------------------
[INFO ][2016-01-13 15:14:26,844][com.java.SeleniumDriver] [  921] - Action Type : CLICK
[INFO ][2016-01-13 15:14:26,844][com.java.TestType] [ 6515] - Field ::FCV//a
[INFO ][2016-01-13 15:14:26,844][com.java.TestType] [ 6136] - value = Cash and due from banks
[INFO ][2016-01-13 15:14:27,844][com.java.TestType] [ 6533] - BEFORE CLICK on //a[contains(text(),'Cash and due from banks')]
[INFO ][2016-01-13 15:14:28,048][com.java.SeleniumDriver] [  930] -  RESULT true
[INFO ][2016-01-13 15:14:28,048][com.java.SeleniumDriver] [ 1136] - ?   P A S S   ?
[INFO ][2016-01-13 15:14:28,048][com.java.SeleniumDriver] [  856] - ------------------------------------------
[INFO ][2016-01-13 15:14:28,048][com.java.SeleniumDriver] [  857] - Test case being Executed: 21
[INFO ][2016-01-13 15:14:28,048][com.java.SeleniumDriver] [  869] - Test step:17
[INFO ][2016-01-13 15:14:28,048][com.java.SeleniumDriver] [  881] - Datavalue is----------CashTeller
[INFO ][2016-01-13 15:14:28,048][com.java.SeleniumDriver] [  905] - DataField : XPH//div[@id="dynatreeDiv"]//span[contains(@class,'dynatree-selected')]/a
[INFO ][2016-01-13 15:14:28,048][com.java.SeleniumDriver] [  907] - DataValue : CashTeller
[INFO ][2016-01-13 15:14:28,048][com.java.SeleniumDriver] [  913] - <In Set values of the page>
[INFO ][2016-01-13 15:14:28,048][com.java.SeleniumDriver] [  916] - {Data Fields & Data Values Exist}
[INFO ][2016-01-13 15:14:28,048][com.java.SeleniumDriver] [  918] - --------------------------setting values-----------------------------
[INFO ][2016-01-13 15:14:28,049][com.java.SeleniumDriver] [  921] - Action Type : STOREVALUE
[INFO ][2016-01-13 15:14:28,049][com.java.TestType] [ 9057] - field= XPH//div[@id="dynatreeDiv"]//span[contains(@class,'dynatree-selected')]/a
[DEBUG][2016-01-13 15:14:28,116][com.java.TestType] [ 9112] - Key:: CashTeller   Value:: Cash - Teller
[INFO ][2016-01-13 15:14:28,116][com.java.SeleniumDriver] [  930] -  RESULT true
[INFO ][2016-01-13 15:14:28,116][com.java.SeleniumDriver] [ 1136] - ?   P A S S   ?
[INFO ][2016-01-13 15:14:28,116][com.java.SeleniumDriver] [  856] - ------------------------------------------
[INFO ][2016-01-13 15:14:28,116][com.java.SeleniumDriver] [  857] - Test case being Executed: 21
[INFO ][2016-01-13 15:14:28,116][com.java.SeleniumDriver] [  869] - Test step:18
[INFO ][2016-01-13 15:14:28,116][com.java.SeleniumDriver] [  881] - Datavalue is----------null
[DEBUG][2016-01-13 15:14:28,116][com.java.SeleniumDriver] [  899] - Exception: null
[INFO ][2016-01-13 15:14:28,116][com.java.SeleniumDriver] [  905] - DataField : XPH//div[@id="dynatreeDiv"]//span[contains(@class,'dynatree-selected')]/a
[INFO ][2016-01-13 15:14:28,116][com.java.SeleniumDriver] [  907] - DataValue : 
[INFO ][2016-01-13 15:14:28,116][com.java.SeleniumDriver] [  913] - <In Set values of the page>
[INFO ][2016-01-13 15:14:28,116][com.java.SeleniumDriver] [  916] - {Data Fields & Data Values Exist}
[INFO ][2016-01-13 15:14:28,116][com.java.SeleniumDriver] [  918] - --------------------------setting values-----------------------------
[INFO ][2016-01-13 15:14:28,117][com.java.SeleniumDriver] [  921] - Action Type : CLICK
[INFO ][2016-01-13 15:14:28,117][com.java.TestType] [ 6515] - Field ::XPH//div[@id="dynatreeDiv"]//span[contains(@class,'dynatree-selected')]/a
[INFO ][2016-01-13 15:14:28,117][com.java.TestType] [ 6136] - value = 
[INFO ][2016-01-13 15:14:29,117][com.java.TestType] [ 6652] - BEFORE CLICK
[INFO ][2016-01-13 15:14:29,870][com.java.TestType] [ 6660] - Unable to click the object Cash - Teller
[INFO ][2016-01-13 15:14:29,870][com.java.SeleniumDriver] [  930] -  RESULT true
[INFO ][2016-01-13 15:14:29,870][com.java.SeleniumDriver] [ 1136] - ?   P A S S   ?
[INFO ][2016-01-13 15:14:29,870][com.java.SeleniumDriver] [  856] - ------------------------------------------
[INFO ][2016-01-13 15:14:29,870][com.java.SeleniumDriver] [  857] - Test case being Executed: 21
[INFO ][2016-01-13 15:14:29,870][com.java.SeleniumDriver] [  869] - Test step:19
[INFO ][2016-01-13 15:14:29,870][com.java.SeleniumDriver] [  881] - Datavalue is----------HMVCashTeller
[INFO ][2016-01-13 15:14:29,870][com.java.SeleniumDriver] [  905] - DataField : XPH//div[@id="dynatreeDiv"]//span[contains(@class,'dynatree-selected')]/a
[INFO ][2016-01-13 15:14:29,870][com.java.SeleniumDriver] [  907] - DataValue : HMVCashTeller
[INFO ][2016-01-13 15:14:29,870][com.java.SeleniumDriver] [  913] - <In Set values of the page>
[INFO ][2016-01-13 15:14:29,870][com.java.SeleniumDriver] [  916] - {Data Fields & Data Values Exist}
[INFO ][2016-01-13 15:14:29,870][com.java.SeleniumDriver] [  918] - --------------------------setting values-----------------------------
[INFO ][2016-01-13 15:14:29,870][com.java.SeleniumDriver] [  921] - Action Type : VERIFY
[INFO ][2016-01-13 15:14:29,871][com.java.TestType] [ 7635] - field= XPH//div[@id="dynatreeDiv"]//span[contains(@class,'dynatree-selected')]/a value= HMVCashTeller
[INFO ][2016-01-13 15:14:29,871][com.java.TestType] [ 6136] - value = Cash - Teller
[INFO ][2016-01-13 15:14:29,928][com.java.SeleniumDriver] [  930] -  RESULT true
[INFO ][2016-01-13 15:14:29,928][com.java.SeleniumDriver] [ 1136] - ?   P A S S   ?
[INFO ][2016-01-13 15:14:29,928][com.java.SeleniumDriver] [  856] - ------------------------------------------
[INFO ][2016-01-13 15:14:29,928][com.java.SeleniumDriver] [  857] - Test case being Executed: 21
[INFO ][2016-01-13 15:14:29,928][com.java.SeleniumDriver] [  869] - Test step:20
[INFO ][2016-01-13 15:14:29,929][com.java.SeleniumDriver] [  881] - Datavalue is----------5
[INFO ][2016-01-13 15:14:29,929][com.java.SeleniumDriver] [  905] - DataField : null
[INFO ][2016-01-13 15:14:29,929][com.java.SeleniumDriver] [  907] - DataValue : 5
[INFO ][2016-01-13 15:14:29,929][com.java.SeleniumDriver] [  913] - <In Set values of the page>
[INFO ][2016-01-13 15:14:29,929][com.java.SeleniumDriver] [  916] - {Data Fields & Data Values Exist}
[INFO ][2016-01-13 15:14:29,929][com.java.SeleniumDriver] [  918] - --------------------------setting values-----------------------------
[INFO ][2016-01-13 15:14:29,929][com.java.SeleniumDriver] [  921] - Action Type : WAITTIME
[DEBUG][2016-01-13 15:14:29,929][com.java.TestType] [ 5950] - sleepTime: 5000
[INFO ][2016-01-13 15:14:34,931][com.java.SeleniumDriver] [  930] -  RESULT true
[INFO ][2016-01-13 15:14:34,931][com.java.SeleniumDriver] [ 1136] - ?   P A S S   ?
[INFO ][2016-01-13 15:14:34,931][com.java.SeleniumDriver] [  856] - ------------------------------------------
[INFO ][2016-01-13 15:14:34,931][com.java.SeleniumDriver] [  857] - Test case being Executed: 21
[INFO ][2016-01-13 15:14:34,931][com.java.SeleniumDriver] [  869] - Test step:21
[INFO ][2016-01-13 15:14:34,933][com.java.SeleniumDriver] [  881] - Datavalue is----------null
[DEBUG][2016-01-13 15:14:34,935][com.java.SeleniumDriver] [  899] - Exception: null
[INFO ][2016-01-13 15:14:34,935][com.java.SeleniumDriver] [  905] - DataField : BTNparent
[INFO ][2016-01-13 15:14:34,935][com.java.SeleniumDriver] [  907] - DataValue : 
[INFO ][2016-01-13 15:14:34,935][com.java.SeleniumDriver] [  913] - <In Set values of the page>
[INFO ][2016-01-13 15:14:34,935][com.java.SeleniumDriver] [  916] - {Data Fields & Data Values Exist}
[INFO ][2016-01-13 15:14:34,935][com.java.SeleniumDriver] [  918] - --------------------------setting values-----------------------------
[INFO ][2016-01-13 15:14:34,935][com.java.SeleniumDriver] [  921] - Action Type : SELECTFRAME
[INFO ][2016-01-13 15:14:34,951][com.java.SeleniumDriver] [  930] -  RESULT true
[INFO ][2016-01-13 15:14:34,951][com.java.SeleniumDriver] [ 1136] - ?   P A S S   ?
[INFO ][2016-01-13 15:14:34,951][com.java.SeleniumDriver] [  856] - ------------------------------------------
[INFO ][2016-01-13 15:14:34,951][com.java.SeleniumDriver] [  857] - Test case being Executed: 21
[INFO ][2016-01-13 15:14:34,951][com.java.SeleniumDriver] [  869] - Test step:22
[INFO ][2016-01-13 15:14:34,952][com.java.SeleniumDriver] [  881] - Datavalue is----------null
[DEBUG][2016-01-13 15:14:34,952][com.java.SeleniumDriver] [  899] - Exception: null
[INFO ][2016-01-13 15:14:34,952][com.java.SeleniumDriver] [  905] - DataField : HDN//span[contains(text(),'Finished')]
[INFO ][2016-01-13 15:14:34,952][com.java.SeleniumDriver] [  907] - DataValue : 
[INFO ][2016-01-13 15:14:34,952][com.java.SeleniumDriver] [  913] - <In Set values of the page>
[INFO ][2016-01-13 15:14:34,952][com.java.SeleniumDriver] [  916] - {Data Fields & Data Values Exist}
[INFO ][2016-01-13 15:14:34,952][com.java.SeleniumDriver] [  918] - --------------------------setting values-----------------------------
[INFO ][2016-01-13 15:14:34,952][com.java.SeleniumDriver] [  921] - Action Type : CLICK
[INFO ][2016-01-13 15:14:34,952][com.java.TestType] [ 6515] - Field ::HDN//span[contains(text(),'Finished')]
[INFO ][2016-01-13 15:14:34,952][com.java.TestType] [ 6136] - value = 
[INFO ][2016-01-13 15:14:36,165][com.java.SeleniumDriver] [  930] -  RESULT true
[INFO ][2016-01-13 15:14:36,165][com.java.SeleniumDriver] [ 1136] - ?   P A S S   ?
[INFO ][2016-01-13 15:14:36,165][com.java.SeleniumDriver] [  856] - ------------------------------------------
[INFO ][2016-01-13 15:14:36,165][com.java.SeleniumDriver] [  857] - Test case being Executed: 21
[INFO ][2016-01-13 15:14:36,165][com.java.SeleniumDriver] [  869] - Test step:23
[INFO ][2016-01-13 15:14:36,165][com.java.SeleniumDriver] [  881] - Datavalue is----------5
[INFO ][2016-01-13 15:14:36,165][com.java.SeleniumDriver] [  905] - DataField : null
[INFO ][2016-01-13 15:14:36,165][com.java.SeleniumDriver] [  907] - DataValue : 5
[INFO ][2016-01-13 15:14:36,165][com.java.SeleniumDriver] [  913] - <In Set values of the page>
[INFO ][2016-01-13 15:14:36,165][com.java.SeleniumDriver] [  916] - {Data Fields & Data Values Exist}
[INFO ][2016-01-13 15:14:36,166][com.java.SeleniumDriver] [  918] - --------------------------setting values-----------------------------
[INFO ][2016-01-13 15:14:36,166][com.java.SeleniumDriver] [  921] - Action Type : WAITTIME
[DEBUG][2016-01-13 15:14:36,166][com.java.TestType] [ 5950] - sleepTime: 5000
[INFO ][2016-01-13 15:14:41,167][com.java.SeleniumDriver] [  930] -  RESULT true
[INFO ][2016-01-13 15:14:41,167][com.java.SeleniumDriver] [ 1136] - ?   P A S S   ?
[INFO ][2016-01-13 15:14:41,167][com.java.SeleniumDriver] [  856] - ------------------------------------------
[INFO ][2016-01-13 15:14:41,167][com.java.SeleniumDriver] [  857] - Test case being Executed: 21
[INFO ][2016-01-13 15:14:41,167][com.java.SeleniumDriver] [  869] - Test step:24
[INFO ][2016-01-13 15:14:41,167][com.java.SeleniumDriver] [  881] - Datavalue is----------GL Acct Mapping
[INFO ][2016-01-13 15:14:41,167][com.java.SeleniumDriver] [  905] - DataField : XPH//a[@title="GL Acct Mapping"]
[INFO ][2016-01-13 15:14:41,167][com.java.SeleniumDriver] [  907] - DataValue : GL Acct Mapping
[INFO ][2016-01-13 15:14:41,167][com.java.SeleniumDriver] [  913] - <In Set values of the page>
[INFO ][2016-01-13 15:14:41,167][com.java.SeleniumDriver] [  916] - {Data Fields & Data Values Exist}
[INFO ][2016-01-13 15:14:41,167][com.java.SeleniumDriver] [  918] - --------------------------setting values-----------------------------
[INFO ][2016-01-13 15:14:41,167][com.java.SeleniumDriver] [  921] - Action Type : VERIFY
[INFO ][2016-01-13 15:14:41,168][com.java.TestType] [ 7635] - field= XPH//a[@title="GL Acct Mapping"] value= GL Acct Mapping
[INFO ][2016-01-13 15:14:41,169][com.java.TestType] [ 6136] - value = GL Acct Mapping
[INFO ][2016-01-13 15:14:41,293][com.java.SeleniumDriver] [  930] -  RESULT true
[INFO ][2016-01-13 15:14:41,293][com.java.SeleniumDriver] [ 1136] - ?   P A S S   ?
[INFO ][2016-01-13 15:14:41,293][com.java.SeleniumDriver] [  856] - ------------------------------------------
[INFO ][2016-01-13 15:14:41,293][com.java.SeleniumDriver] [  857] - Test case being Executed: 21
[INFO ][2016-01-13 15:14:41,293][com.java.SeleniumDriver] [  869] - Test step:25
[INFO ][2016-01-13 15:14:41,293][com.java.SeleniumDriver] [  881] - Datavalue is----------HMVCashTeller
[INFO ][2016-01-13 15:14:41,293][com.java.SeleniumDriver] [  905] - DataField : XPH//div[@id='divGLMappingAccounts']/table/tbody/tr[1]/td[2]
[INFO ][2016-01-13 15:14:41,293][com.java.SeleniumDriver] [  907] - DataValue : HMVCashTeller
[INFO ][2016-01-13 15:14:41,293][com.java.SeleniumDriver] [  913] - <In Set values of the page>
[INFO ][2016-01-13 15:14:41,293][com.java.SeleniumDriver] [  916] - {Data Fields & Data Values Exist}
[INFO ][2016-01-13 15:14:41,293][com.java.SeleniumDriver] [  918] - --------------------------setting values-----------------------------
[INFO ][2016-01-13 15:14:41,293][com.java.SeleniumDriver] [  921] - Action Type : VERIFY
[INFO ][2016-01-13 15:14:41,293][com.java.TestType] [ 7635] - field= XPH//div[@id='divGLMappingAccounts']/table/tbody/tr[1]/td[2] value= HMVCashTeller
[INFO ][2016-01-13 15:14:41,294][com.java.TestType] [ 6136] - value = Cash - Teller
[INFO ][2016-01-13 15:14:41,410][com.java.SeleniumDriver] [  930] -  RESULT true
[INFO ][2016-01-13 15:14:41,410][com.java.SeleniumDriver] [ 1136] - ?   P A S S   ?
[INFO ][2016-01-13 15:14:41,410][com.java.SeleniumDriver] [  856] - ------------------------------------------
[INFO ][2016-01-13 15:14:41,410][com.java.SeleniumDriver] [  857] - Test case being Executed: 21
[INFO ][2016-01-13 15:14:41,410][com.java.SeleniumDriver] [  869] - Test step:26
[INFO ][2016-01-13 15:14:41,410][com.java.SeleniumDriver] [  881] - Datavalue is----------null
[DEBUG][2016-01-13 15:14:41,410][com.java.SeleniumDriver] [  899] - Exception: null
[INFO ][2016-01-13 15:14:41,410][com.java.SeleniumDriver] [  905] - DataField : BTNparent
[INFO ][2016-01-13 15:14:41,410][com.java.SeleniumDriver] [  907] - DataValue : 
[INFO ][2016-01-13 15:14:41,410][com.java.SeleniumDriver] [  913] - <In Set values of the page>
[INFO ][2016-01-13 15:14:41,410][com.java.SeleniumDriver] [  916] - {Data Fields & Data Values Exist}
[INFO ][2016-01-13 15:14:41,410][com.java.SeleniumDriver] [  918] - --------------------------setting values-----------------------------
[INFO ][2016-01-13 15:14:41,411][com.java.SeleniumDriver] [  921] - Action Type : SELECTFRAME
[INFO ][2016-01-13 15:14:41,427][com.java.SeleniumDriver] [  930] -  RESULT true
[INFO ][2016-01-13 15:14:41,427][com.java.SeleniumDriver] [ 1136] - ?   P A S S   ?
[INFO ][2016-01-13 15:14:41,427][com.java.SeleniumDriver] [  856] - ------------------------------------------
[INFO ][2016-01-13 15:14:41,427][com.java.SeleniumDriver] [  857] - Test case being Executed: 21
[INFO ][2016-01-13 15:14:41,427][com.java.SeleniumDriver] [  869] - Test step:27
[INFO ][2016-01-13 15:14:41,427][com.java.SeleniumDriver] [  881] - Datavalue is----------null
[DEBUG][2016-01-13 15:14:41,427][com.java.SeleniumDriver] [  899] - Exception: null
[INFO ][2016-01-13 15:14:41,428][com.java.SeleniumDriver] [  905] - DataField : BTNcloseAllTabs
[INFO ][2016-01-13 15:14:41,428][com.java.SeleniumDriver] [  907] - DataValue : 
[INFO ][2016-01-13 15:14:41,428][com.java.SeleniumDriver] [  913] - <In Set values of the page>
[INFO ][2016-01-13 15:14:41,428][com.java.SeleniumDriver] [  916] - {Data Fields & Data Values Exist}
[INFO ][2016-01-13 15:14:41,428][com.java.SeleniumDriver] [  918] - --------------------------setting values-----------------------------
[INFO ][2016-01-13 15:14:41,428][com.java.SeleniumDriver] [  921] - Action Type : CLICK
[INFO ][2016-01-13 15:14:41,428][com.java.TestType] [ 6515] - Field ::BTNcloseAllTabs
[INFO ][2016-01-13 15:14:41,428][com.java.TestType] [ 6136] - value = 
[INFO ][2016-01-13 15:14:42,428][com.java.TestType] [ 6631] - BEFORE CLICK
[INFO ][2016-01-13 15:14:44,847][com.java.TestType] [ 6638] - Unable to click the object Close all tabs button
[INFO ][2016-01-13 15:14:44,847][com.java.SeleniumDriver] [  930] -  RESULT true
[INFO ][2016-01-13 15:14:44,847][com.java.SeleniumDriver] [ 1136] - ?   P A S S   ?
[INFO ][2016-01-13 15:14:44,847][com.java.SeleniumDriver] [  856] - ------------------------------------------
[INFO ][2016-01-13 15:14:44,847][com.java.SeleniumDriver] [  857] - Test case being Executed: 21
[INFO ][2016-01-13 15:14:44,847][com.java.SeleniumDriver] [  869] - Test step:28
[INFO ][2016-01-13 15:14:44,847][com.java.SeleniumDriver] [  881] - Datavalue is----------5
[INFO ][2016-01-13 15:14:44,847][com.java.SeleniumDriver] [  905] - DataField : XPH//div[contains(text(), 'My Dashboard')]
[INFO ][2016-01-13 15:14:44,847][com.java.SeleniumDriver] [  907] - DataValue : 5
[INFO ][2016-01-13 15:14:44,847][com.java.SeleniumDriver] [  913] - <In Set values of the page>
[INFO ][2016-01-13 15:14:44,847][com.java.SeleniumDriver] [  916] - {Data Fields & Data Values Exist}
[INFO ][2016-01-13 15:14:44,847][com.java.SeleniumDriver] [  918] - --------------------------setting values-----------------------------
[INFO ][2016-01-13 15:14:44,848][com.java.SeleniumDriver] [  921] - Action Type : WAITFORELEMENT
[INFO ][2016-01-13 15:14:44,884][com.java.SeleniumDriver] [  930] -  RESULT true
[INFO ][2016-01-13 15:14:44,884][com.java.SeleniumDriver] [ 1136] - ?   P A S S   ?
[INFO ][2016-01-13 15:14:44,884][com.java.SeleniumDriver] [  856] - ------------------------------------------
[INFO ][2016-01-13 15:14:44,884][com.java.SeleniumDriver] [  857] - Test case being Executed: 21
[INFO ][2016-01-13 15:14:44,884][com.java.SeleniumDriver] [  869] - Test step:29
[INFO ][2016-01-13 15:14:44,884][com.java.SeleniumDriver] [  881] - Datavalue is----------//div[contains(text(), 'My Dashboard')]
[INFO ][2016-01-13 15:14:44,884][com.java.SeleniumDriver] [  905] - DataField : BTN
[INFO ][2016-01-13 15:14:44,884][com.java.SeleniumDriver] [  907] - DataValue : //div[contains(text(), 'My Dashboard')]
[INFO ][2016-01-13 15:14:44,884][com.java.SeleniumDriver] [  913] - <In Set values of the page>
[INFO ][2016-01-13 15:14:44,884][com.java.SeleniumDriver] [  916] - {Data Fields & Data Values Exist}
[INFO ][2016-01-13 15:14:44,884][com.java.SeleniumDriver] [  918] - --------------------------setting values-----------------------------
[INFO ][2016-01-13 15:14:44,884][com.java.SeleniumDriver] [  921] - Action Type : VERIFY
[INFO ][2016-01-13 15:14:44,884][com.java.TestType] [ 7635] - field= BTN value= //div[contains(text(), 'My Dashboard')]
[INFO ][2016-01-13 15:14:44,885][com.java.TestType] [ 6136] - value = //div[contains(text(), 'My Dashboard')]
[INFO ][2016-01-13 15:14:44,955][com.java.SeleniumDriver] [  930] -  RESULT true
[INFO ][2016-01-13 15:14:44,955][com.java.SeleniumDriver] [ 1136] - ?   P A S S   ?
[DEBUG][2016-01-13 15:14:44,955][com.java.SeleniumDriver] [ 1248] - Case found
[DEBUG][2016-01-13 15:14:44,955][com.java.SeleniumDriver] [ 1253] - Incrementing ReportCounters[0]:2
[INFO ][2016-01-13 15:14:44,955][com.java.SeleniumDriver] [ 1272] - The results are-------------------[21, 1, Admin: GL Mapping: Account Mapping: Map G/L Account to Child Group, Pass, , Wed Jan 13 15:08:29 IST 2016, 21, 3, Admin: GL Mapping: Account Mapping: Map G/L Account to Child Group, Pass, , Wed Jan 13 15:08:34 IST 2016, 21, 4, Admin: GL Mapping: Account Mapping: Map G/L Account to Child Group, Pass, , Wed Jan 13 15:09:01 IST 2016, 21, 5, Admin: GL Mapping: Account Mapping: Map G/L Account to Child Group, Pass, , Wed Jan 13 15:09:01 IST 2016, 21, 6, Admin: GL Mapping: Account Mapping: Map G/L Account to Child Group, Pass, , Wed Jan 13 15:09:06 IST 2016, 21, 7, Admin: GL Mapping: Account Mapping: Map G/L Account to Child Group, Pass, , Wed Jan 13 15:09:06 IST 2016, 21, 8, Admin: GL Mapping: Account Mapping: Map G/L Account to Child Group, Pass, , Wed Jan 13 15:09:08 IST 2016, 21, 9, Admin: GL Mapping: Account Mapping: Map G/L Account to Child Group, Pass, , Wed Jan 13 15:09:08 IST 2016, 21, 10, Admin: GL Mapping: Account Mapping: Map G/L Account to Child Group, Pass, , Wed Jan 13 15:09:10 IST 2016, 21, 11, Admin: GL Mapping: Account Mapping: Map G/L Account to Child Group, Pass, , Wed Jan 13 15:09:10 IST 2016, 21, 12, Admin: GL Mapping: Account Mapping: Map G/L Account to Child Group, Pass, , Wed Jan 13 15:14:26 IST 2016, 21, 14, Admin: GL Mapping: Account Mapping: Map G/L Account to Child Group, Pass, , Wed Jan 13 15:14:26 IST 2016, 21, 15, Admin: GL Mapping: Account Mapping: Map G/L Account to Child Group, Pass, , Wed Jan 13 15:14:26 IST 2016, 21, 16, Admin: GL Mapping: Account Mapping: Map G/L Account to Child Group, Pass, , Wed Jan 13 15:14:28 IST 2016, 21, 17, Admin: GL Mapping: Account Mapping: Map G/L Account to Child Group, Pass, , Wed Jan 13 15:14:28 IST 2016, 21, 18, Admin: GL Mapping: Account Mapping: Map G/L Account to Child Group, Pass, , Wed Jan 13 15:14:29 IST 2016, 21, 19, Admin: GL Mapping: Account Mapping: Map G/L Account to Child Group, Pass, , Wed Jan 13 15:14:29 IST 2016, 21, 20, Admin: GL Mapping: Account Mapping: Map G/L Account to Child Group, Pass, , Wed Jan 13 15:14:34 IST 2016, 21, 21, Admin: GL Mapping: Account Mapping: Map G/L Account to Child Group, Pass, , Wed Jan 13 15:14:34 IST 2016, 21, 22, Admin: GL Mapping: Account Mapping: Map G/L Account to Child Group, Pass, , Wed Jan 13 15:14:36 IST 2016, 21, 23, Admin: GL Mapping: Account Mapping: Map G/L Account to Child Group, Pass, , Wed Jan 13 15:14:41 IST 2016, 21, 24, Admin: GL Mapping: Account Mapping: Map G/L Account to Child Group, Pass, , Wed Jan 13 15:14:41 IST 2016, 21, 25, Admin: GL Mapping: Account Mapping: Map G/L Account to Child Group, Pass, , Wed Jan 13 15:14:41 IST 2016, 21, 26, Admin: GL Mapping: Account Mapping: Map G/L Account to Child Group, Pass, , Wed Jan 13 15:14:41 IST 2016, 21, 27, Admin: GL Mapping: Account Mapping: Map G/L Account to Child Group, Pass, , Wed Jan 13 15:14:44 IST 2016, 21, 28, Admin: GL Mapping: Account Mapping: Map G/L Account to Child Group, Pass, , Wed Jan 13 15:14:44 IST 2016, 21, 29, Admin: GL Mapping: Account Mapping: Map G/L Account to Child Group, Pass, , Wed Jan 13 15:14:44 IST 2016]
[INFO ][2016-01-13 15:14:44,955][com.java.SeleniumDriver] [ 1276] - End time is-------7 min 7 sec
[INFO ][2016-01-13 15:14:44,955][com.java.SeleniumDriver] [ 1277] - The results are-------------------[21, 1, Admin: GL Mapping: Account Mapping: Map G/L Account to Child Group, Pass, , Wed Jan 13 15:08:29 IST 2016, 21, 3, Admin: GL Mapping: Account Mapping: Map G/L Account to Child Group, Pass, , Wed Jan 13 15:08:34 IST 2016, 21, 4, Admin: GL Mapping: Account Mapping: Map G/L Account to Child Group, Pass, , Wed Jan 13 15:09:01 IST 2016, 21, 5, Admin: GL Mapping: Account Mapping: Map G/L Account to Child Group, Pass, , Wed Jan 13 15:09:01 IST 2016, 21, 6, Admin: GL Mapping: Account Mapping: Map G/L Account to Child Group, Pass, , Wed Jan 13 15:09:06 IST 2016, 21, 7, Admin: GL Mapping: Account Mapping: Map G/L Account to Child Group, Pass, , Wed Jan 13 15:09:06 IST 2016, 21, 8, Admin: GL Mapping: Account Mapping: Map G/L Account to Child Group, Pass, , Wed Jan 13 15:09:08 IST 2016, 21, 9, Admin: GL Mapping: Account Mapping: Map G/L Account to Child Group, Pass, , Wed Jan 13 15:09:08 IST 2016, 21, 10, Admin: GL Mapping: Account Mapping: Map G/L Account to Child Group, Pass, , Wed Jan 13 15:09:10 IST 2016, 21, 11, Admin: GL Mapping: Account Mapping: Map G/L Account to Child Group, Pass, , Wed Jan 13 15:09:10 IST 2016, 21, 12, Admin: GL Mapping: Account Mapping: Map G/L Account to Child Group, Pass, , Wed Jan 13 15:14:26 IST 2016, 21, 14, Admin: GL Mapping: Account Mapping: Map G/L Account to Child Group, Pass, , Wed Jan 13 15:14:26 IST 2016, 21, 15, Admin: GL Mapping: Account Mapping: Map G/L Account to Child Group, Pass, , Wed Jan 13 15:14:26 IST 2016, 21, 16, Admin: GL Mapping: Account Mapping: Map G/L Account to Child Group, Pass, , Wed Jan 13 15:14:28 IST 2016, 21, 17, Admin: GL Mapping: Account Mapping: Map G/L Account to Child Group, Pass, , Wed Jan 13 15:14:28 IST 2016, 21, 18, Admin: GL Mapping: Account Mapping: Map G/L Account to Child Group, Pass, , Wed Jan 13 15:14:29 IST 2016, 21, 19, Admin: GL Mapping: Account Mapping: Map G/L Account to Child Group, Pass, , Wed Jan 13 15:14:29 IST 2016, 21, 20, Admin: GL Mapping: Account Mapping: Map G/L Account to Child Group, Pass, , Wed Jan 13 15:14:34 IST 2016, 21, 21, Admin: GL Mapping: Account Mapping: Map G/L Account to Child Group, Pass, , Wed Jan 13 15:14:34 IST 2016, 21, 22, Admin: GL Mapping: Account Mapping: Map G/L Account to Child Group, Pass, , Wed Jan 13 15:14:36 IST 2016, 21, 23, Admin: GL Mapping: Account Mapping: Map G/L Account to Child Group, Pass, , Wed Jan 13 15:14:41 IST 2016, 21, 24, Admin: GL Mapping: Account Mapping: Map G/L Account to Child Group, Pass, , Wed Jan 13 15:14:41 IST 2016, 21, 25, Admin: GL Mapping: Account Mapping: Map G/L Account to Child Group, Pass, , Wed Jan 13 15:14:41 IST 2016, 21, 26, Admin: GL Mapping: Account Mapping: Map G/L Account to Child Group, Pass, , Wed Jan 13 15:14:41 IST 2016, 21, 27, Admin: GL Mapping: Account Mapping: Map G/L Account to Child Group, Pass, , Wed Jan 13 15:14:44 IST 2016, 21, 28, Admin: GL Mapping: Account Mapping: Map G/L Account to Child Group, Pass, , Wed Jan 13 15:14:44 IST 2016, 21, 29, Admin: GL Mapping: Account Mapping: Map G/L Account to Child Group, Pass, , Wed Jan 13 15:14:44 IST 2016]
[DEBUG][2016-01-13 15:14:44,955][com.java.ImportnExport.ExportTestResultsExcel] [  222] - testResultPath = D:\BankersDashboard/TestReports/Test Results_BankersDashBoard_011316_150739_IE10_Any Bank USA.xls
[DEBUG][2016-01-13 15:14:44,955][com.java.ImportnExport.ExportTestResultsExcel] [  223] - browser is------------IE10
[DEBUG][2016-01-13 15:14:44,958][com.java.ImportnExport.ExportTestResultsExcel] [  270] - result.size() = 162
[DEBUG][2016-01-13 15:14:44,958][com.java.ImportnExport.ExportTestResultsExcel] [  274] - No of rows in sheet=2
[DEBUG][2016-01-13 15:14:44,958][com.java.ImportnExport.ExportTestResultsExcel] [  301] - ..in export..21
[DEBUG][2016-01-13 15:14:44,958][com.java.ImportnExport.ExportTestResultsExcel] [  301] - ..in export..Admin: GL Mapping: Account Mapping: Map G/L Account to Child Group
[DEBUG][2016-01-13 15:14:44,958][com.java.ImportnExport.ExportTestResultsExcel] [  301] - ..in export..Pass
[DEBUG][2016-01-13 15:14:44,958][com.java.ImportnExport.ExportTestResultsExcel] [  301] - ..in export..
[DEBUG][2016-01-13 15:14:44,958][com.java.ImportnExport.ExportTestResultsExcel] [  301] - ..in export..Wed Jan 13 15:08:29 IST 2016
[INFO ][2016-01-13 15:14:44,960][com.java.SeleniumDriver] [ 1337] - out loop:1 size:2 TestCases:[1, 21] testcases:[1, 21]
[INFO ][2016-01-13 15:14:46,960][com.java.SeleniumDriver] [ 1380] - Total Number of Cases:2
[INFO ][2016-01-13 15:14:46,960][com.java.TemplateGenerator] [  302] - Executed:2
[INFO ][2016-01-13 15:14:46,960][com.java.TemplateGenerator] [  303] - Passed:2
[INFO ][2016-01-13 15:14:46,960][com.java.TemplateGenerator] [  304] - Failed:0
[INFO ][2016-01-13 15:14:46,960][com.java.TemplateGenerator] [  305] - Skipeed:0
[INFO ][2016-01-13 15:14:46,960][com.java.TemplateGenerator] [  306] - Application URL:https://clients-xuat.bankersdashboard.com
[INFO ][2016-01-13 15:14:46,960][com.java.TemplateGenerator] [  307] - Start Time:011316_150739
[INFO ][2016-01-13 15:14:46,960][com.java.TemplateGenerator] [  308] -  Creating HTML Report 
[ERROR][2016-01-13 15:14:46,962][com.java.TemplateGenerator] [  409] - Unparseable date: "Wed Jan 13 03:07:39 IST 2016"
[INFO ][2016-01-13 15:14:46,963][com.java.TemplateGenerator] [  654] -  Exporting case :: 1
[INFO ][2016-01-13 15:14:46,963][com.java.TemplateGenerator] [  654] -  Exporting case :: 21
[INFO ][2016-01-13 15:14:46,967][com.java.SeleniumDriver] [ 1429] - End Time:011316_151446
[INFO ][2016-01-13 15:14:46,967][com.java.SeleniumDriver] [ 1432] - Data in Test Execution Details:{1=PASS, 21=PASS}
[INFO ][2016-01-13 15:14:46,968][com.java.SeleniumDriver] [ 1433] - Data in Failed Execution Deatils:{}
[INFO ][2016-01-13 15:14:46,968][com.java.SeleniumDriver] [ 1435] - ReportCounter:Total:2 :: PASS: 2 ::FAIL: 0
[INFO ][2016-01-13 15:14:46,968][com.java.SeleniumDriver] [ 1436] - FailedReportCounter:Total:0 :: PASS: 0 ::FAIL: 0
[INFO ][2016-01-13 15:14:46,974][com.java.EmailTestReport] [   63] - Sending report mail details:
[INFO ][2016-01-13 15:14:46,974][com.java.EmailTestReport] [   80] - Excel Report Path:D:\BankersDashboard/TestReports/Test Results_BankersDashBoard_011316_150739_IE10_Any Bank USA.xls
[INFO ][2016-01-13 15:14:46,974][com.java.EmailTestReport] [   81] - HTML Report Path:D:\BankersDashboard//TestReports//Test Results_BankersDashBoard_011316_150739_IE10_Any Bank USA.html
[INFO ][2016-01-13 15:14:46,975][com.java.EmailTestReport] [   82] - smtpHostName:mail01.valuelabs.com
[INFO ][2016-01-13 15:14:46,975][com.java.EmailTestReport] [   83] - Recipient:venkateswararao.gubbala@valuelabs.com;
[INFO ][2016-01-13 15:14:46,975][com.java.EmailTestReport] [   84] - From:venkateswararao.gubbala@valuelabs.com;
[INFO ][2016-01-13 15:14:46,975][com.java.EmailTestReport] [   85] - Subject:Deluxe Corp Bankers Dashboard Automation Test Report - Any Bank USA - IE10
[INFO ][2016-01-13 15:14:46,995][com.java.EmailTestReport] [  143] -  Added venkateswararao.gubbala@valuelabs.com
[INFO ][2016-01-13 15:14:50,119][com.java.SeleniumDriver] [  722] - quitting the browser 
[INFO ][2016-01-13 15:14:51,852][com.java.SeleniumDriver] [  264] - Execution Completed Stopping the thread
