[INFO ][2015-12-03 19:58:40,303][com.java.SeleniumDriver] [  213] - Execute Failed Casesfalse
[INFO ][2015-12-03 19:58:40,303][com.java.SeleniumDriver] [  214] - Browser: IE10
[INFO ][2015-12-03 19:58:40,303][com.java.SeleniumDriver] [  215] - [1, 2, 3]
[INFO ][2015-12-03 19:58:40,303][com.java.SeleniumDriver] [  216] - Total TestCases:3
[INFO ][2015-12-03 19:58:40,303][com.java.SeleniumDriver] [  217] -  Reading Properties from Property File 
[DEBUG][2015-12-03 19:58:40,303][com.java.SeleniumDriver] [  238] - url : https://clients-xuat.bankersdashboard.com
[INFO ][2015-12-03 19:58:40,303][com.java.ImportnExport.ExportTestResultsExcel] [  116] - Time Stamp Thu Dec 03 07:58:40 IST 2015
[INFO ][2015-12-03 19:58:40,303][com.java.ImportnExport.ExportTestResultsExcel] [  175] - OUT FILE : D:\BankersDashboard/TestReports/Test Results_BankersDashBoard_120315_195840_IE10_Bank of North Carolina.xls
[INFO ][2015-12-03 19:58:40,324][com.java.ImportnExport.ExportTestResultsExcel] [  180] - Test Result file is created
[DEBUG][2015-12-03 19:58:40,429][com.java.SeleniumDriver] [  426] - Hub ip address is-------172.17.68.34
[INFO ][2015-12-03 19:58:40,429][com.java.SeleniumDriver] [  452] - Grid URL:http://172.17.68.34:4444/wd/hub
[INFO ][2015-12-03 19:58:40,429][com.java.SeleniumDriver] [  453] - Capability:Capabilities [{platform=ANY, ensureCleanSession=true, ignoreProtectedModeSettings=true, acceptSslCerts=true, ignoreZoomSetting=true, browserName=internet explorer, browserstack.ie.noFlash=true, version=null}]
[ERROR][2015-12-03 19:58:41,769][com.java.SeleniumDriver] [  497] - Unable invoke browser in grid:Could not start a new session. Possible causes are invalid address of the remote server or browser start-up failure.
Build info: version: '2.48.2', revision: '41bccdd', time: '2015-10-09 19:59:12'
System info: host: 'FVTIII438F1D', ip: '172.17.68.34', os.name: 'Windows 7', os.arch: 'x86', os.version: '6.1', java.version: '1.7.0_55'
Driver info: driver.version: SeleniumDriver
[INFO ][2015-12-03 19:58:41,769][com.java.SeleniumDriver] [  499] - Executing on local machine
[INFO ][2015-12-03 19:58:51,412][com.java.SeleniumDriver] [  248] - IE10is opened
[INFO ][2015-12-03 19:58:52,527][com.java.SeleniumDriver] [  754] - Test cases to be executed are: [1, 2, 3]
[INFO ][2015-12-03 19:58:52,562][com.java.ImportnExport.ImportTestDataDetailsExcel] [   49] - test data details path===== D:\BankersDashboard\TestInputs\TestData.xls
[INFO ][2015-12-03 19:58:54,342][com.java.SeleniumDriver] [  804] - ------------------------------------------
[INFO ][2015-12-03 19:58:54,342][com.java.SeleniumDriver] [  805] - Test case being Executed: 1
[INFO ][2015-12-03 19:58:54,342][com.java.SeleniumDriver] [  816] - Test step:1
[INFO ][2015-12-03 19:58:54,342][com.java.SeleniumDriver] [  828] - Datavalue is----------Concept#1:1-14
[INFO ][2015-12-03 19:58:54,342][com.java.SeleniumDriver] [  852] - DataField : test
[INFO ][2015-12-03 19:58:54,342][com.java.SeleniumDriver] [  854] - DataValue : Concept#1:1-14
[INFO ][2015-12-03 19:58:54,342][com.java.SeleniumDriver] [  860] - <In Set values of the page>
[INFO ][2015-12-03 19:58:54,342][com.java.SeleniumDriver] [  863] - {Data Fields & Data Values Exist}
[INFO ][2015-12-03 19:58:54,342][com.java.SeleniumDriver] [  865] - --------------------------setting values-----------------------------
[INFO ][2015-12-03 19:58:54,342][com.java.SeleniumDriver] [  868] - Action Type : ExecuteTestCase
[INFO ][2015-12-03 19:58:54,373][com.java.TestType] [  436] - The Concept sheet name is ---------- Concept
[INFO ][2015-12-03 19:58:54,373][com.java.TestType] [  439] - The Concept ID  is ---------- 1
[DEBUG][2015-12-03 19:58:54,373][com.java.TestType] [  443] - Steps being executted in the Concept are: 1:14
[INFO ][2015-12-03 19:58:54,373][com.java.TestType] [  450] - Test data details path ---------- D:\BankersDashboard\TestInputs\TestData.xls
[INFO ][2015-12-03 19:58:54,903][com.java.TestType] [  481] -  str(1) = 1
[INFO ][2015-12-03 19:58:54,903][com.java.TestType] [  484] - Test case Id is---1
[INFO ][2015-12-03 19:58:54,903][com.java.TestType] [  486] - 1
[INFO ][2015-12-03 19:58:54,903][com.java.TestType] [  481] -  str(2) = 1
[INFO ][2015-12-03 19:58:54,903][com.java.TestType] [  533] - row values are--------{1=com.java.Objects.TestDataDetails@1097afc}
[INFO ][2015-12-03 19:58:54,903][com.java.TestType] [  481] -  str(1) = 1
[INFO ][2015-12-03 19:58:54,903][com.java.TestType] [  484] - Test case Id is---1
[INFO ][2015-12-03 19:58:54,903][com.java.TestType] [  486] - 1
[INFO ][2015-12-03 19:58:54,903][com.java.TestType] [  481] -  str(2) = 2
[INFO ][2015-12-03 19:58:54,903][com.java.TestType] [  533] - row values are--------{1=com.java.Objects.TestDataDetails@1097afc, 2=com.java.Objects.TestDataDetails@57449e}
[INFO ][2015-12-03 19:58:54,903][com.java.TestType] [  481] -  str(1) = 1
[INFO ][2015-12-03 19:58:54,903][com.java.TestType] [  484] - Test case Id is---1
[INFO ][2015-12-03 19:58:54,903][com.java.TestType] [  486] - 1
[INFO ][2015-12-03 19:58:54,913][com.java.TestType] [  481] -  str(2) = 3
[INFO ][2015-12-03 19:58:54,913][com.java.TestType] [  533] - row values are--------{1=com.java.Objects.TestDataDetails@1097afc, 2=com.java.Objects.TestDataDetails@57449e, 3=com.java.Objects.TestDataDetails@1777070}
[INFO ][2015-12-03 19:58:54,913][com.java.TestType] [  481] -  str(1) = 1
[INFO ][2015-12-03 19:58:54,913][com.java.TestType] [  484] - Test case Id is---1
[INFO ][2015-12-03 19:58:54,913][com.java.TestType] [  486] - 1
[INFO ][2015-12-03 19:58:54,913][com.java.TestType] [  481] -  str(2) = 4
[INFO ][2015-12-03 19:58:54,913][com.java.TestType] [  533] - row values are--------{1=com.java.Objects.TestDataDetails@1097afc, 2=com.java.Objects.TestDataDetails@57449e, 3=com.java.Objects.TestDataDetails@1777070, 4=com.java.Objects.TestDataDetails@47d94f}
[INFO ][2015-12-03 19:58:54,913][com.java.TestType] [  481] -  str(1) = 1
[INFO ][2015-12-03 19:58:54,913][com.java.TestType] [  484] - Test case Id is---1
[INFO ][2015-12-03 19:58:54,913][com.java.TestType] [  486] - 1
[INFO ][2015-12-03 19:58:54,913][com.java.TestType] [  481] -  str(2) = 5
[INFO ][2015-12-03 19:58:54,913][com.java.TestType] [  533] - row values are--------{1=com.java.Objects.TestDataDetails@1097afc, 2=com.java.Objects.TestDataDetails@57449e, 3=com.java.Objects.TestDataDetails@1777070, 4=com.java.Objects.TestDataDetails@47d94f, 5=com.java.Objects.TestDataDetails@d898be}
[INFO ][2015-12-03 19:58:54,913][com.java.TestType] [  481] -  str(1) = 1
[INFO ][2015-12-03 19:58:54,913][com.java.TestType] [  484] - Test case Id is---1
[INFO ][2015-12-03 19:58:54,913][com.java.TestType] [  486] - 1
[INFO ][2015-12-03 19:58:54,913][com.java.TestType] [  481] -  str(2) = 6
[INFO ][2015-12-03 19:58:54,913][com.java.TestType] [  533] - row values are--------{1=com.java.Objects.TestDataDetails@1097afc, 2=com.java.Objects.TestDataDetails@57449e, 3=com.java.Objects.TestDataDetails@1777070, 4=com.java.Objects.TestDataDetails@47d94f, 5=com.java.Objects.TestDataDetails@d898be, 6=com.java.Objects.TestDataDetails@728ce2}
[INFO ][2015-12-03 19:58:54,913][com.java.TestType] [  481] -  str(1) = 1
[INFO ][2015-12-03 19:58:54,913][com.java.TestType] [  484] - Test case Id is---1
[INFO ][2015-12-03 19:58:54,913][com.java.TestType] [  486] - 1
[INFO ][2015-12-03 19:58:54,913][com.java.TestType] [  481] -  str(2) = 7
[INFO ][2015-12-03 19:58:54,913][com.java.TestType] [  533] - row values are--------{1=com.java.Objects.TestDataDetails@1097afc, 2=com.java.Objects.TestDataDetails@57449e, 3=com.java.Objects.TestDataDetails@1777070, 4=com.java.Objects.TestDataDetails@47d94f, 5=com.java.Objects.TestDataDetails@d898be, 6=com.java.Objects.TestDataDetails@728ce2, 7=com.java.Objects.TestDataDetails@5c74dc}
[INFO ][2015-12-03 19:58:54,913][com.java.TestType] [  481] -  str(1) = 1
[INFO ][2015-12-03 19:58:54,913][com.java.TestType] [  484] - Test case Id is---1
[INFO ][2015-12-03 19:58:54,913][com.java.TestType] [  486] - 1
[INFO ][2015-12-03 19:58:54,913][com.java.TestType] [  481] -  str(2) = 8
[INFO ][2015-12-03 19:58:54,913][com.java.TestType] [  533] - row values are--------{1=com.java.Objects.TestDataDetails@1097afc, 2=com.java.Objects.TestDataDetails@57449e, 3=com.java.Objects.TestDataDetails@1777070, 4=com.java.Objects.TestDataDetails@47d94f, 5=com.java.Objects.TestDataDetails@d898be, 6=com.java.Objects.TestDataDetails@728ce2, 7=com.java.Objects.TestDataDetails@5c74dc, 8=com.java.Objects.TestDataDetails@110c667}
[INFO ][2015-12-03 19:58:54,913][com.java.TestType] [  481] -  str(1) = 1
[INFO ][2015-12-03 19:58:54,913][com.java.TestType] [  484] - Test case Id is---1
[INFO ][2015-12-03 19:58:54,913][com.java.TestType] [  486] - 1
[INFO ][2015-12-03 19:58:54,913][com.java.TestType] [  481] -  str(2) = 9
[INFO ][2015-12-03 19:58:54,913][com.java.TestType] [  533] - row values are--------{1=com.java.Objects.TestDataDetails@1097afc, 2=com.java.Objects.TestDataDetails@57449e, 3=com.java.Objects.TestDataDetails@1777070, 4=com.java.Objects.TestDataDetails@47d94f, 5=com.java.Objects.TestDataDetails@d898be, 6=com.java.Objects.TestDataDetails@728ce2, 7=com.java.Objects.TestDataDetails@5c74dc, 8=com.java.Objects.TestDataDetails@110c667, 9=com.java.Objects.TestDataDetails@1f926e3}
[INFO ][2015-12-03 19:58:54,913][com.java.TestType] [  481] -  str(1) = 1
[INFO ][2015-12-03 19:58:54,913][com.java.TestType] [  484] - Test case Id is---1
[INFO ][2015-12-03 19:58:54,913][com.java.TestType] [  486] - 1
[INFO ][2015-12-03 19:58:54,913][com.java.TestType] [  481] -  str(2) = 10
[INFO ][2015-12-03 19:58:54,923][com.java.TestType] [  533] - row values are--------{1=com.java.Objects.TestDataDetails@1097afc, 2=com.java.Objects.TestDataDetails@57449e, 3=com.java.Objects.TestDataDetails@1777070, 4=com.java.Objects.TestDataDetails@47d94f, 5=com.java.Objects.TestDataDetails@d898be, 6=com.java.Objects.TestDataDetails@728ce2, 7=com.java.Objects.TestDataDetails@5c74dc, 8=com.java.Objects.TestDataDetails@110c667, 9=com.java.Objects.TestDataDetails@1f926e3, 10=com.java.Objects.TestDataDetails@1391cbb}
[INFO ][2015-12-03 19:58:54,923][com.java.TestType] [  481] -  str(1) = 1
[INFO ][2015-12-03 19:58:54,923][com.java.TestType] [  484] - Test case Id is---1
[INFO ][2015-12-03 19:58:54,923][com.java.TestType] [  486] - 1
[INFO ][2015-12-03 19:58:54,923][com.java.TestType] [  481] -  str(2) = 11
[INFO ][2015-12-03 19:58:54,923][com.java.TestType] [  533] - row values are--------{1=com.java.Objects.TestDataDetails@1097afc, 2=com.java.Objects.TestDataDetails@57449e, 3=com.java.Objects.TestDataDetails@1777070, 4=com.java.Objects.TestDataDetails@47d94f, 5=com.java.Objects.TestDataDetails@d898be, 6=com.java.Objects.TestDataDetails@728ce2, 7=com.java.Objects.TestDataDetails@5c74dc, 8=com.java.Objects.TestDataDetails@110c667, 9=com.java.Objects.TestDataDetails@1f926e3, 10=com.java.Objects.TestDataDetails@1391cbb, 11=com.java.Objects.TestDataDetails@1e16eb2}
[INFO ][2015-12-03 19:58:54,923][com.java.TestType] [  481] -  str(1) = 1
[INFO ][2015-12-03 19:58:54,923][com.java.TestType] [  484] - Test case Id is---1
[INFO ][2015-12-03 19:58:54,923][com.java.TestType] [  486] - 1
[INFO ][2015-12-03 19:58:54,923][com.java.TestType] [  481] -  str(2) = 12
[INFO ][2015-12-03 19:58:54,923][com.java.TestType] [  533] - row values are--------{1=com.java.Objects.TestDataDetails@1097afc, 2=com.java.Objects.TestDataDetails@57449e, 3=com.java.Objects.TestDataDetails@1777070, 4=com.java.Objects.TestDataDetails@47d94f, 5=com.java.Objects.TestDataDetails@d898be, 6=com.java.Objects.TestDataDetails@728ce2, 7=com.java.Objects.TestDataDetails@5c74dc, 8=com.java.Objects.TestDataDetails@110c667, 9=com.java.Objects.TestDataDetails@1f926e3, 10=com.java.Objects.TestDataDetails@1391cbb, 11=com.java.Objects.TestDataDetails@1e16eb2, 12=com.java.Objects.TestDataDetails@1aa9431}
[INFO ][2015-12-03 19:58:54,923][com.java.TestType] [  481] -  str(1) = 1
[INFO ][2015-12-03 19:58:54,923][com.java.TestType] [  484] - Test case Id is---1
[INFO ][2015-12-03 19:58:54,923][com.java.TestType] [  486] - 1
[INFO ][2015-12-03 19:58:54,923][com.java.TestType] [  481] -  str(2) = 13
[INFO ][2015-12-03 19:58:54,923][com.java.TestType] [  533] - row values are--------{1=com.java.Objects.TestDataDetails@1097afc, 2=com.java.Objects.TestDataDetails@57449e, 3=com.java.Objects.TestDataDetails@1777070, 4=com.java.Objects.TestDataDetails@47d94f, 5=com.java.Objects.TestDataDetails@d898be, 6=com.java.Objects.TestDataDetails@728ce2, 7=com.java.Objects.TestDataDetails@5c74dc, 8=com.java.Objects.TestDataDetails@110c667, 9=com.java.Objects.TestDataDetails@1f926e3, 10=com.java.Objects.TestDataDetails@1391cbb, 11=com.java.Objects.TestDataDetails@1e16eb2, 12=com.java.Objects.TestDataDetails@1aa9431, 13=com.java.Objects.TestDataDetails@11dd4ca}
[INFO ][2015-12-03 19:58:54,923][com.java.TestType] [  481] -  str(1) = 1
[INFO ][2015-12-03 19:58:54,923][com.java.TestType] [  484] - Test case Id is---1
[INFO ][2015-12-03 19:58:54,923][com.java.TestType] [  486] - 1
[INFO ][2015-12-03 19:58:54,923][com.java.TestType] [  481] -  str(2) = 14
[INFO ][2015-12-03 19:58:54,923][com.java.TestType] [  533] - row values are--------{1=com.java.Objects.TestDataDetails@1097afc, 2=com.java.Objects.TestDataDetails@57449e, 3=com.java.Objects.TestDataDetails@1777070, 4=com.java.Objects.TestDataDetails@47d94f, 5=com.java.Objects.TestDataDetails@d898be, 6=com.java.Objects.TestDataDetails@728ce2, 7=com.java.Objects.TestDataDetails@5c74dc, 8=com.java.Objects.TestDataDetails@110c667, 9=com.java.Objects.TestDataDetails@1f926e3, 10=com.java.Objects.TestDataDetails@1391cbb, 11=com.java.Objects.TestDataDetails@1e16eb2, 12=com.java.Objects.TestDataDetails@1aa9431, 13=com.java.Objects.TestDataDetails@11dd4ca, 14=com.java.Objects.TestDataDetails@c18e14}
[INFO ][2015-12-03 19:58:54,923][com.java.TestType] [ 9872] - Looping 1TCID = 1
[DEBUG][2015-12-03 19:58:54,923][com.java.TestType] [ 9913] - Concept ID:1 :: Step being Executed: 1::1
[INFO ][2015-12-03 19:58:54,923][com.java.TestType] [ 9951] - dataFields : TXTusername
[DEBUG][2015-12-03 19:58:54,923][com.java.TestType] [ 9957] - <In Set values of the page>
[DEBUG][2015-12-03 19:58:54,923][com.java.TestType] [ 9962] - {Data Fields & Data Values Exist}
[INFO ][2015-12-03 19:58:54,923][com.java.TestType] [ 9968] - --------------------------setting values-----------------------------
[INFO ][2015-12-03 19:58:54,923][com.java.TestType] [ 9971] - Action Type : CLEARANDENTER
[INFO ][2015-12-03 19:58:54,923][com.java.TestType] [ 5373] - value = valuelabs.ie10.33527
[INFO ][2015-12-03 19:58:59,785][com.java.TestType] [ 9990] -  RESULT true
[INFO ][2015-12-03 19:58:59,785][com.java.TestType] [10107] - ?   P A S S   ?
[DEBUG][2015-12-03 19:58:59,785][com.java.TestType] [ 9913] - Concept ID:1 :: Step being Executed: 1::2
[INFO ][2015-12-03 19:58:59,785][com.java.TestType] [ 9951] - dataFields : TXTpassword
[DEBUG][2015-12-03 19:58:59,785][com.java.TestType] [ 9957] - <In Set values of the page>
[DEBUG][2015-12-03 19:58:59,785][com.java.TestType] [ 9962] - {Data Fields & Data Values Exist}
[INFO ][2015-12-03 19:58:59,785][com.java.TestType] [ 9968] - --------------------------setting values-----------------------------
[INFO ][2015-12-03 19:58:59,785][com.java.TestType] [ 9971] - Action Type : CLEARANDENTER
[INFO ][2015-12-03 19:58:59,785][com.java.TestType] [ 5373] - value = Password1*
[INFO ][2015-12-03 19:59:04,727][com.java.TestType] [ 9990] -  RESULT true
[INFO ][2015-12-03 19:59:04,727][com.java.TestType] [10107] - ?   P A S S   ?
[DEBUG][2015-12-03 19:59:04,727][com.java.TestType] [ 9913] - Concept ID:1 :: Step being Executed: 1::3
[ERROR][2015-12-03 19:59:04,727][com.java.TestType] [ 9946] - Exception: null
[INFO ][2015-12-03 19:59:04,727][com.java.TestType] [ 9951] - dataFields : XPH//button[@type='submit']
[DEBUG][2015-12-03 19:59:04,727][com.java.TestType] [ 9957] - <In Set values of the page>
[DEBUG][2015-12-03 19:59:04,727][com.java.TestType] [ 9962] - {Data Fields & Data Values Exist}
[INFO ][2015-12-03 19:59:04,727][com.java.TestType] [ 9968] - --------------------------setting values-----------------------------
[INFO ][2015-12-03 19:59:04,727][com.java.TestType] [ 9971] - Action Type : Click
[INFO ][2015-12-03 19:59:04,727][com.java.TestType] [ 5701] - Field ::XPH//button[@type='submit']
[INFO ][2015-12-03 19:59:05,732][com.java.TestType] [ 5788] - BEFORE CLICK
[INFO ][2015-12-03 19:59:08,882][com.java.TestType] [ 5796] - Unable to click the object Login
[INFO ][2015-12-03 19:59:08,882][com.java.TestType] [ 9990] -  RESULT true
[INFO ][2015-12-03 19:59:08,882][com.java.TestType] [10107] - ?   P A S S   ?
[DEBUG][2015-12-03 19:59:08,882][com.java.TestType] [ 9913] - Concept ID:1 :: Step being Executed: 1::4
[INFO ][2015-12-03 19:59:08,882][com.java.TestType] [ 9951] - dataFields : LNKLogout
[DEBUG][2015-12-03 19:59:08,882][com.java.TestType] [ 9957] - <In Set values of the page>
[DEBUG][2015-12-03 19:59:08,882][com.java.TestType] [ 9962] - {Data Fields & Data Values Exist}
[INFO ][2015-12-03 19:59:08,882][com.java.TestType] [ 9968] - --------------------------setting values-----------------------------
[INFO ][2015-12-03 19:59:08,882][com.java.TestType] [ 9971] - Action Type : WaitForElement
[INFO ][2015-12-03 19:59:08,933][com.java.TestType] [ 9990] -  RESULT true
[INFO ][2015-12-03 19:59:08,933][com.java.TestType] [10107] - ?   P A S S   ?
[DEBUG][2015-12-03 19:59:08,933][com.java.TestType] [ 9913] - Concept ID:1 :: Step being Executed: 1::13
[INFO ][2015-12-03 19:59:08,933][com.java.TestType] [ 9951] - dataFields : LNK
[DEBUG][2015-12-03 19:59:08,933][com.java.TestType] [ 9957] - <In Set values of the page>
[DEBUG][2015-12-03 19:59:08,933][com.java.TestType] [ 9962] - {Data Fields & Data Values Exist}
[INFO ][2015-12-03 19:59:08,933][com.java.TestType] [ 9968] - --------------------------setting values-----------------------------
[INFO ][2015-12-03 19:59:08,933][com.java.TestType] [ 9971] - Action Type : Verify
[INFO ][2015-12-03 19:59:08,933][com.java.TestType] [ 6564] - field= LNK value= Logout
[INFO ][2015-12-03 19:59:08,943][com.java.TestType] [ 5373] - value = Logout
[INFO ][2015-12-03 19:59:08,983][com.java.TestType] [ 9990] -  RESULT true
[INFO ][2015-12-03 19:59:08,983][com.java.TestType] [10107] - ?   P A S S   ?
[DEBUG][2015-12-03 19:59:08,983][com.java.TestType] [ 9913] - Concept ID:1 :: Step being Executed: 1::14
[INFO ][2015-12-03 19:59:08,983][com.java.TestType] [ 9951] - dataFields : BTN
[DEBUG][2015-12-03 19:59:08,983][com.java.TestType] [ 9957] - <In Set values of the page>
[DEBUG][2015-12-03 19:59:08,983][com.java.TestType] [ 9962] - {Data Fields & Data Values Exist}
[INFO ][2015-12-03 19:59:08,983][com.java.TestType] [ 9968] - --------------------------setting values-----------------------------
[INFO ][2015-12-03 19:59:08,983][com.java.TestType] [ 9971] - Action Type : Verify
[INFO ][2015-12-03 19:59:08,983][com.java.TestType] [ 6564] - field= BTN value= //img[contains(@src,'bdlogo.jpg')]
[INFO ][2015-12-03 19:59:08,983][com.java.TestType] [ 5373] - value = //img[contains(@src,'bdlogo.jpg')]
[INFO ][2015-12-03 19:59:09,053][com.java.TestType] [ 9990] -  RESULT true
[INFO ][2015-12-03 19:59:09,053][com.java.TestType] [10107] - ?   P A S S   ?
[INFO ][2015-12-03 19:59:09,053][com.java.TestType] [10178] - Looping End......
[INFO ][2015-12-03 19:59:09,053][com.java.SeleniumDriver] [  877] -  RESULT true
[INFO ][2015-12-03 19:59:09,053][com.java.SeleniumDriver] [ 1083] - ?   P A S S   ?
[INFO ][2015-12-03 19:59:09,053][com.java.SeleniumDriver] [  804] - ------------------------------------------
[INFO ][2015-12-03 19:59:09,053][com.java.SeleniumDriver] [  805] - Test case being Executed: 1
[INFO ][2015-12-03 19:59:09,053][com.java.SeleniumDriver] [  816] - Test step:2
[INFO ][2015-12-03 19:59:09,053][com.java.SeleniumDriver] [  828] - Datavalue is----------Concept#2:1-2
[INFO ][2015-12-03 19:59:09,053][com.java.SeleniumDriver] [  852] - DataField : test
[INFO ][2015-12-03 19:59:09,053][com.java.SeleniumDriver] [  854] - DataValue : Concept#2:1-2
[INFO ][2015-12-03 19:59:09,053][com.java.SeleniumDriver] [  860] - <In Set values of the page>
[INFO ][2015-12-03 19:59:09,053][com.java.SeleniumDriver] [  863] - {Data Fields & Data Values Exist}
[INFO ][2015-12-03 19:59:09,053][com.java.SeleniumDriver] [  865] - --------------------------setting values-----------------------------
[INFO ][2015-12-03 19:59:09,053][com.java.SeleniumDriver] [  868] - Action Type : ExecuteTestCase
[INFO ][2015-12-03 19:59:09,053][com.java.TestType] [  436] - The Concept sheet name is ---------- Concept
[INFO ][2015-12-03 19:59:09,053][com.java.TestType] [  439] - The Concept ID  is ---------- 2
[DEBUG][2015-12-03 19:59:09,053][com.java.TestType] [  443] - Steps being executted in the Concept are: 1:2
[INFO ][2015-12-03 19:59:09,053][com.java.TestType] [  450] - Test data details path ---------- D:\BankersDashboard\TestInputs\TestData.xls
[INFO ][2015-12-03 19:59:09,611][com.java.TestType] [  481] -  str(1) = 2
[INFO ][2015-12-03 19:59:09,611][com.java.TestType] [  484] - Test case Id is---2
[INFO ][2015-12-03 19:59:09,611][com.java.TestType] [  486] - 2
[INFO ][2015-12-03 19:59:09,611][com.java.TestType] [  481] -  str(2) = 1
[INFO ][2015-12-03 19:59:09,611][com.java.TestType] [  533] - row values are--------{1=com.java.Objects.TestDataDetails@1091451}
[INFO ][2015-12-03 19:59:09,611][com.java.TestType] [  481] -  str(1) = 2
[INFO ][2015-12-03 19:59:09,611][com.java.TestType] [  484] - Test case Id is---2
[INFO ][2015-12-03 19:59:09,611][com.java.TestType] [  486] - 2
[INFO ][2015-12-03 19:59:09,611][com.java.TestType] [  481] -  str(2) = 2
[INFO ][2015-12-03 19:59:09,611][com.java.TestType] [  533] - row values are--------{1=com.java.Objects.TestDataDetails@1091451, 2=com.java.Objects.TestDataDetails@17afec6}
[INFO ][2015-12-03 19:59:09,611][com.java.TestType] [  481] -  str(1) = 2
[INFO ][2015-12-03 19:59:09,621][com.java.TestType] [  484] - Test case Id is---2
[INFO ][2015-12-03 19:59:09,621][com.java.TestType] [  486] - 2
[INFO ][2015-12-03 19:59:09,621][com.java.TestType] [  481] -  str(2) = 3
[INFO ][2015-12-03 19:59:09,621][com.java.TestType] [  533] - row values are--------{1=com.java.Objects.TestDataDetails@1091451, 2=com.java.Objects.TestDataDetails@17afec6, 3=com.java.Objects.TestDataDetails@1c31063}
[INFO ][2015-12-03 19:59:09,621][com.java.TestType] [ 9872] - Looping 1TCID = 2
[DEBUG][2015-12-03 19:59:09,621][com.java.TestType] [ 9913] - Concept ID:2 :: Step being Executed: 2::1
[INFO ][2015-12-03 19:59:09,621][com.java.TestType] [ 9951] - dataFields : BNK//select[@id='bank']
[DEBUG][2015-12-03 19:59:09,621][com.java.TestType] [ 9957] - <In Set values of the page>
[DEBUG][2015-12-03 19:59:09,621][com.java.TestType] [ 9962] - {Data Fields & Data Values Exist}
[INFO ][2015-12-03 19:59:09,621][com.java.TestType] [ 9968] - --------------------------setting values-----------------------------
[INFO ][2015-12-03 19:59:09,621][com.java.TestType] [ 9971] - Action Type : Select
[INFO ][2015-12-03 19:59:09,621][com.java.TestType] [ 5373] - value = PFC
[INFO ][2015-12-03 19:59:09,878][com.java.TestType] [ 9990] -  RESULT true
[INFO ][2015-12-03 19:59:09,878][com.java.TestType] [10107] - ?   P A S S   ?
[DEBUG][2015-12-03 19:59:09,878][com.java.TestType] [ 9913] - Concept ID:2 :: Step being Executed: 2::2
[INFO ][2015-12-03 19:59:09,878][com.java.TestType] [ 9951] - dataFields : LNKLogout
[DEBUG][2015-12-03 19:59:09,878][com.java.TestType] [ 9957] - <In Set values of the page>
[DEBUG][2015-12-03 19:59:09,878][com.java.TestType] [ 9962] - {Data Fields & Data Values Exist}
[INFO ][2015-12-03 19:59:09,878][com.java.TestType] [ 9968] - --------------------------setting values-----------------------------
[INFO ][2015-12-03 19:59:09,878][com.java.TestType] [ 9971] - Action Type : WaitTime
[DEBUG][2015-12-03 19:59:09,878][com.java.TestType] [ 5193] - sleepTime: 5000
[INFO ][2015-12-03 19:59:14,900][com.java.TestType] [ 9990] -  RESULT true
[INFO ][2015-12-03 19:59:14,900][com.java.TestType] [10107] - ?   P A S S   ?
[INFO ][2015-12-03 19:59:14,900][com.java.TestType] [10178] - Looping End......
[INFO ][2015-12-03 19:59:14,900][com.java.SeleniumDriver] [  877] -  RESULT true
[INFO ][2015-12-03 19:59:14,900][com.java.SeleniumDriver] [ 1083] - ?   P A S S   ?
[INFO ][2015-12-03 19:59:14,900][com.java.SeleniumDriver] [  804] - ------------------------------------------
[INFO ][2015-12-03 19:59:14,900][com.java.SeleniumDriver] [  805] - Test case being Executed: 1
[INFO ][2015-12-03 19:59:14,900][com.java.SeleniumDriver] [  816] - Test step:3
[INFO ][2015-12-03 19:59:14,900][com.java.SeleniumDriver] [  828] - Datavalue is----------2
[INFO ][2015-12-03 19:59:14,900][com.java.SeleniumDriver] [  852] - DataField : XPH//button[contains(text(),'Add Content')]
[INFO ][2015-12-03 19:59:14,900][com.java.SeleniumDriver] [  854] - DataValue : 2
[INFO ][2015-12-03 19:59:14,900][com.java.SeleniumDriver] [  860] - <In Set values of the page>
[INFO ][2015-12-03 19:59:14,900][com.java.SeleniumDriver] [  863] - {Data Fields & Data Values Exist}
[INFO ][2015-12-03 19:59:14,900][com.java.SeleniumDriver] [  865] - --------------------------setting values-----------------------------
[INFO ][2015-12-03 19:59:14,900][com.java.SeleniumDriver] [  868] - Action Type : WAITFORELEMENT
[INFO ][2015-12-03 19:59:14,931][com.java.SeleniumDriver] [  877] -  RESULT true
[INFO ][2015-12-03 19:59:14,931][com.java.SeleniumDriver] [ 1083] - ?   P A S S   ?
[DEBUG][2015-12-03 19:59:14,931][com.java.SeleniumDriver] [ 1195] - Case found
[DEBUG][2015-12-03 19:59:14,931][com.java.SeleniumDriver] [ 1200] - Incrementing ReportCounters[0]:1
[INFO ][2015-12-03 19:59:14,931][com.java.SeleniumDriver] [ 1219] - The results are-------------------[1, 1, Valid Login, Pass, , Thu Dec 03 19:59:09 IST 2015, 1, 2, Valid Login, Pass, , Thu Dec 03 19:59:14 IST 2015, 1, 3, Valid Login, Pass, , Thu Dec 03 19:59:14 IST 2015]
[INFO ][2015-12-03 19:59:14,931][com.java.SeleniumDriver] [ 1223] - End time is-------36 sec
[INFO ][2015-12-03 19:59:14,931][com.java.SeleniumDriver] [ 1224] - The results are-------------------[1, 1, Valid Login, Pass, , Thu Dec 03 19:59:09 IST 2015, 1, 2, Valid Login, Pass, , Thu Dec 03 19:59:14 IST 2015, 1, 3, Valid Login, Pass, , Thu Dec 03 19:59:14 IST 2015]
[DEBUG][2015-12-03 19:59:14,931][com.java.ImportnExport.ExportTestResultsExcel] [  222] - testResultPath = D:\BankersDashboard/TestReports/Test Results_BankersDashBoard_120315_195840_IE10_Bank of North Carolina.xls
[DEBUG][2015-12-03 19:59:14,931][com.java.ImportnExport.ExportTestResultsExcel] [  223] - browser is------------IE10
[DEBUG][2015-12-03 19:59:14,981][com.java.ImportnExport.ExportTestResultsExcel] [  270] - result.size() = 18
[DEBUG][2015-12-03 19:59:14,981][com.java.ImportnExport.ExportTestResultsExcel] [  274] - No of rows in sheet=1
[DEBUG][2015-12-03 19:59:14,981][com.java.ImportnExport.ExportTestResultsExcel] [  301] - ..in export..1
[DEBUG][2015-12-03 19:59:14,981][com.java.ImportnExport.ExportTestResultsExcel] [  301] - ..in export..Valid Login
[DEBUG][2015-12-03 19:59:14,981][com.java.ImportnExport.ExportTestResultsExcel] [  301] - ..in export..Pass
[DEBUG][2015-12-03 19:59:14,981][com.java.ImportnExport.ExportTestResultsExcel] [  301] - ..in export..
[DEBUG][2015-12-03 19:59:14,981][com.java.ImportnExport.ExportTestResultsExcel] [  301] - ..in export..Thu Dec 03 19:59:09 IST 2015
[INFO ][2015-12-03 19:59:14,991][com.java.SeleniumDriver] [ 1282] - out loop:0 size:3 TestCases:[1, 2, 3] testcases:[1, 2, 3]
[INFO ][2015-12-03 19:59:14,991][com.java.ImportnExport.ImportTestDataDetailsExcel] [   49] - test data details path===== D:\BankersDashboard\TestInputs\TestData.xls
[INFO ][2015-12-03 19:59:35,962][com.java.SeleniumDriver] [  804] - ------------------------------------------
[INFO ][2015-12-03 19:59:35,962][com.java.SeleniumDriver] [  805] - Test case being Executed: 2
[INFO ][2015-12-03 19:59:35,962][com.java.SeleniumDriver] [  816] - Test step:1
[INFO ][2015-12-03 19:59:35,962][com.java.SeleniumDriver] [  828] - Datavalue is----------Logout
[INFO ][2015-12-03 19:59:35,962][com.java.SeleniumDriver] [  852] - DataField : BTN
[INFO ][2015-12-03 19:59:35,962][com.java.SeleniumDriver] [  854] - DataValue : Logout
[INFO ][2015-12-03 19:59:35,962][com.java.SeleniumDriver] [  860] - <In Set values of the page>
[INFO ][2015-12-03 19:59:35,962][com.java.SeleniumDriver] [  863] - {Data Fields & Data Values Exist}
[INFO ][2015-12-03 19:59:35,962][com.java.SeleniumDriver] [  865] - --------------------------setting values-----------------------------
[INFO ][2015-12-03 19:59:35,962][com.java.SeleniumDriver] [  868] - Action Type : Verify
[INFO ][2015-12-03 19:59:35,962][com.java.TestType] [ 6564] - field= BTN value= Logout
[INFO ][2015-12-03 19:59:35,962][com.java.TestType] [ 5373] - value = Logout
[INFO ][2015-12-03 19:59:36,053][com.java.SeleniumDriver] [  877] -  RESULT true
[INFO ][2015-12-03 19:59:36,053][com.java.SeleniumDriver] [ 1083] - ?   P A S S   ?
[INFO ][2015-12-03 19:59:36,053][com.java.SeleniumDriver] [ 1125] - step change to 3
[INFO ][2015-12-03 19:59:36,053][com.java.SeleniumDriver] [  804] - ------------------------------------------
[INFO ][2015-12-03 19:59:36,053][com.java.SeleniumDriver] [  805] - Test case being Executed: 2
[INFO ][2015-12-03 19:59:36,053][com.java.SeleniumDriver] [  816] - Test step:3
[INFO ][2015-12-03 19:59:36,053][com.java.SeleniumDriver] [  828] - Datavalue is----------Concept#2:1-2
[INFO ][2015-12-03 19:59:36,053][com.java.SeleniumDriver] [  852] - DataField : test
[INFO ][2015-12-03 19:59:36,053][com.java.SeleniumDriver] [  854] - DataValue : Concept#2:1-2
[INFO ][2015-12-03 19:59:36,053][com.java.SeleniumDriver] [  860] - <In Set values of the page>
[INFO ][2015-12-03 19:59:36,053][com.java.SeleniumDriver] [  863] - {Data Fields & Data Values Exist}
[INFO ][2015-12-03 19:59:36,053][com.java.SeleniumDriver] [  865] - --------------------------setting values-----------------------------
[INFO ][2015-12-03 19:59:36,053][com.java.SeleniumDriver] [  868] - Action Type : ExecuteTestCase
[INFO ][2015-12-03 19:59:36,053][com.java.TestType] [  436] - The Concept sheet name is ---------- Concept
[INFO ][2015-12-03 19:59:36,053][com.java.TestType] [  439] - The Concept ID  is ---------- 2
[DEBUG][2015-12-03 19:59:36,053][com.java.TestType] [  443] - Steps being executted in the Concept are: 1:2
[INFO ][2015-12-03 19:59:36,053][com.java.TestType] [  450] - Test data details path ---------- D:\BankersDashboard\TestInputs\TestData.xls
[INFO ][2015-12-03 19:59:36,593][com.java.TestType] [  481] -  str(1) = 2
[INFO ][2015-12-03 19:59:36,593][com.java.TestType] [  484] - Test case Id is---2
[INFO ][2015-12-03 19:59:36,593][com.java.TestType] [  486] - 2
[INFO ][2015-12-03 19:59:36,593][com.java.TestType] [  481] -  str(2) = 1
[INFO ][2015-12-03 19:59:36,593][com.java.TestType] [  533] - row values are--------{1=com.java.Objects.TestDataDetails@1693b9b}
[INFO ][2015-12-03 19:59:36,593][com.java.TestType] [  481] -  str(1) = 2
[INFO ][2015-12-03 19:59:36,593][com.java.TestType] [  484] - Test case Id is---2
[INFO ][2015-12-03 19:59:36,593][com.java.TestType] [  486] - 2
[INFO ][2015-12-03 19:59:36,593][com.java.TestType] [  481] -  str(2) = 2
[INFO ][2015-12-03 19:59:36,593][com.java.TestType] [  533] - row values are--------{1=com.java.Objects.TestDataDetails@1693b9b, 2=com.java.Objects.TestDataDetails@cb9502}
[INFO ][2015-12-03 19:59:36,593][com.java.TestType] [  481] -  str(1) = 2
[INFO ][2015-12-03 19:59:36,593][com.java.TestType] [  484] - Test case Id is---2
[INFO ][2015-12-03 19:59:36,593][com.java.TestType] [  486] - 2
[INFO ][2015-12-03 19:59:36,593][com.java.TestType] [  481] -  str(2) = 3
[INFO ][2015-12-03 19:59:36,593][com.java.TestType] [  533] - row values are--------{1=com.java.Objects.TestDataDetails@1693b9b, 2=com.java.Objects.TestDataDetails@cb9502, 3=com.java.Objects.TestDataDetails@6bb0c6}
[INFO ][2015-12-03 19:59:36,593][com.java.TestType] [ 9872] - Looping 1TCID = 2
[DEBUG][2015-12-03 19:59:36,593][com.java.TestType] [ 9913] - Concept ID:2 :: Step being Executed: 2::1
[INFO ][2015-12-03 19:59:36,593][com.java.TestType] [ 9951] - dataFields : BNK//select[@id='bank']
[DEBUG][2015-12-03 19:59:36,593][com.java.TestType] [ 9957] - <In Set values of the page>
[DEBUG][2015-12-03 19:59:36,593][com.java.TestType] [ 9962] - {Data Fields & Data Values Exist}
[INFO ][2015-12-03 19:59:36,593][com.java.TestType] [ 9968] - --------------------------setting values-----------------------------
[INFO ][2015-12-03 19:59:36,593][com.java.TestType] [ 9971] - Action Type : Select
[INFO ][2015-12-03 19:59:36,593][com.java.TestType] [ 5373] - value = PFC
[INFO ][2015-12-03 19:59:36,783][com.java.TestType] [ 9990] -  RESULT true
[INFO ][2015-12-03 19:59:36,783][com.java.TestType] [10107] - ?   P A S S   ?
[DEBUG][2015-12-03 19:59:36,783][com.java.TestType] [ 9913] - Concept ID:2 :: Step being Executed: 2::2
[INFO ][2015-12-03 19:59:36,783][com.java.TestType] [ 9951] - dataFields : LNKLogout
[DEBUG][2015-12-03 19:59:36,783][com.java.TestType] [ 9957] - <In Set values of the page>
[DEBUG][2015-12-03 19:59:36,783][com.java.TestType] [ 9962] - {Data Fields & Data Values Exist}
[INFO ][2015-12-03 19:59:36,783][com.java.TestType] [ 9968] - --------------------------setting values-----------------------------
[INFO ][2015-12-03 19:59:36,783][com.java.TestType] [ 9971] - Action Type : WaitTime
[DEBUG][2015-12-03 19:59:36,783][com.java.TestType] [ 5193] - sleepTime: 5000
[INFO ][2015-12-03 19:59:41,783][com.java.TestType] [ 9990] -  RESULT true
[INFO ][2015-12-03 19:59:41,783][com.java.TestType] [10107] - ?   P A S S   ?
[INFO ][2015-12-03 19:59:41,783][com.java.TestType] [10178] - Looping End......
[INFO ][2015-12-03 19:59:41,783][com.java.SeleniumDriver] [  877] -  RESULT true
[INFO ][2015-12-03 19:59:41,783][com.java.SeleniumDriver] [ 1083] - ?   P A S S   ?
[INFO ][2015-12-03 19:59:41,783][com.java.SeleniumDriver] [  804] - ------------------------------------------
[INFO ][2015-12-03 19:59:41,783][com.java.SeleniumDriver] [  805] - Test case being Executed: 2
[INFO ][2015-12-03 19:59:41,783][com.java.SeleniumDriver] [  816] - Test step:4
[INFO ][2015-12-03 19:59:41,783][com.java.SeleniumDriver] [  828] - Datavalue is----------null
[DEBUG][2015-12-03 19:59:41,783][com.java.SeleniumDriver] [  846] - Exception: null
[INFO ][2015-12-03 19:59:41,783][com.java.SeleniumDriver] [  852] - DataField : //span[@class='icon-stats']&&//a[@data-id="Forecasting"]
[INFO ][2015-12-03 19:59:41,783][com.java.SeleniumDriver] [  854] - DataValue : 
[INFO ][2015-12-03 19:59:41,783][com.java.SeleniumDriver] [  860] - <In Set values of the page>
[INFO ][2015-12-03 19:59:41,783][com.java.SeleniumDriver] [  863] - {Data Fields & Data Values Exist}
[INFO ][2015-12-03 19:59:41,783][com.java.SeleniumDriver] [  865] - --------------------------setting values-----------------------------
[INFO ][2015-12-03 19:59:41,783][com.java.SeleniumDriver] [  868] - Action Type : MOUSEOVER
[INFO ][2015-12-03 20:00:05,121][com.java.SeleniumDriver] [  877] -  RESULT true
[INFO ][2015-12-03 20:00:05,121][com.java.SeleniumDriver] [ 1083] - ?   P A S S   ?
[INFO ][2015-12-03 20:00:05,121][com.java.SeleniumDriver] [  804] - ------------------------------------------
[INFO ][2015-12-03 20:00:05,121][com.java.SeleniumDriver] [  805] - Test case being Executed: 2
[INFO ][2015-12-03 20:00:05,121][com.java.SeleniumDriver] [  816] - Test step:5
[INFO ][2015-12-03 20:00:05,121][com.java.SeleniumDriver] [  828] - Datavalue is----------5
[INFO ][2015-12-03 20:00:05,121][com.java.SeleniumDriver] [  852] - DataField : null
[INFO ][2015-12-03 20:00:05,121][com.java.SeleniumDriver] [  854] - DataValue : 5
[INFO ][2015-12-03 20:00:05,121][com.java.SeleniumDriver] [  860] - <In Set values of the page>
[INFO ][2015-12-03 20:00:05,121][com.java.SeleniumDriver] [  863] - {Data Fields & Data Values Exist}
[INFO ][2015-12-03 20:00:05,121][com.java.SeleniumDriver] [  865] - --------------------------setting values-----------------------------
[INFO ][2015-12-03 20:00:05,121][com.java.SeleniumDriver] [  868] - Action Type : WAITTIME
[DEBUG][2015-12-03 20:00:05,121][com.java.TestType] [ 5193] - sleepTime: 5000
[INFO ][2015-12-03 20:00:10,123][com.java.SeleniumDriver] [  877] -  RESULT true
[INFO ][2015-12-03 20:00:10,123][com.java.SeleniumDriver] [ 1083] - ?   P A S S   ?
[INFO ][2015-12-03 20:00:10,123][com.java.SeleniumDriver] [  804] - ------------------------------------------
[INFO ][2015-12-03 20:00:10,123][com.java.SeleniumDriver] [  805] - Test case being Executed: 2
[INFO ][2015-12-03 20:00:10,123][com.java.SeleniumDriver] [  816] - Test step:6
[INFO ][2015-12-03 20:00:10,123][com.java.SeleniumDriver] [  828] - Datavalue is----------Forecasting 
[INFO ][2015-12-03 20:00:10,123][com.java.SeleniumDriver] [  852] - DataField : TTL
[INFO ][2015-12-03 20:00:10,123][com.java.SeleniumDriver] [  854] - DataValue : Forecasting 
[INFO ][2015-12-03 20:00:10,123][com.java.SeleniumDriver] [  860] - <In Set values of the page>
[INFO ][2015-12-03 20:00:10,123][com.java.SeleniumDriver] [  863] - {Data Fields & Data Values Exist}
[INFO ][2015-12-03 20:00:10,123][com.java.SeleniumDriver] [  865] - --------------------------setting values-----------------------------
[INFO ][2015-12-03 20:00:10,123][com.java.SeleniumDriver] [  868] - Action Type : SELECTWINDOW
[INFO ][2015-12-03 20:00:22,671][com.java.SeleniumDriver] [  877] -  RESULT true
[INFO ][2015-12-03 20:00:22,671][com.java.SeleniumDriver] [ 1083] - ?   P A S S   ?
[INFO ][2015-12-03 20:00:22,671][com.java.SeleniumDriver] [  804] - ------------------------------------------
[INFO ][2015-12-03 20:00:22,671][com.java.SeleniumDriver] [  805] - Test case being Executed: 2
[INFO ][2015-12-03 20:00:22,671][com.java.SeleniumDriver] [  816] - Test step:7
[INFO ][2015-12-03 20:00:22,671][com.java.SeleniumDriver] [  828] - Datavalue is----------null
[DEBUG][2015-12-03 20:00:22,671][com.java.SeleniumDriver] [  846] - Exception: null
[INFO ][2015-12-03 20:00:22,671][com.java.SeleniumDriver] [  852] - DataField : BTNframeDialogContent
[INFO ][2015-12-03 20:00:22,671][com.java.SeleniumDriver] [  854] - DataValue : 
[INFO ][2015-12-03 20:00:22,671][com.java.SeleniumDriver] [  860] - <In Set values of the page>
[INFO ][2015-12-03 20:00:22,671][com.java.SeleniumDriver] [  863] - {Data Fields & Data Values Exist}
[INFO ][2015-12-03 20:00:22,671][com.java.SeleniumDriver] [  865] - --------------------------setting values-----------------------------
[INFO ][2015-12-03 20:00:22,671][com.java.SeleniumDriver] [  868] - Action Type : WAITFORELEMENT
[INFO ][2015-12-03 20:00:23,762][com.java.SeleniumDriver] [  877] -  RESULT true
[INFO ][2015-12-03 20:00:23,762][com.java.SeleniumDriver] [ 1083] - ?   P A S S   ?
[INFO ][2015-12-03 20:00:23,762][com.java.SeleniumDriver] [  804] - ------------------------------------------
[INFO ][2015-12-03 20:00:23,762][com.java.SeleniumDriver] [  805] - Test case being Executed: 2
[INFO ][2015-12-03 20:00:23,762][com.java.SeleniumDriver] [  816] - Test step:8
[INFO ][2015-12-03 20:00:23,762][com.java.SeleniumDriver] [  828] - Datavalue is----------Forecasting 
[INFO ][2015-12-03 20:00:23,762][com.java.SeleniumDriver] [  852] - DataField : XPH//span[contains(text(),'Forecasting')]
[INFO ][2015-12-03 20:00:23,762][com.java.SeleniumDriver] [  854] - DataValue : Forecasting 
[INFO ][2015-12-03 20:00:23,762][com.java.SeleniumDriver] [  860] - <In Set values of the page>
[INFO ][2015-12-03 20:00:23,762][com.java.SeleniumDriver] [  863] - {Data Fields & Data Values Exist}
[INFO ][2015-12-03 20:00:23,762][com.java.SeleniumDriver] [  865] - --------------------------setting values-----------------------------
[INFO ][2015-12-03 20:00:23,762][com.java.SeleniumDriver] [  868] - Action Type : VERIFY
[INFO ][2015-12-03 20:00:23,762][com.java.TestType] [ 6564] - field= XPH//span[contains(text(),'Forecasting')] value= Forecasting 
[INFO ][2015-12-03 20:00:23,762][com.java.TestType] [ 5373] - value = Forecasting 
[INFO ][2015-12-03 20:00:23,903][com.java.SeleniumDriver] [  877] -  RESULT true
[INFO ][2015-12-03 20:00:23,903][com.java.SeleniumDriver] [ 1083] - ?   P A S S   ?
[INFO ][2015-12-03 20:00:23,903][com.java.SeleniumDriver] [  804] - ------------------------------------------
[INFO ][2015-12-03 20:00:23,903][com.java.SeleniumDriver] [  805] - Test case being Executed: 2
[INFO ][2015-12-03 20:00:23,903][com.java.SeleniumDriver] [  816] - Test step:9
[INFO ][2015-12-03 20:00:23,903][com.java.SeleniumDriver] [  828] - Datavalue is----------null
[DEBUG][2015-12-03 20:00:23,903][com.java.SeleniumDriver] [  846] - Exception: null
[INFO ][2015-12-03 20:00:23,903][com.java.SeleniumDriver] [  852] - DataField : BTNframeDialogContent
[INFO ][2015-12-03 20:00:23,903][com.java.SeleniumDriver] [  854] - DataValue : 
[INFO ][2015-12-03 20:00:23,903][com.java.SeleniumDriver] [  860] - <In Set values of the page>
[INFO ][2015-12-03 20:00:23,903][com.java.SeleniumDriver] [  863] - {Data Fields & Data Values Exist}
[INFO ][2015-12-03 20:00:23,903][com.java.SeleniumDriver] [  865] - --------------------------setting values-----------------------------
[INFO ][2015-12-03 20:00:23,903][com.java.SeleniumDriver] [  868] - Action Type : SELECTFRAME
[INFO ][2015-12-03 20:00:25,025][com.java.SeleniumDriver] [  877] -  RESULT true
[INFO ][2015-12-03 20:00:25,025][com.java.SeleniumDriver] [ 1083] - ?   P A S S   ?
[INFO ][2015-12-03 20:00:25,025][com.java.SeleniumDriver] [  804] - ------------------------------------------
[INFO ][2015-12-03 20:00:25,025][com.java.SeleniumDriver] [  805] - Test case being Executed: 2
[INFO ][2015-12-03 20:00:25,025][com.java.SeleniumDriver] [  816] - Test step:10
[INFO ][2015-12-03 20:00:25,025][com.java.SeleniumDriver] [  828] - Datavalue is----------2
[INFO ][2015-12-03 20:00:25,025][com.java.SeleniumDriver] [  852] - DataField : BTNddlProjects
[INFO ][2015-12-03 20:00:25,025][com.java.SeleniumDriver] [  854] - DataValue : 2
[INFO ][2015-12-03 20:00:25,025][com.java.SeleniumDriver] [  860] - <In Set values of the page>
[INFO ][2015-12-03 20:00:25,025][com.java.SeleniumDriver] [  863] - {Data Fields & Data Values Exist}
[INFO ][2015-12-03 20:00:25,025][com.java.SeleniumDriver] [  865] - --------------------------setting values-----------------------------
[INFO ][2015-12-03 20:00:25,025][com.java.SeleniumDriver] [  868] - Action Type : WAITFORELEMENT
[INFO ][2015-12-03 20:00:26,065][com.java.SeleniumDriver] [  877] -  RESULT true
[INFO ][2015-12-03 20:00:26,065][com.java.SeleniumDriver] [ 1083] - ?   P A S S   ?
[INFO ][2015-12-03 20:00:26,065][com.java.SeleniumDriver] [  804] - ------------------------------------------
[INFO ][2015-12-03 20:00:26,065][com.java.SeleniumDriver] [  805] - Test case being Executed: 2
[INFO ][2015-12-03 20:00:26,065][com.java.SeleniumDriver] [  816] - Test step:11
[INFO ][2015-12-03 20:00:26,065][com.java.SeleniumDriver] [  828] - Datavalue is----------index:1
[INFO ][2015-12-03 20:00:26,065][com.java.SeleniumDriver] [  852] - DataField : COBddlProjects1
[INFO ][2015-12-03 20:00:26,065][com.java.SeleniumDriver] [  854] - DataValue : index:1
[INFO ][2015-12-03 20:00:26,065][com.java.SeleniumDriver] [  860] - <In Set values of the page>
[INFO ][2015-12-03 20:00:26,065][com.java.SeleniumDriver] [  863] - {Data Fields & Data Values Exist}
[INFO ][2015-12-03 20:00:26,065][com.java.SeleniumDriver] [  865] - --------------------------setting values-----------------------------
[INFO ][2015-12-03 20:00:26,065][com.java.SeleniumDriver] [  868] - Action Type : SELECT
[INFO ][2015-12-03 20:00:26,065][com.java.TestType] [ 5373] - value = 1
[ERROR][2015-12-03 20:00:42,392][com.java.TestType] [ 5587] - Unable to perform Action Select null
[INFO ][2015-12-03 20:00:42,392][com.java.SeleniumDriver] [  877] -  RESULT false
[INFO ][2015-12-03 20:00:42,392][com.java.SeleniumDriver] [  924] - ?   F A I L   ?
[INFO ][2015-12-03 20:00:42,392][com.java.SeleniumDriver] [  932] - Browser Type : IE10
[INFO ][2015-12-03 20:00:42,392][com.java.SeleniumDriver] [  933] - Adding Failed case2
[INFO ][2015-12-03 20:00:42,973][com.java.SeleniumDriver] [ 1047] - failedCases = 2
[ERROR][2015-12-03 20:00:42,973][com.java.SeleniumDriver] [ 1544] - Platform Errors : Our apologies...::We have encountered an issue with your request.::Our apologies?:We encountered an issue with your request.
[INFO ][2015-12-03 20:00:42,973][com.java.SeleniumDriver] [ 1548] - Length =3
[ERROR][2015-12-03 20:00:42,973][com.java.SeleniumDriver] [ 1551] - Error 0 = Our apologies...
[ERROR][2015-12-03 20:00:42,993][com.java.SeleniumDriver] [ 1551] - Error 1 = We have encountered an issue with your request.
[ERROR][2015-12-03 20:00:43,003][com.java.SeleniumDriver] [ 1551] - Error 2 = Our apologies?:We encountered an issue with your request.
[INFO ][2015-12-03 20:00:43,013][com.java.SeleniumDriver] [ 1562] - strError:
[DEBUG][2015-12-03 20:00:43,023][com.java.SeleniumDriver] [ 1195] - Case found
[DEBUG][2015-12-03 20:00:43,023][com.java.SeleniumDriver] [ 1200] - Incrementing ReportCounters[0]:2
[INFO ][2015-12-03 20:00:43,023][com.java.SeleniumDriver] [ 1219] - The results are-------------------[2, 11, Projectioans: Forecasting, Fail, 
Test case failed at Step No. :: 11   Error Message ::  Option ::1:: not found in Combo box :: ddlProjects1. Screen Shot : D:\BankersDashboard\TestReports\120315\2_120315_200042_IE10.png, Thu Dec 03 20:00:43 IST 2015]
[INFO ][2015-12-03 20:00:43,023][com.java.SeleniumDriver] [ 1223] - End time is-------2 min 4 sec
[INFO ][2015-12-03 20:00:43,023][com.java.SeleniumDriver] [ 1224] - The results are-------------------[2, 11, Projectioans: Forecasting, Fail, 
Test case failed at Step No. :: 11   Error Message ::  Option ::1:: not found in Combo box :: ddlProjects1. Screen Shot : D:\BankersDashboard\TestReports\120315\2_120315_200042_IE10.png, Thu Dec 03 20:00:43 IST 2015]
[DEBUG][2015-12-03 20:00:43,023][com.java.ImportnExport.ExportTestResultsExcel] [  222] - testResultPath = D:\BankersDashboard/TestReports/Test Results_BankersDashBoard_120315_195840_IE10_Bank of North Carolina.xls
[DEBUG][2015-12-03 20:00:43,023][com.java.ImportnExport.ExportTestResultsExcel] [  223] - browser is------------IE10
[DEBUG][2015-12-03 20:00:43,023][com.java.ImportnExport.ExportTestResultsExcel] [  270] - result.size() = 6
[DEBUG][2015-12-03 20:00:43,023][com.java.ImportnExport.ExportTestResultsExcel] [  274] - No of rows in sheet=2
[DEBUG][2015-12-03 20:00:43,023][com.java.ImportnExport.ExportTestResultsExcel] [  301] - ..in export..2
[DEBUG][2015-12-03 20:00:43,023][com.java.ImportnExport.ExportTestResultsExcel] [  301] - ..in export..Projectioans: Forecasting
[DEBUG][2015-12-03 20:00:43,023][com.java.ImportnExport.ExportTestResultsExcel] [  301] - ..in export..Fail
[DEBUG][2015-12-03 20:00:43,023][com.java.ImportnExport.ExportTestResultsExcel] [  301] - ..in export..
Test case failed at Step No. :: 11   Error Message ::  Option ::1:: not found in Combo box :: ddlProjects1. Screen Shot : D:\BankersDashboard\TestReports\120315\2_120315_200042_IE10.png
[DEBUG][2015-12-03 20:00:43,023][com.java.ImportnExport.ExportTestResultsExcel] [  301] - ..in export..Thu Dec 03 20:00:43 IST 2015
[INFO ][2015-12-03 20:00:43,023][com.java.SeleniumDriver] [ 1282] - out loop:1 size:3 TestCases:[1, 2, 3] testcases:[1, 2, 3]
[INFO ][2015-12-03 20:00:43,023][com.java.ImportnExport.ImportTestDataDetailsExcel] [   49] - test data details path===== D:\BankersDashboard\TestInputs\TestData.xls
[INFO ][2015-12-03 20:01:04,862][com.java.SeleniumDriver] [  804] - ------------------------------------------
[INFO ][2015-12-03 20:01:04,862][com.java.SeleniumDriver] [  805] - Test case being Executed: 3
[INFO ][2015-12-03 20:01:04,862][com.java.SeleniumDriver] [  816] - Test step:1
[INFO ][2015-12-03 20:01:04,862][com.java.SeleniumDriver] [  828] - Datavalue is----------test
[INFO ][2015-12-03 20:01:04,862][com.java.SeleniumDriver] [  852] - DataField : test
[INFO ][2015-12-03 20:01:04,862][com.java.SeleniumDriver] [  854] - DataValue : test
[INFO ][2015-12-03 20:01:04,862][com.java.SeleniumDriver] [  860] - <In Set values of the page>
[INFO ][2015-12-03 20:01:04,862][com.java.SeleniumDriver] [  863] - {Data Fields & Data Values Exist}
[INFO ][2015-12-03 20:01:04,862][com.java.SeleniumDriver] [  865] - --------------------------setting values-----------------------------
[INFO ][2015-12-03 20:01:04,862][com.java.SeleniumDriver] [  868] - Action Type : SELECTMAINWINDOWANDCLOSEOTHER
