[INFO ][2015-11-27 18:41:30,886][com.java.SeleniumDriver] [  213] - Execute Failed Casestrue
[INFO ][2015-11-27 18:41:30,886][com.java.SeleniumDriver] [  214] - Browser: IE10
[INFO ][2015-11-27 18:41:30,886][com.java.SeleniumDriver] [  215] - [1, 2]
[INFO ][2015-11-27 18:41:30,886][com.java.SeleniumDriver] [  216] - Total TestCases:2
[INFO ][2015-11-27 18:41:30,886][com.java.SeleniumDriver] [  217] -  Reading Properties from Property File 
[DEBUG][2015-11-27 18:41:30,886][com.java.SeleniumDriver] [  238] - url : https://clients-xuat.bankersdashboard.com
[INFO ][2015-11-27 18:41:30,886][com.java.ImportnExport.ExportTestResultsExcel] [  116] - Time Stamp Fri Nov 27 06:41:30 IST 2015
[INFO ][2015-11-27 18:41:30,886][com.java.ImportnExport.ExportTestResultsExcel] [  175] - OUT FILE : D:\BankersDashboard/TestReports/Test Results_BankersDashBoard_112715_184130_IE10_Any Bank USA.xls
[INFO ][2015-11-27 18:41:30,917][com.java.ImportnExport.ExportTestResultsExcel] [  180] - Test Result file is created
[DEBUG][2015-11-27 18:41:31,027][com.java.SeleniumDriver] [  425] - Hub ip address is-------172.17.68.34
[INFO ][2015-11-27 18:41:31,027][com.java.SeleniumDriver] [  451] - Grid URL:http://172.17.68.34:4444/wd/hub
[INFO ][2015-11-27 18:41:31,027][com.java.SeleniumDriver] [  452] - Capability:Capabilities [{platform=ANY, ensureCleanSession=true, ignoreProtectedModeSettings=true, acceptSslCerts=true, ignoreZoomSetting=true, browserName=internet explorer, browserstack.ie.noFlash=true, version=null}]
[ERROR][2015-11-27 18:41:32,367][com.java.SeleniumDriver] [  496] - Unable invoke browser in grid:Could not start a new session. Possible causes are invalid address of the remote server or browser start-up failure.
Build info: version: '2.48.2', revision: '41bccdd', time: '2015-10-09 19:59:12'
System info: host: 'FVTIII438F1D', ip: '172.17.68.34', os.name: 'Windows 7', os.arch: 'x86', os.version: '6.1', java.version: '1.7.0_55'
Driver info: driver.version: SeleniumDriver
[INFO ][2015-11-27 18:41:32,367][com.java.SeleniumDriver] [  498] - Executing on local machine
[INFO ][2015-11-27 18:41:41,953][com.java.SeleniumDriver] [  248] - IE10is opened
[INFO ][2015-11-27 18:41:42,793][com.java.SeleniumDriver] [  753] - Test cases to be executed are: [1, 2]
[INFO ][2015-11-27 18:41:42,814][com.java.ImportnExport.ImportTestDataDetailsExcel] [   49] - test data details path===== D:\BankersDashboard\TestInputs\TestData.xls
[INFO ][2015-11-27 18:41:42,864][com.java.SeleniumDriver] [  796] - ------------------------------------------
[INFO ][2015-11-27 18:41:42,864][com.java.SeleniumDriver] [  797] - Test case being Executed: 1
[INFO ][2015-11-27 18:41:42,864][com.java.SeleniumDriver] [  808] - Test step:1
[INFO ][2015-11-27 18:41:42,864][com.java.SeleniumDriver] [  820] - Datavalue is----------Concept#1:1-14
[INFO ][2015-11-27 18:41:42,864][com.java.SeleniumDriver] [  844] - DataField : test
[INFO ][2015-11-27 18:41:42,864][com.java.SeleniumDriver] [  846] - DataValue : Concept#1:1-14
[INFO ][2015-11-27 18:41:42,864][com.java.SeleniumDriver] [  852] - <In Set values of the page>
[INFO ][2015-11-27 18:41:42,864][com.java.SeleniumDriver] [  855] - {Data Fields & Data Values Exist}
[INFO ][2015-11-27 18:41:42,864][com.java.SeleniumDriver] [  857] - --------------------------setting values-----------------------------
[INFO ][2015-11-27 18:41:42,864][com.java.SeleniumDriver] [  860] - Action Type : ExecuteTestCase
[INFO ][2015-11-27 18:41:42,904][com.java.TestType] [  432] - The Concept sheet name is ---------- Concept
[INFO ][2015-11-27 18:41:42,904][com.java.TestType] [  435] - The Concept ID  is ---------- 1
[DEBUG][2015-11-27 18:41:42,904][com.java.TestType] [  439] - Steps being executted in the Concept are: 1:14
[INFO ][2015-11-27 18:41:42,904][com.java.TestType] [  446] - Test data details path ---------- D:\BankersDashboard\TestInputs\TestData.xls
[INFO ][2015-11-27 18:41:42,944][com.java.TestType] [  477] -  str(1) = 1
[INFO ][2015-11-27 18:41:42,944][com.java.TestType] [  480] - Test case Id is---1
[INFO ][2015-11-27 18:41:42,944][com.java.TestType] [  482] - 1
[INFO ][2015-11-27 18:41:42,944][com.java.TestType] [  477] -  str(2) = 1
[INFO ][2015-11-27 18:41:42,944][com.java.TestType] [  529] - row values are--------{1=com.java.Objects.TestDataDetails@65690c}
[INFO ][2015-11-27 18:41:42,944][com.java.TestType] [  477] -  str(1) = 1
[INFO ][2015-11-27 18:41:42,944][com.java.TestType] [  480] - Test case Id is---1
[INFO ][2015-11-27 18:41:42,944][com.java.TestType] [  482] - 1
[INFO ][2015-11-27 18:41:42,944][com.java.TestType] [  477] -  str(2) = 2
[INFO ][2015-11-27 18:41:42,944][com.java.TestType] [  529] - row values are--------{1=com.java.Objects.TestDataDetails@65690c, 2=com.java.Objects.TestDataDetails@1bf98eb}
[INFO ][2015-11-27 18:41:42,944][com.java.TestType] [  477] -  str(1) = 1
[INFO ][2015-11-27 18:41:42,944][com.java.TestType] [  480] - Test case Id is---1
[INFO ][2015-11-27 18:41:42,944][com.java.TestType] [  482] - 1
[INFO ][2015-11-27 18:41:42,944][com.java.TestType] [  477] -  str(2) = 3
[INFO ][2015-11-27 18:41:42,944][com.java.TestType] [  529] - row values are--------{1=com.java.Objects.TestDataDetails@65690c, 2=com.java.Objects.TestDataDetails@1bf98eb, 3=com.java.Objects.TestDataDetails@6fa8ea}
[INFO ][2015-11-27 18:41:42,944][com.java.TestType] [  477] -  str(1) = 1
[INFO ][2015-11-27 18:41:42,944][com.java.TestType] [  480] - Test case Id is---1
[INFO ][2015-11-27 18:41:42,944][com.java.TestType] [  482] - 1
[INFO ][2015-11-27 18:41:42,944][com.java.TestType] [  477] -  str(2) = 4
[INFO ][2015-11-27 18:41:42,954][com.java.TestType] [  529] - row values are--------{1=com.java.Objects.TestDataDetails@65690c, 2=com.java.Objects.TestDataDetails@1bf98eb, 3=com.java.Objects.TestDataDetails@6fa8ea, 4=com.java.Objects.TestDataDetails@ab1b22}
[INFO ][2015-11-27 18:41:42,954][com.java.TestType] [  477] -  str(1) = 1
[INFO ][2015-11-27 18:41:42,954][com.java.TestType] [  480] - Test case Id is---1
[INFO ][2015-11-27 18:41:42,954][com.java.TestType] [  482] - 1
[INFO ][2015-11-27 18:41:42,954][com.java.TestType] [  477] -  str(2) = 5
[INFO ][2015-11-27 18:41:42,954][com.java.TestType] [  529] - row values are--------{1=com.java.Objects.TestDataDetails@65690c, 2=com.java.Objects.TestDataDetails@1bf98eb, 3=com.java.Objects.TestDataDetails@6fa8ea, 4=com.java.Objects.TestDataDetails@ab1b22, 5=com.java.Objects.TestDataDetails@10596c2}
[INFO ][2015-11-27 18:41:42,954][com.java.TestType] [  477] -  str(1) = 1
[INFO ][2015-11-27 18:41:42,954][com.java.TestType] [  480] - Test case Id is---1
[INFO ][2015-11-27 18:41:42,954][com.java.TestType] [  482] - 1
[INFO ][2015-11-27 18:41:42,954][com.java.TestType] [  477] -  str(2) = 6
[INFO ][2015-11-27 18:41:42,954][com.java.TestType] [  529] - row values are--------{1=com.java.Objects.TestDataDetails@65690c, 2=com.java.Objects.TestDataDetails@1bf98eb, 3=com.java.Objects.TestDataDetails@6fa8ea, 4=com.java.Objects.TestDataDetails@ab1b22, 5=com.java.Objects.TestDataDetails@10596c2, 6=com.java.Objects.TestDataDetails@1e8c220}
[INFO ][2015-11-27 18:41:42,954][com.java.TestType] [  477] -  str(1) = 1
[INFO ][2015-11-27 18:41:42,954][com.java.TestType] [  480] - Test case Id is---1
[INFO ][2015-11-27 18:41:42,954][com.java.TestType] [  482] - 1
[INFO ][2015-11-27 18:41:42,954][com.java.TestType] [  477] -  str(2) = 7
[INFO ][2015-11-27 18:41:42,954][com.java.TestType] [  529] - row values are--------{1=com.java.Objects.TestDataDetails@65690c, 2=com.java.Objects.TestDataDetails@1bf98eb, 3=com.java.Objects.TestDataDetails@6fa8ea, 4=com.java.Objects.TestDataDetails@ab1b22, 5=com.java.Objects.TestDataDetails@10596c2, 6=com.java.Objects.TestDataDetails@1e8c220, 7=com.java.Objects.TestDataDetails@51eda3}
[INFO ][2015-11-27 18:41:42,954][com.java.TestType] [  477] -  str(1) = 1
[INFO ][2015-11-27 18:41:42,954][com.java.TestType] [  480] - Test case Id is---1
[INFO ][2015-11-27 18:41:42,954][com.java.TestType] [  482] - 1
[INFO ][2015-11-27 18:41:42,954][com.java.TestType] [  477] -  str(2) = 8
[INFO ][2015-11-27 18:41:42,954][com.java.TestType] [  529] - row values are--------{1=com.java.Objects.TestDataDetails@65690c, 2=com.java.Objects.TestDataDetails@1bf98eb, 3=com.java.Objects.TestDataDetails@6fa8ea, 4=com.java.Objects.TestDataDetails@ab1b22, 5=com.java.Objects.TestDataDetails@10596c2, 6=com.java.Objects.TestDataDetails@1e8c220, 7=com.java.Objects.TestDataDetails@51eda3, 8=com.java.Objects.TestDataDetails@45d31a}
[INFO ][2015-11-27 18:41:42,954][com.java.TestType] [  477] -  str(1) = 1
[INFO ][2015-11-27 18:41:42,954][com.java.TestType] [  480] - Test case Id is---1
[INFO ][2015-11-27 18:41:42,954][com.java.TestType] [  482] - 1
[INFO ][2015-11-27 18:41:42,954][com.java.TestType] [  477] -  str(2) = 9
[INFO ][2015-11-27 18:41:42,964][com.java.TestType] [  529] - row values are--------{1=com.java.Objects.TestDataDetails@65690c, 2=com.java.Objects.TestDataDetails@1bf98eb, 3=com.java.Objects.TestDataDetails@6fa8ea, 4=com.java.Objects.TestDataDetails@ab1b22, 5=com.java.Objects.TestDataDetails@10596c2, 6=com.java.Objects.TestDataDetails@1e8c220, 7=com.java.Objects.TestDataDetails@51eda3, 8=com.java.Objects.TestDataDetails@45d31a, 9=com.java.Objects.TestDataDetails@142c756}
[INFO ][2015-11-27 18:41:42,964][com.java.TestType] [  477] -  str(1) = 1
[INFO ][2015-11-27 18:41:42,964][com.java.TestType] [  480] - Test case Id is---1
[INFO ][2015-11-27 18:41:42,964][com.java.TestType] [  482] - 1
[INFO ][2015-11-27 18:41:42,964][com.java.TestType] [  477] -  str(2) = 10
[INFO ][2015-11-27 18:41:42,964][com.java.TestType] [  529] - row values are--------{1=com.java.Objects.TestDataDetails@65690c, 2=com.java.Objects.TestDataDetails@1bf98eb, 3=com.java.Objects.TestDataDetails@6fa8ea, 4=com.java.Objects.TestDataDetails@ab1b22, 5=com.java.Objects.TestDataDetails@10596c2, 6=com.java.Objects.TestDataDetails@1e8c220, 7=com.java.Objects.TestDataDetails@51eda3, 8=com.java.Objects.TestDataDetails@45d31a, 9=com.java.Objects.TestDataDetails@142c756, 10=com.java.Objects.TestDataDetails@1b9ecd0}
[INFO ][2015-11-27 18:41:42,964][com.java.TestType] [  477] -  str(1) = 1
[INFO ][2015-11-27 18:41:42,964][com.java.TestType] [  480] - Test case Id is---1
[INFO ][2015-11-27 18:41:42,964][com.java.TestType] [  482] - 1
[INFO ][2015-11-27 18:41:42,964][com.java.TestType] [  477] -  str(2) = 11
[INFO ][2015-11-27 18:41:42,964][com.java.TestType] [  529] - row values are--------{1=com.java.Objects.TestDataDetails@65690c, 2=com.java.Objects.TestDataDetails@1bf98eb, 3=com.java.Objects.TestDataDetails@6fa8ea, 4=com.java.Objects.TestDataDetails@ab1b22, 5=com.java.Objects.TestDataDetails@10596c2, 6=com.java.Objects.TestDataDetails@1e8c220, 7=com.java.Objects.TestDataDetails@51eda3, 8=com.java.Objects.TestDataDetails@45d31a, 9=com.java.Objects.TestDataDetails@142c756, 10=com.java.Objects.TestDataDetails@1b9ecd0, 11=com.java.Objects.TestDataDetails@1c1a555}
[INFO ][2015-11-27 18:41:42,964][com.java.TestType] [  477] -  str(1) = 1
[INFO ][2015-11-27 18:41:42,964][com.java.TestType] [  480] - Test case Id is---1
[INFO ][2015-11-27 18:41:42,964][com.java.TestType] [  482] - 1
[INFO ][2015-11-27 18:41:42,964][com.java.TestType] [  477] -  str(2) = 12
[INFO ][2015-11-27 18:41:42,964][com.java.TestType] [  529] - row values are--------{1=com.java.Objects.TestDataDetails@65690c, 2=com.java.Objects.TestDataDetails@1bf98eb, 3=com.java.Objects.TestDataDetails@6fa8ea, 4=com.java.Objects.TestDataDetails@ab1b22, 5=com.java.Objects.TestDataDetails@10596c2, 6=com.java.Objects.TestDataDetails@1e8c220, 7=com.java.Objects.TestDataDetails@51eda3, 8=com.java.Objects.TestDataDetails@45d31a, 9=com.java.Objects.TestDataDetails@142c756, 10=com.java.Objects.TestDataDetails@1b9ecd0, 11=com.java.Objects.TestDataDetails@1c1a555, 12=com.java.Objects.TestDataDetails@154377d}
[INFO ][2015-11-27 18:41:42,964][com.java.TestType] [  477] -  str(1) = 1
[INFO ][2015-11-27 18:41:42,964][com.java.TestType] [  480] - Test case Id is---1
[INFO ][2015-11-27 18:41:42,964][com.java.TestType] [  482] - 1
[INFO ][2015-11-27 18:41:42,964][com.java.TestType] [  477] -  str(2) = 13
[INFO ][2015-11-27 18:41:42,964][com.java.TestType] [  529] - row values are--------{1=com.java.Objects.TestDataDetails@65690c, 2=com.java.Objects.TestDataDetails@1bf98eb, 3=com.java.Objects.TestDataDetails@6fa8ea, 4=com.java.Objects.TestDataDetails@ab1b22, 5=com.java.Objects.TestDataDetails@10596c2, 6=com.java.Objects.TestDataDetails@1e8c220, 7=com.java.Objects.TestDataDetails@51eda3, 8=com.java.Objects.TestDataDetails@45d31a, 9=com.java.Objects.TestDataDetails@142c756, 10=com.java.Objects.TestDataDetails@1b9ecd0, 11=com.java.Objects.TestDataDetails@1c1a555, 12=com.java.Objects.TestDataDetails@154377d, 13=com.java.Objects.TestDataDetails@3540c7}
[INFO ][2015-11-27 18:41:42,964][com.java.TestType] [  477] -  str(1) = 1
[INFO ][2015-11-27 18:41:42,964][com.java.TestType] [  480] - Test case Id is---1
[INFO ][2015-11-27 18:41:42,964][com.java.TestType] [  482] - 1
[INFO ][2015-11-27 18:41:42,964][com.java.TestType] [  477] -  str(2) = 14
[INFO ][2015-11-27 18:41:42,964][com.java.TestType] [  529] - row values are--------{1=com.java.Objects.TestDataDetails@65690c, 2=com.java.Objects.TestDataDetails@1bf98eb, 3=com.java.Objects.TestDataDetails@6fa8ea, 4=com.java.Objects.TestDataDetails@ab1b22, 5=com.java.Objects.TestDataDetails@10596c2, 6=com.java.Objects.TestDataDetails@1e8c220, 7=com.java.Objects.TestDataDetails@51eda3, 8=com.java.Objects.TestDataDetails@45d31a, 9=com.java.Objects.TestDataDetails@142c756, 10=com.java.Objects.TestDataDetails@1b9ecd0, 11=com.java.Objects.TestDataDetails@1c1a555, 12=com.java.Objects.TestDataDetails@154377d, 13=com.java.Objects.TestDataDetails@3540c7, 14=com.java.Objects.TestDataDetails@8de7cf}
[INFO ][2015-11-27 18:41:42,964][com.java.TestType] [ 9265] - Looping 1TCID = 1
[DEBUG][2015-11-27 18:41:42,964][com.java.TestType] [ 9306] - Concept ID:1 :: Step being Executed: 1::1
[INFO ][2015-11-27 18:41:42,964][com.java.TestType] [ 9344] - dataFields : TXTusername
[DEBUG][2015-11-27 18:41:42,964][com.java.TestType] [ 9350] - <In Set values of the page>
[DEBUG][2015-11-27 18:41:42,964][com.java.TestType] [ 9355] - {Data Fields & Data Values Exist}
[INFO ][2015-11-27 18:41:42,964][com.java.TestType] [ 9361] - --------------------------setting values-----------------------------
[INFO ][2015-11-27 18:41:42,964][com.java.TestType] [ 9364] - Action Type : CLEARANDENTER
[INFO ][2015-11-27 18:41:42,964][com.java.TestType] [ 4790] - value = naresh.nayini.00000
[INFO ][2015-11-27 18:41:47,972][com.java.TestType] [ 9383] -  RESULT true
[INFO ][2015-11-27 18:41:47,972][com.java.TestType] [ 9500] - ?   P A S S   ?
[DEBUG][2015-11-27 18:41:47,972][com.java.TestType] [ 9306] - Concept ID:1 :: Step being Executed: 1::2
[INFO ][2015-11-27 18:41:47,972][com.java.TestType] [ 9344] - dataFields : TXTpassword
[DEBUG][2015-11-27 18:41:47,972][com.java.TestType] [ 9350] - <In Set values of the page>
[DEBUG][2015-11-27 18:41:47,972][com.java.TestType] [ 9355] - {Data Fields & Data Values Exist}
[INFO ][2015-11-27 18:41:47,972][com.java.TestType] [ 9361] - --------------------------setting values-----------------------------
[INFO ][2015-11-27 18:41:47,972][com.java.TestType] [ 9364] - Action Type : CLEARANDENTER
[INFO ][2015-11-27 18:41:47,972][com.java.TestType] [ 4790] - value = Password1*
[INFO ][2015-11-27 18:41:52,939][com.java.TestType] [ 9383] -  RESULT true
[INFO ][2015-11-27 18:41:52,939][com.java.TestType] [ 9500] - ?   P A S S   ?
[DEBUG][2015-11-27 18:41:52,939][com.java.TestType] [ 9306] - Concept ID:1 :: Step being Executed: 1::3
[ERROR][2015-11-27 18:41:52,939][com.java.TestType] [ 9339] - Exception: null
[INFO ][2015-11-27 18:41:52,939][com.java.TestType] [ 9344] - dataFields : XPH//button[@type='submit']
[DEBUG][2015-11-27 18:41:52,939][com.java.TestType] [ 9350] - <In Set values of the page>
[DEBUG][2015-11-27 18:41:52,939][com.java.TestType] [ 9355] - {Data Fields & Data Values Exist}
[INFO ][2015-11-27 18:41:52,939][com.java.TestType] [ 9361] - --------------------------setting values-----------------------------
[INFO ][2015-11-27 18:41:52,939][com.java.TestType] [ 9364] - Action Type : Click
[INFO ][2015-11-27 18:41:52,939][com.java.TestType] [ 5118] - Field ::XPH//button[@type='submit']
[INFO ][2015-11-27 18:41:53,939][com.java.TestType] [ 5205] - BEFORE CLICK
[INFO ][2015-11-27 18:41:54,799][com.java.TestType] [ 5213] - Unable to click the object Login
[INFO ][2015-11-27 18:41:54,799][com.java.TestType] [ 9383] -  RESULT true
[INFO ][2015-11-27 18:41:54,799][com.java.TestType] [ 9500] - ?   P A S S   ?
[DEBUG][2015-11-27 18:41:54,799][com.java.TestType] [ 9306] - Concept ID:1 :: Step being Executed: 1::4
[INFO ][2015-11-27 18:41:54,799][com.java.TestType] [ 9344] - dataFields : LNKLogout
[DEBUG][2015-11-27 18:41:54,799][com.java.TestType] [ 9350] - <In Set values of the page>
[DEBUG][2015-11-27 18:41:54,799][com.java.TestType] [ 9355] - {Data Fields & Data Values Exist}
[INFO ][2015-11-27 18:41:54,799][com.java.TestType] [ 9361] - --------------------------setting values-----------------------------
[INFO ][2015-11-27 18:41:54,799][com.java.TestType] [ 9364] - Action Type : WaitForElement
[INFO ][2015-11-27 18:41:58,150][com.java.TestType] [ 9383] -  RESULT true
[INFO ][2015-11-27 18:41:58,150][com.java.TestType] [ 9500] - ?   P A S S   ?
[DEBUG][2015-11-27 18:41:58,150][com.java.TestType] [ 9306] - Concept ID:1 :: Step being Executed: 1::13
[INFO ][2015-11-27 18:41:58,150][com.java.TestType] [ 9344] - dataFields : LNK
[DEBUG][2015-11-27 18:41:58,150][com.java.TestType] [ 9350] - <In Set values of the page>
[DEBUG][2015-11-27 18:41:58,150][com.java.TestType] [ 9355] - {Data Fields & Data Values Exist}
[INFO ][2015-11-27 18:41:58,150][com.java.TestType] [ 9361] - --------------------------setting values-----------------------------
[INFO ][2015-11-27 18:41:58,150][com.java.TestType] [ 9364] - Action Type : Verify
[INFO ][2015-11-27 18:41:58,150][com.java.TestType] [ 5975] - field= LNK value= Logout
[INFO ][2015-11-27 18:41:58,150][com.java.TestType] [ 4790] - value = Logout
[INFO ][2015-11-27 18:41:58,191][com.java.TestType] [ 9383] -  RESULT true
[INFO ][2015-11-27 18:41:58,191][com.java.TestType] [ 9500] - ?   P A S S   ?
[DEBUG][2015-11-27 18:41:58,191][com.java.TestType] [ 9306] - Concept ID:1 :: Step being Executed: 1::14
[INFO ][2015-11-27 18:41:58,191][com.java.TestType] [ 9344] - dataFields : BTN
[DEBUG][2015-11-27 18:41:58,191][com.java.TestType] [ 9350] - <In Set values of the page>
[DEBUG][2015-11-27 18:41:58,191][com.java.TestType] [ 9355] - {Data Fields & Data Values Exist}
[INFO ][2015-11-27 18:41:58,191][com.java.TestType] [ 9361] - --------------------------setting values-----------------------------
[INFO ][2015-11-27 18:41:58,191][com.java.TestType] [ 9364] - Action Type : Verify
[INFO ][2015-11-27 18:41:58,191][com.java.TestType] [ 5975] - field= BTN value= //img[contains(@src,'bdlogo.jpg')]
[INFO ][2015-11-27 18:41:58,191][com.java.TestType] [ 4790] - value = //img[contains(@src,'bdlogo.jpg')]
[INFO ][2015-11-27 18:41:58,271][com.java.TestType] [ 9383] -  RESULT true
[INFO ][2015-11-27 18:41:58,271][com.java.TestType] [ 9500] - ?   P A S S   ?
[INFO ][2015-11-27 18:41:58,271][com.java.TestType] [ 9571] - Looping End......
[INFO ][2015-11-27 18:41:58,271][com.java.SeleniumDriver] [  869] -  RESULT true
[INFO ][2015-11-27 18:41:58,271][com.java.SeleniumDriver] [ 1075] - ?   P A S S   ?
[INFO ][2015-11-27 18:41:58,271][com.java.SeleniumDriver] [  796] - ------------------------------------------
[INFO ][2015-11-27 18:41:58,271][com.java.SeleniumDriver] [  797] - Test case being Executed: 1
[INFO ][2015-11-27 18:41:58,271][com.java.SeleniumDriver] [  808] - Test step:2
[INFO ][2015-11-27 18:41:58,271][com.java.SeleniumDriver] [  820] - Datavalue is----------Concept#2:1-2
[INFO ][2015-11-27 18:41:58,271][com.java.SeleniumDriver] [  844] - DataField : test
[INFO ][2015-11-27 18:41:58,271][com.java.SeleniumDriver] [  846] - DataValue : Concept#2:1-2
[INFO ][2015-11-27 18:41:58,271][com.java.SeleniumDriver] [  852] - <In Set values of the page>
[INFO ][2015-11-27 18:41:58,271][com.java.SeleniumDriver] [  855] - {Data Fields & Data Values Exist}
[INFO ][2015-11-27 18:41:58,271][com.java.SeleniumDriver] [  857] - --------------------------setting values-----------------------------
[INFO ][2015-11-27 18:41:58,271][com.java.SeleniumDriver] [  860] - Action Type : ExecuteTestCase
[INFO ][2015-11-27 18:41:58,271][com.java.TestType] [  432] - The Concept sheet name is ---------- Concept
[INFO ][2015-11-27 18:41:58,271][com.java.TestType] [  435] - The Concept ID  is ---------- 2
[DEBUG][2015-11-27 18:41:58,271][com.java.TestType] [  439] - Steps being executted in the Concept are: 1:2
[INFO ][2015-11-27 18:41:58,271][com.java.TestType] [  446] - Test data details path ---------- D:\BankersDashboard\TestInputs\TestData.xls
[INFO ][2015-11-27 18:41:58,311][com.java.TestType] [  477] -  str(1) = 2
[INFO ][2015-11-27 18:41:58,311][com.java.TestType] [  480] - Test case Id is---2
[INFO ][2015-11-27 18:41:58,311][com.java.TestType] [  482] - 2
[INFO ][2015-11-27 18:41:58,311][com.java.TestType] [  477] -  str(2) = 1
[INFO ][2015-11-27 18:41:58,311][com.java.TestType] [  529] - row values are--------{1=com.java.Objects.TestDataDetails@db8b48}
[INFO ][2015-11-27 18:41:58,311][com.java.TestType] [  477] -  str(1) = 2
[INFO ][2015-11-27 18:41:58,311][com.java.TestType] [  480] - Test case Id is---2
[INFO ][2015-11-27 18:41:58,311][com.java.TestType] [  482] - 2
[INFO ][2015-11-27 18:41:58,311][com.java.TestType] [  477] -  str(2) = 2
[INFO ][2015-11-27 18:41:58,311][com.java.TestType] [  529] - row values are--------{1=com.java.Objects.TestDataDetails@db8b48, 2=com.java.Objects.TestDataDetails@1a5fb12}
[INFO ][2015-11-27 18:41:58,311][com.java.TestType] [  477] -  str(1) = 2
[INFO ][2015-11-27 18:41:58,311][com.java.TestType] [  480] - Test case Id is---2
[INFO ][2015-11-27 18:41:58,311][com.java.TestType] [  482] - 2
[INFO ][2015-11-27 18:41:58,311][com.java.TestType] [  477] -  str(2) = 3
[INFO ][2015-11-27 18:41:58,311][com.java.TestType] [  529] - row values are--------{1=com.java.Objects.TestDataDetails@db8b48, 2=com.java.Objects.TestDataDetails@1a5fb12, 3=com.java.Objects.TestDataDetails@f4fab7}
[INFO ][2015-11-27 18:41:58,311][com.java.TestType] [ 9265] - Looping 1TCID = 2
[DEBUG][2015-11-27 18:41:58,311][com.java.TestType] [ 9306] - Concept ID:2 :: Step being Executed: 2::1
[INFO ][2015-11-27 18:41:58,311][com.java.TestType] [ 9344] - dataFields : BNK//select[@id='bank']
[DEBUG][2015-11-27 18:41:58,311][com.java.TestType] [ 9350] - <In Set values of the page>
[DEBUG][2015-11-27 18:41:58,311][com.java.TestType] [ 9355] - {Data Fields & Data Values Exist}
[INFO ][2015-11-27 18:41:58,311][com.java.TestType] [ 9361] - --------------------------setting values-----------------------------
[INFO ][2015-11-27 18:41:58,311][com.java.TestType] [ 9364] - Action Type : Select
[INFO ][2015-11-27 18:41:58,311][com.java.TestType] [ 4790] - value = PFC
[INFO ][2015-11-27 18:41:58,501][com.java.TestType] [ 9383] -  RESULT true
[INFO ][2015-11-27 18:41:58,501][com.java.TestType] [ 9500] - ?   P A S S   ?
[DEBUG][2015-11-27 18:41:58,501][com.java.TestType] [ 9306] - Concept ID:2 :: Step being Executed: 2::2
[INFO ][2015-11-27 18:41:58,501][com.java.TestType] [ 9344] - dataFields : LNKLogout
[DEBUG][2015-11-27 18:41:58,501][com.java.TestType] [ 9350] - <In Set values of the page>
[DEBUG][2015-11-27 18:41:58,501][com.java.TestType] [ 9355] - {Data Fields & Data Values Exist}
[INFO ][2015-11-27 18:41:58,501][com.java.TestType] [ 9361] - --------------------------setting values-----------------------------
[INFO ][2015-11-27 18:41:58,501][com.java.TestType] [ 9364] - Action Type : WaitTime
[DEBUG][2015-11-27 18:41:58,501][com.java.TestType] [ 4610] - sleepTime: 5000
[INFO ][2015-11-27 18:42:03,508][com.java.TestType] [ 9383] -  RESULT true
[INFO ][2015-11-27 18:42:03,508][com.java.TestType] [ 9500] - ?   P A S S   ?
[INFO ][2015-11-27 18:42:03,508][com.java.TestType] [ 9571] - Looping End......
[INFO ][2015-11-27 18:42:03,508][com.java.SeleniumDriver] [  869] -  RESULT true
[INFO ][2015-11-27 18:42:03,508][com.java.SeleniumDriver] [ 1075] - ?   P A S S   ?
[INFO ][2015-11-27 18:42:03,508][com.java.SeleniumDriver] [  796] - ------------------------------------------
[INFO ][2015-11-27 18:42:03,508][com.java.SeleniumDriver] [  797] - Test case being Executed: 1
[INFO ][2015-11-27 18:42:03,508][com.java.SeleniumDriver] [  808] - Test step:3
[INFO ][2015-11-27 18:42:03,508][com.java.SeleniumDriver] [  820] - Datavalue is----------2
[INFO ][2015-11-27 18:42:03,508][com.java.SeleniumDriver] [  844] - DataField : XPH//button[contains(text(),'Add Content')]
[INFO ][2015-11-27 18:42:03,508][com.java.SeleniumDriver] [  846] - DataValue : 2
[INFO ][2015-11-27 18:42:03,508][com.java.SeleniumDriver] [  852] - <In Set values of the page>
[INFO ][2015-11-27 18:42:03,508][com.java.SeleniumDriver] [  855] - {Data Fields & Data Values Exist}
[INFO ][2015-11-27 18:42:03,508][com.java.SeleniumDriver] [  857] - --------------------------setting values-----------------------------
[INFO ][2015-11-27 18:42:03,508][com.java.SeleniumDriver] [  860] - Action Type : WAITFORELEMENT
[INFO ][2015-11-27 18:42:03,549][com.java.SeleniumDriver] [  869] -  RESULT true
[INFO ][2015-11-27 18:42:03,549][com.java.SeleniumDriver] [ 1075] - ?   P A S S   ?
[DEBUG][2015-11-27 18:42:03,549][com.java.SeleniumDriver] [ 1187] - Case found
[DEBUG][2015-11-27 18:42:03,549][com.java.SeleniumDriver] [ 1192] - Incrementing ReportCounters[0]:1
[INFO ][2015-11-27 18:42:03,549][com.java.SeleniumDriver] [ 1211] - The results are-------------------[1, 1, Valid Login, Pass, , Fri Nov 27 18:41:58 IST 2015, 1, 2, Valid Login, Pass, , Fri Nov 27 18:42:03 IST 2015, 1, 3, Valid Login, Pass, , Fri Nov 27 18:42:03 IST 2015]
[INFO ][2015-11-27 18:42:03,549][com.java.SeleniumDriver] [ 1215] - End time is-------34 sec
[INFO ][2015-11-27 18:42:03,549][com.java.SeleniumDriver] [ 1216] - The results are-------------------[1, 1, Valid Login, Pass, , Fri Nov 27 18:41:58 IST 2015, 1, 2, Valid Login, Pass, , Fri Nov 27 18:42:03 IST 2015, 1, 3, Valid Login, Pass, , Fri Nov 27 18:42:03 IST 2015]
[DEBUG][2015-11-27 18:42:03,549][com.java.ImportnExport.ExportTestResultsExcel] [  222] - testResultPath = D:\BankersDashboard/TestReports/Test Results_BankersDashBoard_112715_184130_IE10_Any Bank USA.xls
[DEBUG][2015-11-27 18:42:03,549][com.java.ImportnExport.ExportTestResultsExcel] [  223] - browser is------------IE10
[DEBUG][2015-11-27 18:42:03,599][com.java.ImportnExport.ExportTestResultsExcel] [  270] - result.size() = 18
[DEBUG][2015-11-27 18:42:03,599][com.java.ImportnExport.ExportTestResultsExcel] [  274] - No of rows in sheet=1
[DEBUG][2015-11-27 18:42:03,599][com.java.ImportnExport.ExportTestResultsExcel] [  301] - ..in export..1
[DEBUG][2015-11-27 18:42:03,599][com.java.ImportnExport.ExportTestResultsExcel] [  301] - ..in export..Valid Login
[DEBUG][2015-11-27 18:42:03,599][com.java.ImportnExport.ExportTestResultsExcel] [  301] - ..in export..Pass
[DEBUG][2015-11-27 18:42:03,599][com.java.ImportnExport.ExportTestResultsExcel] [  301] - ..in export..
[DEBUG][2015-11-27 18:42:03,599][com.java.ImportnExport.ExportTestResultsExcel] [  301] - ..in export..Fri Nov 27 18:41:58 IST 2015
[INFO ][2015-11-27 18:42:03,599][com.java.SeleniumDriver] [ 1274] - out loop:0 size:2 TestCases:[1, 2] testcases:[1, 2]
[INFO ][2015-11-27 18:42:03,599][com.java.ImportnExport.ImportTestDataDetailsExcel] [   49] - test data details path===== D:\BankersDashboard\TestInputs\TestData.xls
[INFO ][2015-11-27 18:42:19,174][com.java.SeleniumDriver] [  796] - ------------------------------------------
[INFO ][2015-11-27 18:42:19,174][com.java.SeleniumDriver] [  797] - Test case being Executed: 2
[INFO ][2015-11-27 18:42:19,174][com.java.SeleniumDriver] [  808] - Test step:1
[INFO ][2015-11-27 18:42:19,174][com.java.SeleniumDriver] [  820] - Datavalue is----------Logout
[INFO ][2015-11-27 18:42:19,174][com.java.SeleniumDriver] [  844] - DataField : BTN
[INFO ][2015-11-27 18:42:19,174][com.java.SeleniumDriver] [  846] - DataValue : Logout
[INFO ][2015-11-27 18:42:19,174][com.java.SeleniumDriver] [  852] - <In Set values of the page>
[INFO ][2015-11-27 18:42:19,174][com.java.SeleniumDriver] [  855] - {Data Fields & Data Values Exist}
[INFO ][2015-11-27 18:42:19,174][com.java.SeleniumDriver] [  857] - --------------------------setting values-----------------------------
[INFO ][2015-11-27 18:42:19,174][com.java.SeleniumDriver] [  860] - Action Type : Verify
[INFO ][2015-11-27 18:42:19,174][com.java.TestType] [ 5975] - field= BTN value= Logout
[INFO ][2015-11-27 18:42:19,174][com.java.TestType] [ 4790] - value = Logout
[INFO ][2015-11-27 18:42:19,245][com.java.SeleniumDriver] [  869] -  RESULT true
[INFO ][2015-11-27 18:42:19,245][com.java.SeleniumDriver] [ 1075] - ?   P A S S   ?
[INFO ][2015-11-27 18:42:19,245][com.java.SeleniumDriver] [ 1117] - step change to 3
[INFO ][2015-11-27 18:42:19,245][com.java.SeleniumDriver] [  796] - ------------------------------------------
[INFO ][2015-11-27 18:42:19,245][com.java.SeleniumDriver] [  797] - Test case being Executed: 2
[INFO ][2015-11-27 18:42:19,245][com.java.SeleniumDriver] [  808] - Test step:3
[INFO ][2015-11-27 18:42:19,245][com.java.SeleniumDriver] [  820] - Datavalue is----------Concept#2:1-2
[INFO ][2015-11-27 18:42:19,245][com.java.SeleniumDriver] [  844] - DataField : test
[INFO ][2015-11-27 18:42:19,245][com.java.SeleniumDriver] [  846] - DataValue : Concept#2:1-2
[INFO ][2015-11-27 18:42:19,245][com.java.SeleniumDriver] [  852] - <In Set values of the page>
[INFO ][2015-11-27 18:42:19,245][com.java.SeleniumDriver] [  855] - {Data Fields & Data Values Exist}
[INFO ][2015-11-27 18:42:19,245][com.java.SeleniumDriver] [  857] - --------------------------setting values-----------------------------
[INFO ][2015-11-27 18:42:19,245][com.java.SeleniumDriver] [  860] - Action Type : ExecuteTestCase
[INFO ][2015-11-27 18:42:19,245][com.java.TestType] [  432] - The Concept sheet name is ---------- Concept
[INFO ][2015-11-27 18:42:19,245][com.java.TestType] [  435] - The Concept ID  is ---------- 2
[DEBUG][2015-11-27 18:42:19,245][com.java.TestType] [  439] - Steps being executted in the Concept are: 1:2
[INFO ][2015-11-27 18:42:19,245][com.java.TestType] [  446] - Test data details path ---------- D:\BankersDashboard\TestInputs\TestData.xls
[INFO ][2015-11-27 18:42:19,275][com.java.TestType] [  477] -  str(1) = 2
[INFO ][2015-11-27 18:42:19,275][com.java.TestType] [  480] - Test case Id is---2
[INFO ][2015-11-27 18:42:19,275][com.java.TestType] [  482] - 2
[INFO ][2015-11-27 18:42:19,275][com.java.TestType] [  477] -  str(2) = 1
[INFO ][2015-11-27 18:42:19,275][com.java.TestType] [  529] - row values are--------{1=com.java.Objects.TestDataDetails@1b7dae}
[INFO ][2015-11-27 18:42:19,275][com.java.TestType] [  477] -  str(1) = 2
[INFO ][2015-11-27 18:42:19,275][com.java.TestType] [  480] - Test case Id is---2
[INFO ][2015-11-27 18:42:19,275][com.java.TestType] [  482] - 2
[INFO ][2015-11-27 18:42:19,275][com.java.TestType] [  477] -  str(2) = 2
[INFO ][2015-11-27 18:42:19,275][com.java.TestType] [  529] - row values are--------{1=com.java.Objects.TestDataDetails@1b7dae, 2=com.java.Objects.TestDataDetails@4f32bb}
[INFO ][2015-11-27 18:42:19,275][com.java.TestType] [  477] -  str(1) = 2
[INFO ][2015-11-27 18:42:19,275][com.java.TestType] [  480] - Test case Id is---2
[INFO ][2015-11-27 18:42:19,275][com.java.TestType] [  482] - 2
[INFO ][2015-11-27 18:42:19,275][com.java.TestType] [  477] -  str(2) = 3
[INFO ][2015-11-27 18:42:19,275][com.java.TestType] [  529] - row values are--------{1=com.java.Objects.TestDataDetails@1b7dae, 2=com.java.Objects.TestDataDetails@4f32bb, 3=com.java.Objects.TestDataDetails@1ab24ae}
[INFO ][2015-11-27 18:42:19,275][com.java.TestType] [ 9265] - Looping 1TCID = 2
[DEBUG][2015-11-27 18:42:19,275][com.java.TestType] [ 9306] - Concept ID:2 :: Step being Executed: 2::1
[INFO ][2015-11-27 18:42:19,275][com.java.TestType] [ 9344] - dataFields : BNK//select[@id='bank']
[DEBUG][2015-11-27 18:42:19,275][com.java.TestType] [ 9350] - <In Set values of the page>
[DEBUG][2015-11-27 18:42:19,275][com.java.TestType] [ 9355] - {Data Fields & Data Values Exist}
[INFO ][2015-11-27 18:42:19,275][com.java.TestType] [ 9361] - --------------------------setting values-----------------------------
[INFO ][2015-11-27 18:42:19,275][com.java.TestType] [ 9364] - Action Type : Select
[INFO ][2015-11-27 18:42:19,275][com.java.TestType] [ 4790] - value = PFC
[INFO ][2015-11-27 18:42:19,465][com.java.TestType] [ 9383] -  RESULT true
[INFO ][2015-11-27 18:42:19,465][com.java.TestType] [ 9500] - ?   P A S S   ?
[DEBUG][2015-11-27 18:42:19,465][com.java.TestType] [ 9306] - Concept ID:2 :: Step being Executed: 2::2
[INFO ][2015-11-27 18:42:19,465][com.java.TestType] [ 9344] - dataFields : LNKLogout
[DEBUG][2015-11-27 18:42:19,465][com.java.TestType] [ 9350] - <In Set values of the page>
[DEBUG][2015-11-27 18:42:19,465][com.java.TestType] [ 9355] - {Data Fields & Data Values Exist}
[INFO ][2015-11-27 18:42:19,465][com.java.TestType] [ 9361] - --------------------------setting values-----------------------------
[INFO ][2015-11-27 18:42:19,465][com.java.TestType] [ 9364] - Action Type : WaitTime
[DEBUG][2015-11-27 18:42:19,465][com.java.TestType] [ 4610] - sleepTime: 5000
[INFO ][2015-11-27 18:42:24,467][com.java.TestType] [ 9383] -  RESULT true
[INFO ][2015-11-27 18:42:24,467][com.java.TestType] [ 9500] - ?   P A S S   ?
[INFO ][2015-11-27 18:42:24,467][com.java.TestType] [ 9571] - Looping End......
[INFO ][2015-11-27 18:42:24,467][com.java.SeleniumDriver] [  869] -  RESULT true
[INFO ][2015-11-27 18:42:24,467][com.java.SeleniumDriver] [ 1075] - ?   P A S S   ?
[INFO ][2015-11-27 18:42:24,467][com.java.SeleniumDriver] [  796] - ------------------------------------------
[INFO ][2015-11-27 18:42:24,467][com.java.SeleniumDriver] [  797] - Test case being Executed: 2
[INFO ][2015-11-27 18:42:24,467][com.java.SeleniumDriver] [  808] - Test step:4
[INFO ][2015-11-27 18:42:24,467][com.java.SeleniumDriver] [  820] - Datavalue is----------null
[DEBUG][2015-11-27 18:42:24,467][com.java.SeleniumDriver] [  838] - Exception: null
[INFO ][2015-11-27 18:42:24,467][com.java.SeleniumDriver] [  844] - DataField : //span[@class="icon-stats"]&&//a[@data-id="Manage"]
[INFO ][2015-11-27 18:42:24,467][com.java.SeleniumDriver] [  846] - DataValue : 
[INFO ][2015-11-27 18:42:24,467][com.java.SeleniumDriver] [  852] - <In Set values of the page>
[INFO ][2015-11-27 18:42:24,467][com.java.SeleniumDriver] [  855] - {Data Fields & Data Values Exist}
[INFO ][2015-11-27 18:42:24,467][com.java.SeleniumDriver] [  857] - --------------------------setting values-----------------------------
[INFO ][2015-11-27 18:42:24,467][com.java.SeleniumDriver] [  860] - Action Type : MOUSEOVER
[INFO ][2015-11-27 18:42:47,454][com.java.SeleniumDriver] [  869] -  RESULT true
[INFO ][2015-11-27 18:42:47,454][com.java.SeleniumDriver] [ 1075] - ?   P A S S   ?
[INFO ][2015-11-27 18:42:47,454][com.java.SeleniumDriver] [  796] - ------------------------------------------
[INFO ][2015-11-27 18:42:47,454][com.java.SeleniumDriver] [  797] - Test case being Executed: 2
[INFO ][2015-11-27 18:42:47,454][com.java.SeleniumDriver] [  808] - Test step:5
[INFO ][2015-11-27 18:42:47,454][com.java.SeleniumDriver] [  820] - Datavalue is----------null
[DEBUG][2015-11-27 18:42:47,454][com.java.SeleniumDriver] [  838] - Exception: null
[INFO ][2015-11-27 18:42:47,454][com.java.SeleniumDriver] [  844] - DataField : BTNdivHelpText
[INFO ][2015-11-27 18:42:47,454][com.java.SeleniumDriver] [  846] - DataValue : 
[INFO ][2015-11-27 18:42:47,454][com.java.SeleniumDriver] [  852] - <In Set values of the page>
[INFO ][2015-11-27 18:42:47,454][com.java.SeleniumDriver] [  855] - {Data Fields & Data Values Exist}
[INFO ][2015-11-27 18:42:47,454][com.java.SeleniumDriver] [  857] - --------------------------setting values-----------------------------
[INFO ][2015-11-27 18:42:47,454][com.java.SeleniumDriver] [  860] - Action Type : WAITFORELEMENT
[INFO ][2015-11-27 18:42:48,635][com.java.SeleniumDriver] [  869] -  RESULT true
[INFO ][2015-11-27 18:42:48,635][com.java.SeleniumDriver] [ 1075] - ?   P A S S   ?
[INFO ][2015-11-27 18:42:48,635][com.java.SeleniumDriver] [  796] - ------------------------------------------
[INFO ][2015-11-27 18:42:48,635][com.java.SeleniumDriver] [  797] - Test case being Executed: 2
[INFO ][2015-11-27 18:42:48,635][com.java.SeleniumDriver] [  808] - Test step:6
[INFO ][2015-11-27 18:42:48,635][com.java.SeleniumDriver] [  820] - Datavalue is----------Manage Projections
[INFO ][2015-11-27 18:42:48,635][com.java.SeleniumDriver] [  844] - DataField : XPH//span[@class="ui-dialog-title"]
[INFO ][2015-11-27 18:42:48,635][com.java.SeleniumDriver] [  846] - DataValue : Manage Projections
[INFO ][2015-11-27 18:42:48,635][com.java.SeleniumDriver] [  852] - <In Set values of the page>
[INFO ][2015-11-27 18:42:48,635][com.java.SeleniumDriver] [  855] - {Data Fields & Data Values Exist}
[INFO ][2015-11-27 18:42:48,635][com.java.SeleniumDriver] [  857] - --------------------------setting values-----------------------------
[INFO ][2015-11-27 18:42:48,635][com.java.SeleniumDriver] [  860] - Action Type : VERIFY
[INFO ][2015-11-27 18:42:48,635][com.java.TestType] [ 5975] - field= XPH//span[@class="ui-dialog-title"] value= Manage Projections
[INFO ][2015-11-27 18:42:48,635][com.java.TestType] [ 4790] - value = Manage Projections
[INFO ][2015-11-27 18:42:48,776][com.java.SeleniumDriver] [  869] -  RESULT true
[INFO ][2015-11-27 18:42:48,776][com.java.SeleniumDriver] [ 1075] - ?   P A S S   ?
[INFO ][2015-11-27 18:42:48,776][com.java.SeleniumDriver] [  796] - ------------------------------------------
[INFO ][2015-11-27 18:42:48,776][com.java.SeleniumDriver] [  797] - Test case being Executed: 2
[INFO ][2015-11-27 18:42:48,776][com.java.SeleniumDriver] [  808] - Test step:7
[INFO ][2015-11-27 18:42:48,776][com.java.SeleniumDriver] [  820] - Datavalue is----------null
[DEBUG][2015-11-27 18:42:48,776][com.java.SeleniumDriver] [  838] - Exception: null
[INFO ][2015-11-27 18:42:48,776][com.java.SeleniumDriver] [  844] - DataField : BTNframeDialogContent
[INFO ][2015-11-27 18:42:48,776][com.java.SeleniumDriver] [  846] - DataValue : 
[INFO ][2015-11-27 18:42:48,776][com.java.SeleniumDriver] [  852] - <In Set values of the page>
[INFO ][2015-11-27 18:42:48,776][com.java.SeleniumDriver] [  855] - {Data Fields & Data Values Exist}
[INFO ][2015-11-27 18:42:48,776][com.java.SeleniumDriver] [  857] - --------------------------setting values-----------------------------
[INFO ][2015-11-27 18:42:48,776][com.java.SeleniumDriver] [  860] - Action Type : SELECTFRAME
[INFO ][2015-11-27 18:42:49,987][com.java.SeleniumDriver] [  869] -  RESULT true
[INFO ][2015-11-27 18:42:49,987][com.java.SeleniumDriver] [ 1075] - ?   P A S S   ?
[INFO ][2015-11-27 18:42:49,987][com.java.SeleniumDriver] [  796] - ------------------------------------------
[INFO ][2015-11-27 18:42:49,987][com.java.SeleniumDriver] [  797] - Test case being Executed: 2
[INFO ][2015-11-27 18:42:49,987][com.java.SeleniumDriver] [  808] - Test step:8
[INFO ][2015-11-27 18:42:49,987][com.java.SeleniumDriver] [  820] - Datavalue is----------index:1
[INFO ][2015-11-27 18:42:49,987][com.java.SeleniumDriver] [  844] - DataField : COBddlProjections
[INFO ][2015-11-27 18:42:49,987][com.java.SeleniumDriver] [  846] - DataValue : index:1
[INFO ][2015-11-27 18:42:49,987][com.java.SeleniumDriver] [  852] - <In Set values of the page>
[INFO ][2015-11-27 18:42:49,987][com.java.SeleniumDriver] [  855] - {Data Fields & Data Values Exist}
[INFO ][2015-11-27 18:42:49,987][com.java.SeleniumDriver] [  857] - --------------------------setting values-----------------------------
[INFO ][2015-11-27 18:42:49,987][com.java.SeleniumDriver] [  860] - Action Type : SELECT
[INFO ][2015-11-27 18:42:49,987][com.java.TestType] [ 4790] - value = 1
[INFO ][2015-11-27 18:42:51,108][com.java.TestType] [ 4908] -  In COB ddlProjections : 1
[INFO ][2015-11-27 18:42:51,318][com.java.SeleniumDriver] [  869] -  RESULT true
[INFO ][2015-11-27 18:42:51,318][com.java.SeleniumDriver] [ 1075] - ?   P A S S   ?
[INFO ][2015-11-27 18:42:51,318][com.java.SeleniumDriver] [  796] - ------------------------------------------
[INFO ][2015-11-27 18:42:51,318][com.java.SeleniumDriver] [  797] - Test case being Executed: 2
[INFO ][2015-11-27 18:42:51,318][com.java.SeleniumDriver] [  808] - Test step:9
[INFO ][2015-11-27 18:42:51,318][com.java.SeleniumDriver] [  820] - Datavalue is----------SelectedProjection
[INFO ][2015-11-27 18:42:51,318][com.java.SeleniumDriver] [  844] - DataField : SLBddlProjections
[INFO ][2015-11-27 18:42:51,318][com.java.SeleniumDriver] [  846] - DataValue : SelectedProjection
[INFO ][2015-11-27 18:42:51,318][com.java.SeleniumDriver] [  852] - <In Set values of the page>
[INFO ][2015-11-27 18:42:51,318][com.java.SeleniumDriver] [  855] - {Data Fields & Data Values Exist}
[INFO ][2015-11-27 18:42:51,318][com.java.SeleniumDriver] [  857] - --------------------------setting values-----------------------------
[INFO ][2015-11-27 18:42:51,318][com.java.SeleniumDriver] [  860] - Action Type : STOREVALUE
[INFO ][2015-11-27 18:42:51,318][com.java.TestType] [ 7152] - field= SLBddlProjections
[INFO ][2015-11-27 18:42:52,563][com.java.SeleniumDriver] [  869] -  RESULT true
[INFO ][2015-11-27 18:42:52,563][com.java.SeleniumDriver] [ 1075] - ?   P A S S   ?
[INFO ][2015-11-27 18:42:52,563][com.java.SeleniumDriver] [  796] - ------------------------------------------
[INFO ][2015-11-27 18:42:52,563][com.java.SeleniumDriver] [  797] - Test case being Executed: 2
[INFO ][2015-11-27 18:42:52,563][com.java.SeleniumDriver] [  808] - Test step:10
[INFO ][2015-11-27 18:42:52,563][com.java.SeleniumDriver] [  820] - Datavalue is----------null
[DEBUG][2015-11-27 18:42:52,563][com.java.SeleniumDriver] [  838] - Exception: null
[INFO ][2015-11-27 18:42:52,563][com.java.SeleniumDriver] [  844] - DataField : BTNparent
[INFO ][2015-11-27 18:42:52,563][com.java.SeleniumDriver] [  846] - DataValue : 
[INFO ][2015-11-27 18:42:52,563][com.java.SeleniumDriver] [  852] - <In Set values of the page>
[INFO ][2015-11-27 18:42:52,563][com.java.SeleniumDriver] [  855] - {Data Fields & Data Values Exist}
[INFO ][2015-11-27 18:42:52,563][com.java.SeleniumDriver] [  857] - --------------------------setting values-----------------------------
[INFO ][2015-11-27 18:42:52,563][com.java.SeleniumDriver] [  860] - Action Type : SELECTFRAME
[INFO ][2015-11-27 18:42:52,573][com.java.SeleniumDriver] [  869] -  RESULT true
[INFO ][2015-11-27 18:42:52,573][com.java.SeleniumDriver] [ 1075] - ?   P A S S   ?
[INFO ][2015-11-27 18:42:52,573][com.java.SeleniumDriver] [  796] - ------------------------------------------
[INFO ][2015-11-27 18:42:52,573][com.java.SeleniumDriver] [  797] - Test case being Executed: 2
[INFO ][2015-11-27 18:42:52,573][com.java.SeleniumDriver] [  808] - Test step:11
[INFO ][2015-11-27 18:42:52,573][com.java.SeleniumDriver] [  820] - Datavalue is----------null
[DEBUG][2015-11-27 18:42:52,573][com.java.SeleniumDriver] [  838] - Exception: null
[INFO ][2015-11-27 18:42:52,573][com.java.SeleniumDriver] [  844] - DataField : HDN//span[@class="ui-button-text" and contains(text(),'Continue')]
[INFO ][2015-11-27 18:42:52,573][com.java.SeleniumDriver] [  846] - DataValue : 
[INFO ][2015-11-27 18:42:52,573][com.java.SeleniumDriver] [  852] - <In Set values of the page>
[INFO ][2015-11-27 18:42:52,573][com.java.SeleniumDriver] [  855] - {Data Fields & Data Values Exist}
[INFO ][2015-11-27 18:42:52,573][com.java.SeleniumDriver] [  857] - --------------------------setting values-----------------------------
[INFO ][2015-11-27 18:42:52,573][com.java.SeleniumDriver] [  860] - Action Type : CLICK
[INFO ][2015-11-27 18:42:52,573][com.java.TestType] [ 5118] - Field ::HDN//span[@class="ui-button-text" and contains(text(),'Continue')]
[INFO ][2015-11-27 18:42:53,694][com.java.SeleniumDriver] [  869] -  RESULT true
[INFO ][2015-11-27 18:42:53,694][com.java.SeleniumDriver] [ 1075] - ?   P A S S   ?
[INFO ][2015-11-27 18:42:53,694][com.java.SeleniumDriver] [  796] - ------------------------------------------
[INFO ][2015-11-27 18:42:53,694][com.java.SeleniumDriver] [  797] - Test case being Executed: 2
[INFO ][2015-11-27 18:42:53,694][com.java.SeleniumDriver] [  808] - Test step:12
[INFO ][2015-11-27 18:42:53,694][com.java.SeleniumDriver] [  820] - Datavalue is----------3
[INFO ][2015-11-27 18:42:53,694][com.java.SeleniumDriver] [  844] - DataField : XPH//img[@id='loading']
[INFO ][2015-11-27 18:42:53,694][com.java.SeleniumDriver] [  846] - DataValue : 3
[INFO ][2015-11-27 18:42:53,694][com.java.SeleniumDriver] [  852] - <In Set values of the page>
[INFO ][2015-11-27 18:42:53,694][com.java.SeleniumDriver] [  855] - {Data Fields & Data Values Exist}
[INFO ][2015-11-27 18:42:53,694][com.java.SeleniumDriver] [  857] - --------------------------setting values-----------------------------
[INFO ][2015-11-27 18:42:53,694][com.java.SeleniumDriver] [  860] - Action Type : WaitForElement
[INFO ][2015-11-27 18:42:53,734][com.java.SeleniumDriver] [  869] -  RESULT true
[INFO ][2015-11-27 18:42:53,734][com.java.SeleniumDriver] [ 1075] - ?   P A S S   ?
[INFO ][2015-11-27 18:42:53,734][com.java.SeleniumDriver] [  796] - ------------------------------------------
[INFO ][2015-11-27 18:42:53,734][com.java.SeleniumDriver] [  797] - Test case being Executed: 2
[INFO ][2015-11-27 18:42:53,734][com.java.SeleniumDriver] [  808] - Test step:13
[INFO ][2015-11-27 18:42:53,734][com.java.SeleniumDriver] [  820] - Datavalue is----------120
[INFO ][2015-11-27 18:42:53,734][com.java.SeleniumDriver] [  844] - DataField : XPH//img[@id='loading']
[INFO ][2015-11-27 18:42:53,734][com.java.SeleniumDriver] [  846] - DataValue : 120
[INFO ][2015-11-27 18:42:53,734][com.java.SeleniumDriver] [  852] - <In Set values of the page>
[INFO ][2015-11-27 18:42:53,734][com.java.SeleniumDriver] [  855] - {Data Fields & Data Values Exist}
[INFO ][2015-11-27 18:42:53,734][com.java.SeleniumDriver] [  857] - --------------------------setting values-----------------------------
[INFO ][2015-11-27 18:42:53,734][com.java.SeleniumDriver] [  860] - Action Type : waitForElementNotPresent
[INFO ][2015-11-27 18:42:53,824][com.java.SeleniumDriver] [  869] -  RESULT true
[INFO ][2015-11-27 18:42:53,824][com.java.SeleniumDriver] [ 1075] - ?   P A S S   ?
[INFO ][2015-11-27 18:42:53,824][com.java.SeleniumDriver] [  796] - ------------------------------------------
[INFO ][2015-11-27 18:42:53,824][com.java.SeleniumDriver] [  797] - Test case being Executed: 2
[INFO ][2015-11-27 18:42:53,824][com.java.SeleniumDriver] [  808] - Test step:14
[INFO ][2015-11-27 18:42:53,824][com.java.SeleniumDriver] [  820] - Datavalue is----------null
[DEBUG][2015-11-27 18:42:53,824][com.java.SeleniumDriver] [  838] - Exception: null
[INFO ][2015-11-27 18:42:53,824][com.java.SeleniumDriver] [  844] - DataField : BTNframeProjectionOpen
[INFO ][2015-11-27 18:42:53,824][com.java.SeleniumDriver] [  846] - DataValue : 
[INFO ][2015-11-27 18:42:53,824][com.java.SeleniumDriver] [  852] - <In Set values of the page>
[INFO ][2015-11-27 18:42:53,824][com.java.SeleniumDriver] [  855] - {Data Fields & Data Values Exist}
[INFO ][2015-11-27 18:42:53,824][com.java.SeleniumDriver] [  857] - --------------------------setting values-----------------------------
[INFO ][2015-11-27 18:42:53,824][com.java.SeleniumDriver] [  860] - Action Type : WAITFORELEMENT
[INFO ][2015-11-27 18:42:55,044][com.java.SeleniumDriver] [  869] -  RESULT true
[INFO ][2015-11-27 18:42:55,044][com.java.SeleniumDriver] [ 1075] - ?   P A S S   ?
[INFO ][2015-11-27 18:42:55,044][com.java.SeleniumDriver] [  796] - ------------------------------------------
[INFO ][2015-11-27 18:42:55,044][com.java.SeleniumDriver] [  797] - Test case being Executed: 2
[INFO ][2015-11-27 18:42:55,044][com.java.SeleniumDriver] [  808] - Test step:15
[INFO ][2015-11-27 18:42:55,044][com.java.SeleniumDriver] [  820] - Datavalue is----------null
[DEBUG][2015-11-27 18:42:55,044][com.java.SeleniumDriver] [  838] - Exception: null
[INFO ][2015-11-27 18:42:55,044][com.java.SeleniumDriver] [  844] - DataField : BTNframeProjectionOpen
[INFO ][2015-11-27 18:42:55,044][com.java.SeleniumDriver] [  846] - DataValue : 
[INFO ][2015-11-27 18:42:55,044][com.java.SeleniumDriver] [  852] - <In Set values of the page>
[INFO ][2015-11-27 18:42:55,044][com.java.SeleniumDriver] [  855] - {Data Fields & Data Values Exist}
[INFO ][2015-11-27 18:42:55,044][com.java.SeleniumDriver] [  857] - --------------------------setting values-----------------------------
[INFO ][2015-11-27 18:42:55,044][com.java.SeleniumDriver] [  860] - Action Type : SELECTFRAME
[INFO ][2015-11-27 18:42:56,328][com.java.SeleniumDriver] [  869] -  RESULT true
[INFO ][2015-11-27 18:42:56,328][com.java.SeleniumDriver] [ 1075] - ?   P A S S   ?
[INFO ][2015-11-27 18:42:56,328][com.java.SeleniumDriver] [  796] - ------------------------------------------
[INFO ][2015-11-27 18:42:56,328][com.java.SeleniumDriver] [  797] - Test case being Executed: 2
[INFO ][2015-11-27 18:42:56,328][com.java.SeleniumDriver] [  808] - Test step:16
[INFO ][2015-11-27 18:42:56,328][com.java.SeleniumDriver] [  820] - Datavalue is----------HMVSelectedProjection
[INFO ][2015-11-27 18:42:56,328][com.java.SeleniumDriver] [  844] - DataField : XPH//span[@id='projTitle']
[INFO ][2015-11-27 18:42:56,328][com.java.SeleniumDriver] [  846] - DataValue : HMVSelectedProjection
[INFO ][2015-11-27 18:42:56,328][com.java.SeleniumDriver] [  852] - <In Set values of the page>
[INFO ][2015-11-27 18:42:56,328][com.java.SeleniumDriver] [  855] - {Data Fields & Data Values Exist}
[INFO ][2015-11-27 18:42:56,328][com.java.SeleniumDriver] [  857] - --------------------------setting values-----------------------------
[INFO ][2015-11-27 18:42:56,328][com.java.SeleniumDriver] [  860] - Action Type : VERIFY
[INFO ][2015-11-27 18:42:56,328][com.java.TestType] [ 5975] - field= XPH//span[@id='projTitle'] value= HMVSelectedProjection
[INFO ][2015-11-27 18:42:56,328][com.java.TestType] [ 4790] - value = 3-Year Forecast
[INFO ][2015-11-27 18:42:56,468][com.java.SeleniumDriver] [  869] -  RESULT true
[INFO ][2015-11-27 18:42:56,468][com.java.SeleniumDriver] [ 1075] - ?   P A S S   ?
[INFO ][2015-11-27 18:42:56,468][com.java.SeleniumDriver] [  796] - ------------------------------------------
[INFO ][2015-11-27 18:42:56,468][com.java.SeleniumDriver] [  797] - Test case being Executed: 2
[INFO ][2015-11-27 18:42:56,468][com.java.SeleniumDriver] [  808] - Test step:17
[INFO ][2015-11-27 18:42:56,468][com.java.SeleniumDriver] [  820] - Datavalue is----------//table[@class="dlg_Outer_Table"]
[INFO ][2015-11-27 18:42:56,468][com.java.SeleniumDriver] [  844] - DataField : BTN
[INFO ][2015-11-27 18:42:56,468][com.java.SeleniumDriver] [  846] - DataValue : //table[@class="dlg_Outer_Table"]
[INFO ][2015-11-27 18:42:56,468][com.java.SeleniumDriver] [  852] - <In Set values of the page>
[INFO ][2015-11-27 18:42:56,468][com.java.SeleniumDriver] [  855] - {Data Fields & Data Values Exist}
[INFO ][2015-11-27 18:42:56,468][com.java.SeleniumDriver] [  857] - --------------------------setting values-----------------------------
[INFO ][2015-11-27 18:42:56,468][com.java.SeleniumDriver] [  860] - Action Type : VERIFY
[INFO ][2015-11-27 18:42:56,468][com.java.TestType] [ 5975] - field= BTN value= //table[@class="dlg_Outer_Table"]
[INFO ][2015-11-27 18:42:56,468][com.java.TestType] [ 4790] - value = //table[@class="dlg_Outer_Table"]
[INFO ][2015-11-27 18:42:56,528][com.java.SeleniumDriver] [  869] -  RESULT true
[INFO ][2015-11-27 18:42:56,528][com.java.SeleniumDriver] [ 1075] - ?   P A S S   ?
[INFO ][2015-11-27 18:42:56,528][com.java.SeleniumDriver] [  796] - ------------------------------------------
[INFO ][2015-11-27 18:42:56,528][com.java.SeleniumDriver] [  797] - Test case being Executed: 2
[INFO ][2015-11-27 18:42:56,528][com.java.SeleniumDriver] [  808] - Test step:18
[INFO ][2015-11-27 18:42:56,528][com.java.SeleniumDriver] [  820] - Datavalue is----------Copy To New Projection
[INFO ][2015-11-27 18:42:56,528][com.java.SeleniumDriver] [  844] - DataField : XPH//table[@class="dlg_Outer_Table"]//td[@class="dlg_Label" and contains(text(),'Copy To New Projection')]
[INFO ][2015-11-27 18:42:56,528][com.java.SeleniumDriver] [  846] - DataValue : Copy To New Projection
[INFO ][2015-11-27 18:42:56,528][com.java.SeleniumDriver] [  852] - <In Set values of the page>
[INFO ][2015-11-27 18:42:56,528][com.java.SeleniumDriver] [  855] - {Data Fields & Data Values Exist}
[INFO ][2015-11-27 18:42:56,528][com.java.SeleniumDriver] [  857] - --------------------------setting values-----------------------------
[INFO ][2015-11-27 18:42:56,528][com.java.SeleniumDriver] [  860] - Action Type : VERIFY
[INFO ][2015-11-27 18:42:56,528][com.java.TestType] [ 5975] - field= XPH//table[@class="dlg_Outer_Table"]//td[@class="dlg_Label" and contains(text(),'Copy To New Projection')] value= Copy To New Projection
[INFO ][2015-11-27 18:42:56,528][com.java.TestType] [ 4790] - value = Copy To New Projection
[INFO ][2015-11-27 18:42:56,678][com.java.SeleniumDriver] [  869] -  RESULT true
[INFO ][2015-11-27 18:42:56,678][com.java.SeleniumDriver] [ 1075] - ?   P A S S   ?
[INFO ][2015-11-27 18:42:56,678][com.java.SeleniumDriver] [  796] - ------------------------------------------
[INFO ][2015-11-27 18:42:56,678][com.java.SeleniumDriver] [  797] - Test case being Executed: 2
[INFO ][2015-11-27 18:42:56,678][com.java.SeleniumDriver] [  808] - Test step:19
[INFO ][2015-11-27 18:42:56,678][com.java.SeleniumDriver] [  820] - Datavalue is----------null
[DEBUG][2015-11-27 18:42:56,678][com.java.SeleniumDriver] [  838] - Exception: null
[INFO ][2015-11-27 18:42:56,678][com.java.SeleniumDriver] [  844] - DataField : BTNnewProjectionStartYear
[INFO ][2015-11-27 18:42:56,678][com.java.SeleniumDriver] [  846] - DataValue : 
[INFO ][2015-11-27 18:42:56,678][com.java.SeleniumDriver] [  852] - <In Set values of the page>
[INFO ][2015-11-27 18:42:56,678][com.java.SeleniumDriver] [  855] - {Data Fields & Data Values Exist}
[INFO ][2015-11-27 18:42:56,678][com.java.SeleniumDriver] [  857] - --------------------------setting values-----------------------------
[INFO ][2015-11-27 18:42:56,678][com.java.SeleniumDriver] [  860] - Action Type : ISDISABLED
[INFO ][2015-11-27 18:42:56,678][com.java.TestType] [ 7077] - field= BTNnewProjectionStartYear
[INFO ][2015-11-27 18:42:58,799][com.java.SeleniumDriver] [  869] -  RESULT true
[INFO ][2015-11-27 18:42:58,799][com.java.SeleniumDriver] [ 1075] - ?   P A S S   ?
[INFO ][2015-11-27 18:42:58,799][com.java.SeleniumDriver] [  796] - ------------------------------------------
[INFO ][2015-11-27 18:42:58,799][com.java.SeleniumDriver] [  797] - Test case being Executed: 2
[INFO ][2015-11-27 18:42:58,799][com.java.SeleniumDriver] [  808] - Test step:20
[INFO ][2015-11-27 18:42:58,799][com.java.SeleniumDriver] [  820] - Datavalue is----------SelectedYear
[INFO ][2015-11-27 18:42:58,799][com.java.SeleniumDriver] [  844] - DataField : XPHnewProjectionStartYear
[INFO ][2015-11-27 18:42:58,799][com.java.SeleniumDriver] [  846] - DataValue : SelectedYear
[INFO ][2015-11-27 18:42:58,799][com.java.SeleniumDriver] [  852] - <In Set values of the page>
[INFO ][2015-11-27 18:42:58,799][com.java.SeleniumDriver] [  855] - {Data Fields & Data Values Exist}
[INFO ][2015-11-27 18:42:58,799][com.java.SeleniumDriver] [  857] - --------------------------setting values-----------------------------
[INFO ][2015-11-27 18:42:58,799][com.java.SeleniumDriver] [  860] - Action Type : STOREVALUE
[INFO ][2015-11-27 18:42:58,799][com.java.TestType] [ 7152] - field= XPHnewProjectionStartYear
[DEBUG][2015-11-27 18:43:00,950][com.java.TestType] [ 7204] - Key:: SelectedYear   Value:: 
[INFO ][2015-11-27 18:43:00,950][com.java.SeleniumDriver] [  869] -  RESULT true
[INFO ][2015-11-27 18:43:00,950][com.java.SeleniumDriver] [ 1075] - ?   P A S S   ?
[INFO ][2015-11-27 18:43:00,950][com.java.SeleniumDriver] [  796] - ------------------------------------------
[INFO ][2015-11-27 18:43:00,950][com.java.SeleniumDriver] [  797] - Test case being Executed: 2
[INFO ][2015-11-27 18:43:00,950][com.java.SeleniumDriver] [  808] - Test step:21
[INFO ][2015-11-27 18:43:00,950][com.java.SeleniumDriver] [  820] - Datavalue is----------3
[INFO ][2015-11-27 18:43:00,950][com.java.SeleniumDriver] [  844] - DataField : TXTnewProjectionNumYears
[INFO ][2015-11-27 18:43:00,950][com.java.SeleniumDriver] [  846] - DataValue : 3
[INFO ][2015-11-27 18:43:00,950][com.java.SeleniumDriver] [  852] - <In Set values of the page>
[INFO ][2015-11-27 18:43:00,950][com.java.SeleniumDriver] [  855] - {Data Fields & Data Values Exist}
[INFO ][2015-11-27 18:43:00,950][com.java.SeleniumDriver] [  857] - --------------------------setting values-----------------------------
[INFO ][2015-11-27 18:43:00,950][com.java.SeleniumDriver] [  860] - Action Type : CLEARANDENTER
[INFO ][2015-11-27 18:43:00,950][com.java.TestType] [ 4790] - value = 3
[INFO ][2015-11-27 18:43:05,373][com.java.SeleniumDriver] [  869] -  RESULT true
[INFO ][2015-11-27 18:43:05,373][com.java.SeleniumDriver] [ 1075] - ?   P A S S   ?
[INFO ][2015-11-27 18:43:05,373][com.java.SeleniumDriver] [  796] - ------------------------------------------
[INFO ][2015-11-27 18:43:05,373][com.java.SeleniumDriver] [  797] - Test case being Executed: 2
[INFO ][2015-11-27 18:43:05,373][com.java.SeleniumDriver] [  808] - Test step:22
[INFO ][2015-11-27 18:43:05,373][com.java.SeleniumDriver] [  820] - Datavalue is----------EnteredYears
[INFO ][2015-11-27 18:43:05,373][com.java.SeleniumDriver] [  844] - DataField : XPHnewProjectionName
[INFO ][2015-11-27 18:43:05,373][com.java.SeleniumDriver] [  846] - DataValue : EnteredYears
[INFO ][2015-11-27 18:43:05,373][com.java.SeleniumDriver] [  852] - <In Set values of the page>
[INFO ][2015-11-27 18:43:05,373][com.java.SeleniumDriver] [  855] - {Data Fields & Data Values Exist}
[INFO ][2015-11-27 18:43:05,373][com.java.SeleniumDriver] [  857] - --------------------------setting values-----------------------------
[INFO ][2015-11-27 18:43:05,373][com.java.SeleniumDriver] [  860] - Action Type : STOREVALUE
[INFO ][2015-11-27 18:43:05,373][com.java.TestType] [ 7152] - field= XPHnewProjectionName
[DEBUG][2015-11-27 18:43:07,534][com.java.TestType] [ 7204] - Key:: EnteredYears   Value:: 
[INFO ][2015-11-27 18:43:07,534][com.java.SeleniumDriver] [  869] -  RESULT true
[INFO ][2015-11-27 18:43:07,534][com.java.SeleniumDriver] [ 1075] - ?   P A S S   ?
[INFO ][2015-11-27 18:43:07,534][com.java.SeleniumDriver] [  796] - ------------------------------------------
[INFO ][2015-11-27 18:43:07,534][com.java.SeleniumDriver] [  797] - Test case being Executed: 2
[INFO ][2015-11-27 18:43:07,534][com.java.SeleniumDriver] [  808] - Test step:23
[INFO ][2015-11-27 18:43:07,534][com.java.SeleniumDriver] [  820] - Datavalue is----------RNDCopyTest
[INFO ][2015-11-27 18:43:07,534][com.java.SeleniumDriver] [  844] - DataField : TXTnewProjectionName
[INFO ][2015-11-27 18:43:07,534][com.java.SeleniumDriver] [  846] - DataValue : RNDCopyTest
[INFO ][2015-11-27 18:43:07,534][com.java.SeleniumDriver] [  852] - <In Set values of the page>
[INFO ][2015-11-27 18:43:07,534][com.java.SeleniumDriver] [  855] - {Data Fields & Data Values Exist}
[INFO ][2015-11-27 18:43:07,534][com.java.SeleniumDriver] [  857] - --------------------------setting values-----------------------------
[INFO ][2015-11-27 18:43:07,534][com.java.SeleniumDriver] [  860] - Action Type : CLEARANDENTER
[INFO ][2015-11-27 18:43:07,534][com.java.TestType] [ 4790] - value = CopyTest61279
[INFO ][2015-11-27 18:43:12,257][com.java.SeleniumDriver] [  869] -  RESULT true
[INFO ][2015-11-27 18:43:12,257][com.java.SeleniumDriver] [ 1075] - ?   P A S S   ?
[INFO ][2015-11-27 18:43:12,257][com.java.SeleniumDriver] [  796] - ------------------------------------------
[INFO ][2015-11-27 18:43:12,257][com.java.SeleniumDriver] [  797] - Test case being Executed: 2
[INFO ][2015-11-27 18:43:12,257][com.java.SeleniumDriver] [  808] - Test step:24
[INFO ][2015-11-27 18:43:12,257][com.java.SeleniumDriver] [  820] - Datavalue is----------CopyPrjName
[INFO ][2015-11-27 18:43:12,257][com.java.SeleniumDriver] [  844] - DataField : XPHnewProjectionName
[INFO ][2015-11-27 18:43:12,257][com.java.SeleniumDriver] [  846] - DataValue : CopyPrjName
[INFO ][2015-11-27 18:43:12,257][com.java.SeleniumDriver] [  852] - <In Set values of the page>
[INFO ][2015-11-27 18:43:12,257][com.java.SeleniumDriver] [  855] - {Data Fields & Data Values Exist}
[INFO ][2015-11-27 18:43:12,257][com.java.SeleniumDriver] [  857] - --------------------------setting values-----------------------------
[INFO ][2015-11-27 18:43:12,257][com.java.SeleniumDriver] [  860] - Action Type : STOREVALUE
[INFO ][2015-11-27 18:43:12,257][com.java.TestType] [ 7152] - field= XPHnewProjectionName
[DEBUG][2015-11-27 18:43:14,428][com.java.TestType] [ 7204] - Key:: CopyPrjName   Value:: 
[INFO ][2015-11-27 18:43:14,428][com.java.SeleniumDriver] [  869] -  RESULT true
[INFO ][2015-11-27 18:43:14,428][com.java.SeleniumDriver] [ 1075] - ?   P A S S   ?
[INFO ][2015-11-27 18:43:14,428][com.java.SeleniumDriver] [  796] - ------------------------------------------
[INFO ][2015-11-27 18:43:14,428][com.java.SeleniumDriver] [  797] - Test case being Executed: 2
[INFO ][2015-11-27 18:43:14,428][com.java.SeleniumDriver] [  808] - Test step:25
[INFO ][2015-11-27 18:43:14,428][com.java.SeleniumDriver] [  820] - Datavalue is----------null
[DEBUG][2015-11-27 18:43:14,428][com.java.SeleniumDriver] [  838] - Exception: null
[INFO ][2015-11-27 18:43:14,428][com.java.SeleniumDriver] [  844] - DataField : BTNCopy
[INFO ][2015-11-27 18:43:14,428][com.java.SeleniumDriver] [  846] - DataValue : 
[INFO ][2015-11-27 18:43:14,428][com.java.SeleniumDriver] [  852] - <In Set values of the page>
[INFO ][2015-11-27 18:43:14,428][com.java.SeleniumDriver] [  855] - {Data Fields & Data Values Exist}
[INFO ][2015-11-27 18:43:14,428][com.java.SeleniumDriver] [  857] - --------------------------setting values-----------------------------
[INFO ][2015-11-27 18:43:14,428][com.java.SeleniumDriver] [  860] - Action Type : CLICKANDWAIT
[INFO ][2015-11-27 18:43:14,428][com.java.TestType] [ 5118] - Field ::BTNCopy
[INFO ][2015-11-27 18:43:15,428][com.java.TestType] [ 5184] - BEFORE CLICK
[INFO ][2015-11-27 18:43:24,663][com.java.TestType] [ 5191] - Unable to click the object null
[INFO ][2015-11-27 18:43:24,673][com.java.SeleniumDriver] [  869] -  RESULT true
[INFO ][2015-11-27 18:43:24,673][com.java.SeleniumDriver] [ 1075] - ?   P A S S   ?
[INFO ][2015-11-27 18:43:24,673][com.java.SeleniumDriver] [  796] - ------------------------------------------
[INFO ][2015-11-27 18:43:24,673][com.java.SeleniumDriver] [  797] - Test case being Executed: 2
[INFO ][2015-11-27 18:43:24,673][com.java.SeleniumDriver] [  808] - Test step:26
[INFO ][2015-11-27 18:43:24,673][com.java.SeleniumDriver] [  820] - Datavalue is----------8
[INFO ][2015-11-27 18:43:24,673][com.java.SeleniumDriver] [  844] - DataField : BTNDelete
[INFO ][2015-11-27 18:43:24,673][com.java.SeleniumDriver] [  846] - DataValue : 8
[INFO ][2015-11-27 18:43:24,673][com.java.SeleniumDriver] [  852] - <In Set values of the page>
[INFO ][2015-11-27 18:43:24,673][com.java.SeleniumDriver] [  855] - {Data Fields & Data Values Exist}
[INFO ][2015-11-27 18:43:24,673][com.java.SeleniumDriver] [  857] - --------------------------setting values-----------------------------
[INFO ][2015-11-27 18:43:24,673][com.java.SeleniumDriver] [  860] - Action Type : WAITFORELEMENT
[INFO ][2015-11-27 18:43:26,754][com.java.SeleniumDriver] [  869] -  RESULT true
[INFO ][2015-11-27 18:43:26,754][com.java.SeleniumDriver] [ 1075] - ?   P A S S   ?
[INFO ][2015-11-27 18:43:26,754][com.java.SeleniumDriver] [  796] - ------------------------------------------
[INFO ][2015-11-27 18:43:26,754][com.java.SeleniumDriver] [  797] - Test case being Executed: 2
[INFO ][2015-11-27 18:43:26,754][com.java.SeleniumDriver] [  808] - Test step:27
[INFO ][2015-11-27 18:43:26,754][com.java.SeleniumDriver] [  820] - Datavalue is----------10
[INFO ][2015-11-27 18:43:26,754][com.java.SeleniumDriver] [  844] - DataField : null
[INFO ][2015-11-27 18:43:26,754][com.java.SeleniumDriver] [  846] - DataValue : 10
[INFO ][2015-11-27 18:43:26,754][com.java.SeleniumDriver] [  852] - <In Set values of the page>
[INFO ][2015-11-27 18:43:26,754][com.java.SeleniumDriver] [  855] - {Data Fields & Data Values Exist}
[INFO ][2015-11-27 18:43:26,754][com.java.SeleniumDriver] [  857] - --------------------------setting values-----------------------------
[INFO ][2015-11-27 18:43:26,754][com.java.SeleniumDriver] [  860] - Action Type : Waittime
[DEBUG][2015-11-27 18:43:26,754][com.java.TestType] [ 4610] - sleepTime: 10000
[INFO ][2015-11-27 18:43:36,757][com.java.SeleniumDriver] [  869] -  RESULT true
[INFO ][2015-11-27 18:43:36,757][com.java.SeleniumDriver] [ 1075] - ?   P A S S   ?
[INFO ][2015-11-27 18:43:36,757][com.java.SeleniumDriver] [  796] - ------------------------------------------
[INFO ][2015-11-27 18:43:36,757][com.java.SeleniumDriver] [  797] - Test case being Executed: 2
[INFO ][2015-11-27 18:43:36,757][com.java.SeleniumDriver] [  808] - Test step:28
[INFO ][2015-11-27 18:43:36,757][com.java.SeleniumDriver] [  820] - Datavalue is----------HMVSelectedYear
[INFO ][2015-11-27 18:43:36,757][com.java.SeleniumDriver] [  844] - DataField : XPH//table[@id="table_0"]//td[contains(text(),'Projection Start Year:')]/following-sibling::td
[INFO ][2015-11-27 18:43:36,757][com.java.SeleniumDriver] [  846] - DataValue : HMVSelectedYear
[INFO ][2015-11-27 18:43:36,757][com.java.SeleniumDriver] [  852] - <In Set values of the page>
[INFO ][2015-11-27 18:43:36,757][com.java.SeleniumDriver] [  855] - {Data Fields & Data Values Exist}
[INFO ][2015-11-27 18:43:36,757][com.java.SeleniumDriver] [  857] - --------------------------setting values-----------------------------
[INFO ][2015-11-27 18:43:36,757][com.java.SeleniumDriver] [  860] - Action Type : VERIFY
[INFO ][2015-11-27 18:43:36,757][com.java.TestType] [ 5975] - field= XPH//table[@id="table_0"]//td[contains(text(),'Projection Start Year:')]/following-sibling::td value= HMVSelectedYear
[INFO ][2015-11-27 18:43:36,757][com.java.TestType] [ 4790] - value = 
[INFO ][2015-11-27 18:43:36,918][com.java.SeleniumDriver] [  869] -  RESULT true
[INFO ][2015-11-27 18:43:36,918][com.java.SeleniumDriver] [ 1075] - ?   P A S S   ?
[INFO ][2015-11-27 18:43:36,918][com.java.SeleniumDriver] [  796] - ------------------------------------------
[INFO ][2015-11-27 18:43:36,918][com.java.SeleniumDriver] [  797] - Test case being Executed: 2
[INFO ][2015-11-27 18:43:36,918][com.java.SeleniumDriver] [  808] - Test step:29
[INFO ][2015-11-27 18:43:36,918][com.java.SeleniumDriver] [  820] - Datavalue is----------HMVCopyPrjName
[INFO ][2015-11-27 18:43:36,918][com.java.SeleniumDriver] [  844] - DataField : XPHDescription
[INFO ][2015-11-27 18:43:36,918][com.java.SeleniumDriver] [  846] - DataValue : HMVCopyPrjName
[INFO ][2015-11-27 18:43:36,918][com.java.SeleniumDriver] [  852] - <In Set values of the page>
[INFO ][2015-11-27 18:43:36,918][com.java.SeleniumDriver] [  855] - {Data Fields & Data Values Exist}
[INFO ][2015-11-27 18:43:36,918][com.java.SeleniumDriver] [  857] - --------------------------setting values-----------------------------
[INFO ][2015-11-27 18:43:36,918][com.java.SeleniumDriver] [  860] - Action Type : VERIFY
[INFO ][2015-11-27 18:43:36,918][com.java.TestType] [ 5975] - field= XPHDescription value= HMVCopyPrjName
[INFO ][2015-11-27 18:43:36,918][com.java.TestType] [ 4790] - value = 
[INFO ][2015-11-27 18:43:39,109][com.java.SeleniumDriver] [  869] -  RESULT true
[INFO ][2015-11-27 18:43:39,109][com.java.SeleniumDriver] [ 1075] - ?   P A S S   ?
[INFO ][2015-11-27 18:43:39,109][com.java.SeleniumDriver] [  796] - ------------------------------------------
[INFO ][2015-11-27 18:43:39,109][com.java.SeleniumDriver] [  797] - Test case being Executed: 2
[INFO ][2015-11-27 18:43:39,109][com.java.SeleniumDriver] [  808] - Test step:30
[INFO ][2015-11-27 18:43:39,109][com.java.SeleniumDriver] [  820] - Datavalue is----------HMVEnteredYears
[INFO ][2015-11-27 18:43:39,109][com.java.SeleniumDriver] [  844] - DataField : XPH//table[@id="table_0"]//td[contains(text(),'Number of Years:')]/following-sibling::td[1]
[INFO ][2015-11-27 18:43:39,109][com.java.SeleniumDriver] [  846] - DataValue : HMVEnteredYears
[INFO ][2015-11-27 18:43:39,109][com.java.SeleniumDriver] [  852] - <In Set values of the page>
[INFO ][2015-11-27 18:43:39,109][com.java.SeleniumDriver] [  855] - {Data Fields & Data Values Exist}
[INFO ][2015-11-27 18:43:39,109][com.java.SeleniumDriver] [  857] - --------------------------setting values-----------------------------
[INFO ][2015-11-27 18:43:39,109][com.java.SeleniumDriver] [  860] - Action Type : VERIFY
[INFO ][2015-11-27 18:43:39,109][com.java.TestType] [ 5975] - field= XPH//table[@id="table_0"]//td[contains(text(),'Number of Years:')]/following-sibling::td[1] value= HMVEnteredYears
[INFO ][2015-11-27 18:43:39,109][com.java.TestType] [ 4790] - value = 
[INFO ][2015-11-27 18:43:39,239][com.java.SeleniumDriver] [  869] -  RESULT true
[INFO ][2015-11-27 18:43:39,239][com.java.SeleniumDriver] [ 1075] - ?   P A S S   ?
[INFO ][2015-11-27 18:43:39,239][com.java.SeleniumDriver] [  796] - ------------------------------------------
[INFO ][2015-11-27 18:43:39,239][com.java.SeleniumDriver] [  797] - Test case being Executed: 2
[INFO ][2015-11-27 18:43:39,239][com.java.SeleniumDriver] [  808] - Test step:31
[INFO ][2015-11-27 18:43:39,239][com.java.SeleniumDriver] [  820] - Datavalue is----------null
[DEBUG][2015-11-27 18:43:39,239][com.java.SeleniumDriver] [  838] - Exception: null
[INFO ][2015-11-27 18:43:39,239][com.java.SeleniumDriver] [  844] - DataField : HDN//table[@class="dialogue"]//div[contains(text(),'Balance Sheet')]
[INFO ][2015-11-27 18:43:39,239][com.java.SeleniumDriver] [  846] - DataValue : 
[INFO ][2015-11-27 18:43:39,239][com.java.SeleniumDriver] [  852] - <In Set values of the page>
[INFO ][2015-11-27 18:43:39,239][com.java.SeleniumDriver] [  855] - {Data Fields & Data Values Exist}
[INFO ][2015-11-27 18:43:39,239][com.java.SeleniumDriver] [  857] - --------------------------setting values-----------------------------
[INFO ][2015-11-27 18:43:39,239][com.java.SeleniumDriver] [  860] - Action Type : CLICK
[INFO ][2015-11-27 18:43:39,239][com.java.TestType] [ 5118] - Field ::HDN//table[@class="dialogue"]//div[contains(text(),'Balance Sheet')]
[INFO ][2015-11-27 18:43:40,320][com.java.SeleniumDriver] [  869] -  RESULT true
[INFO ][2015-11-27 18:43:40,320][com.java.SeleniumDriver] [ 1075] - ?   P A S S   ?
[INFO ][2015-11-27 18:43:40,320][com.java.SeleniumDriver] [  796] - ------------------------------------------
[INFO ][2015-11-27 18:43:40,320][com.java.SeleniumDriver] [  797] - Test case being Executed: 2
[INFO ][2015-11-27 18:43:40,320][com.java.SeleniumDriver] [  808] - Test step:32
[INFO ][2015-11-27 18:43:40,320][com.java.SeleniumDriver] [  820] - Datavalue is----------6
[INFO ][2015-11-27 18:43:40,320][com.java.SeleniumDriver] [  844] - DataField : null
[INFO ][2015-11-27 18:43:40,320][com.java.SeleniumDriver] [  846] - DataValue : 6
[INFO ][2015-11-27 18:43:40,320][com.java.SeleniumDriver] [  852] - <In Set values of the page>
[INFO ][2015-11-27 18:43:40,320][com.java.SeleniumDriver] [  855] - {Data Fields & Data Values Exist}
[INFO ][2015-11-27 18:43:40,320][com.java.SeleniumDriver] [  857] - --------------------------setting values-----------------------------
[INFO ][2015-11-27 18:43:40,320][com.java.SeleniumDriver] [  860] - Action Type : Waittime
[DEBUG][2015-11-27 18:43:40,320][com.java.TestType] [ 4610] - sleepTime: 6000
[INFO ][2015-11-27 18:43:46,320][com.java.SeleniumDriver] [  869] -  RESULT true
[INFO ][2015-11-27 18:43:46,320][com.java.SeleniumDriver] [ 1075] - ?   P A S S   ?
[INFO ][2015-11-27 18:43:46,320][com.java.SeleniumDriver] [  796] - ------------------------------------------
[INFO ][2015-11-27 18:43:46,320][com.java.SeleniumDriver] [  797] - Test case being Executed: 2
[INFO ][2015-11-27 18:43:46,320][com.java.SeleniumDriver] [  808] - Test step:33
[INFO ][2015-11-27 18:43:46,320][com.java.SeleniumDriver] [  820] - Datavalue is----------HMVSelectedYear::HMVEnteredYears::null
[INFO ][2015-11-27 18:43:46,320][com.java.SeleniumDriver] [  844] - DataField : XPH//table[@id="table_1"]//td[@class="dlg_ColumnHeader"]
[INFO ][2015-11-27 18:43:46,320][com.java.SeleniumDriver] [  846] - DataValue : HMVSelectedYear::HMVEnteredYears::null
[INFO ][2015-11-27 18:43:46,320][com.java.SeleniumDriver] [  852] - <In Set values of the page>
[INFO ][2015-11-27 18:43:46,320][com.java.SeleniumDriver] [  855] - {Data Fields & Data Values Exist}
[INFO ][2015-11-27 18:43:46,320][com.java.SeleniumDriver] [  857] - --------------------------setting values-----------------------------
[INFO ][2015-11-27 18:43:46,320][com.java.SeleniumDriver] [  860] - Action Type : MANAGEPRJINCANDDEC
[INFO ][2015-11-27 18:43:52,941][com.java.TestType] [  859] - field = XPH//table[@id="table_1"]//td[@class="dlg_ColumnHeader"]
