[INFO ][2015-12-22 15:43:20,796][com.java.SeleniumDriver] [  213] - Execute Failed Casesfalse
[INFO ][2015-12-22 15:43:20,796][com.java.SeleniumDriver] [  214] - Browser: IE10
[INFO ][2015-12-22 15:43:20,797][com.java.SeleniumDriver] [  215] - [17]
[INFO ][2015-12-22 15:43:20,797][com.java.SeleniumDriver] [  216] - Total TestCases:1
[INFO ][2015-12-22 15:43:20,797][com.java.SeleniumDriver] [  217] -  Reading Properties from Property File 
[DEBUG][2015-12-22 15:43:20,797][com.java.SeleniumDriver] [  238] - url : https://clients-xuat.bankersdashboard.com
[INFO ][2015-12-22 15:43:20,798][com.java.ImportnExport.ExportTestResultsExcel] [  116] - Time Stamp Tue Dec 22 03:43:20 IST 2015
[INFO ][2015-12-22 15:43:20,799][com.java.ImportnExport.ExportTestResultsExcel] [  175] - OUT FILE : D:\BankersDashboard/TestReports/Test Results_BankersDashBoard_122215_154320_IE10_Bank of North Carolina.xls
[INFO ][2015-12-22 15:43:20,844][com.java.ImportnExport.ExportTestResultsExcel] [  180] - Test Result file is created
[DEBUG][2015-12-22 15:43:20,948][com.java.SeleniumDriver] [  426] - Hub ip address is-------172.17.68.34
[INFO ][2015-12-22 15:43:20,949][com.java.SeleniumDriver] [  452] - Grid URL:http://172.17.68.34:4444/wd/hub
[INFO ][2015-12-22 15:43:20,949][com.java.SeleniumDriver] [  453] - Capability:Capabilities [{platform=ANY, ensureCleanSession=true, ignoreProtectedModeSettings=true, acceptSslCerts=true, ignoreZoomSetting=true, browserName=internet explorer, browserstack.ie.noFlash=true, version=null}]
[ERROR][2015-12-22 15:43:22,273][com.java.SeleniumDriver] [  497] - Unable invoke browser in grid:Could not start a new session. Possible causes are invalid address of the remote server or browser start-up failure.
Build info: version: '2.48.2', revision: '41bccdd', time: '2015-10-09 19:59:12'
System info: host: 'FVTIII438F1D', ip: '172.17.68.34', os.name: 'Windows 7', os.arch: 'x86', os.version: '6.1', java.version: '1.7.0_55'
Driver info: driver.version: SeleniumDriver
[INFO ][2015-12-22 15:43:22,273][com.java.SeleniumDriver] [  499] - Executing on local machine
[INFO ][2015-12-22 15:43:32,947][com.java.SeleniumDriver] [  248] - IE10is opened
[INFO ][2015-12-22 15:43:33,796][com.java.SeleniumDriver] [  754] - Test cases to be executed are: [17]
[INFO ][2015-12-22 15:43:33,816][com.java.ImportnExport.ImportTestDataDetailsExcel] [   49] - test data details path===== D:\BankersDashboard\TestInputs\TestData.xls
[INFO ][2015-12-22 15:43:33,917][com.java.SeleniumDriver] [  821] - ------------------------------------------
[INFO ][2015-12-22 15:43:33,917][com.java.SeleniumDriver] [  822] - Test case being Executed: 17
[INFO ][2015-12-22 15:43:33,918][com.java.SeleniumDriver] [  833] - Test step:1
[INFO ][2015-12-22 15:43:33,918][com.java.SeleniumDriver] [  845] - Datavalue is----------Logout
[INFO ][2015-12-22 15:43:33,918][com.java.SeleniumDriver] [  869] - DataField : BTN
[INFO ][2015-12-22 15:43:33,918][com.java.SeleniumDriver] [  871] - DataValue : Logout
[INFO ][2015-12-22 15:43:33,918][com.java.SeleniumDriver] [  877] - <In Set values of the page>
[INFO ][2015-12-22 15:43:33,918][com.java.SeleniumDriver] [  880] - {Data Fields & Data Values Exist}
[INFO ][2015-12-22 15:43:33,918][com.java.SeleniumDriver] [  882] - --------------------------setting values-----------------------------
[INFO ][2015-12-22 15:43:33,918][com.java.SeleniumDriver] [  885] - Action Type : Verify
[INFO ][2015-12-22 15:43:33,936][com.java.TestType] [ 6944] - field= BTN value= Logout
[INFO ][2015-12-22 15:43:33,937][com.java.TestType] [ 5594] - value = Logout
[DEBUG][2015-12-22 15:44:10,036][com.java.TestType] [ 6605] - Logout   :: Element not Found
[ERROR][2015-12-22 15:44:27,054][com.java.TestType] [ 7657] - Assertion Error: 
[INFO ][2015-12-22 15:44:27,055][com.java.SeleniumDriver] [  894] -  RESULT false
[INFO ][2015-12-22 15:44:27,055][com.java.SeleniumDriver] [  941] - ?   F A I L   ?
[INFO ][2015-12-22 15:44:27,055][com.java.SeleniumDriver] [  949] - Browser Type : IE10
[INFO ][2015-12-22 15:44:27,055][com.java.SeleniumDriver] [  950] - Adding Failed case17
[DEBUG][2015-12-22 15:44:27,674][com.java.SeleniumDriver] [ 1018] -  tdd.getCondition() IF:Next:3
[INFO ][2015-12-22 15:44:27,674][com.java.SeleniumDriver] [ 1027] - step change to 3
[INFO ][2015-12-22 15:44:27,675][com.java.SeleniumDriver] [  821] - ------------------------------------------
[INFO ][2015-12-22 15:44:27,675][com.java.SeleniumDriver] [  822] - Test case being Executed: 17
[INFO ][2015-12-22 15:44:27,675][com.java.SeleniumDriver] [  833] - Test step:3
[INFO ][2015-12-22 15:44:27,675][com.java.SeleniumDriver] [  845] - Datavalue is----------Concept#1:1-2
[INFO ][2015-12-22 15:44:27,675][com.java.SeleniumDriver] [  869] - DataField : test
[INFO ][2015-12-22 15:44:27,675][com.java.SeleniumDriver] [  871] - DataValue : Concept#1:1-2
[INFO ][2015-12-22 15:44:27,675][com.java.SeleniumDriver] [  877] - <In Set values of the page>
[INFO ][2015-12-22 15:44:27,675][com.java.SeleniumDriver] [  880] - {Data Fields & Data Values Exist}
[INFO ][2015-12-22 15:44:27,675][com.java.SeleniumDriver] [  882] - --------------------------setting values-----------------------------
[INFO ][2015-12-22 15:44:27,676][com.java.SeleniumDriver] [  885] - Action Type : ExecuteTestCase
[INFO ][2015-12-22 15:44:27,676][com.java.TestType] [  437] - The Concept sheet name is ---------- Concept
[INFO ][2015-12-22 15:44:27,676][com.java.TestType] [  440] - The Concept ID  is ---------- 1
[DEBUG][2015-12-22 15:44:27,676][com.java.TestType] [  444] - Steps being executted in the Concept are: 1:2
[INFO ][2015-12-22 15:44:27,676][com.java.TestType] [  451] - Test data details path ---------- D:\BankersDashboard\TestInputs\TestData.xls
[INFO ][2015-12-22 15:44:27,706][com.java.TestType] [  482] -  str(1) = 1
[INFO ][2015-12-22 15:44:27,706][com.java.TestType] [  485] - Test case Id is---1
[INFO ][2015-12-22 15:44:27,706][com.java.TestType] [  487] - 1
[INFO ][2015-12-22 15:44:27,707][com.java.TestType] [  482] -  str(2) = 1
[INFO ][2015-12-22 15:44:27,710][com.java.TestType] [  534] - row values are--------{1=com.java.Objects.TestDataDetails@1d97ea5}
[INFO ][2015-12-22 15:44:27,710][com.java.TestType] [  482] -  str(1) = 1
[INFO ][2015-12-22 15:44:27,710][com.java.TestType] [  485] - Test case Id is---1
[INFO ][2015-12-22 15:44:27,710][com.java.TestType] [  487] - 1
[INFO ][2015-12-22 15:44:27,711][com.java.TestType] [  482] -  str(2) = 2
[INFO ][2015-12-22 15:44:27,711][com.java.TestType] [  534] - row values are--------{1=com.java.Objects.TestDataDetails@1d97ea5, 2=com.java.Objects.TestDataDetails@bc3b1a}
[INFO ][2015-12-22 15:44:27,711][com.java.TestType] [  482] -  str(1) = 1
[INFO ][2015-12-22 15:44:27,712][com.java.TestType] [  485] - Test case Id is---1
[INFO ][2015-12-22 15:44:27,712][com.java.TestType] [  487] - 1
[INFO ][2015-12-22 15:44:27,712][com.java.TestType] [  482] -  str(2) = 3
[INFO ][2015-12-22 15:44:27,712][com.java.TestType] [  534] - row values are--------{1=com.java.Objects.TestDataDetails@1d97ea5, 2=com.java.Objects.TestDataDetails@bc3b1a, 3=com.java.Objects.TestDataDetails@1e7f4fe}
[INFO ][2015-12-22 15:44:27,713][com.java.TestType] [  482] -  str(1) = 1
[INFO ][2015-12-22 15:44:27,713][com.java.TestType] [  485] - Test case Id is---1
[INFO ][2015-12-22 15:44:27,713][com.java.TestType] [  487] - 1
[INFO ][2015-12-22 15:44:27,713][com.java.TestType] [  482] -  str(2) = 4
[INFO ][2015-12-22 15:44:27,714][com.java.TestType] [  534] - row values are--------{1=com.java.Objects.TestDataDetails@1d97ea5, 2=com.java.Objects.TestDataDetails@bc3b1a, 3=com.java.Objects.TestDataDetails@1e7f4fe, 4=com.java.Objects.TestDataDetails@17b4092}
[INFO ][2015-12-22 15:44:27,714][com.java.TestType] [  482] -  str(1) = 1
[INFO ][2015-12-22 15:44:27,714][com.java.TestType] [  485] - Test case Id is---1
[INFO ][2015-12-22 15:44:27,714][com.java.TestType] [  487] - 1
[INFO ][2015-12-22 15:44:27,714][com.java.TestType] [  482] -  str(2) = 5
[INFO ][2015-12-22 15:44:27,715][com.java.TestType] [  534] - row values are--------{1=com.java.Objects.TestDataDetails@1d97ea5, 2=com.java.Objects.TestDataDetails@bc3b1a, 3=com.java.Objects.TestDataDetails@1e7f4fe, 4=com.java.Objects.TestDataDetails@17b4092, 5=com.java.Objects.TestDataDetails@12abdbf}
[INFO ][2015-12-22 15:44:27,715][com.java.TestType] [  482] -  str(1) = 1
[INFO ][2015-12-22 15:44:27,715][com.java.TestType] [  485] - Test case Id is---1
[INFO ][2015-12-22 15:44:27,715][com.java.TestType] [  487] - 1
[INFO ][2015-12-22 15:44:27,715][com.java.TestType] [  482] -  str(2) = 6
[INFO ][2015-12-22 15:44:27,716][com.java.TestType] [  534] - row values are--------{1=com.java.Objects.TestDataDetails@1d97ea5, 2=com.java.Objects.TestDataDetails@bc3b1a, 3=com.java.Objects.TestDataDetails@1e7f4fe, 4=com.java.Objects.TestDataDetails@17b4092, 5=com.java.Objects.TestDataDetails@12abdbf, 6=com.java.Objects.TestDataDetails@54f13c}
[INFO ][2015-12-22 15:44:27,716][com.java.TestType] [  482] -  str(1) = 1
[INFO ][2015-12-22 15:44:27,716][com.java.TestType] [  485] - Test case Id is---1
[INFO ][2015-12-22 15:44:27,716][com.java.TestType] [  487] - 1
[INFO ][2015-12-22 15:44:27,716][com.java.TestType] [  482] -  str(2) = 7
[INFO ][2015-12-22 15:44:27,717][com.java.TestType] [  534] - row values are--------{1=com.java.Objects.TestDataDetails@1d97ea5, 2=com.java.Objects.TestDataDetails@bc3b1a, 3=com.java.Objects.TestDataDetails@1e7f4fe, 4=com.java.Objects.TestDataDetails@17b4092, 5=com.java.Objects.TestDataDetails@12abdbf, 6=com.java.Objects.TestDataDetails@54f13c, 7=com.java.Objects.TestDataDetails@10495de}
[INFO ][2015-12-22 15:44:27,717][com.java.TestType] [  482] -  str(1) = 1
[INFO ][2015-12-22 15:44:27,717][com.java.TestType] [  485] - Test case Id is---1
[INFO ][2015-12-22 15:44:27,717][com.java.TestType] [  487] - 1
[INFO ][2015-12-22 15:44:27,718][com.java.TestType] [  482] -  str(2) = 8
[INFO ][2015-12-22 15:44:27,720][com.java.TestType] [  534] - row values are--------{1=com.java.Objects.TestDataDetails@1d97ea5, 2=com.java.Objects.TestDataDetails@bc3b1a, 3=com.java.Objects.TestDataDetails@1e7f4fe, 4=com.java.Objects.TestDataDetails@17b4092, 5=com.java.Objects.TestDataDetails@12abdbf, 6=com.java.Objects.TestDataDetails@54f13c, 7=com.java.Objects.TestDataDetails@10495de, 8=com.java.Objects.TestDataDetails@1228b82}
[INFO ][2015-12-22 15:44:27,721][com.java.TestType] [  482] -  str(1) = 1
[INFO ][2015-12-22 15:44:27,721][com.java.TestType] [  485] - Test case Id is---1
[INFO ][2015-12-22 15:44:27,721][com.java.TestType] [  487] - 1
[INFO ][2015-12-22 15:44:27,721][com.java.TestType] [  482] -  str(2) = 9
[INFO ][2015-12-22 15:44:27,722][com.java.TestType] [  534] - row values are--------{1=com.java.Objects.TestDataDetails@1d97ea5, 2=com.java.Objects.TestDataDetails@bc3b1a, 3=com.java.Objects.TestDataDetails@1e7f4fe, 4=com.java.Objects.TestDataDetails@17b4092, 5=com.java.Objects.TestDataDetails@12abdbf, 6=com.java.Objects.TestDataDetails@54f13c, 7=com.java.Objects.TestDataDetails@10495de, 8=com.java.Objects.TestDataDetails@1228b82, 9=com.java.Objects.TestDataDetails@d5bd50}
[INFO ][2015-12-22 15:44:27,722][com.java.TestType] [  482] -  str(1) = 1
[INFO ][2015-12-22 15:44:27,722][com.java.TestType] [  485] - Test case Id is---1
[INFO ][2015-12-22 15:44:27,722][com.java.TestType] [  487] - 1
[INFO ][2015-12-22 15:44:27,723][com.java.TestType] [  482] -  str(2) = 10
[INFO ][2015-12-22 15:44:27,723][com.java.TestType] [  534] - row values are--------{1=com.java.Objects.TestDataDetails@1d97ea5, 2=com.java.Objects.TestDataDetails@bc3b1a, 3=com.java.Objects.TestDataDetails@1e7f4fe, 4=com.java.Objects.TestDataDetails@17b4092, 5=com.java.Objects.TestDataDetails@12abdbf, 6=com.java.Objects.TestDataDetails@54f13c, 7=com.java.Objects.TestDataDetails@10495de, 8=com.java.Objects.TestDataDetails@1228b82, 9=com.java.Objects.TestDataDetails@d5bd50, 10=com.java.Objects.TestDataDetails@e177de}
[INFO ][2015-12-22 15:44:27,724][com.java.TestType] [  482] -  str(1) = 1
[INFO ][2015-12-22 15:44:27,724][com.java.TestType] [  485] - Test case Id is---1
[INFO ][2015-12-22 15:44:27,724][com.java.TestType] [  487] - 1
[INFO ][2015-12-22 15:44:27,724][com.java.TestType] [  482] -  str(2) = 11
[INFO ][2015-12-22 15:44:27,725][com.java.TestType] [  534] - row values are--------{1=com.java.Objects.TestDataDetails@1d97ea5, 2=com.java.Objects.TestDataDetails@bc3b1a, 3=com.java.Objects.TestDataDetails@1e7f4fe, 4=com.java.Objects.TestDataDetails@17b4092, 5=com.java.Objects.TestDataDetails@12abdbf, 6=com.java.Objects.TestDataDetails@54f13c, 7=com.java.Objects.TestDataDetails@10495de, 8=com.java.Objects.TestDataDetails@1228b82, 9=com.java.Objects.TestDataDetails@d5bd50, 10=com.java.Objects.TestDataDetails@e177de, 11=com.java.Objects.TestDataDetails@c14649}
[INFO ][2015-12-22 15:44:27,725][com.java.TestType] [  482] -  str(1) = 1
[INFO ][2015-12-22 15:44:27,725][com.java.TestType] [  485] - Test case Id is---1
[INFO ][2015-12-22 15:44:27,725][com.java.TestType] [  487] - 1
[INFO ][2015-12-22 15:44:27,725][com.java.TestType] [  482] -  str(2) = 12
[INFO ][2015-12-22 15:44:27,726][com.java.TestType] [  534] - row values are--------{1=com.java.Objects.TestDataDetails@1d97ea5, 2=com.java.Objects.TestDataDetails@bc3b1a, 3=com.java.Objects.TestDataDetails@1e7f4fe, 4=com.java.Objects.TestDataDetails@17b4092, 5=com.java.Objects.TestDataDetails@12abdbf, 6=com.java.Objects.TestDataDetails@54f13c, 7=com.java.Objects.TestDataDetails@10495de, 8=com.java.Objects.TestDataDetails@1228b82, 9=com.java.Objects.TestDataDetails@d5bd50, 10=com.java.Objects.TestDataDetails@e177de, 11=com.java.Objects.TestDataDetails@c14649, 12=com.java.Objects.TestDataDetails@1c2da2}
[INFO ][2015-12-22 15:44:27,726][com.java.TestType] [  482] -  str(1) = 1
[INFO ][2015-12-22 15:44:27,726][com.java.TestType] [  485] - Test case Id is---1
[INFO ][2015-12-22 15:44:27,726][com.java.TestType] [  487] - 1
[INFO ][2015-12-22 15:44:27,726][com.java.TestType] [  482] -  str(2) = 13
[INFO ][2015-12-22 15:44:27,727][com.java.TestType] [  534] - row values are--------{1=com.java.Objects.TestDataDetails@1d97ea5, 2=com.java.Objects.TestDataDetails@bc3b1a, 3=com.java.Objects.TestDataDetails@1e7f4fe, 4=com.java.Objects.TestDataDetails@17b4092, 5=com.java.Objects.TestDataDetails@12abdbf, 6=com.java.Objects.TestDataDetails@54f13c, 7=com.java.Objects.TestDataDetails@10495de, 8=com.java.Objects.TestDataDetails@1228b82, 9=com.java.Objects.TestDataDetails@d5bd50, 10=com.java.Objects.TestDataDetails@e177de, 11=com.java.Objects.TestDataDetails@c14649, 12=com.java.Objects.TestDataDetails@1c2da2, 13=com.java.Objects.TestDataDetails@1684e94}
[INFO ][2015-12-22 15:44:27,727][com.java.TestType] [  482] -  str(1) = 1
[INFO ][2015-12-22 15:44:27,727][com.java.TestType] [  485] - Test case Id is---1
[INFO ][2015-12-22 15:44:27,727][com.java.TestType] [  487] - 1
[INFO ][2015-12-22 15:44:27,727][com.java.TestType] [  482] -  str(2) = 14
[INFO ][2015-12-22 15:44:27,728][com.java.TestType] [  534] - row values are--------{1=com.java.Objects.TestDataDetails@1d97ea5, 2=com.java.Objects.TestDataDetails@bc3b1a, 3=com.java.Objects.TestDataDetails@1e7f4fe, 4=com.java.Objects.TestDataDetails@17b4092, 5=com.java.Objects.TestDataDetails@12abdbf, 6=com.java.Objects.TestDataDetails@54f13c, 7=com.java.Objects.TestDataDetails@10495de, 8=com.java.Objects.TestDataDetails@1228b82, 9=com.java.Objects.TestDataDetails@d5bd50, 10=com.java.Objects.TestDataDetails@e177de, 11=com.java.Objects.TestDataDetails@c14649, 12=com.java.Objects.TestDataDetails@1c2da2, 13=com.java.Objects.TestDataDetails@1684e94, 14=com.java.Objects.TestDataDetails@1f22b2c}
[INFO ][2015-12-22 15:44:27,728][com.java.TestType] [  482] -  str(1) = 1
[INFO ][2015-12-22 15:44:27,728][com.java.TestType] [  485] - Test case Id is---1
[INFO ][2015-12-22 15:44:27,730][com.java.TestType] [  487] - 1
[INFO ][2015-12-22 15:44:27,730][com.java.TestType] [  482] -  str(2) = 15
[INFO ][2015-12-22 15:44:27,731][com.java.TestType] [  534] - row values are--------{1=com.java.Objects.TestDataDetails@1d97ea5, 2=com.java.Objects.TestDataDetails@bc3b1a, 3=com.java.Objects.TestDataDetails@1e7f4fe, 4=com.java.Objects.TestDataDetails@17b4092, 5=com.java.Objects.TestDataDetails@12abdbf, 6=com.java.Objects.TestDataDetails@54f13c, 7=com.java.Objects.TestDataDetails@10495de, 8=com.java.Objects.TestDataDetails@1228b82, 9=com.java.Objects.TestDataDetails@d5bd50, 10=com.java.Objects.TestDataDetails@e177de, 11=com.java.Objects.TestDataDetails@c14649, 12=com.java.Objects.TestDataDetails@1c2da2, 13=com.java.Objects.TestDataDetails@1684e94, 14=com.java.Objects.TestDataDetails@1f22b2c, 15=com.java.Objects.TestDataDetails@155226f}
[INFO ][2015-12-22 15:44:27,731][com.java.TestType] [  482] -  str(1) = 1
[INFO ][2015-12-22 15:44:27,731][com.java.TestType] [  485] - Test case Id is---1
[INFO ][2015-12-22 15:44:27,731][com.java.TestType] [  487] - 1
[INFO ][2015-12-22 15:44:27,731][com.java.TestType] [  482] -  str(2) = 16
[INFO ][2015-12-22 15:44:27,732][com.java.TestType] [  534] - row values are--------{1=com.java.Objects.TestDataDetails@1d97ea5, 2=com.java.Objects.TestDataDetails@bc3b1a, 3=com.java.Objects.TestDataDetails@1e7f4fe, 4=com.java.Objects.TestDataDetails@17b4092, 5=com.java.Objects.TestDataDetails@12abdbf, 6=com.java.Objects.TestDataDetails@54f13c, 7=com.java.Objects.TestDataDetails@10495de, 8=com.java.Objects.TestDataDetails@1228b82, 9=com.java.Objects.TestDataDetails@d5bd50, 10=com.java.Objects.TestDataDetails@e177de, 11=com.java.Objects.TestDataDetails@c14649, 12=com.java.Objects.TestDataDetails@1c2da2, 13=com.java.Objects.TestDataDetails@1684e94, 14=com.java.Objects.TestDataDetails@1f22b2c, 15=com.java.Objects.TestDataDetails@155226f, 16=com.java.Objects.TestDataDetails@eaa79c}
[INFO ][2015-12-22 15:44:27,732][com.java.TestType] [10272] - Looping 1TCID = 1
[DEBUG][2015-12-22 15:44:27,732][com.java.TestType] [10313] - Concept ID:1 :: Step being Executed: 1::1
[INFO ][2015-12-22 15:44:27,732][com.java.TestType] [10351] - dataFields : TXTusername
[DEBUG][2015-12-22 15:44:27,732][com.java.TestType] [10357] - <In Set values of the page>
[DEBUG][2015-12-22 15:44:27,732][com.java.TestType] [10362] - {Data Fields & Data Values Exist}
[INFO ][2015-12-22 15:44:27,732][com.java.TestType] [10368] - --------------------------setting values-----------------------------
[INFO ][2015-12-22 15:44:27,733][com.java.TestType] [10371] - Action Type : CLEARANDENTER
[INFO ][2015-12-22 15:44:27,733][com.java.TestType] [ 5594] - value = valuelabs.ie10.33527
[INFO ][2015-12-22 15:44:32,424][com.java.TestType] [10390] -  RESULT true
[INFO ][2015-12-22 15:44:32,424][com.java.TestType] [10507] - ?   P A S S   ?
[DEBUG][2015-12-22 15:44:32,424][com.java.TestType] [10313] - Concept ID:1 :: Step being Executed: 1::2
[INFO ][2015-12-22 15:44:32,424][com.java.TestType] [10351] - dataFields : TXTpassword
[DEBUG][2015-12-22 15:44:32,424][com.java.TestType] [10357] - <In Set values of the page>
[DEBUG][2015-12-22 15:44:32,425][com.java.TestType] [10362] - {Data Fields & Data Values Exist}
[INFO ][2015-12-22 15:44:32,425][com.java.TestType] [10368] - --------------------------setting values-----------------------------
[INFO ][2015-12-22 15:44:32,425][com.java.TestType] [10371] - Action Type : CLEARANDENTER
[INFO ][2015-12-22 15:44:32,425][com.java.TestType] [ 5594] - value = Password1*
[INFO ][2015-12-22 15:44:37,227][com.java.TestType] [10390] -  RESULT true
[INFO ][2015-12-22 15:44:37,227][com.java.TestType] [10507] - ?   P A S S   ?
[INFO ][2015-12-22 15:44:37,228][com.java.TestType] [10578] - Looping End......
[INFO ][2015-12-22 15:44:37,231][com.java.SeleniumDriver] [  894] -  RESULT true
[INFO ][2015-12-22 15:44:37,231][com.java.SeleniumDriver] [ 1100] - ?   P A S S   ?
[INFO ][2015-12-22 15:44:37,231][com.java.SeleniumDriver] [  821] - ------------------------------------------
[INFO ][2015-12-22 15:44:37,231][com.java.SeleniumDriver] [  822] - Test case being Executed: 17
[INFO ][2015-12-22 15:44:37,231][com.java.SeleniumDriver] [  833] - Test step:4
[INFO ][2015-12-22 15:44:37,232][com.java.SeleniumDriver] [  845] - Datavalue is----------null
[DEBUG][2015-12-22 15:44:37,233][com.java.SeleniumDriver] [  863] - Exception: null
[INFO ][2015-12-22 15:44:37,233][com.java.SeleniumDriver] [  869] - DataField : CHK//div[@id="loginbox"]//input[@ng-click='vm.rememberMe()']
[INFO ][2015-12-22 15:44:37,233][com.java.SeleniumDriver] [  871] - DataValue : 
[INFO ][2015-12-22 15:44:37,233][com.java.SeleniumDriver] [  877] - <In Set values of the page>
[INFO ][2015-12-22 15:44:37,234][com.java.SeleniumDriver] [  880] - {Data Fields & Data Values Exist}
[INFO ][2015-12-22 15:44:37,234][com.java.SeleniumDriver] [  882] - --------------------------setting values-----------------------------
[INFO ][2015-12-22 15:44:37,234][com.java.SeleniumDriver] [  885] - Action Type : Check
[INFO ][2015-12-22 15:44:38,542][com.java.SeleniumDriver] [  894] -  RESULT true
[INFO ][2015-12-22 15:44:38,542][com.java.SeleniumDriver] [ 1100] - ?   P A S S   ?
[INFO ][2015-12-22 15:44:38,542][com.java.SeleniumDriver] [  821] - ------------------------------------------
[INFO ][2015-12-22 15:44:38,542][com.java.SeleniumDriver] [  822] - Test case being Executed: 17
[INFO ][2015-12-22 15:44:38,542][com.java.SeleniumDriver] [  833] - Test step:5
[INFO ][2015-12-22 15:44:38,542][com.java.SeleniumDriver] [  845] - Datavalue is----------null
[DEBUG][2015-12-22 15:44:38,542][com.java.SeleniumDriver] [  863] - Exception: null
[INFO ][2015-12-22 15:44:38,542][com.java.SeleniumDriver] [  869] - DataField : XPH//button[@type='submit']
[INFO ][2015-12-22 15:44:38,542][com.java.SeleniumDriver] [  871] - DataValue : 
[INFO ][2015-12-22 15:44:38,542][com.java.SeleniumDriver] [  877] - <In Set values of the page>
[INFO ][2015-12-22 15:44:38,542][com.java.SeleniumDriver] [  880] - {Data Fields & Data Values Exist}
[INFO ][2015-12-22 15:44:38,542][com.java.SeleniumDriver] [  882] - --------------------------setting values-----------------------------
[INFO ][2015-12-22 15:44:38,543][com.java.SeleniumDriver] [  885] - Action Type : Click
[INFO ][2015-12-22 15:44:38,543][com.java.TestType] [ 5973] - Field ::XPH//button[@type='submit']
[INFO ][2015-12-22 15:44:38,543][com.java.TestType] [ 5594] - value = 
[INFO ][2015-12-22 15:44:39,543][com.java.TestType] [ 6110] - BEFORE CLICK
[INFO ][2015-12-22 15:44:40,388][com.java.TestType] [ 6118] - Unable to click the object Login
[INFO ][2015-12-22 15:44:40,388][com.java.SeleniumDriver] [  894] -  RESULT true
[INFO ][2015-12-22 15:44:40,388][com.java.SeleniumDriver] [ 1100] - ?   P A S S   ?
[INFO ][2015-12-22 15:44:40,388][com.java.SeleniumDriver] [  821] - ------------------------------------------
[INFO ][2015-12-22 15:44:40,388][com.java.SeleniumDriver] [  822] - Test case being Executed: 17
[INFO ][2015-12-22 15:44:40,388][com.java.SeleniumDriver] [  833] - Test step:6
[INFO ][2015-12-22 15:44:40,388][com.java.SeleniumDriver] [  845] - Datavalue is----------null
[DEBUG][2015-12-22 15:44:40,388][com.java.SeleniumDriver] [  863] - Exception: null
[INFO ][2015-12-22 15:44:40,388][com.java.SeleniumDriver] [  869] - DataField : //span[@class='icon-cog2']&&//a[@data-id="UserSettings"]
[INFO ][2015-12-22 15:44:40,388][com.java.SeleniumDriver] [  871] - DataValue : 
[INFO ][2015-12-22 15:44:40,388][com.java.SeleniumDriver] [  877] - <In Set values of the page>
[INFO ][2015-12-22 15:44:40,389][com.java.SeleniumDriver] [  880] - {Data Fields & Data Values Exist}
[INFO ][2015-12-22 15:44:40,389][com.java.SeleniumDriver] [  882] - --------------------------setting values-----------------------------
[INFO ][2015-12-22 15:44:40,389][com.java.SeleniumDriver] [  885] - Action Type : MouseOver
[INFO ][2015-12-22 15:45:08,960][com.java.SeleniumDriver] [  894] -  RESULT true
[INFO ][2015-12-22 15:45:08,960][com.java.SeleniumDriver] [ 1100] - ?   P A S S   ?
[INFO ][2015-12-22 15:45:08,960][com.java.SeleniumDriver] [  821] - ------------------------------------------
[INFO ][2015-12-22 15:45:08,960][com.java.SeleniumDriver] [  822] - Test case being Executed: 17
[INFO ][2015-12-22 15:45:08,960][com.java.SeleniumDriver] [  833] - Test step:7
[INFO ][2015-12-22 15:45:08,960][com.java.SeleniumDriver] [  845] - Datavalue is----------1
[INFO ][2015-12-22 15:45:08,960][com.java.SeleniumDriver] [  869] - DataField : BTNframeDialogContent
[INFO ][2015-12-22 15:45:08,960][com.java.SeleniumDriver] [  871] - DataValue : 1
[INFO ][2015-12-22 15:45:08,960][com.java.SeleniumDriver] [  877] - <In Set values of the page>
[INFO ][2015-12-22 15:45:08,960][com.java.SeleniumDriver] [  880] - {Data Fields & Data Values Exist}
[INFO ][2015-12-22 15:45:08,960][com.java.SeleniumDriver] [  882] - --------------------------setting values-----------------------------
[INFO ][2015-12-22 15:45:08,961][com.java.SeleniumDriver] [  885] - Action Type : WaitForElement
[INFO ][2015-12-22 15:45:10,168][com.java.SeleniumDriver] [  894] -  RESULT true
[INFO ][2015-12-22 15:45:10,168][com.java.SeleniumDriver] [ 1100] - ?   P A S S   ?
[INFO ][2015-12-22 15:45:10,168][com.java.SeleniumDriver] [  821] - ------------------------------------------
[INFO ][2015-12-22 15:45:10,168][com.java.SeleniumDriver] [  822] - Test case being Executed: 17
[INFO ][2015-12-22 15:45:10,168][com.java.SeleniumDriver] [  833] - Test step:8
[INFO ][2015-12-22 15:45:10,168][com.java.SeleniumDriver] [  845] - Datavalue is----------frameDialogContent
[INFO ][2015-12-22 15:45:10,168][com.java.SeleniumDriver] [  869] - DataField : BTN
[INFO ][2015-12-22 15:45:10,169][com.java.SeleniumDriver] [  871] - DataValue : frameDialogContent
[INFO ][2015-12-22 15:45:10,169][com.java.SeleniumDriver] [  877] - <In Set values of the page>
[INFO ][2015-12-22 15:45:10,169][com.java.SeleniumDriver] [  880] - {Data Fields & Data Values Exist}
[INFO ][2015-12-22 15:45:10,169][com.java.SeleniumDriver] [  882] - --------------------------setting values-----------------------------
[INFO ][2015-12-22 15:45:10,169][com.java.SeleniumDriver] [  885] - Action Type : SELECTFRAMEBYNAME
[INFO ][2015-12-22 15:45:10,169][com.java.TestType] [ 5594] - value = frameDialogContent
[INFO ][2015-12-22 15:45:10,239][com.java.SeleniumDriver] [  894] -  RESULT true
[INFO ][2015-12-22 15:45:10,239][com.java.SeleniumDriver] [ 1100] - ?   P A S S   ?
[INFO ][2015-12-22 15:45:10,239][com.java.SeleniumDriver] [  821] - ------------------------------------------
[INFO ][2015-12-22 15:45:10,239][com.java.SeleniumDriver] [  822] - Test case being Executed: 17
[INFO ][2015-12-22 15:45:10,239][com.java.SeleniumDriver] [  833] - Test step:9
[INFO ][2015-12-22 15:45:10,239][com.java.SeleniumDriver] [  845] - Datavalue is----------Few:Yes
[INFO ][2015-12-22 15:45:10,239][com.java.SeleniumDriver] [  869] - DataField : SLBddlOpenBDInNewWindow
[INFO ][2015-12-22 15:45:10,240][com.java.SeleniumDriver] [  871] - DataValue : Few:Yes
[INFO ][2015-12-22 15:45:10,240][com.java.SeleniumDriver] [  877] - <In Set values of the page>
[INFO ][2015-12-22 15:45:10,240][com.java.SeleniumDriver] [  880] - {Data Fields & Data Values Exist}
[INFO ][2015-12-22 15:45:10,240][com.java.SeleniumDriver] [  882] - --------------------------setting values-----------------------------
[INFO ][2015-12-22 15:45:10,240][com.java.SeleniumDriver] [  885] - Action Type : Verify
[INFO ][2015-12-22 15:45:10,240][com.java.TestType] [ 6944] - field= SLBddlOpenBDInNewWindow value= Few:Yes
[INFO ][2015-12-22 15:45:10,240][com.java.TestType] [ 5594] - value = Few:Yes
[INFO ][2015-12-22 15:45:10,240][com.java.TestType] [ 5594] - value = Yes
[INFO ][2015-12-22 15:45:11,462][com.java.TestType] [ 7526] - A Size: 1 size: 2
[INFO ][2015-12-22 15:45:11,465][com.java.SeleniumDriver] [  894] -  RESULT true
[INFO ][2015-12-22 15:45:11,465][com.java.SeleniumDriver] [ 1100] - ?   P A S S   ?
[INFO ][2015-12-22 15:45:11,465][com.java.SeleniumDriver] [ 1142] - step change to 17
[INFO ][2015-12-22 15:45:11,465][com.java.SeleniumDriver] [  821] - ------------------------------------------
[INFO ][2015-12-22 15:45:11,465][com.java.SeleniumDriver] [  822] - Test case being Executed: 17
[INFO ][2015-12-22 15:45:11,465][com.java.SeleniumDriver] [  833] - Test step:17
[INFO ][2015-12-22 15:45:11,465][com.java.SeleniumDriver] [  845] - Datavalue is----------Concept#1:6-16
[INFO ][2015-12-22 15:45:11,465][com.java.SeleniumDriver] [  869] - DataField : test
[INFO ][2015-12-22 15:45:11,465][com.java.SeleniumDriver] [  871] - DataValue : Concept#1:6-16
[INFO ][2015-12-22 15:45:11,465][com.java.SeleniumDriver] [  877] - <In Set values of the page>
[INFO ][2015-12-22 15:45:11,465][com.java.SeleniumDriver] [  880] - {Data Fields & Data Values Exist}
[INFO ][2015-12-22 15:45:11,465][com.java.SeleniumDriver] [  882] - --------------------------setting values-----------------------------
[INFO ][2015-12-22 15:45:11,466][com.java.SeleniumDriver] [  885] - Action Type : ExecuteTestCase
[INFO ][2015-12-22 15:45:11,466][com.java.TestType] [  437] - The Concept sheet name is ---------- Concept
[INFO ][2015-12-22 15:45:11,466][com.java.TestType] [  440] - The Concept ID  is ---------- 1
[DEBUG][2015-12-22 15:45:11,466][com.java.TestType] [  444] - Steps being executted in the Concept are: 6:16
[INFO ][2015-12-22 15:45:11,466][com.java.TestType] [  451] - Test data details path ---------- D:\BankersDashboard\TestInputs\TestData.xls
[INFO ][2015-12-22 15:45:11,496][com.java.TestType] [  482] -  str(1) = 1
[INFO ][2015-12-22 15:45:11,496][com.java.TestType] [  485] - Test case Id is---1
[INFO ][2015-12-22 15:45:11,496][com.java.TestType] [  487] - 1
[INFO ][2015-12-22 15:45:11,496][com.java.TestType] [  482] -  str(2) = 1
[INFO ][2015-12-22 15:45:11,498][com.java.TestType] [  534] - row values are--------{1=com.java.Objects.TestDataDetails@1fc617e}
[INFO ][2015-12-22 15:45:11,498][com.java.TestType] [  482] -  str(1) = 1
[INFO ][2015-12-22 15:45:11,499][com.java.TestType] [  485] - Test case Id is---1
[INFO ][2015-12-22 15:45:11,499][com.java.TestType] [  487] - 1
[INFO ][2015-12-22 15:45:11,499][com.java.TestType] [  482] -  str(2) = 2
[INFO ][2015-12-22 15:45:11,500][com.java.TestType] [  534] - row values are--------{1=com.java.Objects.TestDataDetails@1fc617e, 2=com.java.Objects.TestDataDetails@1e54834}
[INFO ][2015-12-22 15:45:11,500][com.java.TestType] [  482] -  str(1) = 1
[INFO ][2015-12-22 15:45:11,500][com.java.TestType] [  485] - Test case Id is---1
[INFO ][2015-12-22 15:45:11,500][com.java.TestType] [  487] - 1
[INFO ][2015-12-22 15:45:11,500][com.java.TestType] [  482] -  str(2) = 3
[INFO ][2015-12-22 15:45:11,500][com.java.TestType] [  534] - row values are--------{1=com.java.Objects.TestDataDetails@1fc617e, 2=com.java.Objects.TestDataDetails@1e54834, 3=com.java.Objects.TestDataDetails@90fb5b}
[INFO ][2015-12-22 15:45:11,501][com.java.TestType] [  482] -  str(1) = 1
[INFO ][2015-12-22 15:45:11,501][com.java.TestType] [  485] - Test case Id is---1
[INFO ][2015-12-22 15:45:11,501][com.java.TestType] [  487] - 1
[INFO ][2015-12-22 15:45:11,501][com.java.TestType] [  482] -  str(2) = 4
[INFO ][2015-12-22 15:45:11,501][com.java.TestType] [  534] - row values are--------{1=com.java.Objects.TestDataDetails@1fc617e, 2=com.java.Objects.TestDataDetails@1e54834, 3=com.java.Objects.TestDataDetails@90fb5b, 4=com.java.Objects.TestDataDetails@1f61b6a}
[INFO ][2015-12-22 15:45:11,501][com.java.TestType] [  482] -  str(1) = 1
[INFO ][2015-12-22 15:45:11,502][com.java.TestType] [  485] - Test case Id is---1
[INFO ][2015-12-22 15:45:11,502][com.java.TestType] [  487] - 1
[INFO ][2015-12-22 15:45:11,502][com.java.TestType] [  482] -  str(2) = 5
[INFO ][2015-12-22 15:45:11,502][com.java.TestType] [  534] - row values are--------{1=com.java.Objects.TestDataDetails@1fc617e, 2=com.java.Objects.TestDataDetails@1e54834, 3=com.java.Objects.TestDataDetails@90fb5b, 4=com.java.Objects.TestDataDetails@1f61b6a, 5=com.java.Objects.TestDataDetails@10d9f21}
[INFO ][2015-12-22 15:45:11,502][com.java.TestType] [  482] -  str(1) = 1
[INFO ][2015-12-22 15:45:11,502][com.java.TestType] [  485] - Test case Id is---1
[INFO ][2015-12-22 15:45:11,503][com.java.TestType] [  487] - 1
[INFO ][2015-12-22 15:45:11,503][com.java.TestType] [  482] -  str(2) = 6
[INFO ][2015-12-22 15:45:11,503][com.java.TestType] [  534] - row values are--------{1=com.java.Objects.TestDataDetails@1fc617e, 2=com.java.Objects.TestDataDetails@1e54834, 3=com.java.Objects.TestDataDetails@90fb5b, 4=com.java.Objects.TestDataDetails@1f61b6a, 5=com.java.Objects.TestDataDetails@10d9f21, 6=com.java.Objects.TestDataDetails@1ad7476}
[INFO ][2015-12-22 15:45:11,503][com.java.TestType] [  482] -  str(1) = 1
[INFO ][2015-12-22 15:45:11,503][com.java.TestType] [  485] - Test case Id is---1
[INFO ][2015-12-22 15:45:11,503][com.java.TestType] [  487] - 1
[INFO ][2015-12-22 15:45:11,504][com.java.TestType] [  482] -  str(2) = 7
[INFO ][2015-12-22 15:45:11,504][com.java.TestType] [  534] - row values are--------{1=com.java.Objects.TestDataDetails@1fc617e, 2=com.java.Objects.TestDataDetails@1e54834, 3=com.java.Objects.TestDataDetails@90fb5b, 4=com.java.Objects.TestDataDetails@1f61b6a, 5=com.java.Objects.TestDataDetails@10d9f21, 6=com.java.Objects.TestDataDetails@1ad7476, 7=com.java.Objects.TestDataDetails@186527e}
[INFO ][2015-12-22 15:45:11,504][com.java.TestType] [  482] -  str(1) = 1
[INFO ][2015-12-22 15:45:11,504][com.java.TestType] [  485] - Test case Id is---1
[INFO ][2015-12-22 15:45:11,504][com.java.TestType] [  487] - 1
[INFO ][2015-12-22 15:45:11,504][com.java.TestType] [  482] -  str(2) = 8
[INFO ][2015-12-22 15:45:11,505][com.java.TestType] [  534] - row values are--------{1=com.java.Objects.TestDataDetails@1fc617e, 2=com.java.Objects.TestDataDetails@1e54834, 3=com.java.Objects.TestDataDetails@90fb5b, 4=com.java.Objects.TestDataDetails@1f61b6a, 5=com.java.Objects.TestDataDetails@10d9f21, 6=com.java.Objects.TestDataDetails@1ad7476, 7=com.java.Objects.TestDataDetails@186527e, 8=com.java.Objects.TestDataDetails@a9be7a}
[INFO ][2015-12-22 15:45:11,505][com.java.TestType] [  482] -  str(1) = 1
[INFO ][2015-12-22 15:45:11,505][com.java.TestType] [  485] - Test case Id is---1
[INFO ][2015-12-22 15:45:11,505][com.java.TestType] [  487] - 1
[INFO ][2015-12-22 15:45:11,505][com.java.TestType] [  482] -  str(2) = 9
[INFO ][2015-12-22 15:45:11,506][com.java.TestType] [  534] - row values are--------{1=com.java.Objects.TestDataDetails@1fc617e, 2=com.java.Objects.TestDataDetails@1e54834, 3=com.java.Objects.TestDataDetails@90fb5b, 4=com.java.Objects.TestDataDetails@1f61b6a, 5=com.java.Objects.TestDataDetails@10d9f21, 6=com.java.Objects.TestDataDetails@1ad7476, 7=com.java.Objects.TestDataDetails@186527e, 8=com.java.Objects.TestDataDetails@a9be7a, 9=com.java.Objects.TestDataDetails@1f35ded}
[INFO ][2015-12-22 15:45:11,506][com.java.TestType] [  482] -  str(1) = 1
[INFO ][2015-12-22 15:45:11,506][com.java.TestType] [  485] - Test case Id is---1
[INFO ][2015-12-22 15:45:11,506][com.java.TestType] [  487] - 1
[INFO ][2015-12-22 15:45:11,506][com.java.TestType] [  482] -  str(2) = 10
[INFO ][2015-12-22 15:45:11,507][com.java.TestType] [  534] - row values are--------{1=com.java.Objects.TestDataDetails@1fc617e, 2=com.java.Objects.TestDataDetails@1e54834, 3=com.java.Objects.TestDataDetails@90fb5b, 4=com.java.Objects.TestDataDetails@1f61b6a, 5=com.java.Objects.TestDataDetails@10d9f21, 6=com.java.Objects.TestDataDetails@1ad7476, 7=com.java.Objects.TestDataDetails@186527e, 8=com.java.Objects.TestDataDetails@a9be7a, 9=com.java.Objects.TestDataDetails@1f35ded, 10=com.java.Objects.TestDataDetails@5c27f0}
[INFO ][2015-12-22 15:45:11,508][com.java.TestType] [  482] -  str(1) = 1
[INFO ][2015-12-22 15:45:11,508][com.java.TestType] [  485] - Test case Id is---1
[INFO ][2015-12-22 15:45:11,508][com.java.TestType] [  487] - 1
[INFO ][2015-12-22 15:45:11,508][com.java.TestType] [  482] -  str(2) = 11
[INFO ][2015-12-22 15:45:11,508][com.java.TestType] [  534] - row values are--------{1=com.java.Objects.TestDataDetails@1fc617e, 2=com.java.Objects.TestDataDetails@1e54834, 3=com.java.Objects.TestDataDetails@90fb5b, 4=com.java.Objects.TestDataDetails@1f61b6a, 5=com.java.Objects.TestDataDetails@10d9f21, 6=com.java.Objects.TestDataDetails@1ad7476, 7=com.java.Objects.TestDataDetails@186527e, 8=com.java.Objects.TestDataDetails@a9be7a, 9=com.java.Objects.TestDataDetails@1f35ded, 10=com.java.Objects.TestDataDetails@5c27f0, 11=com.java.Objects.TestDataDetails@eb6e59}
[INFO ][2015-12-22 15:45:11,508][com.java.TestType] [  482] -  str(1) = 1
[INFO ][2015-12-22 15:45:11,509][com.java.TestType] [  485] - Test case Id is---1
[INFO ][2015-12-22 15:45:11,509][com.java.TestType] [  487] - 1
[INFO ][2015-12-22 15:45:11,509][com.java.TestType] [  482] -  str(2) = 12
[INFO ][2015-12-22 15:45:11,509][com.java.TestType] [  534] - row values are--------{1=com.java.Objects.TestDataDetails@1fc617e, 2=com.java.Objects.TestDataDetails@1e54834, 3=com.java.Objects.TestDataDetails@90fb5b, 4=com.java.Objects.TestDataDetails@1f61b6a, 5=com.java.Objects.TestDataDetails@10d9f21, 6=com.java.Objects.TestDataDetails@1ad7476, 7=com.java.Objects.TestDataDetails@186527e, 8=com.java.Objects.TestDataDetails@a9be7a, 9=com.java.Objects.TestDataDetails@1f35ded, 10=com.java.Objects.TestDataDetails@5c27f0, 11=com.java.Objects.TestDataDetails@eb6e59, 12=com.java.Objects.TestDataDetails@17442b0}
[INFO ][2015-12-22 15:45:11,509][com.java.TestType] [  482] -  str(1) = 1
[INFO ][2015-12-22 15:45:11,510][com.java.TestType] [  485] - Test case Id is---1
[INFO ][2015-12-22 15:45:11,510][com.java.TestType] [  487] - 1
[INFO ][2015-12-22 15:45:11,510][com.java.TestType] [  482] -  str(2) = 13
[INFO ][2015-12-22 15:45:11,510][com.java.TestType] [  534] - row values are--------{1=com.java.Objects.TestDataDetails@1fc617e, 2=com.java.Objects.TestDataDetails@1e54834, 3=com.java.Objects.TestDataDetails@90fb5b, 4=com.java.Objects.TestDataDetails@1f61b6a, 5=com.java.Objects.TestDataDetails@10d9f21, 6=com.java.Objects.TestDataDetails@1ad7476, 7=com.java.Objects.TestDataDetails@186527e, 8=com.java.Objects.TestDataDetails@a9be7a, 9=com.java.Objects.TestDataDetails@1f35ded, 10=com.java.Objects.TestDataDetails@5c27f0, 11=com.java.Objects.TestDataDetails@eb6e59, 12=com.java.Objects.TestDataDetails@17442b0, 13=com.java.Objects.TestDataDetails@154326f}
[INFO ][2015-12-22 15:45:11,510][com.java.TestType] [  482] -  str(1) = 1
[INFO ][2015-12-22 15:45:11,510][com.java.TestType] [  485] - Test case Id is---1
[INFO ][2015-12-22 15:45:11,510][com.java.TestType] [  487] - 1
[INFO ][2015-12-22 15:45:11,511][com.java.TestType] [  482] -  str(2) = 14
[INFO ][2015-12-22 15:45:11,511][com.java.TestType] [  534] - row values are--------{1=com.java.Objects.TestDataDetails@1fc617e, 2=com.java.Objects.TestDataDetails@1e54834, 3=com.java.Objects.TestDataDetails@90fb5b, 4=com.java.Objects.TestDataDetails@1f61b6a, 5=com.java.Objects.TestDataDetails@10d9f21, 6=com.java.Objects.TestDataDetails@1ad7476, 7=com.java.Objects.TestDataDetails@186527e, 8=com.java.Objects.TestDataDetails@a9be7a, 9=com.java.Objects.TestDataDetails@1f35ded, 10=com.java.Objects.TestDataDetails@5c27f0, 11=com.java.Objects.TestDataDetails@eb6e59, 12=com.java.Objects.TestDataDetails@17442b0, 13=com.java.Objects.TestDataDetails@154326f, 14=com.java.Objects.TestDataDetails@f2299d}
[INFO ][2015-12-22 15:45:11,511][com.java.TestType] [  482] -  str(1) = 1
[INFO ][2015-12-22 15:45:11,511][com.java.TestType] [  485] - Test case Id is---1
[INFO ][2015-12-22 15:45:11,511][com.java.TestType] [  487] - 1
[INFO ][2015-12-22 15:45:11,511][com.java.TestType] [  482] -  str(2) = 15
[INFO ][2015-12-22 15:45:11,512][com.java.TestType] [  534] - row values are--------{1=com.java.Objects.TestDataDetails@1fc617e, 2=com.java.Objects.TestDataDetails@1e54834, 3=com.java.Objects.TestDataDetails@90fb5b, 4=com.java.Objects.TestDataDetails@1f61b6a, 5=com.java.Objects.TestDataDetails@10d9f21, 6=com.java.Objects.TestDataDetails@1ad7476, 7=com.java.Objects.TestDataDetails@186527e, 8=com.java.Objects.TestDataDetails@a9be7a, 9=com.java.Objects.TestDataDetails@1f35ded, 10=com.java.Objects.TestDataDetails@5c27f0, 11=com.java.Objects.TestDataDetails@eb6e59, 12=com.java.Objects.TestDataDetails@17442b0, 13=com.java.Objects.TestDataDetails@154326f, 14=com.java.Objects.TestDataDetails@f2299d, 15=com.java.Objects.TestDataDetails@197680c}
[INFO ][2015-12-22 15:45:11,512][com.java.TestType] [  482] -  str(1) = 1
[INFO ][2015-12-22 15:45:11,512][com.java.TestType] [  485] - Test case Id is---1
[INFO ][2015-12-22 15:45:11,512][com.java.TestType] [  487] - 1
[INFO ][2015-12-22 15:45:11,512][com.java.TestType] [  482] -  str(2) = 16
[INFO ][2015-12-22 15:45:11,513][com.java.TestType] [  534] - row values are--------{1=com.java.Objects.TestDataDetails@1fc617e, 2=com.java.Objects.TestDataDetails@1e54834, 3=com.java.Objects.TestDataDetails@90fb5b, 4=com.java.Objects.TestDataDetails@1f61b6a, 5=com.java.Objects.TestDataDetails@10d9f21, 6=com.java.Objects.TestDataDetails@1ad7476, 7=com.java.Objects.TestDataDetails@186527e, 8=com.java.Objects.TestDataDetails@a9be7a, 9=com.java.Objects.TestDataDetails@1f35ded, 10=com.java.Objects.TestDataDetails@5c27f0, 11=com.java.Objects.TestDataDetails@eb6e59, 12=com.java.Objects.TestDataDetails@17442b0, 13=com.java.Objects.TestDataDetails@154326f, 14=com.java.Objects.TestDataDetails@f2299d, 15=com.java.Objects.TestDataDetails@197680c, 16=com.java.Objects.TestDataDetails@1361a64}
[INFO ][2015-12-22 15:45:11,513][com.java.TestType] [10272] - Looping 1TCID = 1
[DEBUG][2015-12-22 15:45:11,513][com.java.TestType] [10313] - Concept ID:1 :: Step being Executed: 1::6
[INFO ][2015-12-22 15:45:11,513][com.java.TestType] [10351] - dataFields : LNKLogout
[DEBUG][2015-12-22 15:45:11,513][com.java.TestType] [10357] - <In Set values of the page>
[DEBUG][2015-12-22 15:45:11,514][com.java.TestType] [10362] - {Data Fields & Data Values Exist}
[INFO ][2015-12-22 15:45:11,514][com.java.TestType] [10368] - --------------------------setting values-----------------------------
[INFO ][2015-12-22 15:45:11,514][com.java.TestType] [10371] - Action Type : WaitTime
[DEBUG][2015-12-22 15:45:11,514][com.java.TestType] [ 5414] - sleepTime: 3000
[INFO ][2015-12-22 15:45:14,515][com.java.TestType] [10390] -  RESULT true
[INFO ][2015-12-22 15:45:14,515][com.java.TestType] [10507] - ?   P A S S   ?
[DEBUG][2015-12-22 15:45:14,515][com.java.TestType] [10313] - Concept ID:1 :: Step being Executed: 1::7
[INFO ][2015-12-22 15:45:14,515][com.java.TestType] [10351] - dataFields : TTL
[DEBUG][2015-12-22 15:45:14,515][com.java.TestType] [10357] - <In Set values of the page>
[DEBUG][2015-12-22 15:45:14,515][com.java.TestType] [10362] - {Data Fields & Data Values Exist}
[INFO ][2015-12-22 15:45:14,515][com.java.TestType] [10368] - --------------------------setting values-----------------------------
[INFO ][2015-12-22 15:45:14,515][com.java.TestType] [10371] - Action Type : SelectWindow
[INFO ][2015-12-22 15:45:26,709][com.java.TestType] [10390] -  RESULT true
[INFO ][2015-12-22 15:45:26,709][com.java.TestType] [10507] - ?   P A S S   ?
[DEBUG][2015-12-22 15:45:26,709][com.java.TestType] [10313] - Concept ID:1 :: Step being Executed: 1::8
[INFO ][2015-12-22 15:45:26,709][com.java.TestType] [10351] - dataFields : test
[DEBUG][2015-12-22 15:45:26,709][com.java.TestType] [10357] - <In Set values of the page>
[DEBUG][2015-12-22 15:45:26,709][com.java.TestType] [10362] - {Data Fields & Data Values Exist}
[INFO ][2015-12-22 15:45:26,709][com.java.TestType] [10368] - --------------------------setting values-----------------------------
[INFO ][2015-12-22 15:45:26,709][com.java.TestType] [10371] - Action Type : WaitTime
[DEBUG][2015-12-22 15:45:26,710][com.java.TestType] [ 5414] - sleepTime: 20000
[INFO ][2015-12-22 15:45:46,711][com.java.TestType] [10390] -  RESULT true
[INFO ][2015-12-22 15:45:46,711][com.java.TestType] [10507] - ?   P A S S   ?
[DEBUG][2015-12-22 15:45:46,711][com.java.TestType] [10313] - Concept ID:1 :: Step being Executed: 1::9
[ERROR][2015-12-22 15:45:46,711][com.java.TestType] [10346] - Exception: null
[INFO ][2015-12-22 15:45:46,711][com.java.TestType] [10351] - dataFields : //span[@class='icon-cog2']&&//a[@data-id="UserSettings"]
[DEBUG][2015-12-22 15:45:46,711][com.java.TestType] [10357] - <In Set values of the page>
[DEBUG][2015-12-22 15:45:46,711][com.java.TestType] [10362] - {Data Fields & Data Values Exist}
[INFO ][2015-12-22 15:45:46,711][com.java.TestType] [10368] - --------------------------setting values-----------------------------
[INFO ][2015-12-22 15:45:46,711][com.java.TestType] [10371] - Action Type : MouseOver
[INFO ][2015-12-22 15:46:09,544][com.java.TestType] [10390] -  RESULT true
[INFO ][2015-12-22 15:46:09,544][com.java.TestType] [10507] - ?   P A S S   ?
[DEBUG][2015-12-22 15:46:09,544][com.java.TestType] [10313] - Concept ID:1 :: Step being Executed: 1::10
[INFO ][2015-12-22 15:46:09,544][com.java.TestType] [10351] - dataFields : BTNframeDialogContent
[DEBUG][2015-12-22 15:46:09,544][com.java.TestType] [10357] - <In Set values of the page>
[DEBUG][2015-12-22 15:46:09,544][com.java.TestType] [10362] - {Data Fields & Data Values Exist}
[INFO ][2015-12-22 15:46:09,544][com.java.TestType] [10368] - --------------------------setting values-----------------------------
[INFO ][2015-12-22 15:46:09,544][com.java.TestType] [10371] - Action Type : WaitForElement
[INFO ][2015-12-22 15:46:10,759][com.java.TestType] [10390] -  RESULT true
[INFO ][2015-12-22 15:46:10,759][com.java.TestType] [10507] - ?   P A S S   ?
[DEBUG][2015-12-22 15:46:10,759][com.java.TestType] [10313] - Concept ID:1 :: Step being Executed: 1::11
[INFO ][2015-12-22 15:46:10,759][com.java.TestType] [10351] - dataFields : BTN
[DEBUG][2015-12-22 15:46:10,759][com.java.TestType] [10357] - <In Set values of the page>
[DEBUG][2015-12-22 15:46:10,759][com.java.TestType] [10362] - {Data Fields & Data Values Exist}
[INFO ][2015-12-22 15:46:10,759][com.java.TestType] [10368] - --------------------------setting values-----------------------------
[INFO ][2015-12-22 15:46:10,759][com.java.TestType] [10371] - Action Type : SELECTFRAMEBYNAME
[INFO ][2015-12-22 15:46:10,759][com.java.TestType] [ 5594] - value = frameDialogContent
[INFO ][2015-12-22 15:46:10,820][com.java.TestType] [10390] -  RESULT true
[INFO ][2015-12-22 15:46:10,820][com.java.TestType] [10507] - ?   P A S S   ?
[DEBUG][2015-12-22 15:46:10,820][com.java.TestType] [10313] - Concept ID:1 :: Step being Executed: 1::12
[INFO ][2015-12-22 15:46:10,820][com.java.TestType] [10351] - dataFields : SLBddlOpenBDInNewWindow
[DEBUG][2015-12-22 15:46:10,820][com.java.TestType] [10357] - <In Set values of the page>
[DEBUG][2015-12-22 15:46:10,821][com.java.TestType] [10362] - {Data Fields & Data Values Exist}
[INFO ][2015-12-22 15:46:10,821][com.java.TestType] [10368] - --------------------------setting values-----------------------------
[INFO ][2015-12-22 15:46:10,821][com.java.TestType] [10371] - Action Type : Select
[INFO ][2015-12-22 15:46:10,821][com.java.TestType] [ 5594] - value = No
[INFO ][2015-12-22 15:46:13,082][com.java.TestType] [10390] -  RESULT true
[INFO ][2015-12-22 15:46:13,083][com.java.TestType] [10507] - ?   P A S S   ?
[DEBUG][2015-12-22 15:46:13,083][com.java.TestType] [10313] - Concept ID:1 :: Step being Executed: 1::13
[ERROR][2015-12-22 15:46:13,083][com.java.TestType] [10346] - Exception: null
[INFO ][2015-12-22 15:46:13,083][com.java.TestType] [10351] - dataFields : BTNparent
[DEBUG][2015-12-22 15:46:13,083][com.java.TestType] [10357] - <In Set values of the page>
[DEBUG][2015-12-22 15:46:13,083][com.java.TestType] [10362] - {Data Fields & Data Values Exist}
[INFO ][2015-12-22 15:46:13,084][com.java.TestType] [10368] - --------------------------setting values-----------------------------
[INFO ][2015-12-22 15:46:13,084][com.java.TestType] [10371] - Action Type : SELECTFRAME
[INFO ][2015-12-22 15:46:13,099][com.java.TestType] [10390] -  RESULT true
[INFO ][2015-12-22 15:46:13,099][com.java.TestType] [10507] - ?   P A S S   ?
[DEBUG][2015-12-22 15:46:13,099][com.java.TestType] [10313] - Concept ID:1 :: Step being Executed: 1::14
[ERROR][2015-12-22 15:46:13,099][com.java.TestType] [10346] - Exception: null
[INFO ][2015-12-22 15:46:13,099][com.java.TestType] [10351] - dataFields : BTN//span[text()='Finished']
[DEBUG][2015-12-22 15:46:13,099][com.java.TestType] [10357] - <In Set values of the page>
[DEBUG][2015-12-22 15:46:13,099][com.java.TestType] [10362] - {Data Fields & Data Values Exist}
[INFO ][2015-12-22 15:46:13,100][com.java.TestType] [10368] - --------------------------setting values-----------------------------
[INFO ][2015-12-22 15:46:13,100][com.java.TestType] [10371] - Action Type : Click
[INFO ][2015-12-22 15:46:13,100][com.java.TestType] [ 5973] - Field ::BTN//span[text()='Finished']
[INFO ][2015-12-22 15:46:13,100][com.java.TestType] [ 5594] - value = 
[INFO ][2015-12-22 15:46:14,100][com.java.TestType] [ 6089] - BEFORE CLICK
[INFO ][2015-12-22 15:46:14,331][com.java.TestType] [ 6096] - Unable to click the object Finished button
[INFO ][2015-12-22 15:46:14,331][com.java.TestType] [10390] -  RESULT true
[INFO ][2015-12-22 15:46:14,331][com.java.TestType] [10507] - ?   P A S S   ?
[DEBUG][2015-12-22 15:46:14,331][com.java.TestType] [10313] - Concept ID:1 :: Step being Executed: 1::15
[INFO ][2015-12-22 15:46:14,331][com.java.TestType] [10351] - dataFields : LNK
[DEBUG][2015-12-22 15:46:14,331][com.java.TestType] [10357] - <In Set values of the page>
[DEBUG][2015-12-22 15:46:14,332][com.java.TestType] [10362] - {Data Fields & Data Values Exist}
[INFO ][2015-12-22 15:46:14,332][com.java.TestType] [10368] - --------------------------setting values-----------------------------
[INFO ][2015-12-22 15:46:14,332][com.java.TestType] [10371] - Action Type : Verify
[INFO ][2015-12-22 15:46:14,332][com.java.TestType] [ 6944] - field= LNK value= Logout
[INFO ][2015-12-22 15:46:14,332][com.java.TestType] [ 5594] - value = Logout
[INFO ][2015-12-22 15:46:14,367][com.java.TestType] [10390] -  RESULT true
[INFO ][2015-12-22 15:46:14,367][com.java.TestType] [10507] - ?   P A S S   ?
[DEBUG][2015-12-22 15:46:14,367][com.java.TestType] [10313] - Concept ID:1 :: Step being Executed: 1::16
[INFO ][2015-12-22 15:46:14,367][com.java.TestType] [10351] - dataFields : BTN
[DEBUG][2015-12-22 15:46:14,367][com.java.TestType] [10357] - <In Set values of the page>
[DEBUG][2015-12-22 15:46:14,367][com.java.TestType] [10362] - {Data Fields & Data Values Exist}
[INFO ][2015-12-22 15:46:14,367][com.java.TestType] [10368] - --------------------------setting values-----------------------------
[INFO ][2015-12-22 15:46:14,367][com.java.TestType] [10371] - Action Type : Verify
[INFO ][2015-12-22 15:46:14,368][com.java.TestType] [ 6944] - field= BTN value= //img[contains(@src,'bdlogo.jpg')]
[INFO ][2015-12-22 15:46:14,368][com.java.TestType] [ 5594] - value = //img[contains(@src,'bdlogo.jpg')]
[INFO ][2015-12-22 15:46:14,436][com.java.TestType] [10390] -  RESULT true
[INFO ][2015-12-22 15:46:14,436][com.java.TestType] [10507] - ?   P A S S   ?
[INFO ][2015-12-22 15:46:14,436][com.java.TestType] [10578] - Looping End......
[INFO ][2015-12-22 15:46:14,440][com.java.SeleniumDriver] [  894] -  RESULT true
[INFO ][2015-12-22 15:46:14,440][com.java.SeleniumDriver] [ 1100] - ?   P A S S   ?
[INFO ][2015-12-22 15:46:14,440][com.java.SeleniumDriver] [  821] - ------------------------------------------
[INFO ][2015-12-22 15:46:14,442][com.java.SeleniumDriver] [  822] - Test case being Executed: 17
[INFO ][2015-12-22 15:46:14,442][com.java.SeleniumDriver] [  833] - Test step:18
[INFO ][2015-12-22 15:46:14,442][com.java.SeleniumDriver] [  845] - Datavalue is----------Concept#3:1-2
[INFO ][2015-12-22 15:46:14,442][com.java.SeleniumDriver] [  869] - DataField : test
[INFO ][2015-12-22 15:46:14,442][com.java.SeleniumDriver] [  871] - DataValue : Concept#3:1-2
[INFO ][2015-12-22 15:46:14,442][com.java.SeleniumDriver] [  877] - <In Set values of the page>
[INFO ][2015-12-22 15:46:14,442][com.java.SeleniumDriver] [  880] - {Data Fields & Data Values Exist}
[INFO ][2015-12-22 15:46:14,442][com.java.SeleniumDriver] [  882] - --------------------------setting values-----------------------------
[INFO ][2015-12-22 15:46:14,442][com.java.SeleniumDriver] [  885] - Action Type : ExecuteTestCase
[INFO ][2015-12-22 15:46:14,442][com.java.TestType] [  437] - The Concept sheet name is ---------- Concept
[INFO ][2015-12-22 15:46:14,443][com.java.TestType] [  440] - The Concept ID  is ---------- 3
[DEBUG][2015-12-22 15:46:14,443][com.java.TestType] [  444] - Steps being executted in the Concept are: 1:2
[INFO ][2015-12-22 15:46:14,443][com.java.TestType] [  451] - Test data details path ---------- D:\BankersDashboard\TestInputs\TestData.xls
[INFO ][2015-12-22 15:46:14,473][com.java.TestType] [  482] -  str(1) = 3
[INFO ][2015-12-22 15:46:14,473][com.java.TestType] [  485] - Test case Id is---3
[INFO ][2015-12-22 15:46:14,473][com.java.TestType] [  487] - 3
[INFO ][2015-12-22 15:46:14,473][com.java.TestType] [  482] -  str(2) = 1
[INFO ][2015-12-22 15:46:14,475][com.java.TestType] [  534] - row values are--------{1=com.java.Objects.TestDataDetails@1778db3}
[INFO ][2015-12-22 15:46:14,475][com.java.TestType] [  482] -  str(1) = 3
[INFO ][2015-12-22 15:46:14,475][com.java.TestType] [  485] - Test case Id is---3
[INFO ][2015-12-22 15:46:14,475][com.java.TestType] [  487] - 3
[INFO ][2015-12-22 15:46:14,475][com.java.TestType] [  482] -  str(2) = 2
[INFO ][2015-12-22 15:46:14,476][com.java.TestType] [  534] - row values are--------{1=com.java.Objects.TestDataDetails@1778db3, 2=com.java.Objects.TestDataDetails@955cf3}
[INFO ][2015-12-22 15:46:14,476][com.java.TestType] [10272] - Looping 1TCID = 3
[DEBUG][2015-12-22 15:46:14,476][com.java.TestType] [10313] - Concept ID:3 :: Step being Executed: 3::1
[INFO ][2015-12-22 15:46:14,476][com.java.TestType] [10351] - dataFields : test
[DEBUG][2015-12-22 15:46:14,476][com.java.TestType] [10357] - <In Set values of the page>
[DEBUG][2015-12-22 15:46:14,476][com.java.TestType] [10362] - {Data Fields & Data Values Exist}
[INFO ][2015-12-22 15:46:14,476][com.java.TestType] [10368] - --------------------------setting values-----------------------------
[INFO ][2015-12-22 15:46:14,476][com.java.TestType] [10371] - Action Type : Logout
[INFO ][2015-12-22 15:46:16,648][com.java.TestType] [ 5973] - Field ::CNF
[INFO ][2015-12-22 15:46:16,648][com.java.TestType] [ 5594] - value = OK
[ERROR][2015-12-22 15:46:17,755][com.java.TestType] [ 6284] - Exception in click:: No alert is active (WARNING: The server did not provide any stacktrace information)
Command duration or timeout: 105 milliseconds
Build info: version: '2.48.2', revision: '41bccdd', time: '2015-10-09 19:59:12'
System info: host: 'FVTIII438F1D', ip: '172.17.68.34', os.name: 'Windows 7', os.arch: 'x86', os.version: '6.1', java.version: '1.7.0_55'
Session ID: 514aa557-3661-4c3c-8704-70ccdd73eab5
Driver info: org.openqa.selenium.ie.InternetExplorerDriver
Capabilities [{platform=WINDOWS, javascriptEnabled=true, elementScrollBehavior=0, ignoreZoomSetting=false, enablePersistentHover=true, ie.ensureCleanSession=false, browserName=internet explorer, enableElementCacheCleanup=true, unexpectedAlertBehaviour=dismiss, version=10, ie.usePerProcessProxy=false, ignoreProtectedModeSettings=true, cssSelectorsEnabled=true, requireWindowFocus=false, initialBrowserUrl=http://localhost:13607/, handlesAlerts=true, ie.forceCreateProcessApi=false, nativeEvents=true, browserAttachTimeout=0, ie.browserCommandLineSwitches=, takesScreenshot=true}]
[INFO ][2015-12-22 15:46:17,755][com.java.TestType] [ 6288] - Element :::: not found
[DEBUG][2015-12-22 15:46:19,456][com.java.SeleniumDriver] [  426] - Hub ip address is-------172.17.68.34
[INFO ][2015-12-22 15:46:19,456][com.java.SeleniumDriver] [  452] - Grid URL:http://172.17.68.34:4444/wd/hub
[INFO ][2015-12-22 15:46:19,456][com.java.SeleniumDriver] [  453] - Capability:Capabilities [{platform=ANY, ensureCleanSession=true, ignoreProtectedModeSettings=true, acceptSslCerts=true, ignoreZoomSetting=true, browserName=internet explorer, browserstack.ie.noFlash=true, version=null}]
[ERROR][2015-12-22 15:46:20,459][com.java.SeleniumDriver] [  497] - Unable invoke browser in grid:Could not start a new session. Possible causes are invalid address of the remote server or browser start-up failure.
Build info: version: '2.48.2', revision: '41bccdd', time: '2015-10-09 19:59:12'
System info: host: 'FVTIII438F1D', ip: '172.17.68.34', os.name: 'Windows 7', os.arch: 'x86', os.version: '6.1', java.version: '1.7.0_55'
Driver info: driver.version: SeleniumDriver
[INFO ][2015-12-22 15:46:20,460][com.java.SeleniumDriver] [  499] - Executing on local machine
[INFO ][2015-12-22 15:46:30,291][com.java.TestType] [10390] -  RESULT true
[INFO ][2015-12-22 15:46:30,291][com.java.TestType] [10507] - ?   P A S S   ?
[DEBUG][2015-12-22 15:46:30,292][com.java.TestType] [10313] - Concept ID:3 :: Step being Executed: 3::2
[INFO ][2015-12-22 15:46:30,292][com.java.TestType] [10351] - dataFields : test
[DEBUG][2015-12-22 15:46:30,292][com.java.TestType] [10357] - <In Set values of the page>
[DEBUG][2015-12-22 15:46:30,292][com.java.TestType] [10362] - {Data Fields & Data Values Exist}
[INFO ][2015-12-22 15:46:30,292][com.java.TestType] [10368] - --------------------------setting values-----------------------------
[INFO ][2015-12-22 15:46:30,292][com.java.TestType] [10371] - Action Type : WaitTime
[DEBUG][2015-12-22 15:46:30,292][com.java.TestType] [ 5414] - sleepTime: 2000
[INFO ][2015-12-22 15:46:32,293][com.java.TestType] [10390] -  RESULT true
[INFO ][2015-12-22 15:46:32,293][com.java.TestType] [10507] - ?   P A S S   ?
[INFO ][2015-12-22 15:46:32,293][com.java.TestType] [10578] - Looping End......
[INFO ][2015-12-22 15:46:32,296][com.java.SeleniumDriver] [  894] -  RESULT true
[INFO ][2015-12-22 15:46:32,297][com.java.SeleniumDriver] [ 1100] - ?   P A S S   ?
[INFO ][2015-12-22 15:46:32,297][com.java.SeleniumDriver] [  821] - ------------------------------------------
[INFO ][2015-12-22 15:46:32,297][com.java.SeleniumDriver] [  822] - Test case being Executed: 17
[INFO ][2015-12-22 15:46:32,297][com.java.SeleniumDriver] [  833] - Test step:19
[INFO ][2015-12-22 15:46:32,297][com.java.SeleniumDriver] [  845] - Datavalue is----------null
[DEBUG][2015-12-22 15:46:32,297][com.java.SeleniumDriver] [  863] - Exception: null
[INFO ][2015-12-22 15:46:32,297][com.java.SeleniumDriver] [  869] - DataField : CHK//div[@id="loginbox"]//input[@ng-click='vm.rememberMe()']
[INFO ][2015-12-22 15:46:32,297][com.java.SeleniumDriver] [  871] - DataValue : 
[INFO ][2015-12-22 15:46:32,297][com.java.SeleniumDriver] [  877] - <In Set values of the page>
[INFO ][2015-12-22 15:46:32,297][com.java.SeleniumDriver] [  880] - {Data Fields & Data Values Exist}
[INFO ][2015-12-22 15:46:32,297][com.java.SeleniumDriver] [  882] - --------------------------setting values-----------------------------
[INFO ][2015-12-22 15:46:32,297][com.java.SeleniumDriver] [  885] - Action Type : Check
[INFO ][2015-12-22 15:46:33,446][com.java.SeleniumDriver] [  894] -  RESULT true
[INFO ][2015-12-22 15:46:33,446][com.java.SeleniumDriver] [ 1100] - ?   P A S S   ?
[INFO ][2015-12-22 15:46:33,446][com.java.SeleniumDriver] [  821] - ------------------------------------------
[INFO ][2015-12-22 15:46:33,446][com.java.SeleniumDriver] [  822] - Test case being Executed: 17
[INFO ][2015-12-22 15:46:33,446][com.java.SeleniumDriver] [  833] - Test step:20
[INFO ][2015-12-22 15:46:33,446][com.java.SeleniumDriver] [  845] - Datavalue is----------Concept#1:2-4
[INFO ][2015-12-22 15:46:33,446][com.java.SeleniumDriver] [  869] - DataField : test
[INFO ][2015-12-22 15:46:33,446][com.java.SeleniumDriver] [  871] - DataValue : Concept#1:2-4
[INFO ][2015-12-22 15:46:33,446][com.java.SeleniumDriver] [  877] - <In Set values of the page>
[INFO ][2015-12-22 15:46:33,446][com.java.SeleniumDriver] [  880] - {Data Fields & Data Values Exist}
[INFO ][2015-12-22 15:46:33,446][com.java.SeleniumDriver] [  882] - --------------------------setting values-----------------------------
[INFO ][2015-12-22 15:46:33,446][com.java.SeleniumDriver] [  885] - Action Type : ExecuteTestCase
[INFO ][2015-12-22 15:46:33,447][com.java.TestType] [  437] - The Concept sheet name is ---------- Concept
[INFO ][2015-12-22 15:46:33,447][com.java.TestType] [  440] - The Concept ID  is ---------- 1
[DEBUG][2015-12-22 15:46:33,447][com.java.TestType] [  444] - Steps being executted in the Concept are: 2:4
[INFO ][2015-12-22 15:46:33,447][com.java.TestType] [  451] - Test data details path ---------- D:\BankersDashboard\TestInputs\TestData.xls
[INFO ][2015-12-22 15:46:33,476][com.java.TestType] [  482] -  str(1) = 1
[INFO ][2015-12-22 15:46:33,477][com.java.TestType] [  485] - Test case Id is---1
[INFO ][2015-12-22 15:46:33,477][com.java.TestType] [  487] - 1
[INFO ][2015-12-22 15:46:33,477][com.java.TestType] [  482] -  str(2) = 1
[INFO ][2015-12-22 15:46:33,478][com.java.TestType] [  534] - row values are--------{1=com.java.Objects.TestDataDetails@131a989}
[INFO ][2015-12-22 15:46:33,479][com.java.TestType] [  482] -  str(1) = 1
[INFO ][2015-12-22 15:46:33,479][com.java.TestType] [  485] - Test case Id is---1
[INFO ][2015-12-22 15:46:33,479][com.java.TestType] [  487] - 1
[INFO ][2015-12-22 15:46:33,479][com.java.TestType] [  482] -  str(2) = 2
[INFO ][2015-12-22 15:46:33,479][com.java.TestType] [  534] - row values are--------{1=com.java.Objects.TestDataDetails@131a989, 2=com.java.Objects.TestDataDetails@1051cab}
[INFO ][2015-12-22 15:46:33,480][com.java.TestType] [  482] -  str(1) = 1
[INFO ][2015-12-22 15:46:33,480][com.java.TestType] [  485] - Test case Id is---1
[INFO ][2015-12-22 15:46:33,480][com.java.TestType] [  487] - 1
[INFO ][2015-12-22 15:46:33,480][com.java.TestType] [  482] -  str(2) = 3
[INFO ][2015-12-22 15:46:33,480][com.java.TestType] [  534] - row values are--------{1=com.java.Objects.TestDataDetails@131a989, 2=com.java.Objects.TestDataDetails@1051cab, 3=com.java.Objects.TestDataDetails@979401}
[INFO ][2015-12-22 15:46:33,480][com.java.TestType] [  482] -  str(1) = 1
[INFO ][2015-12-22 15:46:33,481][com.java.TestType] [  485] - Test case Id is---1
[INFO ][2015-12-22 15:46:33,481][com.java.TestType] [  487] - 1
[INFO ][2015-12-22 15:46:33,481][com.java.TestType] [  482] -  str(2) = 4
[INFO ][2015-12-22 15:46:33,481][com.java.TestType] [  534] - row values are--------{1=com.java.Objects.TestDataDetails@131a989, 2=com.java.Objects.TestDataDetails@1051cab, 3=com.java.Objects.TestDataDetails@979401, 4=com.java.Objects.TestDataDetails@15dcfa4}
[INFO ][2015-12-22 15:46:33,481][com.java.TestType] [  482] -  str(1) = 1
[INFO ][2015-12-22 15:46:33,481][com.java.TestType] [  485] - Test case Id is---1
[INFO ][2015-12-22 15:46:33,481][com.java.TestType] [  487] - 1
[INFO ][2015-12-22 15:46:33,482][com.java.TestType] [  482] -  str(2) = 5
[INFO ][2015-12-22 15:46:33,482][com.java.TestType] [  534] - row values are--------{1=com.java.Objects.TestDataDetails@131a989, 2=com.java.Objects.TestDataDetails@1051cab, 3=com.java.Objects.TestDataDetails@979401, 4=com.java.Objects.TestDataDetails@15dcfa4, 5=com.java.Objects.TestDataDetails@95ee9f}
[INFO ][2015-12-22 15:46:33,482][com.java.TestType] [  482] -  str(1) = 1
[INFO ][2015-12-22 15:46:33,482][com.java.TestType] [  485] - Test case Id is---1
[INFO ][2015-12-22 15:46:33,482][com.java.TestType] [  487] - 1
[INFO ][2015-12-22 15:46:33,483][com.java.TestType] [  482] -  str(2) = 6
[INFO ][2015-12-22 15:46:33,483][com.java.TestType] [  534] - row values are--------{1=com.java.Objects.TestDataDetails@131a989, 2=com.java.Objects.TestDataDetails@1051cab, 3=com.java.Objects.TestDataDetails@979401, 4=com.java.Objects.TestDataDetails@15dcfa4, 5=com.java.Objects.TestDataDetails@95ee9f, 6=com.java.Objects.TestDataDetails@1f1141e}
[INFO ][2015-12-22 15:46:33,483][com.java.TestType] [  482] -  str(1) = 1
[INFO ][2015-12-22 15:46:33,483][com.java.TestType] [  485] - Test case Id is---1
[INFO ][2015-12-22 15:46:33,483][com.java.TestType] [  487] - 1
[INFO ][2015-12-22 15:46:33,483][com.java.TestType] [  482] -  str(2) = 7
[INFO ][2015-12-22 15:46:33,484][com.java.TestType] [  534] - row values are--------{1=com.java.Objects.TestDataDetails@131a989, 2=com.java.Objects.TestDataDetails@1051cab, 3=com.java.Objects.TestDataDetails@979401, 4=com.java.Objects.TestDataDetails@15dcfa4, 5=com.java.Objects.TestDataDetails@95ee9f, 6=com.java.Objects.TestDataDetails@1f1141e, 7=com.java.Objects.TestDataDetails@12f2320}
[INFO ][2015-12-22 15:46:33,484][com.java.TestType] [  482] -  str(1) = 1
[INFO ][2015-12-22 15:46:33,484][com.java.TestType] [  485] - Test case Id is---1
[INFO ][2015-12-22 15:46:33,484][com.java.TestType] [  487] - 1
[INFO ][2015-12-22 15:46:33,484][com.java.TestType] [  482] -  str(2) = 8
[INFO ][2015-12-22 15:46:33,486][com.java.TestType] [  534] - row values are--------{1=com.java.Objects.TestDataDetails@131a989, 2=com.java.Objects.TestDataDetails@1051cab, 3=com.java.Objects.TestDataDetails@979401, 4=com.java.Objects.TestDataDetails@15dcfa4, 5=com.java.Objects.TestDataDetails@95ee9f, 6=com.java.Objects.TestDataDetails@1f1141e, 7=com.java.Objects.TestDataDetails@12f2320, 8=com.java.Objects.TestDataDetails@1e08420}
[INFO ][2015-12-22 15:46:33,486][com.java.TestType] [  482] -  str(1) = 1
[INFO ][2015-12-22 15:46:33,486][com.java.TestType] [  485] - Test case Id is---1
[INFO ][2015-12-22 15:46:33,486][com.java.TestType] [  487] - 1
[INFO ][2015-12-22 15:46:33,486][com.java.TestType] [  482] -  str(2) = 9
[INFO ][2015-12-22 15:46:33,487][com.java.TestType] [  534] - row values are--------{1=com.java.Objects.TestDataDetails@131a989, 2=com.java.Objects.TestDataDetails@1051cab, 3=com.java.Objects.TestDataDetails@979401, 4=com.java.Objects.TestDataDetails@15dcfa4, 5=com.java.Objects.TestDataDetails@95ee9f, 6=com.java.Objects.TestDataDetails@1f1141e, 7=com.java.Objects.TestDataDetails@12f2320, 8=com.java.Objects.TestDataDetails@1e08420, 9=com.java.Objects.TestDataDetails@79e5e7}
[INFO ][2015-12-22 15:46:33,487][com.java.TestType] [  482] -  str(1) = 1
[INFO ][2015-12-22 15:46:33,487][com.java.TestType] [  485] - Test case Id is---1
[INFO ][2015-12-22 15:46:33,487][com.java.TestType] [  487] - 1
[INFO ][2015-12-22 15:46:33,487][com.java.TestType] [  482] -  str(2) = 10
[INFO ][2015-12-22 15:46:33,488][com.java.TestType] [  534] - row values are--------{1=com.java.Objects.TestDataDetails@131a989, 2=com.java.Objects.TestDataDetails@1051cab, 3=com.java.Objects.TestDataDetails@979401, 4=com.java.Objects.TestDataDetails@15dcfa4, 5=com.java.Objects.TestDataDetails@95ee9f, 6=com.java.Objects.TestDataDetails@1f1141e, 7=com.java.Objects.TestDataDetails@12f2320, 8=com.java.Objects.TestDataDetails@1e08420, 9=com.java.Objects.TestDataDetails@79e5e7, 10=com.java.Objects.TestDataDetails@13d8bd0}
[INFO ][2015-12-22 15:46:33,488][com.java.TestType] [  482] -  str(1) = 1
[INFO ][2015-12-22 15:46:33,488][com.java.TestType] [  485] - Test case Id is---1
[INFO ][2015-12-22 15:46:33,488][com.java.TestType] [  487] - 1
[INFO ][2015-12-22 15:46:33,488][com.java.TestType] [  482] -  str(2) = 11
[INFO ][2015-12-22 15:46:33,489][com.java.TestType] [  534] - row values are--------{1=com.java.Objects.TestDataDetails@131a989, 2=com.java.Objects.TestDataDetails@1051cab, 3=com.java.Objects.TestDataDetails@979401, 4=com.java.Objects.TestDataDetails@15dcfa4, 5=com.java.Objects.TestDataDetails@95ee9f, 6=com.java.Objects.TestDataDetails@1f1141e, 7=com.java.Objects.TestDataDetails@12f2320, 8=com.java.Objects.TestDataDetails@1e08420, 9=com.java.Objects.TestDataDetails@79e5e7, 10=com.java.Objects.TestDataDetails@13d8bd0, 11=com.java.Objects.TestDataDetails@1dd340f}
[INFO ][2015-12-22 15:46:33,489][com.java.TestType] [  482] -  str(1) = 1
[INFO ][2015-12-22 15:46:33,489][com.java.TestType] [  485] - Test case Id is---1
[INFO ][2015-12-22 15:46:33,489][com.java.TestType] [  487] - 1
[INFO ][2015-12-22 15:46:33,489][com.java.TestType] [  482] -  str(2) = 12
[INFO ][2015-12-22 15:46:33,490][com.java.TestType] [  534] - row values are--------{1=com.java.Objects.TestDataDetails@131a989, 2=com.java.Objects.TestDataDetails@1051cab, 3=com.java.Objects.TestDataDetails@979401, 4=com.java.Objects.TestDataDetails@15dcfa4, 5=com.java.Objects.TestDataDetails@95ee9f, 6=com.java.Objects.TestDataDetails@1f1141e, 7=com.java.Objects.TestDataDetails@12f2320, 8=com.java.Objects.TestDataDetails@1e08420, 9=com.java.Objects.TestDataDetails@79e5e7, 10=com.java.Objects.TestDataDetails@13d8bd0, 11=com.java.Objects.TestDataDetails@1dd340f, 12=com.java.Objects.TestDataDetails@1cd4995}
[INFO ][2015-12-22 15:46:33,490][com.java.TestType] [  482] -  str(1) = 1
[INFO ][2015-12-22 15:46:33,490][com.java.TestType] [  485] - Test case Id is---1
[INFO ][2015-12-22 15:46:33,490][com.java.TestType] [  487] - 1
[INFO ][2015-12-22 15:46:33,490][com.java.TestType] [  482] -  str(2) = 13
[INFO ][2015-12-22 15:46:33,491][com.java.TestType] [  534] - row values are--------{1=com.java.Objects.TestDataDetails@131a989, 2=com.java.Objects.TestDataDetails@1051cab, 3=com.java.Objects.TestDataDetails@979401, 4=com.java.Objects.TestDataDetails@15dcfa4, 5=com.java.Objects.TestDataDetails@95ee9f, 6=com.java.Objects.TestDataDetails@1f1141e, 7=com.java.Objects.TestDataDetails@12f2320, 8=com.java.Objects.TestDataDetails@1e08420, 9=com.java.Objects.TestDataDetails@79e5e7, 10=com.java.Objects.TestDataDetails@13d8bd0, 11=com.java.Objects.TestDataDetails@1dd340f, 12=com.java.Objects.TestDataDetails@1cd4995, 13=com.java.Objects.TestDataDetails@d2ba20}
[INFO ][2015-12-22 15:46:33,491][com.java.TestType] [  482] -  str(1) = 1
[INFO ][2015-12-22 15:46:33,491][com.java.TestType] [  485] - Test case Id is---1
[INFO ][2015-12-22 15:46:33,491][com.java.TestType] [  487] - 1
[INFO ][2015-12-22 15:46:33,491][com.java.TestType] [  482] -  str(2) = 14
[INFO ][2015-12-22 15:46:33,491][com.java.TestType] [  534] - row values are--------{1=com.java.Objects.TestDataDetails@131a989, 2=com.java.Objects.TestDataDetails@1051cab, 3=com.java.Objects.TestDataDetails@979401, 4=com.java.Objects.TestDataDetails@15dcfa4, 5=com.java.Objects.TestDataDetails@95ee9f, 6=com.java.Objects.TestDataDetails@1f1141e, 7=com.java.Objects.TestDataDetails@12f2320, 8=com.java.Objects.TestDataDetails@1e08420, 9=com.java.Objects.TestDataDetails@79e5e7, 10=com.java.Objects.TestDataDetails@13d8bd0, 11=com.java.Objects.TestDataDetails@1dd340f, 12=com.java.Objects.TestDataDetails@1cd4995, 13=com.java.Objects.TestDataDetails@d2ba20, 14=com.java.Objects.TestDataDetails@1750345}
[INFO ][2015-12-22 15:46:33,492][com.java.TestType] [  482] -  str(1) = 1
[INFO ][2015-12-22 15:46:33,492][com.java.TestType] [  485] - Test case Id is---1
[INFO ][2015-12-22 15:46:33,492][com.java.TestType] [  487] - 1
[INFO ][2015-12-22 15:46:33,492][com.java.TestType] [  482] -  str(2) = 15
[INFO ][2015-12-22 15:46:33,492][com.java.TestType] [  534] - row values are--------{1=com.java.Objects.TestDataDetails@131a989, 2=com.java.Objects.TestDataDetails@1051cab, 3=com.java.Objects.TestDataDetails@979401, 4=com.java.Objects.TestDataDetails@15dcfa4, 5=com.java.Objects.TestDataDetails@95ee9f, 6=com.java.Objects.TestDataDetails@1f1141e, 7=com.java.Objects.TestDataDetails@12f2320, 8=com.java.Objects.TestDataDetails@1e08420, 9=com.java.Objects.TestDataDetails@79e5e7, 10=com.java.Objects.TestDataDetails@13d8bd0, 11=com.java.Objects.TestDataDetails@1dd340f, 12=com.java.Objects.TestDataDetails@1cd4995, 13=com.java.Objects.TestDataDetails@d2ba20, 14=com.java.Objects.TestDataDetails@1750345, 15=com.java.Objects.TestDataDetails@1c557cd}
[INFO ][2015-12-22 15:46:33,492][com.java.TestType] [  482] -  str(1) = 1
[INFO ][2015-12-22 15:46:33,492][com.java.TestType] [  485] - Test case Id is---1
[INFO ][2015-12-22 15:46:33,493][com.java.TestType] [  487] - 1
[INFO ][2015-12-22 15:46:33,493][com.java.TestType] [  482] -  str(2) = 16
[INFO ][2015-12-22 15:46:33,494][com.java.TestType] [  534] - row values are--------{1=com.java.Objects.TestDataDetails@131a989, 2=com.java.Objects.TestDataDetails@1051cab, 3=com.java.Objects.TestDataDetails@979401, 4=com.java.Objects.TestDataDetails@15dcfa4, 5=com.java.Objects.TestDataDetails@95ee9f, 6=com.java.Objects.TestDataDetails@1f1141e, 7=com.java.Objects.TestDataDetails@12f2320, 8=com.java.Objects.TestDataDetails@1e08420, 9=com.java.Objects.TestDataDetails@79e5e7, 10=com.java.Objects.TestDataDetails@13d8bd0, 11=com.java.Objects.TestDataDetails@1dd340f, 12=com.java.Objects.TestDataDetails@1cd4995, 13=com.java.Objects.TestDataDetails@d2ba20, 14=com.java.Objects.TestDataDetails@1750345, 15=com.java.Objects.TestDataDetails@1c557cd, 16=com.java.Objects.TestDataDetails@f980b}
[INFO ][2015-12-22 15:46:33,494][com.java.TestType] [10272] - Looping 1TCID = 1
[DEBUG][2015-12-22 15:46:33,494][com.java.TestType] [10313] - Concept ID:1 :: Step being Executed: 1::2
[INFO ][2015-12-22 15:46:33,494][com.java.TestType] [10351] - dataFields : TXTpassword
[DEBUG][2015-12-22 15:46:33,494][com.java.TestType] [10357] - <In Set values of the page>
[DEBUG][2015-12-22 15:46:33,494][com.java.TestType] [10362] - {Data Fields & Data Values Exist}
[INFO ][2015-12-22 15:46:33,494][com.java.TestType] [10368] - --------------------------setting values-----------------------------
[INFO ][2015-12-22 15:46:33,494][com.java.TestType] [10371] - Action Type : CLEARANDENTER
[INFO ][2015-12-22 15:46:33,495][com.java.TestType] [ 5594] - value = Password1*
[INFO ][2015-12-22 15:46:38,311][com.java.TestType] [10390] -  RESULT true
[INFO ][2015-12-22 15:46:38,311][com.java.TestType] [10507] - ?   P A S S   ?
[DEBUG][2015-12-22 15:46:38,311][com.java.TestType] [10313] - Concept ID:1 :: Step being Executed: 1::3
[ERROR][2015-12-22 15:46:38,311][com.java.TestType] [10346] - Exception: null
[INFO ][2015-12-22 15:46:38,311][com.java.TestType] [10351] - dataFields : XPH//button[@type='submit']
[DEBUG][2015-12-22 15:46:38,311][com.java.TestType] [10357] - <In Set values of the page>
[DEBUG][2015-12-22 15:46:38,311][com.java.TestType] [10362] - {Data Fields & Data Values Exist}
[INFO ][2015-12-22 15:46:38,312][com.java.TestType] [10368] - --------------------------setting values-----------------------------
[INFO ][2015-12-22 15:46:38,312][com.java.TestType] [10371] - Action Type : Click
[INFO ][2015-12-22 15:46:38,312][com.java.TestType] [ 5973] - Field ::XPH//button[@type='submit']
[INFO ][2015-12-22 15:46:38,312][com.java.TestType] [ 5594] - value = 
[INFO ][2015-12-22 15:46:39,312][com.java.TestType] [ 6110] - BEFORE CLICK
[INFO ][2015-12-22 15:46:40,123][com.java.TestType] [ 6118] - Unable to click the object Login
[INFO ][2015-12-22 15:46:40,123][com.java.TestType] [10390] -  RESULT true
[INFO ][2015-12-22 15:46:40,123][com.java.TestType] [10507] - ?   P A S S   ?
[DEBUG][2015-12-22 15:46:40,123][com.java.TestType] [10313] - Concept ID:1 :: Step being Executed: 1::4
[INFO ][2015-12-22 15:46:40,123][com.java.TestType] [10351] - dataFields : LNKLogout
[DEBUG][2015-12-22 15:46:40,124][com.java.TestType] [10357] - <In Set values of the page>
[DEBUG][2015-12-22 15:46:40,124][com.java.TestType] [10362] - {Data Fields & Data Values Exist}
[INFO ][2015-12-22 15:46:40,124][com.java.TestType] [10368] - --------------------------setting values-----------------------------
[INFO ][2015-12-22 15:46:40,124][com.java.TestType] [10371] - Action Type : WaitForElement
[INFO ][2015-12-22 15:46:43,478][com.java.TestType] [10390] -  RESULT true
[INFO ][2015-12-22 15:46:43,478][com.java.TestType] [10507] - ?   P A S S   ?
[INFO ][2015-12-22 15:46:43,478][com.java.TestType] [10578] - Looping End......
[INFO ][2015-12-22 15:46:43,482][com.java.SeleniumDriver] [  894] -  RESULT true
[INFO ][2015-12-22 15:46:43,484][com.java.SeleniumDriver] [ 1100] - ?   P A S S   ?
[INFO ][2015-12-22 15:46:43,484][com.java.SeleniumDriver] [  821] - ------------------------------------------
[INFO ][2015-12-22 15:46:43,484][com.java.SeleniumDriver] [  822] - Test case being Executed: 17
[INFO ][2015-12-22 15:46:43,484][com.java.SeleniumDriver] [  833] - Test step:21
[INFO ][2015-12-22 15:46:43,484][com.java.SeleniumDriver] [  845] - Datavalue is----------test
[INFO ][2015-12-22 15:46:43,484][com.java.SeleniumDriver] [  869] - DataField : test
[INFO ][2015-12-22 15:46:43,484][com.java.SeleniumDriver] [  871] - DataValue : test
[INFO ][2015-12-22 15:46:43,484][com.java.SeleniumDriver] [  877] - <In Set values of the page>
[INFO ][2015-12-22 15:46:43,484][com.java.SeleniumDriver] [  880] - {Data Fields & Data Values Exist}
[INFO ][2015-12-22 15:46:43,484][com.java.SeleniumDriver] [  882] - --------------------------setting values-----------------------------
[INFO ][2015-12-22 15:46:43,484][com.java.SeleniumDriver] [  885] - Action Type : CLEARBROWSERCACHE
[INFO ][2015-12-22 15:46:48,549][com.java.SeleniumDriver] [  894] -  RESULT true
[INFO ][2015-12-22 15:46:48,549][com.java.SeleniumDriver] [ 1100] - ?   P A S S   ?
[INFO ][2015-12-22 15:46:48,549][com.java.SeleniumDriver] [  821] - ------------------------------------------
[INFO ][2015-12-22 15:46:48,549][com.java.SeleniumDriver] [  822] - Test case being Executed: 17
[INFO ][2015-12-22 15:46:48,549][com.java.SeleniumDriver] [  833] - Test step:22
[INFO ][2015-12-22 15:46:48,549][com.java.SeleniumDriver] [  845] - Datavalue is----------Concept#3:1-2
[INFO ][2015-12-22 15:46:48,549][com.java.SeleniumDriver] [  869] - DataField : test
[INFO ][2015-12-22 15:46:48,549][com.java.SeleniumDriver] [  871] - DataValue : Concept#3:1-2
[INFO ][2015-12-22 15:46:48,549][com.java.SeleniumDriver] [  877] - <In Set values of the page>
[INFO ][2015-12-22 15:46:48,549][com.java.SeleniumDriver] [  880] - {Data Fields & Data Values Exist}
[INFO ][2015-12-22 15:46:48,549][com.java.SeleniumDriver] [  882] - --------------------------setting values-----------------------------
[INFO ][2015-12-22 15:46:48,549][com.java.SeleniumDriver] [  885] - Action Type : ExecuteTestCase
[INFO ][2015-12-22 15:46:48,550][com.java.TestType] [  437] - The Concept sheet name is ---------- Concept
[INFO ][2015-12-22 15:46:48,550][com.java.TestType] [  440] - The Concept ID  is ---------- 3
[DEBUG][2015-12-22 15:46:48,550][com.java.TestType] [  444] - Steps being executted in the Concept are: 1:2
[INFO ][2015-12-22 15:46:48,550][com.java.TestType] [  451] - Test data details path ---------- D:\BankersDashboard\TestInputs\TestData.xls
[INFO ][2015-12-22 15:46:48,578][com.java.TestType] [  482] -  str(1) = 3
[INFO ][2015-12-22 15:46:48,578][com.java.TestType] [  485] - Test case Id is---3
[INFO ][2015-12-22 15:46:48,578][com.java.TestType] [  487] - 3
[INFO ][2015-12-22 15:46:48,578][com.java.TestType] [  482] -  str(2) = 1
[INFO ][2015-12-22 15:46:48,580][com.java.TestType] [  534] - row values are--------{1=com.java.Objects.TestDataDetails@1b90875}
[INFO ][2015-12-22 15:46:48,580][com.java.TestType] [  482] -  str(1) = 3
[INFO ][2015-12-22 15:46:48,580][com.java.TestType] [  485] - Test case Id is---3
[INFO ][2015-12-22 15:46:48,580][com.java.TestType] [  487] - 3
[INFO ][2015-12-22 15:46:48,580][com.java.TestType] [  482] -  str(2) = 2
[INFO ][2015-12-22 15:46:48,581][com.java.TestType] [  534] - row values are--------{1=com.java.Objects.TestDataDetails@1b90875, 2=com.java.Objects.TestDataDetails@175d78a}
[INFO ][2015-12-22 15:46:48,581][com.java.TestType] [10272] - Looping 1TCID = 3
[DEBUG][2015-12-22 15:46:48,581][com.java.TestType] [10313] - Concept ID:3 :: Step being Executed: 3::1
[INFO ][2015-12-22 15:46:48,582][com.java.TestType] [10351] - dataFields : test
[DEBUG][2015-12-22 15:46:48,582][com.java.TestType] [10357] - <In Set values of the page>
[DEBUG][2015-12-22 15:46:48,582][com.java.TestType] [10362] - {Data Fields & Data Values Exist}
[INFO ][2015-12-22 15:46:48,582][com.java.TestType] [10368] - --------------------------setting values-----------------------------
[INFO ][2015-12-22 15:46:48,582][com.java.TestType] [10371] - Action Type : Logout
[INFO ][2015-12-22 15:46:50,816][com.java.TestType] [ 5973] - Field ::CNF
[INFO ][2015-12-22 15:46:50,816][com.java.TestType] [ 5594] - value = OK
[INFO ][2015-12-22 15:46:53,128][com.java.TestType] [ 6106] - Click the object confirmation
[INFO ][2015-12-22 15:46:53,128][com.java.TestType] [ 6107] - Unable to click the object confirmation
[DEBUG][2015-12-22 15:46:54,253][com.java.SeleniumDriver] [  426] - Hub ip address is-------172.17.68.34
[INFO ][2015-12-22 15:46:54,253][com.java.SeleniumDriver] [  452] - Grid URL:http://172.17.68.34:4444/wd/hub
[INFO ][2015-12-22 15:46:54,253][com.java.SeleniumDriver] [  453] - Capability:Capabilities [{platform=ANY, ensureCleanSession=true, ignoreProtectedModeSettings=true, acceptSslCerts=true, ignoreZoomSetting=true, browserName=internet explorer, browserstack.ie.noFlash=true, version=null}]
[ERROR][2015-12-22 15:46:55,266][com.java.SeleniumDriver] [  497] - Unable invoke browser in grid:Could not start a new session. Possible causes are invalid address of the remote server or browser start-up failure.
Build info: version: '2.48.2', revision: '41bccdd', time: '2015-10-09 19:59:12'
System info: host: 'FVTIII438F1D', ip: '172.17.68.34', os.name: 'Windows 7', os.arch: 'x86', os.version: '6.1', java.version: '1.7.0_55'
Driver info: driver.version: SeleniumDriver
[INFO ][2015-12-22 15:46:55,267][com.java.SeleniumDriver] [  499] - Executing on local machine
[INFO ][2015-12-22 15:47:05,566][com.java.TestType] [10390] -  RESULT true
[INFO ][2015-12-22 15:47:05,566][com.java.TestType] [10507] - ?   P A S S   ?
[DEBUG][2015-12-22 15:47:05,567][com.java.TestType] [10313] - Concept ID:3 :: Step being Executed: 3::2
[INFO ][2015-12-22 15:47:05,567][com.java.TestType] [10351] - dataFields : test
[DEBUG][2015-12-22 15:47:05,567][com.java.TestType] [10357] - <In Set values of the page>
[DEBUG][2015-12-22 15:47:05,567][com.java.TestType] [10362] - {Data Fields & Data Values Exist}
[INFO ][2015-12-22 15:47:05,568][com.java.TestType] [10368] - --------------------------setting values-----------------------------
[INFO ][2015-12-22 15:47:05,568][com.java.TestType] [10371] - Action Type : WaitTime
[DEBUG][2015-12-22 15:47:05,568][com.java.TestType] [ 5414] - sleepTime: 2000
[INFO ][2015-12-22 15:47:07,568][com.java.TestType] [10390] -  RESULT true
[INFO ][2015-12-22 15:47:07,568][com.java.TestType] [10507] - ?   P A S S   ?
[INFO ][2015-12-22 15:47:07,568][com.java.TestType] [10578] - Looping End......
[INFO ][2015-12-22 15:47:07,571][com.java.SeleniumDriver] [  894] -  RESULT true
[INFO ][2015-12-22 15:47:07,572][com.java.SeleniumDriver] [ 1100] - ?   P A S S   ?
[INFO ][2015-12-22 15:47:07,572][com.java.SeleniumDriver] [  821] - ------------------------------------------
[INFO ][2015-12-22 15:47:07,572][com.java.SeleniumDriver] [  822] - Test case being Executed: 17
[INFO ][2015-12-22 15:47:07,572][com.java.SeleniumDriver] [  833] - Test step:23
[INFO ][2015-12-22 15:47:07,572][com.java.SeleniumDriver] [  845] - Datavalue is----------null
[DEBUG][2015-12-22 15:47:07,572][com.java.SeleniumDriver] [  863] - Exception: null
[INFO ][2015-12-22 15:47:07,572][com.java.SeleniumDriver] [  869] - DataField : SLT//input[@ng-model="vm.rememberUsername"]
[INFO ][2015-12-22 15:47:07,572][com.java.SeleniumDriver] [  871] - DataValue : 
[INFO ][2015-12-22 15:47:07,572][com.java.SeleniumDriver] [  877] - <In Set values of the page>
[INFO ][2015-12-22 15:47:07,572][com.java.SeleniumDriver] [  880] - {Data Fields & Data Values Exist}
[INFO ][2015-12-22 15:47:07,572][com.java.SeleniumDriver] [  882] - --------------------------setting values-----------------------------
[INFO ][2015-12-22 15:47:07,572][com.java.SeleniumDriver] [  885] - Action Type : Verify
[INFO ][2015-12-22 15:47:07,572][com.java.TestType] [ 6944] - field= SLT//input[@ng-model="vm.rememberUsername"] value= 
[INFO ][2015-12-22 15:47:07,573][com.java.SeleniumDriver] [  894] -  RESULT false
[INFO ][2015-12-22 15:47:07,573][com.java.SeleniumDriver] [  941] - ?   F A I L   ?
[INFO ][2015-12-22 15:47:07,573][com.java.SeleniumDriver] [  949] - Browser Type : IE10
[INFO ][2015-12-22 15:47:07,573][com.java.SeleniumDriver] [  950] - Adding Failed case17
[INFO ][2015-12-22 15:47:08,208][com.java.SeleniumDriver] [ 1064] - failedCases = 17
[ERROR][2015-12-22 15:47:08,210][com.java.SeleniumDriver] [ 1561] - Platform Errors : Our apologies...::We have encountered an issue with your request.::Our apologies?:We encountered an issue with your request.
[INFO ][2015-12-22 15:47:08,210][com.java.SeleniumDriver] [ 1565] - Length =3
[ERROR][2015-12-22 15:47:08,210][com.java.SeleniumDriver] [ 1568] - Error 0 = Our apologies...
[ERROR][2015-12-22 15:47:08,237][com.java.SeleniumDriver] [ 1568] - Error 1 = We have encountered an issue with your request.
[ERROR][2015-12-22 15:47:08,253][com.java.SeleniumDriver] [ 1568] - Error 2 = Our apologies?:We encountered an issue with your request.
[INFO ][2015-12-22 15:47:08,279][com.java.SeleniumDriver] [ 1579] - strError:
[DEBUG][2015-12-22 15:47:08,294][com.java.SeleniumDriver] [ 1212] - Case found
[DEBUG][2015-12-22 15:47:08,294][com.java.SeleniumDriver] [ 1217] - Incrementing ReportCounters[0]:1
[INFO ][2015-12-22 15:47:08,294][com.java.SeleniumDriver] [ 1236] - The results are-------------------[17, 23, BD-LOGIN: Disable Autocomplete HTML - No Save, Logout & Leave Browser Open, Fail, 
Test case failed at Step No. :: 23   Error Message ::   Value Field is empty . Screen Shot : D:\BankersDashboard\TestReports\122215\17_122215_154707_IE10.png, Tue Dec 22 15:47:08 IST 2015]
[INFO ][2015-12-22 15:47:08,294][com.java.SeleniumDriver] [ 1240] - End time is-------3 min 49 sec
[INFO ][2015-12-22 15:47:08,294][com.java.SeleniumDriver] [ 1241] - The results are-------------------[17, 23, BD-LOGIN: Disable Autocomplete HTML - No Save, Logout & Leave Browser Open, Fail, 
Test case failed at Step No. :: 23   Error Message ::   Value Field is empty . Screen Shot : D:\BankersDashboard\TestReports\122215\17_122215_154707_IE10.png, Tue Dec 22 15:47:08 IST 2015]
[DEBUG][2015-12-22 15:47:08,294][com.java.ImportnExport.ExportTestResultsExcel] [  222] - testResultPath = D:\BankersDashboard/TestReports/Test Results_BankersDashBoard_122215_154320_IE10_Bank of North Carolina.xls
[DEBUG][2015-12-22 15:47:08,294][com.java.ImportnExport.ExportTestResultsExcel] [  223] - browser is------------IE10
[DEBUG][2015-12-22 15:47:08,339][com.java.ImportnExport.ExportTestResultsExcel] [  270] - result.size() = 6
[DEBUG][2015-12-22 15:47:08,339][com.java.ImportnExport.ExportTestResultsExcel] [  274] - No of rows in sheet=1
[DEBUG][2015-12-22 15:47:08,339][com.java.ImportnExport.ExportTestResultsExcel] [  301] - ..in export..17
[DEBUG][2015-12-22 15:47:08,339][com.java.ImportnExport.ExportTestResultsExcel] [  301] - ..in export..BD-LOGIN: Disable Autocomplete HTML - No Save, Logout & Leave Browser Open
[DEBUG][2015-12-22 15:47:08,339][com.java.ImportnExport.ExportTestResultsExcel] [  301] - ..in export..Fail
[DEBUG][2015-12-22 15:47:08,339][com.java.ImportnExport.ExportTestResultsExcel] [  301] - ..in export..
Test case failed at Step No. :: 23   Error Message ::   Value Field is empty . Screen Shot : D:\BankersDashboard\TestReports\122215\17_122215_154707_IE10.png
[DEBUG][2015-12-22 15:47:08,339][com.java.ImportnExport.ExportTestResultsExcel] [  301] - ..in export..Tue Dec 22 15:47:08 IST 2015
[INFO ][2015-12-22 15:47:08,342][com.java.SeleniumDriver] [ 1299] - out loop:0 size:1 TestCases:[17] testcases:[17]
[INFO ][2015-12-22 15:47:10,342][com.java.SeleniumDriver] [ 1342] - Total Number of Cases:1
[INFO ][2015-12-22 15:47:10,342][com.java.TemplateGenerator] [  302] - Executed:1
[INFO ][2015-12-22 15:47:10,344][com.java.TemplateGenerator] [  303] - Passed:0
[INFO ][2015-12-22 15:47:10,344][com.java.TemplateGenerator] [  304] - Failed:1
[INFO ][2015-12-22 15:47:10,344][com.java.TemplateGenerator] [  305] - Skipeed:0
[INFO ][2015-12-22 15:47:10,344][com.java.TemplateGenerator] [  306] - Application URL:https://clients-xuat.bankersdashboard.com
[INFO ][2015-12-22 15:47:10,344][com.java.TemplateGenerator] [  307] - Start Time:122215_154320
[INFO ][2015-12-22 15:47:10,344][com.java.TemplateGenerator] [  308] -  Creating HTML Report 
[ERROR][2015-12-22 15:47:10,344][com.java.TemplateGenerator] [  409] - Unparseable date: "Tue Dec 22 03:43:20 IST 2015"
[INFO ][2015-12-22 15:47:10,345][com.java.TemplateGenerator] [  654] -  Exporting case :: 17
[INFO ][2015-12-22 15:47:10,349][com.java.SeleniumDriver] [ 1391] - End Time:122215_154710
[INFO ][2015-12-22 15:47:10,349][com.java.SeleniumDriver] [ 1394] - Data in Test Execution Details:{17=FAILTest case failed at Step No. :: 23   Error Message ::   Value Field is empty }
[INFO ][2015-12-22 15:47:10,349][com.java.SeleniumDriver] [ 1395] - Data in Failed Execution Deatils:{}
[INFO ][2015-12-22 15:47:10,349][com.java.SeleniumDriver] [ 1397] - ReportCounter:Total:1 :: PASS: 0 ::FAIL: 1
[INFO ][2015-12-22 15:47:10,349][com.java.SeleniumDriver] [ 1398] - FailedReportCounter:Total:0 :: PASS: 0 ::FAIL: 0
[INFO ][2015-12-22 15:47:10,357][com.java.EmailTestReport] [   63] - Sending report mail details:
[INFO ][2015-12-22 15:47:10,357][com.java.EmailTestReport] [   80] - Excel Report Path:D:\BankersDashboard/TestReports/Test Results_BankersDashBoard_122215_154320_IE10_Bank of North Carolina.xls
[INFO ][2015-12-22 15:47:10,357][com.java.EmailTestReport] [   81] - HTML Report Path:D:\BankersDashboard//TestReports//Test Results_BankersDashBoard_122215_154320_IE10_Bank of North Carolina.html
[INFO ][2015-12-22 15:47:10,357][com.java.EmailTestReport] [   82] - smtpHostName:mail01.valuelabs.com
[INFO ][2015-12-22 15:47:10,357][com.java.EmailTestReport] [   83] - Recipient:venkateswararao.gubbala@valuelabs.com;
[INFO ][2015-12-22 15:47:10,357][com.java.EmailTestReport] [   84] - From:venkateswararao.gubbala@valuelabs.com;
[INFO ][2015-12-22 15:47:10,357][com.java.EmailTestReport] [   85] - Subject:Deluxe Corp Bankers Dashboard Automation Test Report - Bank of North Carolina - IE10
[INFO ][2015-12-22 15:47:10,374][com.java.EmailTestReport] [  143] -  Added venkateswararao.gubbala@valuelabs.com
[INFO ][2015-12-22 15:47:13,493][com.java.SeleniumDriver] [  720] - quitting the browser 
[INFO ][2015-12-22 15:47:14,614][com.java.SeleniumDriver] [  264] - Execution Completed Stopping the thread
