[INFO ][2015-11-04 17:59:26,137][com.java.SeleniumDriver] [  213] - Execute Failed Casesfalse
[INFO ][2015-11-04 17:59:26,147][com.java.SeleniumDriver] [  214] - Browser: IE11
[INFO ][2015-11-04 17:59:26,147][com.java.SeleniumDriver] [  215] - [1, 8]
[INFO ][2015-11-04 17:59:26,147][com.java.SeleniumDriver] [  216] - Total TestCases:2
[INFO ][2015-11-04 17:59:26,147][com.java.SeleniumDriver] [  217] -  Reading Properties from Property File 
[DEBUG][2015-11-04 17:59:26,147][com.java.SeleniumDriver] [  238] - url : https://clients-xuat.bankersdashboard.com
[INFO ][2015-11-04 17:59:26,147][com.java.ImportnExport.ExportTestResultsExcel] [  116] - Time Stamp Wed Nov 04 05:59:26 IST 2015
[INFO ][2015-11-04 17:59:26,147][com.java.ImportnExport.ExportTestResultsExcel] [  175] - OUT FILE : D:\BankersDashboard/TestReports/Test Results_BankersDashBoard_110415_175926_IE11_Simmons First National Bank.xls
[INFO ][2015-11-04 17:59:26,158][com.java.ImportnExport.ExportTestResultsExcel] [  180] - Test Result file is created
[DEBUG][2015-11-04 17:59:26,271][com.java.SeleniumDriver] [  425] - Hub ip address is-------172.17.68.34
[INFO ][2015-11-04 17:59:26,271][com.java.SeleniumDriver] [  451] - Grid URL:http://172.17.68.34:4444/wd/hub
[INFO ][2015-11-04 17:59:26,271][com.java.SeleniumDriver] [  452] - Capability:Capabilities [{platform=ANY, ensureCleanSession=true, ignoreProtectedModeSettings=true, acceptSslCerts=true, ignoreZoomSetting=true, browserName=internet explorer, browserstack.ie.noFlash=true, version=Node1}]
[ERROR][2015-11-04 17:59:27,561][com.java.SeleniumDriver] [  496] - Unable invoke browser in grid:Could not start a new session. Possible causes are invalid address of the remote server or browser start-up failure.
Build info: version: '2.48.2', revision: '41bccdd', time: '2015-10-09 19:59:12'
System info: host: 'FVTIII438F1D', ip: '172.17.68.34', os.name: 'Windows 7', os.arch: 'x86', os.version: '6.1', java.version: '1.7.0_55'
Driver info: driver.version: SeleniumDriver
[INFO ][2015-11-04 17:59:27,561][com.java.SeleniumDriver] [  498] - Executing on local machine
[INFO ][2015-11-04 17:59:36,636][com.java.SeleniumDriver] [  248] - IE11is opened
[INFO ][2015-11-04 17:59:37,533][com.java.SeleniumDriver] [  752] - Test cases to be executed are: [1, 8]
[INFO ][2015-11-04 17:59:37,533][com.java.ImportnExport.ImportTestDataDetailsExcel] [   49] - test data details path===== D:\BankersDashboard\TestInputs\TestData.xls
[INFO ][2015-11-04 17:59:48,512][com.java.SeleniumDriver] [  788] - ------------------------------------------
[INFO ][2015-11-04 17:59:48,512][com.java.SeleniumDriver] [  789] - Test case being Executed: 1
[INFO ][2015-11-04 17:59:48,513][com.java.SeleniumDriver] [  800] - Test step:1
[INFO ][2015-11-04 17:59:48,513][com.java.SeleniumDriver] [  812] - Datavalue is----------Concept#1:1-14
[INFO ][2015-11-04 17:59:48,513][com.java.SeleniumDriver] [  836] - DataField : test
[INFO ][2015-11-04 17:59:48,513][com.java.SeleniumDriver] [  838] - DataValue : Concept#1:1-14
[INFO ][2015-11-04 17:59:48,513][com.java.SeleniumDriver] [  844] - <In Set values of the page>
[INFO ][2015-11-04 17:59:48,513][com.java.SeleniumDriver] [  847] - {Data Fields & Data Values Exist}
[INFO ][2015-11-04 17:59:48,513][com.java.SeleniumDriver] [  849] - --------------------------setting values-----------------------------
[INFO ][2015-11-04 17:59:48,513][com.java.SeleniumDriver] [  852] - Action Type : ExecuteTestCase
[INFO ][2015-11-04 17:59:48,545][com.java.TestType] [  411] - The Concept sheet name is ---------- Concept
[INFO ][2015-11-04 17:59:48,545][com.java.TestType] [  414] - The Concept ID  is ---------- 1
[DEBUG][2015-11-04 17:59:48,545][com.java.TestType] [  418] - Steps being executted in the Concept are: 1:14
[INFO ][2015-11-04 17:59:48,545][com.java.TestType] [  425] - Test data details path ---------- D:\BankersDashboard\TestInputs\TestData.xls
[INFO ][2015-11-04 17:59:48,575][com.java.TestType] [  456] -  str(1) = 1
[INFO ][2015-11-04 17:59:48,575][com.java.TestType] [  459] - Test case Id is---1
[INFO ][2015-11-04 17:59:48,575][com.java.TestType] [  461] - 1
[INFO ][2015-11-04 17:59:48,575][com.java.TestType] [  456] -  str(2) = 1
[INFO ][2015-11-04 17:59:48,575][com.java.TestType] [  508] - row values are--------{1=com.java.Objects.TestDataDetails@15da136}
[INFO ][2015-11-04 17:59:48,575][com.java.TestType] [  456] -  str(1) = 1
[INFO ][2015-11-04 17:59:48,575][com.java.TestType] [  459] - Test case Id is---1
[INFO ][2015-11-04 17:59:48,575][com.java.TestType] [  461] - 1
[INFO ][2015-11-04 17:59:48,575][com.java.TestType] [  456] -  str(2) = 2
[INFO ][2015-11-04 17:59:48,575][com.java.TestType] [  508] - row values are--------{1=com.java.Objects.TestDataDetails@15da136, 2=com.java.Objects.TestDataDetails@9f20af}
[INFO ][2015-11-04 17:59:48,575][com.java.TestType] [  456] -  str(1) = 1
[INFO ][2015-11-04 17:59:48,575][com.java.TestType] [  459] - Test case Id is---1
[INFO ][2015-11-04 17:59:48,575][com.java.TestType] [  461] - 1
[INFO ][2015-11-04 17:59:48,575][com.java.TestType] [  456] -  str(2) = 3
[INFO ][2015-11-04 17:59:48,575][com.java.TestType] [  508] - row values are--------{1=com.java.Objects.TestDataDetails@15da136, 2=com.java.Objects.TestDataDetails@9f20af, 3=com.java.Objects.TestDataDetails@f86f0e}
[INFO ][2015-11-04 17:59:48,575][com.java.TestType] [  456] -  str(1) = 1
[INFO ][2015-11-04 17:59:48,575][com.java.TestType] [  459] - Test case Id is---1
[INFO ][2015-11-04 17:59:48,575][com.java.TestType] [  461] - 1
[INFO ][2015-11-04 17:59:48,575][com.java.TestType] [  456] -  str(2) = 4
[INFO ][2015-11-04 17:59:48,585][com.java.TestType] [  508] - row values are--------{1=com.java.Objects.TestDataDetails@15da136, 2=com.java.Objects.TestDataDetails@9f20af, 3=com.java.Objects.TestDataDetails@f86f0e, 4=com.java.Objects.TestDataDetails@68c1b6}
[INFO ][2015-11-04 17:59:48,585][com.java.TestType] [  456] -  str(1) = 1
[INFO ][2015-11-04 17:59:48,585][com.java.TestType] [  459] - Test case Id is---1
[INFO ][2015-11-04 17:59:48,585][com.java.TestType] [  461] - 1
[INFO ][2015-11-04 17:59:48,585][com.java.TestType] [  456] -  str(2) = 5
[INFO ][2015-11-04 17:59:48,585][com.java.TestType] [  508] - row values are--------{1=com.java.Objects.TestDataDetails@15da136, 2=com.java.Objects.TestDataDetails@9f20af, 3=com.java.Objects.TestDataDetails@f86f0e, 4=com.java.Objects.TestDataDetails@68c1b6, 5=com.java.Objects.TestDataDetails@1edc134}
[INFO ][2015-11-04 17:59:48,585][com.java.TestType] [  456] -  str(1) = 1
[INFO ][2015-11-04 17:59:48,585][com.java.TestType] [  459] - Test case Id is---1
[INFO ][2015-11-04 17:59:48,585][com.java.TestType] [  461] - 1
[INFO ][2015-11-04 17:59:48,585][com.java.TestType] [  456] -  str(2) = 6
[INFO ][2015-11-04 17:59:48,585][com.java.TestType] [  508] - row values are--------{1=com.java.Objects.TestDataDetails@15da136, 2=com.java.Objects.TestDataDetails@9f20af, 3=com.java.Objects.TestDataDetails@f86f0e, 4=com.java.Objects.TestDataDetails@68c1b6, 5=com.java.Objects.TestDataDetails@1edc134, 6=com.java.Objects.TestDataDetails@19de6c}
[INFO ][2015-11-04 17:59:48,585][com.java.TestType] [  456] -  str(1) = 1
[INFO ][2015-11-04 17:59:48,585][com.java.TestType] [  459] - Test case Id is---1
[INFO ][2015-11-04 17:59:48,585][com.java.TestType] [  461] - 1
[INFO ][2015-11-04 17:59:48,585][com.java.TestType] [  456] -  str(2) = 7
[INFO ][2015-11-04 17:59:48,585][com.java.TestType] [  508] - row values are--------{1=com.java.Objects.TestDataDetails@15da136, 2=com.java.Objects.TestDataDetails@9f20af, 3=com.java.Objects.TestDataDetails@f86f0e, 4=com.java.Objects.TestDataDetails@68c1b6, 5=com.java.Objects.TestDataDetails@1edc134, 6=com.java.Objects.TestDataDetails@19de6c, 7=com.java.Objects.TestDataDetails@9b81d5}
[INFO ][2015-11-04 17:59:48,585][com.java.TestType] [  456] -  str(1) = 1
[INFO ][2015-11-04 17:59:48,585][com.java.TestType] [  459] - Test case Id is---1
[INFO ][2015-11-04 17:59:48,585][com.java.TestType] [  461] - 1
[INFO ][2015-11-04 17:59:48,585][com.java.TestType] [  456] -  str(2) = 8
[INFO ][2015-11-04 17:59:48,585][com.java.TestType] [  508] - row values are--------{1=com.java.Objects.TestDataDetails@15da136, 2=com.java.Objects.TestDataDetails@9f20af, 3=com.java.Objects.TestDataDetails@f86f0e, 4=com.java.Objects.TestDataDetails@68c1b6, 5=com.java.Objects.TestDataDetails@1edc134, 6=com.java.Objects.TestDataDetails@19de6c, 7=com.java.Objects.TestDataDetails@9b81d5, 8=com.java.Objects.TestDataDetails@1f8a98}
[INFO ][2015-11-04 17:59:48,585][com.java.TestType] [  456] -  str(1) = 1
[INFO ][2015-11-04 17:59:48,585][com.java.TestType] [  459] - Test case Id is---1
[INFO ][2015-11-04 17:59:48,585][com.java.TestType] [  461] - 1
[INFO ][2015-11-04 17:59:48,585][com.java.TestType] [  456] -  str(2) = 9
[INFO ][2015-11-04 17:59:48,585][com.java.TestType] [  508] - row values are--------{1=com.java.Objects.TestDataDetails@15da136, 2=com.java.Objects.TestDataDetails@9f20af, 3=com.java.Objects.TestDataDetails@f86f0e, 4=com.java.Objects.TestDataDetails@68c1b6, 5=com.java.Objects.TestDataDetails@1edc134, 6=com.java.Objects.TestDataDetails@19de6c, 7=com.java.Objects.TestDataDetails@9b81d5, 8=com.java.Objects.TestDataDetails@1f8a98, 9=com.java.Objects.TestDataDetails@185552b}
[INFO ][2015-11-04 17:59:48,585][com.java.TestType] [  456] -  str(1) = 1
[INFO ][2015-11-04 17:59:48,585][com.java.TestType] [  459] - Test case Id is---1
[INFO ][2015-11-04 17:59:48,585][com.java.TestType] [  461] - 1
[INFO ][2015-11-04 17:59:48,585][com.java.TestType] [  456] -  str(2) = 10
[INFO ][2015-11-04 17:59:48,595][com.java.TestType] [  508] - row values are--------{1=com.java.Objects.TestDataDetails@15da136, 2=com.java.Objects.TestDataDetails@9f20af, 3=com.java.Objects.TestDataDetails@f86f0e, 4=com.java.Objects.TestDataDetails@68c1b6, 5=com.java.Objects.TestDataDetails@1edc134, 6=com.java.Objects.TestDataDetails@19de6c, 7=com.java.Objects.TestDataDetails@9b81d5, 8=com.java.Objects.TestDataDetails@1f8a98, 9=com.java.Objects.TestDataDetails@185552b, 10=com.java.Objects.TestDataDetails@5a7006}
[INFO ][2015-11-04 17:59:48,595][com.java.TestType] [  456] -  str(1) = 1
[INFO ][2015-11-04 17:59:48,595][com.java.TestType] [  459] - Test case Id is---1
[INFO ][2015-11-04 17:59:48,595][com.java.TestType] [  461] - 1
[INFO ][2015-11-04 17:59:48,595][com.java.TestType] [  456] -  str(2) = 11
[INFO ][2015-11-04 17:59:48,595][com.java.TestType] [  508] - row values are--------{1=com.java.Objects.TestDataDetails@15da136, 2=com.java.Objects.TestDataDetails@9f20af, 3=com.java.Objects.TestDataDetails@f86f0e, 4=com.java.Objects.TestDataDetails@68c1b6, 5=com.java.Objects.TestDataDetails@1edc134, 6=com.java.Objects.TestDataDetails@19de6c, 7=com.java.Objects.TestDataDetails@9b81d5, 8=com.java.Objects.TestDataDetails@1f8a98, 9=com.java.Objects.TestDataDetails@185552b, 10=com.java.Objects.TestDataDetails@5a7006, 11=com.java.Objects.TestDataDetails@9676fc}
[INFO ][2015-11-04 17:59:48,595][com.java.TestType] [  456] -  str(1) = 1
[INFO ][2015-11-04 17:59:48,595][com.java.TestType] [  459] - Test case Id is---1
[INFO ][2015-11-04 17:59:48,595][com.java.TestType] [  461] - 1
[INFO ][2015-11-04 17:59:48,595][com.java.TestType] [  456] -  str(2) = 12
[INFO ][2015-11-04 17:59:48,595][com.java.TestType] [  508] - row values are--------{1=com.java.Objects.TestDataDetails@15da136, 2=com.java.Objects.TestDataDetails@9f20af, 3=com.java.Objects.TestDataDetails@f86f0e, 4=com.java.Objects.TestDataDetails@68c1b6, 5=com.java.Objects.TestDataDetails@1edc134, 6=com.java.Objects.TestDataDetails@19de6c, 7=com.java.Objects.TestDataDetails@9b81d5, 8=com.java.Objects.TestDataDetails@1f8a98, 9=com.java.Objects.TestDataDetails@185552b, 10=com.java.Objects.TestDataDetails@5a7006, 11=com.java.Objects.TestDataDetails@9676fc, 12=com.java.Objects.TestDataDetails@1627751}
[INFO ][2015-11-04 17:59:48,595][com.java.TestType] [  456] -  str(1) = 1
[INFO ][2015-11-04 17:59:48,595][com.java.TestType] [  459] - Test case Id is---1
[INFO ][2015-11-04 17:59:48,595][com.java.TestType] [  461] - 1
[INFO ][2015-11-04 17:59:48,595][com.java.TestType] [  456] -  str(2) = 13
[INFO ][2015-11-04 17:59:48,595][com.java.TestType] [  508] - row values are--------{1=com.java.Objects.TestDataDetails@15da136, 2=com.java.Objects.TestDataDetails@9f20af, 3=com.java.Objects.TestDataDetails@f86f0e, 4=com.java.Objects.TestDataDetails@68c1b6, 5=com.java.Objects.TestDataDetails@1edc134, 6=com.java.Objects.TestDataDetails@19de6c, 7=com.java.Objects.TestDataDetails@9b81d5, 8=com.java.Objects.TestDataDetails@1f8a98, 9=com.java.Objects.TestDataDetails@185552b, 10=com.java.Objects.TestDataDetails@5a7006, 11=com.java.Objects.TestDataDetails@9676fc, 12=com.java.Objects.TestDataDetails@1627751, 13=com.java.Objects.TestDataDetails@2da07a}
[INFO ][2015-11-04 17:59:48,595][com.java.TestType] [  456] -  str(1) = 1
[INFO ][2015-11-04 17:59:48,595][com.java.TestType] [  459] - Test case Id is---1
[INFO ][2015-11-04 17:59:48,595][com.java.TestType] [  461] - 1
[INFO ][2015-11-04 17:59:48,595][com.java.TestType] [  456] -  str(2) = 14
[INFO ][2015-11-04 17:59:48,595][com.java.TestType] [  508] - row values are--------{1=com.java.Objects.TestDataDetails@15da136, 2=com.java.Objects.TestDataDetails@9f20af, 3=com.java.Objects.TestDataDetails@f86f0e, 4=com.java.Objects.TestDataDetails@68c1b6, 5=com.java.Objects.TestDataDetails@1edc134, 6=com.java.Objects.TestDataDetails@19de6c, 7=com.java.Objects.TestDataDetails@9b81d5, 8=com.java.Objects.TestDataDetails@1f8a98, 9=com.java.Objects.TestDataDetails@185552b, 10=com.java.Objects.TestDataDetails@5a7006, 11=com.java.Objects.TestDataDetails@9676fc, 12=com.java.Objects.TestDataDetails@1627751, 13=com.java.Objects.TestDataDetails@2da07a, 14=com.java.Objects.TestDataDetails@145b77c}
[INFO ][2015-11-04 17:59:48,595][com.java.TestType] [ 7956] - Looping 1TCID = 1
[DEBUG][2015-11-04 17:59:48,595][com.java.TestType] [ 7997] - Concept ID:1 :: Step being Executed: 1::1
[INFO ][2015-11-04 17:59:48,595][com.java.TestType] [ 8035] - dataFields : TXTusername
[DEBUG][2015-11-04 17:59:48,595][com.java.TestType] [ 8041] - <In Set values of the page>
[DEBUG][2015-11-04 17:59:48,595][com.java.TestType] [ 8046] - {Data Fields & Data Values Exist}
[INFO ][2015-11-04 17:59:48,595][com.java.TestType] [ 8052] - --------------------------setting values-----------------------------
[INFO ][2015-11-04 17:59:48,595][com.java.TestType] [ 8055] - Action Type : CLEARANDENTER
[INFO ][2015-11-04 17:59:48,595][com.java.TestType] [ 3807] - value = valuelabs.ie11.03890
[INFO ][2015-11-04 17:59:53,439][com.java.TestType] [ 8074] -  RESULT true
[INFO ][2015-11-04 17:59:53,439][com.java.TestType] [ 8191] - ?   P A S S   ?
[DEBUG][2015-11-04 17:59:53,439][com.java.TestType] [ 7997] - Concept ID:1 :: Step being Executed: 1::2
[INFO ][2015-11-04 17:59:53,439][com.java.TestType] [ 8035] - dataFields : TXTpassword
[DEBUG][2015-11-04 17:59:53,439][com.java.TestType] [ 8041] - <In Set values of the page>
[DEBUG][2015-11-04 17:59:53,439][com.java.TestType] [ 8046] - {Data Fields & Data Values Exist}
[INFO ][2015-11-04 17:59:53,439][com.java.TestType] [ 8052] - --------------------------setting values-----------------------------
[INFO ][2015-11-04 17:59:53,439][com.java.TestType] [ 8055] - Action Type : CLEARANDENTER
[INFO ][2015-11-04 17:59:53,439][com.java.TestType] [ 3807] - value = Password1*
[INFO ][2015-11-04 17:59:58,406][com.java.TestType] [ 8074] -  RESULT true
[INFO ][2015-11-04 17:59:58,406][com.java.TestType] [ 8191] - ?   P A S S   ?
[DEBUG][2015-11-04 17:59:58,406][com.java.TestType] [ 7997] - Concept ID:1 :: Step being Executed: 1::3
[ERROR][2015-11-04 17:59:58,406][com.java.TestType] [ 8030] - Exception: null
[INFO ][2015-11-04 17:59:58,406][com.java.TestType] [ 8035] - dataFields : XPH//button[@type='submit']
[DEBUG][2015-11-04 17:59:58,406][com.java.TestType] [ 8041] - <In Set values of the page>
[DEBUG][2015-11-04 17:59:58,406][com.java.TestType] [ 8046] - {Data Fields & Data Values Exist}
[INFO ][2015-11-04 17:59:58,406][com.java.TestType] [ 8052] - --------------------------setting values-----------------------------
[INFO ][2015-11-04 17:59:58,406][com.java.TestType] [ 8055] - Action Type : Click
[INFO ][2015-11-04 17:59:58,406][com.java.TestType] [ 4120] - Field ::XPH//button[@type='submit']
[INFO ][2015-11-04 17:59:59,406][com.java.TestType] [ 4179] - BEFORE CLICK
[INFO ][2015-11-04 18:00:00,239][com.java.TestType] [ 4187] - Unable to click the object Login
[INFO ][2015-11-04 18:00:00,239][com.java.TestType] [ 8074] -  RESULT true
[INFO ][2015-11-04 18:00:00,239][com.java.TestType] [ 8191] - ?   P A S S   ?
[DEBUG][2015-11-04 18:00:00,239][com.java.TestType] [ 7997] - Concept ID:1 :: Step being Executed: 1::4
[INFO ][2015-11-04 18:00:00,239][com.java.TestType] [ 8035] - dataFields : LNKLogout
[DEBUG][2015-11-04 18:00:00,239][com.java.TestType] [ 8041] - <In Set values of the page>
[DEBUG][2015-11-04 18:00:00,239][com.java.TestType] [ 8046] - {Data Fields & Data Values Exist}
[INFO ][2015-11-04 18:00:00,239][com.java.TestType] [ 8052] - --------------------------setting values-----------------------------
[INFO ][2015-11-04 18:00:00,239][com.java.TestType] [ 8055] - Action Type : WaitForElement
[INFO ][2015-11-04 18:00:13,327][com.java.TestType] [ 8074] -  RESULT true
[INFO ][2015-11-04 18:00:13,327][com.java.TestType] [ 8191] - ?   P A S S   ?
[DEBUG][2015-11-04 18:00:13,327][com.java.TestType] [ 7997] - Concept ID:1 :: Step being Executed: 1::13
[INFO ][2015-11-04 18:00:13,327][com.java.TestType] [ 8035] - dataFields : LNK
[DEBUG][2015-11-04 18:00:13,327][com.java.TestType] [ 8041] - <In Set values of the page>
[DEBUG][2015-11-04 18:00:13,327][com.java.TestType] [ 8046] - {Data Fields & Data Values Exist}
[INFO ][2015-11-04 18:00:13,327][com.java.TestType] [ 8052] - --------------------------setting values-----------------------------
[INFO ][2015-11-04 18:00:13,327][com.java.TestType] [ 8055] - Action Type : Verify
[INFO ][2015-11-04 18:00:13,327][com.java.TestType] [ 4933] - field= LNK value= Logout
[INFO ][2015-11-04 18:00:13,327][com.java.TestType] [ 3807] - value = Logout
[INFO ][2015-11-04 18:00:13,358][com.java.TestType] [ 8074] -  RESULT true
[INFO ][2015-11-04 18:00:13,358][com.java.TestType] [ 8191] - ?   P A S S   ?
[DEBUG][2015-11-04 18:00:13,358][com.java.TestType] [ 7997] - Concept ID:1 :: Step being Executed: 1::14
[INFO ][2015-11-04 18:00:13,358][com.java.TestType] [ 8035] - dataFields : BTN
[DEBUG][2015-11-04 18:00:13,358][com.java.TestType] [ 8041] - <In Set values of the page>
[DEBUG][2015-11-04 18:00:13,358][com.java.TestType] [ 8046] - {Data Fields & Data Values Exist}
[INFO ][2015-11-04 18:00:13,358][com.java.TestType] [ 8052] - --------------------------setting values-----------------------------
[INFO ][2015-11-04 18:00:13,358][com.java.TestType] [ 8055] - Action Type : Verify
[INFO ][2015-11-04 18:00:13,358][com.java.TestType] [ 4933] - field= BTN value= //img[contains(@src,'bdlogo.jpg')]
[INFO ][2015-11-04 18:00:13,358][com.java.TestType] [ 3807] - value = //img[contains(@src,'bdlogo.jpg')]
[INFO ][2015-11-04 18:00:13,388][com.java.TestType] [ 8074] -  RESULT true
[INFO ][2015-11-04 18:00:13,388][com.java.TestType] [ 8191] - ?   P A S S   ?
[INFO ][2015-11-04 18:00:13,388][com.java.TestType] [ 8262] - Looping End......
[INFO ][2015-11-04 18:00:13,388][com.java.SeleniumDriver] [  861] -  RESULT true
[INFO ][2015-11-04 18:00:13,388][com.java.SeleniumDriver] [ 1066] - ?   P A S S   ?
[INFO ][2015-11-04 18:00:13,388][com.java.SeleniumDriver] [  788] - ------------------------------------------
[INFO ][2015-11-04 18:00:13,388][com.java.SeleniumDriver] [  789] - Test case being Executed: 1
[INFO ][2015-11-04 18:00:13,388][com.java.SeleniumDriver] [  800] - Test step:2
[INFO ][2015-11-04 18:00:13,388][com.java.SeleniumDriver] [  812] - Datavalue is----------Concept#2:1-2
[INFO ][2015-11-04 18:00:13,388][com.java.SeleniumDriver] [  836] - DataField : test
[INFO ][2015-11-04 18:00:13,388][com.java.SeleniumDriver] [  838] - DataValue : Concept#2:1-2
[INFO ][2015-11-04 18:00:13,388][com.java.SeleniumDriver] [  844] - <In Set values of the page>
[INFO ][2015-11-04 18:00:13,388][com.java.SeleniumDriver] [  847] - {Data Fields & Data Values Exist}
[INFO ][2015-11-04 18:00:13,388][com.java.SeleniumDriver] [  849] - --------------------------setting values-----------------------------
[INFO ][2015-11-04 18:00:13,388][com.java.SeleniumDriver] [  852] - Action Type : ExecuteTestCase
[INFO ][2015-11-04 18:00:13,388][com.java.TestType] [  411] - The Concept sheet name is ---------- Concept
[INFO ][2015-11-04 18:00:13,388][com.java.TestType] [  414] - The Concept ID  is ---------- 2
[DEBUG][2015-11-04 18:00:13,388][com.java.TestType] [  418] - Steps being executted in the Concept are: 1:2
[INFO ][2015-11-04 18:00:13,388][com.java.TestType] [  425] - Test data details path ---------- D:\BankersDashboard\TestInputs\TestData.xls
[INFO ][2015-11-04 18:00:13,428][com.java.TestType] [  456] -  str(1) = 2
[INFO ][2015-11-04 18:00:13,428][com.java.TestType] [  459] - Test case Id is---2
[INFO ][2015-11-04 18:00:13,428][com.java.TestType] [  461] - 2
[INFO ][2015-11-04 18:00:13,428][com.java.TestType] [  456] -  str(2) = 1
[INFO ][2015-11-04 18:00:13,428][com.java.TestType] [  508] - row values are--------{1=com.java.Objects.TestDataDetails@fb87d1}
[INFO ][2015-11-04 18:00:13,428][com.java.TestType] [  456] -  str(1) = 2
[INFO ][2015-11-04 18:00:13,428][com.java.TestType] [  459] - Test case Id is---2
[INFO ][2015-11-04 18:00:13,428][com.java.TestType] [  461] - 2
[INFO ][2015-11-04 18:00:13,428][com.java.TestType] [  456] -  str(2) = 2
[INFO ][2015-11-04 18:00:13,428][com.java.TestType] [  508] - row values are--------{1=com.java.Objects.TestDataDetails@fb87d1, 2=com.java.Objects.TestDataDetails@3d4350}
[INFO ][2015-11-04 18:00:13,428][com.java.TestType] [  456] -  str(1) = 2
[INFO ][2015-11-04 18:00:13,428][com.java.TestType] [  459] - Test case Id is---2
[INFO ][2015-11-04 18:00:13,428][com.java.TestType] [  461] - 2
[INFO ][2015-11-04 18:00:13,428][com.java.TestType] [  456] -  str(2) = 3
[INFO ][2015-11-04 18:00:13,428][com.java.TestType] [  508] - row values are--------{1=com.java.Objects.TestDataDetails@fb87d1, 2=com.java.Objects.TestDataDetails@3d4350, 3=com.java.Objects.TestDataDetails@193e02f}
[INFO ][2015-11-04 18:00:13,428][com.java.TestType] [ 7956] - Looping 1TCID = 2
[DEBUG][2015-11-04 18:00:13,428][com.java.TestType] [ 7997] - Concept ID:2 :: Step being Executed: 2::1
[INFO ][2015-11-04 18:00:13,428][com.java.TestType] [ 8035] - dataFields : BNK//select[@id='bank']
[DEBUG][2015-11-04 18:00:13,428][com.java.TestType] [ 8041] - <In Set values of the page>
[DEBUG][2015-11-04 18:00:13,428][com.java.TestType] [ 8046] - {Data Fields & Data Values Exist}
[INFO ][2015-11-04 18:00:13,428][com.java.TestType] [ 8052] - --------------------------setting values-----------------------------
[INFO ][2015-11-04 18:00:13,428][com.java.TestType] [ 8055] - Action Type : Select
[INFO ][2015-11-04 18:00:13,428][com.java.TestType] [ 3807] - value = PFC
[INFO ][2015-11-04 18:00:13,618][com.java.TestType] [ 8074] -  RESULT true
[INFO ][2015-11-04 18:00:13,618][com.java.TestType] [ 8191] - ?   P A S S   ?
[DEBUG][2015-11-04 18:00:13,618][com.java.TestType] [ 7997] - Concept ID:2 :: Step being Executed: 2::2
[INFO ][2015-11-04 18:00:13,618][com.java.TestType] [ 8035] - dataFields : LNKLogout
[DEBUG][2015-11-04 18:00:13,618][com.java.TestType] [ 8041] - <In Set values of the page>
[DEBUG][2015-11-04 18:00:13,618][com.java.TestType] [ 8046] - {Data Fields & Data Values Exist}
[INFO ][2015-11-04 18:00:13,618][com.java.TestType] [ 8052] - --------------------------setting values-----------------------------
[INFO ][2015-11-04 18:00:13,618][com.java.TestType] [ 8055] - Action Type : WaitTime
[DEBUG][2015-11-04 18:00:13,618][com.java.TestType] [ 3711] - sleepTime: 5000
[INFO ][2015-11-04 18:00:18,623][com.java.TestType] [ 8074] -  RESULT true
[INFO ][2015-11-04 18:00:18,623][com.java.TestType] [ 8191] - ?   P A S S   ?
[INFO ][2015-11-04 18:00:18,623][com.java.TestType] [ 8262] - Looping End......
[INFO ][2015-11-04 18:00:18,623][com.java.SeleniumDriver] [  861] -  RESULT true
[INFO ][2015-11-04 18:00:18,623][com.java.SeleniumDriver] [ 1066] - ?   P A S S   ?
[INFO ][2015-11-04 18:00:18,623][com.java.SeleniumDriver] [  788] - ------------------------------------------
[INFO ][2015-11-04 18:00:18,623][com.java.SeleniumDriver] [  789] - Test case being Executed: 1
[INFO ][2015-11-04 18:00:18,623][com.java.SeleniumDriver] [  800] - Test step:3
[INFO ][2015-11-04 18:00:18,623][com.java.SeleniumDriver] [  812] - Datavalue is----------2
[INFO ][2015-11-04 18:00:18,623][com.java.SeleniumDriver] [  836] - DataField : XPH//button[contains(text(),'Add Content')]
[INFO ][2015-11-04 18:00:18,623][com.java.SeleniumDriver] [  838] - DataValue : 2
[INFO ][2015-11-04 18:00:18,623][com.java.SeleniumDriver] [  844] - <In Set values of the page>
[INFO ][2015-11-04 18:00:18,623][com.java.SeleniumDriver] [  847] - {Data Fields & Data Values Exist}
[INFO ][2015-11-04 18:00:18,623][com.java.SeleniumDriver] [  849] - --------------------------setting values-----------------------------
[INFO ][2015-11-04 18:00:18,623][com.java.SeleniumDriver] [  852] - Action Type : WAITFORELEMENT
[INFO ][2015-11-04 18:00:18,664][com.java.SeleniumDriver] [  861] -  RESULT true
[INFO ][2015-11-04 18:00:18,664][com.java.SeleniumDriver] [ 1066] - ?   P A S S   ?
[DEBUG][2015-11-04 18:00:18,664][com.java.SeleniumDriver] [ 1168] - Case found
[DEBUG][2015-11-04 18:00:18,664][com.java.SeleniumDriver] [ 1173] - Incrementing ReportCounters[0]:1
[INFO ][2015-11-04 18:00:18,664][com.java.SeleniumDriver] [ 1192] - The results are-------------------[1, 1, Valid Login, Pass, , Wed Nov 04 18:00:13 IST 2015, 1, 2, Valid Login, Pass, , Wed Nov 04 18:00:18 IST 2015, 1, 3, Valid Login, Pass, , Wed Nov 04 18:00:18 IST 2015]
[INFO ][2015-11-04 18:00:18,664][com.java.SeleniumDriver] [ 1196] - End time is-------54 sec
[INFO ][2015-11-04 18:00:18,664][com.java.SeleniumDriver] [ 1197] - The results are-------------------[1, 1, Valid Login, Pass, , Wed Nov 04 18:00:13 IST 2015, 1, 2, Valid Login, Pass, , Wed Nov 04 18:00:18 IST 2015, 1, 3, Valid Login, Pass, , Wed Nov 04 18:00:18 IST 2015]
[DEBUG][2015-11-04 18:00:18,664][com.java.ImportnExport.ExportTestResultsExcel] [  222] - testResultPath = D:\BankersDashboard/TestReports/Test Results_BankersDashBoard_110415_175926_IE11_Simmons First National Bank.xls
[DEBUG][2015-11-04 18:00:18,664][com.java.ImportnExport.ExportTestResultsExcel] [  223] - browser is------------IE11
[DEBUG][2015-11-04 18:00:18,704][com.java.ImportnExport.ExportTestResultsExcel] [  270] - result.size() = 18
[DEBUG][2015-11-04 18:00:18,704][com.java.ImportnExport.ExportTestResultsExcel] [  274] - No of rows in sheet=1
[DEBUG][2015-11-04 18:00:18,704][com.java.ImportnExport.ExportTestResultsExcel] [  301] - ..in export..1
[DEBUG][2015-11-04 18:00:18,704][com.java.ImportnExport.ExportTestResultsExcel] [  301] - ..in export..Valid Login
[DEBUG][2015-11-04 18:00:18,704][com.java.ImportnExport.ExportTestResultsExcel] [  301] - ..in export..Pass
[DEBUG][2015-11-04 18:00:18,704][com.java.ImportnExport.ExportTestResultsExcel] [  301] - ..in export..
[DEBUG][2015-11-04 18:00:18,704][com.java.ImportnExport.ExportTestResultsExcel] [  301] - ..in export..Wed Nov 04 18:00:13 IST 2015
[INFO ][2015-11-04 18:00:18,704][com.java.SeleniumDriver] [ 1255] - out loop:0 size:2 TestCases:[1, 8] testcases:[1, 8]
[INFO ][2015-11-04 18:00:18,704][com.java.ImportnExport.ImportTestDataDetailsExcel] [   49] - test data details path===== D:\BankersDashboard\TestInputs\TestData.xls
[INFO ][2015-11-04 18:01:22,474][com.java.SeleniumDriver] [  788] - ------------------------------------------
[INFO ][2015-11-04 18:01:22,474][com.java.SeleniumDriver] [  789] - Test case being Executed: 8
[INFO ][2015-11-04 18:01:22,474][com.java.SeleniumDriver] [  800] - Test step:1
[INFO ][2015-11-04 18:01:22,474][com.java.SeleniumDriver] [  812] - Datavalue is----------Logout
[INFO ][2015-11-04 18:01:22,474][com.java.SeleniumDriver] [  836] - DataField : BTN
[INFO ][2015-11-04 18:01:22,474][com.java.SeleniumDriver] [  838] - DataValue : Logout
[INFO ][2015-11-04 18:01:22,474][com.java.SeleniumDriver] [  844] - <In Set values of the page>
[INFO ][2015-11-04 18:01:22,474][com.java.SeleniumDriver] [  847] - {Data Fields & Data Values Exist}
[INFO ][2015-11-04 18:01:22,474][com.java.SeleniumDriver] [  849] - --------------------------setting values-----------------------------
[INFO ][2015-11-04 18:01:22,474][com.java.SeleniumDriver] [  852] - Action Type : Verify
[INFO ][2015-11-04 18:01:22,474][com.java.TestType] [ 4933] - field= BTN value= Logout
[INFO ][2015-11-04 18:01:22,474][com.java.TestType] [ 3807] - value = Logout
[INFO ][2015-11-04 18:01:22,505][com.java.SeleniumDriver] [  861] -  RESULT true
[INFO ][2015-11-04 18:01:22,505][com.java.SeleniumDriver] [ 1066] - ?   P A S S   ?
[INFO ][2015-11-04 18:01:22,505][com.java.SeleniumDriver] [ 1108] - step change to 3
[INFO ][2015-11-04 18:01:22,505][com.java.SeleniumDriver] [  788] - ------------------------------------------
[INFO ][2015-11-04 18:01:22,505][com.java.SeleniumDriver] [  789] - Test case being Executed: 8
[INFO ][2015-11-04 18:01:22,505][com.java.SeleniumDriver] [  800] - Test step:3
[INFO ][2015-11-04 18:01:22,505][com.java.SeleniumDriver] [  812] - Datavalue is----------Concept#2:1-2
[INFO ][2015-11-04 18:01:22,505][com.java.SeleniumDriver] [  836] - DataField : test
[INFO ][2015-11-04 18:01:22,505][com.java.SeleniumDriver] [  838] - DataValue : Concept#2:1-2
[INFO ][2015-11-04 18:01:22,505][com.java.SeleniumDriver] [  844] - <In Set values of the page>
[INFO ][2015-11-04 18:01:22,505][com.java.SeleniumDriver] [  847] - {Data Fields & Data Values Exist}
[INFO ][2015-11-04 18:01:22,505][com.java.SeleniumDriver] [  849] - --------------------------setting values-----------------------------
[INFO ][2015-11-04 18:01:22,505][com.java.SeleniumDriver] [  852] - Action Type : ExecuteTestCase
[INFO ][2015-11-04 18:01:22,505][com.java.TestType] [  411] - The Concept sheet name is ---------- Concept
[INFO ][2015-11-04 18:01:22,505][com.java.TestType] [  414] - The Concept ID  is ---------- 2
[DEBUG][2015-11-04 18:01:22,505][com.java.TestType] [  418] - Steps being executted in the Concept are: 1:2
[INFO ][2015-11-04 18:01:22,505][com.java.TestType] [  425] - Test data details path ---------- D:\BankersDashboard\TestInputs\TestData.xls
[INFO ][2015-11-04 18:01:22,535][com.java.TestType] [  456] -  str(1) = 2
[INFO ][2015-11-04 18:01:22,535][com.java.TestType] [  459] - Test case Id is---2
[INFO ][2015-11-04 18:01:22,535][com.java.TestType] [  461] - 2
[INFO ][2015-11-04 18:01:22,535][com.java.TestType] [  456] -  str(2) = 1
[INFO ][2015-11-04 18:01:22,535][com.java.TestType] [  508] - row values are--------{1=com.java.Objects.TestDataDetails@629a}
[INFO ][2015-11-04 18:01:22,535][com.java.TestType] [  456] -  str(1) = 2
[INFO ][2015-11-04 18:01:22,535][com.java.TestType] [  459] - Test case Id is---2
[INFO ][2015-11-04 18:01:22,535][com.java.TestType] [  461] - 2
[INFO ][2015-11-04 18:01:22,535][com.java.TestType] [  456] -  str(2) = 2
[INFO ][2015-11-04 18:01:22,535][com.java.TestType] [  508] - row values are--------{1=com.java.Objects.TestDataDetails@629a, 2=com.java.Objects.TestDataDetails@53cab6}
[INFO ][2015-11-04 18:01:22,535][com.java.TestType] [  456] -  str(1) = 2
[INFO ][2015-11-04 18:01:22,535][com.java.TestType] [  459] - Test case Id is---2
[INFO ][2015-11-04 18:01:22,535][com.java.TestType] [  461] - 2
[INFO ][2015-11-04 18:01:22,535][com.java.TestType] [  456] -  str(2) = 3
[INFO ][2015-11-04 18:01:22,535][com.java.TestType] [  508] - row values are--------{1=com.java.Objects.TestDataDetails@629a, 2=com.java.Objects.TestDataDetails@53cab6, 3=com.java.Objects.TestDataDetails@1ef0fb7}
[INFO ][2015-11-04 18:01:22,535][com.java.TestType] [ 7956] - Looping 1TCID = 2
[DEBUG][2015-11-04 18:01:22,535][com.java.TestType] [ 7997] - Concept ID:2 :: Step being Executed: 2::1
[INFO ][2015-11-04 18:01:22,535][com.java.TestType] [ 8035] - dataFields : BNK//select[@id='bank']
[DEBUG][2015-11-04 18:01:22,535][com.java.TestType] [ 8041] - <In Set values of the page>
[DEBUG][2015-11-04 18:01:22,535][com.java.TestType] [ 8046] - {Data Fields & Data Values Exist}
[INFO ][2015-11-04 18:01:22,535][com.java.TestType] [ 8052] - --------------------------setting values-----------------------------
[INFO ][2015-11-04 18:01:22,535][com.java.TestType] [ 8055] - Action Type : Select
[INFO ][2015-11-04 18:01:22,535][com.java.TestType] [ 3807] - value = PFC
[INFO ][2015-11-04 18:01:22,725][com.java.TestType] [ 8074] -  RESULT true
[INFO ][2015-11-04 18:01:22,725][com.java.TestType] [ 8191] - ?   P A S S   ?
[DEBUG][2015-11-04 18:01:22,725][com.java.TestType] [ 7997] - Concept ID:2 :: Step being Executed: 2::2
[INFO ][2015-11-04 18:01:22,725][com.java.TestType] [ 8035] - dataFields : LNKLogout
[DEBUG][2015-11-04 18:01:22,725][com.java.TestType] [ 8041] - <In Set values of the page>
[DEBUG][2015-11-04 18:01:22,725][com.java.TestType] [ 8046] - {Data Fields & Data Values Exist}
[INFO ][2015-11-04 18:01:22,725][com.java.TestType] [ 8052] - --------------------------setting values-----------------------------
[INFO ][2015-11-04 18:01:22,725][com.java.TestType] [ 8055] - Action Type : WaitTime
[DEBUG][2015-11-04 18:01:22,725][com.java.TestType] [ 3711] - sleepTime: 5000
[INFO ][2015-11-04 18:01:27,725][com.java.TestType] [ 8074] -  RESULT true
[INFO ][2015-11-04 18:01:27,725][com.java.TestType] [ 8191] - ?   P A S S   ?
[INFO ][2015-11-04 18:01:27,725][com.java.TestType] [ 8262] - Looping End......
[INFO ][2015-11-04 18:01:27,725][com.java.SeleniumDriver] [  861] -  RESULT true
[INFO ][2015-11-04 18:01:27,725][com.java.SeleniumDriver] [ 1066] - ?   P A S S   ?
[INFO ][2015-11-04 18:01:27,725][com.java.SeleniumDriver] [  788] - ------------------------------------------
[INFO ][2015-11-04 18:01:27,725][com.java.SeleniumDriver] [  789] - Test case being Executed: 8
[INFO ][2015-11-04 18:01:27,725][com.java.SeleniumDriver] [  800] - Test step:4
[INFO ][2015-11-04 18:01:27,725][com.java.SeleniumDriver] [  812] - Datavalue is----------4
[INFO ][2015-11-04 18:01:27,725][com.java.SeleniumDriver] [  836] - DataField : XPH//button[@data-toggle="tooltip" and ./span[@class="icon-plus"]]
[INFO ][2015-11-04 18:01:27,725][com.java.SeleniumDriver] [  838] - DataValue : 4
[INFO ][2015-11-04 18:01:27,725][com.java.SeleniumDriver] [  844] - <In Set values of the page>
[INFO ][2015-11-04 18:01:27,725][com.java.SeleniumDriver] [  847] - {Data Fields & Data Values Exist}
[INFO ][2015-11-04 18:01:27,725][com.java.SeleniumDriver] [  849] - --------------------------setting values-----------------------------
[INFO ][2015-11-04 18:01:27,725][com.java.SeleniumDriver] [  852] - Action Type : WAITFORELEMENT
[INFO ][2015-11-04 18:01:27,766][com.java.SeleniumDriver] [  861] -  RESULT true
[INFO ][2015-11-04 18:01:27,766][com.java.SeleniumDriver] [ 1066] - ?   P A S S   ?
[INFO ][2015-11-04 18:01:27,766][com.java.SeleniumDriver] [  788] - ------------------------------------------
[INFO ][2015-11-04 18:01:27,766][com.java.SeleniumDriver] [  789] - Test case being Executed: 8
[INFO ][2015-11-04 18:01:27,766][com.java.SeleniumDriver] [  800] - Test step:5
[INFO ][2015-11-04 18:01:27,766][com.java.SeleniumDriver] [  812] - Datavalue is----------null
[DEBUG][2015-11-04 18:01:27,766][com.java.SeleniumDriver] [  830] - Exception: null
[INFO ][2015-11-04 18:01:27,766][com.java.SeleniumDriver] [  836] - DataField : XPH//button[@data-toggle="tooltip" and ./span[@class="icon-plus"]]
[INFO ][2015-11-04 18:01:27,766][com.java.SeleniumDriver] [  838] - DataValue : 
[INFO ][2015-11-04 18:01:27,766][com.java.SeleniumDriver] [  844] - <In Set values of the page>
[INFO ][2015-11-04 18:01:27,766][com.java.SeleniumDriver] [  847] - {Data Fields & Data Values Exist}
[INFO ][2015-11-04 18:01:27,766][com.java.SeleniumDriver] [  849] - --------------------------setting values-----------------------------
[INFO ][2015-11-04 18:01:27,766][com.java.SeleniumDriver] [  852] - Action Type : CLICK
[INFO ][2015-11-04 18:01:27,766][com.java.TestType] [ 4120] - Field ::XPH//button[@data-toggle="tooltip" and ./span[@class="icon-plus"]]
[INFO ][2015-11-04 18:01:28,766][com.java.TestType] [ 4179] - BEFORE CLICK
[INFO ][2015-11-04 18:01:52,741][com.java.TestType] [ 4187] - Unable to click the object Add Content button
[INFO ][2015-11-04 18:01:52,741][com.java.SeleniumDriver] [  861] -  RESULT true
[INFO ][2015-11-04 18:01:52,741][com.java.SeleniumDriver] [ 1066] - ?   P A S S   ?
[INFO ][2015-11-04 18:01:52,741][com.java.SeleniumDriver] [  788] - ------------------------------------------
[INFO ][2015-11-04 18:01:52,741][com.java.SeleniumDriver] [  789] - Test case being Executed: 8
[INFO ][2015-11-04 18:01:52,741][com.java.SeleniumDriver] [  800] - Test step:6
[INFO ][2015-11-04 18:01:52,741][com.java.SeleniumDriver] [  812] - Datavalue is----------5
[INFO ][2015-11-04 18:01:52,741][com.java.SeleniumDriver] [  836] - DataField : BTNbdDialog
[INFO ][2015-11-04 18:01:52,741][com.java.SeleniumDriver] [  838] - DataValue : 5
[INFO ][2015-11-04 18:01:52,741][com.java.SeleniumDriver] [  844] - <In Set values of the page>
[INFO ][2015-11-04 18:01:52,741][com.java.SeleniumDriver] [  847] - {Data Fields & Data Values Exist}
[INFO ][2015-11-04 18:01:52,741][com.java.SeleniumDriver] [  849] - --------------------------setting values-----------------------------
[INFO ][2015-11-04 18:01:52,741][com.java.SeleniumDriver] [  852] - Action Type : WAITFORELEMENT
[INFO ][2015-11-04 18:01:53,952][com.java.SeleniumDriver] [  861] -  RESULT true
[INFO ][2015-11-04 18:01:53,952][com.java.SeleniumDriver] [ 1066] - ?   P A S S   ?
[INFO ][2015-11-04 18:01:53,952][com.java.SeleniumDriver] [  788] - ------------------------------------------
[INFO ][2015-11-04 18:01:53,952][com.java.SeleniumDriver] [  789] - Test case being Executed: 8
[INFO ][2015-11-04 18:01:53,952][com.java.SeleniumDriver] [  800] - Test step:7
[INFO ][2015-11-04 18:01:53,952][com.java.SeleniumDriver] [  812] - Datavalue is----------My Dashboard Modules
[INFO ][2015-11-04 18:01:53,952][com.java.SeleniumDriver] [  836] - DataField : XPH//span[contains(text(),'My Dashboard Modules')]
[INFO ][2015-11-04 18:01:53,952][com.java.SeleniumDriver] [  838] - DataValue : My Dashboard Modules
[INFO ][2015-11-04 18:01:53,952][com.java.SeleniumDriver] [  844] - <In Set values of the page>
[INFO ][2015-11-04 18:01:53,952][com.java.SeleniumDriver] [  847] - {Data Fields & Data Values Exist}
[INFO ][2015-11-04 18:01:53,952][com.java.SeleniumDriver] [  849] - --------------------------setting values-----------------------------
[INFO ][2015-11-04 18:01:53,952][com.java.SeleniumDriver] [  852] - Action Type : VERIFY
[INFO ][2015-11-04 18:01:53,952][com.java.TestType] [ 4933] - field= XPH//span[contains(text(),'My Dashboard Modules')] value= My Dashboard Modules
[INFO ][2015-11-04 18:01:53,952][com.java.TestType] [ 3807] - value = My Dashboard Modules
[INFO ][2015-11-04 18:01:54,053][com.java.SeleniumDriver] [  861] -  RESULT true
[INFO ][2015-11-04 18:01:54,053][com.java.SeleniumDriver] [ 1066] - ?   P A S S   ?
[INFO ][2015-11-04 18:01:54,053][com.java.SeleniumDriver] [  788] - ------------------------------------------
[INFO ][2015-11-04 18:01:54,053][com.java.SeleniumDriver] [  789] - Test case being Executed: 8
[INFO ][2015-11-04 18:01:54,053][com.java.SeleniumDriver] [  800] - Test step:8
[INFO ][2015-11-04 18:01:54,053][com.java.SeleniumDriver] [  812] - Datavalue is----------frameDialogContent
[INFO ][2015-11-04 18:01:54,053][com.java.SeleniumDriver] [  836] - DataField : BTN
[INFO ][2015-11-04 18:01:54,053][com.java.SeleniumDriver] [  838] - DataValue : frameDialogContent
[INFO ][2015-11-04 18:01:54,053][com.java.SeleniumDriver] [  844] - <In Set values of the page>
[INFO ][2015-11-04 18:01:54,053][com.java.SeleniumDriver] [  847] - {Data Fields & Data Values Exist}
[INFO ][2015-11-04 18:01:54,053][com.java.SeleniumDriver] [  849] - --------------------------setting values-----------------------------
[INFO ][2015-11-04 18:01:54,053][com.java.SeleniumDriver] [  852] - Action Type : SELECTFRAMEBYNAME
[INFO ][2015-11-04 18:01:54,053][com.java.TestType] [ 3807] - value = frameDialogContent
[INFO ][2015-11-04 18:01:54,113][com.java.SeleniumDriver] [  861] -  RESULT true
[INFO ][2015-11-04 18:01:54,113][com.java.SeleniumDriver] [ 1066] - ?   P A S S   ?
[INFO ][2015-11-04 18:01:54,113][com.java.SeleniumDriver] [  788] - ------------------------------------------
[INFO ][2015-11-04 18:01:54,113][com.java.SeleniumDriver] [  789] - Test case being Executed: 8
[INFO ][2015-11-04 18:01:54,113][com.java.SeleniumDriver] [  800] - Test step:9
[INFO ][2015-11-04 18:01:54,113][com.java.SeleniumDriver] [  812] - Datavalue is----------null
[DEBUG][2015-11-04 18:01:54,113][com.java.SeleniumDriver] [  830] - Exception: null
[INFO ][2015-11-04 18:01:54,113][com.java.SeleniumDriver] [  836] - DataField : BTNmoduleType2
[INFO ][2015-11-04 18:01:54,113][com.java.SeleniumDriver] [  838] - DataValue : 
[INFO ][2015-11-04 18:01:54,113][com.java.SeleniumDriver] [  844] - <In Set values of the page>
[INFO ][2015-11-04 18:01:54,113][com.java.SeleniumDriver] [  847] - {Data Fields & Data Values Exist}
[INFO ][2015-11-04 18:01:54,113][com.java.SeleniumDriver] [  849] - --------------------------setting values-----------------------------
[INFO ][2015-11-04 18:01:54,113][com.java.SeleniumDriver] [  852] - Action Type : CLICK
[INFO ][2015-11-04 18:01:54,113][com.java.TestType] [ 4120] - Field ::BTNmoduleType2
[INFO ][2015-11-04 18:01:55,113][com.java.TestType] [ 4158] - BEFORE CLICK
[INFO ][2015-11-04 18:01:56,324][com.java.TestType] [ 4165] - Unable to click the object I  want to add a custom dashboard indicator. Radio button
[INFO ][2015-11-04 18:01:56,324][com.java.SeleniumDriver] [  861] -  RESULT true
[INFO ][2015-11-04 18:01:56,324][com.java.SeleniumDriver] [ 1066] - ?   P A S S   ?
[INFO ][2015-11-04 18:01:56,324][com.java.SeleniumDriver] [  788] - ------------------------------------------
[INFO ][2015-11-04 18:01:56,324][com.java.SeleniumDriver] [  789] - Test case being Executed: 8
[INFO ][2015-11-04 18:01:56,324][com.java.SeleniumDriver] [  800] - Test step:10
[INFO ][2015-11-04 18:01:56,324][com.java.SeleniumDriver] [  812] - Datavalue is----------null
[DEBUG][2015-11-04 18:01:56,324][com.java.SeleniumDriver] [  830] - Exception: null
[INFO ][2015-11-04 18:01:56,324][com.java.SeleniumDriver] [  836] - DataField : BTNnextButton
[INFO ][2015-11-04 18:01:56,324][com.java.SeleniumDriver] [  838] - DataValue : 
[INFO ][2015-11-04 18:01:56,324][com.java.SeleniumDriver] [  844] - <In Set values of the page>
[INFO ][2015-11-04 18:01:56,324][com.java.SeleniumDriver] [  847] - {Data Fields & Data Values Exist}
[INFO ][2015-11-04 18:01:56,324][com.java.SeleniumDriver] [  849] - --------------------------setting values-----------------------------
[INFO ][2015-11-04 18:01:56,324][com.java.SeleniumDriver] [  852] - Action Type : CLICK
[INFO ][2015-11-04 18:01:56,324][com.java.TestType] [ 4120] - Field ::BTNnextButton
[INFO ][2015-11-04 18:01:57,324][com.java.TestType] [ 4158] - BEFORE CLICK
[INFO ][2015-11-04 18:01:58,535][com.java.TestType] [ 4165] - Unable to click the object Next button
[INFO ][2015-11-04 18:01:58,535][com.java.SeleniumDriver] [  861] -  RESULT true
[INFO ][2015-11-04 18:01:58,535][com.java.SeleniumDriver] [ 1066] - ?   P A S S   ?
[INFO ][2015-11-04 18:01:58,535][com.java.SeleniumDriver] [  788] - ------------------------------------------
[INFO ][2015-11-04 18:01:58,535][com.java.SeleniumDriver] [  789] - Test case being Executed: 8
[INFO ][2015-11-04 18:01:58,535][com.java.SeleniumDriver] [  800] - Test step:11
[INFO ][2015-11-04 18:01:58,535][com.java.SeleniumDriver] [  812] - Datavalue is----------3
[INFO ][2015-11-04 18:01:58,535][com.java.SeleniumDriver] [  836] - DataField : XPH//td[@class='dlg_Label']
[INFO ][2015-11-04 18:01:58,535][com.java.SeleniumDriver] [  838] - DataValue : 3
[INFO ][2015-11-04 18:01:58,535][com.java.SeleniumDriver] [  844] - <In Set values of the page>
[INFO ][2015-11-04 18:01:58,535][com.java.SeleniumDriver] [  847] - {Data Fields & Data Values Exist}
[INFO ][2015-11-04 18:01:58,535][com.java.SeleniumDriver] [  849] - --------------------------setting values-----------------------------
[INFO ][2015-11-04 18:01:58,535][com.java.SeleniumDriver] [  852] - Action Type : WAITFORELEMENT
[INFO ][2015-11-04 18:01:58,585][com.java.SeleniumDriver] [  861] -  RESULT true
[INFO ][2015-11-04 18:01:58,585][com.java.SeleniumDriver] [ 1066] - ?   P A S S   ?
[INFO ][2015-11-04 18:01:58,585][com.java.SeleniumDriver] [  788] - ------------------------------------------
[INFO ][2015-11-04 18:01:58,585][com.java.SeleniumDriver] [  789] - Test case being Executed: 8
[INFO ][2015-11-04 18:01:58,585][com.java.SeleniumDriver] [  800] - Test step:12
[INFO ][2015-11-04 18:01:58,585][com.java.SeleniumDriver] [  812] - Datavalue is----------I want to monitor:
[INFO ][2015-11-04 18:01:58,585][com.java.SeleniumDriver] [  836] - DataField : XPH//td[@class='dlg_Label']
[INFO ][2015-11-04 18:01:58,585][com.java.SeleniumDriver] [  838] - DataValue : I want to monitor:
[INFO ][2015-11-04 18:01:58,585][com.java.SeleniumDriver] [  844] - <In Set values of the page>
[INFO ][2015-11-04 18:01:58,585][com.java.SeleniumDriver] [  847] - {Data Fields & Data Values Exist}
[INFO ][2015-11-04 18:01:58,585][com.java.SeleniumDriver] [  849] - --------------------------setting values-----------------------------
[INFO ][2015-11-04 18:01:58,585][com.java.SeleniumDriver] [  852] - Action Type : VERIFY
[INFO ][2015-11-04 18:01:58,585][com.java.TestType] [ 4933] - field= XPH//td[@class='dlg_Label'] value= I want to monitor:
[INFO ][2015-11-04 18:01:58,585][com.java.TestType] [ 3807] - value = I want to monitor:
[INFO ][2015-11-04 18:01:58,665][com.java.SeleniumDriver] [  861] -  RESULT true
[INFO ][2015-11-04 18:01:58,665][com.java.SeleniumDriver] [ 1066] - ?   P A S S   ?
[INFO ][2015-11-04 18:01:58,665][com.java.SeleniumDriver] [  788] - ------------------------------------------
[INFO ][2015-11-04 18:01:58,665][com.java.SeleniumDriver] [  789] - Test case being Executed: 8
[INFO ][2015-11-04 18:01:58,665][com.java.SeleniumDriver] [  800] - Test step:13
[INFO ][2015-11-04 18:01:58,665][com.java.SeleniumDriver] [  812] - Datavalue is----------null
[DEBUG][2015-11-04 18:01:58,665][com.java.SeleniumDriver] [  830] - Exception: null
[INFO ][2015-11-04 18:01:58,665][com.java.SeleniumDriver] [  836] - DataField : BTNmonitorType5
[INFO ][2015-11-04 18:01:58,665][com.java.SeleniumDriver] [  838] - DataValue : 
[INFO ][2015-11-04 18:01:58,665][com.java.SeleniumDriver] [  844] - <In Set values of the page>
[INFO ][2015-11-04 18:01:58,665][com.java.SeleniumDriver] [  847] - {Data Fields & Data Values Exist}
[INFO ][2015-11-04 18:01:58,665][com.java.SeleniumDriver] [  849] - --------------------------setting values-----------------------------
[INFO ][2015-11-04 18:01:58,665][com.java.SeleniumDriver] [  852] - Action Type : CLICK
[INFO ][2015-11-04 18:01:58,665][com.java.TestType] [ 4120] - Field ::BTNmonitorType5
[INFO ][2015-11-04 18:01:59,665][com.java.TestType] [ 4158] - BEFORE CLICK
[INFO ][2015-11-04 18:02:00,836][com.java.TestType] [ 4165] - Unable to click the object Custom Calculations radio button
[INFO ][2015-11-04 18:02:00,836][com.java.SeleniumDriver] [  861] -  RESULT true
[INFO ][2015-11-04 18:02:00,836][com.java.SeleniumDriver] [ 1066] - ?   P A S S   ?
[INFO ][2015-11-04 18:02:00,836][com.java.SeleniumDriver] [  788] - ------------------------------------------
[INFO ][2015-11-04 18:02:00,836][com.java.SeleniumDriver] [  789] - Test case being Executed: 8
[INFO ][2015-11-04 18:02:00,836][com.java.SeleniumDriver] [  800] - Test step:14
[INFO ][2015-11-04 18:02:00,836][com.java.SeleniumDriver] [  812] - Datavalue is----------null
[DEBUG][2015-11-04 18:02:00,836][com.java.SeleniumDriver] [  830] - Exception: null
[INFO ][2015-11-04 18:02:00,836][com.java.SeleniumDriver] [  836] - DataField : BTNnextButton
[INFO ][2015-11-04 18:02:00,836][com.java.SeleniumDriver] [  838] - DataValue : 
[INFO ][2015-11-04 18:02:00,836][com.java.SeleniumDriver] [  844] - <In Set values of the page>
[INFO ][2015-11-04 18:02:00,836][com.java.SeleniumDriver] [  847] - {Data Fields & Data Values Exist}
[INFO ][2015-11-04 18:02:00,836][com.java.SeleniumDriver] [  849] - --------------------------setting values-----------------------------
[INFO ][2015-11-04 18:02:00,836][com.java.SeleniumDriver] [  852] - Action Type : CLICK
[INFO ][2015-11-04 18:02:00,836][com.java.TestType] [ 4120] - Field ::BTNnextButton
[INFO ][2015-11-04 18:02:01,836][com.java.TestType] [ 4158] - BEFORE CLICK
[INFO ][2015-11-04 18:02:03,467][com.java.TestType] [ 4165] - Unable to click the object Next button
[INFO ][2015-11-04 18:02:03,467][com.java.SeleniumDriver] [  861] -  RESULT true
[INFO ][2015-11-04 18:02:03,467][com.java.SeleniumDriver] [ 1066] - ?   P A S S   ?
[INFO ][2015-11-04 18:02:03,467][com.java.SeleniumDriver] [  788] - ------------------------------------------
[INFO ][2015-11-04 18:02:03,467][com.java.SeleniumDriver] [  789] - Test case being Executed: 8
[INFO ][2015-11-04 18:02:03,467][com.java.SeleniumDriver] [  800] - Test step:15
[INFO ][2015-11-04 18:02:03,467][com.java.SeleniumDriver] [  812] - Datavalue is----------4
[INFO ][2015-11-04 18:02:03,467][com.java.SeleniumDriver] [  836] - DataField : BTNtitle
[INFO ][2015-11-04 18:02:03,467][com.java.SeleniumDriver] [  838] - DataValue : 4
[INFO ][2015-11-04 18:02:03,467][com.java.SeleniumDriver] [  844] - <In Set values of the page>
[INFO ][2015-11-04 18:02:03,467][com.java.SeleniumDriver] [  847] - {Data Fields & Data Values Exist}
[INFO ][2015-11-04 18:02:03,467][com.java.SeleniumDriver] [  849] - --------------------------setting values-----------------------------
[INFO ][2015-11-04 18:02:03,467][com.java.SeleniumDriver] [  852] - Action Type : WAITFORELEMENT
[INFO ][2015-11-04 18:02:04,517][com.java.SeleniumDriver] [  861] -  RESULT true
[INFO ][2015-11-04 18:02:04,517][com.java.SeleniumDriver] [ 1066] - ?   P A S S   ?
[INFO ][2015-11-04 18:02:04,517][com.java.SeleniumDriver] [  788] - ------------------------------------------
[INFO ][2015-11-04 18:02:04,517][com.java.SeleniumDriver] [  789] - Test case being Executed: 8
[INFO ][2015-11-04 18:02:04,517][com.java.SeleniumDriver] [  800] - Test step:16
[INFO ][2015-11-04 18:02:04,517][com.java.SeleniumDriver] [  812] - Datavalue is----------Testing#1
[INFO ][2015-11-04 18:02:04,517][com.java.SeleniumDriver] [  836] - DataField : TXTtitle
[INFO ][2015-11-04 18:02:04,517][com.java.SeleniumDriver] [  838] - DataValue : Testing#1
[INFO ][2015-11-04 18:02:04,517][com.java.SeleniumDriver] [  844] - <In Set values of the page>
[INFO ][2015-11-04 18:02:04,517][com.java.SeleniumDriver] [  847] - {Data Fields & Data Values Exist}
[INFO ][2015-11-04 18:02:04,517][com.java.SeleniumDriver] [  849] - --------------------------setting values-----------------------------
[INFO ][2015-11-04 18:02:04,517][com.java.SeleniumDriver] [  852] - Action Type : CLEARANDENTER
[INFO ][2015-11-04 18:02:04,517][com.java.TestType] [ 3807] - value = Testing#1
[INFO ][2015-11-04 18:02:07,140][com.java.SeleniumDriver] [  861] -  RESULT true
[INFO ][2015-11-04 18:02:07,140][com.java.SeleniumDriver] [ 1066] - ?   P A S S   ?
[INFO ][2015-11-04 18:02:07,140][com.java.SeleniumDriver] [  788] - ------------------------------------------
[INFO ][2015-11-04 18:02:07,140][com.java.SeleniumDriver] [  789] - Test case being Executed: 8
[INFO ][2015-11-04 18:02:07,140][com.java.SeleniumDriver] [  800] - Test step:17
[INFO ][2015-11-04 18:02:07,140][com.java.SeleniumDriver] [  812] - Datavalue is----------index:1
[INFO ][2015-11-04 18:02:07,140][com.java.SeleniumDriver] [  836] - DataField : COBgroup
[INFO ][2015-11-04 18:02:07,140][com.java.SeleniumDriver] [  838] - DataValue : index:1
[INFO ][2015-11-04 18:02:07,140][com.java.SeleniumDriver] [  844] - <In Set values of the page>
[INFO ][2015-11-04 18:02:07,140][com.java.SeleniumDriver] [  847] - {Data Fields & Data Values Exist}
[INFO ][2015-11-04 18:02:07,140][com.java.SeleniumDriver] [  849] - --------------------------setting values-----------------------------
[INFO ][2015-11-04 18:02:07,140][com.java.SeleniumDriver] [  852] - Action Type : SELECT
[INFO ][2015-11-04 18:02:07,140][com.java.TestType] [ 3807] - value = 1
[INFO ][2015-11-04 18:02:08,241][com.java.TestType] [ 3925] -  In COB group : 1
[INFO ][2015-11-04 18:02:08,431][com.java.SeleniumDriver] [  861] -  RESULT true
[INFO ][2015-11-04 18:02:08,431][com.java.SeleniumDriver] [ 1066] - ?   P A S S   ?
[INFO ][2015-11-04 18:02:08,431][com.java.SeleniumDriver] [  788] - ------------------------------------------
[INFO ][2015-11-04 18:02:08,431][com.java.SeleniumDriver] [  789] - Test case being Executed: 8
[INFO ][2015-11-04 18:02:08,431][com.java.SeleniumDriver] [  800] - Test step:19
[INFO ][2015-11-04 18:02:08,431][com.java.SeleniumDriver] [  812] - Datavalue is----------null
[DEBUG][2015-11-04 18:02:08,431][com.java.SeleniumDriver] [  830] - Exception: null
[INFO ][2015-11-04 18:02:08,431][com.java.SeleniumDriver] [  836] - DataField : BTNnextButton
[INFO ][2015-11-04 18:02:08,431][com.java.SeleniumDriver] [  838] - DataValue : 
[INFO ][2015-11-04 18:02:08,431][com.java.SeleniumDriver] [  844] - <In Set values of the page>
[INFO ][2015-11-04 18:02:08,431][com.java.SeleniumDriver] [  847] - {Data Fields & Data Values Exist}
[INFO ][2015-11-04 18:02:08,431][com.java.SeleniumDriver] [  849] - --------------------------setting values-----------------------------
[INFO ][2015-11-04 18:02:08,431][com.java.SeleniumDriver] [  852] - Action Type : CLICK
[INFO ][2015-11-04 18:02:08,431][com.java.TestType] [ 4120] - Field ::BTNnextButton
[INFO ][2015-11-04 18:02:09,431][com.java.TestType] [ 4158] - BEFORE CLICK
[INFO ][2015-11-04 18:02:10,742][com.java.TestType] [ 4165] - Unable to click the object Next button
[INFO ][2015-11-04 18:02:10,742][com.java.SeleniumDriver] [  861] -  RESULT true
[INFO ][2015-11-04 18:02:10,742][com.java.SeleniumDriver] [ 1066] - ?   P A S S   ?
[INFO ][2015-11-04 18:02:10,742][com.java.SeleniumDriver] [  788] - ------------------------------------------
[INFO ][2015-11-04 18:02:10,742][com.java.SeleniumDriver] [  789] - Test case being Executed: 8
[INFO ][2015-11-04 18:02:10,742][com.java.SeleniumDriver] [  800] - Test step:20
[INFO ][2015-11-04 18:02:10,742][com.java.SeleniumDriver] [  812] - Datavalue is----------5
[INFO ][2015-11-04 18:02:10,742][com.java.SeleniumDriver] [  836] - DataField : BTNsaveButton
[INFO ][2015-11-04 18:02:10,742][com.java.SeleniumDriver] [  838] - DataValue : 5
[INFO ][2015-11-04 18:02:10,742][com.java.SeleniumDriver] [  844] - <In Set values of the page>
[INFO ][2015-11-04 18:02:10,742][com.java.SeleniumDriver] [  847] - {Data Fields & Data Values Exist}
[INFO ][2015-11-04 18:02:10,742][com.java.SeleniumDriver] [  849] - --------------------------setting values-----------------------------
[INFO ][2015-11-04 18:02:10,742][com.java.SeleniumDriver] [  852] - Action Type : WAITFORELEMENT
[INFO ][2015-11-04 18:02:11,792][com.java.SeleniumDriver] [  861] -  RESULT true
[INFO ][2015-11-04 18:02:11,792][com.java.SeleniumDriver] [ 1066] - ?   P A S S   ?
[INFO ][2015-11-04 18:02:11,792][com.java.SeleniumDriver] [  788] - ------------------------------------------
[INFO ][2015-11-04 18:02:11,792][com.java.SeleniumDriver] [  789] - Test case being Executed: 8
[INFO ][2015-11-04 18:02:11,792][com.java.SeleniumDriver] [  800] - Test step:21
[INFO ][2015-11-04 18:02:11,792][com.java.SeleniumDriver] [  812] - Datavalue is----------https://clients-xuat.bankersdashboard.com
[INFO ][2015-11-04 18:02:11,792][com.java.SeleniumDriver] [  836] - DataField : test
[INFO ][2015-11-04 18:02:11,792][com.java.SeleniumDriver] [  838] - DataValue : https://clients-xuat.bankersdashboard.com
[INFO ][2015-11-04 18:02:11,792][com.java.SeleniumDriver] [  844] - <In Set values of the page>
[INFO ][2015-11-04 18:02:11,792][com.java.SeleniumDriver] [  847] - {Data Fields & Data Values Exist}
[INFO ][2015-11-04 18:02:11,792][com.java.SeleniumDriver] [  849] - --------------------------setting values-----------------------------
[INFO ][2015-11-04 18:02:11,792][com.java.SeleniumDriver] [  852] - Action Type : OpenURL
[INFO ][2015-11-04 18:02:11,792][com.java.TestType] [ 3807] - value = https://clients-xuat.bankersdashboard.com
[INFO ][2015-11-04 18:02:11,792][com.java.TestType] [  330] - Open URL : https://clients-xuat.bankersdashboard.com
[INFO ][2015-11-04 18:02:17,078][com.java.SeleniumDriver] [  861] -  RESULT true
[INFO ][2015-11-04 18:02:17,078][com.java.SeleniumDriver] [ 1066] - ?   P A S S   ?
[INFO ][2015-11-04 18:02:17,078][com.java.SeleniumDriver] [  788] - ------------------------------------------
[INFO ][2015-11-04 18:02:17,078][com.java.SeleniumDriver] [  789] - Test case being Executed: 8
[INFO ][2015-11-04 18:02:17,078][com.java.SeleniumDriver] [  800] - Test step:22
[INFO ][2015-11-04 18:02:17,078][com.java.SeleniumDriver] [  812] - Datavalue is----------4
[INFO ][2015-11-04 18:02:17,078][com.java.SeleniumDriver] [  836] - DataField : XPH//button[@data-original-title="Edit content"]
[INFO ][2015-11-04 18:02:17,078][com.java.SeleniumDriver] [  838] - DataValue : 4
[INFO ][2015-11-04 18:02:17,078][com.java.SeleniumDriver] [  844] - <In Set values of the page>
[INFO ][2015-11-04 18:02:17,078][com.java.SeleniumDriver] [  847] - {Data Fields & Data Values Exist}
[INFO ][2015-11-04 18:02:17,078][com.java.SeleniumDriver] [  849] - --------------------------setting values-----------------------------
[INFO ][2015-11-04 18:02:17,078][com.java.SeleniumDriver] [  852] - Action Type : WAITFORELEMENT
[DEBUG][2015-11-04 18:03:43,579][com.java.TestType] [ 4673] - //button[@data-original-title="Edit content"]   :: Element not Found
[INFO ][2015-11-04 18:03:43,579][com.java.SeleniumDriver] [  861] -  RESULT false
[INFO ][2015-11-04 18:03:43,579][com.java.SeleniumDriver] [  908] - ?   F A I L   ?
[INFO ][2015-11-04 18:03:43,579][com.java.SeleniumDriver] [  916] - Browser Type : IE11
[INFO ][2015-11-04 18:03:43,579][com.java.SeleniumDriver] [  917] - Adding Failed case8
[INFO ][2015-11-04 18:03:44,470][com.java.SeleniumDriver] [ 1030] - failedCases = 8
[ERROR][2015-11-04 18:03:44,470][com.java.SeleniumDriver] [ 1516] - Platform Errors : Our apologies...::We have encountered an issue with your request.::Our apologies?:We encountered an issue with your request.
[INFO ][2015-11-04 18:03:44,470][com.java.SeleniumDriver] [ 1520] - Length =3
[ERROR][2015-11-04 18:03:44,470][com.java.SeleniumDriver] [ 1523] - Error 0 = Our apologies...
[ERROR][2015-11-04 18:03:44,610][com.java.SeleniumDriver] [ 1523] - Error 1 = We have encountered an issue with your request.
[ERROR][2015-11-04 18:03:44,661][com.java.SeleniumDriver] [ 1523] - Error 2 = Our apologies?:We encountered an issue with your request.
[DEBUG][2015-11-04 18:03:44,721][com.java.SeleniumDriver] [ 1168] - Case found
[DEBUG][2015-11-04 18:03:44,721][com.java.SeleniumDriver] [ 1173] - Incrementing ReportCounters[0]:2
[INFO ][2015-11-04 18:03:44,721][com.java.SeleniumDriver] [ 1192] - The results are-------------------[8, 22, Add Custom Calculation Indicator to Start Page, Fail, 
Test case failed at Step No. :: 22   Error Message ::  //button[@data-original-title="Edit content"]   :: Element not Found. Screen Shot : D:\BankersDashboard\TestReports\110415\8_110415_180343_IE11.png, Wed Nov 04 18:03:44 IST 2015]
[INFO ][2015-11-04 18:03:44,721][com.java.SeleniumDriver] [ 1196] - End time is-------4 min 20 sec
[INFO ][2015-11-04 18:03:44,721][com.java.SeleniumDriver] [ 1197] - The results are-------------------[8, 22, Add Custom Calculation Indicator to Start Page, Fail, 
Test case failed at Step No. :: 22   Error Message ::  //button[@data-original-title="Edit content"]   :: Element not Found. Screen Shot : D:\BankersDashboard\TestReports\110415\8_110415_180343_IE11.png, Wed Nov 04 18:03:44 IST 2015]
[DEBUG][2015-11-04 18:03:44,721][com.java.ImportnExport.ExportTestResultsExcel] [  222] - testResultPath = D:\BankersDashboard/TestReports/Test Results_BankersDashBoard_110415_175926_IE11_Simmons First National Bank.xls
[DEBUG][2015-11-04 18:03:44,721][com.java.ImportnExport.ExportTestResultsExcel] [  223] - browser is------------IE11
[DEBUG][2015-11-04 18:03:44,721][com.java.ImportnExport.ExportTestResultsExcel] [  270] - result.size() = 6
[DEBUG][2015-11-04 18:03:44,721][com.java.ImportnExport.ExportTestResultsExcel] [  274] - No of rows in sheet=2
[DEBUG][2015-11-04 18:03:44,721][com.java.ImportnExport.ExportTestResultsExcel] [  301] - ..in export..8
[DEBUG][2015-11-04 18:03:44,721][com.java.ImportnExport.ExportTestResultsExcel] [  301] - ..in export..Add Custom Calculation Indicator to Start Page
[DEBUG][2015-11-04 18:03:44,721][com.java.ImportnExport.ExportTestResultsExcel] [  301] - ..in export..Fail
[DEBUG][2015-11-04 18:03:44,721][com.java.ImportnExport.ExportTestResultsExcel] [  301] - ..in export..
Test case failed at Step No. :: 22   Error Message ::  //button[@data-original-title="Edit content"]   :: Element not Found. Screen Shot : D:\BankersDashboard\TestReports\110415\8_110415_180343_IE11.png
[DEBUG][2015-11-04 18:03:44,721][com.java.ImportnExport.ExportTestResultsExcel] [  301] - ..in export..Wed Nov 04 18:03:44 IST 2015
[INFO ][2015-11-04 18:03:44,721][com.java.SeleniumDriver] [ 1255] - out loop:1 size:2 TestCases:[1, 8] testcases:[1, 8]
[INFO ][2015-11-04 18:03:46,721][com.java.SeleniumDriver] [ 1297] - Total Number of Cases:2
[INFO ][2015-11-04 18:03:46,721][com.java.TemplateGenerator] [  302] - Executed:2
[INFO ][2015-11-04 18:03:46,721][com.java.TemplateGenerator] [  303] - Passed:1
[INFO ][2015-11-04 18:03:46,721][com.java.TemplateGenerator] [  304] - Failed:1
[INFO ][2015-11-04 18:03:46,721][com.java.TemplateGenerator] [  305] - Skipeed:0
[INFO ][2015-11-04 18:03:46,721][com.java.TemplateGenerator] [  306] - Application URL:https://clients-xuat.bankersdashboard.com
[INFO ][2015-11-04 18:03:46,721][com.java.TemplateGenerator] [  307] - Start Time:110415_175926
[INFO ][2015-11-04 18:03:46,721][com.java.TemplateGenerator] [  308] -  Creating HTML Report 
[ERROR][2015-11-04 18:03:46,721][com.java.TemplateGenerator] [  409] - Unparseable date: "Wed Nov 04 05:59:26 IST 2015"
[INFO ][2015-11-04 18:03:46,721][com.java.TemplateGenerator] [  654] -  Exporting case :: 1
[INFO ][2015-11-04 18:03:46,721][com.java.TemplateGenerator] [  654] -  Exporting case :: 8
[INFO ][2015-11-04 18:03:46,721][com.java.SeleniumDriver] [ 1346] - End Time:110415_180346
[INFO ][2015-11-04 18:03:46,721][com.java.SeleniumDriver] [ 1349] - Data in Test Execution Details:{1=PASS, 8=FAILTest case failed at Step No. :: 22   Error Message ::  //button[@data-original-title="Edit content"]   :: Element not Found}
[INFO ][2015-11-04 18:03:46,722][com.java.SeleniumDriver] [ 1350] - Data in Failed Execution Deatils:{}
[INFO ][2015-11-04 18:03:46,722][com.java.SeleniumDriver] [ 1352] - ReportCounter:Total:2 :: PASS: 1 ::FAIL: 1
[INFO ][2015-11-04 18:03:46,722][com.java.SeleniumDriver] [ 1353] - FailedReportCounter:Total:0 :: PASS: 0 ::FAIL: 0
[INFO ][2015-11-04 18:03:46,722][com.java.EmailTestReport] [   63] - Sending report mail details:
[INFO ][2015-11-04 18:03:46,722][com.java.EmailTestReport] [   80] - Excel Report Path:D:\BankersDashboard/TestReports/Test Results_BankersDashBoard_110415_175926_IE11_Simmons First National Bank.xls
[INFO ][2015-11-04 18:03:46,722][com.java.EmailTestReport] [   81] - HTML Report Path:D:\BankersDashboard//TestReports//Test Results_BankersDashBoard_110415_175926_IE11_Simmons First National Bank.html
[INFO ][2015-11-04 18:03:46,722][com.java.EmailTestReport] [   82] - smtpHostName:mail01.valuelabs.com
[INFO ][2015-11-04 18:03:46,722][com.java.EmailTestReport] [   83] - Recipient:venkateswararao.gubbala@valuelabs.com
[INFO ][2015-11-04 18:03:46,722][com.java.EmailTestReport] [   84] - From:venkateswararao.gubbala@valuelabs.com
[INFO ][2015-11-04 18:03:46,722][com.java.EmailTestReport] [   85] - Subject:Deluxe Corp Bankers Dashboard Automation Test Report - Simmons First National Bank - IE11
[INFO ][2015-11-04 18:03:46,742][com.java.EmailTestReport] [  143] -  Added venkateswararao.gubbala@valuelabs.com
[INFO ][2015-11-04 18:03:50,582][com.java.SeleniumDriver] [  719] - quitting the browser 
[INFO ][2015-11-04 18:03:51,814][com.java.SeleniumDriver] [  263] - Execution Completed Stopping the thread
