[INFO ][2015-11-19 16:15:08,520][com.java.SeleniumDriver] [  213] - Execute Failed Casesfalse
[INFO ][2015-11-19 16:15:08,520][com.java.SeleniumDriver] [  214] - Browser: IE10
[INFO ][2015-11-19 16:15:08,520][com.java.SeleniumDriver] [  215] - [22]
[INFO ][2015-11-19 16:15:08,520][com.java.SeleniumDriver] [  216] - Total TestCases:1
[INFO ][2015-11-19 16:15:08,520][com.java.SeleniumDriver] [  217] -  Reading Properties from Property File 
[DEBUG][2015-11-19 16:15:08,520][com.java.SeleniumDriver] [  238] - url : https://clients-xuat.bankersdashboard.com
[INFO ][2015-11-19 16:15:08,520][com.java.ImportnExport.ExportTestResultsExcel] [  116] - Time Stamp Thu Nov 19 04:15:08 IST 2015
[INFO ][2015-11-19 16:15:08,520][com.java.ImportnExport.ExportTestResultsExcel] [  175] - OUT FILE : D:\BankersDashboard/TestReports/Test Results_BankersDashBoard_111915_161508_IE10_Any Bank USA.xls
[INFO ][2015-11-19 16:15:08,551][com.java.ImportnExport.ExportTestResultsExcel] [  180] - Test Result file is created
[DEBUG][2015-11-19 16:15:08,661][com.java.SeleniumDriver] [  425] - Hub ip address is-------172.17.68.34
[INFO ][2015-11-19 16:15:08,661][com.java.SeleniumDriver] [  451] - Grid URL:http://172.17.68.34:4444/wd/hub
[INFO ][2015-11-19 16:15:08,661][com.java.SeleniumDriver] [  452] - Capability:Capabilities [{platform=ANY, ensureCleanSession=true, ignoreProtectedModeSettings=true, acceptSslCerts=true, ignoreZoomSetting=true, browserName=internet explorer, browserstack.ie.noFlash=true, version=null}]
[ERROR][2015-11-19 16:15:10,021][com.java.SeleniumDriver] [  496] - Unable invoke browser in grid:Could not start a new session. Possible causes are invalid address of the remote server or browser start-up failure.
Build info: version: '2.48.2', revision: '41bccdd', time: '2015-10-09 19:59:12'
System info: host: 'FVTIII438F1D', ip: '172.17.68.34', os.name: 'Windows 7', os.arch: 'x86', os.version: '6.1', java.version: '1.7.0_55'
Driver info: driver.version: SeleniumDriver
[INFO ][2015-11-19 16:15:10,021][com.java.SeleniumDriver] [  498] - Executing on local machine
[INFO ][2015-11-19 16:15:19,813][com.java.SeleniumDriver] [  248] - IE10is opened
[INFO ][2015-11-19 16:15:20,693][com.java.SeleniumDriver] [  753] - Test cases to be executed are: [22]
[INFO ][2015-11-19 16:15:20,744][com.java.ImportnExport.ImportTestDataDetailsExcel] [   49] - test data details path===== D:\BankersDashboard\TestInputs\TestData.xls
[INFO ][2015-11-19 16:15:20,804][com.java.SeleniumDriver] [  796] - ------------------------------------------
[INFO ][2015-11-19 16:15:20,804][com.java.SeleniumDriver] [  797] - Test case being Executed: 22
[INFO ][2015-11-19 16:15:20,804][com.java.SeleniumDriver] [  808] - Test step:1
[INFO ][2015-11-19 16:15:20,804][com.java.SeleniumDriver] [  820] - Datavalue is----------Logout
[INFO ][2015-11-19 16:15:20,804][com.java.SeleniumDriver] [  844] - DataField : BTN
[INFO ][2015-11-19 16:15:20,804][com.java.SeleniumDriver] [  846] - DataValue : Logout
[INFO ][2015-11-19 16:15:20,804][com.java.SeleniumDriver] [  852] - <In Set values of the page>
[INFO ][2015-11-19 16:15:20,804][com.java.SeleniumDriver] [  855] - {Data Fields & Data Values Exist}
[INFO ][2015-11-19 16:15:20,804][com.java.SeleniumDriver] [  857] - --------------------------setting values-----------------------------
[INFO ][2015-11-19 16:15:20,804][com.java.SeleniumDriver] [  860] - Action Type : Verify
[INFO ][2015-11-19 16:15:20,874][com.java.TestType] [ 5614] - field= BTN value= Logout
[INFO ][2015-11-19 16:15:20,874][com.java.TestType] [ 4507] - value = Logout
[ERROR][2015-11-19 16:15:38,021][com.java.TestType] [ 6275] - Assertion Error: 
[INFO ][2015-11-19 16:15:38,021][com.java.SeleniumDriver] [  869] -  RESULT false
[INFO ][2015-11-19 16:15:38,021][com.java.SeleniumDriver] [  916] - ?   F A I L   ?
[INFO ][2015-11-19 16:15:38,021][com.java.SeleniumDriver] [  924] - Browser Type : IE10
[INFO ][2015-11-19 16:15:38,021][com.java.SeleniumDriver] [  925] - Adding Failed case22
[DEBUG][2015-11-19 16:15:38,652][com.java.SeleniumDriver] [  992] -  tdd.getCondition() IF:3:Next
[INFO ][2015-11-19 16:15:38,652][com.java.SeleniumDriver] [  996] - Continue next step...
[INFO ][2015-11-19 16:15:38,652][com.java.SeleniumDriver] [  796] - ------------------------------------------
[INFO ][2015-11-19 16:15:38,652][com.java.SeleniumDriver] [  797] - Test case being Executed: 22
[INFO ][2015-11-19 16:15:38,652][com.java.SeleniumDriver] [  808] - Test step:2
[INFO ][2015-11-19 16:15:38,652][com.java.SeleniumDriver] [  820] - Datavalue is----------Concept#1:1-14
[INFO ][2015-11-19 16:15:38,652][com.java.SeleniumDriver] [  844] - DataField : test
[INFO ][2015-11-19 16:15:38,652][com.java.SeleniumDriver] [  846] - DataValue : Concept#1:1-14
[INFO ][2015-11-19 16:15:38,652][com.java.SeleniumDriver] [  852] - <In Set values of the page>
[INFO ][2015-11-19 16:15:38,652][com.java.SeleniumDriver] [  855] - {Data Fields & Data Values Exist}
[INFO ][2015-11-19 16:15:38,652][com.java.SeleniumDriver] [  857] - --------------------------setting values-----------------------------
[INFO ][2015-11-19 16:15:38,652][com.java.SeleniumDriver] [  860] - Action Type : ExecuteTestCase
[INFO ][2015-11-19 16:15:38,652][com.java.TestType] [  431] - The Concept sheet name is ---------- Concept
[INFO ][2015-11-19 16:15:38,652][com.java.TestType] [  434] - The Concept ID  is ---------- 1
[DEBUG][2015-11-19 16:15:38,652][com.java.TestType] [  438] - Steps being executted in the Concept are: 1:14
[INFO ][2015-11-19 16:15:38,652][com.java.TestType] [  445] - Test data details path ---------- D:\BankersDashboard\TestInputs\TestData.xls
[INFO ][2015-11-19 16:15:38,692][com.java.TestType] [  476] -  str(1) = 1
[INFO ][2015-11-19 16:15:38,692][com.java.TestType] [  479] - Test case Id is---1
[INFO ][2015-11-19 16:15:38,692][com.java.TestType] [  481] - 1
[INFO ][2015-11-19 16:15:38,692][com.java.TestType] [  476] -  str(2) = 1
[INFO ][2015-11-19 16:15:38,692][com.java.TestType] [  528] - row values are--------{1=com.java.Objects.TestDataDetails@452e85}
[INFO ][2015-11-19 16:15:38,692][com.java.TestType] [  476] -  str(1) = 1
[INFO ][2015-11-19 16:15:38,692][com.java.TestType] [  479] - Test case Id is---1
[INFO ][2015-11-19 16:15:38,692][com.java.TestType] [  481] - 1
[INFO ][2015-11-19 16:15:38,692][com.java.TestType] [  476] -  str(2) = 2
[INFO ][2015-11-19 16:15:38,692][com.java.TestType] [  528] - row values are--------{1=com.java.Objects.TestDataDetails@452e85, 2=com.java.Objects.TestDataDetails@1a7ed63}
[INFO ][2015-11-19 16:15:38,692][com.java.TestType] [  476] -  str(1) = 1
[INFO ][2015-11-19 16:15:38,692][com.java.TestType] [  479] - Test case Id is---1
[INFO ][2015-11-19 16:15:38,692][com.java.TestType] [  481] - 1
[INFO ][2015-11-19 16:15:38,692][com.java.TestType] [  476] -  str(2) = 3
[INFO ][2015-11-19 16:15:38,692][com.java.TestType] [  528] - row values are--------{1=com.java.Objects.TestDataDetails@452e85, 2=com.java.Objects.TestDataDetails@1a7ed63, 3=com.java.Objects.TestDataDetails@1dce7a9}
[INFO ][2015-11-19 16:15:38,692][com.java.TestType] [  476] -  str(1) = 1
[INFO ][2015-11-19 16:15:38,692][com.java.TestType] [  479] - Test case Id is---1
[INFO ][2015-11-19 16:15:38,692][com.java.TestType] [  481] - 1
[INFO ][2015-11-19 16:15:38,692][com.java.TestType] [  476] -  str(2) = 4
[INFO ][2015-11-19 16:15:38,692][com.java.TestType] [  528] - row values are--------{1=com.java.Objects.TestDataDetails@452e85, 2=com.java.Objects.TestDataDetails@1a7ed63, 3=com.java.Objects.TestDataDetails@1dce7a9, 4=com.java.Objects.TestDataDetails@7fbf5a}
[INFO ][2015-11-19 16:15:38,692][com.java.TestType] [  476] -  str(1) = 1
[INFO ][2015-11-19 16:15:38,692][com.java.TestType] [  479] - Test case Id is---1
[INFO ][2015-11-19 16:15:38,692][com.java.TestType] [  481] - 1
[INFO ][2015-11-19 16:15:38,692][com.java.TestType] [  476] -  str(2) = 5
[INFO ][2015-11-19 16:15:38,692][com.java.TestType] [  528] - row values are--------{1=com.java.Objects.TestDataDetails@452e85, 2=com.java.Objects.TestDataDetails@1a7ed63, 3=com.java.Objects.TestDataDetails@1dce7a9, 4=com.java.Objects.TestDataDetails@7fbf5a, 5=com.java.Objects.TestDataDetails@1ccb601}
[INFO ][2015-11-19 16:15:38,692][com.java.TestType] [  476] -  str(1) = 1
[INFO ][2015-11-19 16:15:38,692][com.java.TestType] [  479] - Test case Id is---1
[INFO ][2015-11-19 16:15:38,692][com.java.TestType] [  481] - 1
[INFO ][2015-11-19 16:15:38,692][com.java.TestType] [  476] -  str(2) = 6
[INFO ][2015-11-19 16:15:38,692][com.java.TestType] [  528] - row values are--------{1=com.java.Objects.TestDataDetails@452e85, 2=com.java.Objects.TestDataDetails@1a7ed63, 3=com.java.Objects.TestDataDetails@1dce7a9, 4=com.java.Objects.TestDataDetails@7fbf5a, 5=com.java.Objects.TestDataDetails@1ccb601, 6=com.java.Objects.TestDataDetails@1c97413}
[INFO ][2015-11-19 16:15:38,692][com.java.TestType] [  476] -  str(1) = 1
[INFO ][2015-11-19 16:15:38,692][com.java.TestType] [  479] - Test case Id is---1
[INFO ][2015-11-19 16:15:38,692][com.java.TestType] [  481] - 1
[INFO ][2015-11-19 16:15:38,692][com.java.TestType] [  476] -  str(2) = 7
[INFO ][2015-11-19 16:15:38,692][com.java.TestType] [  528] - row values are--------{1=com.java.Objects.TestDataDetails@452e85, 2=com.java.Objects.TestDataDetails@1a7ed63, 3=com.java.Objects.TestDataDetails@1dce7a9, 4=com.java.Objects.TestDataDetails@7fbf5a, 5=com.java.Objects.TestDataDetails@1ccb601, 6=com.java.Objects.TestDataDetails@1c97413, 7=com.java.Objects.TestDataDetails@1540673}
[INFO ][2015-11-19 16:15:38,692][com.java.TestType] [  476] -  str(1) = 1
[INFO ][2015-11-19 16:15:38,692][com.java.TestType] [  479] - Test case Id is---1
[INFO ][2015-11-19 16:15:38,702][com.java.TestType] [  481] - 1
[INFO ][2015-11-19 16:15:38,702][com.java.TestType] [  476] -  str(2) = 8
[INFO ][2015-11-19 16:15:38,702][com.java.TestType] [  528] - row values are--------{1=com.java.Objects.TestDataDetails@452e85, 2=com.java.Objects.TestDataDetails@1a7ed63, 3=com.java.Objects.TestDataDetails@1dce7a9, 4=com.java.Objects.TestDataDetails@7fbf5a, 5=com.java.Objects.TestDataDetails@1ccb601, 6=com.java.Objects.TestDataDetails@1c97413, 7=com.java.Objects.TestDataDetails@1540673, 8=com.java.Objects.TestDataDetails@4ff48e}
[INFO ][2015-11-19 16:15:38,702][com.java.TestType] [  476] -  str(1) = 1
[INFO ][2015-11-19 16:15:38,702][com.java.TestType] [  479] - Test case Id is---1
[INFO ][2015-11-19 16:15:38,702][com.java.TestType] [  481] - 1
[INFO ][2015-11-19 16:15:38,702][com.java.TestType] [  476] -  str(2) = 9
[INFO ][2015-11-19 16:15:38,702][com.java.TestType] [  528] - row values are--------{1=com.java.Objects.TestDataDetails@452e85, 2=com.java.Objects.TestDataDetails@1a7ed63, 3=com.java.Objects.TestDataDetails@1dce7a9, 4=com.java.Objects.TestDataDetails@7fbf5a, 5=com.java.Objects.TestDataDetails@1ccb601, 6=com.java.Objects.TestDataDetails@1c97413, 7=com.java.Objects.TestDataDetails@1540673, 8=com.java.Objects.TestDataDetails@4ff48e, 9=com.java.Objects.TestDataDetails@1ff6a3f}
[INFO ][2015-11-19 16:15:38,702][com.java.TestType] [  476] -  str(1) = 1
[INFO ][2015-11-19 16:15:38,702][com.java.TestType] [  479] - Test case Id is---1
[INFO ][2015-11-19 16:15:38,702][com.java.TestType] [  481] - 1
[INFO ][2015-11-19 16:15:38,702][com.java.TestType] [  476] -  str(2) = 10
[INFO ][2015-11-19 16:15:38,702][com.java.TestType] [  528] - row values are--------{1=com.java.Objects.TestDataDetails@452e85, 2=com.java.Objects.TestDataDetails@1a7ed63, 3=com.java.Objects.TestDataDetails@1dce7a9, 4=com.java.Objects.TestDataDetails@7fbf5a, 5=com.java.Objects.TestDataDetails@1ccb601, 6=com.java.Objects.TestDataDetails@1c97413, 7=com.java.Objects.TestDataDetails@1540673, 8=com.java.Objects.TestDataDetails@4ff48e, 9=com.java.Objects.TestDataDetails@1ff6a3f, 10=com.java.Objects.TestDataDetails@181f3d1}
[INFO ][2015-11-19 16:15:38,702][com.java.TestType] [  476] -  str(1) = 1
[INFO ][2015-11-19 16:15:38,702][com.java.TestType] [  479] - Test case Id is---1
[INFO ][2015-11-19 16:15:38,702][com.java.TestType] [  481] - 1
[INFO ][2015-11-19 16:15:38,702][com.java.TestType] [  476] -  str(2) = 11
[INFO ][2015-11-19 16:15:38,702][com.java.TestType] [  528] - row values are--------{1=com.java.Objects.TestDataDetails@452e85, 2=com.java.Objects.TestDataDetails@1a7ed63, 3=com.java.Objects.TestDataDetails@1dce7a9, 4=com.java.Objects.TestDataDetails@7fbf5a, 5=com.java.Objects.TestDataDetails@1ccb601, 6=com.java.Objects.TestDataDetails@1c97413, 7=com.java.Objects.TestDataDetails@1540673, 8=com.java.Objects.TestDataDetails@4ff48e, 9=com.java.Objects.TestDataDetails@1ff6a3f, 10=com.java.Objects.TestDataDetails@181f3d1, 11=com.java.Objects.TestDataDetails@76db4c}
[INFO ][2015-11-19 16:15:38,702][com.java.TestType] [  476] -  str(1) = 1
[INFO ][2015-11-19 16:15:38,702][com.java.TestType] [  479] - Test case Id is---1
[INFO ][2015-11-19 16:15:38,702][com.java.TestType] [  481] - 1
[INFO ][2015-11-19 16:15:38,702][com.java.TestType] [  476] -  str(2) = 12
[INFO ][2015-11-19 16:15:38,702][com.java.TestType] [  528] - row values are--------{1=com.java.Objects.TestDataDetails@452e85, 2=com.java.Objects.TestDataDetails@1a7ed63, 3=com.java.Objects.TestDataDetails@1dce7a9, 4=com.java.Objects.TestDataDetails@7fbf5a, 5=com.java.Objects.TestDataDetails@1ccb601, 6=com.java.Objects.TestDataDetails@1c97413, 7=com.java.Objects.TestDataDetails@1540673, 8=com.java.Objects.TestDataDetails@4ff48e, 9=com.java.Objects.TestDataDetails@1ff6a3f, 10=com.java.Objects.TestDataDetails@181f3d1, 11=com.java.Objects.TestDataDetails@76db4c, 12=com.java.Objects.TestDataDetails@1cbbac9}
[INFO ][2015-11-19 16:15:38,702][com.java.TestType] [  476] -  str(1) = 1
[INFO ][2015-11-19 16:15:38,702][com.java.TestType] [  479] - Test case Id is---1
[INFO ][2015-11-19 16:15:38,702][com.java.TestType] [  481] - 1
[INFO ][2015-11-19 16:15:38,702][com.java.TestType] [  476] -  str(2) = 13
[INFO ][2015-11-19 16:15:38,702][com.java.TestType] [  528] - row values are--------{1=com.java.Objects.TestDataDetails@452e85, 2=com.java.Objects.TestDataDetails@1a7ed63, 3=com.java.Objects.TestDataDetails@1dce7a9, 4=com.java.Objects.TestDataDetails@7fbf5a, 5=com.java.Objects.TestDataDetails@1ccb601, 6=com.java.Objects.TestDataDetails@1c97413, 7=com.java.Objects.TestDataDetails@1540673, 8=com.java.Objects.TestDataDetails@4ff48e, 9=com.java.Objects.TestDataDetails@1ff6a3f, 10=com.java.Objects.TestDataDetails@181f3d1, 11=com.java.Objects.TestDataDetails@76db4c, 12=com.java.Objects.TestDataDetails@1cbbac9, 13=com.java.Objects.TestDataDetails@24ee1c}
[INFO ][2015-11-19 16:15:38,702][com.java.TestType] [  476] -  str(1) = 1
[INFO ][2015-11-19 16:15:38,702][com.java.TestType] [  479] - Test case Id is---1
[INFO ][2015-11-19 16:15:38,702][com.java.TestType] [  481] - 1
[INFO ][2015-11-19 16:15:38,702][com.java.TestType] [  476] -  str(2) = 14
[INFO ][2015-11-19 16:15:38,702][com.java.TestType] [  528] - row values are--------{1=com.java.Objects.TestDataDetails@452e85, 2=com.java.Objects.TestDataDetails@1a7ed63, 3=com.java.Objects.TestDataDetails@1dce7a9, 4=com.java.Objects.TestDataDetails@7fbf5a, 5=com.java.Objects.TestDataDetails@1ccb601, 6=com.java.Objects.TestDataDetails@1c97413, 7=com.java.Objects.TestDataDetails@1540673, 8=com.java.Objects.TestDataDetails@4ff48e, 9=com.java.Objects.TestDataDetails@1ff6a3f, 10=com.java.Objects.TestDataDetails@181f3d1, 11=com.java.Objects.TestDataDetails@76db4c, 12=com.java.Objects.TestDataDetails@1cbbac9, 13=com.java.Objects.TestDataDetails@24ee1c, 14=com.java.Objects.TestDataDetails@2445a0}
[INFO ][2015-11-19 16:15:38,702][com.java.TestType] [ 8852] - Looping 1TCID = 1
[DEBUG][2015-11-19 16:15:38,702][com.java.TestType] [ 8893] - Concept ID:1 :: Step being Executed: 1::1
[INFO ][2015-11-19 16:15:38,702][com.java.TestType] [ 8931] - dataFields : TXTusername
[DEBUG][2015-11-19 16:15:38,702][com.java.TestType] [ 8937] - <In Set values of the page>
[DEBUG][2015-11-19 16:15:38,702][com.java.TestType] [ 8942] - {Data Fields & Data Values Exist}
[INFO ][2015-11-19 16:15:38,702][com.java.TestType] [ 8948] - --------------------------setting values-----------------------------
[INFO ][2015-11-19 16:15:38,702][com.java.TestType] [ 8951] - Action Type : CLEARANDENTER
[INFO ][2015-11-19 16:15:38,702][com.java.TestType] [ 4507] - value = naresh.nayini.00000
[INFO ][2015-11-19 16:15:43,491][com.java.TestType] [ 8970] -  RESULT true
[INFO ][2015-11-19 16:15:43,491][com.java.TestType] [ 9087] - ?   P A S S   ?
[DEBUG][2015-11-19 16:15:43,491][com.java.TestType] [ 8893] - Concept ID:1 :: Step being Executed: 1::2
[INFO ][2015-11-19 16:15:43,491][com.java.TestType] [ 8931] - dataFields : TXTpassword
[DEBUG][2015-11-19 16:15:43,491][com.java.TestType] [ 8937] - <In Set values of the page>
[DEBUG][2015-11-19 16:15:43,491][com.java.TestType] [ 8942] - {Data Fields & Data Values Exist}
[INFO ][2015-11-19 16:15:43,491][com.java.TestType] [ 8948] - --------------------------setting values-----------------------------
[INFO ][2015-11-19 16:15:43,491][com.java.TestType] [ 8951] - Action Type : CLEARANDENTER
[INFO ][2015-11-19 16:15:43,491][com.java.TestType] [ 4507] - value = Password1*
[INFO ][2015-11-19 16:15:48,421][com.java.TestType] [ 8970] -  RESULT true
[INFO ][2015-11-19 16:15:48,421][com.java.TestType] [ 9087] - ?   P A S S   ?
[DEBUG][2015-11-19 16:15:48,421][com.java.TestType] [ 8893] - Concept ID:1 :: Step being Executed: 1::3
[ERROR][2015-11-19 16:15:48,421][com.java.TestType] [ 8926] - Exception: null
[INFO ][2015-11-19 16:15:48,421][com.java.TestType] [ 8931] - dataFields : XPH//button[@type='submit']
[DEBUG][2015-11-19 16:15:48,421][com.java.TestType] [ 8937] - <In Set values of the page>
[DEBUG][2015-11-19 16:15:48,421][com.java.TestType] [ 8942] - {Data Fields & Data Values Exist}
[INFO ][2015-11-19 16:15:48,421][com.java.TestType] [ 8948] - --------------------------setting values-----------------------------
[INFO ][2015-11-19 16:15:48,421][com.java.TestType] [ 8951] - Action Type : Click
[INFO ][2015-11-19 16:15:48,421][com.java.TestType] [ 4820] - Field ::XPH//button[@type='submit']
[INFO ][2015-11-19 16:15:49,421][com.java.TestType] [ 4879] - BEFORE CLICK
[INFO ][2015-11-19 16:15:54,039][com.java.TestType] [ 4887] - Unable to click the object Login
[INFO ][2015-11-19 16:15:54,039][com.java.TestType] [ 8970] -  RESULT true
[INFO ][2015-11-19 16:15:54,039][com.java.TestType] [ 9087] - ?   P A S S   ?
[DEBUG][2015-11-19 16:15:54,039][com.java.TestType] [ 8893] - Concept ID:1 :: Step being Executed: 1::4
[INFO ][2015-11-19 16:15:54,039][com.java.TestType] [ 8931] - dataFields : LNKLogout
[DEBUG][2015-11-19 16:15:54,039][com.java.TestType] [ 8937] - <In Set values of the page>
[DEBUG][2015-11-19 16:15:54,039][com.java.TestType] [ 8942] - {Data Fields & Data Values Exist}
[INFO ][2015-11-19 16:15:54,039][com.java.TestType] [ 8948] - --------------------------setting values-----------------------------
[INFO ][2015-11-19 16:15:54,039][com.java.TestType] [ 8951] - Action Type : WaitForElement
[INFO ][2015-11-19 16:15:54,070][com.java.TestType] [ 8970] -  RESULT true
[INFO ][2015-11-19 16:15:54,070][com.java.TestType] [ 9087] - ?   P A S S   ?
[DEBUG][2015-11-19 16:15:54,070][com.java.TestType] [ 8893] - Concept ID:1 :: Step being Executed: 1::13
[INFO ][2015-11-19 16:15:54,070][com.java.TestType] [ 8931] - dataFields : LNK
[DEBUG][2015-11-19 16:15:54,070][com.java.TestType] [ 8937] - <In Set values of the page>
[DEBUG][2015-11-19 16:15:54,070][com.java.TestType] [ 8942] - {Data Fields & Data Values Exist}
[INFO ][2015-11-19 16:15:54,070][com.java.TestType] [ 8948] - --------------------------setting values-----------------------------
[INFO ][2015-11-19 16:15:54,070][com.java.TestType] [ 8951] - Action Type : Verify
[INFO ][2015-11-19 16:15:54,070][com.java.TestType] [ 5614] - field= LNK value= Logout
[INFO ][2015-11-19 16:15:54,070][com.java.TestType] [ 4507] - value = Logout
[INFO ][2015-11-19 16:15:54,100][com.java.TestType] [ 8970] -  RESULT true
[INFO ][2015-11-19 16:15:54,100][com.java.TestType] [ 9087] - ?   P A S S   ?
[DEBUG][2015-11-19 16:15:54,100][com.java.TestType] [ 8893] - Concept ID:1 :: Step being Executed: 1::14
[INFO ][2015-11-19 16:15:54,100][com.java.TestType] [ 8931] - dataFields : BTN
[DEBUG][2015-11-19 16:15:54,100][com.java.TestType] [ 8937] - <In Set values of the page>
[DEBUG][2015-11-19 16:15:54,100][com.java.TestType] [ 8942] - {Data Fields & Data Values Exist}
[INFO ][2015-11-19 16:15:54,100][com.java.TestType] [ 8948] - --------------------------setting values-----------------------------
[INFO ][2015-11-19 16:15:54,100][com.java.TestType] [ 8951] - Action Type : Verify
[INFO ][2015-11-19 16:15:54,100][com.java.TestType] [ 5614] - field= BTN value= //img[contains(@src,'bdlogo.jpg')]
[INFO ][2015-11-19 16:15:54,100][com.java.TestType] [ 4507] - value = //img[contains(@src,'bdlogo.jpg')]
[INFO ][2015-11-19 16:15:54,130][com.java.TestType] [ 8970] -  RESULT true
[INFO ][2015-11-19 16:15:54,130][com.java.TestType] [ 9087] - ?   P A S S   ?
[INFO ][2015-11-19 16:15:54,130][com.java.TestType] [ 9158] - Looping End......
[INFO ][2015-11-19 16:15:54,130][com.java.SeleniumDriver] [  869] -  RESULT true
[INFO ][2015-11-19 16:15:54,130][com.java.SeleniumDriver] [ 1074] - ?   P A S S   ?
[INFO ][2015-11-19 16:15:54,130][com.java.SeleniumDriver] [  796] - ------------------------------------------
[INFO ][2015-11-19 16:15:54,130][com.java.SeleniumDriver] [  797] - Test case being Executed: 22
[INFO ][2015-11-19 16:15:54,130][com.java.SeleniumDriver] [  808] - Test step:3
[INFO ][2015-11-19 16:15:54,130][com.java.SeleniumDriver] [  820] - Datavalue is----------10
[INFO ][2015-11-19 16:15:54,130][com.java.SeleniumDriver] [  844] - DataField : BTNG/L
[INFO ][2015-11-19 16:15:54,130][com.java.SeleniumDriver] [  846] - DataValue : 10
[INFO ][2015-11-19 16:15:54,130][com.java.SeleniumDriver] [  852] - <In Set values of the page>
[INFO ][2015-11-19 16:15:54,130][com.java.SeleniumDriver] [  855] - {Data Fields & Data Values Exist}
[INFO ][2015-11-19 16:15:54,130][com.java.SeleniumDriver] [  857] - --------------------------setting values-----------------------------
[INFO ][2015-11-19 16:15:54,130][com.java.SeleniumDriver] [  860] - Action Type : WAITFORELEMENT
[INFO ][2015-11-19 16:15:54,170][com.java.SeleniumDriver] [  869] -  RESULT true
[INFO ][2015-11-19 16:15:54,170][com.java.SeleniumDriver] [ 1074] - ?   P A S S   ?
[INFO ][2015-11-19 16:15:54,170][com.java.SeleniumDriver] [  796] - ------------------------------------------
[INFO ][2015-11-19 16:15:54,170][com.java.SeleniumDriver] [  797] - Test case being Executed: 22
[INFO ][2015-11-19 16:15:54,170][com.java.SeleniumDriver] [  808] - Test step:4
[INFO ][2015-11-19 16:15:54,170][com.java.SeleniumDriver] [  820] - Datavalue is----------null
[DEBUG][2015-11-19 16:15:54,170][com.java.SeleniumDriver] [  838] - Exception: null
[INFO ][2015-11-19 16:15:54,170][com.java.SeleniumDriver] [  844] - DataField : //span[@class="icon-coin"]&&//a[contains(text(),"Balance Sheet")]&&//a[@data-id="BHistorical"]
[INFO ][2015-11-19 16:15:54,170][com.java.SeleniumDriver] [  846] - DataValue : 
[INFO ][2015-11-19 16:15:54,170][com.java.SeleniumDriver] [  852] - <In Set values of the page>
[INFO ][2015-11-19 16:15:54,170][com.java.SeleniumDriver] [  855] - {Data Fields & Data Values Exist}
[INFO ][2015-11-19 16:15:54,170][com.java.SeleniumDriver] [  857] - --------------------------setting values-----------------------------
[INFO ][2015-11-19 16:15:54,170][com.java.SeleniumDriver] [  860] - Action Type : MOUSEOVER
[INFO ][2015-11-19 16:16:20,931][com.java.SeleniumDriver] [  869] -  RESULT true
[INFO ][2015-11-19 16:16:20,931][com.java.SeleniumDriver] [ 1074] - ?   P A S S   ?
[INFO ][2015-11-19 16:16:20,931][com.java.SeleniumDriver] [  796] - ------------------------------------------
[INFO ][2015-11-19 16:16:20,931][com.java.SeleniumDriver] [  797] - Test case being Executed: 22
[INFO ][2015-11-19 16:16:20,931][com.java.SeleniumDriver] [  808] - Test step:5
[INFO ][2015-11-19 16:16:20,931][com.java.SeleniumDriver] [  820] - Datavalue is----------frameDialogContent
[INFO ][2015-11-19 16:16:20,931][com.java.SeleniumDriver] [  844] - DataField : BTN
[INFO ][2015-11-19 16:16:20,931][com.java.SeleniumDriver] [  846] - DataValue : frameDialogContent
[INFO ][2015-11-19 16:16:20,931][com.java.SeleniumDriver] [  852] - <In Set values of the page>
[INFO ][2015-11-19 16:16:20,931][com.java.SeleniumDriver] [  855] - {Data Fields & Data Values Exist}
[INFO ][2015-11-19 16:16:20,931][com.java.SeleniumDriver] [  857] - --------------------------setting values-----------------------------
[INFO ][2015-11-19 16:16:20,931][com.java.SeleniumDriver] [  860] - Action Type : SELECTFRAMEBYNAME
[INFO ][2015-11-19 16:16:20,931][com.java.TestType] [ 4507] - value = frameDialogContent
[INFO ][2015-11-19 16:16:20,992][com.java.SeleniumDriver] [  869] -  RESULT true
[INFO ][2015-11-19 16:16:20,992][com.java.SeleniumDriver] [ 1074] - ?   P A S S   ?
[INFO ][2015-11-19 16:16:20,992][com.java.SeleniumDriver] [  796] - ------------------------------------------
[INFO ][2015-11-19 16:16:20,992][com.java.SeleniumDriver] [  797] - Test case being Executed: 22
[INFO ][2015-11-19 16:16:20,992][com.java.SeleniumDriver] [  808] - Test step:6
[INFO ][2015-11-19 16:16:20,992][com.java.SeleniumDriver] [  820] - Datavalue is----------10
[INFO ][2015-11-19 16:16:20,992][com.java.SeleniumDriver] [  844] - DataField : XPH//label[@id='lblRange']
[INFO ][2015-11-19 16:16:20,992][com.java.SeleniumDriver] [  846] - DataValue : 10
[INFO ][2015-11-19 16:16:20,992][com.java.SeleniumDriver] [  852] - <In Set values of the page>
[INFO ][2015-11-19 16:16:20,992][com.java.SeleniumDriver] [  855] - {Data Fields & Data Values Exist}
[INFO ][2015-11-19 16:16:20,992][com.java.SeleniumDriver] [  857] - --------------------------setting values-----------------------------
[INFO ][2015-11-19 16:16:20,992][com.java.SeleniumDriver] [  860] - Action Type : WAITFORELEMENT
[INFO ][2015-11-19 16:16:21,042][com.java.SeleniumDriver] [  869] -  RESULT true
[INFO ][2015-11-19 16:16:21,042][com.java.SeleniumDriver] [ 1074] - ?   P A S S   ?
[INFO ][2015-11-19 16:16:21,042][com.java.SeleniumDriver] [  796] - ------------------------------------------
[INFO ][2015-11-19 16:16:21,042][com.java.SeleniumDriver] [  797] - Test case being Executed: 22
[INFO ][2015-11-19 16:16:21,042][com.java.SeleniumDriver] [  808] - Test step:7
[INFO ][2015-11-19 16:16:21,042][com.java.SeleniumDriver] [  820] - Datavalue is----------null
[DEBUG][2015-11-19 16:16:21,042][com.java.SeleniumDriver] [  838] - Exception: null
[INFO ][2015-11-19 16:16:21,042][com.java.SeleniumDriver] [  844] - DataField : XPH//select[@id='ddlRange']
[INFO ][2015-11-19 16:16:21,042][com.java.SeleniumDriver] [  846] - DataValue : 
[INFO ][2015-11-19 16:16:21,042][com.java.SeleniumDriver] [  852] - <In Set values of the page>
[INFO ][2015-11-19 16:16:21,042][com.java.SeleniumDriver] [  855] - {Data Fields & Data Values Exist}
[INFO ][2015-11-19 16:16:21,042][com.java.SeleniumDriver] [  857] - --------------------------setting values-----------------------------
[INFO ][2015-11-19 16:16:21,042][com.java.SeleniumDriver] [  860] - Action Type : CLICK
[INFO ][2015-11-19 16:16:21,042][com.java.TestType] [ 4820] - Field ::XPH//select[@id='ddlRange']
[INFO ][2015-11-19 16:16:22,042][com.java.TestType] [ 4879] - BEFORE CLICK
[INFO ][2015-11-19 16:16:22,852][com.java.TestType] [ 4887] - Unable to click the object click on the dropdwon range
[INFO ][2015-11-19 16:16:22,852][com.java.SeleniumDriver] [  869] -  RESULT true
[INFO ][2015-11-19 16:16:22,852][com.java.SeleniumDriver] [ 1074] - ?   P A S S   ?
[INFO ][2015-11-19 16:16:22,852][com.java.SeleniumDriver] [  796] - ------------------------------------------
[INFO ][2015-11-19 16:16:22,852][com.java.SeleniumDriver] [  797] - Test case being Executed: 22
[INFO ][2015-11-19 16:16:22,852][com.java.SeleniumDriver] [  808] - Test step:8
[INFO ][2015-11-19 16:16:22,852][com.java.SeleniumDriver] [  820] - Datavalue is----------10
[INFO ][2015-11-19 16:16:22,852][com.java.SeleniumDriver] [  844] - DataField : XPH//select[@id='ddlRange']/option[text()='Calendar']
[INFO ][2015-11-19 16:16:22,852][com.java.SeleniumDriver] [  846] - DataValue : 10
[INFO ][2015-11-19 16:16:22,852][com.java.SeleniumDriver] [  852] - <In Set values of the page>
[INFO ][2015-11-19 16:16:22,852][com.java.SeleniumDriver] [  855] - {Data Fields & Data Values Exist}
[INFO ][2015-11-19 16:16:22,852][com.java.SeleniumDriver] [  857] - --------------------------setting values-----------------------------
[INFO ][2015-11-19 16:16:22,852][com.java.SeleniumDriver] [  860] - Action Type : WAITFORELEMENT
[INFO ][2015-11-19 16:16:22,883][com.java.SeleniumDriver] [  869] -  RESULT true
[INFO ][2015-11-19 16:16:22,883][com.java.SeleniumDriver] [ 1074] - ?   P A S S   ?
[INFO ][2015-11-19 16:16:22,883][com.java.SeleniumDriver] [  796] - ------------------------------------------
[INFO ][2015-11-19 16:16:22,883][com.java.SeleniumDriver] [  797] - Test case being Executed: 22
[INFO ][2015-11-19 16:16:22,883][com.java.SeleniumDriver] [  808] - Test step:9
[INFO ][2015-11-19 16:16:22,883][com.java.SeleniumDriver] [  820] - Datavalue is----------null
[DEBUG][2015-11-19 16:16:22,883][com.java.SeleniumDriver] [  838] - Exception: null
[INFO ][2015-11-19 16:16:22,883][com.java.SeleniumDriver] [  844] - DataField : XPH//select[@id='ddlRange']/option[text()='Calendar']
[INFO ][2015-11-19 16:16:22,883][com.java.SeleniumDriver] [  846] - DataValue : 
[INFO ][2015-11-19 16:16:22,883][com.java.SeleniumDriver] [  852] - <In Set values of the page>
[INFO ][2015-11-19 16:16:22,883][com.java.SeleniumDriver] [  855] - {Data Fields & Data Values Exist}
[INFO ][2015-11-19 16:16:22,883][com.java.SeleniumDriver] [  857] - --------------------------setting values-----------------------------
[INFO ][2015-11-19 16:16:22,883][com.java.SeleniumDriver] [  860] - Action Type : CLICK
[INFO ][2015-11-19 16:16:22,883][com.java.TestType] [ 4820] - Field ::XPH//select[@id='ddlRange']/option[text()='Calendar']
[INFO ][2015-11-19 16:16:23,883][com.java.TestType] [ 4879] - BEFORE CLICK
[INFO ][2015-11-19 16:16:24,583][com.java.TestType] [ 4887] - Unable to click the object select the calendar option
[INFO ][2015-11-19 16:16:24,583][com.java.SeleniumDriver] [  869] -  RESULT true
[INFO ][2015-11-19 16:16:24,583][com.java.SeleniumDriver] [ 1074] - ?   P A S S   ?
[INFO ][2015-11-19 16:16:24,583][com.java.SeleniumDriver] [  796] - ------------------------------------------
[INFO ][2015-11-19 16:16:24,583][com.java.SeleniumDriver] [  797] - Test case being Executed: 22
[INFO ][2015-11-19 16:16:24,583][com.java.SeleniumDriver] [  808] - Test step:10
[INFO ][2015-11-19 16:16:24,583][com.java.SeleniumDriver] [  820] - Datavalue is----------null
[DEBUG][2015-11-19 16:16:24,583][com.java.SeleniumDriver] [  838] - Exception: null
[INFO ][2015-11-19 16:16:24,583][com.java.SeleniumDriver] [  844] - DataField : BTNparent
[INFO ][2015-11-19 16:16:24,583][com.java.SeleniumDriver] [  846] - DataValue : 
[INFO ][2015-11-19 16:16:24,583][com.java.SeleniumDriver] [  852] - <In Set values of the page>
[INFO ][2015-11-19 16:16:24,583][com.java.SeleniumDriver] [  855] - {Data Fields & Data Values Exist}
[INFO ][2015-11-19 16:16:24,583][com.java.SeleniumDriver] [  857] - --------------------------setting values-----------------------------
[INFO ][2015-11-19 16:16:24,583][com.java.SeleniumDriver] [  860] - Action Type : SELECTFRAME
[INFO ][2015-11-19 16:16:24,584][com.java.SeleniumDriver] [  869] -  RESULT true
[INFO ][2015-11-19 16:16:24,584][com.java.SeleniumDriver] [ 1074] - ?   P A S S   ?
[INFO ][2015-11-19 16:16:24,584][com.java.SeleniumDriver] [  796] - ------------------------------------------
[INFO ][2015-11-19 16:16:24,584][com.java.SeleniumDriver] [  797] - Test case being Executed: 22
[INFO ][2015-11-19 16:16:24,584][com.java.SeleniumDriver] [  808] - Test step:11
[INFO ][2015-11-19 16:16:24,584][com.java.SeleniumDriver] [  820] - Datavalue is----------10
[INFO ][2015-11-19 16:16:24,584][com.java.SeleniumDriver] [  844] - DataField : XPH//button/span[text()='Show Report']
[INFO ][2015-11-19 16:16:24,584][com.java.SeleniumDriver] [  846] - DataValue : 10
[INFO ][2015-11-19 16:16:24,584][com.java.SeleniumDriver] [  852] - <In Set values of the page>
[INFO ][2015-11-19 16:16:24,584][com.java.SeleniumDriver] [  855] - {Data Fields & Data Values Exist}
[INFO ][2015-11-19 16:16:24,584][com.java.SeleniumDriver] [  857] - --------------------------setting values-----------------------------
[INFO ][2015-11-19 16:16:24,584][com.java.SeleniumDriver] [  860] - Action Type : WAITFORELEMENT
[INFO ][2015-11-19 16:16:24,624][com.java.SeleniumDriver] [  869] -  RESULT true
[INFO ][2015-11-19 16:16:24,624][com.java.SeleniumDriver] [ 1074] - ?   P A S S   ?
[INFO ][2015-11-19 16:16:24,624][com.java.SeleniumDriver] [  796] - ------------------------------------------
[INFO ][2015-11-19 16:16:24,624][com.java.SeleniumDriver] [  797] - Test case being Executed: 22
[INFO ][2015-11-19 16:16:24,624][com.java.SeleniumDriver] [  808] - Test step:12
[INFO ][2015-11-19 16:16:24,624][com.java.SeleniumDriver] [  820] - Datavalue is----------null
[DEBUG][2015-11-19 16:16:24,624][com.java.SeleniumDriver] [  838] - Exception: null
[INFO ][2015-11-19 16:16:24,624][com.java.SeleniumDriver] [  844] - DataField : XPH//button/span[text()='Show Report']
[INFO ][2015-11-19 16:16:24,624][com.java.SeleniumDriver] [  846] - DataValue : 
[INFO ][2015-11-19 16:16:24,624][com.java.SeleniumDriver] [  852] - <In Set values of the page>
[INFO ][2015-11-19 16:16:24,624][com.java.SeleniumDriver] [  855] - {Data Fields & Data Values Exist}
[INFO ][2015-11-19 16:16:24,624][com.java.SeleniumDriver] [  857] - --------------------------setting values-----------------------------
[INFO ][2015-11-19 16:16:24,624][com.java.SeleniumDriver] [  860] - Action Type : CLICK
[INFO ][2015-11-19 16:16:24,624][com.java.TestType] [ 4820] - Field ::XPH//button/span[text()='Show Report']
[INFO ][2015-11-19 16:16:25,624][com.java.TestType] [ 4879] - BEFORE CLICK
[INFO ][2015-11-19 16:16:26,775][com.java.TestType] [ 4887] - Unable to click the object click on show report button
[INFO ][2015-11-19 16:16:26,775][com.java.SeleniumDriver] [  869] -  RESULT true
[INFO ][2015-11-19 16:16:26,775][com.java.SeleniumDriver] [ 1074] - ?   P A S S   ?
[INFO ][2015-11-19 16:16:26,775][com.java.SeleniumDriver] [  796] - ------------------------------------------
[INFO ][2015-11-19 16:16:26,775][com.java.SeleniumDriver] [  797] - Test case being Executed: 22
[INFO ][2015-11-19 16:16:26,775][com.java.SeleniumDriver] [  808] - Test step:13
[INFO ][2015-11-19 16:16:26,775][com.java.SeleniumDriver] [  820] - Datavalue is----------10
[INFO ][2015-11-19 16:16:26,775][com.java.SeleniumDriver] [  844] - DataField : XPH//b[text()='Consolidated']
[INFO ][2015-11-19 16:16:26,775][com.java.SeleniumDriver] [  846] - DataValue : 10
[INFO ][2015-11-19 16:16:26,775][com.java.SeleniumDriver] [  852] - <In Set values of the page>
[INFO ][2015-11-19 16:16:26,775][com.java.SeleniumDriver] [  855] - {Data Fields & Data Values Exist}
[INFO ][2015-11-19 16:16:26,775][com.java.SeleniumDriver] [  857] - --------------------------setting values-----------------------------
[INFO ][2015-11-19 16:16:26,775][com.java.SeleniumDriver] [  860] - Action Type : WAITFORELEMENT
[INFO ][2015-11-19 16:16:27,933][com.java.SeleniumDriver] [  869] -  RESULT true
[INFO ][2015-11-19 16:16:27,933][com.java.SeleniumDriver] [ 1074] - ?   P A S S   ?
[INFO ][2015-11-19 16:16:27,933][com.java.SeleniumDriver] [  796] - ------------------------------------------
[INFO ][2015-11-19 16:16:27,933][com.java.SeleniumDriver] [  797] - Test case being Executed: 22
[INFO ][2015-11-19 16:16:27,933][com.java.SeleniumDriver] [  808] - Test step:14
[INFO ][2015-11-19 16:16:27,933][com.java.SeleniumDriver] [  820] - Datavalue is----------date
[INFO ][2015-11-19 16:16:27,933][com.java.SeleniumDriver] [  844] - DataField : SLB//*[@id='ddlDate1']/option[1]
[INFO ][2015-11-19 16:16:27,933][com.java.SeleniumDriver] [  846] - DataValue : date
[INFO ][2015-11-19 16:16:27,933][com.java.SeleniumDriver] [  852] - <In Set values of the page>
[INFO ][2015-11-19 16:16:27,933][com.java.SeleniumDriver] [  855] - {Data Fields & Data Values Exist}
[INFO ][2015-11-19 16:16:27,933][com.java.SeleniumDriver] [  857] - --------------------------setting values-----------------------------
[INFO ][2015-11-19 16:16:27,933][com.java.SeleniumDriver] [  860] - Action Type : STOREVALUE
[INFO ][2015-11-19 16:16:27,933][com.java.TestType] [ 6740] - field= SLB//*[@id='ddlDate1']/option[1]
