[INFO ][2016-01-06 14:17:43,545][com.java.SeleniumDriver] [  213] - Execute Failed Casesfalse
[INFO ][2016-01-06 14:17:43,545][com.java.SeleniumDriver] [  214] - Browser: IE10
[INFO ][2016-01-06 14:17:43,545][com.java.SeleniumDriver] [  215] - [1, 6]
[INFO ][2016-01-06 14:17:43,545][com.java.SeleniumDriver] [  216] - Total TestCases:2
[INFO ][2016-01-06 14:17:43,545][com.java.SeleniumDriver] [  217] -  Reading Properties from Property File 
[DEBUG][2016-01-06 14:17:43,546][com.java.SeleniumDriver] [  238] - url : https://clients-xuat.bankersdashboard.com
[INFO ][2016-01-06 14:17:43,547][com.java.ImportnExport.ExportTestResultsExcel] [  116] - Time Stamp Wed Jan 06 02:17:43 IST 2016
[INFO ][2016-01-06 14:17:43,547][com.java.ImportnExport.ExportTestResultsExcel] [  175] - OUT FILE : D:\BankersDashboard/TestReports/Test Results_BankersDashBoard_010616_141743_IE10_United Bank.xls
[INFO ][2016-01-06 14:17:43,577][com.java.ImportnExport.ExportTestResultsExcel] [  180] - Test Result file is created
[DEBUG][2016-01-06 14:17:43,676][com.java.SeleniumDriver] [  426] - Hub ip address is-------172.17.68.34
[INFO ][2016-01-06 14:17:43,677][com.java.SeleniumDriver] [  452] - Grid URL:http://172.17.68.34:4444/wd/hub
[INFO ][2016-01-06 14:17:43,678][com.java.SeleniumDriver] [  453] - Capability:Capabilities [{platform=ANY, ensureCleanSession=true, ignoreProtectedModeSettings=true, acceptSslCerts=true, ignoreZoomSetting=true, browserName=internet explorer, browserstack.ie.noFlash=true, version=null}]
[ERROR][2016-01-06 14:17:45,001][com.java.SeleniumDriver] [  498] - Unable invoke browser in grid:Could not start a new session. Possible causes are invalid address of the remote server or browser start-up failure.
Build info: version: '2.48.2', revision: '41bccdd', time: '2015-10-09 19:59:12'
System info: host: 'FVTIII438F1D', ip: '172.17.68.34', os.name: 'Windows 7', os.arch: 'x86', os.version: '6.1', java.version: '1.7.0_55'
Driver info: driver.version: SeleniumDriver
[INFO ][2016-01-06 14:17:45,001][com.java.SeleniumDriver] [  500] - Executing on local machine
[INFO ][2016-01-06 14:17:55,400][com.java.SeleniumDriver] [  248] - IE10is opened
[INFO ][2016-01-06 14:17:56,286][com.java.SeleniumDriver] [  756] - Test cases to be executed are: [1, 6]
[INFO ][2016-01-06 14:17:56,307][com.java.ImportnExport.ImportTestDataDetailsExcel] [   49] - test data details path===== D:\BankersDashboard\TestInputs\TestData.xls
[INFO ][2016-01-06 14:17:58,066][com.java.SeleniumDriver] [  832] - ------------------------------------------
[INFO ][2016-01-06 14:17:58,066][com.java.SeleniumDriver] [  833] - Test case being Executed: 1
[INFO ][2016-01-06 14:17:58,066][com.java.SeleniumDriver] [  845] - Test step:1
[INFO ][2016-01-06 14:17:58,066][com.java.SeleniumDriver] [  857] - Datavalue is----------Concept#1:1-16
[INFO ][2016-01-06 14:17:58,068][com.java.SeleniumDriver] [  881] - DataField : test
[INFO ][2016-01-06 14:17:58,068][com.java.SeleniumDriver] [  883] - DataValue : Concept#1:1-16
[INFO ][2016-01-06 14:17:58,068][com.java.SeleniumDriver] [  889] - <In Set values of the page>
[INFO ][2016-01-06 14:17:58,068][com.java.SeleniumDriver] [  892] - {Data Fields & Data Values Exist}
[INFO ][2016-01-06 14:17:58,069][com.java.SeleniumDriver] [  894] - --------------------------setting values-----------------------------
[INFO ][2016-01-06 14:17:58,069][com.java.SeleniumDriver] [  897] - Action Type : ExecuteTestCase
[INFO ][2016-01-06 14:17:58,086][com.java.TestType] [  437] - The Concept sheet name is ---------- Concept
[INFO ][2016-01-06 14:17:58,086][com.java.TestType] [  440] - The Concept ID  is ---------- 1
[DEBUG][2016-01-06 14:17:58,086][com.java.TestType] [  444] - Steps being executted in the Concept are: 1:16
[INFO ][2016-01-06 14:17:58,086][com.java.TestType] [  451] - Test data details path ---------- D:\BankersDashboard\TestInputs\TestData.xls
[INFO ][2016-01-06 14:17:58,601][com.java.TestType] [  482] -  str(1) = 1
[INFO ][2016-01-06 14:17:58,602][com.java.TestType] [  485] - Test case Id is---1
[INFO ][2016-01-06 14:17:58,602][com.java.TestType] [  487] - 1
[INFO ][2016-01-06 14:17:58,602][com.java.TestType] [  482] -  str(2) = 1
[INFO ][2016-01-06 14:17:58,606][com.java.TestType] [  482] -  str(1) = 1
[INFO ][2016-01-06 14:17:58,606][com.java.TestType] [  485] - Test case Id is---1
[INFO ][2016-01-06 14:17:58,606][com.java.TestType] [  487] - 1
[INFO ][2016-01-06 14:17:58,606][com.java.TestType] [  482] -  str(2) = 2
[INFO ][2016-01-06 14:17:58,607][com.java.TestType] [  482] -  str(1) = 1
[INFO ][2016-01-06 14:17:58,607][com.java.TestType] [  485] - Test case Id is---1
[INFO ][2016-01-06 14:17:58,607][com.java.TestType] [  487] - 1
[INFO ][2016-01-06 14:17:58,608][com.java.TestType] [  482] -  str(2) = 3
[INFO ][2016-01-06 14:17:58,609][com.java.TestType] [  482] -  str(1) = 1
[INFO ][2016-01-06 14:17:58,609][com.java.TestType] [  485] - Test case Id is---1
[INFO ][2016-01-06 14:17:58,609][com.java.TestType] [  487] - 1
[INFO ][2016-01-06 14:17:58,609][com.java.TestType] [  482] -  str(2) = 4
[INFO ][2016-01-06 14:17:58,610][com.java.TestType] [  482] -  str(1) = 1
[INFO ][2016-01-06 14:17:58,610][com.java.TestType] [  485] - Test case Id is---1
[INFO ][2016-01-06 14:17:58,611][com.java.TestType] [  487] - 1
[INFO ][2016-01-06 14:17:58,611][com.java.TestType] [  482] -  str(2) = 5
[INFO ][2016-01-06 14:17:58,612][com.java.TestType] [  482] -  str(1) = 1
[INFO ][2016-01-06 14:17:58,612][com.java.TestType] [  485] - Test case Id is---1
[INFO ][2016-01-06 14:17:58,612][com.java.TestType] [  487] - 1
[INFO ][2016-01-06 14:17:58,612][com.java.TestType] [  482] -  str(2) = 6
[INFO ][2016-01-06 14:17:58,613][com.java.TestType] [  482] -  str(1) = 1
[INFO ][2016-01-06 14:17:58,615][com.java.TestType] [  485] - Test case Id is---1
[INFO ][2016-01-06 14:17:58,615][com.java.TestType] [  487] - 1
[INFO ][2016-01-06 14:17:58,616][com.java.TestType] [  482] -  str(2) = 7
[INFO ][2016-01-06 14:17:58,616][com.java.TestType] [  482] -  str(1) = 1
[INFO ][2016-01-06 14:17:58,616][com.java.TestType] [  485] - Test case Id is---1
[INFO ][2016-01-06 14:17:58,616][com.java.TestType] [  487] - 1
[INFO ][2016-01-06 14:17:58,617][com.java.TestType] [  482] -  str(2) = 8
[INFO ][2016-01-06 14:17:58,617][com.java.TestType] [  482] -  str(1) = 1
[INFO ][2016-01-06 14:17:58,617][com.java.TestType] [  485] - Test case Id is---1
[INFO ][2016-01-06 14:17:58,617][com.java.TestType] [  487] - 1
[INFO ][2016-01-06 14:17:58,618][com.java.TestType] [  482] -  str(2) = 9
[INFO ][2016-01-06 14:17:58,618][com.java.TestType] [  482] -  str(1) = 1
[INFO ][2016-01-06 14:17:58,618][com.java.TestType] [  485] - Test case Id is---1
[INFO ][2016-01-06 14:17:58,618][com.java.TestType] [  487] - 1
[INFO ][2016-01-06 14:17:58,618][com.java.TestType] [  482] -  str(2) = 10
[INFO ][2016-01-06 14:17:58,619][com.java.TestType] [  482] -  str(1) = 1
[INFO ][2016-01-06 14:17:58,619][com.java.TestType] [  485] - Test case Id is---1
[INFO ][2016-01-06 14:17:58,619][com.java.TestType] [  487] - 1
[INFO ][2016-01-06 14:17:58,620][com.java.TestType] [  482] -  str(2) = 11
[INFO ][2016-01-06 14:17:58,620][com.java.TestType] [  482] -  str(1) = 1
[INFO ][2016-01-06 14:17:58,620][com.java.TestType] [  485] - Test case Id is---1
[INFO ][2016-01-06 14:17:58,620][com.java.TestType] [  487] - 1
[INFO ][2016-01-06 14:17:58,621][com.java.TestType] [  482] -  str(2) = 12
[INFO ][2016-01-06 14:17:58,621][com.java.TestType] [  482] -  str(1) = 1
[INFO ][2016-01-06 14:17:58,621][com.java.TestType] [  485] - Test case Id is---1
[INFO ][2016-01-06 14:17:58,621][com.java.TestType] [  487] - 1
[INFO ][2016-01-06 14:17:58,622][com.java.TestType] [  482] -  str(2) = 13
[INFO ][2016-01-06 14:17:58,622][com.java.TestType] [  482] -  str(1) = 1
[INFO ][2016-01-06 14:17:58,622][com.java.TestType] [  485] - Test case Id is---1
[INFO ][2016-01-06 14:17:58,623][com.java.TestType] [  487] - 1
[INFO ][2016-01-06 14:17:58,623][com.java.TestType] [  482] -  str(2) = 14
[INFO ][2016-01-06 14:17:58,624][com.java.TestType] [  482] -  str(1) = 1
[INFO ][2016-01-06 14:17:58,624][com.java.TestType] [  485] - Test case Id is---1
[INFO ][2016-01-06 14:17:58,624][com.java.TestType] [  487] - 1
[INFO ][2016-01-06 14:17:58,624][com.java.TestType] [  482] -  str(2) = 15
[INFO ][2016-01-06 14:17:58,625][com.java.TestType] [  482] -  str(1) = 1
[INFO ][2016-01-06 14:17:58,625][com.java.TestType] [  485] - Test case Id is---1
[INFO ][2016-01-06 14:17:58,625][com.java.TestType] [  487] - 1
[INFO ][2016-01-06 14:17:58,625][com.java.TestType] [  482] -  str(2) = 16
[INFO ][2016-01-06 14:17:58,626][com.java.TestType] [10651] - Looping 1TCID = 1
[DEBUG][2016-01-06 14:17:58,626][com.java.TestType] [10692] - Concept ID:1 :: Step being Executed: 1::1
[INFO ][2016-01-06 14:17:58,626][com.java.TestType] [10730] - dataFields : TXTusername
[DEBUG][2016-01-06 14:17:58,626][com.java.TestType] [10736] - <In Set values of the page>
[DEBUG][2016-01-06 14:17:58,626][com.java.TestType] [10741] - {Data Fields & Data Values Exist}
[INFO ][2016-01-06 14:17:58,626][com.java.TestType] [10747] - --------------------------setting values-----------------------------
[INFO ][2016-01-06 14:17:58,626][com.java.TestType] [10750] - Action Type : CLEARANDENTER
[INFO ][2016-01-06 14:17:58,627][com.java.TestType] [ 5747] - value = valuelabs.ie10.00058
[INFO ][2016-01-06 14:18:03,404][com.java.TestType] [10769] -  RESULT true
[INFO ][2016-01-06 14:18:03,404][com.java.TestType] [10886] - ?   P A S S   ?
[DEBUG][2016-01-06 14:18:03,404][com.java.TestType] [10692] - Concept ID:1 :: Step being Executed: 1::2
[INFO ][2016-01-06 14:18:03,405][com.java.TestType] [10730] - dataFields : TXTpassword
[DEBUG][2016-01-06 14:18:03,405][com.java.TestType] [10736] - <In Set values of the page>
[DEBUG][2016-01-06 14:18:03,405][com.java.TestType] [10741] - {Data Fields & Data Values Exist}
[INFO ][2016-01-06 14:18:03,405][com.java.TestType] [10747] - --------------------------setting values-----------------------------
[INFO ][2016-01-06 14:18:03,405][com.java.TestType] [10750] - Action Type : CLEARANDENTER
[INFO ][2016-01-06 14:18:03,405][com.java.TestType] [ 5747] - value = Password1*
[INFO ][2016-01-06 14:18:08,348][com.java.TestType] [10769] -  RESULT true
[INFO ][2016-01-06 14:18:08,348][com.java.TestType] [10886] - ?   P A S S   ?
[DEBUG][2016-01-06 14:18:08,348][com.java.TestType] [10692] - Concept ID:1 :: Step being Executed: 1::3
[ERROR][2016-01-06 14:18:08,348][com.java.TestType] [10725] - Exception: null
[INFO ][2016-01-06 14:18:08,349][com.java.TestType] [10730] - dataFields : XPH//button[@type='submit']
[DEBUG][2016-01-06 14:18:08,349][com.java.TestType] [10736] - <In Set values of the page>
[DEBUG][2016-01-06 14:18:08,350][com.java.TestType] [10741] - {Data Fields & Data Values Exist}
[INFO ][2016-01-06 14:18:08,350][com.java.TestType] [10747] - --------------------------setting values-----------------------------
[INFO ][2016-01-06 14:18:08,350][com.java.TestType] [10750] - Action Type : Click
[INFO ][2016-01-06 14:18:08,350][com.java.TestType] [ 6126] - Field ::XPH//button[@type='submit']
[INFO ][2016-01-06 14:18:08,350][com.java.TestType] [ 5747] - value = 
[INFO ][2016-01-06 14:18:09,350][com.java.TestType] [ 6263] - BEFORE CLICK
[INFO ][2016-01-06 14:18:10,220][com.java.TestType] [ 6271] - Unable to click the object Login
[INFO ][2016-01-06 14:18:10,220][com.java.TestType] [10769] -  RESULT true
[INFO ][2016-01-06 14:18:10,220][com.java.TestType] [10886] - ?   P A S S   ?
[DEBUG][2016-01-06 14:18:10,220][com.java.TestType] [10692] - Concept ID:1 :: Step being Executed: 1::4
[INFO ][2016-01-06 14:18:10,220][com.java.TestType] [10730] - dataFields : LNKLogout
[DEBUG][2016-01-06 14:18:10,220][com.java.TestType] [10736] - <In Set values of the page>
[DEBUG][2016-01-06 14:18:10,220][com.java.TestType] [10741] - {Data Fields & Data Values Exist}
[INFO ][2016-01-06 14:18:10,220][com.java.TestType] [10747] - --------------------------setting values-----------------------------
[INFO ][2016-01-06 14:18:10,220][com.java.TestType] [10750] - Action Type : WaitForElement
[INFO ][2016-01-06 14:18:13,511][com.java.TestType] [10769] -  RESULT true
[INFO ][2016-01-06 14:18:13,511][com.java.TestType] [10886] - ?   P A S S   ?
[DEBUG][2016-01-06 14:18:13,512][com.java.TestType] [10692] - Concept ID:1 :: Step being Executed: 1::15
[INFO ][2016-01-06 14:18:13,512][com.java.TestType] [10730] - dataFields : LNK
[DEBUG][2016-01-06 14:18:13,512][com.java.TestType] [10736] - <In Set values of the page>
[DEBUG][2016-01-06 14:18:13,512][com.java.TestType] [10741] - {Data Fields & Data Values Exist}
[INFO ][2016-01-06 14:18:13,512][com.java.TestType] [10747] - --------------------------setting values-----------------------------
[INFO ][2016-01-06 14:18:13,512][com.java.TestType] [10750] - Action Type : Verify
[INFO ][2016-01-06 14:18:13,512][com.java.TestType] [ 7123] - field= LNK value= Logout
[INFO ][2016-01-06 14:18:13,513][com.java.TestType] [ 5747] - value = Logout
[INFO ][2016-01-06 14:18:13,551][com.java.TestType] [10769] -  RESULT true
[INFO ][2016-01-06 14:18:13,551][com.java.TestType] [10886] - ?   P A S S   ?
[DEBUG][2016-01-06 14:18:13,551][com.java.TestType] [10692] - Concept ID:1 :: Step being Executed: 1::16
[INFO ][2016-01-06 14:18:13,551][com.java.TestType] [10730] - dataFields : BTN
[DEBUG][2016-01-06 14:18:13,551][com.java.TestType] [10736] - <In Set values of the page>
[DEBUG][2016-01-06 14:18:13,551][com.java.TestType] [10741] - {Data Fields & Data Values Exist}
[INFO ][2016-01-06 14:18:13,551][com.java.TestType] [10747] - --------------------------setting values-----------------------------
[INFO ][2016-01-06 14:18:13,551][com.java.TestType] [10750] - Action Type : Verify
[INFO ][2016-01-06 14:18:13,551][com.java.TestType] [ 7123] - field= BTN value= //img[contains(@src,'bdlogo.jpg')]
[INFO ][2016-01-06 14:18:13,551][com.java.TestType] [ 5747] - value = //img[contains(@src,'bdlogo.jpg')]
[INFO ][2016-01-06 14:18:13,626][com.java.TestType] [10769] -  RESULT true
[INFO ][2016-01-06 14:18:13,626][com.java.TestType] [10886] - ?   P A S S   ?
[INFO ][2016-01-06 14:18:13,626][com.java.TestType] [10957] - Looping End......
[INFO ][2016-01-06 14:18:13,627][com.java.SeleniumDriver] [  906] -  RESULT true
[INFO ][2016-01-06 14:18:13,627][com.java.SeleniumDriver] [ 1112] - ?   P A S S   ?
[INFO ][2016-01-06 14:18:13,628][com.java.SeleniumDriver] [  832] - ------------------------------------------
[INFO ][2016-01-06 14:18:13,628][com.java.SeleniumDriver] [  833] - Test case being Executed: 1
[INFO ][2016-01-06 14:18:13,628][com.java.SeleniumDriver] [  845] - Test step:2
[INFO ][2016-01-06 14:18:13,628][com.java.SeleniumDriver] [  857] - Datavalue is----------Concept#2:1-2
[INFO ][2016-01-06 14:18:13,628][com.java.SeleniumDriver] [  881] - DataField : test
[INFO ][2016-01-06 14:18:13,628][com.java.SeleniumDriver] [  883] - DataValue : Concept#2:1-2
[INFO ][2016-01-06 14:18:13,628][com.java.SeleniumDriver] [  889] - <In Set values of the page>
[INFO ][2016-01-06 14:18:13,628][com.java.SeleniumDriver] [  892] - {Data Fields & Data Values Exist}
[INFO ][2016-01-06 14:18:13,628][com.java.SeleniumDriver] [  894] - --------------------------setting values-----------------------------
[INFO ][2016-01-06 14:18:13,630][com.java.SeleniumDriver] [  897] - Action Type : ExecuteTestCase
[INFO ][2016-01-06 14:18:13,630][com.java.TestType] [  437] - The Concept sheet name is ---------- Concept
[INFO ][2016-01-06 14:18:13,630][com.java.TestType] [  440] - The Concept ID  is ---------- 2
[DEBUG][2016-01-06 14:18:13,631][com.java.TestType] [  444] - Steps being executted in the Concept are: 1:2
[INFO ][2016-01-06 14:18:13,631][com.java.TestType] [  451] - Test data details path ---------- D:\BankersDashboard\TestInputs\TestData.xls
[INFO ][2016-01-06 14:18:14,378][com.java.TestType] [  482] -  str(1) = 2
[INFO ][2016-01-06 14:18:14,378][com.java.TestType] [  485] - Test case Id is---2
[INFO ][2016-01-06 14:18:14,378][com.java.TestType] [  487] - 2
[INFO ][2016-01-06 14:18:14,378][com.java.TestType] [  482] -  str(2) = 1
[INFO ][2016-01-06 14:18:14,380][com.java.TestType] [  482] -  str(1) = 2
[INFO ][2016-01-06 14:18:14,380][com.java.TestType] [  485] - Test case Id is---2
[INFO ][2016-01-06 14:18:14,380][com.java.TestType] [  487] - 2
[INFO ][2016-01-06 14:18:14,381][com.java.TestType] [  482] -  str(2) = 2
[INFO ][2016-01-06 14:18:14,381][com.java.TestType] [  482] -  str(1) = 2
[INFO ][2016-01-06 14:18:14,381][com.java.TestType] [  485] - Test case Id is---2
[INFO ][2016-01-06 14:18:14,381][com.java.TestType] [  487] - 2
[INFO ][2016-01-06 14:18:14,381][com.java.TestType] [  482] -  str(2) = 3
[INFO ][2016-01-06 14:18:14,382][com.java.TestType] [10651] - Looping 1TCID = 2
[DEBUG][2016-01-06 14:18:14,382][com.java.TestType] [10692] - Concept ID:2 :: Step being Executed: 2::1
[INFO ][2016-01-06 14:18:14,382][com.java.TestType] [10730] - dataFields : BNK//select[@id='bank']
[DEBUG][2016-01-06 14:18:14,382][com.java.TestType] [10736] - <In Set values of the page>
[DEBUG][2016-01-06 14:18:14,382][com.java.TestType] [10741] - {Data Fields & Data Values Exist}
[INFO ][2016-01-06 14:18:14,382][com.java.TestType] [10747] - --------------------------setting values-----------------------------
[INFO ][2016-01-06 14:18:14,383][com.java.TestType] [10750] - Action Type : Select
[INFO ][2016-01-06 14:18:14,383][com.java.TestType] [ 5747] - value = PFC
[INFO ][2016-01-06 14:18:14,666][com.java.TestType] [10769] -  RESULT true
[INFO ][2016-01-06 14:18:14,666][com.java.TestType] [10886] - ?   P A S S   ?
[DEBUG][2016-01-06 14:18:14,666][com.java.TestType] [10692] - Concept ID:2 :: Step being Executed: 2::2
[INFO ][2016-01-06 14:18:14,666][com.java.TestType] [10730] - dataFields : LNKLogout
[DEBUG][2016-01-06 14:18:14,666][com.java.TestType] [10736] - <In Set values of the page>
[DEBUG][2016-01-06 14:18:14,666][com.java.TestType] [10741] - {Data Fields & Data Values Exist}
[INFO ][2016-01-06 14:18:14,666][com.java.TestType] [10747] - --------------------------setting values-----------------------------
[INFO ][2016-01-06 14:18:14,667][com.java.TestType] [10750] - Action Type : WaitTime
[DEBUG][2016-01-06 14:18:14,667][com.java.TestType] [ 5567] - sleepTime: 5000
[INFO ][2016-01-06 14:18:19,667][com.java.TestType] [10769] -  RESULT true
[INFO ][2016-01-06 14:18:19,667][com.java.TestType] [10886] - ?   P A S S   ?
[INFO ][2016-01-06 14:18:19,667][com.java.TestType] [10957] - Looping End......
[INFO ][2016-01-06 14:18:19,668][com.java.SeleniumDriver] [  906] -  RESULT true
[INFO ][2016-01-06 14:18:19,668][com.java.SeleniumDriver] [ 1112] - ?   P A S S   ?
[INFO ][2016-01-06 14:18:19,668][com.java.SeleniumDriver] [  832] - ------------------------------------------
[INFO ][2016-01-06 14:18:19,668][com.java.SeleniumDriver] [  833] - Test case being Executed: 1
[INFO ][2016-01-06 14:18:19,668][com.java.SeleniumDriver] [  845] - Test step:3
[INFO ][2016-01-06 14:18:19,669][com.java.SeleniumDriver] [  857] - Datavalue is----------2
[INFO ][2016-01-06 14:18:19,669][com.java.SeleniumDriver] [  881] - DataField : XPH//button[contains(text(),'Add Content')]
[INFO ][2016-01-06 14:18:19,669][com.java.SeleniumDriver] [  883] - DataValue : 2
[INFO ][2016-01-06 14:18:19,669][com.java.SeleniumDriver] [  889] - <In Set values of the page>
[INFO ][2016-01-06 14:18:19,669][com.java.SeleniumDriver] [  892] - {Data Fields & Data Values Exist}
[INFO ][2016-01-06 14:18:19,669][com.java.SeleniumDriver] [  894] - --------------------------setting values-----------------------------
[INFO ][2016-01-06 14:18:19,669][com.java.SeleniumDriver] [  897] - Action Type : WAITFORELEMENT
[INFO ][2016-01-06 14:18:19,708][com.java.SeleniumDriver] [  906] -  RESULT true
[INFO ][2016-01-06 14:18:19,708][com.java.SeleniumDriver] [ 1112] - ?   P A S S   ?
[DEBUG][2016-01-06 14:18:19,708][com.java.SeleniumDriver] [ 1224] - Case found
[DEBUG][2016-01-06 14:18:19,709][com.java.SeleniumDriver] [ 1229] - Incrementing ReportCounters[0]:1
[INFO ][2016-01-06 14:18:19,709][com.java.SeleniumDriver] [ 1248] - The results are-------------------[1, 1, Valid Login, Pass, , Wed Jan 06 14:18:13 IST 2016, 1, 2, Valid Login, Pass, , Wed Jan 06 14:18:19 IST 2016, 1, 3, Valid Login, Pass, , Wed Jan 06 14:18:19 IST 2016]
[INFO ][2016-01-06 14:18:19,709][com.java.SeleniumDriver] [ 1252] - End time is-------38 sec
[INFO ][2016-01-06 14:18:19,709][com.java.SeleniumDriver] [ 1253] - The results are-------------------[1, 1, Valid Login, Pass, , Wed Jan 06 14:18:13 IST 2016, 1, 2, Valid Login, Pass, , Wed Jan 06 14:18:19 IST 2016, 1, 3, Valid Login, Pass, , Wed Jan 06 14:18:19 IST 2016]
[DEBUG][2016-01-06 14:18:19,709][com.java.ImportnExport.ExportTestResultsExcel] [  222] - testResultPath = D:\BankersDashboard/TestReports/Test Results_BankersDashBoard_010616_141743_IE10_United Bank.xls
[DEBUG][2016-01-06 14:18:19,709][com.java.ImportnExport.ExportTestResultsExcel] [  223] - browser is------------IE10
[DEBUG][2016-01-06 14:18:19,755][com.java.ImportnExport.ExportTestResultsExcel] [  270] - result.size() = 18
[DEBUG][2016-01-06 14:18:19,755][com.java.ImportnExport.ExportTestResultsExcel] [  274] - No of rows in sheet=1
[DEBUG][2016-01-06 14:18:19,755][com.java.ImportnExport.ExportTestResultsExcel] [  301] - ..in export..1
[DEBUG][2016-01-06 14:18:19,755][com.java.ImportnExport.ExportTestResultsExcel] [  301] - ..in export..Valid Login
[DEBUG][2016-01-06 14:18:19,755][com.java.ImportnExport.ExportTestResultsExcel] [  301] - ..in export..Pass
[DEBUG][2016-01-06 14:18:19,755][com.java.ImportnExport.ExportTestResultsExcel] [  301] - ..in export..
[DEBUG][2016-01-06 14:18:19,755][com.java.ImportnExport.ExportTestResultsExcel] [  301] - ..in export..Wed Jan 06 14:18:13 IST 2016
[INFO ][2016-01-06 14:18:19,757][com.java.SeleniumDriver] [ 1313] - out loop:0 size:2 TestCases:[1, 6] testcases:[1, 6]
[INFO ][2016-01-06 14:18:19,757][com.java.ImportnExport.ImportTestDataDetailsExcel] [   49] - test data details path===== D:\BankersDashboard\TestInputs\TestData.xls
[INFO ][2016-01-06 14:18:49,540][com.java.SeleniumDriver] [  832] - ------------------------------------------
[INFO ][2016-01-06 14:18:49,540][com.java.SeleniumDriver] [  833] - Test case being Executed: 6
[INFO ][2016-01-06 14:18:49,540][com.java.SeleniumDriver] [  845] - Test step:1
[INFO ][2016-01-06 14:18:49,540][com.java.SeleniumDriver] [  857] - Datavalue is----------5
[INFO ][2016-01-06 14:18:49,541][com.java.SeleniumDriver] [  881] - DataField : LNKLogout
[INFO ][2016-01-06 14:18:49,541][com.java.SeleniumDriver] [  883] - DataValue : 5
[INFO ][2016-01-06 14:18:49,541][com.java.SeleniumDriver] [  889] - <In Set values of the page>
[INFO ][2016-01-06 14:18:49,541][com.java.SeleniumDriver] [  892] - {Data Fields & Data Values Exist}
[INFO ][2016-01-06 14:18:49,541][com.java.SeleniumDriver] [  894] - --------------------------setting values-----------------------------
[INFO ][2016-01-06 14:18:49,541][com.java.SeleniumDriver] [  897] - Action Type : WaitForElement
[INFO ][2016-01-06 14:18:49,601][com.java.SeleniumDriver] [  906] -  RESULT true
[INFO ][2016-01-06 14:18:49,601][com.java.SeleniumDriver] [ 1112] - ?   P A S S   ?
[INFO ][2016-01-06 14:18:49,602][com.java.SeleniumDriver] [ 1154] - step change to 3
[INFO ][2016-01-06 14:18:49,602][com.java.SeleniumDriver] [  832] - ------------------------------------------
[INFO ][2016-01-06 14:18:49,602][com.java.SeleniumDriver] [  833] - Test case being Executed: 6
[INFO ][2016-01-06 14:18:49,602][com.java.SeleniumDriver] [  845] - Test step:3
[INFO ][2016-01-06 14:18:49,602][com.java.SeleniumDriver] [  857] - Datavalue is----------Concept#2:1-2
[INFO ][2016-01-06 14:18:49,602][com.java.SeleniumDriver] [  881] - DataField : test
[INFO ][2016-01-06 14:18:49,602][com.java.SeleniumDriver] [  883] - DataValue : Concept#2:1-2
[INFO ][2016-01-06 14:18:49,602][com.java.SeleniumDriver] [  889] - <In Set values of the page>
[INFO ][2016-01-06 14:18:49,602][com.java.SeleniumDriver] [  892] - {Data Fields & Data Values Exist}
[INFO ][2016-01-06 14:18:49,602][com.java.SeleniumDriver] [  894] - --------------------------setting values-----------------------------
[INFO ][2016-01-06 14:18:49,602][com.java.SeleniumDriver] [  897] - Action Type : ExecuteTestCase
[INFO ][2016-01-06 14:18:49,602][com.java.TestType] [  437] - The Concept sheet name is ---------- Concept
[INFO ][2016-01-06 14:18:49,603][com.java.TestType] [  440] - The Concept ID  is ---------- 2
[DEBUG][2016-01-06 14:18:49,603][com.java.TestType] [  444] - Steps being executted in the Concept are: 1:2
[INFO ][2016-01-06 14:18:49,603][com.java.TestType] [  451] - Test data details path ---------- D:\BankersDashboard\TestInputs\TestData.xls
[INFO ][2016-01-06 14:18:50,133][com.java.TestType] [  482] -  str(1) = 2
[INFO ][2016-01-06 14:18:50,133][com.java.TestType] [  485] - Test case Id is---2
[INFO ][2016-01-06 14:18:50,133][com.java.TestType] [  487] - 2
[INFO ][2016-01-06 14:18:50,133][com.java.TestType] [  482] -  str(2) = 1
[INFO ][2016-01-06 14:18:50,135][com.java.TestType] [  482] -  str(1) = 2
[INFO ][2016-01-06 14:18:50,135][com.java.TestType] [  485] - Test case Id is---2
[INFO ][2016-01-06 14:18:50,135][com.java.TestType] [  487] - 2
[INFO ][2016-01-06 14:18:50,135][com.java.TestType] [  482] -  str(2) = 2
[INFO ][2016-01-06 14:18:50,136][com.java.TestType] [  482] -  str(1) = 2
[INFO ][2016-01-06 14:18:50,136][com.java.TestType] [  485] - Test case Id is---2
[INFO ][2016-01-06 14:18:50,136][com.java.TestType] [  487] - 2
[INFO ][2016-01-06 14:18:50,136][com.java.TestType] [  482] -  str(2) = 3
[INFO ][2016-01-06 14:18:50,136][com.java.TestType] [10651] - Looping 1TCID = 2
[DEBUG][2016-01-06 14:18:50,137][com.java.TestType] [10692] - Concept ID:2 :: Step being Executed: 2::1
[INFO ][2016-01-06 14:18:50,137][com.java.TestType] [10730] - dataFields : BNK//select[@id='bank']
[DEBUG][2016-01-06 14:18:50,137][com.java.TestType] [10736] - <In Set values of the page>
[DEBUG][2016-01-06 14:18:50,137][com.java.TestType] [10741] - {Data Fields & Data Values Exist}
[INFO ][2016-01-06 14:18:50,137][com.java.TestType] [10747] - --------------------------setting values-----------------------------
[INFO ][2016-01-06 14:18:50,137][com.java.TestType] [10750] - Action Type : Select
[INFO ][2016-01-06 14:18:50,137][com.java.TestType] [ 5747] - value = PFC
[INFO ][2016-01-06 14:18:50,360][com.java.TestType] [10769] -  RESULT true
[INFO ][2016-01-06 14:18:50,360][com.java.TestType] [10886] - ?   P A S S   ?
[DEBUG][2016-01-06 14:18:50,360][com.java.TestType] [10692] - Concept ID:2 :: Step being Executed: 2::2
[INFO ][2016-01-06 14:18:50,360][com.java.TestType] [10730] - dataFields : LNKLogout
[DEBUG][2016-01-06 14:18:50,360][com.java.TestType] [10736] - <In Set values of the page>
[DEBUG][2016-01-06 14:18:50,360][com.java.TestType] [10741] - {Data Fields & Data Values Exist}
[INFO ][2016-01-06 14:18:50,361][com.java.TestType] [10747] - --------------------------setting values-----------------------------
[INFO ][2016-01-06 14:18:50,361][com.java.TestType] [10750] - Action Type : WaitTime
[DEBUG][2016-01-06 14:18:50,361][com.java.TestType] [ 5567] - sleepTime: 5000
[INFO ][2016-01-06 14:18:55,361][com.java.TestType] [10769] -  RESULT true
[INFO ][2016-01-06 14:18:55,361][com.java.TestType] [10886] - ?   P A S S   ?
[INFO ][2016-01-06 14:18:55,361][com.java.TestType] [10957] - Looping End......
[INFO ][2016-01-06 14:18:55,363][com.java.SeleniumDriver] [  906] -  RESULT true
[INFO ][2016-01-06 14:18:55,363][com.java.SeleniumDriver] [ 1112] - ?   P A S S   ?
[INFO ][2016-01-06 14:18:55,363][com.java.SeleniumDriver] [  832] - ------------------------------------------
[INFO ][2016-01-06 14:18:55,363][com.java.SeleniumDriver] [  833] - Test case being Executed: 6
[INFO ][2016-01-06 14:18:55,363][com.java.SeleniumDriver] [  845] - Test step:4
[INFO ][2016-01-06 14:18:55,363][com.java.SeleniumDriver] [  857] - Datavalue is----------null
[DEBUG][2016-01-06 14:18:55,363][com.java.SeleniumDriver] [  875] - Exception: null
[INFO ][2016-01-06 14:18:55,363][com.java.SeleniumDriver] [  881] - DataField : //span[@class='icon-user4']&&//ul[@id='Admin']/li[2]/a&&//ul[@id="GLMapping"]//a[@data-id="ProfitCenters"]
[INFO ][2016-01-06 14:18:55,363][com.java.SeleniumDriver] [  883] - DataValue : 
[INFO ][2016-01-06 14:18:55,363][com.java.SeleniumDriver] [  889] - <In Set values of the page>
[INFO ][2016-01-06 14:18:55,363][com.java.SeleniumDriver] [  892] - {Data Fields & Data Values Exist}
[INFO ][2016-01-06 14:18:55,363][com.java.SeleniumDriver] [  894] - --------------------------setting values-----------------------------
[INFO ][2016-01-06 14:18:55,364][com.java.SeleniumDriver] [  897] - Action Type : mouseover
[INFO ][2016-01-06 14:19:23,862][com.java.SeleniumDriver] [  906] -  RESULT true
[INFO ][2016-01-06 14:19:23,862][com.java.SeleniumDriver] [ 1112] - ?   P A S S   ?
[INFO ][2016-01-06 14:19:23,862][com.java.SeleniumDriver] [  832] - ------------------------------------------
[INFO ][2016-01-06 14:19:23,862][com.java.SeleniumDriver] [  833] - Test case being Executed: 6
[INFO ][2016-01-06 14:19:23,862][com.java.SeleniumDriver] [  845] - Test step:5
[INFO ][2016-01-06 14:19:23,862][com.java.SeleniumDriver] [  857] - Datavalue is----------5
[INFO ][2016-01-06 14:19:23,862][com.java.SeleniumDriver] [  881] - DataField : XPH//iframe[@class='frameTabContent']
[INFO ][2016-01-06 14:19:23,862][com.java.SeleniumDriver] [  883] - DataValue : 5
[INFO ][2016-01-06 14:19:23,863][com.java.SeleniumDriver] [  889] - <In Set values of the page>
[INFO ][2016-01-06 14:19:23,863][com.java.SeleniumDriver] [  892] - {Data Fields & Data Values Exist}
[INFO ][2016-01-06 14:19:23,863][com.java.SeleniumDriver] [  894] - --------------------------setting values-----------------------------
[INFO ][2016-01-06 14:19:23,863][com.java.SeleniumDriver] [  897] - Action Type : waitforelement
[INFO ][2016-01-06 14:19:24,130][com.java.SeleniumDriver] [  906] -  RESULT true
[INFO ][2016-01-06 14:19:24,130][com.java.SeleniumDriver] [ 1112] - ?   P A S S   ?
[INFO ][2016-01-06 14:19:24,130][com.java.SeleniumDriver] [  832] - ------------------------------------------
[INFO ][2016-01-06 14:19:24,130][com.java.SeleniumDriver] [  833] - Test case being Executed: 6
[INFO ][2016-01-06 14:19:24,130][com.java.SeleniumDriver] [  845] - Test step:6
[INFO ][2016-01-06 14:19:24,130][com.java.SeleniumDriver] [  857] - Datavalue is----------null
[DEBUG][2016-01-06 14:19:24,131][com.java.SeleniumDriver] [  875] - Exception: null
[INFO ][2016-01-06 14:19:24,131][com.java.SeleniumDriver] [  881] - DataField : BTN//iframe[@class='frameTabContent']
[INFO ][2016-01-06 14:19:24,131][com.java.SeleniumDriver] [  883] - DataValue : 
[INFO ][2016-01-06 14:19:24,131][com.java.SeleniumDriver] [  889] - <In Set values of the page>
[INFO ][2016-01-06 14:19:24,131][com.java.SeleniumDriver] [  892] - {Data Fields & Data Values Exist}
[INFO ][2016-01-06 14:19:24,131][com.java.SeleniumDriver] [  894] - --------------------------setting values-----------------------------
[INFO ][2016-01-06 14:19:24,131][com.java.SeleniumDriver] [  897] - Action Type : SELECTFRAME
[INFO ][2016-01-06 14:19:24,809][com.java.SeleniumDriver] [  906] -  RESULT true
[INFO ][2016-01-06 14:19:24,809][com.java.SeleniumDriver] [ 1112] - ?   P A S S   ?
[INFO ][2016-01-06 14:19:24,809][com.java.SeleniumDriver] [  832] - ------------------------------------------
[INFO ][2016-01-06 14:19:24,809][com.java.SeleniumDriver] [  833] - Test case being Executed: 6
[INFO ][2016-01-06 14:19:24,809][com.java.SeleniumDriver] [  845] - Test step:7
[INFO ][2016-01-06 14:19:24,810][com.java.SeleniumDriver] [  857] - Datavalue is----------Manage Profit Centers and Regions 
[INFO ][2016-01-06 14:19:24,810][com.java.SeleniumDriver] [  881] - DataField : MSG
[INFO ][2016-01-06 14:19:24,810][com.java.SeleniumDriver] [  883] - DataValue : Manage Profit Centers and Regions 
[INFO ][2016-01-06 14:19:24,810][com.java.SeleniumDriver] [  889] - <In Set values of the page>
[INFO ][2016-01-06 14:19:24,810][com.java.SeleniumDriver] [  892] - {Data Fields & Data Values Exist}
[INFO ][2016-01-06 14:19:24,810][com.java.SeleniumDriver] [  894] - --------------------------setting values-----------------------------
[INFO ][2016-01-06 14:19:24,810][com.java.SeleniumDriver] [  897] - Action Type : VERIFY
[INFO ][2016-01-06 14:19:24,810][com.java.TestType] [ 7123] - field= MSG value= Manage Profit Centers and Regions 
[INFO ][2016-01-06 14:19:24,810][com.java.TestType] [ 5747] - value = Manage Profit Centers and Regions 
[DEBUG][2016-01-06 14:19:24,810][com.java.TestType] [ 7944] - value :: Manage Profit Centers and Regions 
[INFO ][2016-01-06 14:19:24,909][com.java.SeleniumDriver] [  906] -  RESULT true
[INFO ][2016-01-06 14:19:24,909][com.java.SeleniumDriver] [ 1112] - ?   P A S S   ?
[INFO ][2016-01-06 14:19:24,909][com.java.SeleniumDriver] [  832] - ------------------------------------------
[INFO ][2016-01-06 14:19:24,909][com.java.SeleniumDriver] [  833] - Test case being Executed: 6
[INFO ][2016-01-06 14:19:24,909][com.java.SeleniumDriver] [  845] - Test step:8
[INFO ][2016-01-06 14:19:24,909][com.java.SeleniumDriver] [  857] - Datavalue is----------null
[DEBUG][2016-01-06 14:19:24,909][com.java.SeleniumDriver] [  875] - Exception: null
[INFO ][2016-01-06 14:19:24,909][com.java.SeleniumDriver] [  881] - DataField : LNKRegions
[INFO ][2016-01-06 14:19:24,910][com.java.SeleniumDriver] [  883] - DataValue : 
[INFO ][2016-01-06 14:19:24,910][com.java.SeleniumDriver] [  889] - <In Set values of the page>
[INFO ][2016-01-06 14:19:24,910][com.java.SeleniumDriver] [  892] - {Data Fields & Data Values Exist}
[INFO ][2016-01-06 14:19:24,910][com.java.SeleniumDriver] [  894] - --------------------------setting values-----------------------------
[INFO ][2016-01-06 14:19:24,910][com.java.SeleniumDriver] [  897] - Action Type : click
[INFO ][2016-01-06 14:19:24,910][com.java.TestType] [ 6126] - Field ::LNKRegions
[INFO ][2016-01-06 14:19:24,910][com.java.TestType] [ 5747] - value = 
[INFO ][2016-01-06 14:19:25,910][com.java.TestType] [ 6226] - BEFORE CLICK on Regions
[INFO ][2016-01-06 14:19:28,744][com.java.SeleniumDriver] [  906] -  RESULT true
[INFO ][2016-01-06 14:19:28,744][com.java.SeleniumDriver] [ 1112] - ?   P A S S   ?
[INFO ][2016-01-06 14:19:28,744][com.java.SeleniumDriver] [  832] - ------------------------------------------
[INFO ][2016-01-06 14:19:28,744][com.java.SeleniumDriver] [  833] - Test case being Executed: 6
[INFO ][2016-01-06 14:19:28,744][com.java.SeleniumDriver] [  845] - Test step:9
[INFO ][2016-01-06 14:19:28,744][com.java.SeleniumDriver] [  857] - Datavalue is----------null
[DEBUG][2016-01-06 14:19:28,744][com.java.SeleniumDriver] [  875] - Exception: null
[INFO ][2016-01-06 14:19:28,744][com.java.SeleniumDriver] [  881] - DataField : HDN//span[@class='glyphicon glyphicon-plus']
[INFO ][2016-01-06 14:19:28,745][com.java.SeleniumDriver] [  883] - DataValue : 
[INFO ][2016-01-06 14:19:28,745][com.java.SeleniumDriver] [  889] - <In Set values of the page>
[INFO ][2016-01-06 14:19:28,745][com.java.SeleniumDriver] [  892] - {Data Fields & Data Values Exist}
[INFO ][2016-01-06 14:19:28,745][com.java.SeleniumDriver] [  894] - --------------------------setting values-----------------------------
[INFO ][2016-01-06 14:19:28,745][com.java.SeleniumDriver] [  897] - Action Type : click
[INFO ][2016-01-06 14:19:28,745][com.java.TestType] [ 6126] - Field ::HDN//span[@class='glyphicon glyphicon-plus']
[INFO ][2016-01-06 14:19:28,745][com.java.TestType] [ 5747] - value = 
[INFO ][2016-01-06 14:19:30,298][com.java.SeleniumDriver] [  906] -  RESULT true
[INFO ][2016-01-06 14:19:30,298][com.java.SeleniumDriver] [ 1112] - ?   P A S S   ?
[INFO ][2016-01-06 14:19:30,298][com.java.SeleniumDriver] [  832] - ------------------------------------------
[INFO ][2016-01-06 14:19:30,298][com.java.SeleniumDriver] [  833] - Test case being Executed: 6
[INFO ][2016-01-06 14:19:30,298][com.java.SeleniumDriver] [  845] - Test step:10
[INFO ][2016-01-06 14:19:30,299][com.java.SeleniumDriver] [  857] - Datavalue is----------5
[INFO ][2016-01-06 14:19:30,299][com.java.SeleniumDriver] [  881] - DataField : XPH//div[contains(text(),'Region Name')]/input
[INFO ][2016-01-06 14:19:30,299][com.java.SeleniumDriver] [  883] - DataValue : 5
[INFO ][2016-01-06 14:19:30,299][com.java.SeleniumDriver] [  889] - <In Set values of the page>
[INFO ][2016-01-06 14:19:30,299][com.java.SeleniumDriver] [  892] - {Data Fields & Data Values Exist}
[INFO ][2016-01-06 14:19:30,299][com.java.SeleniumDriver] [  894] - --------------------------setting values-----------------------------
[INFO ][2016-01-06 14:19:30,299][com.java.SeleniumDriver] [  897] - Action Type : waitforelement
[INFO ][2016-01-06 14:19:30,359][com.java.SeleniumDriver] [  906] -  RESULT true
[INFO ][2016-01-06 14:19:30,359][com.java.SeleniumDriver] [ 1112] - ?   P A S S   ?
[INFO ][2016-01-06 14:19:30,359][com.java.SeleniumDriver] [  832] - ------------------------------------------
[INFO ][2016-01-06 14:19:30,359][com.java.SeleniumDriver] [  833] - Test case being Executed: 6
[INFO ][2016-01-06 14:19:30,359][com.java.SeleniumDriver] [  845] - Test step:11
[INFO ][2016-01-06 14:19:30,359][com.java.SeleniumDriver] [  857] - Datavalue is----------5
[INFO ][2016-01-06 14:19:30,359][com.java.SeleniumDriver] [  881] - DataField : XPH//div[contains(text(),'Available Centers')]/select/script[1]
[INFO ][2016-01-06 14:19:30,360][com.java.SeleniumDriver] [  883] - DataValue : 5
[INFO ][2016-01-06 14:19:30,360][com.java.SeleniumDriver] [  889] - <In Set values of the page>
[INFO ][2016-01-06 14:19:30,360][com.java.SeleniumDriver] [  892] - {Data Fields & Data Values Exist}
[INFO ][2016-01-06 14:19:30,360][com.java.SeleniumDriver] [  894] - --------------------------setting values-----------------------------
[INFO ][2016-01-06 14:19:30,360][com.java.SeleniumDriver] [  897] - Action Type : waitforelement
[INFO ][2016-01-06 14:19:30,436][com.java.SeleniumDriver] [  906] -  RESULT true
[INFO ][2016-01-06 14:19:30,436][com.java.SeleniumDriver] [ 1112] - ?   P A S S   ?
[INFO ][2016-01-06 14:19:30,437][com.java.SeleniumDriver] [  832] - ------------------------------------------
[INFO ][2016-01-06 14:19:30,437][com.java.SeleniumDriver] [  833] - Test case being Executed: 6
[INFO ][2016-01-06 14:19:30,437][com.java.SeleniumDriver] [  845] - Test step:12
[INFO ][2016-01-06 14:19:30,437][com.java.SeleniumDriver] [  857] - Datavalue is----------RNDVLTest
[INFO ][2016-01-06 14:19:30,437][com.java.SeleniumDriver] [  881] - DataField : TXT//div[contains(text(),'Region Name')]/input
[INFO ][2016-01-06 14:19:30,437][com.java.SeleniumDriver] [  883] - DataValue : RNDVLTest
[INFO ][2016-01-06 14:19:30,437][com.java.SeleniumDriver] [  889] - <In Set values of the page>
[INFO ][2016-01-06 14:19:30,437][com.java.SeleniumDriver] [  892] - {Data Fields & Data Values Exist}
[INFO ][2016-01-06 14:19:30,437][com.java.SeleniumDriver] [  894] - --------------------------setting values-----------------------------
[INFO ][2016-01-06 14:19:30,437][com.java.SeleniumDriver] [  897] - Action Type : clearandenter
[INFO ][2016-01-06 14:19:30,438][com.java.TestType] [ 5747] - value = VLTest12386
[INFO ][2016-01-06 14:19:31,307][com.java.SeleniumDriver] [  906] -  RESULT true
[INFO ][2016-01-06 14:19:31,307][com.java.SeleniumDriver] [ 1112] - ?   P A S S   ?
[INFO ][2016-01-06 14:19:31,307][com.java.SeleniumDriver] [  832] - ------------------------------------------
[INFO ][2016-01-06 14:19:31,307][com.java.SeleniumDriver] [  833] - Test case being Executed: 6
[INFO ][2016-01-06 14:19:31,308][com.java.SeleniumDriver] [  845] - Test step:13
[INFO ][2016-01-06 14:19:31,308][com.java.SeleniumDriver] [  857] - Datavalue is----------2
[INFO ][2016-01-06 14:19:31,308][com.java.SeleniumDriver] [  881] - DataField : test
[INFO ][2016-01-06 14:19:31,308][com.java.SeleniumDriver] [  883] - DataValue : 2
[INFO ][2016-01-06 14:19:31,308][com.java.SeleniumDriver] [  889] - <In Set values of the page>
[INFO ][2016-01-06 14:19:31,308][com.java.SeleniumDriver] [  892] - {Data Fields & Data Values Exist}
[INFO ][2016-01-06 14:19:31,308][com.java.SeleniumDriver] [  894] - --------------------------setting values-----------------------------
[INFO ][2016-01-06 14:19:31,308][com.java.SeleniumDriver] [  897] - Action Type : WaitTime
[DEBUG][2016-01-06 14:19:31,308][com.java.TestType] [ 5567] - sleepTime: 2000
[INFO ][2016-01-06 14:19:33,308][com.java.SeleniumDriver] [  906] -  RESULT true
[INFO ][2016-01-06 14:19:33,308][com.java.SeleniumDriver] [ 1112] - ?   P A S S   ?
[INFO ][2016-01-06 14:19:33,308][com.java.SeleniumDriver] [  832] - ------------------------------------------
[INFO ][2016-01-06 14:19:33,308][com.java.SeleniumDriver] [  833] - Test case being Executed: 6
[INFO ][2016-01-06 14:19:33,308][com.java.SeleniumDriver] [  845] - Test step:14
[INFO ][2016-01-06 14:19:33,308][com.java.SeleniumDriver] [  857] - Datavalue is----------enteredtext
[INFO ][2016-01-06 14:19:33,308][com.java.SeleniumDriver] [  881] - DataField : TXT//div[contains(text(),'Region Name')]/input
[INFO ][2016-01-06 14:19:33,308][com.java.SeleniumDriver] [  883] - DataValue : enteredtext
[INFO ][2016-01-06 14:19:33,308][com.java.SeleniumDriver] [  889] - <In Set values of the page>
[INFO ][2016-01-06 14:19:33,308][com.java.SeleniumDriver] [  892] - {Data Fields & Data Values Exist}
[INFO ][2016-01-06 14:19:33,308][com.java.SeleniumDriver] [  894] - --------------------------setting values-----------------------------
[INFO ][2016-01-06 14:19:33,308][com.java.SeleniumDriver] [  897] - Action Type : storevalue
[INFO ][2016-01-06 14:19:33,309][com.java.TestType] [ 8441] - field= TXT//div[contains(text(),'Region Name')]/input
[DEBUG][2016-01-06 14:19:33,427][com.java.TestType] [ 8455] - Key:: enteredtext  Value:: VLTest12386
[INFO ][2016-01-06 14:19:33,427][com.java.SeleniumDriver] [  906] -  RESULT true
[INFO ][2016-01-06 14:19:33,427][com.java.SeleniumDriver] [ 1112] - ?   P A S S   ?
[INFO ][2016-01-06 14:19:33,427][com.java.SeleniumDriver] [  832] - ------------------------------------------
[INFO ][2016-01-06 14:19:33,428][com.java.SeleniumDriver] [  833] - Test case being Executed: 6
[INFO ][2016-01-06 14:19:33,428][com.java.SeleniumDriver] [  845] - Test step:15
[INFO ][2016-01-06 14:19:33,428][com.java.SeleniumDriver] [  857] - Datavalue is----------null
[DEBUG][2016-01-06 14:19:33,428][com.java.SeleniumDriver] [  875] - Exception: null
[INFO ][2016-01-06 14:19:33,428][com.java.SeleniumDriver] [  881] - DataField : XPH//div[contains(text(),'Available Centers')]/select/option[1]
[INFO ][2016-01-06 14:19:33,428][com.java.SeleniumDriver] [  883] - DataValue : 
[INFO ][2016-01-06 14:19:33,428][com.java.SeleniumDriver] [  889] - <In Set values of the page>
[INFO ][2016-01-06 14:19:33,428][com.java.SeleniumDriver] [  892] - {Data Fields & Data Values Exist}
[INFO ][2016-01-06 14:19:33,428][com.java.SeleniumDriver] [  894] - --------------------------setting values-----------------------------
[INFO ][2016-01-06 14:19:33,428][com.java.SeleniumDriver] [  897] - Action Type : click
[INFO ][2016-01-06 14:19:33,428][com.java.TestType] [ 6126] - Field ::XPH//div[contains(text(),'Available Centers')]/select/option[1]
[INFO ][2016-01-06 14:19:33,428][com.java.TestType] [ 5747] - value = 
[INFO ][2016-01-06 14:19:34,428][com.java.TestType] [ 6263] - BEFORE CLICK
[INFO ][2016-01-06 14:19:35,195][com.java.TestType] [ 6271] - Unable to click the object Select a profitcenter
[INFO ][2016-01-06 14:19:35,195][com.java.SeleniumDriver] [  906] -  RESULT true
[INFO ][2016-01-06 14:19:35,195][com.java.SeleniumDriver] [ 1112] - ?   P A S S   ?
[INFO ][2016-01-06 14:19:35,195][com.java.SeleniumDriver] [  832] - ------------------------------------------
[INFO ][2016-01-06 14:19:35,196][com.java.SeleniumDriver] [  833] - Test case being Executed: 6
[INFO ][2016-01-06 14:19:35,197][com.java.SeleniumDriver] [  845] - Test step:16
[INFO ][2016-01-06 14:19:35,197][com.java.SeleniumDriver] [  857] - Datavalue is----------null
[DEBUG][2016-01-06 14:19:35,197][com.java.SeleniumDriver] [  875] - Exception: null
[INFO ][2016-01-06 14:19:35,197][com.java.SeleniumDriver] [  881] - DataField : HDN//span[@class='glyphicon glyphicon-chevron-left']
[INFO ][2016-01-06 14:19:35,197][com.java.SeleniumDriver] [  883] - DataValue : 
[INFO ][2016-01-06 14:19:35,197][com.java.SeleniumDriver] [  889] - <In Set values of the page>
[INFO ][2016-01-06 14:19:35,197][com.java.SeleniumDriver] [  892] - {Data Fields & Data Values Exist}
[INFO ][2016-01-06 14:19:35,197][com.java.SeleniumDriver] [  894] - --------------------------setting values-----------------------------
[INFO ][2016-01-06 14:19:35,197][com.java.SeleniumDriver] [  897] - Action Type : click
[INFO ][2016-01-06 14:19:35,197][com.java.TestType] [ 6126] - Field ::HDN//span[@class='glyphicon glyphicon-chevron-left']
[INFO ][2016-01-06 14:19:35,197][com.java.TestType] [ 5747] - value = 
[INFO ][2016-01-06 14:19:36,404][com.java.SeleniumDriver] [  906] -  RESULT true
[INFO ][2016-01-06 14:19:36,404][com.java.SeleniumDriver] [ 1112] - ?   P A S S   ?
[INFO ][2016-01-06 14:19:36,404][com.java.SeleniumDriver] [  832] - ------------------------------------------
[INFO ][2016-01-06 14:19:36,404][com.java.SeleniumDriver] [  833] - Test case being Executed: 6
[INFO ][2016-01-06 14:19:36,404][com.java.SeleniumDriver] [  845] - Test step:17
[INFO ][2016-01-06 14:19:36,404][com.java.SeleniumDriver] [  857] - Datavalue is----------null
[DEBUG][2016-01-06 14:19:36,406][com.java.SeleniumDriver] [  875] - Exception: null
[INFO ][2016-01-06 14:19:36,406][com.java.SeleniumDriver] [  881] - DataField : XPH//div[contains(text(),'Available Centers')]/select/option[2]
[INFO ][2016-01-06 14:19:36,406][com.java.SeleniumDriver] [  883] - DataValue : 
[INFO ][2016-01-06 14:19:36,406][com.java.SeleniumDriver] [  889] - <In Set values of the page>
[INFO ][2016-01-06 14:19:36,406][com.java.SeleniumDriver] [  892] - {Data Fields & Data Values Exist}
[INFO ][2016-01-06 14:19:36,406][com.java.SeleniumDriver] [  894] - --------------------------setting values-----------------------------
[INFO ][2016-01-06 14:19:36,406][com.java.SeleniumDriver] [  897] - Action Type : click
[INFO ][2016-01-06 14:19:36,406][com.java.TestType] [ 6126] - Field ::XPH//div[contains(text(),'Available Centers')]/select/option[2]
[INFO ][2016-01-06 14:19:36,406][com.java.TestType] [ 5747] - value = 
[INFO ][2016-01-06 14:19:37,407][com.java.TestType] [ 6263] - BEFORE CLICK
[INFO ][2016-01-06 14:19:38,160][com.java.TestType] [ 6271] - Unable to click the object Select a profitcenter
[INFO ][2016-01-06 14:19:38,160][com.java.SeleniumDriver] [  906] -  RESULT true
[INFO ][2016-01-06 14:19:38,160][com.java.SeleniumDriver] [ 1112] - ?   P A S S   ?
[INFO ][2016-01-06 14:19:38,160][com.java.SeleniumDriver] [  832] - ------------------------------------------
[INFO ][2016-01-06 14:19:38,160][com.java.SeleniumDriver] [  833] - Test case being Executed: 6
[INFO ][2016-01-06 14:19:38,160][com.java.SeleniumDriver] [  845] - Test step:18
[INFO ][2016-01-06 14:19:38,160][com.java.SeleniumDriver] [  857] - Datavalue is----------null
[DEBUG][2016-01-06 14:19:38,160][com.java.SeleniumDriver] [  875] - Exception: null
[INFO ][2016-01-06 14:19:38,160][com.java.SeleniumDriver] [  881] - DataField : HDN//span[@class='glyphicon glyphicon-chevron-left']
[INFO ][2016-01-06 14:19:38,161][com.java.SeleniumDriver] [  883] - DataValue : 
[INFO ][2016-01-06 14:19:38,161][com.java.SeleniumDriver] [  889] - <In Set values of the page>
[INFO ][2016-01-06 14:19:38,161][com.java.SeleniumDriver] [  892] - {Data Fields & Data Values Exist}
[INFO ][2016-01-06 14:19:38,161][com.java.SeleniumDriver] [  894] - --------------------------setting values-----------------------------
[INFO ][2016-01-06 14:19:38,161][com.java.SeleniumDriver] [  897] - Action Type : click
[INFO ][2016-01-06 14:19:38,161][com.java.TestType] [ 6126] - Field ::HDN//span[@class='glyphicon glyphicon-chevron-left']
[INFO ][2016-01-06 14:19:38,161][com.java.TestType] [ 5747] - value = 
[INFO ][2016-01-06 14:19:39,350][com.java.SeleniumDriver] [  906] -  RESULT true
[INFO ][2016-01-06 14:19:39,350][com.java.SeleniumDriver] [ 1112] - ?   P A S S   ?
[INFO ][2016-01-06 14:19:39,350][com.java.SeleniumDriver] [  832] - ------------------------------------------
[INFO ][2016-01-06 14:19:39,350][com.java.SeleniumDriver] [  833] - Test case being Executed: 6
[INFO ][2016-01-06 14:19:39,350][com.java.SeleniumDriver] [  845] - Test step:19
[INFO ][2016-01-06 14:19:39,351][com.java.SeleniumDriver] [  857] - Datavalue is----------null
[DEBUG][2016-01-06 14:19:39,351][com.java.SeleniumDriver] [  875] - Exception: null
[INFO ][2016-01-06 14:19:39,351][com.java.SeleniumDriver] [  881] - DataField : XPH//button[contains(text(),'Save')]
[INFO ][2016-01-06 14:19:39,351][com.java.SeleniumDriver] [  883] - DataValue : 
[INFO ][2016-01-06 14:19:39,351][com.java.SeleniumDriver] [  889] - <In Set values of the page>
[INFO ][2016-01-06 14:19:39,351][com.java.SeleniumDriver] [  892] - {Data Fields & Data Values Exist}
[INFO ][2016-01-06 14:19:39,351][com.java.SeleniumDriver] [  894] - --------------------------setting values-----------------------------
[INFO ][2016-01-06 14:19:39,351][com.java.SeleniumDriver] [  897] - Action Type : clickwithalert
[INFO ][2016-01-06 14:19:41,826][com.java.SeleniumDriver] [  906] -  RESULT true
[INFO ][2016-01-06 14:19:41,826][com.java.SeleniumDriver] [ 1112] - ?   P A S S   ?
[INFO ][2016-01-06 14:19:41,827][com.java.SeleniumDriver] [  832] - ------------------------------------------
[INFO ][2016-01-06 14:19:41,827][com.java.SeleniumDriver] [  833] - Test case being Executed: 6
[INFO ][2016-01-06 14:19:41,827][com.java.SeleniumDriver] [  845] - Test step:20
[INFO ][2016-01-06 14:19:41,827][com.java.SeleniumDriver] [  857] - Datavalue is----------10
[INFO ][2016-01-06 14:19:41,827][com.java.SeleniumDriver] [  881] - DataField : XPH//select[@class="form-control input-sm"]
[INFO ][2016-01-06 14:19:41,827][com.java.SeleniumDriver] [  883] - DataValue : 10
[INFO ][2016-01-06 14:19:41,827][com.java.SeleniumDriver] [  889] - <In Set values of the page>
[INFO ][2016-01-06 14:19:41,827][com.java.SeleniumDriver] [  892] - {Data Fields & Data Values Exist}
[INFO ][2016-01-06 14:19:41,827][com.java.SeleniumDriver] [  894] - --------------------------setting values-----------------------------
[INFO ][2016-01-06 14:19:41,827][com.java.SeleniumDriver] [  897] - Action Type : waitforelement
[INFO ][2016-01-06 14:19:41,853][com.java.SeleniumDriver] [  906] -  RESULT true
[INFO ][2016-01-06 14:19:41,853][com.java.SeleniumDriver] [ 1112] - ?   P A S S   ?
[INFO ][2016-01-06 14:19:41,853][com.java.SeleniumDriver] [  832] - ------------------------------------------
[INFO ][2016-01-06 14:19:41,853][com.java.SeleniumDriver] [  833] - Test case being Executed: 6
[INFO ][2016-01-06 14:19:41,853][com.java.SeleniumDriver] [  845] - Test step:21
[INFO ][2016-01-06 14:19:41,853][com.java.SeleniumDriver] [  857] - Datavalue is----------All
[INFO ][2016-01-06 14:19:41,853][com.java.SeleniumDriver] [  881] - DataField : SLB//select[@class="form-control input-sm"]
[INFO ][2016-01-06 14:19:41,854][com.java.SeleniumDriver] [  883] - DataValue : All
[INFO ][2016-01-06 14:19:41,854][com.java.SeleniumDriver] [  889] - <In Set values of the page>
[INFO ][2016-01-06 14:19:41,854][com.java.SeleniumDriver] [  892] - {Data Fields & Data Values Exist}
[INFO ][2016-01-06 14:19:41,854][com.java.SeleniumDriver] [  894] - --------------------------setting values-----------------------------
[INFO ][2016-01-06 14:19:41,854][com.java.SeleniumDriver] [  897] - Action Type : SELECT
[INFO ][2016-01-06 14:19:41,854][com.java.TestType] [ 5747] - value = All
[INFO ][2016-01-06 14:19:42,138][com.java.SeleniumDriver] [  906] -  RESULT true
[INFO ][2016-01-06 14:19:42,139][com.java.SeleniumDriver] [ 1112] - ?   P A S S   ?
[INFO ][2016-01-06 14:19:42,139][com.java.SeleniumDriver] [  832] - ------------------------------------------
[INFO ][2016-01-06 14:19:42,139][com.java.SeleniumDriver] [  833] - Test case being Executed: 6
[INFO ][2016-01-06 14:19:42,139][com.java.SeleniumDriver] [  845] - Test step:22
[INFO ][2016-01-06 14:19:42,139][com.java.SeleniumDriver] [  857] - Datavalue is----------HMVenteredtext
[INFO ][2016-01-06 14:19:42,139][com.java.SeleniumDriver] [  881] - DataField : MSG
[INFO ][2016-01-06 14:19:42,139][com.java.SeleniumDriver] [  883] - DataValue : HMVenteredtext
[INFO ][2016-01-06 14:19:42,139][com.java.SeleniumDriver] [  889] - <In Set values of the page>
[INFO ][2016-01-06 14:19:42,139][com.java.SeleniumDriver] [  892] - {Data Fields & Data Values Exist}
[INFO ][2016-01-06 14:19:42,139][com.java.SeleniumDriver] [  894] - --------------------------setting values-----------------------------
[INFO ][2016-01-06 14:19:42,139][com.java.SeleniumDriver] [  897] - Action Type : VERIFY
[INFO ][2016-01-06 14:19:42,139][com.java.TestType] [ 7123] - field= MSG value= HMVenteredtext
[INFO ][2016-01-06 14:19:42,139][com.java.TestType] [ 5747] - value = VLTest12386
[DEBUG][2016-01-06 14:19:42,139][com.java.TestType] [ 7944] - value :: VLTest12386
[INFO ][2016-01-06 14:19:42,267][com.java.SeleniumDriver] [  906] -  RESULT true
[INFO ][2016-01-06 14:19:42,267][com.java.SeleniumDriver] [ 1112] - ?   P A S S   ?
[INFO ][2016-01-06 14:19:42,267][com.java.SeleniumDriver] [  832] - ------------------------------------------
[INFO ][2016-01-06 14:19:42,267][com.java.SeleniumDriver] [  833] - Test case being Executed: 6
[INFO ][2016-01-06 14:19:42,267][com.java.SeleniumDriver] [  845] - Test step:23
[INFO ][2016-01-06 14:19:42,267][com.java.SeleniumDriver] [  857] - Datavalue is----------null
[DEBUG][2016-01-06 14:19:42,267][com.java.SeleniumDriver] [  875] - Exception: null
[INFO ][2016-01-06 14:19:42,267][com.java.SeleniumDriver] [  881] - DataField : BTNparent
[INFO ][2016-01-06 14:19:42,267][com.java.SeleniumDriver] [  883] - DataValue : 
[INFO ][2016-01-06 14:19:42,267][com.java.SeleniumDriver] [  889] - <In Set values of the page>
[INFO ][2016-01-06 14:19:42,267][com.java.SeleniumDriver] [  892] - {Data Fields & Data Values Exist}
[INFO ][2016-01-06 14:19:42,268][com.java.SeleniumDriver] [  894] - --------------------------setting values-----------------------------
[INFO ][2016-01-06 14:19:42,268][com.java.SeleniumDriver] [  897] - Action Type : SELECTFRAME
[INFO ][2016-01-06 14:19:42,283][com.java.SeleniumDriver] [  906] -  RESULT true
[INFO ][2016-01-06 14:19:42,283][com.java.SeleniumDriver] [ 1112] - ?   P A S S   ?
[INFO ][2016-01-06 14:19:42,283][com.java.SeleniumDriver] [  832] - ------------------------------------------
[INFO ][2016-01-06 14:19:42,283][com.java.SeleniumDriver] [  833] - Test case being Executed: 6
[INFO ][2016-01-06 14:19:42,283][com.java.SeleniumDriver] [  845] - Test step:24
[INFO ][2016-01-06 14:19:42,283][com.java.SeleniumDriver] [  857] - Datavalue is----------null
[DEBUG][2016-01-06 14:19:42,283][com.java.SeleniumDriver] [  875] - Exception: null
[INFO ][2016-01-06 14:19:42,283][com.java.SeleniumDriver] [  881] - DataField : BTNcloseAllTabs
[INFO ][2016-01-06 14:19:42,284][com.java.SeleniumDriver] [  883] - DataValue : 
[INFO ][2016-01-06 14:19:42,284][com.java.SeleniumDriver] [  889] - <In Set values of the page>
[INFO ][2016-01-06 14:19:42,284][com.java.SeleniumDriver] [  892] - {Data Fields & Data Values Exist}
[INFO ][2016-01-06 14:19:42,284][com.java.SeleniumDriver] [  894] - --------------------------setting values-----------------------------
[INFO ][2016-01-06 14:19:42,284][com.java.SeleniumDriver] [  897] - Action Type : CLICK
[INFO ][2016-01-06 14:19:42,284][com.java.TestType] [ 6126] - Field ::BTNcloseAllTabs
[INFO ][2016-01-06 14:19:42,284][com.java.TestType] [ 5747] - value = 
[INFO ][2016-01-06 14:19:43,284][com.java.TestType] [ 6242] - BEFORE CLICK
[INFO ][2016-01-06 14:19:45,319][com.java.TestType] [ 6249] - Unable to click the object Close all tabs button
[INFO ][2016-01-06 14:19:45,320][com.java.SeleniumDriver] [  906] -  RESULT true
[INFO ][2016-01-06 14:19:45,320][com.java.SeleniumDriver] [ 1112] - ?   P A S S   ?
[INFO ][2016-01-06 14:19:45,320][com.java.SeleniumDriver] [  832] - ------------------------------------------
[INFO ][2016-01-06 14:19:45,320][com.java.SeleniumDriver] [  833] - Test case being Executed: 6
[INFO ][2016-01-06 14:19:45,320][com.java.SeleniumDriver] [  845] - Test step:25
[INFO ][2016-01-06 14:19:45,320][com.java.SeleniumDriver] [  857] - Datavalue is----------10
[INFO ][2016-01-06 14:19:45,320][com.java.SeleniumDriver] [  881] - DataField : XPH//div[contains(text(), 'My Dashboard')]
[INFO ][2016-01-06 14:19:45,320][com.java.SeleniumDriver] [  883] - DataValue : 10
[INFO ][2016-01-06 14:19:45,320][com.java.SeleniumDriver] [  889] - <In Set values of the page>
[INFO ][2016-01-06 14:19:45,320][com.java.SeleniumDriver] [  892] - {Data Fields & Data Values Exist}
[INFO ][2016-01-06 14:19:45,320][com.java.SeleniumDriver] [  894] - --------------------------setting values-----------------------------
[INFO ][2016-01-06 14:19:45,320][com.java.SeleniumDriver] [  897] - Action Type : WAITFORELEMENT
[INFO ][2016-01-06 14:19:45,519][com.java.SeleniumDriver] [  906] -  RESULT true
[INFO ][2016-01-06 14:19:45,519][com.java.SeleniumDriver] [ 1112] - ?   P A S S   ?
[INFO ][2016-01-06 14:19:45,519][com.java.SeleniumDriver] [  832] - ------------------------------------------
[INFO ][2016-01-06 14:19:45,519][com.java.SeleniumDriver] [  833] - Test case being Executed: 6
[INFO ][2016-01-06 14:19:45,519][com.java.SeleniumDriver] [  845] - Test step:26
[INFO ][2016-01-06 14:19:45,519][com.java.SeleniumDriver] [  857] - Datavalue is----------null
[DEBUG][2016-01-06 14:19:45,520][com.java.SeleniumDriver] [  875] - Exception: null
[INFO ][2016-01-06 14:19:45,520][com.java.SeleniumDriver] [  881] - DataField : //span[@class="icon-coin"]&&//a[text()='Balance Sheet']&&//a[@data-id="BSCompare"]
[INFO ][2016-01-06 14:19:45,520][com.java.SeleniumDriver] [  883] - DataValue : 
[INFO ][2016-01-06 14:19:45,520][com.java.SeleniumDriver] [  889] - <In Set values of the page>
[INFO ][2016-01-06 14:19:45,520][com.java.SeleniumDriver] [  892] - {Data Fields & Data Values Exist}
[INFO ][2016-01-06 14:19:45,520][com.java.SeleniumDriver] [  894] - --------------------------setting values-----------------------------
[INFO ][2016-01-06 14:19:45,520][com.java.SeleniumDriver] [  897] - Action Type : mouseover
[INFO ][2016-01-06 14:20:13,635][com.java.SeleniumDriver] [  906] -  RESULT true
[INFO ][2016-01-06 14:20:13,635][com.java.SeleniumDriver] [ 1112] - ?   P A S S   ?
[INFO ][2016-01-06 14:20:13,636][com.java.SeleniumDriver] [  832] - ------------------------------------------
[INFO ][2016-01-06 14:20:13,636][com.java.SeleniumDriver] [  833] - Test case being Executed: 6
[INFO ][2016-01-06 14:20:13,636][com.java.SeleniumDriver] [  845] - Test step:27
[INFO ][2016-01-06 14:20:13,637][com.java.SeleniumDriver] [  857] - Datavalue is----------5
[INFO ][2016-01-06 14:20:13,637][com.java.SeleniumDriver] [  881] - DataField : BTNframeDialogContent
[INFO ][2016-01-06 14:20:13,637][com.java.SeleniumDriver] [  883] - DataValue : 5
[INFO ][2016-01-06 14:20:13,637][com.java.SeleniumDriver] [  889] - <In Set values of the page>
[INFO ][2016-01-06 14:20:13,637][com.java.SeleniumDriver] [  892] - {Data Fields & Data Values Exist}
[INFO ][2016-01-06 14:20:13,637][com.java.SeleniumDriver] [  894] - --------------------------setting values-----------------------------
[INFO ][2016-01-06 14:20:13,637][com.java.SeleniumDriver] [  897] - Action Type : waitforelement
[INFO ][2016-01-06 14:20:14,855][com.java.SeleniumDriver] [  906] -  RESULT true
[INFO ][2016-01-06 14:20:14,855][com.java.SeleniumDriver] [ 1112] - ?   P A S S   ?
[INFO ][2016-01-06 14:20:14,855][com.java.SeleniumDriver] [  832] - ------------------------------------------
[INFO ][2016-01-06 14:20:14,855][com.java.SeleniumDriver] [  833] - Test case being Executed: 6
[INFO ][2016-01-06 14:20:14,855][com.java.SeleniumDriver] [  845] - Test step:28
[INFO ][2016-01-06 14:20:14,856][com.java.SeleniumDriver] [  857] - Datavalue is----------null
[DEBUG][2016-01-06 14:20:14,856][com.java.SeleniumDriver] [  875] - Exception: null
[INFO ][2016-01-06 14:20:14,856][com.java.SeleniumDriver] [  881] - DataField : BTNframeDialogContent
[INFO ][2016-01-06 14:20:14,856][com.java.SeleniumDriver] [  883] - DataValue : 
[INFO ][2016-01-06 14:20:14,856][com.java.SeleniumDriver] [  889] - <In Set values of the page>
[INFO ][2016-01-06 14:20:14,856][com.java.SeleniumDriver] [  892] - {Data Fields & Data Values Exist}
[INFO ][2016-01-06 14:20:14,856][com.java.SeleniumDriver] [  894] - --------------------------setting values-----------------------------
[INFO ][2016-01-06 14:20:14,856][com.java.SeleniumDriver] [  897] - Action Type : SELECTFRAME
[INFO ][2016-01-06 14:20:16,116][com.java.SeleniumDriver] [  906] -  RESULT true
[INFO ][2016-01-06 14:20:16,116][com.java.SeleniumDriver] [ 1112] - ?   P A S S   ?
[INFO ][2016-01-06 14:20:16,116][com.java.SeleniumDriver] [  832] - ------------------------------------------
[INFO ][2016-01-06 14:20:16,116][com.java.SeleniumDriver] [  833] - Test case being Executed: 6
[INFO ][2016-01-06 14:20:16,116][com.java.SeleniumDriver] [  845] - Test step:29
[INFO ][2016-01-06 14:20:16,116][com.java.SeleniumDriver] [  857] - Datavalue is----------HMVenteredtext
[INFO ][2016-01-06 14:20:16,116][com.java.SeleniumDriver] [  881] - DataField : SLBddlProfitCenter
[INFO ][2016-01-06 14:20:16,116][com.java.SeleniumDriver] [  883] - DataValue : HMVenteredtext
[INFO ][2016-01-06 14:20:16,117][com.java.SeleniumDriver] [  889] - <In Set values of the page>
[INFO ][2016-01-06 14:20:16,117][com.java.SeleniumDriver] [  892] - {Data Fields & Data Values Exist}
[INFO ][2016-01-06 14:20:16,117][com.java.SeleniumDriver] [  894] - --------------------------setting values-----------------------------
[INFO ][2016-01-06 14:20:16,117][com.java.SeleniumDriver] [  897] - Action Type : SELECT
[INFO ][2016-01-06 14:20:16,117][com.java.TestType] [ 5747] - value = VLTest12386
[INFO ][2016-01-06 14:20:18,450][com.java.SeleniumDriver] [  906] -  RESULT true
[INFO ][2016-01-06 14:20:18,451][com.java.SeleniumDriver] [ 1112] - ?   P A S S   ?
[INFO ][2016-01-06 14:20:18,451][com.java.SeleniumDriver] [  832] - ------------------------------------------
[INFO ][2016-01-06 14:20:18,451][com.java.SeleniumDriver] [  833] - Test case being Executed: 6
[INFO ][2016-01-06 14:20:18,451][com.java.SeleniumDriver] [  845] - Test step:30
[INFO ][2016-01-06 14:20:18,451][com.java.SeleniumDriver] [  857] - Datavalue is----------null
[DEBUG][2016-01-06 14:20:18,451][com.java.SeleniumDriver] [  875] - Exception: null
[INFO ][2016-01-06 14:20:18,451][com.java.SeleniumDriver] [  881] - DataField : BTNparent
[INFO ][2016-01-06 14:20:18,451][com.java.SeleniumDriver] [  883] - DataValue : 
[INFO ][2016-01-06 14:20:18,451][com.java.SeleniumDriver] [  889] - <In Set values of the page>
[INFO ][2016-01-06 14:20:18,451][com.java.SeleniumDriver] [  892] - {Data Fields & Data Values Exist}
[INFO ][2016-01-06 14:20:18,451][com.java.SeleniumDriver] [  894] - --------------------------setting values-----------------------------
[INFO ][2016-01-06 14:20:18,451][com.java.SeleniumDriver] [  897] - Action Type : SELECTFRAME
[INFO ][2016-01-06 14:20:18,467][com.java.SeleniumDriver] [  906] -  RESULT true
[INFO ][2016-01-06 14:20:18,467][com.java.SeleniumDriver] [ 1112] - ?   P A S S   ?
[INFO ][2016-01-06 14:20:18,467][com.java.SeleniumDriver] [  832] - ------------------------------------------
[INFO ][2016-01-06 14:20:18,467][com.java.SeleniumDriver] [  833] - Test case being Executed: 6
[INFO ][2016-01-06 14:20:18,467][com.java.SeleniumDriver] [  845] - Test step:31
[INFO ][2016-01-06 14:20:18,467][com.java.SeleniumDriver] [  857] - Datavalue is----------null
[DEBUG][2016-01-06 14:20:18,467][com.java.SeleniumDriver] [  875] - Exception: null
[INFO ][2016-01-06 14:20:18,467][com.java.SeleniumDriver] [  881] - DataField : XPH//span[contains(text(),'Show Report')]
[INFO ][2016-01-06 14:20:18,467][com.java.SeleniumDriver] [  883] - DataValue : 
[INFO ][2016-01-06 14:20:18,467][com.java.SeleniumDriver] [  889] - <In Set values of the page>
[INFO ][2016-01-06 14:20:18,468][com.java.SeleniumDriver] [  892] - {Data Fields & Data Values Exist}
[INFO ][2016-01-06 14:20:18,468][com.java.SeleniumDriver] [  894] - --------------------------setting values-----------------------------
[INFO ][2016-01-06 14:20:18,468][com.java.SeleniumDriver] [  897] - Action Type : click
[INFO ][2016-01-06 14:20:18,468][com.java.TestType] [ 6126] - Field ::XPH//span[contains(text(),'Show Report')]
[INFO ][2016-01-06 14:20:18,468][com.java.TestType] [ 5747] - value = 
[INFO ][2016-01-06 14:20:19,468][com.java.TestType] [ 6263] - BEFORE CLICK
[INFO ][2016-01-06 14:20:20,598][com.java.TestType] [ 6271] - Unable to click the object Show Report button
[INFO ][2016-01-06 14:20:20,598][com.java.SeleniumDriver] [  906] -  RESULT true
[INFO ][2016-01-06 14:20:20,598][com.java.SeleniumDriver] [ 1112] - ?   P A S S   ?
[INFO ][2016-01-06 14:20:20,598][com.java.SeleniumDriver] [  832] - ------------------------------------------
[INFO ][2016-01-06 14:20:20,598][com.java.SeleniumDriver] [  833] - Test case being Executed: 6
[INFO ][2016-01-06 14:20:20,598][com.java.SeleniumDriver] [  845] - Test step:32
[INFO ][2016-01-06 14:20:20,598][com.java.SeleniumDriver] [  857] - Datavalue is----------3
[INFO ][2016-01-06 14:20:20,598][com.java.SeleniumDriver] [  881] - DataField : XPH//img[@id='loading']
[INFO ][2016-01-06 14:20:20,598][com.java.SeleniumDriver] [  883] - DataValue : 3
[INFO ][2016-01-06 14:20:20,598][com.java.SeleniumDriver] [  889] - <In Set values of the page>
[INFO ][2016-01-06 14:20:20,598][com.java.SeleniumDriver] [  892] - {Data Fields & Data Values Exist}
[INFO ][2016-01-06 14:20:20,598][com.java.SeleniumDriver] [  894] - --------------------------setting values-----------------------------
[INFO ][2016-01-06 14:20:20,599][com.java.SeleniumDriver] [  897] - Action Type : WaitForElement
[INFO ][2016-01-06 14:20:20,636][com.java.SeleniumDriver] [  906] -  RESULT true
[INFO ][2016-01-06 14:20:20,636][com.java.SeleniumDriver] [ 1112] - ?   P A S S   ?
[INFO ][2016-01-06 14:20:20,636][com.java.SeleniumDriver] [  832] - ------------------------------------------
[INFO ][2016-01-06 14:20:20,636][com.java.SeleniumDriver] [  833] - Test case being Executed: 6
[INFO ][2016-01-06 14:20:20,636][com.java.SeleniumDriver] [  845] - Test step:33
[INFO ][2016-01-06 14:20:20,637][com.java.SeleniumDriver] [  857] - Datavalue is----------120
[INFO ][2016-01-06 14:20:20,637][com.java.SeleniumDriver] [  881] - DataField : XPH//img[@id='loading']
[INFO ][2016-01-06 14:20:20,637][com.java.SeleniumDriver] [  883] - DataValue : 120
[INFO ][2016-01-06 14:20:20,637][com.java.SeleniumDriver] [  889] - <In Set values of the page>
[INFO ][2016-01-06 14:20:20,637][com.java.SeleniumDriver] [  892] - {Data Fields & Data Values Exist}
[INFO ][2016-01-06 14:20:20,637][com.java.SeleniumDriver] [  894] - --------------------------setting values-----------------------------
[INFO ][2016-01-06 14:20:20,637][com.java.SeleniumDriver] [  897] - Action Type : waitForElementNotPresent
[INFO ][2016-01-06 14:20:21,808][com.java.SeleniumDriver] [  906] -  RESULT true
[INFO ][2016-01-06 14:20:21,808][com.java.SeleniumDriver] [ 1112] - ?   P A S S   ?
[INFO ][2016-01-06 14:20:21,808][com.java.SeleniumDriver] [  832] - ------------------------------------------
[INFO ][2016-01-06 14:20:21,808][com.java.SeleniumDriver] [  833] - Test case being Executed: 6
[INFO ][2016-01-06 14:20:21,808][com.java.SeleniumDriver] [  845] - Test step:34
[INFO ][2016-01-06 14:20:21,808][com.java.SeleniumDriver] [  857] - Datavalue is----------HMVenteredtext
[INFO ][2016-01-06 14:20:21,809][com.java.SeleniumDriver] [  881] - DataField : MSG
[INFO ][2016-01-06 14:20:21,809][com.java.SeleniumDriver] [  883] - DataValue : HMVenteredtext
[INFO ][2016-01-06 14:20:21,809][com.java.SeleniumDriver] [  889] - <In Set values of the page>
[INFO ][2016-01-06 14:20:21,809][com.java.SeleniumDriver] [  892] - {Data Fields & Data Values Exist}
[INFO ][2016-01-06 14:20:21,809][com.java.SeleniumDriver] [  894] - --------------------------setting values-----------------------------
[INFO ][2016-01-06 14:20:21,809][com.java.SeleniumDriver] [  897] - Action Type : VERIFY
[INFO ][2016-01-06 14:20:21,809][com.java.TestType] [ 7123] - field= MSG value= HMVenteredtext
[INFO ][2016-01-06 14:20:21,809][com.java.TestType] [ 5747] - value = VLTest12386
[DEBUG][2016-01-06 14:20:21,809][com.java.TestType] [ 7944] - value :: VLTest12386
[INFO ][2016-01-06 14:20:21,889][com.java.SeleniumDriver] [  906] -  RESULT true
[INFO ][2016-01-06 14:20:21,889][com.java.SeleniumDriver] [ 1112] - ?   P A S S   ?
[INFO ][2016-01-06 14:20:21,889][com.java.SeleniumDriver] [  832] - ------------------------------------------
[INFO ][2016-01-06 14:20:21,889][com.java.SeleniumDriver] [  833] - Test case being Executed: 6
[INFO ][2016-01-06 14:20:21,889][com.java.SeleniumDriver] [  845] - Test step:35
[INFO ][2016-01-06 14:20:21,889][com.java.SeleniumDriver] [  857] - Datavalue is----------null
[DEBUG][2016-01-06 14:20:21,890][com.java.SeleniumDriver] [  875] - Exception: null
[INFO ][2016-01-06 14:20:21,890][com.java.SeleniumDriver] [  881] - DataField : BTNcloseAllTabs
[INFO ][2016-01-06 14:20:21,890][com.java.SeleniumDriver] [  883] - DataValue : 
[INFO ][2016-01-06 14:20:21,890][com.java.SeleniumDriver] [  889] - <In Set values of the page>
[INFO ][2016-01-06 14:20:21,890][com.java.SeleniumDriver] [  892] - {Data Fields & Data Values Exist}
[INFO ][2016-01-06 14:20:21,890][com.java.SeleniumDriver] [  894] - --------------------------setting values-----------------------------
[INFO ][2016-01-06 14:20:21,890][com.java.SeleniumDriver] [  897] - Action Type : CLICK
[INFO ][2016-01-06 14:20:21,890][com.java.TestType] [ 6126] - Field ::BTNcloseAllTabs
[INFO ][2016-01-06 14:20:21,890][com.java.TestType] [ 5747] - value = 
[INFO ][2016-01-06 14:20:22,890][com.java.TestType] [ 6242] - BEFORE CLICK
[INFO ][2016-01-06 14:20:24,472][com.java.TestType] [ 6249] - Unable to click the object Close all tabs button
[INFO ][2016-01-06 14:20:24,472][com.java.SeleniumDriver] [  906] -  RESULT true
[INFO ][2016-01-06 14:20:24,473][com.java.SeleniumDriver] [ 1112] - ?   P A S S   ?
[INFO ][2016-01-06 14:20:24,473][com.java.SeleniumDriver] [  832] - ------------------------------------------
[INFO ][2016-01-06 14:20:24,473][com.java.SeleniumDriver] [  833] - Test case being Executed: 6
[INFO ][2016-01-06 14:20:24,473][com.java.SeleniumDriver] [  845] - Test step:36
[INFO ][2016-01-06 14:20:24,473][com.java.SeleniumDriver] [  857] - Datavalue is----------10
[INFO ][2016-01-06 14:20:24,473][com.java.SeleniumDriver] [  881] - DataField : XPH//div[contains(text(), 'My Dashboard')]
[INFO ][2016-01-06 14:20:24,473][com.java.SeleniumDriver] [  883] - DataValue : 10
[INFO ][2016-01-06 14:20:24,473][com.java.SeleniumDriver] [  889] - <In Set values of the page>
[INFO ][2016-01-06 14:20:24,473][com.java.SeleniumDriver] [  892] - {Data Fields & Data Values Exist}
[INFO ][2016-01-06 14:20:24,473][com.java.SeleniumDriver] [  894] - --------------------------setting values-----------------------------
[INFO ][2016-01-06 14:20:24,473][com.java.SeleniumDriver] [  897] - Action Type : WAITFORELEMENT
[INFO ][2016-01-06 14:20:24,681][com.java.SeleniumDriver] [  906] -  RESULT true
[INFO ][2016-01-06 14:20:24,681][com.java.SeleniumDriver] [ 1112] - ?   P A S S   ?
[INFO ][2016-01-06 14:20:24,681][com.java.SeleniumDriver] [  832] - ------------------------------------------
[INFO ][2016-01-06 14:20:24,682][com.java.SeleniumDriver] [  833] - Test case being Executed: 6
[INFO ][2016-01-06 14:20:24,682][com.java.SeleniumDriver] [  845] - Test step:37
[INFO ][2016-01-06 14:20:24,682][com.java.SeleniumDriver] [  857] - Datavalue is----------null
[DEBUG][2016-01-06 14:20:24,682][com.java.SeleniumDriver] [  875] - Exception: null
[INFO ][2016-01-06 14:20:24,682][com.java.SeleniumDriver] [  881] - DataField : //span[@class='icon-user4']&&//ul[@id='Admin']/li[2]/a&&//ul[@id="GLMapping"]//a[@data-id="ProfitCenters"]
[INFO ][2016-01-06 14:20:24,682][com.java.SeleniumDriver] [  883] - DataValue : 
[INFO ][2016-01-06 14:20:24,682][com.java.SeleniumDriver] [  889] - <In Set values of the page>
[INFO ][2016-01-06 14:20:24,682][com.java.SeleniumDriver] [  892] - {Data Fields & Data Values Exist}
[INFO ][2016-01-06 14:20:24,682][com.java.SeleniumDriver] [  894] - --------------------------setting values-----------------------------
[INFO ][2016-01-06 14:20:24,682][com.java.SeleniumDriver] [  897] - Action Type : mouseover
[INFO ][2016-01-06 14:20:52,667][com.java.SeleniumDriver] [  906] -  RESULT true
[INFO ][2016-01-06 14:20:52,667][com.java.SeleniumDriver] [ 1112] - ?   P A S S   ?
[INFO ][2016-01-06 14:20:52,667][com.java.SeleniumDriver] [  832] - ------------------------------------------
[INFO ][2016-01-06 14:20:52,667][com.java.SeleniumDriver] [  833] - Test case being Executed: 6
[INFO ][2016-01-06 14:20:52,667][com.java.SeleniumDriver] [  845] - Test step:38
[INFO ][2016-01-06 14:20:52,667][com.java.SeleniumDriver] [  857] - Datavalue is----------5
[INFO ][2016-01-06 14:20:52,667][com.java.SeleniumDriver] [  881] - DataField : XPH//iframe[@class='frameTabContent']
[INFO ][2016-01-06 14:20:52,667][com.java.SeleniumDriver] [  883] - DataValue : 5
[INFO ][2016-01-06 14:20:52,667][com.java.SeleniumDriver] [  889] - <In Set values of the page>
[INFO ][2016-01-06 14:20:52,667][com.java.SeleniumDriver] [  892] - {Data Fields & Data Values Exist}
[INFO ][2016-01-06 14:20:52,667][com.java.SeleniumDriver] [  894] - --------------------------setting values-----------------------------
[INFO ][2016-01-06 14:20:52,667][com.java.SeleniumDriver] [  897] - Action Type : waitforelement
[INFO ][2016-01-06 14:20:52,795][com.java.SeleniumDriver] [  906] -  RESULT true
[INFO ][2016-01-06 14:20:52,795][com.java.SeleniumDriver] [ 1112] - ?   P A S S   ?
[INFO ][2016-01-06 14:20:52,795][com.java.SeleniumDriver] [  832] - ------------------------------------------
[INFO ][2016-01-06 14:20:52,795][com.java.SeleniumDriver] [  833] - Test case being Executed: 6
[INFO ][2016-01-06 14:20:52,795][com.java.SeleniumDriver] [  845] - Test step:39
[INFO ][2016-01-06 14:20:52,795][com.java.SeleniumDriver] [  857] - Datavalue is----------null
[DEBUG][2016-01-06 14:20:52,795][com.java.SeleniumDriver] [  875] - Exception: null
[INFO ][2016-01-06 14:20:52,796][com.java.SeleniumDriver] [  881] - DataField : BTN//iframe[@class='frameTabContent']
[INFO ][2016-01-06 14:20:52,796][com.java.SeleniumDriver] [  883] - DataValue : 
[INFO ][2016-01-06 14:20:52,796][com.java.SeleniumDriver] [  889] - <In Set values of the page>
[INFO ][2016-01-06 14:20:52,796][com.java.SeleniumDriver] [  892] - {Data Fields & Data Values Exist}
[INFO ][2016-01-06 14:20:52,796][com.java.SeleniumDriver] [  894] - --------------------------setting values-----------------------------
[INFO ][2016-01-06 14:20:52,796][com.java.SeleniumDriver] [  897] - Action Type : SELECTFRAME
[INFO ][2016-01-06 14:20:53,154][com.java.SeleniumDriver] [  906] -  RESULT true
[INFO ][2016-01-06 14:20:53,154][com.java.SeleniumDriver] [ 1112] - ?   P A S S   ?
[INFO ][2016-01-06 14:20:53,154][com.java.SeleniumDriver] [  832] - ------------------------------------------
[INFO ][2016-01-06 14:20:53,154][com.java.SeleniumDriver] [  833] - Test case being Executed: 6
[INFO ][2016-01-06 14:20:53,154][com.java.SeleniumDriver] [  845] - Test step:40
[INFO ][2016-01-06 14:20:53,154][com.java.SeleniumDriver] [  857] - Datavalue is----------Manage Profit Centers and Regions 
[INFO ][2016-01-06 14:20:53,154][com.java.SeleniumDriver] [  881] - DataField : MSG
[INFO ][2016-01-06 14:20:53,155][com.java.SeleniumDriver] [  883] - DataValue : Manage Profit Centers and Regions 
[INFO ][2016-01-06 14:20:53,155][com.java.SeleniumDriver] [  889] - <In Set values of the page>
[INFO ][2016-01-06 14:20:53,155][com.java.SeleniumDriver] [  892] - {Data Fields & Data Values Exist}
[INFO ][2016-01-06 14:20:53,155][com.java.SeleniumDriver] [  894] - --------------------------setting values-----------------------------
[INFO ][2016-01-06 14:20:53,155][com.java.SeleniumDriver] [  897] - Action Type : VERIFY
[INFO ][2016-01-06 14:20:53,155][com.java.TestType] [ 7123] - field= MSG value= Manage Profit Centers and Regions 
[INFO ][2016-01-06 14:20:53,155][com.java.TestType] [ 5747] - value = Manage Profit Centers and Regions 
[DEBUG][2016-01-06 14:20:53,155][com.java.TestType] [ 7944] - value :: Manage Profit Centers and Regions 
[INFO ][2016-01-06 14:20:53,192][com.java.SeleniumDriver] [  906] -  RESULT true
[INFO ][2016-01-06 14:20:53,192][com.java.SeleniumDriver] [ 1112] - ?   P A S S   ?
[INFO ][2016-01-06 14:20:53,193][com.java.SeleniumDriver] [  832] - ------------------------------------------
[INFO ][2016-01-06 14:20:53,193][com.java.SeleniumDriver] [  833] - Test case being Executed: 6
[INFO ][2016-01-06 14:20:53,193][com.java.SeleniumDriver] [  845] - Test step:41
[INFO ][2016-01-06 14:20:53,193][com.java.SeleniumDriver] [  857] - Datavalue is----------null
[DEBUG][2016-01-06 14:20:53,193][com.java.SeleniumDriver] [  875] - Exception: null
[INFO ][2016-01-06 14:20:53,193][com.java.SeleniumDriver] [  881] - DataField : LNKRegions
[INFO ][2016-01-06 14:20:53,193][com.java.SeleniumDriver] [  883] - DataValue : 
[INFO ][2016-01-06 14:20:53,193][com.java.SeleniumDriver] [  889] - <In Set values of the page>
[INFO ][2016-01-06 14:20:53,193][com.java.SeleniumDriver] [  892] - {Data Fields & Data Values Exist}
[INFO ][2016-01-06 14:20:53,193][com.java.SeleniumDriver] [  894] - --------------------------setting values-----------------------------
[INFO ][2016-01-06 14:20:53,193][com.java.SeleniumDriver] [  897] - Action Type : click
[INFO ][2016-01-06 14:20:53,193][com.java.TestType] [ 6126] - Field ::LNKRegions
[INFO ][2016-01-06 14:20:53,193][com.java.TestType] [ 5747] - value = 
[INFO ][2016-01-06 14:20:54,194][com.java.TestType] [ 6226] - BEFORE CLICK on Regions
[INFO ][2016-01-06 14:20:55,245][com.java.SeleniumDriver] [  906] -  RESULT true
[INFO ][2016-01-06 14:20:55,245][com.java.SeleniumDriver] [ 1112] - ?   P A S S   ?
[INFO ][2016-01-06 14:20:55,245][com.java.SeleniumDriver] [  832] - ------------------------------------------
[INFO ][2016-01-06 14:20:55,245][com.java.SeleniumDriver] [  833] - Test case being Executed: 6
[INFO ][2016-01-06 14:20:55,245][com.java.SeleniumDriver] [  845] - Test step:42
[INFO ][2016-01-06 14:20:55,245][com.java.SeleniumDriver] [  857] - Datavalue is----------enteredtext
[INFO ][2016-01-06 14:20:55,246][com.java.SeleniumDriver] [  881] - DataField : MNC//div[@class="container"]//td[contains(text(),'mytext')]//following-sibling::td//span[@class="glyphicon glyphicon-remove"]
[INFO ][2016-01-06 14:20:55,246][com.java.SeleniumDriver] [  883] - DataValue : enteredtext
[INFO ][2016-01-06 14:20:55,246][com.java.SeleniumDriver] [  889] - <In Set values of the page>
[INFO ][2016-01-06 14:20:55,246][com.java.SeleniumDriver] [  892] - {Data Fields & Data Values Exist}
[INFO ][2016-01-06 14:20:55,246][com.java.SeleniumDriver] [  894] - --------------------------setting values-----------------------------
[INFO ][2016-01-06 14:20:55,246][com.java.SeleniumDriver] [  897] - Action Type : clickwithalert
[INFO ][2016-01-06 14:21:16,293][com.java.SeleniumDriver] [  906] -  RESULT false
[INFO ][2016-01-06 14:21:16,293][com.java.SeleniumDriver] [  953] - ?   F A I L   ?
[INFO ][2016-01-06 14:21:16,293][com.java.SeleniumDriver] [  961] - Browser Type : IE10
[INFO ][2016-01-06 14:21:16,293][com.java.SeleniumDriver] [  962] - Adding Failed case6
[INFO ][2016-01-06 14:21:17,172][com.java.SeleniumDriver] [ 1076] - failedCases = 6
[ERROR][2016-01-06 14:21:17,172][com.java.SeleniumDriver] [ 1575] - Platform Errors : Our apologies...::We have encountered an issue with your request.::Our apologies?:We encountered an issue with your request.
[INFO ][2016-01-06 14:21:17,172][com.java.SeleniumDriver] [ 1579] - Length =3
[ERROR][2016-01-06 14:21:17,172][com.java.SeleniumDriver] [ 1582] - Error 0 = Our apologies...
[ERROR][2016-01-06 14:21:17,211][com.java.SeleniumDriver] [ 1582] - Error 1 = We have encountered an issue with your request.
[ERROR][2016-01-06 14:21:17,259][com.java.SeleniumDriver] [ 1582] - Error 2 = Our apologies?:We encountered an issue with your request.
[INFO ][2016-01-06 14:21:17,307][com.java.SeleniumDriver] [ 1593] - strError:
[DEBUG][2016-01-06 14:21:17,337][com.java.SeleniumDriver] [ 1224] - Case found
[DEBUG][2016-01-06 14:21:17,337][com.java.SeleniumDriver] [ 1229] - Incrementing ReportCounters[0]:2
[INFO ][2016-01-06 14:21:17,337][com.java.SeleniumDriver] [ 1248] - The results are-------------------[6, 42, Admin: GL Mapping: Profit Centers: GL Regions Newly added Regions show up in report lists, Fail, 
Test case failed at Step No. :: 42   Error Message ::  Unable to click the object Select Region Headings. Screen Shot : D:\BankersDashboard\TestReports\010616\6_010616_142116_IE10.png, Wed Jan 06 14:21:17 IST 2016]
[INFO ][2016-01-06 14:21:17,337][com.java.SeleniumDriver] [ 1252] - End time is-------3 min 36 sec
[INFO ][2016-01-06 14:21:17,337][com.java.SeleniumDriver] [ 1253] - The results are-------------------[6, 42, Admin: GL Mapping: Profit Centers: GL Regions Newly added Regions show up in report lists, Fail, 
Test case failed at Step No. :: 42   Error Message ::  Unable to click the object Select Region Headings. Screen Shot : D:\BankersDashboard\TestReports\010616\6_010616_142116_IE10.png, Wed Jan 06 14:21:17 IST 2016]
[DEBUG][2016-01-06 14:21:17,337][com.java.ImportnExport.ExportTestResultsExcel] [  222] - testResultPath = D:\BankersDashboard/TestReports/Test Results_BankersDashBoard_010616_141743_IE10_United Bank.xls
[DEBUG][2016-01-06 14:21:17,337][com.java.ImportnExport.ExportTestResultsExcel] [  223] - browser is------------IE10
[DEBUG][2016-01-06 14:21:17,339][com.java.ImportnExport.ExportTestResultsExcel] [  270] - result.size() = 6
[DEBUG][2016-01-06 14:21:17,340][com.java.ImportnExport.ExportTestResultsExcel] [  274] - No of rows in sheet=2
[DEBUG][2016-01-06 14:21:17,340][com.java.ImportnExport.ExportTestResultsExcel] [  301] - ..in export..6
[DEBUG][2016-01-06 14:21:17,340][com.java.ImportnExport.ExportTestResultsExcel] [  301] - ..in export..Admin: GL Mapping: Profit Centers: GL Regions Newly added Regions show up in report lists
[DEBUG][2016-01-06 14:21:17,340][com.java.ImportnExport.ExportTestResultsExcel] [  301] - ..in export..Fail
[DEBUG][2016-01-06 14:21:17,340][com.java.ImportnExport.ExportTestResultsExcel] [  301] - ..in export..
Test case failed at Step No. :: 42   Error Message ::  Unable to click the object Select Region Headings. Screen Shot : D:\BankersDashboard\TestReports\010616\6_010616_142116_IE10.png
[DEBUG][2016-01-06 14:21:17,340][com.java.ImportnExport.ExportTestResultsExcel] [  301] - ..in export..Wed Jan 06 14:21:17 IST 2016
[INFO ][2016-01-06 14:21:17,341][com.java.SeleniumDriver] [ 1313] - out loop:1 size:2 TestCases:[1, 6] testcases:[1, 6]
[INFO ][2016-01-06 14:21:19,342][com.java.SeleniumDriver] [ 1356] - Total Number of Cases:2
[INFO ][2016-01-06 14:21:19,342][com.java.TemplateGenerator] [  302] - Executed:2
[INFO ][2016-01-06 14:21:19,342][com.java.TemplateGenerator] [  303] - Passed:1
[INFO ][2016-01-06 14:21:19,342][com.java.TemplateGenerator] [  304] - Failed:1
[INFO ][2016-01-06 14:21:19,342][com.java.TemplateGenerator] [  305] - Skipeed:0
[INFO ][2016-01-06 14:21:19,342][com.java.TemplateGenerator] [  306] - Application URL:https://clients-xuat.bankersdashboard.com
[INFO ][2016-01-06 14:21:19,342][com.java.TemplateGenerator] [  307] - Start Time:010616_141743
[INFO ][2016-01-06 14:21:19,342][com.java.TemplateGenerator] [  308] -  Creating HTML Report 
[ERROR][2016-01-06 14:21:19,343][com.java.TemplateGenerator] [  409] - Unparseable date: "Wed Jan 06 02:17:43 IST 2016"
[INFO ][2016-01-06 14:21:19,343][com.java.TemplateGenerator] [  654] -  Exporting case :: 1
[INFO ][2016-01-06 14:21:19,343][com.java.TemplateGenerator] [  654] -  Exporting case :: 6
[INFO ][2016-01-06 14:21:19,348][com.java.SeleniumDriver] [ 1405] - End Time:010616_142119
[INFO ][2016-01-06 14:21:19,348][com.java.SeleniumDriver] [ 1408] - Data in Test Execution Details:{1=PASS, 6=FAILTest case failed at Step No. :: 42   Error Message ::  Unable to click the object Select Region Headings}
[INFO ][2016-01-06 14:21:19,348][com.java.SeleniumDriver] [ 1409] - Data in Failed Execution Deatils:{}
[INFO ][2016-01-06 14:21:19,348][com.java.SeleniumDriver] [ 1411] - ReportCounter:Total:2 :: PASS: 1 ::FAIL: 1
[INFO ][2016-01-06 14:21:19,348][com.java.SeleniumDriver] [ 1412] - FailedReportCounter:Total:0 :: PASS: 0 ::FAIL: 0
[INFO ][2016-01-06 14:21:19,357][com.java.EmailTestReport] [   63] - Sending report mail details:
[INFO ][2016-01-06 14:21:19,357][com.java.EmailTestReport] [   80] - Excel Report Path:D:\BankersDashboard/TestReports/Test Results_BankersDashBoard_010616_141743_IE10_United Bank.xls
[INFO ][2016-01-06 14:21:19,357][com.java.EmailTestReport] [   81] - HTML Report Path:D:\BankersDashboard//TestReports//Test Results_BankersDashBoard_010616_141743_IE10_United Bank.html
[INFO ][2016-01-06 14:21:19,357][com.java.EmailTestReport] [   82] - smtpHostName:mail01.valuelabs.com
[INFO ][2016-01-06 14:21:19,357][com.java.EmailTestReport] [   83] - Recipient:venkateswararao.gubbala@valuelabs.com;
[INFO ][2016-01-06 14:21:19,357][com.java.EmailTestReport] [   84] - From:venkateswararao.gubbala@valuelabs.com;
[INFO ][2016-01-06 14:21:19,357][com.java.EmailTestReport] [   85] - Subject:Deluxe Corp Bankers Dashboard Automation Test Report - United Bank - IE10
[INFO ][2016-01-06 14:21:19,377][com.java.EmailTestReport] [  143] -  Added venkateswararao.gubbala@valuelabs.com
[INFO ][2016-01-06 14:21:22,519][com.java.SeleniumDriver] [  722] - quitting the browser 
[INFO ][2016-01-06 14:21:23,830][com.java.SeleniumDriver] [  264] - Execution Completed Stopping the thread
