[INFO ][2016-02-04 18:05:50,713][com.java.SeleniumDriver] [  213] - Execute Failed Casesfalse
[INFO ][2016-02-04 18:05:50,713][com.java.SeleniumDriver] [  214] - Browser: IE10
[INFO ][2016-02-04 18:05:50,713][com.java.SeleniumDriver] [  215] - [1, 4]
[INFO ][2016-02-04 18:05:50,713][com.java.SeleniumDriver] [  216] - Total TestCases:2
[INFO ][2016-02-04 18:05:50,713][com.java.SeleniumDriver] [  217] -  Reading Properties from Property File 
[DEBUG][2016-02-04 18:05:50,714][com.java.SeleniumDriver] [  238] - url : https://clients-xuat.bankersdashboard.com
[INFO ][2016-02-04 18:05:50,715][com.java.ImportnExport.ExportTestResultsExcel] [  116] - Time Stamp Thu Feb 04 06:05:50 IST 2016
[INFO ][2016-02-04 18:05:50,715][com.java.ImportnExport.ExportTestResultsExcel] [  175] - OUT FILE : D:\BankersDashboard/TestReports/Test Results_BankersDashBoard_020416_180550_IE10_CB&S Bank.xls
[INFO ][2016-02-04 18:05:50,744][com.java.ImportnExport.ExportTestResultsExcel] [  180] - Test Result file is created
[DEBUG][2016-02-04 18:05:50,831][com.java.SeleniumDriver] [  426] - Hub ip address is-------172.17.68.34
[INFO ][2016-02-04 18:05:50,832][com.java.SeleniumDriver] [  452] - Grid URL:http://172.17.68.34:4444/wd/hub
[INFO ][2016-02-04 18:05:50,832][com.java.SeleniumDriver] [  453] - Capability:Capabilities [{platform=ANY, ensureCleanSession=true, ignoreProtectedModeSettings=true, acceptSslCerts=true, ignoreZoomSetting=true, browserName=internet explorer, browserstack.ie.noFlash=true, version=null}]
[ERROR][2016-02-04 18:05:52,169][com.java.SeleniumDriver] [  498] - Unable invoke browser in grid:Could not start a new session. Possible causes are invalid address of the remote server or browser start-up failure.
Build info: version: '2.48.2', revision: '41bccdd', time: '2015-10-09 19:59:12'
System info: host: 'FVTIII438F1D', ip: '172.17.68.34', os.name: 'Windows 7', os.arch: 'x86', os.version: '6.1', java.version: '1.7.0_55'
Driver info: driver.version: SeleniumDriver
[INFO ][2016-02-04 18:05:52,169][com.java.SeleniumDriver] [  500] - Executing on local machine
[INFO ][2016-02-04 18:06:02,520][com.java.SeleniumDriver] [  248] - IE10is opened
[INFO ][2016-02-04 18:06:03,376][com.java.SeleniumDriver] [  756] - Test cases to be executed are: [1, 4]
[INFO ][2016-02-04 18:06:03,401][com.java.ImportnExport.ImportTestDataDetailsExcel] [   49] - test data details path===== D:\BankersDashboard\TestInputs\TestData.xls
[INFO ][2016-02-04 18:06:03,479][com.java.SeleniumDriver] [  856] - ------------------------------------------
[INFO ][2016-02-04 18:06:03,479][com.java.SeleniumDriver] [  857] - Test case being Executed: 1
[INFO ][2016-02-04 18:06:03,479][com.java.SeleniumDriver] [  869] - Test step:1
[INFO ][2016-02-04 18:06:03,479][com.java.SeleniumDriver] [  881] - Datavalue is----------Concept#1:1-16
[INFO ][2016-02-04 18:06:03,480][com.java.SeleniumDriver] [  905] - DataField : test
[INFO ][2016-02-04 18:06:03,480][com.java.SeleniumDriver] [  907] - DataValue : Concept#1:1-16
[INFO ][2016-02-04 18:06:03,480][com.java.SeleniumDriver] [  913] - <In Set values of the page>
[INFO ][2016-02-04 18:06:03,480][com.java.SeleniumDriver] [  916] - {Data Fields & Data Values Exist}
[INFO ][2016-02-04 18:06:03,480][com.java.SeleniumDriver] [  918] - --------------------------setting values-----------------------------
[INFO ][2016-02-04 18:06:03,480][com.java.SeleniumDriver] [  921] - Action Type : ExecuteTestCase
[INFO ][2016-02-04 18:06:03,498][com.java.TestType] [  448] - The Concept sheet name is ---------- Concept
[INFO ][2016-02-04 18:06:03,501][com.java.TestType] [  451] - The Concept ID  is ---------- 1
[DEBUG][2016-02-04 18:06:03,501][com.java.TestType] [  455] - Steps being executted in the Concept are: 1:16
[INFO ][2016-02-04 18:06:03,501][com.java.TestType] [  462] - Test data details path ---------- D:\BankersDashboard\TestInputs\TestData.xls
[INFO ][2016-02-04 18:06:03,523][com.java.TestType] [  493] -  str(1) = 1
[INFO ][2016-02-04 18:06:03,523][com.java.TestType] [  496] - Test case Id is---1
[INFO ][2016-02-04 18:06:03,523][com.java.TestType] [  498] - 1
[INFO ][2016-02-04 18:06:03,524][com.java.TestType] [  493] -  str(2) = 1
[INFO ][2016-02-04 18:06:03,526][com.java.TestType] [  493] -  str(1) = 1
[INFO ][2016-02-04 18:06:03,526][com.java.TestType] [  496] - Test case Id is---1
[INFO ][2016-02-04 18:06:03,526][com.java.TestType] [  498] - 1
[INFO ][2016-02-04 18:06:03,526][com.java.TestType] [  493] -  str(2) = 2
[INFO ][2016-02-04 18:06:03,529][com.java.TestType] [  493] -  str(1) = 1
[INFO ][2016-02-04 18:06:03,529][com.java.TestType] [  496] - Test case Id is---1
[INFO ][2016-02-04 18:06:03,529][com.java.TestType] [  498] - 1
[INFO ][2016-02-04 18:06:03,529][com.java.TestType] [  493] -  str(2) = 3
[INFO ][2016-02-04 18:06:03,531][com.java.TestType] [  493] -  str(1) = 1
[INFO ][2016-02-04 18:06:03,531][com.java.TestType] [  496] - Test case Id is---1
[INFO ][2016-02-04 18:06:03,531][com.java.TestType] [  498] - 1
[INFO ][2016-02-04 18:06:03,531][com.java.TestType] [  493] -  str(2) = 4
[INFO ][2016-02-04 18:06:03,532][com.java.TestType] [  493] -  str(1) = 1
[INFO ][2016-02-04 18:06:03,532][com.java.TestType] [  496] - Test case Id is---1
[INFO ][2016-02-04 18:06:03,532][com.java.TestType] [  498] - 1
[INFO ][2016-02-04 18:06:03,532][com.java.TestType] [  493] -  str(2) = 5
[INFO ][2016-02-04 18:06:03,534][com.java.TestType] [  493] -  str(1) = 1
[INFO ][2016-02-04 18:06:03,534][com.java.TestType] [  496] - Test case Id is---1
[INFO ][2016-02-04 18:06:03,534][com.java.TestType] [  498] - 1
[INFO ][2016-02-04 18:06:03,534][com.java.TestType] [  493] -  str(2) = 6
[INFO ][2016-02-04 18:06:03,535][com.java.TestType] [  493] -  str(1) = 1
[INFO ][2016-02-04 18:06:03,535][com.java.TestType] [  496] - Test case Id is---1
[INFO ][2016-02-04 18:06:03,535][com.java.TestType] [  498] - 1
[INFO ][2016-02-04 18:06:03,535][com.java.TestType] [  493] -  str(2) = 7
[INFO ][2016-02-04 18:06:03,536][com.java.TestType] [  493] -  str(1) = 1
[INFO ][2016-02-04 18:06:03,536][com.java.TestType] [  496] - Test case Id is---1
[INFO ][2016-02-04 18:06:03,536][com.java.TestType] [  498] - 1
[INFO ][2016-02-04 18:06:03,536][com.java.TestType] [  493] -  str(2) = 8
[INFO ][2016-02-04 18:06:03,537][com.java.TestType] [  493] -  str(1) = 1
[INFO ][2016-02-04 18:06:03,537][com.java.TestType] [  496] - Test case Id is---1
[INFO ][2016-02-04 18:06:03,537][com.java.TestType] [  498] - 1
[INFO ][2016-02-04 18:06:03,539][com.java.TestType] [  493] -  str(2) = 9
[INFO ][2016-02-04 18:06:03,540][com.java.TestType] [  493] -  str(1) = 1
[INFO ][2016-02-04 18:06:03,540][com.java.TestType] [  496] - Test case Id is---1
[INFO ][2016-02-04 18:06:03,540][com.java.TestType] [  498] - 1
[INFO ][2016-02-04 18:06:03,540][com.java.TestType] [  493] -  str(2) = 10
[INFO ][2016-02-04 18:06:03,541][com.java.TestType] [  493] -  str(1) = 1
[INFO ][2016-02-04 18:06:03,541][com.java.TestType] [  496] - Test case Id is---1
[INFO ][2016-02-04 18:06:03,541][com.java.TestType] [  498] - 1
[INFO ][2016-02-04 18:06:03,541][com.java.TestType] [  493] -  str(2) = 11
[INFO ][2016-02-04 18:06:03,541][com.java.TestType] [  493] -  str(1) = 1
[INFO ][2016-02-04 18:06:03,542][com.java.TestType] [  496] - Test case Id is---1
[INFO ][2016-02-04 18:06:03,542][com.java.TestType] [  498] - 1
[INFO ][2016-02-04 18:06:03,542][com.java.TestType] [  493] -  str(2) = 12
[INFO ][2016-02-04 18:06:03,543][com.java.TestType] [  493] -  str(1) = 1
[INFO ][2016-02-04 18:06:03,543][com.java.TestType] [  496] - Test case Id is---1
[INFO ][2016-02-04 18:06:03,543][com.java.TestType] [  498] - 1
[INFO ][2016-02-04 18:06:03,543][com.java.TestType] [  493] -  str(2) = 13
[INFO ][2016-02-04 18:06:03,544][com.java.TestType] [  493] -  str(1) = 1
[INFO ][2016-02-04 18:06:03,544][com.java.TestType] [  496] - Test case Id is---1
[INFO ][2016-02-04 18:06:03,544][com.java.TestType] [  498] - 1
[INFO ][2016-02-04 18:06:03,544][com.java.TestType] [  493] -  str(2) = 14
[INFO ][2016-02-04 18:06:03,545][com.java.TestType] [  493] -  str(1) = 1
[INFO ][2016-02-04 18:06:03,545][com.java.TestType] [  496] - Test case Id is---1
[INFO ][2016-02-04 18:06:03,545][com.java.TestType] [  498] - 1
[INFO ][2016-02-04 18:06:03,545][com.java.TestType] [  493] -  str(2) = 15
[INFO ][2016-02-04 18:06:03,546][com.java.TestType] [  493] -  str(1) = 1
[INFO ][2016-02-04 18:06:03,546][com.java.TestType] [  496] - Test case Id is---1
[INFO ][2016-02-04 18:06:03,546][com.java.TestType] [  498] - 1
[INFO ][2016-02-04 18:06:03,546][com.java.TestType] [  493] -  str(2) = 16
[INFO ][2016-02-04 18:06:03,547][com.java.TestType] [12065] - Looping 1TCID = 1
[DEBUG][2016-02-04 18:06:03,547][com.java.TestType] [12106] - Concept ID:1 :: Step being Executed: 1::1
[INFO ][2016-02-04 18:06:03,547][com.java.TestType] [12144] - dataFields : TXTusername
[DEBUG][2016-02-04 18:06:03,547][com.java.TestType] [12150] - <In Set values of the page>
[DEBUG][2016-02-04 18:06:03,547][com.java.TestType] [12155] - {Data Fields & Data Values Exist}
[INFO ][2016-02-04 18:06:03,549][com.java.TestType] [12161] - --------------------------setting values-----------------------------
[INFO ][2016-02-04 18:06:03,549][com.java.TestType] [12164] - Action Type : CLEARANDENTER
[INFO ][2016-02-04 18:06:05,845][com.java.TestType] [ 6727] - value = valuelabs.ie10.15310
[INFO ][2016-02-04 18:06:08,259][com.java.TestType] [12183] -  RESULT true
[INFO ][2016-02-04 18:06:08,259][com.java.TestType] [12300] - ?   P A S S   ?
[DEBUG][2016-02-04 18:06:08,259][com.java.TestType] [12106] - Concept ID:1 :: Step being Executed: 1::2
[INFO ][2016-02-04 18:06:08,259][com.java.TestType] [12144] - dataFields : TXTpassword
[DEBUG][2016-02-04 18:06:08,259][com.java.TestType] [12150] - <In Set values of the page>
[DEBUG][2016-02-04 18:06:08,260][com.java.TestType] [12155] - {Data Fields & Data Values Exist}
[INFO ][2016-02-04 18:06:08,260][com.java.TestType] [12161] - --------------------------setting values-----------------------------
[INFO ][2016-02-04 18:06:08,260][com.java.TestType] [12164] - Action Type : CLEARANDENTER
[INFO ][2016-02-04 18:06:10,554][com.java.TestType] [ 6727] - value = Password1*
[INFO ][2016-02-04 18:06:13,069][com.java.TestType] [12183] -  RESULT true
[INFO ][2016-02-04 18:06:13,069][com.java.TestType] [12300] - ?   P A S S   ?
[DEBUG][2016-02-04 18:06:13,070][com.java.TestType] [12106] - Concept ID:1 :: Step being Executed: 1::3
[ERROR][2016-02-04 18:06:13,070][com.java.TestType] [12139] - Exception: null
[INFO ][2016-02-04 18:06:13,070][com.java.TestType] [12144] - dataFields : XPH//button[@type='submit']
[DEBUG][2016-02-04 18:06:13,070][com.java.TestType] [12150] - <In Set values of the page>
[DEBUG][2016-02-04 18:06:13,071][com.java.TestType] [12155] - {Data Fields & Data Values Exist}
[INFO ][2016-02-04 18:06:13,071][com.java.TestType] [12161] - --------------------------setting values-----------------------------
[INFO ][2016-02-04 18:06:13,071][com.java.TestType] [12164] - Action Type : Click
[INFO ][2016-02-04 18:06:13,071][com.java.TestType] [ 7106] - Field ::XPH//button[@type='submit']
[INFO ][2016-02-04 18:06:13,071][com.java.TestType] [ 6727] - value = 
[INFO ][2016-02-04 18:06:14,073][com.java.TestType] [ 7279] - BEFORE CLICK
[INFO ][2016-02-04 18:06:14,928][com.java.TestType] [ 7287] - Unable to click the object Login
[INFO ][2016-02-04 18:06:14,928][com.java.TestType] [12183] -  RESULT true
[INFO ][2016-02-04 18:06:14,928][com.java.TestType] [12300] - ?   P A S S   ?
[DEBUG][2016-02-04 18:06:14,928][com.java.TestType] [12106] - Concept ID:1 :: Step being Executed: 1::4
[INFO ][2016-02-04 18:06:14,928][com.java.TestType] [12144] - dataFields : LNKLogout
[DEBUG][2016-02-04 18:06:14,928][com.java.TestType] [12150] - <In Set values of the page>
[DEBUG][2016-02-04 18:06:14,928][com.java.TestType] [12155] - {Data Fields & Data Values Exist}
[INFO ][2016-02-04 18:06:14,929][com.java.TestType] [12161] - --------------------------setting values-----------------------------
[INFO ][2016-02-04 18:06:14,929][com.java.TestType] [12164] - Action Type : WaitForElement
[INFO ][2016-02-04 18:06:18,434][com.java.TestType] [12183] -  RESULT true
[INFO ][2016-02-04 18:06:18,434][com.java.TestType] [12300] - ?   P A S S   ?
[DEBUG][2016-02-04 18:06:18,434][com.java.TestType] [12106] - Concept ID:1 :: Step being Executed: 1::15
[INFO ][2016-02-04 18:06:18,435][com.java.TestType] [12144] - dataFields : LNK
[DEBUG][2016-02-04 18:06:18,435][com.java.TestType] [12150] - <In Set values of the page>
[DEBUG][2016-02-04 18:06:18,436][com.java.TestType] [12155] - {Data Fields & Data Values Exist}
[INFO ][2016-02-04 18:06:18,436][com.java.TestType] [12161] - --------------------------setting values-----------------------------
[INFO ][2016-02-04 18:06:18,436][com.java.TestType] [12164] - Action Type : Verify
[INFO ][2016-02-04 18:06:18,436][com.java.TestType] [ 8335] - field= LNK value= Logout
[INFO ][2016-02-04 18:06:18,438][com.java.TestType] [ 6727] - value = Logout
[INFO ][2016-02-04 18:06:18,474][com.java.TestType] [12183] -  RESULT true
[INFO ][2016-02-04 18:06:18,474][com.java.TestType] [12300] - ?   P A S S   ?
[DEBUG][2016-02-04 18:06:18,475][com.java.TestType] [12106] - Concept ID:1 :: Step being Executed: 1::16
[INFO ][2016-02-04 18:06:18,475][com.java.TestType] [12144] - dataFields : BTN
[DEBUG][2016-02-04 18:06:18,475][com.java.TestType] [12150] - <In Set values of the page>
[DEBUG][2016-02-04 18:06:18,475][com.java.TestType] [12155] - {Data Fields & Data Values Exist}
[INFO ][2016-02-04 18:06:18,475][com.java.TestType] [12161] - --------------------------setting values-----------------------------
[INFO ][2016-02-04 18:06:18,475][com.java.TestType] [12164] - Action Type : Verify
[INFO ][2016-02-04 18:06:18,475][com.java.TestType] [ 8335] - field= BTN value= //img[contains(@src,'bdlogo.jpg')]
[INFO ][2016-02-04 18:06:18,475][com.java.TestType] [ 6727] - value = //img[contains(@src,'bdlogo.jpg')]
[INFO ][2016-02-04 18:06:18,548][com.java.TestType] [12183] -  RESULT true
[INFO ][2016-02-04 18:06:18,548][com.java.TestType] [12300] - ?   P A S S   ?
[INFO ][2016-02-04 18:06:18,548][com.java.TestType] [12371] - Looping End......
[INFO ][2016-02-04 18:06:18,551][com.java.SeleniumDriver] [  930] -  RESULT true
[INFO ][2016-02-04 18:06:18,551][com.java.SeleniumDriver] [ 1136] - ?   P A S S   ?
[INFO ][2016-02-04 18:06:18,551][com.java.SeleniumDriver] [  856] - ------------------------------------------
[INFO ][2016-02-04 18:06:18,551][com.java.SeleniumDriver] [  857] - Test case being Executed: 1
[INFO ][2016-02-04 18:06:18,551][com.java.SeleniumDriver] [  869] - Test step:2
[INFO ][2016-02-04 18:06:18,552][com.java.SeleniumDriver] [  881] - Datavalue is----------Concept#2:1-2
[INFO ][2016-02-04 18:06:18,552][com.java.SeleniumDriver] [  905] - DataField : test
[INFO ][2016-02-04 18:06:18,552][com.java.SeleniumDriver] [  907] - DataValue : Concept#2:1-2
[INFO ][2016-02-04 18:06:18,552][com.java.SeleniumDriver] [  913] - <In Set values of the page>
[INFO ][2016-02-04 18:06:18,552][com.java.SeleniumDriver] [  916] - {Data Fields & Data Values Exist}
[INFO ][2016-02-04 18:06:18,552][com.java.SeleniumDriver] [  918] - --------------------------setting values-----------------------------
[INFO ][2016-02-04 18:06:18,552][com.java.SeleniumDriver] [  921] - Action Type : ExecuteTestCase
[INFO ][2016-02-04 18:06:18,552][com.java.TestType] [  448] - The Concept sheet name is ---------- Concept
[INFO ][2016-02-04 18:06:18,552][com.java.TestType] [  451] - The Concept ID  is ---------- 2
[DEBUG][2016-02-04 18:06:18,553][com.java.TestType] [  455] - Steps being executted in the Concept are: 1:2
[INFO ][2016-02-04 18:06:18,553][com.java.TestType] [  462] - Test data details path ---------- D:\BankersDashboard\TestInputs\TestData.xls
[INFO ][2016-02-04 18:06:18,569][com.java.TestType] [  493] -  str(1) = 2
[INFO ][2016-02-04 18:06:18,570][com.java.TestType] [  496] - Test case Id is---2
[INFO ][2016-02-04 18:06:18,570][com.java.TestType] [  498] - 2
[INFO ][2016-02-04 18:06:18,570][com.java.TestType] [  493] -  str(2) = 1
[INFO ][2016-02-04 18:06:18,572][com.java.TestType] [  493] -  str(1) = 2
[INFO ][2016-02-04 18:06:18,572][com.java.TestType] [  496] - Test case Id is---2
[INFO ][2016-02-04 18:06:18,572][com.java.TestType] [  498] - 2
[INFO ][2016-02-04 18:06:18,572][com.java.TestType] [  493] -  str(2) = 2
[INFO ][2016-02-04 18:06:18,572][com.java.TestType] [  493] -  str(1) = 2
[INFO ][2016-02-04 18:06:18,573][com.java.TestType] [  496] - Test case Id is---2
[INFO ][2016-02-04 18:06:18,573][com.java.TestType] [  498] - 2
[INFO ][2016-02-04 18:06:18,573][com.java.TestType] [  493] -  str(2) = 3
[INFO ][2016-02-04 18:06:18,573][com.java.TestType] [12065] - Looping 1TCID = 2
[DEBUG][2016-02-04 18:06:18,573][com.java.TestType] [12106] - Concept ID:2 :: Step being Executed: 2::1
[INFO ][2016-02-04 18:06:18,574][com.java.TestType] [12144] - dataFields : BNK//select[@id='bank']
[DEBUG][2016-02-04 18:06:18,574][com.java.TestType] [12150] - <In Set values of the page>
[DEBUG][2016-02-04 18:06:18,574][com.java.TestType] [12155] - {Data Fields & Data Values Exist}
[INFO ][2016-02-04 18:06:18,575][com.java.TestType] [12161] - --------------------------setting values-----------------------------
[INFO ][2016-02-04 18:06:18,575][com.java.TestType] [12164] - Action Type : Select
[INFO ][2016-02-04 18:06:18,575][com.java.TestType] [ 6727] - value = PFC
[INFO ][2016-02-04 18:06:18,798][com.java.TestType] [12183] -  RESULT true
[INFO ][2016-02-04 18:06:18,798][com.java.TestType] [12300] - ?   P A S S   ?
[DEBUG][2016-02-04 18:06:18,798][com.java.TestType] [12106] - Concept ID:2 :: Step being Executed: 2::2
[INFO ][2016-02-04 18:06:18,798][com.java.TestType] [12144] - dataFields : LNKLogout
[DEBUG][2016-02-04 18:06:18,798][com.java.TestType] [12150] - <In Set values of the page>
[DEBUG][2016-02-04 18:06:18,798][com.java.TestType] [12155] - {Data Fields & Data Values Exist}
[INFO ][2016-02-04 18:06:18,799][com.java.TestType] [12161] - --------------------------setting values-----------------------------
[INFO ][2016-02-04 18:06:18,799][com.java.TestType] [12164] - Action Type : WaitTime
[DEBUG][2016-02-04 18:06:18,799][com.java.TestType] [ 6541] - sleepTime: 5000
[INFO ][2016-02-04 18:06:23,800][com.java.TestType] [12183] -  RESULT true
[INFO ][2016-02-04 18:06:23,800][com.java.TestType] [12300] - ?   P A S S   ?
[INFO ][2016-02-04 18:06:23,800][com.java.TestType] [12371] - Looping End......
[INFO ][2016-02-04 18:06:23,801][com.java.SeleniumDriver] [  930] -  RESULT true
[INFO ][2016-02-04 18:06:23,802][com.java.SeleniumDriver] [ 1136] - ?   P A S S   ?
[INFO ][2016-02-04 18:06:23,802][com.java.SeleniumDriver] [  856] - ------------------------------------------
[INFO ][2016-02-04 18:06:23,802][com.java.SeleniumDriver] [  857] - Test case being Executed: 1
[INFO ][2016-02-04 18:06:23,802][com.java.SeleniumDriver] [  869] - Test step:3
[INFO ][2016-02-04 18:06:23,802][com.java.SeleniumDriver] [  881] - Datavalue is----------2
[INFO ][2016-02-04 18:06:23,802][com.java.SeleniumDriver] [  905] - DataField : XPH//button[contains(text(),'Add Content')]
[INFO ][2016-02-04 18:06:23,802][com.java.SeleniumDriver] [  907] - DataValue : 2
[INFO ][2016-02-04 18:06:23,802][com.java.SeleniumDriver] [  913] - <In Set values of the page>
[INFO ][2016-02-04 18:06:23,802][com.java.SeleniumDriver] [  916] - {Data Fields & Data Values Exist}
[INFO ][2016-02-04 18:06:23,802][com.java.SeleniumDriver] [  918] - --------------------------setting values-----------------------------
[INFO ][2016-02-04 18:06:23,802][com.java.SeleniumDriver] [  921] - Action Type : WAITFORELEMENT
[INFO ][2016-02-04 18:06:23,869][com.java.SeleniumDriver] [  930] -  RESULT true
[INFO ][2016-02-04 18:06:23,869][com.java.SeleniumDriver] [ 1136] - ?   P A S S   ?
[DEBUG][2016-02-04 18:06:23,869][com.java.SeleniumDriver] [ 1248] - Case found
[DEBUG][2016-02-04 18:06:23,869][com.java.SeleniumDriver] [ 1253] - Incrementing ReportCounters[0]:1
[INFO ][2016-02-04 18:06:23,869][com.java.SeleniumDriver] [ 1272] - The results are-------------------[1, 1, Valid Login, Pass, , Thu Feb 04 18:06:18 IST 2016, 1, 2, Valid Login, Pass, , Thu Feb 04 18:06:23 IST 2016, 1, 3, Valid Login, Pass, , Thu Feb 04 18:06:23 IST 2016]
[INFO ][2016-02-04 18:06:23,869][com.java.SeleniumDriver] [ 1276] - End time is-------35 sec
[INFO ][2016-02-04 18:06:23,870][com.java.SeleniumDriver] [ 1277] - The results are-------------------[1, 1, Valid Login, Pass, , Thu Feb 04 18:06:18 IST 2016, 1, 2, Valid Login, Pass, , Thu Feb 04 18:06:23 IST 2016, 1, 3, Valid Login, Pass, , Thu Feb 04 18:06:23 IST 2016]
[DEBUG][2016-02-04 18:06:23,870][com.java.ImportnExport.ExportTestResultsExcel] [  222] - testResultPath = D:\BankersDashboard/TestReports/Test Results_BankersDashBoard_020416_180550_IE10_CB&S Bank.xls
[DEBUG][2016-02-04 18:06:23,870][com.java.ImportnExport.ExportTestResultsExcel] [  223] - browser is------------IE10
[DEBUG][2016-02-04 18:06:23,916][com.java.ImportnExport.ExportTestResultsExcel] [  270] - result.size() = 18
[DEBUG][2016-02-04 18:06:23,917][com.java.ImportnExport.ExportTestResultsExcel] [  274] - No of rows in sheet=1
[DEBUG][2016-02-04 18:06:23,917][com.java.ImportnExport.ExportTestResultsExcel] [  301] - ..in export..1
[DEBUG][2016-02-04 18:06:23,917][com.java.ImportnExport.ExportTestResultsExcel] [  301] - ..in export..Valid Login
[DEBUG][2016-02-04 18:06:23,917][com.java.ImportnExport.ExportTestResultsExcel] [  301] - ..in export..Pass
[DEBUG][2016-02-04 18:06:23,917][com.java.ImportnExport.ExportTestResultsExcel] [  301] - ..in export..
[DEBUG][2016-02-04 18:06:23,917][com.java.ImportnExport.ExportTestResultsExcel] [  301] - ..in export..Thu Feb 04 18:06:18 IST 2016
[INFO ][2016-02-04 18:06:23,919][com.java.SeleniumDriver] [ 1337] - out loop:0 size:2 TestCases:[1, 4] testcases:[1, 4]
[INFO ][2016-02-04 18:06:23,919][com.java.ImportnExport.ImportTestDataDetailsExcel] [   49] - test data details path===== D:\BankersDashboard\TestInputs\TestData.xls
[INFO ][2016-02-04 18:06:41,437][com.java.SeleniumDriver] [  856] - ------------------------------------------
[INFO ][2016-02-04 18:06:41,437][com.java.SeleniumDriver] [  857] - Test case being Executed: 4
[INFO ][2016-02-04 18:06:41,437][com.java.SeleniumDriver] [  869] - Test step:1
[INFO ][2016-02-04 18:06:41,437][com.java.SeleniumDriver] [  881] - Datavalue is----------Logout
[INFO ][2016-02-04 18:06:41,437][com.java.SeleniumDriver] [  905] - DataField : BTN
[INFO ][2016-02-04 18:06:41,437][com.java.SeleniumDriver] [  907] - DataValue : Logout
[INFO ][2016-02-04 18:06:41,437][com.java.SeleniumDriver] [  913] - <In Set values of the page>
[INFO ][2016-02-04 18:06:41,437][com.java.SeleniumDriver] [  916] - {Data Fields & Data Values Exist}
[INFO ][2016-02-04 18:06:41,437][com.java.SeleniumDriver] [  918] - --------------------------setting values-----------------------------
[INFO ][2016-02-04 18:06:41,437][com.java.SeleniumDriver] [  921] - Action Type : Verify
[INFO ][2016-02-04 18:06:41,437][com.java.TestType] [ 8335] - field= BTN value= Logout
[INFO ][2016-02-04 18:06:41,438][com.java.TestType] [ 6727] - value = Logout
[INFO ][2016-02-04 18:06:41,530][com.java.SeleniumDriver] [  930] -  RESULT true
[INFO ][2016-02-04 18:06:41,530][com.java.SeleniumDriver] [ 1136] - ?   P A S S   ?
[INFO ][2016-02-04 18:06:41,530][com.java.SeleniumDriver] [ 1178] - step change to 3
[INFO ][2016-02-04 18:06:41,530][com.java.SeleniumDriver] [  856] - ------------------------------------------
[INFO ][2016-02-04 18:06:41,530][com.java.SeleniumDriver] [  857] - Test case being Executed: 4
[INFO ][2016-02-04 18:06:41,530][com.java.SeleniumDriver] [  869] - Test step:3
[INFO ][2016-02-04 18:06:41,531][com.java.SeleniumDriver] [  881] - Datavalue is----------Concept#2:1-3
[INFO ][2016-02-04 18:06:41,531][com.java.SeleniumDriver] [  905] - DataField : test
[INFO ][2016-02-04 18:06:41,531][com.java.SeleniumDriver] [  907] - DataValue : Concept#2:1-3
[INFO ][2016-02-04 18:06:41,531][com.java.SeleniumDriver] [  913] - <In Set values of the page>
[INFO ][2016-02-04 18:06:41,531][com.java.SeleniumDriver] [  916] - {Data Fields & Data Values Exist}
[INFO ][2016-02-04 18:06:41,531][com.java.SeleniumDriver] [  918] - --------------------------setting values-----------------------------
[INFO ][2016-02-04 18:06:41,531][com.java.SeleniumDriver] [  921] - Action Type : ExecuteTestCase
[INFO ][2016-02-04 18:06:41,531][com.java.TestType] [  448] - The Concept sheet name is ---------- Concept
[INFO ][2016-02-04 18:06:41,531][com.java.TestType] [  451] - The Concept ID  is ---------- 2
[DEBUG][2016-02-04 18:06:41,531][com.java.TestType] [  455] - Steps being executted in the Concept are: 1:3
[INFO ][2016-02-04 18:06:41,531][com.java.TestType] [  462] - Test data details path ---------- D:\BankersDashboard\TestInputs\TestData.xls
[INFO ][2016-02-04 18:06:41,549][com.java.TestType] [  493] -  str(1) = 2
[INFO ][2016-02-04 18:06:41,549][com.java.TestType] [  496] - Test case Id is---2
[INFO ][2016-02-04 18:06:41,549][com.java.TestType] [  498] - 2
[INFO ][2016-02-04 18:06:41,549][com.java.TestType] [  493] -  str(2) = 1
[INFO ][2016-02-04 18:06:41,550][com.java.TestType] [  493] -  str(1) = 2
[INFO ][2016-02-04 18:06:41,550][com.java.TestType] [  496] - Test case Id is---2
[INFO ][2016-02-04 18:06:41,550][com.java.TestType] [  498] - 2
[INFO ][2016-02-04 18:06:41,551][com.java.TestType] [  493] -  str(2) = 2
[INFO ][2016-02-04 18:06:41,551][com.java.TestType] [  493] -  str(1) = 2
[INFO ][2016-02-04 18:06:41,551][com.java.TestType] [  496] - Test case Id is---2
[INFO ][2016-02-04 18:06:41,551][com.java.TestType] [  498] - 2
[INFO ][2016-02-04 18:06:41,551][com.java.TestType] [  493] -  str(2) = 3
[INFO ][2016-02-04 18:06:41,552][com.java.TestType] [12065] - Looping 1TCID = 2
[DEBUG][2016-02-04 18:06:41,552][com.java.TestType] [12106] - Concept ID:2 :: Step being Executed: 2::1
[INFO ][2016-02-04 18:06:41,553][com.java.TestType] [12144] - dataFields : BNK//select[@id='bank']
[DEBUG][2016-02-04 18:06:41,553][com.java.TestType] [12150] - <In Set values of the page>
[DEBUG][2016-02-04 18:06:41,553][com.java.TestType] [12155] - {Data Fields & Data Values Exist}
[INFO ][2016-02-04 18:06:41,554][com.java.TestType] [12161] - --------------------------setting values-----------------------------
[INFO ][2016-02-04 18:06:41,554][com.java.TestType] [12164] - Action Type : Select
[INFO ][2016-02-04 18:06:41,554][com.java.TestType] [ 6727] - value = PFC
[INFO ][2016-02-04 18:06:41,764][com.java.TestType] [12183] -  RESULT true
[INFO ][2016-02-04 18:06:41,764][com.java.TestType] [12300] - ?   P A S S   ?
[DEBUG][2016-02-04 18:06:41,764][com.java.TestType] [12106] - Concept ID:2 :: Step being Executed: 2::2
[INFO ][2016-02-04 18:06:41,764][com.java.TestType] [12144] - dataFields : LNKLogout
[DEBUG][2016-02-04 18:06:41,764][com.java.TestType] [12150] - <In Set values of the page>
[DEBUG][2016-02-04 18:06:41,764][com.java.TestType] [12155] - {Data Fields & Data Values Exist}
[INFO ][2016-02-04 18:06:41,764][com.java.TestType] [12161] - --------------------------setting values-----------------------------
[INFO ][2016-02-04 18:06:41,764][com.java.TestType] [12164] - Action Type : WaitTime
[DEBUG][2016-02-04 18:06:41,764][com.java.TestType] [ 6541] - sleepTime: 5000
[INFO ][2016-02-04 18:06:46,765][com.java.TestType] [12183] -  RESULT true
[INFO ][2016-02-04 18:06:46,765][com.java.TestType] [12300] - ?   P A S S   ?
[DEBUG][2016-02-04 18:06:46,765][com.java.TestType] [12106] - Concept ID:2 :: Step being Executed: 2::3
[INFO ][2016-02-04 18:06:46,765][com.java.TestType] [12144] - dataFields : LNKLogout
[DEBUG][2016-02-04 18:06:46,765][com.java.TestType] [12150] - <In Set values of the page>
[DEBUG][2016-02-04 18:06:46,765][com.java.TestType] [12155] - {Data Fields & Data Values Exist}
[INFO ][2016-02-04 18:06:46,765][com.java.TestType] [12161] - --------------------------setting values-----------------------------
[INFO ][2016-02-04 18:06:46,765][com.java.TestType] [12164] - Action Type : WaitForElement
[INFO ][2016-02-04 18:06:46,802][com.java.TestType] [12183] -  RESULT true
[INFO ][2016-02-04 18:06:46,802][com.java.TestType] [12300] - ?   P A S S   ?
[INFO ][2016-02-04 18:06:46,802][com.java.TestType] [12371] - Looping End......
[INFO ][2016-02-04 18:06:46,804][com.java.SeleniumDriver] [  930] -  RESULT true
[INFO ][2016-02-04 18:06:46,804][com.java.SeleniumDriver] [ 1136] - ?   P A S S   ?
[INFO ][2016-02-04 18:06:46,804][com.java.SeleniumDriver] [  856] - ------------------------------------------
[INFO ][2016-02-04 18:06:46,804][com.java.SeleniumDriver] [  857] - Test case being Executed: 4
[INFO ][2016-02-04 18:06:46,804][com.java.SeleniumDriver] [  869] - Test step:4
[INFO ][2016-02-04 18:06:46,804][com.java.SeleniumDriver] [  881] - Datavalue is----------null
[DEBUG][2016-02-04 18:06:46,804][com.java.SeleniumDriver] [  899] - Exception: null
[INFO ][2016-02-04 18:06:46,804][com.java.SeleniumDriver] [  905] - DataField : //span[@class="icon-cog2"]&&//a[text()='Customize']&&//a[@data-id="TabletAlerts"]
[INFO ][2016-02-04 18:06:46,804][com.java.SeleniumDriver] [  907] - DataValue : 
[INFO ][2016-02-04 18:06:46,804][com.java.SeleniumDriver] [  913] - <In Set values of the page>
[INFO ][2016-02-04 18:06:46,804][com.java.SeleniumDriver] [  916] - {Data Fields & Data Values Exist}
[INFO ][2016-02-04 18:06:46,804][com.java.SeleniumDriver] [  918] - --------------------------setting values-----------------------------
[INFO ][2016-02-04 18:06:46,804][com.java.SeleniumDriver] [  921] - Action Type : MOUSEOVER
[INFO ][2016-02-04 18:07:31,531][com.java.SeleniumDriver] [  930] -  RESULT true
[INFO ][2016-02-04 18:07:31,531][com.java.SeleniumDriver] [ 1136] - ?   P A S S   ?
[INFO ][2016-02-04 18:07:31,531][com.java.SeleniumDriver] [  856] - ------------------------------------------
[INFO ][2016-02-04 18:07:31,531][com.java.SeleniumDriver] [  857] - Test case being Executed: 4
[INFO ][2016-02-04 18:07:31,531][com.java.SeleniumDriver] [  869] - Test step:5
[INFO ][2016-02-04 18:07:31,531][com.java.SeleniumDriver] [  881] - Datavalue is----------My Alerts
[INFO ][2016-02-04 18:07:31,531][com.java.SeleniumDriver] [  905] - DataField : XPH//span[@class='ui-dialog-title']
[INFO ][2016-02-04 18:07:31,531][com.java.SeleniumDriver] [  907] - DataValue : My Alerts
[INFO ][2016-02-04 18:07:31,531][com.java.SeleniumDriver] [  913] - <In Set values of the page>
[INFO ][2016-02-04 18:07:31,531][com.java.SeleniumDriver] [  916] - {Data Fields & Data Values Exist}
[INFO ][2016-02-04 18:07:31,531][com.java.SeleniumDriver] [  918] - --------------------------setting values-----------------------------
[INFO ][2016-02-04 18:07:31,531][com.java.SeleniumDriver] [  921] - Action Type : verify
[INFO ][2016-02-04 18:07:31,531][com.java.TestType] [ 8335] - field= XPH//span[@class='ui-dialog-title'] value= My Alerts
[INFO ][2016-02-04 18:07:31,532][com.java.TestType] [ 6727] - value = My Alerts
[INFO ][2016-02-04 18:07:31,717][com.java.SeleniumDriver] [  930] -  RESULT true
[INFO ][2016-02-04 18:07:31,717][com.java.SeleniumDriver] [ 1136] - ?   P A S S   ?
[INFO ][2016-02-04 18:07:31,717][com.java.SeleniumDriver] [  856] - ------------------------------------------
[INFO ][2016-02-04 18:07:31,717][com.java.SeleniumDriver] [  857] - Test case being Executed: 4
[INFO ][2016-02-04 18:07:31,717][com.java.SeleniumDriver] [  869] - Test step:6
[INFO ][2016-02-04 18:07:31,717][com.java.SeleniumDriver] [  881] - Datavalue is----------null
[DEBUG][2016-02-04 18:07:31,717][com.java.SeleniumDriver] [  899] - Exception: null
[INFO ][2016-02-04 18:07:31,718][com.java.SeleniumDriver] [  905] - DataField : BTNframeDialogContent
[INFO ][2016-02-04 18:07:31,718][com.java.SeleniumDriver] [  907] - DataValue : 
[INFO ][2016-02-04 18:07:31,718][com.java.SeleniumDriver] [  913] - <In Set values of the page>
[INFO ][2016-02-04 18:07:31,718][com.java.SeleniumDriver] [  916] - {Data Fields & Data Values Exist}
[INFO ][2016-02-04 18:07:31,718][com.java.SeleniumDriver] [  918] - --------------------------setting values-----------------------------
[INFO ][2016-02-04 18:07:31,719][com.java.SeleniumDriver] [  921] - Action Type : SELECTFRAME
[INFO ][2016-02-04 18:07:33,115][com.java.SeleniumDriver] [  930] -  RESULT true
[INFO ][2016-02-04 18:07:33,115][com.java.SeleniumDriver] [ 1136] - ?   P A S S   ?
[INFO ][2016-02-04 18:07:33,115][com.java.SeleniumDriver] [  856] - ------------------------------------------
[INFO ][2016-02-04 18:07:33,115][com.java.SeleniumDriver] [  857] - Test case being Executed: 4
[INFO ][2016-02-04 18:07:33,115][com.java.SeleniumDriver] [  869] - Test step:7
[INFO ][2016-02-04 18:07:33,115][com.java.SeleniumDriver] [  881] - Datavalue is----------Income Statement
[INFO ][2016-02-04 18:07:33,115][com.java.SeleniumDriver] [  905] - DataField : XPH//span[contains(text(),'Income Statement')]
[INFO ][2016-02-04 18:07:33,115][com.java.SeleniumDriver] [  907] - DataValue : Income Statement
[INFO ][2016-02-04 18:07:33,115][com.java.SeleniumDriver] [  913] - <In Set values of the page>
[INFO ][2016-02-04 18:07:33,115][com.java.SeleniumDriver] [  916] - {Data Fields & Data Values Exist}
[INFO ][2016-02-04 18:07:33,115][com.java.SeleniumDriver] [  918] - --------------------------setting values-----------------------------
[INFO ][2016-02-04 18:07:33,115][com.java.SeleniumDriver] [  921] - Action Type : VERIFY
[INFO ][2016-02-04 18:07:33,116][com.java.TestType] [ 8335] - field= XPH//span[contains(text(),'Income Statement')] value= Income Statement
[INFO ][2016-02-04 18:07:33,116][com.java.TestType] [ 6727] - value = Income Statement
[INFO ][2016-02-04 18:07:33,192][com.java.SeleniumDriver] [  930] -  RESULT true
[INFO ][2016-02-04 18:07:33,192][com.java.SeleniumDriver] [ 1136] - ?   P A S S   ?
[INFO ][2016-02-04 18:07:33,194][com.java.SeleniumDriver] [  856] - ------------------------------------------
[INFO ][2016-02-04 18:07:33,194][com.java.SeleniumDriver] [  857] - Test case being Executed: 4
[INFO ][2016-02-04 18:07:33,194][com.java.SeleniumDriver] [  869] - Test step:8
[INFO ][2016-02-04 18:07:33,194][com.java.SeleniumDriver] [  881] - Datavalue is----------null
[DEBUG][2016-02-04 18:07:33,194][com.java.SeleniumDriver] [  899] - Exception: null
[INFO ][2016-02-04 18:07:33,194][com.java.SeleniumDriver] [  905] - DataField : XPH//span[contains(text(),'Income Statement')]
[INFO ][2016-02-04 18:07:33,194][com.java.SeleniumDriver] [  907] - DataValue : 
[INFO ][2016-02-04 18:07:33,194][com.java.SeleniumDriver] [  913] - <In Set values of the page>
[INFO ][2016-02-04 18:07:33,194][com.java.SeleniumDriver] [  916] - {Data Fields & Data Values Exist}
[INFO ][2016-02-04 18:07:33,194][com.java.SeleniumDriver] [  918] - --------------------------setting values-----------------------------
[INFO ][2016-02-04 18:07:33,194][com.java.SeleniumDriver] [  921] - Action Type : CLICK
[INFO ][2016-02-04 18:07:33,194][com.java.TestType] [ 7106] - Field ::XPH//span[contains(text(),'Income Statement')]
[INFO ][2016-02-04 18:07:33,194][com.java.TestType] [ 6727] - value = 
[INFO ][2016-02-04 18:07:34,195][com.java.TestType] [ 7279] - BEFORE CLICK
[INFO ][2016-02-04 18:07:35,112][com.java.TestType] [ 7287] - Unable to click the object Income Statement
[INFO ][2016-02-04 18:07:35,112][com.java.SeleniumDriver] [  930] -  RESULT true
[INFO ][2016-02-04 18:07:35,112][com.java.SeleniumDriver] [ 1136] - ?   P A S S   ?
[INFO ][2016-02-04 18:07:35,112][com.java.SeleniumDriver] [  856] - ------------------------------------------
[INFO ][2016-02-04 18:07:35,112][com.java.SeleniumDriver] [  857] - Test case being Executed: 4
[INFO ][2016-02-04 18:07:35,112][com.java.SeleniumDriver] [  869] - Test step:9
[INFO ][2016-02-04 18:07:35,112][com.java.SeleniumDriver] [  881] - Datavalue is----------5
[INFO ][2016-02-04 18:07:35,112][com.java.SeleniumDriver] [  905] - DataField : test
[INFO ][2016-02-04 18:07:35,112][com.java.SeleniumDriver] [  907] - DataValue : 5
[INFO ][2016-02-04 18:07:35,112][com.java.SeleniumDriver] [  913] - <In Set values of the page>
[INFO ][2016-02-04 18:07:35,112][com.java.SeleniumDriver] [  916] - {Data Fields & Data Values Exist}
[INFO ][2016-02-04 18:07:35,112][com.java.SeleniumDriver] [  918] - --------------------------setting values-----------------------------
[INFO ][2016-02-04 18:07:35,112][com.java.SeleniumDriver] [  921] - Action Type : WAITTIME
[DEBUG][2016-02-04 18:07:35,113][com.java.TestType] [ 6541] - sleepTime: 5000
[INFO ][2016-02-04 18:07:40,114][com.java.SeleniumDriver] [  930] -  RESULT true
[INFO ][2016-02-04 18:07:40,114][com.java.SeleniumDriver] [ 1136] - ?   P A S S   ?
[INFO ][2016-02-04 18:07:40,114][com.java.SeleniumDriver] [  856] - ------------------------------------------
[INFO ][2016-02-04 18:07:40,114][com.java.SeleniumDriver] [  857] - Test case being Executed: 4
[INFO ][2016-02-04 18:07:40,114][com.java.SeleniumDriver] [  869] - Test step:10
[INFO ][2016-02-04 18:07:40,114][com.java.SeleniumDriver] [  881] - Datavalue is----------4.00
[INFO ][2016-02-04 18:07:40,114][com.java.SeleniumDriver] [  905] - DataField : TXT//table[@id="IncomeTbl" ]/tbody//td[4]/input[@class="perVal"]
[INFO ][2016-02-04 18:07:40,116][com.java.SeleniumDriver] [  907] - DataValue : 4.00
[INFO ][2016-02-04 18:07:40,116][com.java.SeleniumDriver] [  913] - <In Set values of the page>
[INFO ][2016-02-04 18:07:40,116][com.java.SeleniumDriver] [  916] - {Data Fields & Data Values Exist}
[INFO ][2016-02-04 18:07:40,116][com.java.SeleniumDriver] [  918] - --------------------------setting values-----------------------------
[INFO ][2016-02-04 18:07:40,116][com.java.SeleniumDriver] [  921] - Action Type : CLEARANDENTER
[INFO ][2016-02-04 18:07:40,248][com.java.TestType] [ 6727] - value = 4.00
[INFO ][2016-02-04 18:07:40,393][com.java.SeleniumDriver] [  930] -  RESULT true
[INFO ][2016-02-04 18:07:40,393][com.java.SeleniumDriver] [ 1136] - ?   P A S S   ?
[INFO ][2016-02-04 18:07:40,393][com.java.SeleniumDriver] [  856] - ------------------------------------------
[INFO ][2016-02-04 18:07:40,393][com.java.SeleniumDriver] [  857] - Test case being Executed: 4
[INFO ][2016-02-04 18:07:40,393][com.java.SeleniumDriver] [  869] - Test step:11
[INFO ][2016-02-04 18:07:40,393][com.java.SeleniumDriver] [  881] - Datavalue is----------null
[DEBUG][2016-02-04 18:07:40,393][com.java.SeleniumDriver] [  899] - Exception: null
[INFO ][2016-02-04 18:07:40,393][com.java.SeleniumDriver] [  905] - DataField : BTNparent
[INFO ][2016-02-04 18:07:40,393][com.java.SeleniumDriver] [  907] - DataValue : 
[INFO ][2016-02-04 18:07:40,393][com.java.SeleniumDriver] [  913] - <In Set values of the page>
[INFO ][2016-02-04 18:07:40,393][com.java.SeleniumDriver] [  916] - {Data Fields & Data Values Exist}
[INFO ][2016-02-04 18:07:40,394][com.java.SeleniumDriver] [  918] - --------------------------setting values-----------------------------
[INFO ][2016-02-04 18:07:40,394][com.java.SeleniumDriver] [  921] - Action Type : SELECTFRAME
[INFO ][2016-02-04 18:07:40,409][com.java.SeleniumDriver] [  930] -  RESULT true
[INFO ][2016-02-04 18:07:40,409][com.java.SeleniumDriver] [ 1136] - ?   P A S S   ?
[INFO ][2016-02-04 18:07:40,409][com.java.SeleniumDriver] [  856] - ------------------------------------------
[INFO ][2016-02-04 18:07:40,409][com.java.SeleniumDriver] [  857] - Test case being Executed: 4
[INFO ][2016-02-04 18:07:40,409][com.java.SeleniumDriver] [  869] - Test step:12
[INFO ][2016-02-04 18:07:40,409][com.java.SeleniumDriver] [  881] - Datavalue is----------null
[DEBUG][2016-02-04 18:07:40,409][com.java.SeleniumDriver] [  899] - Exception: null
[INFO ][2016-02-04 18:07:40,409][com.java.SeleniumDriver] [  905] - DataField : HDN//span[contains(text(),'Save')]
[INFO ][2016-02-04 18:07:40,409][com.java.SeleniumDriver] [  907] - DataValue : 
[INFO ][2016-02-04 18:07:40,410][com.java.SeleniumDriver] [  913] - <In Set values of the page>
[INFO ][2016-02-04 18:07:40,410][com.java.SeleniumDriver] [  916] - {Data Fields & Data Values Exist}
[INFO ][2016-02-04 18:07:40,411][com.java.SeleniumDriver] [  918] - --------------------------setting values-----------------------------
[INFO ][2016-02-04 18:07:40,411][com.java.SeleniumDriver] [  921] - Action Type : CLICK
[INFO ][2016-02-04 18:07:40,411][com.java.TestType] [ 7106] - Field ::HDN//span[contains(text(),'Save')]
[INFO ][2016-02-04 18:07:40,411][com.java.TestType] [ 6727] - value = 
[INFO ][2016-02-04 18:07:41,748][com.java.SeleniumDriver] [  930] -  RESULT true
[INFO ][2016-02-04 18:07:41,748][com.java.SeleniumDriver] [ 1136] - ?   P A S S   ?
[INFO ][2016-02-04 18:07:41,748][com.java.SeleniumDriver] [  856] - ------------------------------------------
[INFO ][2016-02-04 18:07:41,748][com.java.SeleniumDriver] [  857] - Test case being Executed: 4
[INFO ][2016-02-04 18:07:41,748][com.java.SeleniumDriver] [  869] - Test step:13
[INFO ][2016-02-04 18:07:41,748][com.java.SeleniumDriver] [  881] - Datavalue is----------null
[DEBUG][2016-02-04 18:07:41,748][com.java.SeleniumDriver] [  899] - Exception: null
[INFO ][2016-02-04 18:07:41,748][com.java.SeleniumDriver] [  905] - DataField : XPH//span[@class="glyphicon glyphicon-bell"]
[INFO ][2016-02-04 18:07:41,748][com.java.SeleniumDriver] [  907] - DataValue : 
[INFO ][2016-02-04 18:07:41,749][com.java.SeleniumDriver] [  913] - <In Set values of the page>
[INFO ][2016-02-04 18:07:41,749][com.java.SeleniumDriver] [  916] - {Data Fields & Data Values Exist}
[INFO ][2016-02-04 18:07:41,749][com.java.SeleniumDriver] [  918] - --------------------------setting values-----------------------------
[INFO ][2016-02-04 18:07:41,749][com.java.SeleniumDriver] [  921] - Action Type : CLICK
[INFO ][2016-02-04 18:07:41,749][com.java.TestType] [ 7106] - Field ::XPH//span[@class="glyphicon glyphicon-bell"]
[INFO ][2016-02-04 18:07:41,749][com.java.TestType] [ 6727] - value = 
[INFO ][2016-02-04 18:07:42,749][com.java.TestType] [ 7279] - BEFORE CLICK
[INFO ][2016-02-04 18:07:44,096][com.java.TestType] [ 7287] - Unable to click the object Click on  bell symbol
[INFO ][2016-02-04 18:07:44,096][com.java.SeleniumDriver] [  930] -  RESULT true
[INFO ][2016-02-04 18:07:44,096][com.java.SeleniumDriver] [ 1136] - ?   P A S S   ?
[INFO ][2016-02-04 18:07:44,096][com.java.SeleniumDriver] [  856] - ------------------------------------------
[INFO ][2016-02-04 18:07:44,096][com.java.SeleniumDriver] [  857] - Test case being Executed: 4
[INFO ][2016-02-04 18:07:44,096][com.java.SeleniumDriver] [  869] - Test step:14
[INFO ][2016-02-04 18:07:44,096][com.java.SeleniumDriver] [  881] - Datavalue is----------null
[DEBUG][2016-02-04 18:07:44,096][com.java.SeleniumDriver] [  899] - Exception: null
[INFO ][2016-02-04 18:07:44,096][com.java.SeleniumDriver] [  905] - DataField : XPH//div[@class='body']/div[4]/div[2]
[INFO ][2016-02-04 18:07:44,096][com.java.SeleniumDriver] [  907] - DataValue : 
[INFO ][2016-02-04 18:07:44,096][com.java.SeleniumDriver] [  913] - <In Set values of the page>
[INFO ][2016-02-04 18:07:44,096][com.java.SeleniumDriver] [  916] - {Data Fields & Data Values Exist}
[INFO ][2016-02-04 18:07:44,096][com.java.SeleniumDriver] [  918] - --------------------------setting values-----------------------------
[INFO ][2016-02-04 18:07:44,097][com.java.SeleniumDriver] [  921] - Action Type : CLICK
[INFO ][2016-02-04 18:07:44,097][com.java.TestType] [ 7106] - Field ::XPH//div[@class='body']/div[4]/div[2]
[INFO ][2016-02-04 18:07:44,097][com.java.TestType] [ 6727] - value = 
[INFO ][2016-02-04 18:07:45,097][com.java.TestType] [ 7279] - BEFORE CLICK
[INFO ][2016-02-04 18:07:45,964][com.java.TestType] [ 7287] - Unable to click the object Click on the Today's Alert Page
[INFO ][2016-02-04 18:07:45,964][com.java.SeleniumDriver] [  930] -  RESULT true
[INFO ][2016-02-04 18:07:45,964][com.java.SeleniumDriver] [ 1136] - ?   P A S S   ?
[INFO ][2016-02-04 18:07:45,964][com.java.SeleniumDriver] [  856] - ------------------------------------------
[INFO ][2016-02-04 18:07:45,964][com.java.SeleniumDriver] [  857] - Test case being Executed: 4
[INFO ][2016-02-04 18:07:45,964][com.java.SeleniumDriver] [  869] - Test step:15
[INFO ][2016-02-04 18:07:45,964][com.java.SeleniumDriver] [  881] - Datavalue is----------//div[@class="menu-drawer"]//span
[INFO ][2016-02-04 18:07:45,964][com.java.SeleniumDriver] [  905] - DataField : BTN
[INFO ][2016-02-04 18:07:45,964][com.java.SeleniumDriver] [  907] - DataValue : //div[@class="menu-drawer"]//span
[INFO ][2016-02-04 18:07:45,964][com.java.SeleniumDriver] [  913] - <In Set values of the page>
[INFO ][2016-02-04 18:07:45,964][com.java.SeleniumDriver] [  916] - {Data Fields & Data Values Exist}
[INFO ][2016-02-04 18:07:45,964][com.java.SeleniumDriver] [  918] - --------------------------setting values-----------------------------
[INFO ][2016-02-04 18:07:45,964][com.java.SeleniumDriver] [  921] - Action Type : VERIFY
[INFO ][2016-02-04 18:07:45,965][com.java.TestType] [ 8335] - field= BTN value= //div[@class="menu-drawer"]//span
[INFO ][2016-02-04 18:07:45,965][com.java.TestType] [ 6727] - value = //div[@class="menu-drawer"]//span
[INFO ][2016-02-04 18:07:46,066][com.java.SeleniumDriver] [  930] -  RESULT true
[INFO ][2016-02-04 18:07:46,066][com.java.SeleniumDriver] [ 1136] - ?   P A S S   ?
[INFO ][2016-02-04 18:07:46,066][com.java.SeleniumDriver] [  856] - ------------------------------------------
[INFO ][2016-02-04 18:07:46,066][com.java.SeleniumDriver] [  857] - Test case being Executed: 4
[INFO ][2016-02-04 18:07:46,066][com.java.SeleniumDriver] [  869] - Test step:16
[INFO ][2016-02-04 18:07:46,066][com.java.SeleniumDriver] [  881] - Datavalue is----------//div[@id='isAlertsHeading']/h4
[INFO ][2016-02-04 18:07:46,066][com.java.SeleniumDriver] [  905] - DataField : BTN
[INFO ][2016-02-04 18:07:46,066][com.java.SeleniumDriver] [  907] - DataValue : //div[@id='isAlertsHeading']/h4
[INFO ][2016-02-04 18:07:46,066][com.java.SeleniumDriver] [  913] - <In Set values of the page>
[INFO ][2016-02-04 18:07:46,066][com.java.SeleniumDriver] [  916] - {Data Fields & Data Values Exist}
[INFO ][2016-02-04 18:07:46,066][com.java.SeleniumDriver] [  918] - --------------------------setting values-----------------------------
[INFO ][2016-02-04 18:07:46,066][com.java.SeleniumDriver] [  921] - Action Type : VERIFY
[INFO ][2016-02-04 18:07:46,067][com.java.TestType] [ 8335] - field= BTN value= //div[@id='isAlertsHeading']/h4
[INFO ][2016-02-04 18:07:46,067][com.java.TestType] [ 6727] - value = //div[@id='isAlertsHeading']/h4
[INFO ][2016-02-04 18:07:46,137][com.java.SeleniumDriver] [  930] -  RESULT true
[INFO ][2016-02-04 18:07:46,137][com.java.SeleniumDriver] [ 1136] - ?   P A S S   ?
[INFO ][2016-02-04 18:07:46,138][com.java.SeleniumDriver] [  856] - ------------------------------------------
[INFO ][2016-02-04 18:07:46,138][com.java.SeleniumDriver] [  857] - Test case being Executed: 4
[INFO ][2016-02-04 18:07:46,138][com.java.SeleniumDriver] [  869] - Test step:17
[INFO ][2016-02-04 18:07:46,138][com.java.SeleniumDriver] [  881] - Datavalue is----------null
[DEBUG][2016-02-04 18:07:46,138][com.java.SeleniumDriver] [  899] - Exception: null
[INFO ][2016-02-04 18:07:46,138][com.java.SeleniumDriver] [  905] - DataField : XPH//div[@class="panel panel-default ng-scope"]/div[@id='isAlertsHeading']/h4
[INFO ][2016-02-04 18:07:46,138][com.java.SeleniumDriver] [  907] - DataValue : 
[INFO ][2016-02-04 18:07:46,138][com.java.SeleniumDriver] [  913] - <In Set values of the page>
[INFO ][2016-02-04 18:07:46,138][com.java.SeleniumDriver] [  916] - {Data Fields & Data Values Exist}
[INFO ][2016-02-04 18:07:46,138][com.java.SeleniumDriver] [  918] - --------------------------setting values-----------------------------
[INFO ][2016-02-04 18:07:46,138][com.java.SeleniumDriver] [  921] - Action Type : CLICK
[INFO ][2016-02-04 18:07:46,138][com.java.TestType] [ 7106] - Field ::XPH//div[@class="panel panel-default ng-scope"]/div[@id='isAlertsHeading']/h4
[INFO ][2016-02-04 18:07:46,138][com.java.TestType] [ 6727] - value = 
[INFO ][2016-02-04 18:07:47,138][com.java.TestType] [ 7279] - BEFORE CLICK
[INFO ][2016-02-04 18:07:48,089][com.java.TestType] [ 7287] - Unable to click the object Click on Income Statement tab
[INFO ][2016-02-04 18:07:48,089][com.java.SeleniumDriver] [  930] -  RESULT true
[INFO ][2016-02-04 18:07:48,089][com.java.SeleniumDriver] [ 1136] - ?   P A S S   ?
[INFO ][2016-02-04 18:07:48,089][com.java.SeleniumDriver] [  856] - ------------------------------------------
[INFO ][2016-02-04 18:07:48,089][com.java.SeleniumDriver] [  857] - Test case being Executed: 4
[INFO ][2016-02-04 18:07:48,089][com.java.SeleniumDriver] [  869] - Test step:18
[INFO ][2016-02-04 18:07:48,089][com.java.SeleniumDriver] [  881] - Datavalue is----------5
[INFO ][2016-02-04 18:07:48,089][com.java.SeleniumDriver] [  905] - DataField : null
[INFO ][2016-02-04 18:07:48,089][com.java.SeleniumDriver] [  907] - DataValue : 5
[INFO ][2016-02-04 18:07:48,089][com.java.SeleniumDriver] [  913] - <In Set values of the page>
[INFO ][2016-02-04 18:07:48,089][com.java.SeleniumDriver] [  916] - {Data Fields & Data Values Exist}
[INFO ][2016-02-04 18:07:48,089][com.java.SeleniumDriver] [  918] - --------------------------setting values-----------------------------
[INFO ][2016-02-04 18:07:48,090][com.java.SeleniumDriver] [  921] - Action Type : WAITTIME
[DEBUG][2016-02-04 18:07:48,090][com.java.TestType] [ 6541] - sleepTime: 5000
[INFO ][2016-02-04 18:07:53,091][com.java.SeleniumDriver] [  930] -  RESULT true
[INFO ][2016-02-04 18:07:53,091][com.java.SeleniumDriver] [ 1136] - ?   P A S S   ?
[INFO ][2016-02-04 18:07:53,091][com.java.SeleniumDriver] [  856] - ------------------------------------------
[INFO ][2016-02-04 18:07:53,091][com.java.SeleniumDriver] [  857] - Test case being Executed: 4
[INFO ][2016-02-04 18:07:53,091][com.java.SeleniumDriver] [  869] - Test step:19
[INFO ][2016-02-04 18:07:53,091][com.java.SeleniumDriver] [  881] - Datavalue is----------//div[@id='isAlertsContent']//div[@class="ng-binding"]
[INFO ][2016-02-04 18:07:53,091][com.java.SeleniumDriver] [  905] - DataField : BTN
[INFO ][2016-02-04 18:07:53,091][com.java.SeleniumDriver] [  907] - DataValue : //div[@id='isAlertsContent']//div[@class="ng-binding"]
[INFO ][2016-02-04 18:07:53,091][com.java.SeleniumDriver] [  913] - <In Set values of the page>
[INFO ][2016-02-04 18:07:53,091][com.java.SeleniumDriver] [  916] - {Data Fields & Data Values Exist}
[INFO ][2016-02-04 18:07:53,091][com.java.SeleniumDriver] [  918] - --------------------------setting values-----------------------------
[INFO ][2016-02-04 18:07:53,091][com.java.SeleniumDriver] [  921] - Action Type : VERIFY
[INFO ][2016-02-04 18:07:53,091][com.java.TestType] [ 8335] - field= BTN value= //div[@id='isAlertsContent']//div[@class="ng-binding"]
[INFO ][2016-02-04 18:07:53,092][com.java.TestType] [ 6727] - value = //div[@id='isAlertsContent']//div[@class="ng-binding"]
[INFO ][2016-02-04 18:07:53,174][com.java.SeleniumDriver] [  930] -  RESULT true
[INFO ][2016-02-04 18:07:53,174][com.java.SeleniumDriver] [ 1136] - ?   P A S S   ?
[INFO ][2016-02-04 18:07:53,174][com.java.SeleniumDriver] [  856] - ------------------------------------------
[INFO ][2016-02-04 18:07:53,174][com.java.SeleniumDriver] [  857] - Test case being Executed: 4
[INFO ][2016-02-04 18:07:53,174][com.java.SeleniumDriver] [  869] - Test step:20
[INFO ][2016-02-04 18:07:53,175][com.java.SeleniumDriver] [  881] - Datavalue is----------null
[DEBUG][2016-02-04 18:07:53,175][com.java.SeleniumDriver] [  899] - Exception: null
[INFO ][2016-02-04 18:07:53,175][com.java.SeleniumDriver] [  905] - DataField : XPH//div[@class="panel panel-default ng-scope"]/div[@id='isAlertsHeading']/h4
[INFO ][2016-02-04 18:07:53,175][com.java.SeleniumDriver] [  907] - DataValue : 
[INFO ][2016-02-04 18:07:53,175][com.java.SeleniumDriver] [  913] - <In Set values of the page>
[INFO ][2016-02-04 18:07:53,175][com.java.SeleniumDriver] [  916] - {Data Fields & Data Values Exist}
[INFO ][2016-02-04 18:07:53,175][com.java.SeleniumDriver] [  918] - --------------------------setting values-----------------------------
[INFO ][2016-02-04 18:07:53,175][com.java.SeleniumDriver] [  921] - Action Type : CLICK
[INFO ][2016-02-04 18:07:53,175][com.java.TestType] [ 7106] - Field ::XPH//div[@class="panel panel-default ng-scope"]/div[@id='isAlertsHeading']/h4
[INFO ][2016-02-04 18:07:53,175][com.java.TestType] [ 6727] - value = 
[INFO ][2016-02-04 18:07:54,175][com.java.TestType] [ 7279] - BEFORE CLICK
[INFO ][2016-02-04 18:07:55,114][com.java.TestType] [ 7287] - Unable to click the object Click on Income Statement tab
[INFO ][2016-02-04 18:07:55,114][com.java.SeleniumDriver] [  930] -  RESULT true
[INFO ][2016-02-04 18:07:55,114][com.java.SeleniumDriver] [ 1136] - ?   P A S S   ?
[INFO ][2016-02-04 18:07:55,114][com.java.SeleniumDriver] [  856] - ------------------------------------------
[INFO ][2016-02-04 18:07:55,114][com.java.SeleniumDriver] [  857] - Test case being Executed: 4
[INFO ][2016-02-04 18:07:55,114][com.java.SeleniumDriver] [  869] - Test step:21
[INFO ][2016-02-04 18:07:55,114][com.java.SeleniumDriver] [  881] - Datavalue is----------//*[@id='isAlertsContent']/div/div[1]/div[1]
[INFO ][2016-02-04 18:07:55,114][com.java.SeleniumDriver] [  905] - DataField : MSG
[INFO ][2016-02-04 18:07:55,114][com.java.SeleniumDriver] [  907] - DataValue : //*[@id='isAlertsContent']/div/div[1]/div[1]
[INFO ][2016-02-04 18:07:55,114][com.java.SeleniumDriver] [  913] - <In Set values of the page>
[INFO ][2016-02-04 18:07:55,114][com.java.SeleniumDriver] [  916] - {Data Fields & Data Values Exist}
[INFO ][2016-02-04 18:07:55,114][com.java.SeleniumDriver] [  918] - --------------------------setting values-----------------------------
[INFO ][2016-02-04 18:07:55,114][com.java.SeleniumDriver] [  921] - Action Type : VERIFYNOTPRESENT
[INFO ][2016-02-04 18:07:55,115][com.java.TestType] [10149] - field= MSG value= //*[@id='isAlertsContent']/div/div[1]/div[1]
[INFO ][2016-02-04 18:07:55,295][com.java.SeleniumDriver] [  930] -  RESULT true
[INFO ][2016-02-04 18:07:55,295][com.java.SeleniumDriver] [ 1136] - ?   P A S S   ?
[INFO ][2016-02-04 18:07:55,295][com.java.SeleniumDriver] [  856] - ------------------------------------------
[INFO ][2016-02-04 18:07:55,295][com.java.SeleniumDriver] [  857] - Test case being Executed: 4
[INFO ][2016-02-04 18:07:55,295][com.java.SeleniumDriver] [  869] - Test step:22
[INFO ][2016-02-04 18:07:55,295][com.java.SeleniumDriver] [  881] - Datavalue is----------numberofupdatesbeforerefreshing
[INFO ][2016-02-04 18:07:55,295][com.java.SeleniumDriver] [  905] - DataField : XPH//div[@id="isAlertsHeading"]//span[@class="badge pull-right ng-binding"]
[INFO ][2016-02-04 18:07:55,295][com.java.SeleniumDriver] [  907] - DataValue : numberofupdatesbeforerefreshing
[INFO ][2016-02-04 18:07:55,295][com.java.SeleniumDriver] [  913] - <In Set values of the page>
[INFO ][2016-02-04 18:07:55,295][com.java.SeleniumDriver] [  916] - {Data Fields & Data Values Exist}
[INFO ][2016-02-04 18:07:55,295][com.java.SeleniumDriver] [  918] - --------------------------setting values-----------------------------
[INFO ][2016-02-04 18:07:55,296][com.java.SeleniumDriver] [  921] - Action Type : STOREVALUE
[INFO ][2016-02-04 18:07:55,296][com.java.TestType] [ 9830] - field= XPH//div[@id="isAlertsHeading"]//span[@class="badge pull-right ng-binding"]
[DEBUG][2016-02-04 18:07:55,411][com.java.TestType] [ 9885] - Key:: numberofupdatesbeforerefreshing   Value:: 1
[INFO ][2016-02-04 18:07:55,411][com.java.SeleniumDriver] [  930] -  RESULT true
[INFO ][2016-02-04 18:07:55,411][com.java.SeleniumDriver] [ 1136] - ?   P A S S   ?
[INFO ][2016-02-04 18:07:55,411][com.java.SeleniumDriver] [  856] - ------------------------------------------
[INFO ][2016-02-04 18:07:55,411][com.java.SeleniumDriver] [  857] - Test case being Executed: 4
[INFO ][2016-02-04 18:07:55,412][com.java.SeleniumDriver] [  869] - Test step:23
[INFO ][2016-02-04 18:07:55,412][com.java.SeleniumDriver] [  881] - Datavalue is----------null
[DEBUG][2016-02-04 18:07:55,412][com.java.SeleniumDriver] [  899] - Exception: null
[INFO ][2016-02-04 18:07:55,412][com.java.SeleniumDriver] [  905] - DataField : HDN//span[@class='glyphicon glyphicon-refresh ng-scope']
[INFO ][2016-02-04 18:07:55,412][com.java.SeleniumDriver] [  907] - DataValue : 
[INFO ][2016-02-04 18:07:55,412][com.java.SeleniumDriver] [  913] - <In Set values of the page>
[INFO ][2016-02-04 18:07:55,412][com.java.SeleniumDriver] [  916] - {Data Fields & Data Values Exist}
[INFO ][2016-02-04 18:07:55,412][com.java.SeleniumDriver] [  918] - --------------------------setting values-----------------------------
[INFO ][2016-02-04 18:07:55,412][com.java.SeleniumDriver] [  921] - Action Type : CLICK
[INFO ][2016-02-04 18:07:55,412][com.java.TestType] [ 7106] - Field ::HDN//span[@class='glyphicon glyphicon-refresh ng-scope']
[INFO ][2016-02-04 18:07:55,412][com.java.TestType] [ 6727] - value = 
[INFO ][2016-02-04 18:07:56,589][com.java.SeleniumDriver] [  930] -  RESULT true
[INFO ][2016-02-04 18:07:56,589][com.java.SeleniumDriver] [ 1136] - ?   P A S S   ?
[INFO ][2016-02-04 18:07:56,589][com.java.SeleniumDriver] [  856] - ------------------------------------------
[INFO ][2016-02-04 18:07:56,589][com.java.SeleniumDriver] [  857] - Test case being Executed: 4
[INFO ][2016-02-04 18:07:56,589][com.java.SeleniumDriver] [  869] - Test step:24
[INFO ][2016-02-04 18:07:56,589][com.java.SeleniumDriver] [  881] - Datavalue is----------5
[INFO ][2016-02-04 18:07:56,589][com.java.SeleniumDriver] [  905] - DataField : null
[INFO ][2016-02-04 18:07:56,589][com.java.SeleniumDriver] [  907] - DataValue : 5
[INFO ][2016-02-04 18:07:56,589][com.java.SeleniumDriver] [  913] - <In Set values of the page>
[INFO ][2016-02-04 18:07:56,589][com.java.SeleniumDriver] [  916] - {Data Fields & Data Values Exist}
[INFO ][2016-02-04 18:07:56,590][com.java.SeleniumDriver] [  918] - --------------------------setting values-----------------------------
[INFO ][2016-02-04 18:07:56,590][com.java.SeleniumDriver] [  921] - Action Type : WAITTIME
[DEBUG][2016-02-04 18:07:56,590][com.java.TestType] [ 6541] - sleepTime: 5000
[INFO ][2016-02-04 18:08:01,591][com.java.SeleniumDriver] [  930] -  RESULT true
[INFO ][2016-02-04 18:08:01,591][com.java.SeleniumDriver] [ 1136] - ?   P A S S   ?
[INFO ][2016-02-04 18:08:01,591][com.java.SeleniumDriver] [  856] - ------------------------------------------
[INFO ][2016-02-04 18:08:01,591][com.java.SeleniumDriver] [  857] - Test case being Executed: 4
[INFO ][2016-02-04 18:08:01,591][com.java.SeleniumDriver] [  869] - Test step:25
[INFO ][2016-02-04 18:08:01,591][com.java.SeleniumDriver] [  881] - Datavalue is----------HMVnumberofupdatesbeforerefreshing
[INFO ][2016-02-04 18:08:01,591][com.java.SeleniumDriver] [  905] - DataField : XPH//div[@id="isAlertsHeading"]//span[@class="badge pull-right ng-binding"]
[INFO ][2016-02-04 18:08:01,591][com.java.SeleniumDriver] [  907] - DataValue : HMVnumberofupdatesbeforerefreshing
[INFO ][2016-02-04 18:08:01,591][com.java.SeleniumDriver] [  913] - <In Set values of the page>
[INFO ][2016-02-04 18:08:01,591][com.java.SeleniumDriver] [  916] - {Data Fields & Data Values Exist}
[INFO ][2016-02-04 18:08:01,591][com.java.SeleniumDriver] [  918] - --------------------------setting values-----------------------------
[INFO ][2016-02-04 18:08:01,591][com.java.SeleniumDriver] [  921] - Action Type : VERIFY
[INFO ][2016-02-04 18:08:01,591][com.java.TestType] [ 8335] - field= XPH//div[@id="isAlertsHeading"]//span[@class="badge pull-right ng-binding"] value= HMVnumberofupdatesbeforerefreshing
[INFO ][2016-02-04 18:08:01,592][com.java.TestType] [ 6727] - value = 1
[INFO ][2016-02-04 18:08:01,710][com.java.SeleniumDriver] [  930] -  RESULT true
[INFO ][2016-02-04 18:08:01,710][com.java.SeleniumDriver] [ 1136] - ?   P A S S   ?
[INFO ][2016-02-04 18:08:01,710][com.java.SeleniumDriver] [  856] - ------------------------------------------
[INFO ][2016-02-04 18:08:01,710][com.java.SeleniumDriver] [  857] - Test case being Executed: 4
[INFO ][2016-02-04 18:08:01,710][com.java.SeleniumDriver] [  869] - Test step:26
[INFO ][2016-02-04 18:08:01,710][com.java.SeleniumDriver] [  881] - Datavalue is----------1
[INFO ][2016-02-04 18:08:01,710][com.java.SeleniumDriver] [  905] - DataField : null
[INFO ][2016-02-04 18:08:01,710][com.java.SeleniumDriver] [  907] - DataValue : 1
[INFO ][2016-02-04 18:08:01,710][com.java.SeleniumDriver] [  913] - <In Set values of the page>
[INFO ][2016-02-04 18:08:01,711][com.java.SeleniumDriver] [  916] - {Data Fields & Data Values Exist}
[INFO ][2016-02-04 18:08:01,711][com.java.SeleniumDriver] [  918] - --------------------------setting values-----------------------------
[INFO ][2016-02-04 18:08:01,711][com.java.SeleniumDriver] [  921] - Action Type : WAITTIME
[DEBUG][2016-02-04 18:08:01,711][com.java.TestType] [ 6541] - sleepTime: 1000
[INFO ][2016-02-04 18:08:02,711][com.java.SeleniumDriver] [  930] -  RESULT true
[INFO ][2016-02-04 18:08:02,711][com.java.SeleniumDriver] [ 1136] - ?   P A S S   ?
[INFO ][2016-02-04 18:08:02,711][com.java.SeleniumDriver] [  856] - ------------------------------------------
[INFO ][2016-02-04 18:08:02,711][com.java.SeleniumDriver] [  857] - Test case being Executed: 4
[INFO ][2016-02-04 18:08:02,711][com.java.SeleniumDriver] [  869] - Test step:27
[INFO ][2016-02-04 18:08:02,711][com.java.SeleniumDriver] [  881] - Datavalue is----------BalanceSheet
[INFO ][2016-02-04 18:08:02,711][com.java.SeleniumDriver] [  905] - DataField : XPH//div[@id="isAlertsContent"]//div[@class="bd-alert ng-scope"][1]/div[@class="ng-binding"]
[INFO ][2016-02-04 18:08:02,711][com.java.SeleniumDriver] [  907] - DataValue : BalanceSheet
[INFO ][2016-02-04 18:08:02,711][com.java.SeleniumDriver] [  913] - <In Set values of the page>
[INFO ][2016-02-04 18:08:02,711][com.java.SeleniumDriver] [  916] - {Data Fields & Data Values Exist}
[INFO ][2016-02-04 18:08:02,711][com.java.SeleniumDriver] [  918] - --------------------------setting values-----------------------------
[INFO ][2016-02-04 18:08:02,711][com.java.SeleniumDriver] [  921] - Action Type : STOREVALUE
[INFO ][2016-02-04 18:08:02,711][com.java.TestType] [ 9830] - field= XPH//div[@id="isAlertsContent"]//div[@class="bd-alert ng-scope"][1]/div[@class="ng-binding"]
[DEBUG][2016-02-04 18:08:02,877][com.java.TestType] [ 9885] - Key:: BalanceSheet   Value:: 
[INFO ][2016-02-04 18:08:02,877][com.java.SeleniumDriver] [  930] -  RESULT true
[INFO ][2016-02-04 18:08:02,877][com.java.SeleniumDriver] [ 1136] - ?   P A S S   ?
[INFO ][2016-02-04 18:08:02,877][com.java.SeleniumDriver] [  856] - ------------------------------------------
[INFO ][2016-02-04 18:08:02,877][com.java.SeleniumDriver] [  857] - Test case being Executed: 4
[INFO ][2016-02-04 18:08:02,877][com.java.SeleniumDriver] [  869] - Test step:28
[INFO ][2016-02-04 18:08:02,877][com.java.SeleniumDriver] [  881] - Datavalue is----------1
[INFO ][2016-02-04 18:08:02,877][com.java.SeleniumDriver] [  905] - DataField : null
[INFO ][2016-02-04 18:08:02,877][com.java.SeleniumDriver] [  907] - DataValue : 1
[INFO ][2016-02-04 18:08:02,877][com.java.SeleniumDriver] [  913] - <In Set values of the page>
[INFO ][2016-02-04 18:08:02,878][com.java.SeleniumDriver] [  916] - {Data Fields & Data Values Exist}
[INFO ][2016-02-04 18:08:02,878][com.java.SeleniumDriver] [  918] - --------------------------setting values-----------------------------
[INFO ][2016-02-04 18:08:02,878][com.java.SeleniumDriver] [  921] - Action Type : WAITTIME
[DEBUG][2016-02-04 18:08:02,878][com.java.TestType] [ 6541] - sleepTime: 1000
[INFO ][2016-02-04 18:08:03,878][com.java.SeleniumDriver] [  930] -  RESULT true
[INFO ][2016-02-04 18:08:03,878][com.java.SeleniumDriver] [ 1136] - ?   P A S S   ?
[INFO ][2016-02-04 18:08:03,878][com.java.SeleniumDriver] [  856] - ------------------------------------------
[INFO ][2016-02-04 18:08:03,878][com.java.SeleniumDriver] [  857] - Test case being Executed: 4
[INFO ][2016-02-04 18:08:03,878][com.java.SeleniumDriver] [  869] - Test step:29
[INFO ][2016-02-04 18:08:03,878][com.java.SeleniumDriver] [  881] - Datavalue is----------Change
[INFO ][2016-02-04 18:08:03,878][com.java.SeleniumDriver] [  905] - DataField : XPH//div[@id="isAlertsContent"]//div[@class="bd-alert ng-scope"][1]//span[@ class="ng-binding"]
[INFO ][2016-02-04 18:08:03,878][com.java.SeleniumDriver] [  907] - DataValue : Change
[INFO ][2016-02-04 18:08:03,878][com.java.SeleniumDriver] [  913] - <In Set values of the page>
[INFO ][2016-02-04 18:08:03,878][com.java.SeleniumDriver] [  916] - {Data Fields & Data Values Exist}
[INFO ][2016-02-04 18:08:03,878][com.java.SeleniumDriver] [  918] - --------------------------setting values-----------------------------
[INFO ][2016-02-04 18:08:03,878][com.java.SeleniumDriver] [  921] - Action Type : STOREVALUE
[INFO ][2016-02-04 18:08:03,879][com.java.TestType] [ 9830] - field= XPH//div[@id="isAlertsContent"]//div[@class="bd-alert ng-scope"][1]//span[@ class="ng-binding"]
[DEBUG][2016-02-04 18:08:03,994][com.java.TestType] [ 9885] - Key:: Change   Value:: 
[INFO ][2016-02-04 18:08:03,994][com.java.SeleniumDriver] [  930] -  RESULT true
[INFO ][2016-02-04 18:08:03,994][com.java.SeleniumDriver] [ 1136] - ?   P A S S   ?
[INFO ][2016-02-04 18:08:03,994][com.java.SeleniumDriver] [  856] - ------------------------------------------
[INFO ][2016-02-04 18:08:03,994][com.java.SeleniumDriver] [  857] - Test case being Executed: 4
[INFO ][2016-02-04 18:08:03,994][com.java.SeleniumDriver] [  869] - Test step:30
[INFO ][2016-02-04 18:08:03,994][com.java.SeleniumDriver] [  881] - Datavalue is----------1
[INFO ][2016-02-04 18:08:03,994][com.java.SeleniumDriver] [  905] - DataField : null
[INFO ][2016-02-04 18:08:03,995][com.java.SeleniumDriver] [  907] - DataValue : 1
[INFO ][2016-02-04 18:08:03,995][com.java.SeleniumDriver] [  913] - <In Set values of the page>
[INFO ][2016-02-04 18:08:03,995][com.java.SeleniumDriver] [  916] - {Data Fields & Data Values Exist}
[INFO ][2016-02-04 18:08:03,995][com.java.SeleniumDriver] [  918] - --------------------------setting values-----------------------------
[INFO ][2016-02-04 18:08:03,995][com.java.SeleniumDriver] [  921] - Action Type : WAITTIME
[DEBUG][2016-02-04 18:08:03,995][com.java.TestType] [ 6541] - sleepTime: 1000
[INFO ][2016-02-04 18:08:04,995][com.java.SeleniumDriver] [  930] -  RESULT true
[INFO ][2016-02-04 18:08:04,995][com.java.SeleniumDriver] [ 1136] - ?   P A S S   ?
[INFO ][2016-02-04 18:08:04,995][com.java.SeleniumDriver] [  856] - ------------------------------------------
[INFO ][2016-02-04 18:08:04,995][com.java.SeleniumDriver] [  857] - Test case being Executed: 4
[INFO ][2016-02-04 18:08:04,995][com.java.SeleniumDriver] [  869] - Test step:31
[INFO ][2016-02-04 18:08:04,995][com.java.SeleniumDriver] [  881] - Datavalue is----------Percentage
[INFO ][2016-02-04 18:08:04,995][com.java.SeleniumDriver] [  905] - DataField : XPH//div[@id="isAlertsContent"]//div[@class="bd-alert ng-scope"][1]//span[@class="pull-right ng-binding"]
[INFO ][2016-02-04 18:08:04,995][com.java.SeleniumDriver] [  907] - DataValue : Percentage
[INFO ][2016-02-04 18:08:04,995][com.java.SeleniumDriver] [  913] - <In Set values of the page>
[INFO ][2016-02-04 18:08:04,995][com.java.SeleniumDriver] [  916] - {Data Fields & Data Values Exist}
[INFO ][2016-02-04 18:08:04,995][com.java.SeleniumDriver] [  918] - --------------------------setting values-----------------------------
[INFO ][2016-02-04 18:08:04,995][com.java.SeleniumDriver] [  921] - Action Type : STOREVALUE
[INFO ][2016-02-04 18:08:04,995][com.java.TestType] [ 9830] - field= XPH//div[@id="isAlertsContent"]//div[@class="bd-alert ng-scope"][1]//span[@class="pull-right ng-binding"]
[DEBUG][2016-02-04 18:08:05,151][com.java.TestType] [ 9885] - Key:: Percentage   Value:: 
[INFO ][2016-02-04 18:08:05,151][com.java.SeleniumDriver] [  930] -  RESULT true
[INFO ][2016-02-04 18:08:05,151][com.java.SeleniumDriver] [ 1136] - ?   P A S S   ?
[INFO ][2016-02-04 18:08:05,151][com.java.SeleniumDriver] [  856] - ------------------------------------------
[INFO ][2016-02-04 18:08:05,151][com.java.SeleniumDriver] [  857] - Test case being Executed: 4
[INFO ][2016-02-04 18:08:05,151][com.java.SeleniumDriver] [  869] - Test step:32
[INFO ][2016-02-04 18:08:05,151][com.java.SeleniumDriver] [  881] - Datavalue is----------null
[DEBUG][2016-02-04 18:08:05,151][com.java.SeleniumDriver] [  899] - Exception: null
[INFO ][2016-02-04 18:08:05,152][com.java.SeleniumDriver] [  905] - DataField : XPH//span[@class="glyphicon glyphicon-list-alt"]
[INFO ][2016-02-04 18:08:05,152][com.java.SeleniumDriver] [  907] - DataValue : 
[INFO ][2016-02-04 18:08:05,152][com.java.SeleniumDriver] [  913] - <In Set values of the page>
[INFO ][2016-02-04 18:08:05,152][com.java.SeleniumDriver] [  916] - {Data Fields & Data Values Exist}
[INFO ][2016-02-04 18:08:05,152][com.java.SeleniumDriver] [  918] - --------------------------setting values-----------------------------
[INFO ][2016-02-04 18:08:05,152][com.java.SeleniumDriver] [  921] - Action Type : CLICK
[INFO ][2016-02-04 18:08:05,152][com.java.TestType] [ 7106] - Field ::XPH//span[@class="glyphicon glyphicon-list-alt"]
[INFO ][2016-02-04 18:08:05,153][com.java.TestType] [ 6727] - value = 
[INFO ][2016-02-04 18:08:06,153][com.java.TestType] [ 7279] - BEFORE CLICK
[INFO ][2016-02-04 18:08:07,374][com.java.TestType] [ 7287] - Unable to click the object Click on the report button
[INFO ][2016-02-04 18:08:07,374][com.java.SeleniumDriver] [  930] -  RESULT true
[INFO ][2016-02-04 18:08:07,374][com.java.SeleniumDriver] [ 1136] - ?   P A S S   ?
[INFO ][2016-02-04 18:08:07,374][com.java.SeleniumDriver] [  856] - ------------------------------------------
[INFO ][2016-02-04 18:08:07,374][com.java.SeleniumDriver] [  857] - Test case being Executed: 4
[INFO ][2016-02-04 18:08:07,374][com.java.SeleniumDriver] [  869] - Test step:33
[INFO ][2016-02-04 18:08:07,374][com.java.SeleniumDriver] [  881] - Datavalue is----------3
[INFO ][2016-02-04 18:08:07,374][com.java.SeleniumDriver] [  905] - DataField : XPH//img[@id='loading']
[INFO ][2016-02-04 18:08:07,374][com.java.SeleniumDriver] [  907] - DataValue : 3
[INFO ][2016-02-04 18:08:07,374][com.java.SeleniumDriver] [  913] - <In Set values of the page>
[INFO ][2016-02-04 18:08:07,374][com.java.SeleniumDriver] [  916] - {Data Fields & Data Values Exist}
[INFO ][2016-02-04 18:08:07,374][com.java.SeleniumDriver] [  918] - --------------------------setting values-----------------------------
[INFO ][2016-02-04 18:08:07,374][com.java.SeleniumDriver] [  921] - Action Type : WaitForElement
[INFO ][2016-02-04 18:08:07,410][com.java.SeleniumDriver] [  930] -  RESULT true
[INFO ][2016-02-04 18:08:07,410][com.java.SeleniumDriver] [ 1136] - ?   P A S S   ?
[INFO ][2016-02-04 18:08:07,410][com.java.SeleniumDriver] [  856] - ------------------------------------------
[INFO ][2016-02-04 18:08:07,410][com.java.SeleniumDriver] [  857] - Test case being Executed: 4
[INFO ][2016-02-04 18:08:07,410][com.java.SeleniumDriver] [  869] - Test step:34
[INFO ][2016-02-04 18:08:07,410][com.java.SeleniumDriver] [  881] - Datavalue is----------90
[INFO ][2016-02-04 18:08:07,410][com.java.SeleniumDriver] [  905] - DataField : XPH//img[@id='loading']
[INFO ][2016-02-04 18:08:07,411][com.java.SeleniumDriver] [  907] - DataValue : 90
[INFO ][2016-02-04 18:08:07,411][com.java.SeleniumDriver] [  913] - <In Set values of the page>
[INFO ][2016-02-04 18:08:07,411][com.java.SeleniumDriver] [  916] - {Data Fields & Data Values Exist}
[INFO ][2016-02-04 18:08:07,411][com.java.SeleniumDriver] [  918] - --------------------------setting values-----------------------------
[INFO ][2016-02-04 18:08:07,411][com.java.SeleniumDriver] [  921] - Action Type : waitForElementNotPresent
[INFO ][2016-02-04 18:08:08,607][com.java.SeleniumDriver] [  930] -  RESULT true
[INFO ][2016-02-04 18:08:08,607][com.java.SeleniumDriver] [ 1136] - ?   P A S S   ?
[INFO ][2016-02-04 18:08:08,607][com.java.SeleniumDriver] [  856] - ------------------------------------------
[INFO ][2016-02-04 18:08:08,607][com.java.SeleniumDriver] [  857] - Test case being Executed: 4
[INFO ][2016-02-04 18:08:08,607][com.java.SeleniumDriver] [  869] - Test step:35
[INFO ][2016-02-04 18:08:08,607][com.java.SeleniumDriver] [  881] - Datavalue is----------BalanceSheet::Change
[INFO ][2016-02-04 18:08:08,607][com.java.SeleniumDriver] [  905] - DataField : PVP//table[@id="ReportTable3"]/tbody//td/div[contains(text(),'mytext')]/following::td[3]/div
[INFO ][2016-02-04 18:08:08,608][com.java.SeleniumDriver] [  907] - DataValue : BalanceSheet::Change
[INFO ][2016-02-04 18:08:08,608][com.java.SeleniumDriver] [  913] - <In Set values of the page>
[INFO ][2016-02-04 18:08:08,608][com.java.SeleniumDriver] [  916] - {Data Fields & Data Values Exist}
[INFO ][2016-02-04 18:08:08,608][com.java.SeleniumDriver] [  918] - --------------------------setting values-----------------------------
[INFO ][2016-02-04 18:08:08,608][com.java.SeleniumDriver] [  921] - Action Type : VERIFY
[INFO ][2016-02-04 18:08:08,608][com.java.TestType] [ 8335] - field= PVP//table[@id="ReportTable3"]/tbody//td/div[contains(text(),'mytext')]/following::td[3]/div value= BalanceSheet::Change
[INFO ][2016-02-04 18:08:08,608][com.java.TestType] [ 6727] - value = BalanceSheet::Change
[DEBUG][2016-02-04 18:09:57,538][com.java.TestType] [ 7988] - //table[@id="ReportTable3"]/tbody//td/div[contains(text(),'')]/following::td[3]/div   :: Element not Found
[DEBUG][2016-02-04 18:10:18,319][com.java.TestType] [ 9525] - Exception: BalanceSheet::Change
[DEBUG][2016-02-04 18:10:18,319][com.java.TestType] [ 9528] - Element not replaced::BalanceSheet::Change
[INFO ][2016-02-04 18:10:18,319][com.java.SeleniumDriver] [  930] -  RESULT false
[INFO ][2016-02-04 18:10:18,320][com.java.SeleniumDriver] [  977] - ?   F A I L   ?
[INFO ][2016-02-04 18:10:18,320][com.java.SeleniumDriver] [  985] - Browser Type : IE10
[INFO ][2016-02-04 18:10:18,320][com.java.SeleniumDriver] [  986] - Adding Failed case4
[INFO ][2016-02-04 18:10:18,569][com.java.SeleniumDriver] [ 1100] - failedCases = 4
[ERROR][2016-02-04 18:10:18,569][com.java.SeleniumDriver] [ 1599] - Platform Errors : Our apologies...::We have encountered an issue with your request.::Our apologies?:We encountered an issue with your request.
[INFO ][2016-02-04 18:10:18,569][com.java.SeleniumDriver] [ 1603] - Length =3
[ERROR][2016-02-04 18:10:18,569][com.java.SeleniumDriver] [ 1606] - Error 0 = Our apologies...
[ERROR][2016-02-04 18:10:18,720][com.java.SeleniumDriver] [ 1606] - Error 1 = We have encountered an issue with your request.
[ERROR][2016-02-04 18:10:18,880][com.java.SeleniumDriver] [ 1606] - Error 2 = Our apologies?:We encountered an issue with your request.
[INFO ][2016-02-04 18:10:18,971][com.java.SeleniumDriver] [ 1617] - strError:
[DEBUG][2016-02-04 18:10:18,987][com.java.SeleniumDriver] [ 1248] - Case found
[DEBUG][2016-02-04 18:10:18,987][com.java.SeleniumDriver] [ 1253] - Incrementing ReportCounters[0]:2
[INFO ][2016-02-04 18:10:18,987][com.java.SeleniumDriver] [ 1272] - The results are-------------------[4, 35, Right Hand Menu: IS Alerts-IS Alerts are showing on hover menu., Fail, 
Test case failed at Step No. :: 35   Error Message ::  Element not replaced::BalanceSheet::Change. Screen Shot : D:\BankersDashboard\TestReports\020416\4_020416_181018_IE10.png, Thu Feb 04 18:10:18 IST 2016]
[INFO ][2016-02-04 18:10:18,987][com.java.SeleniumDriver] [ 1276] - End time is-------4 min 30 sec
[INFO ][2016-02-04 18:10:18,987][com.java.SeleniumDriver] [ 1277] - The results are-------------------[4, 35, Right Hand Menu: IS Alerts-IS Alerts are showing on hover menu., Fail, 
Test case failed at Step No. :: 35   Error Message ::  Element not replaced::BalanceSheet::Change. Screen Shot : D:\BankersDashboard\TestReports\020416\4_020416_181018_IE10.png, Thu Feb 04 18:10:18 IST 2016]
[DEBUG][2016-02-04 18:10:18,987][com.java.ImportnExport.ExportTestResultsExcel] [  222] - testResultPath = D:\BankersDashboard/TestReports/Test Results_BankersDashBoard_020416_180550_IE10_CB&S Bank.xls
[DEBUG][2016-02-04 18:10:18,987][com.java.ImportnExport.ExportTestResultsExcel] [  223] - browser is------------IE10
[DEBUG][2016-02-04 18:10:18,990][com.java.ImportnExport.ExportTestResultsExcel] [  270] - result.size() = 6
[DEBUG][2016-02-04 18:10:18,990][com.java.ImportnExport.ExportTestResultsExcel] [  274] - No of rows in sheet=2
[DEBUG][2016-02-04 18:10:18,990][com.java.ImportnExport.ExportTestResultsExcel] [  301] - ..in export..4
[DEBUG][2016-02-04 18:10:18,990][com.java.ImportnExport.ExportTestResultsExcel] [  301] - ..in export..Right Hand Menu: IS Alerts-IS Alerts are showing on hover menu.
[DEBUG][2016-02-04 18:10:18,990][com.java.ImportnExport.ExportTestResultsExcel] [  301] - ..in export..Fail
[DEBUG][2016-02-04 18:10:18,990][com.java.ImportnExport.ExportTestResultsExcel] [  301] - ..in export..
Test case failed at Step No. :: 35   Error Message ::  Element not replaced::BalanceSheet::Change. Screen Shot : D:\BankersDashboard\TestReports\020416\4_020416_181018_IE10.png
[DEBUG][2016-02-04 18:10:18,991][com.java.ImportnExport.ExportTestResultsExcel] [  301] - ..in export..Thu Feb 04 18:10:18 IST 2016
[INFO ][2016-02-04 18:10:18,992][com.java.SeleniumDriver] [ 1337] - out loop:1 size:2 TestCases:[1, 4] testcases:[1, 4]
[INFO ][2016-02-04 18:10:20,993][com.java.SeleniumDriver] [ 1380] - Total Number of Cases:2
[INFO ][2016-02-04 18:10:20,993][com.java.TemplateGenerator] [  302] - Executed:2
[INFO ][2016-02-04 18:10:20,993][com.java.TemplateGenerator] [  303] - Passed:1
[INFO ][2016-02-04 18:10:20,993][com.java.TemplateGenerator] [  304] - Failed:1
[INFO ][2016-02-04 18:10:20,993][com.java.TemplateGenerator] [  305] - Skipeed:0
[INFO ][2016-02-04 18:10:20,993][com.java.TemplateGenerator] [  306] - Application URL:https://clients-xuat.bankersdashboard.com
[INFO ][2016-02-04 18:10:20,993][com.java.TemplateGenerator] [  307] - Start Time:020416_180550
[INFO ][2016-02-04 18:10:20,993][com.java.TemplateGenerator] [  308] -  Creating HTML Report 
[ERROR][2016-02-04 18:10:20,994][com.java.TemplateGenerator] [  409] - Unparseable date: "Thu Feb 04 06:05:50 IST 2016"
[INFO ][2016-02-04 18:10:20,994][com.java.TemplateGenerator] [  654] -  Exporting case :: 1
[INFO ][2016-02-04 18:10:20,994][com.java.TemplateGenerator] [  654] -  Exporting case :: 4
[INFO ][2016-02-04 18:10:21,003][com.java.SeleniumDriver] [ 1429] - End Time:020416_181020
[INFO ][2016-02-04 18:10:21,003][com.java.SeleniumDriver] [ 1432] - Data in Test Execution Details:{1=PASS, 4=FAILTest case failed at Step No. :: 35   Error Message ::  Element not replaced::BalanceSheet::Change}
[INFO ][2016-02-04 18:10:21,003][com.java.SeleniumDriver] [ 1433] - Data in Failed Execution Deatils:{}
[INFO ][2016-02-04 18:10:21,003][com.java.SeleniumDriver] [ 1435] - ReportCounter:Total:2 :: PASS: 1 ::FAIL: 1
[INFO ][2016-02-04 18:10:21,003][com.java.SeleniumDriver] [ 1436] - FailedReportCounter:Total:0 :: PASS: 0 ::FAIL: 0
[INFO ][2016-02-04 18:10:21,009][com.java.EmailTestReport] [   63] - Sending report mail details:
[INFO ][2016-02-04 18:10:21,009][com.java.EmailTestReport] [   80] - Excel Report Path:D:\BankersDashboard/TestReports/Test Results_BankersDashBoard_020416_180550_IE10_CB&S Bank.xls
[INFO ][2016-02-04 18:10:21,009][com.java.EmailTestReport] [   81] - HTML Report Path:D:\BankersDashboard//TestReports//Test Results_BankersDashBoard_020416_180550_IE10_CB&S Bank.html
[INFO ][2016-02-04 18:10:21,009][com.java.EmailTestReport] [   82] - smtpHostName:mail01.valuelabs.com
[INFO ][2016-02-04 18:10:21,009][com.java.EmailTestReport] [   83] - Recipient:venkateswararao.gubbala@valuelabs.com;
[INFO ][2016-02-04 18:10:21,009][com.java.EmailTestReport] [   84] - From:venkateswararao.gubbala@valuelabs.com;
[INFO ][2016-02-04 18:10:21,009][com.java.EmailTestReport] [   85] - Subject:Deluxe Corp Bankers Dashboard Automation Test Report - CB&S Bank - IE10
[INFO ][2016-02-04 18:10:21,026][com.java.EmailTestReport] [  143] -  Added venkateswararao.gubbala@valuelabs.com
[INFO ][2016-02-04 18:10:24,138][com.java.SeleniumDriver] [  722] - quitting the browser 
[INFO ][2016-02-04 18:10:25,424][com.java.SeleniumDriver] [  264] - Execution Completed Stopping the thread
