[INFO ][2015-11-12 19:38:45,146][com.java.SeleniumDriver] [  213] - Execute Failed Casesfalse
[INFO ][2015-11-12 19:38:45,146][com.java.SeleniumDriver] [  214] - Browser: IE11
[INFO ][2015-11-12 19:38:45,146][com.java.SeleniumDriver] [  215] - [1, 4]
[INFO ][2015-11-12 19:38:45,146][com.java.SeleniumDriver] [  216] - Total TestCases:2
[INFO ][2015-11-12 19:38:45,146][com.java.SeleniumDriver] [  217] -  Reading Properties from Property File 
[DEBUG][2015-11-12 19:38:45,146][com.java.SeleniumDriver] [  238] - url : https://clients-xuat.bankersdashboard.com
[INFO ][2015-11-12 19:38:45,146][com.java.ImportnExport.ExportTestResultsExcel] [  116] - Time Stamp Thu Nov 12 07:38:45 IST 2015
[INFO ][2015-11-12 19:38:45,146][com.java.ImportnExport.ExportTestResultsExcel] [  175] - OUT FILE : D:\BankersDashboard/TestReports/Test Results_BankersDashBoard_111215_193845_IE11_Any Bank USA.xls
[INFO ][2015-11-12 19:38:45,177][com.java.ImportnExport.ExportTestResultsExcel] [  180] - Test Result file is created
[DEBUG][2015-11-12 19:38:45,267][com.java.SeleniumDriver] [  425] - Hub ip address is-------172.17.68.34
[INFO ][2015-11-12 19:38:45,267][com.java.SeleniumDriver] [  451] - Grid URL:http://172.17.68.34:4444/wd/hub
[INFO ][2015-11-12 19:38:45,267][com.java.SeleniumDriver] [  452] - Capability:Capabilities [{platform=ANY, ensureCleanSession=true, ignoreProtectedModeSettings=true, acceptSslCerts=true, ignoreZoomSetting=true, browserName=internet explorer, browserstack.ie.noFlash=true, version=Node1}]
[ERROR][2015-11-12 19:38:46,557][com.java.SeleniumDriver] [  496] - Unable invoke browser in grid:Could not start a new session. Possible causes are invalid address of the remote server or browser start-up failure.
Build info: version: '2.48.2', revision: '41bccdd', time: '2015-10-09 19:59:12'
System info: host: 'FVTIII438F1D', ip: '172.17.68.34', os.name: 'Windows 7', os.arch: 'x86', os.version: '6.1', java.version: '1.7.0_55'
Driver info: driver.version: SeleniumDriver
[INFO ][2015-11-12 19:38:46,557][com.java.SeleniumDriver] [  498] - Executing on local machine
[INFO ][2015-11-12 19:38:56,079][com.java.SeleniumDriver] [  248] - IE11is opened
[INFO ][2015-11-12 19:38:56,701][com.java.SeleniumDriver] [  753] - Test cases to be executed are: [1, 4]
[INFO ][2015-11-12 19:38:56,712][com.java.ImportnExport.ImportTestDataDetailsExcel] [   49] - test data details path===== D:\BankersDashboard\TestInputs\TestData.xls
[INFO ][2015-11-12 19:38:56,762][com.java.SeleniumDriver] [  796] - ------------------------------------------
[INFO ][2015-11-12 19:38:56,762][com.java.SeleniumDriver] [  797] - Test case being Executed: 1
[INFO ][2015-11-12 19:38:56,762][com.java.SeleniumDriver] [  808] - Test step:1
[INFO ][2015-11-12 19:38:56,762][com.java.SeleniumDriver] [  820] - Datavalue is----------Concept#1:1-14
[INFO ][2015-11-12 19:38:56,762][com.java.SeleniumDriver] [  844] - DataField : test
[INFO ][2015-11-12 19:38:56,762][com.java.SeleniumDriver] [  846] - DataValue : Concept#1:1-14
[INFO ][2015-11-12 19:38:56,762][com.java.SeleniumDriver] [  852] - <In Set values of the page>
[INFO ][2015-11-12 19:38:56,762][com.java.SeleniumDriver] [  855] - {Data Fields & Data Values Exist}
[INFO ][2015-11-12 19:38:56,762][com.java.SeleniumDriver] [  857] - --------------------------setting values-----------------------------
[INFO ][2015-11-12 19:38:56,762][com.java.SeleniumDriver] [  860] - Action Type : ExecuteTestCase
[INFO ][2015-11-12 19:38:56,782][com.java.TestType] [  423] - The Concept sheet name is ---------- Concept
[INFO ][2015-11-12 19:38:56,782][com.java.TestType] [  426] - The Concept ID  is ---------- 1
[DEBUG][2015-11-12 19:38:56,782][com.java.TestType] [  430] - Steps being executted in the Concept are: 1:14
[INFO ][2015-11-12 19:38:56,782][com.java.TestType] [  437] - Test data details path ---------- D:\BankersDashboard\TestInputs\TestData.xls
[INFO ][2015-11-12 19:38:56,812][com.java.TestType] [  468] -  str(1) = 1
[INFO ][2015-11-12 19:38:56,812][com.java.TestType] [  471] - Test case Id is---1
[INFO ][2015-11-12 19:38:56,812][com.java.TestType] [  473] - 1
[INFO ][2015-11-12 19:38:56,812][com.java.TestType] [  468] -  str(2) = 1
[INFO ][2015-11-12 19:38:56,812][com.java.TestType] [  520] - row values are--------{1=com.java.Objects.TestDataDetails@2c25b4}
[INFO ][2015-11-12 19:38:56,812][com.java.TestType] [  468] -  str(1) = 1
[INFO ][2015-11-12 19:38:56,812][com.java.TestType] [  471] - Test case Id is---1
[INFO ][2015-11-12 19:38:56,812][com.java.TestType] [  473] - 1
[INFO ][2015-11-12 19:38:56,812][com.java.TestType] [  468] -  str(2) = 2
[INFO ][2015-11-12 19:38:56,812][com.java.TestType] [  520] - row values are--------{1=com.java.Objects.TestDataDetails@2c25b4, 2=com.java.Objects.TestDataDetails@8f3911}
[INFO ][2015-11-12 19:38:56,812][com.java.TestType] [  468] -  str(1) = 1
[INFO ][2015-11-12 19:38:56,812][com.java.TestType] [  471] - Test case Id is---1
[INFO ][2015-11-12 19:38:56,812][com.java.TestType] [  473] - 1
[INFO ][2015-11-12 19:38:56,822][com.java.TestType] [  468] -  str(2) = 3
[INFO ][2015-11-12 19:38:56,822][com.java.TestType] [  520] - row values are--------{1=com.java.Objects.TestDataDetails@2c25b4, 2=com.java.Objects.TestDataDetails@8f3911, 3=com.java.Objects.TestDataDetails@184fd7a}
[INFO ][2015-11-12 19:38:56,822][com.java.TestType] [  468] -  str(1) = 1
[INFO ][2015-11-12 19:38:56,822][com.java.TestType] [  471] - Test case Id is---1
[INFO ][2015-11-12 19:38:56,822][com.java.TestType] [  473] - 1
[INFO ][2015-11-12 19:38:56,822][com.java.TestType] [  468] -  str(2) = 4
[INFO ][2015-11-12 19:38:56,822][com.java.TestType] [  520] - row values are--------{1=com.java.Objects.TestDataDetails@2c25b4, 2=com.java.Objects.TestDataDetails@8f3911, 3=com.java.Objects.TestDataDetails@184fd7a, 4=com.java.Objects.TestDataDetails@62e9b4}
[INFO ][2015-11-12 19:38:56,822][com.java.TestType] [  468] -  str(1) = 1
[INFO ][2015-11-12 19:38:56,822][com.java.TestType] [  471] - Test case Id is---1
[INFO ][2015-11-12 19:38:56,822][com.java.TestType] [  473] - 1
[INFO ][2015-11-12 19:38:56,822][com.java.TestType] [  468] -  str(2) = 5
[INFO ][2015-11-12 19:38:56,822][com.java.TestType] [  520] - row values are--------{1=com.java.Objects.TestDataDetails@2c25b4, 2=com.java.Objects.TestDataDetails@8f3911, 3=com.java.Objects.TestDataDetails@184fd7a, 4=com.java.Objects.TestDataDetails@62e9b4, 5=com.java.Objects.TestDataDetails@f180d9}
[INFO ][2015-11-12 19:38:56,822][com.java.TestType] [  468] -  str(1) = 1
[INFO ][2015-11-12 19:38:56,822][com.java.TestType] [  471] - Test case Id is---1
[INFO ][2015-11-12 19:38:56,822][com.java.TestType] [  473] - 1
[INFO ][2015-11-12 19:38:56,822][com.java.TestType] [  468] -  str(2) = 6
[INFO ][2015-11-12 19:38:56,822][com.java.TestType] [  520] - row values are--------{1=com.java.Objects.TestDataDetails@2c25b4, 2=com.java.Objects.TestDataDetails@8f3911, 3=com.java.Objects.TestDataDetails@184fd7a, 4=com.java.Objects.TestDataDetails@62e9b4, 5=com.java.Objects.TestDataDetails@f180d9, 6=com.java.Objects.TestDataDetails@1f6c1c1}
[INFO ][2015-11-12 19:38:56,822][com.java.TestType] [  468] -  str(1) = 1
[INFO ][2015-11-12 19:38:56,822][com.java.TestType] [  471] - Test case Id is---1
[INFO ][2015-11-12 19:38:56,822][com.java.TestType] [  473] - 1
[INFO ][2015-11-12 19:38:56,822][com.java.TestType] [  468] -  str(2) = 7
[INFO ][2015-11-12 19:38:56,822][com.java.TestType] [  520] - row values are--------{1=com.java.Objects.TestDataDetails@2c25b4, 2=com.java.Objects.TestDataDetails@8f3911, 3=com.java.Objects.TestDataDetails@184fd7a, 4=com.java.Objects.TestDataDetails@62e9b4, 5=com.java.Objects.TestDataDetails@f180d9, 6=com.java.Objects.TestDataDetails@1f6c1c1, 7=com.java.Objects.TestDataDetails@508d73}
[INFO ][2015-11-12 19:38:56,822][com.java.TestType] [  468] -  str(1) = 1
[INFO ][2015-11-12 19:38:56,822][com.java.TestType] [  471] - Test case Id is---1
[INFO ][2015-11-12 19:38:56,822][com.java.TestType] [  473] - 1
[INFO ][2015-11-12 19:38:56,822][com.java.TestType] [  468] -  str(2) = 8
[INFO ][2015-11-12 19:38:56,832][com.java.TestType] [  520] - row values are--------{1=com.java.Objects.TestDataDetails@2c25b4, 2=com.java.Objects.TestDataDetails@8f3911, 3=com.java.Objects.TestDataDetails@184fd7a, 4=com.java.Objects.TestDataDetails@62e9b4, 5=com.java.Objects.TestDataDetails@f180d9, 6=com.java.Objects.TestDataDetails@1f6c1c1, 7=com.java.Objects.TestDataDetails@508d73, 8=com.java.Objects.TestDataDetails@4b0059}
[INFO ][2015-11-12 19:38:56,832][com.java.TestType] [  468] -  str(1) = 1
[INFO ][2015-11-12 19:38:56,832][com.java.TestType] [  471] - Test case Id is---1
[INFO ][2015-11-12 19:38:56,832][com.java.TestType] [  473] - 1
[INFO ][2015-11-12 19:38:56,832][com.java.TestType] [  468] -  str(2) = 9
[INFO ][2015-11-12 19:38:56,832][com.java.TestType] [  520] - row values are--------{1=com.java.Objects.TestDataDetails@2c25b4, 2=com.java.Objects.TestDataDetails@8f3911, 3=com.java.Objects.TestDataDetails@184fd7a, 4=com.java.Objects.TestDataDetails@62e9b4, 5=com.java.Objects.TestDataDetails@f180d9, 6=com.java.Objects.TestDataDetails@1f6c1c1, 7=com.java.Objects.TestDataDetails@508d73, 8=com.java.Objects.TestDataDetails@4b0059, 9=com.java.Objects.TestDataDetails@18d0daa}
[INFO ][2015-11-12 19:38:56,832][com.java.TestType] [  468] -  str(1) = 1
[INFO ][2015-11-12 19:38:56,832][com.java.TestType] [  471] - Test case Id is---1
[INFO ][2015-11-12 19:38:56,832][com.java.TestType] [  473] - 1
[INFO ][2015-11-12 19:38:56,832][com.java.TestType] [  468] -  str(2) = 10
[INFO ][2015-11-12 19:38:56,832][com.java.TestType] [  520] - row values are--------{1=com.java.Objects.TestDataDetails@2c25b4, 2=com.java.Objects.TestDataDetails@8f3911, 3=com.java.Objects.TestDataDetails@184fd7a, 4=com.java.Objects.TestDataDetails@62e9b4, 5=com.java.Objects.TestDataDetails@f180d9, 6=com.java.Objects.TestDataDetails@1f6c1c1, 7=com.java.Objects.TestDataDetails@508d73, 8=com.java.Objects.TestDataDetails@4b0059, 9=com.java.Objects.TestDataDetails@18d0daa, 10=com.java.Objects.TestDataDetails@12d8526}
[INFO ][2015-11-12 19:38:56,832][com.java.TestType] [  468] -  str(1) = 1
[INFO ][2015-11-12 19:38:56,832][com.java.TestType] [  471] - Test case Id is---1
[INFO ][2015-11-12 19:38:56,832][com.java.TestType] [  473] - 1
[INFO ][2015-11-12 19:38:56,832][com.java.TestType] [  468] -  str(2) = 11
[INFO ][2015-11-12 19:38:56,832][com.java.TestType] [  520] - row values are--------{1=com.java.Objects.TestDataDetails@2c25b4, 2=com.java.Objects.TestDataDetails@8f3911, 3=com.java.Objects.TestDataDetails@184fd7a, 4=com.java.Objects.TestDataDetails@62e9b4, 5=com.java.Objects.TestDataDetails@f180d9, 6=com.java.Objects.TestDataDetails@1f6c1c1, 7=com.java.Objects.TestDataDetails@508d73, 8=com.java.Objects.TestDataDetails@4b0059, 9=com.java.Objects.TestDataDetails@18d0daa, 10=com.java.Objects.TestDataDetails@12d8526, 11=com.java.Objects.TestDataDetails@1eb2ae7}
[INFO ][2015-11-12 19:38:56,832][com.java.TestType] [  468] -  str(1) = 1
[INFO ][2015-11-12 19:38:56,832][com.java.TestType] [  471] - Test case Id is---1
[INFO ][2015-11-12 19:38:56,832][com.java.TestType] [  473] - 1
[INFO ][2015-11-12 19:38:56,832][com.java.TestType] [  468] -  str(2) = 12
[INFO ][2015-11-12 19:38:56,832][com.java.TestType] [  520] - row values are--------{1=com.java.Objects.TestDataDetails@2c25b4, 2=com.java.Objects.TestDataDetails@8f3911, 3=com.java.Objects.TestDataDetails@184fd7a, 4=com.java.Objects.TestDataDetails@62e9b4, 5=com.java.Objects.TestDataDetails@f180d9, 6=com.java.Objects.TestDataDetails@1f6c1c1, 7=com.java.Objects.TestDataDetails@508d73, 8=com.java.Objects.TestDataDetails@4b0059, 9=com.java.Objects.TestDataDetails@18d0daa, 10=com.java.Objects.TestDataDetails@12d8526, 11=com.java.Objects.TestDataDetails@1eb2ae7, 12=com.java.Objects.TestDataDetails@2daa2c}
[INFO ][2015-11-12 19:38:56,832][com.java.TestType] [  468] -  str(1) = 1
[INFO ][2015-11-12 19:38:56,832][com.java.TestType] [  471] - Test case Id is---1
[INFO ][2015-11-12 19:38:56,832][com.java.TestType] [  473] - 1
[INFO ][2015-11-12 19:38:56,832][com.java.TestType] [  468] -  str(2) = 13
[INFO ][2015-11-12 19:38:56,832][com.java.TestType] [  520] - row values are--------{1=com.java.Objects.TestDataDetails@2c25b4, 2=com.java.Objects.TestDataDetails@8f3911, 3=com.java.Objects.TestDataDetails@184fd7a, 4=com.java.Objects.TestDataDetails@62e9b4, 5=com.java.Objects.TestDataDetails@f180d9, 6=com.java.Objects.TestDataDetails@1f6c1c1, 7=com.java.Objects.TestDataDetails@508d73, 8=com.java.Objects.TestDataDetails@4b0059, 9=com.java.Objects.TestDataDetails@18d0daa, 10=com.java.Objects.TestDataDetails@12d8526, 11=com.java.Objects.TestDataDetails@1eb2ae7, 12=com.java.Objects.TestDataDetails@2daa2c, 13=com.java.Objects.TestDataDetails@1294564}
[INFO ][2015-11-12 19:38:56,832][com.java.TestType] [  468] -  str(1) = 1
[INFO ][2015-11-12 19:38:56,832][com.java.TestType] [  471] - Test case Id is---1
[INFO ][2015-11-12 19:38:56,832][com.java.TestType] [  473] - 1
[INFO ][2015-11-12 19:38:56,832][com.java.TestType] [  468] -  str(2) = 14
[INFO ][2015-11-12 19:38:56,832][com.java.TestType] [  520] - row values are--------{1=com.java.Objects.TestDataDetails@2c25b4, 2=com.java.Objects.TestDataDetails@8f3911, 3=com.java.Objects.TestDataDetails@184fd7a, 4=com.java.Objects.TestDataDetails@62e9b4, 5=com.java.Objects.TestDataDetails@f180d9, 6=com.java.Objects.TestDataDetails@1f6c1c1, 7=com.java.Objects.TestDataDetails@508d73, 8=com.java.Objects.TestDataDetails@4b0059, 9=com.java.Objects.TestDataDetails@18d0daa, 10=com.java.Objects.TestDataDetails@12d8526, 11=com.java.Objects.TestDataDetails@1eb2ae7, 12=com.java.Objects.TestDataDetails@2daa2c, 13=com.java.Objects.TestDataDetails@1294564, 14=com.java.Objects.TestDataDetails@c31037}
[INFO ][2015-11-12 19:38:56,832][com.java.TestType] [ 8509] - Looping 1TCID = 1
[DEBUG][2015-11-12 19:38:56,832][com.java.TestType] [ 8550] - Concept ID:1 :: Step being Executed: 1::1
[INFO ][2015-11-12 19:38:56,832][com.java.TestType] [ 8588] - dataFields : TXTusername
[DEBUG][2015-11-12 19:38:56,832][com.java.TestType] [ 8594] - <In Set values of the page>
[DEBUG][2015-11-12 19:38:56,832][com.java.TestType] [ 8599] - {Data Fields & Data Values Exist}
[INFO ][2015-11-12 19:38:56,832][com.java.TestType] [ 8605] - --------------------------setting values-----------------------------
[INFO ][2015-11-12 19:38:56,832][com.java.TestType] [ 8608] - Action Type : CLEARANDENTER
[INFO ][2015-11-12 19:38:56,832][com.java.TestType] [ 4263] - value = naresh.nayini.00000
[INFO ][2015-11-12 19:39:01,702][com.java.TestType] [ 8627] -  RESULT true
[INFO ][2015-11-12 19:39:01,702][com.java.TestType] [ 8744] - ?   P A S S   ?
[DEBUG][2015-11-12 19:39:01,702][com.java.TestType] [ 8550] - Concept ID:1 :: Step being Executed: 1::2
[INFO ][2015-11-12 19:39:01,702][com.java.TestType] [ 8588] - dataFields : TXTpassword
[DEBUG][2015-11-12 19:39:01,702][com.java.TestType] [ 8594] - <In Set values of the page>
[DEBUG][2015-11-12 19:39:01,702][com.java.TestType] [ 8599] - {Data Fields & Data Values Exist}
[INFO ][2015-11-12 19:39:01,702][com.java.TestType] [ 8605] - --------------------------setting values-----------------------------
[INFO ][2015-11-12 19:39:01,702][com.java.TestType] [ 8608] - Action Type : CLEARANDENTER
[INFO ][2015-11-12 19:39:01,702][com.java.TestType] [ 4263] - value = Password1*
[INFO ][2015-11-12 19:39:06,649][com.java.TestType] [ 8627] -  RESULT true
[INFO ][2015-11-12 19:39:06,649][com.java.TestType] [ 8744] - ?   P A S S   ?
[DEBUG][2015-11-12 19:39:06,649][com.java.TestType] [ 8550] - Concept ID:1 :: Step being Executed: 1::3
[ERROR][2015-11-12 19:39:06,649][com.java.TestType] [ 8583] - Exception: null
[INFO ][2015-11-12 19:39:06,649][com.java.TestType] [ 8588] - dataFields : XPH//button[@type='submit']
[DEBUG][2015-11-12 19:39:06,649][com.java.TestType] [ 8594] - <In Set values of the page>
[DEBUG][2015-11-12 19:39:06,649][com.java.TestType] [ 8599] - {Data Fields & Data Values Exist}
[INFO ][2015-11-12 19:39:06,649][com.java.TestType] [ 8605] - --------------------------setting values-----------------------------
[INFO ][2015-11-12 19:39:06,649][com.java.TestType] [ 8608] - Action Type : Click
[INFO ][2015-11-12 19:39:06,649][com.java.TestType] [ 4576] - Field ::XPH//button[@type='submit']
[INFO ][2015-11-12 19:39:07,649][com.java.TestType] [ 4635] - BEFORE CLICK
[INFO ][2015-11-12 19:39:15,942][com.java.TestType] [ 4643] - Unable to click the object Login
[INFO ][2015-11-12 19:39:15,942][com.java.TestType] [ 8627] -  RESULT true
[INFO ][2015-11-12 19:39:15,942][com.java.TestType] [ 8744] - ?   P A S S   ?
[DEBUG][2015-11-12 19:39:15,942][com.java.TestType] [ 8550] - Concept ID:1 :: Step being Executed: 1::4
[INFO ][2015-11-12 19:39:15,942][com.java.TestType] [ 8588] - dataFields : LNKLogout
[DEBUG][2015-11-12 19:39:15,942][com.java.TestType] [ 8594] - <In Set values of the page>
[DEBUG][2015-11-12 19:39:15,942][com.java.TestType] [ 8599] - {Data Fields & Data Values Exist}
[INFO ][2015-11-12 19:39:15,942][com.java.TestType] [ 8605] - --------------------------setting values-----------------------------
[INFO ][2015-11-12 19:39:15,942][com.java.TestType] [ 8608] - Action Type : WaitForElement
[INFO ][2015-11-12 19:39:15,973][com.java.TestType] [ 8627] -  RESULT true
[INFO ][2015-11-12 19:39:15,973][com.java.TestType] [ 8744] - ?   P A S S   ?
[DEBUG][2015-11-12 19:39:15,973][com.java.TestType] [ 8550] - Concept ID:1 :: Step being Executed: 1::13
[INFO ][2015-11-12 19:39:15,973][com.java.TestType] [ 8588] - dataFields : LNK
[DEBUG][2015-11-12 19:39:15,973][com.java.TestType] [ 8594] - <In Set values of the page>
[DEBUG][2015-11-12 19:39:15,973][com.java.TestType] [ 8599] - {Data Fields & Data Values Exist}
[INFO ][2015-11-12 19:39:15,973][com.java.TestType] [ 8605] - --------------------------setting values-----------------------------
[INFO ][2015-11-12 19:39:15,973][com.java.TestType] [ 8608] - Action Type : Verify
[INFO ][2015-11-12 19:39:15,973][com.java.TestType] [ 5370] - field= LNK value= Logout
[INFO ][2015-11-12 19:39:15,973][com.java.TestType] [ 4263] - value = Logout
[INFO ][2015-11-12 19:39:16,013][com.java.TestType] [ 8627] -  RESULT true
[INFO ][2015-11-12 19:39:16,013][com.java.TestType] [ 8744] - ?   P A S S   ?
[DEBUG][2015-11-12 19:39:16,013][com.java.TestType] [ 8550] - Concept ID:1 :: Step being Executed: 1::14
[INFO ][2015-11-12 19:39:16,013][com.java.TestType] [ 8588] - dataFields : BTN
[DEBUG][2015-11-12 19:39:16,013][com.java.TestType] [ 8594] - <In Set values of the page>
[DEBUG][2015-11-12 19:39:16,013][com.java.TestType] [ 8599] - {Data Fields & Data Values Exist}
[INFO ][2015-11-12 19:39:16,013][com.java.TestType] [ 8605] - --------------------------setting values-----------------------------
[INFO ][2015-11-12 19:39:16,013][com.java.TestType] [ 8608] - Action Type : Verify
[INFO ][2015-11-12 19:39:16,013][com.java.TestType] [ 5370] - field= BTN value= //img[contains(@src,'bdlogo.jpg')]
[INFO ][2015-11-12 19:39:16,013][com.java.TestType] [ 4263] - value = //img[contains(@src,'bdlogo.jpg')]
[INFO ][2015-11-12 19:39:16,043][com.java.TestType] [ 8627] -  RESULT true
[INFO ][2015-11-12 19:39:16,043][com.java.TestType] [ 8744] - ?   P A S S   ?
[INFO ][2015-11-12 19:39:16,043][com.java.TestType] [ 8815] - Looping End......
[INFO ][2015-11-12 19:39:16,043][com.java.SeleniumDriver] [  869] -  RESULT true
[INFO ][2015-11-12 19:39:16,043][com.java.SeleniumDriver] [ 1074] - ?   P A S S   ?
[INFO ][2015-11-12 19:39:16,043][com.java.SeleniumDriver] [  796] - ------------------------------------------
[INFO ][2015-11-12 19:39:16,043][com.java.SeleniumDriver] [  797] - Test case being Executed: 1
[INFO ][2015-11-12 19:39:16,043][com.java.SeleniumDriver] [  808] - Test step:2
[INFO ][2015-11-12 19:39:16,043][com.java.SeleniumDriver] [  820] - Datavalue is----------Concept#2:1-2
[INFO ][2015-11-12 19:39:16,043][com.java.SeleniumDriver] [  844] - DataField : test
[INFO ][2015-11-12 19:39:16,043][com.java.SeleniumDriver] [  846] - DataValue : Concept#2:1-2
[INFO ][2015-11-12 19:39:16,043][com.java.SeleniumDriver] [  852] - <In Set values of the page>
[INFO ][2015-11-12 19:39:16,043][com.java.SeleniumDriver] [  855] - {Data Fields & Data Values Exist}
[INFO ][2015-11-12 19:39:16,043][com.java.SeleniumDriver] [  857] - --------------------------setting values-----------------------------
[INFO ][2015-11-12 19:39:16,043][com.java.SeleniumDriver] [  860] - Action Type : ExecuteTestCase
[INFO ][2015-11-12 19:39:16,043][com.java.TestType] [  423] - The Concept sheet name is ---------- Concept
[INFO ][2015-11-12 19:39:16,043][com.java.TestType] [  426] - The Concept ID  is ---------- 2
[DEBUG][2015-11-12 19:39:16,043][com.java.TestType] [  430] - Steps being executted in the Concept are: 1:2
[INFO ][2015-11-12 19:39:16,043][com.java.TestType] [  437] - Test data details path ---------- D:\BankersDashboard\TestInputs\TestData.xls
[INFO ][2015-11-12 19:39:16,073][com.java.TestType] [  468] -  str(1) = 2
[INFO ][2015-11-12 19:39:16,073][com.java.TestType] [  471] - Test case Id is---2
[INFO ][2015-11-12 19:39:16,073][com.java.TestType] [  473] - 2
[INFO ][2015-11-12 19:39:16,073][com.java.TestType] [  468] -  str(2) = 1
[INFO ][2015-11-12 19:39:16,073][com.java.TestType] [  520] - row values are--------{1=com.java.Objects.TestDataDetails@81ee8b}
[INFO ][2015-11-12 19:39:16,073][com.java.TestType] [  468] -  str(1) = 2
[INFO ][2015-11-12 19:39:16,073][com.java.TestType] [  471] - Test case Id is---2
[INFO ][2015-11-12 19:39:16,073][com.java.TestType] [  473] - 2
[INFO ][2015-11-12 19:39:16,073][com.java.TestType] [  468] -  str(2) = 2
[INFO ][2015-11-12 19:39:16,073][com.java.TestType] [  520] - row values are--------{1=com.java.Objects.TestDataDetails@81ee8b, 2=com.java.Objects.TestDataDetails@14476c1}
[INFO ][2015-11-12 19:39:16,073][com.java.TestType] [  468] -  str(1) = 2
[INFO ][2015-11-12 19:39:16,073][com.java.TestType] [  471] - Test case Id is---2
[INFO ][2015-11-12 19:39:16,073][com.java.TestType] [  473] - 2
[INFO ][2015-11-12 19:39:16,073][com.java.TestType] [  468] -  str(2) = 3
[INFO ][2015-11-12 19:39:16,073][com.java.TestType] [  520] - row values are--------{1=com.java.Objects.TestDataDetails@81ee8b, 2=com.java.Objects.TestDataDetails@14476c1, 3=com.java.Objects.TestDataDetails@11b9093}
[INFO ][2015-11-12 19:39:16,073][com.java.TestType] [ 8509] - Looping 1TCID = 2
[DEBUG][2015-11-12 19:39:16,073][com.java.TestType] [ 8550] - Concept ID:2 :: Step being Executed: 2::1
[INFO ][2015-11-12 19:39:16,073][com.java.TestType] [ 8588] - dataFields : BNK//select[@id='bank']
[DEBUG][2015-11-12 19:39:16,073][com.java.TestType] [ 8594] - <In Set values of the page>
[DEBUG][2015-11-12 19:39:16,073][com.java.TestType] [ 8599] - {Data Fields & Data Values Exist}
[INFO ][2015-11-12 19:39:16,073][com.java.TestType] [ 8605] - --------------------------setting values-----------------------------
[INFO ][2015-11-12 19:39:16,083][com.java.TestType] [ 8608] - Action Type : Select
[INFO ][2015-11-12 19:39:16,083][com.java.TestType] [ 4263] - value = PFC
[INFO ][2015-11-12 19:39:16,273][com.java.TestType] [ 8627] -  RESULT true
[INFO ][2015-11-12 19:39:16,273][com.java.TestType] [ 8744] - ?   P A S S   ?
[DEBUG][2015-11-12 19:39:16,273][com.java.TestType] [ 8550] - Concept ID:2 :: Step being Executed: 2::2
[INFO ][2015-11-12 19:39:16,273][com.java.TestType] [ 8588] - dataFields : LNKLogout
[DEBUG][2015-11-12 19:39:16,273][com.java.TestType] [ 8594] - <In Set values of the page>
[DEBUG][2015-11-12 19:39:16,273][com.java.TestType] [ 8599] - {Data Fields & Data Values Exist}
[INFO ][2015-11-12 19:39:16,273][com.java.TestType] [ 8605] - --------------------------setting values-----------------------------
[INFO ][2015-11-12 19:39:16,273][com.java.TestType] [ 8608] - Action Type : WaitTime
[DEBUG][2015-11-12 19:39:16,273][com.java.TestType] [ 4098] - sleepTime: 5000
[INFO ][2015-11-12 19:39:21,275][com.java.TestType] [ 8627] -  RESULT true
[INFO ][2015-11-12 19:39:21,275][com.java.TestType] [ 8744] - ?   P A S S   ?
[INFO ][2015-11-12 19:39:21,275][com.java.TestType] [ 8815] - Looping End......
[INFO ][2015-11-12 19:39:21,275][com.java.SeleniumDriver] [  869] -  RESULT true
[INFO ][2015-11-12 19:39:21,275][com.java.SeleniumDriver] [ 1074] - ?   P A S S   ?
[INFO ][2015-11-12 19:39:21,275][com.java.SeleniumDriver] [  796] - ------------------------------------------
[INFO ][2015-11-12 19:39:21,275][com.java.SeleniumDriver] [  797] - Test case being Executed: 1
[INFO ][2015-11-12 19:39:21,275][com.java.SeleniumDriver] [  808] - Test step:3
[INFO ][2015-11-12 19:39:21,275][com.java.SeleniumDriver] [  820] - Datavalue is----------2
[INFO ][2015-11-12 19:39:21,275][com.java.SeleniumDriver] [  844] - DataField : XPH//button[contains(text(),'Add Content')]
[INFO ][2015-11-12 19:39:21,275][com.java.SeleniumDriver] [  846] - DataValue : 2
[INFO ][2015-11-12 19:39:21,275][com.java.SeleniumDriver] [  852] - <In Set values of the page>
[INFO ][2015-11-12 19:39:21,275][com.java.SeleniumDriver] [  855] - {Data Fields & Data Values Exist}
[INFO ][2015-11-12 19:39:21,275][com.java.SeleniumDriver] [  857] - --------------------------setting values-----------------------------
[INFO ][2015-11-12 19:39:21,275][com.java.SeleniumDriver] [  860] - Action Type : WAITFORELEMENT
[INFO ][2015-11-12 19:39:21,501][com.java.SeleniumDriver] [  869] -  RESULT true
[INFO ][2015-11-12 19:39:21,501][com.java.SeleniumDriver] [ 1074] - ?   P A S S   ?
[DEBUG][2015-11-12 19:39:21,501][com.java.SeleniumDriver] [ 1176] - Case found
[DEBUG][2015-11-12 19:39:21,501][com.java.SeleniumDriver] [ 1181] - Incrementing ReportCounters[0]:1
[INFO ][2015-11-12 19:39:21,501][com.java.SeleniumDriver] [ 1200] - The results are-------------------[1, 1, Valid Login, Pass, , Thu Nov 12 19:39:16 IST 2015, 1, 2, Valid Login, Pass, , Thu Nov 12 19:39:21 IST 2015, 1, 3, Valid Login, Pass, , Thu Nov 12 19:39:21 IST 2015]
[INFO ][2015-11-12 19:39:21,501][com.java.SeleniumDriver] [ 1204] - End time is-------38 sec
[INFO ][2015-11-12 19:39:21,501][com.java.SeleniumDriver] [ 1205] - The results are-------------------[1, 1, Valid Login, Pass, , Thu Nov 12 19:39:16 IST 2015, 1, 2, Valid Login, Pass, , Thu Nov 12 19:39:21 IST 2015, 1, 3, Valid Login, Pass, , Thu Nov 12 19:39:21 IST 2015]
[DEBUG][2015-11-12 19:39:21,501][com.java.ImportnExport.ExportTestResultsExcel] [  222] - testResultPath = D:\BankersDashboard/TestReports/Test Results_BankersDashBoard_111215_193845_IE11_Any Bank USA.xls
[DEBUG][2015-11-12 19:39:21,501][com.java.ImportnExport.ExportTestResultsExcel] [  223] - browser is------------IE11
[DEBUG][2015-11-12 19:39:21,544][com.java.ImportnExport.ExportTestResultsExcel] [  270] - result.size() = 18
[DEBUG][2015-11-12 19:39:21,544][com.java.ImportnExport.ExportTestResultsExcel] [  274] - No of rows in sheet=1
[DEBUG][2015-11-12 19:39:21,544][com.java.ImportnExport.ExportTestResultsExcel] [  301] - ..in export..1
[DEBUG][2015-11-12 19:39:21,546][com.java.ImportnExport.ExportTestResultsExcel] [  301] - ..in export..Valid Login
[DEBUG][2015-11-12 19:39:21,546][com.java.ImportnExport.ExportTestResultsExcel] [  301] - ..in export..Pass
[DEBUG][2015-11-12 19:39:21,546][com.java.ImportnExport.ExportTestResultsExcel] [  301] - ..in export..
[DEBUG][2015-11-12 19:39:21,546][com.java.ImportnExport.ExportTestResultsExcel] [  301] - ..in export..Thu Nov 12 19:39:16 IST 2015
[INFO ][2015-11-12 19:39:21,549][com.java.SeleniumDriver] [ 1263] - out loop:0 size:2 TestCases:[1, 4] testcases:[1, 4]
[INFO ][2015-11-12 19:39:21,549][com.java.ImportnExport.ImportTestDataDetailsExcel] [   49] - test data details path===== D:\BankersDashboard\TestInputs\TestData.xls
[INFO ][2015-11-12 19:39:41,613][com.java.SeleniumDriver] [  796] - ------------------------------------------
[INFO ][2015-11-12 19:39:41,613][com.java.SeleniumDriver] [  797] - Test case being Executed: 4
[INFO ][2015-11-12 19:39:41,613][com.java.SeleniumDriver] [  808] - Test step:1
[INFO ][2015-11-12 19:39:41,613][com.java.SeleniumDriver] [  820] - Datavalue is----------Logout
[INFO ][2015-11-12 19:39:41,613][com.java.SeleniumDriver] [  844] - DataField : BTN
[INFO ][2015-11-12 19:39:41,613][com.java.SeleniumDriver] [  846] - DataValue : Logout
[INFO ][2015-11-12 19:39:41,613][com.java.SeleniumDriver] [  852] - <In Set values of the page>
[INFO ][2015-11-12 19:39:41,613][com.java.SeleniumDriver] [  855] - {Data Fields & Data Values Exist}
[INFO ][2015-11-12 19:39:41,613][com.java.SeleniumDriver] [  857] - --------------------------setting values-----------------------------
[INFO ][2015-11-12 19:39:41,613][com.java.SeleniumDriver] [  860] - Action Type : Verify
[INFO ][2015-11-12 19:39:41,613][com.java.TestType] [ 5370] - field= BTN value= Logout
[INFO ][2015-11-12 19:39:41,613][com.java.TestType] [ 4263] - value = Logout
[INFO ][2015-11-12 19:39:41,644][com.java.SeleniumDriver] [  869] -  RESULT true
[INFO ][2015-11-12 19:39:41,644][com.java.SeleniumDriver] [ 1074] - ?   P A S S   ?
[INFO ][2015-11-12 19:39:41,644][com.java.SeleniumDriver] [ 1116] - step change to 3
[INFO ][2015-11-12 19:39:41,644][com.java.SeleniumDriver] [  796] - ------------------------------------------
[INFO ][2015-11-12 19:39:41,644][com.java.SeleniumDriver] [  797] - Test case being Executed: 4
[INFO ][2015-11-12 19:39:41,644][com.java.SeleniumDriver] [  808] - Test step:3
[INFO ][2015-11-12 19:39:41,644][com.java.SeleniumDriver] [  820] - Datavalue is----------Concept#2:1-2
[INFO ][2015-11-12 19:39:41,644][com.java.SeleniumDriver] [  844] - DataField : test
[INFO ][2015-11-12 19:39:41,644][com.java.SeleniumDriver] [  846] - DataValue : Concept#2:1-2
[INFO ][2015-11-12 19:39:41,644][com.java.SeleniumDriver] [  852] - <In Set values of the page>
[INFO ][2015-11-12 19:39:41,644][com.java.SeleniumDriver] [  855] - {Data Fields & Data Values Exist}
[INFO ][2015-11-12 19:39:41,644][com.java.SeleniumDriver] [  857] - --------------------------setting values-----------------------------
[INFO ][2015-11-12 19:39:41,644][com.java.SeleniumDriver] [  860] - Action Type : ExecuteTestCase
[INFO ][2015-11-12 19:39:41,644][com.java.TestType] [  423] - The Concept sheet name is ---------- Concept
[INFO ][2015-11-12 19:39:41,644][com.java.TestType] [  426] - The Concept ID  is ---------- 2
[DEBUG][2015-11-12 19:39:41,644][com.java.TestType] [  430] - Steps being executted in the Concept are: 1:2
[INFO ][2015-11-12 19:39:41,644][com.java.TestType] [  437] - Test data details path ---------- D:\BankersDashboard\TestInputs\TestData.xls
[INFO ][2015-11-12 19:39:41,694][com.java.TestType] [  468] -  str(1) = 2
[INFO ][2015-11-12 19:39:41,694][com.java.TestType] [  471] - Test case Id is---2
[INFO ][2015-11-12 19:39:41,694][com.java.TestType] [  473] - 2
[INFO ][2015-11-12 19:39:41,694][com.java.TestType] [  468] -  str(2) = 1
[INFO ][2015-11-12 19:39:41,694][com.java.TestType] [  520] - row values are--------{1=com.java.Objects.TestDataDetails@734beb}
[INFO ][2015-11-12 19:39:41,694][com.java.TestType] [  468] -  str(1) = 2
[INFO ][2015-11-12 19:39:41,694][com.java.TestType] [  471] - Test case Id is---2
[INFO ][2015-11-12 19:39:41,694][com.java.TestType] [  473] - 2
[INFO ][2015-11-12 19:39:41,694][com.java.TestType] [  468] -  str(2) = 2
[INFO ][2015-11-12 19:39:41,694][com.java.TestType] [  520] - row values are--------{1=com.java.Objects.TestDataDetails@734beb, 2=com.java.Objects.TestDataDetails@88a2db}
[INFO ][2015-11-12 19:39:41,694][com.java.TestType] [  468] -  str(1) = 2
[INFO ][2015-11-12 19:39:41,694][com.java.TestType] [  471] - Test case Id is---2
[INFO ][2015-11-12 19:39:41,694][com.java.TestType] [  473] - 2
[INFO ][2015-11-12 19:39:41,694][com.java.TestType] [  468] -  str(2) = 3
[INFO ][2015-11-12 19:39:41,694][com.java.TestType] [  520] - row values are--------{1=com.java.Objects.TestDataDetails@734beb, 2=com.java.Objects.TestDataDetails@88a2db, 3=com.java.Objects.TestDataDetails@92fef5}
[INFO ][2015-11-12 19:39:41,694][com.java.TestType] [ 8509] - Looping 1TCID = 2
[DEBUG][2015-11-12 19:39:41,694][com.java.TestType] [ 8550] - Concept ID:2 :: Step being Executed: 2::1
[INFO ][2015-11-12 19:39:41,694][com.java.TestType] [ 8588] - dataFields : BNK//select[@id='bank']
[DEBUG][2015-11-12 19:39:41,694][com.java.TestType] [ 8594] - <In Set values of the page>
[DEBUG][2015-11-12 19:39:41,694][com.java.TestType] [ 8599] - {Data Fields & Data Values Exist}
[INFO ][2015-11-12 19:39:41,694][com.java.TestType] [ 8605] - --------------------------setting values-----------------------------
[INFO ][2015-11-12 19:39:41,694][com.java.TestType] [ 8608] - Action Type : Select
[INFO ][2015-11-12 19:39:41,694][com.java.TestType] [ 4263] - value = PFC
[INFO ][2015-11-12 19:39:41,894][com.java.TestType] [ 8627] -  RESULT true
[INFO ][2015-11-12 19:39:41,894][com.java.TestType] [ 8744] - ?   P A S S   ?
[DEBUG][2015-11-12 19:39:41,894][com.java.TestType] [ 8550] - Concept ID:2 :: Step being Executed: 2::2
[INFO ][2015-11-12 19:39:41,894][com.java.TestType] [ 8588] - dataFields : LNKLogout
[DEBUG][2015-11-12 19:39:41,894][com.java.TestType] [ 8594] - <In Set values of the page>
[DEBUG][2015-11-12 19:39:41,894][com.java.TestType] [ 8599] - {Data Fields & Data Values Exist}
[INFO ][2015-11-12 19:39:41,894][com.java.TestType] [ 8605] - --------------------------setting values-----------------------------
[INFO ][2015-11-12 19:39:41,894][com.java.TestType] [ 8608] - Action Type : WaitTime
[DEBUG][2015-11-12 19:39:41,894][com.java.TestType] [ 4098] - sleepTime: 5000
[INFO ][2015-11-12 19:39:46,894][com.java.TestType] [ 8627] -  RESULT true
[INFO ][2015-11-12 19:39:46,894][com.java.TestType] [ 8744] - ?   P A S S   ?
[INFO ][2015-11-12 19:39:46,894][com.java.TestType] [ 8815] - Looping End......
[INFO ][2015-11-12 19:39:46,894][com.java.SeleniumDriver] [  869] -  RESULT true
[INFO ][2015-11-12 19:39:46,894][com.java.SeleniumDriver] [ 1074] - ?   P A S S   ?
[INFO ][2015-11-12 19:39:46,894][com.java.SeleniumDriver] [  796] - ------------------------------------------
[INFO ][2015-11-12 19:39:46,894][com.java.SeleniumDriver] [  797] - Test case being Executed: 4
[INFO ][2015-11-12 19:39:46,894][com.java.SeleniumDriver] [  808] - Test step:4
[INFO ][2015-11-12 19:39:46,894][com.java.SeleniumDriver] [  820] - Datavalue is----------2
[INFO ][2015-11-12 19:39:46,894][com.java.SeleniumDriver] [  844] - DataField : BTNG/L
[INFO ][2015-11-12 19:39:46,894][com.java.SeleniumDriver] [  846] - DataValue : 2
[INFO ][2015-11-12 19:39:46,894][com.java.SeleniumDriver] [  852] - <In Set values of the page>
[INFO ][2015-11-12 19:39:46,894][com.java.SeleniumDriver] [  855] - {Data Fields & Data Values Exist}
[INFO ][2015-11-12 19:39:46,894][com.java.SeleniumDriver] [  857] - --------------------------setting values-----------------------------
[INFO ][2015-11-12 19:39:46,894][com.java.SeleniumDriver] [  860] - Action Type : WAITFORELEMENT
[INFO ][2015-11-12 19:39:46,945][com.java.SeleniumDriver] [  869] -  RESULT true
[INFO ][2015-11-12 19:39:46,945][com.java.SeleniumDriver] [ 1074] - ?   P A S S   ?
[INFO ][2015-11-12 19:39:46,945][com.java.SeleniumDriver] [  796] - ------------------------------------------
[INFO ][2015-11-12 19:39:46,945][com.java.SeleniumDriver] [  797] - Test case being Executed: 4
[INFO ][2015-11-12 19:39:46,945][com.java.SeleniumDriver] [  808] - Test step:5
[INFO ][2015-11-12 19:39:46,945][com.java.SeleniumDriver] [  820] - Datavalue is----------null
[DEBUG][2015-11-12 19:39:46,945][com.java.SeleniumDriver] [  838] - Exception: null
[INFO ][2015-11-12 19:39:46,945][com.java.SeleniumDriver] [  844] - DataField : //span[@class="icon-coin"]&&//a[text()='Summaries']&&//a[@data-id="HistoricalExecutive"]
[INFO ][2015-11-12 19:39:46,945][com.java.SeleniumDriver] [  846] - DataValue : 
[INFO ][2015-11-12 19:39:46,945][com.java.SeleniumDriver] [  852] - <In Set values of the page>
[INFO ][2015-11-12 19:39:46,945][com.java.SeleniumDriver] [  855] - {Data Fields & Data Values Exist}
[INFO ][2015-11-12 19:39:46,945][com.java.SeleniumDriver] [  857] - --------------------------setting values-----------------------------
[INFO ][2015-11-12 19:39:46,945][com.java.SeleniumDriver] [  860] - Action Type : MOUSEOVER
[INFO ][2015-11-12 19:40:19,348][com.java.SeleniumDriver] [  869] -  RESULT true
[INFO ][2015-11-12 19:40:19,348][com.java.SeleniumDriver] [ 1074] - ?   P A S S   ?
[INFO ][2015-11-12 19:40:19,348][com.java.SeleniumDriver] [  796] - ------------------------------------------
[INFO ][2015-11-12 19:40:19,348][com.java.SeleniumDriver] [  797] - Test case being Executed: 4
[INFO ][2015-11-12 19:40:19,348][com.java.SeleniumDriver] [  808] - Test step:6
[INFO ][2015-11-12 19:40:19,348][com.java.SeleniumDriver] [  820] - Datavalue is----------3
[INFO ][2015-11-12 19:40:19,348][com.java.SeleniumDriver] [  844] - DataField : XPH//span[contains(text(),'Show Report')]
[INFO ][2015-11-12 19:40:19,348][com.java.SeleniumDriver] [  846] - DataValue : 3
[INFO ][2015-11-12 19:40:19,348][com.java.SeleniumDriver] [  852] - <In Set values of the page>
[INFO ][2015-11-12 19:40:19,348][com.java.SeleniumDriver] [  855] - {Data Fields & Data Values Exist}
[INFO ][2015-11-12 19:40:19,348][com.java.SeleniumDriver] [  857] - --------------------------setting values-----------------------------
[INFO ][2015-11-12 19:40:19,348][com.java.SeleniumDriver] [  860] - Action Type : WAITFORELEMENT
[INFO ][2015-11-12 19:40:19,389][com.java.SeleniumDriver] [  869] -  RESULT true
[INFO ][2015-11-12 19:40:19,389][com.java.SeleniumDriver] [ 1074] - ?   P A S S   ?
[INFO ][2015-11-12 19:40:19,389][com.java.SeleniumDriver] [  796] - ------------------------------------------
[INFO ][2015-11-12 19:40:19,389][com.java.SeleniumDriver] [  797] - Test case being Executed: 4
[INFO ][2015-11-12 19:40:19,389][com.java.SeleniumDriver] [  808] - Test step:7
[INFO ][2015-11-12 19:40:19,389][com.java.SeleniumDriver] [  820] - Datavalue is----------3
[INFO ][2015-11-12 19:40:19,389][com.java.SeleniumDriver] [  844] - DataField : BTNframeDialogContent
[INFO ][2015-11-12 19:40:19,389][com.java.SeleniumDriver] [  846] - DataValue : 3
[INFO ][2015-11-12 19:40:19,389][com.java.SeleniumDriver] [  852] - <In Set values of the page>
[INFO ][2015-11-12 19:40:19,389][com.java.SeleniumDriver] [  855] - {Data Fields & Data Values Exist}
[INFO ][2015-11-12 19:40:19,389][com.java.SeleniumDriver] [  857] - --------------------------setting values-----------------------------
[INFO ][2015-11-12 19:40:19,389][com.java.SeleniumDriver] [  860] - Action Type : WAITFORELEMENT
[INFO ][2015-11-12 19:40:20,599][com.java.SeleniumDriver] [  869] -  RESULT true
[INFO ][2015-11-12 19:40:20,599][com.java.SeleniumDriver] [ 1074] - ?   P A S S   ?
[INFO ][2015-11-12 19:40:20,599][com.java.SeleniumDriver] [  796] - ------------------------------------------
[INFO ][2015-11-12 19:40:20,599][com.java.SeleniumDriver] [  797] - Test case being Executed: 4
[INFO ][2015-11-12 19:40:20,599][com.java.SeleniumDriver] [  808] - Test step:8
[INFO ][2015-11-12 19:40:20,599][com.java.SeleniumDriver] [  820] - Datavalue is----------executive summary (12 mos.)
[INFO ][2015-11-12 19:40:20,599][com.java.SeleniumDriver] [  844] - DataField : XPH//div[contains(@class,'ui-dialog-titlebar')]/span[@class="ui-dialog-title"]
[INFO ][2015-11-12 19:40:20,599][com.java.SeleniumDriver] [  846] - DataValue : executive summary (12 mos.)
[INFO ][2015-11-12 19:40:20,599][com.java.SeleniumDriver] [  852] - <In Set values of the page>
[INFO ][2015-11-12 19:40:20,599][com.java.SeleniumDriver] [  855] - {Data Fields & Data Values Exist}
[INFO ][2015-11-12 19:40:20,599][com.java.SeleniumDriver] [  857] - --------------------------setting values-----------------------------
[INFO ][2015-11-12 19:40:20,599][com.java.SeleniumDriver] [  860] - Action Type : VERIFY
[INFO ][2015-11-12 19:40:20,599][com.java.TestType] [ 5370] - field= XPH//div[contains(@class,'ui-dialog-titlebar')]/span[@class="ui-dialog-title"] value= executive summary (12 mos.)
[INFO ][2015-11-12 19:40:20,599][com.java.TestType] [ 4263] - value = executive summary (12 mos.)
[INFO ][2015-11-12 19:40:20,750][com.java.SeleniumDriver] [  869] -  RESULT true
[INFO ][2015-11-12 19:40:20,750][com.java.SeleniumDriver] [ 1074] - ?   P A S S   ?
[INFO ][2015-11-12 19:40:20,750][com.java.SeleniumDriver] [  796] - ------------------------------------------
[INFO ][2015-11-12 19:40:20,750][com.java.SeleniumDriver] [  797] - Test case being Executed: 4
[INFO ][2015-11-12 19:40:20,750][com.java.SeleniumDriver] [  808] - Test step:9
[INFO ][2015-11-12 19:40:20,750][com.java.SeleniumDriver] [  820] - Datavalue is----------null
[DEBUG][2015-11-12 19:40:20,750][com.java.SeleniumDriver] [  838] - Exception: null
[INFO ][2015-11-12 19:40:20,750][com.java.SeleniumDriver] [  844] - DataField : BTNframeDialogContent
[INFO ][2015-11-12 19:40:20,750][com.java.SeleniumDriver] [  846] - DataValue : 
[INFO ][2015-11-12 19:40:20,750][com.java.SeleniumDriver] [  852] - <In Set values of the page>
[INFO ][2015-11-12 19:40:20,750][com.java.SeleniumDriver] [  855] - {Data Fields & Data Values Exist}
[INFO ][2015-11-12 19:40:20,750][com.java.SeleniumDriver] [  857] - --------------------------setting values-----------------------------
[INFO ][2015-11-12 19:40:20,750][com.java.SeleniumDriver] [  860] - Action Type : SELECTFRAME
[INFO ][2015-11-12 19:40:22,001][com.java.SeleniumDriver] [  869] -  RESULT true
[INFO ][2015-11-12 19:40:22,001][com.java.SeleniumDriver] [ 1074] - ?   P A S S   ?
[INFO ][2015-11-12 19:40:22,001][com.java.SeleniumDriver] [  796] - ------------------------------------------
[INFO ][2015-11-12 19:40:22,001][com.java.SeleniumDriver] [  797] - Test case being Executed: 4
[INFO ][2015-11-12 19:40:22,001][com.java.SeleniumDriver] [  808] - Test step:10
[INFO ][2015-11-12 19:40:22,001][com.java.SeleniumDriver] [  820] - Datavalue is----------index:1
[INFO ][2015-11-12 19:40:22,001][com.java.SeleniumDriver] [  844] - DataField : COBddlProfitCenter
[INFO ][2015-11-12 19:40:22,001][com.java.SeleniumDriver] [  846] - DataValue : index:1
[INFO ][2015-11-12 19:40:22,001][com.java.SeleniumDriver] [  852] - <In Set values of the page>
[INFO ][2015-11-12 19:40:22,001][com.java.SeleniumDriver] [  855] - {Data Fields & Data Values Exist}
[INFO ][2015-11-12 19:40:22,001][com.java.SeleniumDriver] [  857] - --------------------------setting values-----------------------------
[INFO ][2015-11-12 19:40:22,001][com.java.SeleniumDriver] [  860] - Action Type : SELECT
[INFO ][2015-11-12 19:40:22,001][com.java.TestType] [ 4263] - value = 1
[INFO ][2015-11-12 19:40:23,092][com.java.TestType] [ 4381] -  In COB ddlProfitCenter : 1
[INFO ][2015-11-12 19:40:23,312][com.java.SeleniumDriver] [  869] -  RESULT true
[INFO ][2015-11-12 19:40:23,312][com.java.SeleniumDriver] [ 1074] - ?   P A S S   ?
[INFO ][2015-11-12 19:40:23,312][com.java.SeleniumDriver] [  796] - ------------------------------------------
[INFO ][2015-11-12 19:40:23,312][com.java.SeleniumDriver] [  797] - Test case being Executed: 4
[INFO ][2015-11-12 19:40:23,312][com.java.SeleniumDriver] [  808] - Test step:11
[INFO ][2015-11-12 19:40:23,312][com.java.SeleniumDriver] [  820] - Datavalue is----------index:3
[INFO ][2015-11-12 19:40:23,312][com.java.SeleniumDriver] [  844] - DataField : COBddlDataSource1
[INFO ][2015-11-12 19:40:23,312][com.java.SeleniumDriver] [  846] - DataValue : index:3
[INFO ][2015-11-12 19:40:23,312][com.java.SeleniumDriver] [  852] - <In Set values of the page>
[INFO ][2015-11-12 19:40:23,312][com.java.SeleniumDriver] [  855] - {Data Fields & Data Values Exist}
[INFO ][2015-11-12 19:40:23,312][com.java.SeleniumDriver] [  857] - --------------------------setting values-----------------------------
[INFO ][2015-11-12 19:40:23,312][com.java.SeleniumDriver] [  860] - Action Type : SELECT
[INFO ][2015-11-12 19:40:23,312][com.java.TestType] [ 4263] - value = 3
[INFO ][2015-11-12 19:40:24,413][com.java.TestType] [ 4381] -  In COB ddlDataSource1 : 3
[INFO ][2015-11-12 19:40:24,623][com.java.SeleniumDriver] [  869] -  RESULT true
[INFO ][2015-11-12 19:40:24,623][com.java.SeleniumDriver] [ 1074] - ?   P A S S   ?
[INFO ][2015-11-12 19:40:24,623][com.java.SeleniumDriver] [  796] - ------------------------------------------
[INFO ][2015-11-12 19:40:24,623][com.java.SeleniumDriver] [  797] - Test case being Executed: 4
[INFO ][2015-11-12 19:40:24,623][com.java.SeleniumDriver] [  808] - Test step:12
[INFO ][2015-11-12 19:40:24,623][com.java.SeleniumDriver] [  820] - Datavalue is----------index:0
[INFO ][2015-11-12 19:40:24,623][com.java.SeleniumDriver] [  844] - DataField : COBddlPeriod1
[INFO ][2015-11-12 19:40:24,623][com.java.SeleniumDriver] [  846] - DataValue : index:0
[INFO ][2015-11-12 19:40:24,623][com.java.SeleniumDriver] [  852] - <In Set values of the page>
[INFO ][2015-11-12 19:40:24,623][com.java.SeleniumDriver] [  855] - {Data Fields & Data Values Exist}
[INFO ][2015-11-12 19:40:24,623][com.java.SeleniumDriver] [  857] - --------------------------setting values-----------------------------
[INFO ][2015-11-12 19:40:24,623][com.java.SeleniumDriver] [  860] - Action Type : SELECT
[INFO ][2015-11-12 19:40:24,623][com.java.TestType] [ 4263] - value = 0
[INFO ][2015-11-12 19:40:25,734][com.java.TestType] [ 4381] -  In COB ddlPeriod1 : 0
[INFO ][2015-11-12 19:40:25,804][com.java.SeleniumDriver] [  869] -  RESULT true
[INFO ][2015-11-12 19:40:25,804][com.java.SeleniumDriver] [ 1074] - ?   P A S S   ?
[INFO ][2015-11-12 19:40:25,804][com.java.SeleniumDriver] [  796] - ------------------------------------------
[INFO ][2015-11-12 19:40:25,804][com.java.SeleniumDriver] [  797] - Test case being Executed: 4
[INFO ][2015-11-12 19:40:25,804][com.java.SeleniumDriver] [  808] - Test step:13
[INFO ][2015-11-12 19:40:25,804][com.java.SeleniumDriver] [  820] - Datavalue is----------SelectedPeriod
[INFO ][2015-11-12 19:40:25,804][com.java.SeleniumDriver] [  844] - DataField : SLBddlPeriod1
[INFO ][2015-11-12 19:40:25,804][com.java.SeleniumDriver] [  846] - DataValue : SelectedPeriod
[INFO ][2015-11-12 19:40:25,804][com.java.SeleniumDriver] [  852] - <In Set values of the page>
[INFO ][2015-11-12 19:40:25,804][com.java.SeleniumDriver] [  855] - {Data Fields & Data Values Exist}
[INFO ][2015-11-12 19:40:25,804][com.java.SeleniumDriver] [  857] - --------------------------setting values-----------------------------
[INFO ][2015-11-12 19:40:25,804][com.java.SeleniumDriver] [  860] - Action Type : STOREVALUE
[INFO ][2015-11-12 19:40:25,804][com.java.TestType] [ 6397] - field= SLBddlPeriod1
[INFO ][2015-11-12 19:40:26,975][com.java.SeleniumDriver] [  869] -  RESULT true
[INFO ][2015-11-12 19:40:26,975][com.java.SeleniumDriver] [ 1074] - ?   P A S S   ?
[INFO ][2015-11-12 19:40:26,975][com.java.SeleniumDriver] [  796] - ------------------------------------------
[INFO ][2015-11-12 19:40:26,975][com.java.SeleniumDriver] [  797] - Test case being Executed: 4
[INFO ][2015-11-12 19:40:26,975][com.java.SeleniumDriver] [  808] - Test step:14
[INFO ][2015-11-12 19:40:26,975][com.java.SeleniumDriver] [  820] - Datavalue is----------index:0
[INFO ][2015-11-12 19:40:26,975][com.java.SeleniumDriver] [  844] - DataField : COBddlDate1
[INFO ][2015-11-12 19:40:26,975][com.java.SeleniumDriver] [  846] - DataValue : index:0
[INFO ][2015-11-12 19:40:26,975][com.java.SeleniumDriver] [  852] - <In Set values of the page>
[INFO ][2015-11-12 19:40:26,975][com.java.SeleniumDriver] [  855] - {Data Fields & Data Values Exist}
[INFO ][2015-11-12 19:40:26,975][com.java.SeleniumDriver] [  857] - --------------------------setting values-----------------------------
[INFO ][2015-11-12 19:40:26,975][com.java.SeleniumDriver] [  860] - Action Type : SELECT
[INFO ][2015-11-12 19:40:26,975][com.java.TestType] [ 4263] - value = 0
[INFO ][2015-11-12 19:40:28,066][com.java.TestType] [ 4381] -  In COB ddlDate1 : 0
[INFO ][2015-11-12 19:40:28,256][com.java.SeleniumDriver] [  869] -  RESULT true
[INFO ][2015-11-12 19:40:28,256][com.java.SeleniumDriver] [ 1074] - ?   P A S S   ?
[INFO ][2015-11-12 19:40:28,256][com.java.SeleniumDriver] [  796] - ------------------------------------------
[INFO ][2015-11-12 19:40:28,256][com.java.SeleniumDriver] [  797] - Test case being Executed: 4
[INFO ][2015-11-12 19:40:28,256][com.java.SeleniumDriver] [  808] - Test step:15
[INFO ][2015-11-12 19:40:28,256][com.java.SeleniumDriver] [  820] - Datavalue is----------SelectedDate
[INFO ][2015-11-12 19:40:28,256][com.java.SeleniumDriver] [  844] - DataField : SLBddlDate1
[INFO ][2015-11-12 19:40:28,256][com.java.SeleniumDriver] [  846] - DataValue : SelectedDate
[INFO ][2015-11-12 19:40:28,256][com.java.SeleniumDriver] [  852] - <In Set values of the page>
[INFO ][2015-11-12 19:40:28,256][com.java.SeleniumDriver] [  855] - {Data Fields & Data Values Exist}
[INFO ][2015-11-12 19:40:28,256][com.java.SeleniumDriver] [  857] - --------------------------setting values-----------------------------
[INFO ][2015-11-12 19:40:28,256][com.java.SeleniumDriver] [  860] - Action Type : STOREVALUE
[INFO ][2015-11-12 19:40:28,256][com.java.TestType] [ 6397] - field= SLBddlDate1
[INFO ][2015-11-12 19:40:29,447][com.java.SeleniumDriver] [  869] -  RESULT true
[INFO ][2015-11-12 19:40:29,447][com.java.SeleniumDriver] [ 1074] - ?   P A S S   ?
[INFO ][2015-11-12 19:40:29,447][com.java.SeleniumDriver] [  796] - ------------------------------------------
[INFO ][2015-11-12 19:40:29,447][com.java.SeleniumDriver] [  797] - Test case being Executed: 4
[INFO ][2015-11-12 19:40:29,447][com.java.SeleniumDriver] [  808] - Test step:16
[INFO ][2015-11-12 19:40:29,447][com.java.SeleniumDriver] [  820] - Datavalue is----------null
[DEBUG][2015-11-12 19:40:29,447][com.java.SeleniumDriver] [  838] - Exception: null
[INFO ][2015-11-12 19:40:29,447][com.java.SeleniumDriver] [  844] - DataField : BTNparent
[INFO ][2015-11-12 19:40:29,447][com.java.SeleniumDriver] [  846] - DataValue : 
[INFO ][2015-11-12 19:40:29,447][com.java.SeleniumDriver] [  852] - <In Set values of the page>
[INFO ][2015-11-12 19:40:29,447][com.java.SeleniumDriver] [  855] - {Data Fields & Data Values Exist}
[INFO ][2015-11-12 19:40:29,447][com.java.SeleniumDriver] [  857] - --------------------------setting values-----------------------------
[INFO ][2015-11-12 19:40:29,447][com.java.SeleniumDriver] [  860] - Action Type : SELECTFRAME
[INFO ][2015-11-12 19:40:29,457][com.java.SeleniumDriver] [  869] -  RESULT true
[INFO ][2015-11-12 19:40:29,457][com.java.SeleniumDriver] [ 1074] - ?   P A S S   ?
[INFO ][2015-11-12 19:40:29,457][com.java.SeleniumDriver] [  796] - ------------------------------------------
[INFO ][2015-11-12 19:40:29,457][com.java.SeleniumDriver] [  797] - Test case being Executed: 4
[INFO ][2015-11-12 19:40:29,457][com.java.SeleniumDriver] [  808] - Test step:17
[INFO ][2015-11-12 19:40:29,457][com.java.SeleniumDriver] [  820] - Datavalue is----------null
[DEBUG][2015-11-12 19:40:29,457][com.java.SeleniumDriver] [  838] - Exception: null
[INFO ][2015-11-12 19:40:29,457][com.java.SeleniumDriver] [  844] - DataField : XPH//span[contains(text(),'Show Report')]
[INFO ][2015-11-12 19:40:29,457][com.java.SeleniumDriver] [  846] - DataValue : 
[INFO ][2015-11-12 19:40:29,457][com.java.SeleniumDriver] [  852] - <In Set values of the page>
[INFO ][2015-11-12 19:40:29,457][com.java.SeleniumDriver] [  855] - {Data Fields & Data Values Exist}
[INFO ][2015-11-12 19:40:29,457][com.java.SeleniumDriver] [  857] - --------------------------setting values-----------------------------
[INFO ][2015-11-12 19:40:29,457][com.java.SeleniumDriver] [  860] - Action Type : CLICK
[INFO ][2015-11-12 19:40:29,457][com.java.TestType] [ 4576] - Field ::XPH//span[contains(text(),'Show Report')]
[INFO ][2015-11-12 19:40:30,457][com.java.TestType] [ 4635] - BEFORE CLICK
[INFO ][2015-11-12 19:40:31,627][com.java.TestType] [ 4643] - Unable to click the object Show Report button
[INFO ][2015-11-12 19:40:31,627][com.java.SeleniumDriver] [  869] -  RESULT true
[INFO ][2015-11-12 19:40:31,627][com.java.SeleniumDriver] [ 1074] - ?   P A S S   ?
[INFO ][2015-11-12 19:40:31,627][com.java.SeleniumDriver] [  796] - ------------------------------------------
[INFO ][2015-11-12 19:40:31,627][com.java.SeleniumDriver] [  797] - Test case being Executed: 4
[INFO ][2015-11-12 19:40:31,627][com.java.SeleniumDriver] [  808] - Test step:18
[INFO ][2015-11-12 19:40:31,627][com.java.SeleniumDriver] [  820] - Datavalue is----------3
[INFO ][2015-11-12 19:40:31,627][com.java.SeleniumDriver] [  844] - DataField : XPH//img[@id='loading']
[INFO ][2015-11-12 19:40:31,627][com.java.SeleniumDriver] [  846] - DataValue : 3
[INFO ][2015-11-12 19:40:31,627][com.java.SeleniumDriver] [  852] - <In Set values of the page>
[INFO ][2015-11-12 19:40:31,627][com.java.SeleniumDriver] [  855] - {Data Fields & Data Values Exist}
[INFO ][2015-11-12 19:40:31,627][com.java.SeleniumDriver] [  857] - --------------------------setting values-----------------------------
[INFO ][2015-11-12 19:40:31,627][com.java.SeleniumDriver] [  860] - Action Type : WaitForElement
[INFO ][2015-11-12 19:40:31,658][com.java.SeleniumDriver] [  869] -  RESULT true
[INFO ][2015-11-12 19:40:31,658][com.java.SeleniumDriver] [ 1074] - ?   P A S S   ?
[INFO ][2015-11-12 19:40:31,658][com.java.SeleniumDriver] [  796] - ------------------------------------------
[INFO ][2015-11-12 19:40:31,658][com.java.SeleniumDriver] [  797] - Test case being Executed: 4
[INFO ][2015-11-12 19:40:31,658][com.java.SeleniumDriver] [  808] - Test step:19
[INFO ][2015-11-12 19:40:31,658][com.java.SeleniumDriver] [  820] - Datavalue is----------120
[INFO ][2015-11-12 19:40:31,658][com.java.SeleniumDriver] [  844] - DataField : XPH//img[@id='loading']
[INFO ][2015-11-12 19:40:31,658][com.java.SeleniumDriver] [  846] - DataValue : 120
[INFO ][2015-11-12 19:40:31,658][com.java.SeleniumDriver] [  852] - <In Set values of the page>
[INFO ][2015-11-12 19:40:31,658][com.java.SeleniumDriver] [  855] - {Data Fields & Data Values Exist}
[INFO ][2015-11-12 19:40:31,658][com.java.SeleniumDriver] [  857] - --------------------------setting values-----------------------------
[INFO ][2015-11-12 19:40:31,658][com.java.SeleniumDriver] [  860] - Action Type : waitForElementNotPresent
[INFO ][2015-11-12 19:40:37,651][com.java.SeleniumDriver] [  869] -  RESULT true
[INFO ][2015-11-12 19:40:37,651][com.java.SeleniumDriver] [ 1074] - ?   P A S S   ?
[INFO ][2015-11-12 19:40:37,651][com.java.SeleniumDriver] [  796] - ------------------------------------------
[INFO ][2015-11-12 19:40:37,651][com.java.SeleniumDriver] [  797] - Test case being Executed: 4
[INFO ][2015-11-12 19:40:37,651][com.java.SeleniumDriver] [  808] - Test step:20
[INFO ][2015-11-12 19:40:37,651][com.java.SeleniumDriver] [  820] - Datavalue is----------HMVSelectedDate
[INFO ][2015-11-12 19:40:37,651][com.java.SeleniumDriver] [  844] - DataField : NARTrailing
[INFO ][2015-11-12 19:40:37,651][com.java.SeleniumDriver] [  846] - DataValue : HMVSelectedDate
[INFO ][2015-11-12 19:40:37,651][com.java.SeleniumDriver] [  852] - <In Set values of the page>
[INFO ][2015-11-12 19:40:37,651][com.java.SeleniumDriver] [  855] - {Data Fields & Data Values Exist}
[INFO ][2015-11-12 19:40:37,651][com.java.SeleniumDriver] [  857] - --------------------------setting values-----------------------------
[INFO ][2015-11-12 19:40:37,651][com.java.SeleniumDriver] [  860] - Action Type : CHECKDATEINCLM
[INFO ][2015-11-12 19:40:37,651][com.java.TestType] [ 4263] - value = December 2016
[INFO ][2015-11-12 19:40:37,651][com.java.SeleniumDriver] [  869] -  RESULT true
[INFO ][2015-11-12 19:40:37,651][com.java.SeleniumDriver] [ 1074] - ?   P A S S   ?
[INFO ][2015-11-12 19:40:37,651][com.java.SeleniumDriver] [  796] - ------------------------------------------
[INFO ][2015-11-12 19:40:37,651][com.java.SeleniumDriver] [  797] - Test case being Executed: 4
[INFO ][2015-11-12 19:40:37,651][com.java.SeleniumDriver] [  808] - Test step:21
[INFO ][2015-11-12 19:40:37,651][com.java.SeleniumDriver] [  820] - Datavalue is----------executive summary (12mos.)
[INFO ][2015-11-12 19:40:37,651][com.java.SeleniumDriver] [  844] - DataField : XPH//td[@class='ReportTitle']
[INFO ][2015-11-12 19:40:37,651][com.java.SeleniumDriver] [  846] - DataValue : executive summary (12mos.)
[INFO ][2015-11-12 19:40:37,651][com.java.SeleniumDriver] [  852] - <In Set values of the page>
[INFO ][2015-11-12 19:40:37,651][com.java.SeleniumDriver] [  855] - {Data Fields & Data Values Exist}
[INFO ][2015-11-12 19:40:37,651][com.java.SeleniumDriver] [  857] - --------------------------setting values-----------------------------
[INFO ][2015-11-12 19:40:37,651][com.java.SeleniumDriver] [  860] - Action Type : VERIFY
[INFO ][2015-11-12 19:40:37,651][com.java.TestType] [ 5370] - field= XPH//td[@class='ReportTitle'] value= executive summary (12mos.)
[INFO ][2015-11-12 19:40:37,651][com.java.TestType] [ 4263] - value = executive summary (12mos.)
[INFO ][2015-11-12 19:40:37,791][com.java.SeleniumDriver] [  869] -  RESULT true
[INFO ][2015-11-12 19:40:37,791][com.java.SeleniumDriver] [ 1074] - ?   P A S S   ?
[INFO ][2015-11-12 19:40:37,791][com.java.SeleniumDriver] [  796] - ------------------------------------------
[INFO ][2015-11-12 19:40:37,791][com.java.SeleniumDriver] [  797] - Test case being Executed: 4
[INFO ][2015-11-12 19:40:37,791][com.java.SeleniumDriver] [  808] - Test step:22
[INFO ][2015-11-12 19:40:37,791][com.java.SeleniumDriver] [  820] - Datavalue is----------HMVSelectedPeriod
[INFO ][2015-11-12 19:40:37,791][com.java.SeleniumDriver] [  844] - DataField : MSG
[INFO ][2015-11-12 19:40:37,791][com.java.SeleniumDriver] [  846] - DataValue : HMVSelectedPeriod
[INFO ][2015-11-12 19:40:37,791][com.java.SeleniumDriver] [  852] - <In Set values of the page>
[INFO ][2015-11-12 19:40:37,791][com.java.SeleniumDriver] [  855] - {Data Fields & Data Values Exist}
[INFO ][2015-11-12 19:40:37,791][com.java.SeleniumDriver] [  857] - --------------------------setting values-----------------------------
[INFO ][2015-11-12 19:40:37,791][com.java.SeleniumDriver] [  860] - Action Type : VERIFY
[INFO ][2015-11-12 19:40:37,791][com.java.TestType] [ 5370] - field= MSG value= HMVSelectedPeriod
[INFO ][2015-11-12 19:40:37,791][com.java.TestType] [ 4263] - value = MTD
[DEBUG][2015-11-12 19:40:37,791][com.java.TestType] [ 6040] - value :: MTD
[INFO ][2015-11-12 19:40:37,851][com.java.SeleniumDriver] [  869] -  RESULT true
[INFO ][2015-11-12 19:40:37,851][com.java.SeleniumDriver] [ 1074] - ?   P A S S   ?
[INFO ][2015-11-12 19:40:37,851][com.java.SeleniumDriver] [  796] - ------------------------------------------
[INFO ][2015-11-12 19:40:37,851][com.java.SeleniumDriver] [  797] - Test case being Executed: 4
[INFO ][2015-11-12 19:40:37,851][com.java.SeleniumDriver] [  808] - Test step:23
[INFO ][2015-11-12 19:40:37,851][com.java.SeleniumDriver] [  820] - Datavalue is----------Forecast 1*
[INFO ][2015-11-12 19:40:37,851][com.java.SeleniumDriver] [  844] - DataField : MSG
[INFO ][2015-11-12 19:40:37,851][com.java.SeleniumDriver] [  846] - DataValue : Forecast 1*
[INFO ][2015-11-12 19:40:37,851][com.java.SeleniumDriver] [  852] - <In Set values of the page>
[INFO ][2015-11-12 19:40:37,851][com.java.SeleniumDriver] [  855] - {Data Fields & Data Values Exist}
[INFO ][2015-11-12 19:40:37,851][com.java.SeleniumDriver] [  857] - --------------------------setting values-----------------------------
[INFO ][2015-11-12 19:40:37,851][com.java.SeleniumDriver] [  860] - Action Type : VERIFY
[INFO ][2015-11-12 19:40:37,851][com.java.TestType] [ 5370] - field= MSG value= Forecast 1*
[INFO ][2015-11-12 19:40:37,851][com.java.TestType] [ 4263] - value = Forecast 1*
[DEBUG][2015-11-12 19:40:37,851][com.java.TestType] [ 6040] - value :: Forecast 1*
[INFO ][2015-11-12 19:40:37,901][com.java.SeleniumDriver] [  869] -  RESULT true
[INFO ][2015-11-12 19:40:37,901][com.java.SeleniumDriver] [ 1074] - ?   P A S S   ?
[INFO ][2015-11-12 19:40:37,901][com.java.SeleniumDriver] [  796] - ------------------------------------------
[INFO ][2015-11-12 19:40:37,901][com.java.SeleniumDriver] [  797] - Test case being Executed: 4
[INFO ][2015-11-12 19:40:37,901][com.java.SeleniumDriver] [  808] - Test step:24
[INFO ][2015-11-12 19:40:37,901][com.java.SeleniumDriver] [  820] - Datavalue is----------//div[@id="newusercontent"]//table[@class="report2"]/tbody
[INFO ][2015-11-12 19:40:37,901][com.java.SeleniumDriver] [  844] - DataField : BTN
[INFO ][2015-11-12 19:40:37,901][com.java.SeleniumDriver] [  846] - DataValue : //div[@id="newusercontent"]//table[@class="report2"]/tbody
[INFO ][2015-11-12 19:40:37,901][com.java.SeleniumDriver] [  852] - <In Set values of the page>
[INFO ][2015-11-12 19:40:37,901][com.java.SeleniumDriver] [  855] - {Data Fields & Data Values Exist}
[INFO ][2015-11-12 19:40:37,901][com.java.SeleniumDriver] [  857] - --------------------------setting values-----------------------------
[INFO ][2015-11-12 19:40:37,901][com.java.SeleniumDriver] [  860] - Action Type : VERIFY
[INFO ][2015-11-12 19:40:37,901][com.java.TestType] [ 5370] - field= BTN value= //div[@id="newusercontent"]//table[@class="report2"]/tbody
[INFO ][2015-11-12 19:40:37,901][com.java.TestType] [ 4263] - value = //div[@id="newusercontent"]//table[@class="report2"]/tbody
[INFO ][2015-11-12 19:40:37,941][com.java.SeleniumDriver] [  869] -  RESULT true
[INFO ][2015-11-12 19:40:37,941][com.java.SeleniumDriver] [ 1074] - ?   P A S S   ?
[DEBUG][2015-11-12 19:40:37,941][com.java.SeleniumDriver] [ 1176] - Case found
[DEBUG][2015-11-12 19:40:37,941][com.java.SeleniumDriver] [ 1181] - Incrementing ReportCounters[0]:2
[INFO ][2015-11-12 19:40:37,941][com.java.SeleniumDriver] [ 1200] - The results are-------------------[4, 1, GL: Summary: Executive Summary, Pass, , Thu Nov 12 19:39:41 IST 2015, 4, 3, GL: Summary: Executive Summary, Pass, , Thu Nov 12 19:39:46 IST 2015, 4, 4, GL: Summary: Executive Summary, Pass, , Thu Nov 12 19:39:46 IST 2015, 4, 5, GL: Summary: Executive Summary, Pass, , Thu Nov 12 19:40:19 IST 2015, 4, 6, GL: Summary: Executive Summary, Pass, , Thu Nov 12 19:40:19 IST 2015, 4, 7, GL: Summary: Executive Summary, Pass, , Thu Nov 12 19:40:20 IST 2015, 4, 8, GL: Summary: Executive Summary, Pass, , Thu Nov 12 19:40:20 IST 2015, 4, 9, GL: Summary: Executive Summary, Pass, , Thu Nov 12 19:40:22 IST 2015, 4, 10, GL: Summary: Executive Summary, Pass, , Thu Nov 12 19:40:23 IST 2015, 4, 11, GL: Summary: Executive Summary, Pass, , Thu Nov 12 19:40:24 IST 2015, 4, 12, GL: Summary: Executive Summary, Pass, , Thu Nov 12 19:40:25 IST 2015, 4, 13, GL: Summary: Executive Summary, Pass, , Thu Nov 12 19:40:26 IST 2015, 4, 14, GL: Summary: Executive Summary, Pass, , Thu Nov 12 19:40:28 IST 2015, 4, 15, GL: Summary: Executive Summary, Pass, , Thu Nov 12 19:40:29 IST 2015, 4, 16, GL: Summary: Executive Summary, Pass, , Thu Nov 12 19:40:29 IST 2015, 4, 17, GL: Summary: Executive Summary, Pass, , Thu Nov 12 19:40:31 IST 2015, 4, 18, Dashboards: Monthly Dashboard: Data Source - Actual, Pass, , Thu Nov 12 19:40:31 IST 2015, 4, 19, Dashboards: Monthly Dashboard: Data Source - Actual, Pass, , Thu Nov 12 19:40:37 IST 2015, 4, 20, GL: Summary: Executive Summary, Pass, , Thu Nov 12 19:40:37 IST 2015, 4, 21, GL: Summary: Executive Summary, Pass, , Thu Nov 12 19:40:37 IST 2015, 4, 22, GL: Summary: Executive Summary, Pass, , Thu Nov 12 19:40:37 IST 2015, 4, 23, GL: Summary: Executive Summary, Pass, , Thu Nov 12 19:40:37 IST 2015, 4, 24, GL: Summary: Executive Summary, Pass, , Thu Nov 12 19:40:37 IST 2015]
[INFO ][2015-11-12 19:40:37,941][com.java.SeleniumDriver] [ 1204] - End time is-------1 min 54 sec
[INFO ][2015-11-12 19:40:37,941][com.java.SeleniumDriver] [ 1205] - The results are-------------------[4, 1, GL: Summary: Executive Summary, Pass, , Thu Nov 12 19:39:41 IST 2015, 4, 3, GL: Summary: Executive Summary, Pass, , Thu Nov 12 19:39:46 IST 2015, 4, 4, GL: Summary: Executive Summary, Pass, , Thu Nov 12 19:39:46 IST 2015, 4, 5, GL: Summary: Executive Summary, Pass, , Thu Nov 12 19:40:19 IST 2015, 4, 6, GL: Summary: Executive Summary, Pass, , Thu Nov 12 19:40:19 IST 2015, 4, 7, GL: Summary: Executive Summary, Pass, , Thu Nov 12 19:40:20 IST 2015, 4, 8, GL: Summary: Executive Summary, Pass, , Thu Nov 12 19:40:20 IST 2015, 4, 9, GL: Summary: Executive Summary, Pass, , Thu Nov 12 19:40:22 IST 2015, 4, 10, GL: Summary: Executive Summary, Pass, , Thu Nov 12 19:40:23 IST 2015, 4, 11, GL: Summary: Executive Summary, Pass, , Thu Nov 12 19:40:24 IST 2015, 4, 12, GL: Summary: Executive Summary, Pass, , Thu Nov 12 19:40:25 IST 2015, 4, 13, GL: Summary: Executive Summary, Pass, , Thu Nov 12 19:40:26 IST 2015, 4, 14, GL: Summary: Executive Summary, Pass, , Thu Nov 12 19:40:28 IST 2015, 4, 15, GL: Summary: Executive Summary, Pass, , Thu Nov 12 19:40:29 IST 2015, 4, 16, GL: Summary: Executive Summary, Pass, , Thu Nov 12 19:40:29 IST 2015, 4, 17, GL: Summary: Executive Summary, Pass, , Thu Nov 12 19:40:31 IST 2015, 4, 18, Dashboards: Monthly Dashboard: Data Source - Actual, Pass, , Thu Nov 12 19:40:31 IST 2015, 4, 19, Dashboards: Monthly Dashboard: Data Source - Actual, Pass, , Thu Nov 12 19:40:37 IST 2015, 4, 20, GL: Summary: Executive Summary, Pass, , Thu Nov 12 19:40:37 IST 2015, 4, 21, GL: Summary: Executive Summary, Pass, , Thu Nov 12 19:40:37 IST 2015, 4, 22, GL: Summary: Executive Summary, Pass, , Thu Nov 12 19:40:37 IST 2015, 4, 23, GL: Summary: Executive Summary, Pass, , Thu Nov 12 19:40:37 IST 2015, 4, 24, GL: Summary: Executive Summary, Pass, , Thu Nov 12 19:40:37 IST 2015]
[DEBUG][2015-11-12 19:40:37,941][com.java.ImportnExport.ExportTestResultsExcel] [  222] - testResultPath = D:\BankersDashboard/TestReports/Test Results_BankersDashBoard_111215_193845_IE11_Any Bank USA.xls
[DEBUG][2015-11-12 19:40:37,941][com.java.ImportnExport.ExportTestResultsExcel] [  223] - browser is------------IE11
[DEBUG][2015-11-12 19:40:37,941][com.java.ImportnExport.ExportTestResultsExcel] [  270] - result.size() = 138
[DEBUG][2015-11-12 19:40:37,941][com.java.ImportnExport.ExportTestResultsExcel] [  274] - No of rows in sheet=2
[DEBUG][2015-11-12 19:40:37,941][com.java.ImportnExport.ExportTestResultsExcel] [  301] - ..in export..4
[DEBUG][2015-11-12 19:40:37,941][com.java.ImportnExport.ExportTestResultsExcel] [  301] - ..in export..GL: Summary: Executive Summary
[DEBUG][2015-11-12 19:40:37,941][com.java.ImportnExport.ExportTestResultsExcel] [  301] - ..in export..Pass
[DEBUG][2015-11-12 19:40:37,941][com.java.ImportnExport.ExportTestResultsExcel] [  301] - ..in export..
[DEBUG][2015-11-12 19:40:37,941][com.java.ImportnExport.ExportTestResultsExcel] [  301] - ..in export..Thu Nov 12 19:39:41 IST 2015
[INFO ][2015-11-12 19:40:37,941][com.java.SeleniumDriver] [ 1263] - out loop:1 size:2 TestCases:[1, 4] testcases:[1, 4]
[INFO ][2015-11-12 19:40:39,941][com.java.SeleniumDriver] [ 1306] - Total Number of Cases:2
[INFO ][2015-11-12 19:40:39,941][com.java.TemplateGenerator] [  302] - Executed:2
[INFO ][2015-11-12 19:40:39,941][com.java.TemplateGenerator] [  303] - Passed:2
[INFO ][2015-11-12 19:40:39,941][com.java.TemplateGenerator] [  304] - Failed:0
[INFO ][2015-11-12 19:40:39,941][com.java.TemplateGenerator] [  305] - Skipeed:0
[INFO ][2015-11-12 19:40:39,941][com.java.TemplateGenerator] [  306] - Application URL:https://clients-xuat.bankersdashboard.com
[INFO ][2015-11-12 19:40:39,941][com.java.TemplateGenerator] [  307] - Start Time:111215_193845
[INFO ][2015-11-12 19:40:39,941][com.java.TemplateGenerator] [  308] -  Creating HTML Report 
[ERROR][2015-11-12 19:40:39,941][com.java.TemplateGenerator] [  409] - Unparseable date: "Thu Nov 12 07:38:45 IST 2015"
[INFO ][2015-11-12 19:40:39,941][com.java.TemplateGenerator] [  654] -  Exporting case :: 1
[INFO ][2015-11-12 19:40:39,941][com.java.TemplateGenerator] [  654] -  Exporting case :: 4
[INFO ][2015-11-12 19:40:39,941][com.java.SeleniumDriver] [ 1355] - End Time:111215_194039
[INFO ][2015-11-12 19:40:39,941][com.java.SeleniumDriver] [ 1358] - Data in Test Execution Details:{1=PASS, 4=PASS}
[INFO ][2015-11-12 19:40:39,941][com.java.SeleniumDriver] [ 1359] - Data in Failed Execution Deatils:{}
[INFO ][2015-11-12 19:40:39,941][com.java.SeleniumDriver] [ 1361] - ReportCounter:Total:2 :: PASS: 2 ::FAIL: 0
[INFO ][2015-11-12 19:40:39,941][com.java.SeleniumDriver] [ 1362] - FailedReportCounter:Total:0 :: PASS: 0 ::FAIL: 0
[INFO ][2015-11-12 19:40:39,942][com.java.EmailTestReport] [   63] - Sending report mail details:
[INFO ][2015-11-12 19:40:39,942][com.java.EmailTestReport] [   80] - Excel Report Path:D:\BankersDashboard/TestReports/Test Results_BankersDashBoard_111215_193845_IE11_Any Bank USA.xls
[INFO ][2015-11-12 19:40:39,942][com.java.EmailTestReport] [   81] - HTML Report Path:D:\BankersDashboard//TestReports//Test Results_BankersDashBoard_111215_193845_IE11_Any Bank USA.html
[INFO ][2015-11-12 19:40:39,942][com.java.EmailTestReport] [   82] - smtpHostName:mail01.valuelabs.com
[INFO ][2015-11-12 19:40:39,942][com.java.EmailTestReport] [   83] - Recipient:venkateswararao.gubbala@valuelabs.com;
[INFO ][2015-11-12 19:40:39,942][com.java.EmailTestReport] [   84] - From:venkateswararao.gubbala@valuelabs.com;
[INFO ][2015-11-12 19:40:39,942][com.java.EmailTestReport] [   85] - Subject:Deluxe Corp Bankers Dashboard Automation Test Report - Any Bank USA - IE11
[INFO ][2015-11-12 19:40:39,962][com.java.EmailTestReport] [  143] -  Added venkateswararao.gubbala@valuelabs.com
[INFO ][2015-11-12 19:40:43,752][com.java.SeleniumDriver] [  719] - quitting the browser 
[INFO ][2015-11-12 19:40:45,004][com.java.SeleniumDriver] [  263] - Execution Completed Stopping the thread
