[INFO ][2016-01-21 14:41:50,536][com.java.SeleniumDriver] [  213] - Execute Failed Casesfalse
[INFO ][2016-01-21 14:41:50,536][com.java.SeleniumDriver] [  214] - Browser: IE10
[INFO ][2016-01-21 14:41:50,540][com.java.SeleniumDriver] [  215] - [1, 5]
[INFO ][2016-01-21 14:41:50,541][com.java.SeleniumDriver] [  216] - Total TestCases:2
[INFO ][2016-01-21 14:41:50,541][com.java.SeleniumDriver] [  217] -  Reading Properties from Property File 
[DEBUG][2016-01-21 14:41:50,541][com.java.SeleniumDriver] [  238] - url : https://clients-xuat.bankersdashboard.com
[INFO ][2016-01-21 14:41:50,542][com.java.ImportnExport.ExportTestResultsExcel] [  116] - Time Stamp Thu Jan 21 02:41:50 IST 2016
[INFO ][2016-01-21 14:41:50,542][com.java.ImportnExport.ExportTestResultsExcel] [  175] - OUT FILE : D:\BankersDashboard/TestReports/Test Results_BankersDashBoard_012116_144150_IE10_Any Bank USA.xls
[INFO ][2016-01-21 14:41:50,571][com.java.ImportnExport.ExportTestResultsExcel] [  180] - Test Result file is created
[DEBUG][2016-01-21 14:41:50,656][com.java.SeleniumDriver] [  426] - Hub ip address is-------172.17.68.34
[INFO ][2016-01-21 14:41:50,656][com.java.SeleniumDriver] [  452] - Grid URL:http://172.17.68.34:4444/wd/hub
[INFO ][2016-01-21 14:41:50,657][com.java.SeleniumDriver] [  453] - Capability:Capabilities [{platform=ANY, ensureCleanSession=true, ignoreProtectedModeSettings=true, acceptSslCerts=true, ignoreZoomSetting=true, browserName=internet explorer, browserstack.ie.noFlash=true, version=null}]
[ERROR][2016-01-21 14:41:51,977][com.java.SeleniumDriver] [  498] - Unable invoke browser in grid:Could not start a new session. Possible causes are invalid address of the remote server or browser start-up failure.
Build info: version: '2.48.2', revision: '41bccdd', time: '2015-10-09 19:59:12'
System info: host: 'FVTIII438F1D', ip: '172.17.68.34', os.name: 'Windows 7', os.arch: 'x86', os.version: '6.1', java.version: '1.7.0_55'
Driver info: driver.version: SeleniumDriver
[INFO ][2016-01-21 14:41:51,977][com.java.SeleniumDriver] [  500] - Executing on local machine
[INFO ][2016-01-21 14:42:02,717][com.java.SeleniumDriver] [  248] - IE10is opened
[INFO ][2016-01-21 14:42:03,558][com.java.SeleniumDriver] [  756] - Test cases to be executed are: [1, 5]
[INFO ][2016-01-21 14:42:03,580][com.java.ImportnExport.ImportTestDataDetailsExcel] [   49] - test data details path===== D:\BankersDashboard\TestInputs\TestData.xls
[INFO ][2016-01-21 14:42:03,653][com.java.SeleniumDriver] [  856] - ------------------------------------------
[INFO ][2016-01-21 14:42:03,653][com.java.SeleniumDriver] [  857] - Test case being Executed: 1
[INFO ][2016-01-21 14:42:03,653][com.java.SeleniumDriver] [  869] - Test step:1
[INFO ][2016-01-21 14:42:03,653][com.java.SeleniumDriver] [  881] - Datavalue is----------Concept#1:1-14
[INFO ][2016-01-21 14:42:03,654][com.java.SeleniumDriver] [  905] - DataField : test
[INFO ][2016-01-21 14:42:03,654][com.java.SeleniumDriver] [  907] - DataValue : Concept#1:1-14
[INFO ][2016-01-21 14:42:03,654][com.java.SeleniumDriver] [  913] - <In Set values of the page>
[INFO ][2016-01-21 14:42:03,654][com.java.SeleniumDriver] [  916] - {Data Fields & Data Values Exist}
[INFO ][2016-01-21 14:42:03,654][com.java.SeleniumDriver] [  918] - --------------------------setting values-----------------------------
[INFO ][2016-01-21 14:42:03,654][com.java.SeleniumDriver] [  921] - Action Type : ExecuteTestCase
[INFO ][2016-01-21 14:42:03,674][com.java.TestType] [  442] - The Concept sheet name is ---------- Concept
[INFO ][2016-01-21 14:42:03,674][com.java.TestType] [  445] - The Concept ID  is ---------- 1
[DEBUG][2016-01-21 14:42:03,674][com.java.TestType] [  449] - Steps being executted in the Concept are: 1:14
[INFO ][2016-01-21 14:42:03,675][com.java.TestType] [  456] - Test data details path ---------- D:\BankersDashboard\TestInputs\TestData.xls
[INFO ][2016-01-21 14:42:03,702][com.java.TestType] [  487] -  str(1) = 1
[INFO ][2016-01-21 14:42:03,702][com.java.TestType] [  490] - Test case Id is---1
[INFO ][2016-01-21 14:42:03,702][com.java.TestType] [  492] - 1
[INFO ][2016-01-21 14:42:03,703][com.java.TestType] [  487] -  str(2) = 1
[INFO ][2016-01-21 14:42:03,705][com.java.TestType] [  487] -  str(1) = 1
[INFO ][2016-01-21 14:42:03,705][com.java.TestType] [  490] - Test case Id is---1
[INFO ][2016-01-21 14:42:03,705][com.java.TestType] [  492] - 1
[INFO ][2016-01-21 14:42:03,705][com.java.TestType] [  487] -  str(2) = 2
[INFO ][2016-01-21 14:42:03,706][com.java.TestType] [  487] -  str(1) = 1
[INFO ][2016-01-21 14:42:03,707][com.java.TestType] [  490] - Test case Id is---1
[INFO ][2016-01-21 14:42:03,707][com.java.TestType] [  492] - 1
[INFO ][2016-01-21 14:42:03,707][com.java.TestType] [  487] -  str(2) = 3
[INFO ][2016-01-21 14:42:03,708][com.java.TestType] [  487] -  str(1) = 1
[INFO ][2016-01-21 14:42:03,708][com.java.TestType] [  490] - Test case Id is---1
[INFO ][2016-01-21 14:42:03,708][com.java.TestType] [  492] - 1
[INFO ][2016-01-21 14:42:03,708][com.java.TestType] [  487] -  str(2) = 4
[INFO ][2016-01-21 14:42:03,710][com.java.TestType] [  487] -  str(1) = 1
[INFO ][2016-01-21 14:42:03,710][com.java.TestType] [  490] - Test case Id is---1
[INFO ][2016-01-21 14:42:03,712][com.java.TestType] [  492] - 1
[INFO ][2016-01-21 14:42:03,712][com.java.TestType] [  487] -  str(2) = 5
[INFO ][2016-01-21 14:42:03,713][com.java.TestType] [  487] -  str(1) = 1
[INFO ][2016-01-21 14:42:03,713][com.java.TestType] [  490] - Test case Id is---1
[INFO ][2016-01-21 14:42:03,713][com.java.TestType] [  492] - 1
[INFO ][2016-01-21 14:42:03,713][com.java.TestType] [  487] -  str(2) = 6
[INFO ][2016-01-21 14:42:03,714][com.java.TestType] [  487] -  str(1) = 1
[INFO ][2016-01-21 14:42:03,714][com.java.TestType] [  490] - Test case Id is---1
[INFO ][2016-01-21 14:42:03,714][com.java.TestType] [  492] - 1
[INFO ][2016-01-21 14:42:03,714][com.java.TestType] [  487] -  str(2) = 7
[INFO ][2016-01-21 14:42:03,715][com.java.TestType] [  487] -  str(1) = 1
[INFO ][2016-01-21 14:42:03,715][com.java.TestType] [  490] - Test case Id is---1
[INFO ][2016-01-21 14:42:03,715][com.java.TestType] [  492] - 1
[INFO ][2016-01-21 14:42:03,715][com.java.TestType] [  487] -  str(2) = 8
[INFO ][2016-01-21 14:42:03,716][com.java.TestType] [  487] -  str(1) = 1
[INFO ][2016-01-21 14:42:03,716][com.java.TestType] [  490] - Test case Id is---1
[INFO ][2016-01-21 14:42:03,716][com.java.TestType] [  492] - 1
[INFO ][2016-01-21 14:42:03,716][com.java.TestType] [  487] -  str(2) = 9
[INFO ][2016-01-21 14:42:03,717][com.java.TestType] [  487] -  str(1) = 1
[INFO ][2016-01-21 14:42:03,717][com.java.TestType] [  490] - Test case Id is---1
[INFO ][2016-01-21 14:42:03,717][com.java.TestType] [  492] - 1
[INFO ][2016-01-21 14:42:03,717][com.java.TestType] [  487] -  str(2) = 10
[INFO ][2016-01-21 14:42:03,718][com.java.TestType] [  487] -  str(1) = 1
[INFO ][2016-01-21 14:42:03,718][com.java.TestType] [  490] - Test case Id is---1
[INFO ][2016-01-21 14:42:03,718][com.java.TestType] [  492] - 1
[INFO ][2016-01-21 14:42:03,718][com.java.TestType] [  487] -  str(2) = 11
[INFO ][2016-01-21 14:42:03,719][com.java.TestType] [  487] -  str(1) = 1
[INFO ][2016-01-21 14:42:03,719][com.java.TestType] [  490] - Test case Id is---1
[INFO ][2016-01-21 14:42:03,719][com.java.TestType] [  492] - 1
[INFO ][2016-01-21 14:42:03,719][com.java.TestType] [  487] -  str(2) = 12
[INFO ][2016-01-21 14:42:03,721][com.java.TestType] [  487] -  str(1) = 1
[INFO ][2016-01-21 14:42:03,722][com.java.TestType] [  490] - Test case Id is---1
[INFO ][2016-01-21 14:42:03,722][com.java.TestType] [  492] - 1
[INFO ][2016-01-21 14:42:03,722][com.java.TestType] [  487] -  str(2) = 13
[INFO ][2016-01-21 14:42:03,722][com.java.TestType] [  487] -  str(1) = 1
[INFO ][2016-01-21 14:42:03,723][com.java.TestType] [  490] - Test case Id is---1
[INFO ][2016-01-21 14:42:03,723][com.java.TestType] [  492] - 1
[INFO ][2016-01-21 14:42:03,723][com.java.TestType] [  487] -  str(2) = 14
[INFO ][2016-01-21 14:42:03,724][com.java.TestType] [11621] - Looping 1TCID = 1
[DEBUG][2016-01-21 14:42:03,724][com.java.TestType] [11662] - Concept ID:1 :: Step being Executed: 1::1
[INFO ][2016-01-21 14:42:03,724][com.java.TestType] [11700] - dataFields : TXTusername
[DEBUG][2016-01-21 14:42:03,724][com.java.TestType] [11706] - <In Set values of the page>
[DEBUG][2016-01-21 14:42:03,724][com.java.TestType] [11711] - {Data Fields & Data Values Exist}
[INFO ][2016-01-21 14:42:03,724][com.java.TestType] [11717] - --------------------------setting values-----------------------------
[INFO ][2016-01-21 14:42:03,724][com.java.TestType] [11720] - Action Type : CLEARANDENTER
[INFO ][2016-01-21 14:42:06,012][com.java.TestType] [ 6382] - value = naresh.nayini.00000
[INFO ][2016-01-21 14:42:08,389][com.java.TestType] [11739] -  RESULT true
[INFO ][2016-01-21 14:42:08,389][com.java.TestType] [11856] - ?   P A S S   ?
[DEBUG][2016-01-21 14:42:08,389][com.java.TestType] [11662] - Concept ID:1 :: Step being Executed: 1::2
[INFO ][2016-01-21 14:42:08,389][com.java.TestType] [11700] - dataFields : TXTpassword
[DEBUG][2016-01-21 14:42:08,389][com.java.TestType] [11706] - <In Set values of the page>
[DEBUG][2016-01-21 14:42:08,390][com.java.TestType] [11711] - {Data Fields & Data Values Exist}
[INFO ][2016-01-21 14:42:08,390][com.java.TestType] [11717] - --------------------------setting values-----------------------------
[INFO ][2016-01-21 14:42:08,390][com.java.TestType] [11720] - Action Type : CLEARANDENTER
[INFO ][2016-01-21 14:42:10,642][com.java.TestType] [ 6382] - value = Password1*
[INFO ][2016-01-21 14:42:13,158][com.java.TestType] [11739] -  RESULT true
[INFO ][2016-01-21 14:42:13,158][com.java.TestType] [11856] - ?   P A S S   ?
[DEBUG][2016-01-21 14:42:13,158][com.java.TestType] [11662] - Concept ID:1 :: Step being Executed: 1::3
[ERROR][2016-01-21 14:42:13,158][com.java.TestType] [11695] - Exception: null
[INFO ][2016-01-21 14:42:13,158][com.java.TestType] [11700] - dataFields : XPH//button[@type='submit']
[DEBUG][2016-01-21 14:42:13,159][com.java.TestType] [11706] - <In Set values of the page>
[DEBUG][2016-01-21 14:42:13,159][com.java.TestType] [11711] - {Data Fields & Data Values Exist}
[INFO ][2016-01-21 14:42:13,159][com.java.TestType] [11717] - --------------------------setting values-----------------------------
[INFO ][2016-01-21 14:42:13,159][com.java.TestType] [11720] - Action Type : Click
[INFO ][2016-01-21 14:42:13,159][com.java.TestType] [ 6761] - Field ::XPH//button[@type='submit']
[INFO ][2016-01-21 14:42:13,159][com.java.TestType] [ 6382] - value = 
[INFO ][2016-01-21 14:42:14,160][com.java.TestType] [ 6934] - BEFORE CLICK
[INFO ][2016-01-21 14:42:15,002][com.java.TestType] [ 6942] - Unable to click the object Login
[INFO ][2016-01-21 14:42:15,057][com.java.TestType] [11739] -  RESULT true
[INFO ][2016-01-21 14:42:15,057][com.java.TestType] [11856] - ?   P A S S   ?
[DEBUG][2016-01-21 14:42:15,057][com.java.TestType] [11662] - Concept ID:1 :: Step being Executed: 1::4
[INFO ][2016-01-21 14:42:15,057][com.java.TestType] [11700] - dataFields : LNKLogout
[DEBUG][2016-01-21 14:42:15,057][com.java.TestType] [11706] - <In Set values of the page>
[DEBUG][2016-01-21 14:42:15,058][com.java.TestType] [11711] - {Data Fields & Data Values Exist}
[INFO ][2016-01-21 14:42:15,058][com.java.TestType] [11717] - --------------------------setting values-----------------------------
[INFO ][2016-01-21 14:42:15,058][com.java.TestType] [11720] - Action Type : WaitForElement
[INFO ][2016-01-21 14:42:18,484][com.java.TestType] [11739] -  RESULT true
[INFO ][2016-01-21 14:42:18,484][com.java.TestType] [11856] - ?   P A S S   ?
[DEBUG][2016-01-21 14:42:18,484][com.java.TestType] [11662] - Concept ID:1 :: Step being Executed: 1::13
[INFO ][2016-01-21 14:42:18,485][com.java.TestType] [11700] - dataFields : LNK
[DEBUG][2016-01-21 14:42:18,485][com.java.TestType] [11706] - <In Set values of the page>
[DEBUG][2016-01-21 14:42:18,485][com.java.TestType] [11711] - {Data Fields & Data Values Exist}
[INFO ][2016-01-21 14:42:18,485][com.java.TestType] [11717] - --------------------------setting values-----------------------------
[INFO ][2016-01-21 14:42:18,485][com.java.TestType] [11720] - Action Type : Verify
[INFO ][2016-01-21 14:42:18,485][com.java.TestType] [ 7954] - field= LNK value= Logout
[INFO ][2016-01-21 14:42:18,486][com.java.TestType] [ 6382] - value = Logout
[INFO ][2016-01-21 14:42:18,522][com.java.TestType] [11739] -  RESULT true
[INFO ][2016-01-21 14:42:18,522][com.java.TestType] [11856] - ?   P A S S   ?
[DEBUG][2016-01-21 14:42:18,523][com.java.TestType] [11662] - Concept ID:1 :: Step being Executed: 1::14
[INFO ][2016-01-21 14:42:18,523][com.java.TestType] [11700] - dataFields : BTN
[DEBUG][2016-01-21 14:42:18,523][com.java.TestType] [11706] - <In Set values of the page>
[DEBUG][2016-01-21 14:42:18,523][com.java.TestType] [11711] - {Data Fields & Data Values Exist}
[INFO ][2016-01-21 14:42:18,523][com.java.TestType] [11717] - --------------------------setting values-----------------------------
[INFO ][2016-01-21 14:42:18,523][com.java.TestType] [11720] - Action Type : Verify
[INFO ][2016-01-21 14:42:18,523][com.java.TestType] [ 7954] - field= BTN value= //img[contains(@src,'bdlogo.jpg')]
[INFO ][2016-01-21 14:42:18,523][com.java.TestType] [ 6382] - value = //img[contains(@src,'bdlogo.jpg')]
[INFO ][2016-01-21 14:42:18,583][com.java.TestType] [11739] -  RESULT true
[INFO ][2016-01-21 14:42:18,583][com.java.TestType] [11856] - ?   P A S S   ?
[INFO ][2016-01-21 14:42:18,583][com.java.TestType] [11927] - Looping End......
[INFO ][2016-01-21 14:42:18,584][com.java.SeleniumDriver] [  930] -  RESULT true
[INFO ][2016-01-21 14:42:18,584][com.java.SeleniumDriver] [ 1136] - ?   P A S S   ?
[INFO ][2016-01-21 14:42:18,585][com.java.SeleniumDriver] [  856] - ------------------------------------------
[INFO ][2016-01-21 14:42:18,585][com.java.SeleniumDriver] [  857] - Test case being Executed: 1
[INFO ][2016-01-21 14:42:18,585][com.java.SeleniumDriver] [  869] - Test step:2
[INFO ][2016-01-21 14:42:18,585][com.java.SeleniumDriver] [  881] - Datavalue is----------Concept#2:1-2
[INFO ][2016-01-21 14:42:18,585][com.java.SeleniumDriver] [  905] - DataField : test
[INFO ][2016-01-21 14:42:18,585][com.java.SeleniumDriver] [  907] - DataValue : Concept#2:1-2
[INFO ][2016-01-21 14:42:18,585][com.java.SeleniumDriver] [  913] - <In Set values of the page>
[INFO ][2016-01-21 14:42:18,585][com.java.SeleniumDriver] [  916] - {Data Fields & Data Values Exist}
[INFO ][2016-01-21 14:42:18,585][com.java.SeleniumDriver] [  918] - --------------------------setting values-----------------------------
[INFO ][2016-01-21 14:42:18,585][com.java.SeleniumDriver] [  921] - Action Type : ExecuteTestCase
[INFO ][2016-01-21 14:42:18,586][com.java.TestType] [  442] - The Concept sheet name is ---------- Concept
[INFO ][2016-01-21 14:42:18,586][com.java.TestType] [  445] - The Concept ID  is ---------- 2
[DEBUG][2016-01-21 14:42:18,586][com.java.TestType] [  449] - Steps being executted in the Concept are: 1:2
[INFO ][2016-01-21 14:42:18,586][com.java.TestType] [  456] - Test data details path ---------- D:\BankersDashboard\TestInputs\TestData.xls
[INFO ][2016-01-21 14:42:18,605][com.java.TestType] [  487] -  str(1) = 2
[INFO ][2016-01-21 14:42:18,605][com.java.TestType] [  490] - Test case Id is---2
[INFO ][2016-01-21 14:42:18,605][com.java.TestType] [  492] - 2
[INFO ][2016-01-21 14:42:18,605][com.java.TestType] [  487] -  str(2) = 1
[INFO ][2016-01-21 14:42:18,607][com.java.TestType] [  487] -  str(1) = 2
[INFO ][2016-01-21 14:42:18,607][com.java.TestType] [  490] - Test case Id is---2
[INFO ][2016-01-21 14:42:18,607][com.java.TestType] [  492] - 2
[INFO ][2016-01-21 14:42:18,607][com.java.TestType] [  487] -  str(2) = 2
[INFO ][2016-01-21 14:42:18,607][com.java.TestType] [  487] -  str(1) = 2
[INFO ][2016-01-21 14:42:18,608][com.java.TestType] [  490] - Test case Id is---2
[INFO ][2016-01-21 14:42:18,608][com.java.TestType] [  492] - 2
[INFO ][2016-01-21 14:42:18,608][com.java.TestType] [  487] -  str(2) = 3
[INFO ][2016-01-21 14:42:18,608][com.java.TestType] [11621] - Looping 1TCID = 2
[DEBUG][2016-01-21 14:42:18,609][com.java.TestType] [11662] - Concept ID:2 :: Step being Executed: 2::1
[INFO ][2016-01-21 14:42:18,609][com.java.TestType] [11700] - dataFields : BNK//select[@id='bank']
[DEBUG][2016-01-21 14:42:18,609][com.java.TestType] [11706] - <In Set values of the page>
[DEBUG][2016-01-21 14:42:18,609][com.java.TestType] [11711] - {Data Fields & Data Values Exist}
[INFO ][2016-01-21 14:42:18,609][com.java.TestType] [11717] - --------------------------setting values-----------------------------
[INFO ][2016-01-21 14:42:18,609][com.java.TestType] [11720] - Action Type : Select
[INFO ][2016-01-21 14:42:18,609][com.java.TestType] [ 6382] - value = PFC
[INFO ][2016-01-21 14:42:18,828][com.java.TestType] [11739] -  RESULT true
[INFO ][2016-01-21 14:42:18,828][com.java.TestType] [11856] - ?   P A S S   ?
[DEBUG][2016-01-21 14:42:18,828][com.java.TestType] [11662] - Concept ID:2 :: Step being Executed: 2::2
[INFO ][2016-01-21 14:42:18,829][com.java.TestType] [11700] - dataFields : LNKLogout
[DEBUG][2016-01-21 14:42:18,829][com.java.TestType] [11706] - <In Set values of the page>
[DEBUG][2016-01-21 14:42:18,829][com.java.TestType] [11711] - {Data Fields & Data Values Exist}
[INFO ][2016-01-21 14:42:18,829][com.java.TestType] [11717] - --------------------------setting values-----------------------------
[INFO ][2016-01-21 14:42:18,829][com.java.TestType] [11720] - Action Type : WaitTime
[DEBUG][2016-01-21 14:42:18,830][com.java.TestType] [ 6196] - sleepTime: 5000
[INFO ][2016-01-21 14:42:23,830][com.java.TestType] [11739] -  RESULT true
[INFO ][2016-01-21 14:42:23,830][com.java.TestType] [11856] - ?   P A S S   ?
[INFO ][2016-01-21 14:42:23,830][com.java.TestType] [11927] - Looping End......
[INFO ][2016-01-21 14:42:23,831][com.java.SeleniumDriver] [  930] -  RESULT true
[INFO ][2016-01-21 14:42:23,831][com.java.SeleniumDriver] [ 1136] - ?   P A S S   ?
[INFO ][2016-01-21 14:42:23,831][com.java.SeleniumDriver] [  856] - ------------------------------------------
[INFO ][2016-01-21 14:42:23,832][com.java.SeleniumDriver] [  857] - Test case being Executed: 1
[INFO ][2016-01-21 14:42:23,832][com.java.SeleniumDriver] [  869] - Test step:3
[INFO ][2016-01-21 14:42:23,832][com.java.SeleniumDriver] [  881] - Datavalue is----------2
[INFO ][2016-01-21 14:42:23,832][com.java.SeleniumDriver] [  905] - DataField : XPH//button[contains(text(),'Add Content')]
[INFO ][2016-01-21 14:42:23,832][com.java.SeleniumDriver] [  907] - DataValue : 2
[INFO ][2016-01-21 14:42:23,832][com.java.SeleniumDriver] [  913] - <In Set values of the page>
[INFO ][2016-01-21 14:42:23,832][com.java.SeleniumDriver] [  916] - {Data Fields & Data Values Exist}
[INFO ][2016-01-21 14:42:23,832][com.java.SeleniumDriver] [  918] - --------------------------setting values-----------------------------
[INFO ][2016-01-21 14:42:23,832][com.java.SeleniumDriver] [  921] - Action Type : WAITFORELEMENT
[INFO ][2016-01-21 14:42:23,868][com.java.SeleniumDriver] [  930] -  RESULT true
[INFO ][2016-01-21 14:42:23,868][com.java.SeleniumDriver] [ 1136] - ?   P A S S   ?
[DEBUG][2016-01-21 14:42:23,868][com.java.SeleniumDriver] [ 1248] - Case found
[DEBUG][2016-01-21 14:42:23,868][com.java.SeleniumDriver] [ 1253] - Incrementing ReportCounters[0]:1
[INFO ][2016-01-21 14:42:23,868][com.java.SeleniumDriver] [ 1272] - The results are-------------------[1, 1, Valid Login, Pass, , Thu Jan 21 14:42:18 IST 2016, 1, 2, Valid Login, Pass, , Thu Jan 21 14:42:23 IST 2016, 1, 3, Valid Login, Pass, , Thu Jan 21 14:42:23 IST 2016]
[INFO ][2016-01-21 14:42:23,869][com.java.SeleniumDriver] [ 1276] - End time is-------35 sec
[INFO ][2016-01-21 14:42:23,869][com.java.SeleniumDriver] [ 1277] - The results are-------------------[1, 1, Valid Login, Pass, , Thu Jan 21 14:42:18 IST 2016, 1, 2, Valid Login, Pass, , Thu Jan 21 14:42:23 IST 2016, 1, 3, Valid Login, Pass, , Thu Jan 21 14:42:23 IST 2016]
[DEBUG][2016-01-21 14:42:23,869][com.java.ImportnExport.ExportTestResultsExcel] [  222] - testResultPath = D:\BankersDashboard/TestReports/Test Results_BankersDashBoard_012116_144150_IE10_Any Bank USA.xls
[DEBUG][2016-01-21 14:42:23,869][com.java.ImportnExport.ExportTestResultsExcel] [  223] - browser is------------IE10
[DEBUG][2016-01-21 14:42:23,913][com.java.ImportnExport.ExportTestResultsExcel] [  270] - result.size() = 18
[DEBUG][2016-01-21 14:42:23,914][com.java.ImportnExport.ExportTestResultsExcel] [  274] - No of rows in sheet=1
[DEBUG][2016-01-21 14:42:23,914][com.java.ImportnExport.ExportTestResultsExcel] [  301] - ..in export..1
[DEBUG][2016-01-21 14:42:23,914][com.java.ImportnExport.ExportTestResultsExcel] [  301] - ..in export..Valid Login
[DEBUG][2016-01-21 14:42:23,914][com.java.ImportnExport.ExportTestResultsExcel] [  301] - ..in export..Pass
[DEBUG][2016-01-21 14:42:23,914][com.java.ImportnExport.ExportTestResultsExcel] [  301] - ..in export..
[DEBUG][2016-01-21 14:42:23,914][com.java.ImportnExport.ExportTestResultsExcel] [  301] - ..in export..Thu Jan 21 14:42:18 IST 2016
[INFO ][2016-01-21 14:42:23,916][com.java.SeleniumDriver] [ 1337] - out loop:0 size:2 TestCases:[1, 5] testcases:[1, 5]
[INFO ][2016-01-21 14:42:23,916][com.java.ImportnExport.ImportTestDataDetailsExcel] [   49] - test data details path===== D:\BankersDashboard\TestInputs\TestData.xls
[INFO ][2016-01-21 14:42:40,647][com.java.SeleniumDriver] [  856] - ------------------------------------------
[INFO ][2016-01-21 14:42:40,647][com.java.SeleniumDriver] [  857] - Test case being Executed: 5
[INFO ][2016-01-21 14:42:40,648][com.java.SeleniumDriver] [  869] - Test step:1
[INFO ][2016-01-21 14:42:40,648][com.java.SeleniumDriver] [  881] - Datavalue is----------Logout
[INFO ][2016-01-21 14:42:40,649][com.java.SeleniumDriver] [  905] - DataField : BTN
[INFO ][2016-01-21 14:42:40,649][com.java.SeleniumDriver] [  907] - DataValue : Logout
[INFO ][2016-01-21 14:42:40,649][com.java.SeleniumDriver] [  913] - <In Set values of the page>
[INFO ][2016-01-21 14:42:40,649][com.java.SeleniumDriver] [  916] - {Data Fields & Data Values Exist}
[INFO ][2016-01-21 14:42:40,649][com.java.SeleniumDriver] [  918] - --------------------------setting values-----------------------------
[INFO ][2016-01-21 14:42:40,649][com.java.SeleniumDriver] [  921] - Action Type : Verify
[INFO ][2016-01-21 14:42:40,649][com.java.TestType] [ 7954] - field= BTN value= Logout
[INFO ][2016-01-21 14:42:40,649][com.java.TestType] [ 6382] - value = Logout
[INFO ][2016-01-21 14:42:40,731][com.java.SeleniumDriver] [  930] -  RESULT true
[INFO ][2016-01-21 14:42:40,731][com.java.SeleniumDriver] [ 1136] - ?   P A S S   ?
[INFO ][2016-01-21 14:42:40,731][com.java.SeleniumDriver] [ 1178] - step change to 3
[INFO ][2016-01-21 14:42:40,731][com.java.SeleniumDriver] [  856] - ------------------------------------------
[INFO ][2016-01-21 14:42:40,731][com.java.SeleniumDriver] [  857] - Test case being Executed: 5
[INFO ][2016-01-21 14:42:40,732][com.java.SeleniumDriver] [  869] - Test step:3
[INFO ][2016-01-21 14:42:40,732][com.java.SeleniumDriver] [  881] - Datavalue is----------Concept#2:1-2
[INFO ][2016-01-21 14:42:40,732][com.java.SeleniumDriver] [  905] - DataField : test
[INFO ][2016-01-21 14:42:40,732][com.java.SeleniumDriver] [  907] - DataValue : Concept#2:1-2
[INFO ][2016-01-21 14:42:40,732][com.java.SeleniumDriver] [  913] - <In Set values of the page>
[INFO ][2016-01-21 14:42:40,732][com.java.SeleniumDriver] [  916] - {Data Fields & Data Values Exist}
[INFO ][2016-01-21 14:42:40,732][com.java.SeleniumDriver] [  918] - --------------------------setting values-----------------------------
[INFO ][2016-01-21 14:42:40,732][com.java.SeleniumDriver] [  921] - Action Type : ExecuteTestCase
[INFO ][2016-01-21 14:42:40,732][com.java.TestType] [  442] - The Concept sheet name is ---------- Concept
[INFO ][2016-01-21 14:42:40,732][com.java.TestType] [  445] - The Concept ID  is ---------- 2
[DEBUG][2016-01-21 14:42:40,732][com.java.TestType] [  449] - Steps being executted in the Concept are: 1:2
[INFO ][2016-01-21 14:42:40,732][com.java.TestType] [  456] - Test data details path ---------- D:\BankersDashboard\TestInputs\TestData.xls
[INFO ][2016-01-21 14:42:40,749][com.java.TestType] [  487] -  str(1) = 2
[INFO ][2016-01-21 14:42:40,749][com.java.TestType] [  490] - Test case Id is---2
[INFO ][2016-01-21 14:42:40,749][com.java.TestType] [  492] - 2
[INFO ][2016-01-21 14:42:40,749][com.java.TestType] [  487] -  str(2) = 1
[INFO ][2016-01-21 14:42:40,750][com.java.TestType] [  487] -  str(1) = 2
[INFO ][2016-01-21 14:42:40,750][com.java.TestType] [  490] - Test case Id is---2
[INFO ][2016-01-21 14:42:40,750][com.java.TestType] [  492] - 2
[INFO ][2016-01-21 14:42:40,751][com.java.TestType] [  487] -  str(2) = 2
[INFO ][2016-01-21 14:42:40,751][com.java.TestType] [  487] -  str(1) = 2
[INFO ][2016-01-21 14:42:40,751][com.java.TestType] [  490] - Test case Id is---2
[INFO ][2016-01-21 14:42:40,751][com.java.TestType] [  492] - 2
[INFO ][2016-01-21 14:42:40,751][com.java.TestType] [  487] -  str(2) = 3
[INFO ][2016-01-21 14:42:40,752][com.java.TestType] [11621] - Looping 1TCID = 2
[DEBUG][2016-01-21 14:42:40,752][com.java.TestType] [11662] - Concept ID:2 :: Step being Executed: 2::1
[INFO ][2016-01-21 14:42:40,752][com.java.TestType] [11700] - dataFields : BNK//select[@id='bank']
[DEBUG][2016-01-21 14:42:40,752][com.java.TestType] [11706] - <In Set values of the page>
[DEBUG][2016-01-21 14:42:40,752][com.java.TestType] [11711] - {Data Fields & Data Values Exist}
[INFO ][2016-01-21 14:42:40,752][com.java.TestType] [11717] - --------------------------setting values-----------------------------
[INFO ][2016-01-21 14:42:40,753][com.java.TestType] [11720] - Action Type : Select
[INFO ][2016-01-21 14:42:40,753][com.java.TestType] [ 6382] - value = PFC
[INFO ][2016-01-21 14:42:40,939][com.java.TestType] [11739] -  RESULT true
[INFO ][2016-01-21 14:42:40,939][com.java.TestType] [11856] - ?   P A S S   ?
[DEBUG][2016-01-21 14:42:40,939][com.java.TestType] [11662] - Concept ID:2 :: Step being Executed: 2::2
[INFO ][2016-01-21 14:42:40,939][com.java.TestType] [11700] - dataFields : LNKLogout
[DEBUG][2016-01-21 14:42:40,939][com.java.TestType] [11706] - <In Set values of the page>
[DEBUG][2016-01-21 14:42:40,939][com.java.TestType] [11711] - {Data Fields & Data Values Exist}
[INFO ][2016-01-21 14:42:40,939][com.java.TestType] [11717] - --------------------------setting values-----------------------------
[INFO ][2016-01-21 14:42:40,940][com.java.TestType] [11720] - Action Type : WaitTime
[DEBUG][2016-01-21 14:42:40,940][com.java.TestType] [ 6196] - sleepTime: 5000
[INFO ][2016-01-21 14:42:45,940][com.java.TestType] [11739] -  RESULT true
[INFO ][2016-01-21 14:42:45,940][com.java.TestType] [11856] - ?   P A S S   ?
[INFO ][2016-01-21 14:42:45,940][com.java.TestType] [11927] - Looping End......
[INFO ][2016-01-21 14:42:45,941][com.java.SeleniumDriver] [  930] -  RESULT true
[INFO ][2016-01-21 14:42:45,941][com.java.SeleniumDriver] [ 1136] - ?   P A S S   ?
[INFO ][2016-01-21 14:42:45,942][com.java.SeleniumDriver] [  856] - ------------------------------------------
[INFO ][2016-01-21 14:42:45,942][com.java.SeleniumDriver] [  857] - Test case being Executed: 5
[INFO ][2016-01-21 14:42:45,942][com.java.SeleniumDriver] [  869] - Test step:4
[INFO ][2016-01-21 14:42:45,942][com.java.SeleniumDriver] [  881] - Datavalue is----------2
[INFO ][2016-01-21 14:42:45,942][com.java.SeleniumDriver] [  905] - DataField : BTNG/L
[INFO ][2016-01-21 14:42:45,942][com.java.SeleniumDriver] [  907] - DataValue : 2
[INFO ][2016-01-21 14:42:45,942][com.java.SeleniumDriver] [  913] - <In Set values of the page>
[INFO ][2016-01-21 14:42:45,942][com.java.SeleniumDriver] [  916] - {Data Fields & Data Values Exist}
[INFO ][2016-01-21 14:42:45,942][com.java.SeleniumDriver] [  918] - --------------------------setting values-----------------------------
[INFO ][2016-01-21 14:42:45,942][com.java.SeleniumDriver] [  921] - Action Type : WAITFORELEMENT
[INFO ][2016-01-21 14:42:45,989][com.java.SeleniumDriver] [  930] -  RESULT true
[INFO ][2016-01-21 14:42:45,989][com.java.SeleniumDriver] [ 1136] - ?   P A S S   ?
[INFO ][2016-01-21 14:42:45,989][com.java.SeleniumDriver] [  856] - ------------------------------------------
[INFO ][2016-01-21 14:42:45,989][com.java.SeleniumDriver] [  857] - Test case being Executed: 5
[INFO ][2016-01-21 14:42:45,989][com.java.SeleniumDriver] [  869] - Test step:5
[INFO ][2016-01-21 14:42:45,989][com.java.SeleniumDriver] [  881] - Datavalue is----------null
[DEBUG][2016-01-21 14:42:45,989][com.java.SeleniumDriver] [  899] - Exception: null
[INFO ][2016-01-21 14:42:45,989][com.java.SeleniumDriver] [  905] - DataField : //a[starts-with(normalize-space(.), 'Settings')]/span[2]&&//a[starts-with(normalize-space(.), 'Customize')]&&//li[@data-id='MyDashboard']/a[starts-with(text(), 'My Dashboard')]
[INFO ][2016-01-21 14:42:45,989][com.java.SeleniumDriver] [  907] - DataValue : 
[INFO ][2016-01-21 14:42:45,989][com.java.SeleniumDriver] [  913] - <In Set values of the page>
[INFO ][2016-01-21 14:42:45,989][com.java.SeleniumDriver] [  916] - {Data Fields & Data Values Exist}
[INFO ][2016-01-21 14:42:45,990][com.java.SeleniumDriver] [  918] - --------------------------setting values-----------------------------
[INFO ][2016-01-21 14:42:45,990][com.java.SeleniumDriver] [  921] - Action Type : MOUSEOVER
[INFO ][2016-01-21 14:43:12,732][com.java.SeleniumDriver] [  930] -  RESULT true
[INFO ][2016-01-21 14:43:12,732][com.java.SeleniumDriver] [ 1136] - ?   P A S S   ?
[INFO ][2016-01-21 14:43:12,732][com.java.SeleniumDriver] [  856] - ------------------------------------------
[INFO ][2016-01-21 14:43:12,732][com.java.SeleniumDriver] [  857] - Test case being Executed: 5
[INFO ][2016-01-21 14:43:12,732][com.java.SeleniumDriver] [  869] - Test step:6
[INFO ][2016-01-21 14:43:12,732][com.java.SeleniumDriver] [  881] - Datavalue is----------5
[INFO ][2016-01-21 14:43:12,732][com.java.SeleniumDriver] [  905] - DataField : BTN//iframe[@id='frameDialogContent']
[INFO ][2016-01-21 14:43:12,732][com.java.SeleniumDriver] [  907] - DataValue : 5
[INFO ][2016-01-21 14:43:12,732][com.java.SeleniumDriver] [  913] - <In Set values of the page>
[INFO ][2016-01-21 14:43:12,732][com.java.SeleniumDriver] [  916] - {Data Fields & Data Values Exist}
[INFO ][2016-01-21 14:43:12,732][com.java.SeleniumDriver] [  918] - --------------------------setting values-----------------------------
[INFO ][2016-01-21 14:43:12,732][com.java.SeleniumDriver] [  921] - Action Type : WAITFORELEMENT
[INFO ][2016-01-21 14:43:12,767][com.java.SeleniumDriver] [  930] -  RESULT true
[INFO ][2016-01-21 14:43:12,767][com.java.SeleniumDriver] [ 1136] - ?   P A S S   ?
[INFO ][2016-01-21 14:43:12,767][com.java.SeleniumDriver] [  856] - ------------------------------------------
[INFO ][2016-01-21 14:43:12,767][com.java.SeleniumDriver] [  857] - Test case being Executed: 5
[INFO ][2016-01-21 14:43:12,768][com.java.SeleniumDriver] [  869] - Test step:7
[INFO ][2016-01-21 14:43:12,768][com.java.SeleniumDriver] [  881] - Datavalue is----------null
[DEBUG][2016-01-21 14:43:12,768][com.java.SeleniumDriver] [  899] - Exception: null
[INFO ][2016-01-21 14:43:12,768][com.java.SeleniumDriver] [  905] - DataField : BTN//iframe[@id='frameDialogContent']
[INFO ][2016-01-21 14:43:12,768][com.java.SeleniumDriver] [  907] - DataValue : 
[INFO ][2016-01-21 14:43:12,768][com.java.SeleniumDriver] [  913] - <In Set values of the page>
[INFO ][2016-01-21 14:43:12,768][com.java.SeleniumDriver] [  916] - {Data Fields & Data Values Exist}
[INFO ][2016-01-21 14:43:12,768][com.java.SeleniumDriver] [  918] - --------------------------setting values-----------------------------
[INFO ][2016-01-21 14:43:12,768][com.java.SeleniumDriver] [  921] - Action Type : SELECTFRAME
[INFO ][2016-01-21 14:43:12,874][com.java.SeleniumDriver] [  930] -  RESULT true
[INFO ][2016-01-21 14:43:12,874][com.java.SeleniumDriver] [ 1136] - ?   P A S S   ?
[INFO ][2016-01-21 14:43:12,874][com.java.SeleniumDriver] [  856] - ------------------------------------------
[INFO ][2016-01-21 14:43:12,874][com.java.SeleniumDriver] [  857] - Test case being Executed: 5
[INFO ][2016-01-21 14:43:12,874][com.java.SeleniumDriver] [  869] - Test step:8
[INFO ][2016-01-21 14:43:12,874][com.java.SeleniumDriver] [  881] - Datavalue is----------#_keys
[INFO ][2016-01-21 14:43:12,874][com.java.SeleniumDriver] [  905] - DataField : XPH//td[starts-with(text(), '#_CAL')]
[INFO ][2016-01-21 14:43:12,874][com.java.SeleniumDriver] [  907] - DataValue : #_keys
[INFO ][2016-01-21 14:43:12,875][com.java.SeleniumDriver] [  913] - <In Set values of the page>
[INFO ][2016-01-21 14:43:12,875][com.java.SeleniumDriver] [  916] - {Data Fields & Data Values Exist}
[INFO ][2016-01-21 14:43:12,875][com.java.SeleniumDriver] [  918] - --------------------------setting values-----------------------------
[INFO ][2016-01-21 14:43:12,875][com.java.SeleniumDriver] [  921] - Action Type : STOREVALUE
[INFO ][2016-01-21 14:43:12,875][com.java.TestType] [ 9381] - field= XPH//td[starts-with(text(), '#_CAL')]
[DEBUG][2016-01-21 14:43:12,947][com.java.TestType] [ 9436] - Key:: #_keys   Value:: #_CAL51284
[INFO ][2016-01-21 14:43:12,947][com.java.SeleniumDriver] [  930] -  RESULT true
[INFO ][2016-01-21 14:43:12,947][com.java.SeleniumDriver] [ 1136] - ?   P A S S   ?
[INFO ][2016-01-21 14:43:12,947][com.java.SeleniumDriver] [  856] - ------------------------------------------
[INFO ][2016-01-21 14:43:12,947][com.java.SeleniumDriver] [  857] - Test case being Executed: 5
[INFO ][2016-01-21 14:43:12,947][com.java.SeleniumDriver] [  869] - Test step:9
[INFO ][2016-01-21 14:43:12,947][com.java.SeleniumDriver] [  881] - Datavalue is----------null
[DEBUG][2016-01-21 14:43:12,947][com.java.SeleniumDriver] [  899] - Exception: null
[INFO ][2016-01-21 14:43:12,948][com.java.SeleniumDriver] [  905] - DataField : BTNparent
[INFO ][2016-01-21 14:43:12,948][com.java.SeleniumDriver] [  907] - DataValue : 
[INFO ][2016-01-21 14:43:12,948][com.java.SeleniumDriver] [  913] - <In Set values of the page>
[INFO ][2016-01-21 14:43:12,948][com.java.SeleniumDriver] [  916] - {Data Fields & Data Values Exist}
[INFO ][2016-01-21 14:43:12,948][com.java.SeleniumDriver] [  918] - --------------------------setting values-----------------------------
[INFO ][2016-01-21 14:43:12,948][com.java.SeleniumDriver] [  921] - Action Type : SELECTFRAME
[INFO ][2016-01-21 14:43:12,963][com.java.SeleniumDriver] [  930] -  RESULT true
[INFO ][2016-01-21 14:43:12,963][com.java.SeleniumDriver] [ 1136] - ?   P A S S   ?
[INFO ][2016-01-21 14:43:12,963][com.java.SeleniumDriver] [  856] - ------------------------------------------
[INFO ][2016-01-21 14:43:12,963][com.java.SeleniumDriver] [  857] - Test case being Executed: 5
[INFO ][2016-01-21 14:43:12,963][com.java.SeleniumDriver] [  869] - Test step:10
[INFO ][2016-01-21 14:43:12,963][com.java.SeleniumDriver] [  881] - Datavalue is----------5
[INFO ][2016-01-21 14:43:12,963][com.java.SeleniumDriver] [  905] - DataField : XPH//span[contains(text(),'Finished')]
[INFO ][2016-01-21 14:43:12,963][com.java.SeleniumDriver] [  907] - DataValue : 5
[INFO ][2016-01-21 14:43:12,963][com.java.SeleniumDriver] [  913] - <In Set values of the page>
[INFO ][2016-01-21 14:43:12,964][com.java.SeleniumDriver] [  916] - {Data Fields & Data Values Exist}
[INFO ][2016-01-21 14:43:12,964][com.java.SeleniumDriver] [  918] - --------------------------setting values-----------------------------
[INFO ][2016-01-21 14:43:12,964][com.java.SeleniumDriver] [  921] - Action Type : WAITFORELEMENT
[INFO ][2016-01-21 14:43:12,998][com.java.SeleniumDriver] [  930] -  RESULT true
[INFO ][2016-01-21 14:43:12,998][com.java.SeleniumDriver] [ 1136] - ?   P A S S   ?
[INFO ][2016-01-21 14:43:12,998][com.java.SeleniumDriver] [  856] - ------------------------------------------
[INFO ][2016-01-21 14:43:12,998][com.java.SeleniumDriver] [  857] - Test case being Executed: 5
[INFO ][2016-01-21 14:43:12,998][com.java.SeleniumDriver] [  869] - Test step:11
[INFO ][2016-01-21 14:43:12,999][com.java.SeleniumDriver] [  881] - Datavalue is----------null
[DEBUG][2016-01-21 14:43:12,999][com.java.SeleniumDriver] [  899] - Exception: null
[INFO ][2016-01-21 14:43:12,999][com.java.SeleniumDriver] [  905] - DataField : HDN//span[contains(text(),'Finished')]
[INFO ][2016-01-21 14:43:12,999][com.java.SeleniumDriver] [  907] - DataValue : 
[INFO ][2016-01-21 14:43:12,999][com.java.SeleniumDriver] [  913] - <In Set values of the page>
[INFO ][2016-01-21 14:43:12,999][com.java.SeleniumDriver] [  916] - {Data Fields & Data Values Exist}
[INFO ][2016-01-21 14:43:12,999][com.java.SeleniumDriver] [  918] - --------------------------setting values-----------------------------
[INFO ][2016-01-21 14:43:12,999][com.java.SeleniumDriver] [  921] - Action Type : CLICK
[INFO ][2016-01-21 14:43:12,999][com.java.TestType] [ 6761] - Field ::HDN//span[contains(text(),'Finished')]
[INFO ][2016-01-21 14:43:12,999][com.java.TestType] [ 6382] - value = 
[INFO ][2016-01-21 14:43:14,145][com.java.SeleniumDriver] [  930] -  RESULT true
[INFO ][2016-01-21 14:43:14,145][com.java.SeleniumDriver] [ 1136] - ?   P A S S   ?
[INFO ][2016-01-21 14:43:14,145][com.java.SeleniumDriver] [  856] - ------------------------------------------
[INFO ][2016-01-21 14:43:14,145][com.java.SeleniumDriver] [  857] - Test case being Executed: 5
[INFO ][2016-01-21 14:43:14,145][com.java.SeleniumDriver] [  869] - Test step:12
[INFO ][2016-01-21 14:43:14,145][com.java.SeleniumDriver] [  881] - Datavalue is----------10
[INFO ][2016-01-21 14:43:14,145][com.java.SeleniumDriver] [  905] - DataField : DSP//div[@class='widgetBody']//tr[last()]
[INFO ][2016-01-21 14:43:14,145][com.java.SeleniumDriver] [  907] - DataValue : 10
[INFO ][2016-01-21 14:43:14,145][com.java.SeleniumDriver] [  913] - <In Set values of the page>
[INFO ][2016-01-21 14:43:14,145][com.java.SeleniumDriver] [  916] - {Data Fields & Data Values Exist}
[INFO ][2016-01-21 14:43:14,145][com.java.SeleniumDriver] [  918] - --------------------------setting values-----------------------------
[INFO ][2016-01-21 14:43:14,145][com.java.SeleniumDriver] [  921] - Action Type : WaitForElement
[INFO ][2016-01-21 14:43:14,274][com.java.SeleniumDriver] [  930] -  RESULT true
[INFO ][2016-01-21 14:43:14,274][com.java.SeleniumDriver] [ 1136] - ?   P A S S   ?
[INFO ][2016-01-21 14:43:14,274][com.java.SeleniumDriver] [  856] - ------------------------------------------
[INFO ][2016-01-21 14:43:14,274][com.java.SeleniumDriver] [  857] - Test case being Executed: 5
[INFO ][2016-01-21 14:43:14,274][com.java.SeleniumDriver] [  869] - Test step:13
[INFO ][2016-01-21 14:43:14,274][com.java.SeleniumDriver] [  881] - Datavalue is----------HMV#_keys
[INFO ][2016-01-21 14:43:14,275][com.java.SeleniumDriver] [  905] - DataField : MSG
[INFO ][2016-01-21 14:43:14,275][com.java.SeleniumDriver] [  907] - DataValue : HMV#_keys
[INFO ][2016-01-21 14:43:14,275][com.java.SeleniumDriver] [  913] - <In Set values of the page>
[INFO ][2016-01-21 14:43:14,275][com.java.SeleniumDriver] [  916] - {Data Fields & Data Values Exist}
[INFO ][2016-01-21 14:43:14,275][com.java.SeleniumDriver] [  918] - --------------------------setting values-----------------------------
[INFO ][2016-01-21 14:43:14,275][com.java.SeleniumDriver] [  921] - Action Type : verify
[INFO ][2016-01-21 14:43:14,275][com.java.TestType] [ 7954] - field= MSG value= HMV#_keys
[INFO ][2016-01-21 14:43:14,275][com.java.TestType] [ 6382] - value = #_CAL51284
[DEBUG][2016-01-21 14:43:14,275][com.java.TestType] [ 8784] - value :: #_CAL51284
[INFO ][2016-01-21 14:43:14,341][com.java.SeleniumDriver] [  930] -  RESULT true
[INFO ][2016-01-21 14:43:14,341][com.java.SeleniumDriver] [ 1136] - ?   P A S S   ?
[INFO ][2016-01-21 14:43:14,341][com.java.SeleniumDriver] [  856] - ------------------------------------------
[INFO ][2016-01-21 14:43:14,341][com.java.SeleniumDriver] [  857] - Test case being Executed: 5
[INFO ][2016-01-21 14:43:14,341][com.java.SeleniumDriver] [  869] - Test step:14
[INFO ][2016-01-21 14:43:14,341][com.java.SeleniumDriver] [  881] - Datavalue is----------5
[INFO ][2016-01-21 14:43:14,341][com.java.SeleniumDriver] [  905] - DataField : test
[INFO ][2016-01-21 14:43:14,341][com.java.SeleniumDriver] [  907] - DataValue : 5
[INFO ][2016-01-21 14:43:14,341][com.java.SeleniumDriver] [  913] - <In Set values of the page>
[INFO ][2016-01-21 14:43:14,341][com.java.SeleniumDriver] [  916] - {Data Fields & Data Values Exist}
[INFO ][2016-01-21 14:43:14,341][com.java.SeleniumDriver] [  918] - --------------------------setting values-----------------------------
[INFO ][2016-01-21 14:43:14,341][com.java.SeleniumDriver] [  921] - Action Type : WaitTime
[DEBUG][2016-01-21 14:43:14,342][com.java.TestType] [ 6196] - sleepTime: 5000
[INFO ][2016-01-21 14:43:19,343][com.java.SeleniumDriver] [  930] -  RESULT true
[INFO ][2016-01-21 14:43:19,343][com.java.SeleniumDriver] [ 1136] - ?   P A S S   ?
[INFO ][2016-01-21 14:43:19,343][com.java.SeleniumDriver] [  856] - ------------------------------------------
[INFO ][2016-01-21 14:43:19,343][com.java.SeleniumDriver] [  857] - Test case being Executed: 5
[INFO ][2016-01-21 14:43:19,343][com.java.SeleniumDriver] [  869] - Test step:15
[INFO ][2016-01-21 14:43:19,343][com.java.SeleniumDriver] [  881] - Datavalue is----------Concept#8:1-12
[INFO ][2016-01-21 14:43:19,343][com.java.SeleniumDriver] [  905] - DataField : test
[INFO ][2016-01-21 14:43:19,343][com.java.SeleniumDriver] [  907] - DataValue : Concept#8:1-12
[INFO ][2016-01-21 14:43:19,343][com.java.SeleniumDriver] [  913] - <In Set values of the page>
[INFO ][2016-01-21 14:43:19,343][com.java.SeleniumDriver] [  916] - {Data Fields & Data Values Exist}
[INFO ][2016-01-21 14:43:19,343][com.java.SeleniumDriver] [  918] - --------------------------setting values-----------------------------
[INFO ][2016-01-21 14:43:19,343][com.java.SeleniumDriver] [  921] - Action Type : ExecuteTestCase
[INFO ][2016-01-21 14:43:19,344][com.java.TestType] [  442] - The Concept sheet name is ---------- Concept
[INFO ][2016-01-21 14:43:19,344][com.java.TestType] [  445] - The Concept ID  is ---------- 8
[DEBUG][2016-01-21 14:43:19,344][com.java.TestType] [  449] - Steps being executted in the Concept are: 1:12
[INFO ][2016-01-21 14:43:19,344][com.java.TestType] [  456] - Test data details path ---------- D:\BankersDashboard\TestInputs\TestData.xls
[INFO ][2016-01-21 14:43:19,361][com.java.TestType] [  487] -  str(1) = 8
[INFO ][2016-01-21 14:43:19,362][com.java.TestType] [  490] - Test case Id is---8
[INFO ][2016-01-21 14:43:19,362][com.java.TestType] [  492] - 8
[INFO ][2016-01-21 14:43:19,362][com.java.TestType] [  487] -  str(2) = 1
[INFO ][2016-01-21 14:43:19,363][com.java.TestType] [  487] -  str(1) = 8
[INFO ][2016-01-21 14:43:19,363][com.java.TestType] [  490] - Test case Id is---8
[INFO ][2016-01-21 14:43:19,363][com.java.TestType] [  492] - 8
[INFO ][2016-01-21 14:43:19,363][com.java.TestType] [  487] -  str(2) = 2
[INFO ][2016-01-21 14:43:19,364][com.java.TestType] [  487] -  str(1) = 8
[INFO ][2016-01-21 14:43:19,364][com.java.TestType] [  490] - Test case Id is---8
[INFO ][2016-01-21 14:43:19,364][com.java.TestType] [  492] - 8
[INFO ][2016-01-21 14:43:19,364][com.java.TestType] [  487] -  str(2) = 3
[INFO ][2016-01-21 14:43:19,365][com.java.TestType] [  487] -  str(1) = 8
[INFO ][2016-01-21 14:43:19,365][com.java.TestType] [  490] - Test case Id is---8
[INFO ][2016-01-21 14:43:19,365][com.java.TestType] [  492] - 8
[INFO ][2016-01-21 14:43:19,365][com.java.TestType] [  487] -  str(2) = 4
[INFO ][2016-01-21 14:43:19,365][com.java.TestType] [  487] -  str(1) = 8
[INFO ][2016-01-21 14:43:19,366][com.java.TestType] [  490] - Test case Id is---8
[INFO ][2016-01-21 14:43:19,366][com.java.TestType] [  492] - 8
[INFO ][2016-01-21 14:43:19,366][com.java.TestType] [  487] -  str(2) = 5
[INFO ][2016-01-21 14:43:19,366][com.java.TestType] [  487] -  str(1) = 8
[INFO ][2016-01-21 14:43:19,366][com.java.TestType] [  490] - Test case Id is---8
[INFO ][2016-01-21 14:43:19,366][com.java.TestType] [  492] - 8
[INFO ][2016-01-21 14:43:19,366][com.java.TestType] [  487] -  str(2) = 6
[INFO ][2016-01-21 14:43:19,368][com.java.TestType] [  487] -  str(1) = 8
[INFO ][2016-01-21 14:43:19,368][com.java.TestType] [  490] - Test case Id is---8
[INFO ][2016-01-21 14:43:19,368][com.java.TestType] [  492] - 8
[INFO ][2016-01-21 14:43:19,368][com.java.TestType] [  487] -  str(2) = 7
[INFO ][2016-01-21 14:43:19,369][com.java.TestType] [  487] -  str(1) = 8
[INFO ][2016-01-21 14:43:19,369][com.java.TestType] [  490] - Test case Id is---8
[INFO ][2016-01-21 14:43:19,369][com.java.TestType] [  492] - 8
[INFO ][2016-01-21 14:43:19,369][com.java.TestType] [  487] -  str(2) = 8
[INFO ][2016-01-21 14:43:19,369][com.java.TestType] [  487] -  str(1) = 8
[INFO ][2016-01-21 14:43:19,370][com.java.TestType] [  490] - Test case Id is---8
[INFO ][2016-01-21 14:43:19,370][com.java.TestType] [  492] - 8
[INFO ][2016-01-21 14:43:19,370][com.java.TestType] [  487] -  str(2) = 9
[INFO ][2016-01-21 14:43:19,370][com.java.TestType] [  487] -  str(1) = 8
[INFO ][2016-01-21 14:43:19,370][com.java.TestType] [  490] - Test case Id is---8
[INFO ][2016-01-21 14:43:19,370][com.java.TestType] [  492] - 8
[INFO ][2016-01-21 14:43:19,370][com.java.TestType] [  487] -  str(2) = 10
[INFO ][2016-01-21 14:43:19,371][com.java.TestType] [  487] -  str(1) = 8
[INFO ][2016-01-21 14:43:19,371][com.java.TestType] [  490] - Test case Id is---8
[INFO ][2016-01-21 14:43:19,371][com.java.TestType] [  492] - 8
[INFO ][2016-01-21 14:43:19,371][com.java.TestType] [  487] -  str(2) = 11
[INFO ][2016-01-21 14:43:19,372][com.java.TestType] [  487] -  str(1) = 8
[INFO ][2016-01-21 14:43:19,372][com.java.TestType] [  490] - Test case Id is---8
[INFO ][2016-01-21 14:43:19,372][com.java.TestType] [  492] - 8
[INFO ][2016-01-21 14:43:19,372][com.java.TestType] [  487] -  str(2) = 12
[INFO ][2016-01-21 14:43:19,373][com.java.TestType] [11621] - Looping 1TCID = 8
[DEBUG][2016-01-21 14:43:19,373][com.java.TestType] [11662] - Concept ID:8 :: Step being Executed: 8::1
[ERROR][2016-01-21 14:43:19,373][com.java.TestType] [11695] - Exception: null
[INFO ][2016-01-21 14:43:19,373][com.java.TestType] [11700] - dataFields : BTNparent
[DEBUG][2016-01-21 14:43:19,373][com.java.TestType] [11706] - <In Set values of the page>
[DEBUG][2016-01-21 14:43:19,373][com.java.TestType] [11711] - {Data Fields & Data Values Exist}
[INFO ][2016-01-21 14:43:19,373][com.java.TestType] [11717] - --------------------------setting values-----------------------------
[INFO ][2016-01-21 14:43:19,373][com.java.TestType] [11720] - Action Type : SELECTFRAME
[INFO ][2016-01-21 14:43:19,388][com.java.TestType] [11739] -  RESULT true
[INFO ][2016-01-21 14:43:19,389][com.java.TestType] [11856] - ?   P A S S   ?
[DEBUG][2016-01-21 14:43:19,389][com.java.TestType] [11662] - Concept ID:8 :: Step being Executed: 8::2
[INFO ][2016-01-21 14:43:19,389][com.java.TestType] [11700] - dataFields : test
[DEBUG][2016-01-21 14:43:19,389][com.java.TestType] [11706] - <In Set values of the page>
[DEBUG][2016-01-21 14:43:19,389][com.java.TestType] [11711] - {Data Fields & Data Values Exist}
[INFO ][2016-01-21 14:43:19,389][com.java.TestType] [11717] - --------------------------setting values-----------------------------
[INFO ][2016-01-21 14:43:19,389][com.java.TestType] [11720] - Action Type : OPENURL
[INFO ][2016-01-21 14:43:19,389][com.java.TestType] [ 6382] - value = https://clients-xuat.bankersdashboard.com
[INFO ][2016-01-21 14:43:19,389][com.java.TestType] [  358] - Open URL : https://clients-xuat.bankersdashboard.com
[INFO ][2016-01-21 14:43:23,534][com.java.TestType] [11739] -  RESULT true
[INFO ][2016-01-21 14:43:23,534][com.java.TestType] [11856] - ?   P A S S   ?
[DEBUG][2016-01-21 14:43:23,534][com.java.TestType] [11662] - Concept ID:8 :: Step being Executed: 8::3
[ERROR][2016-01-21 14:43:23,534][com.java.TestType] [11695] - Exception: null
[INFO ][2016-01-21 14:43:23,534][com.java.TestType] [11700] - dataFields : //span[@class='icon-cog2']&&//ul[@id='Settings']/li/a&&//ul[@id='Customize']/li/a
[DEBUG][2016-01-21 14:43:23,534][com.java.TestType] [11706] - <In Set values of the page>
[DEBUG][2016-01-21 14:43:23,534][com.java.TestType] [11711] - {Data Fields & Data Values Exist}
[INFO ][2016-01-21 14:43:23,535][com.java.TestType] [11717] - --------------------------setting values-----------------------------
[INFO ][2016-01-21 14:43:23,535][com.java.TestType] [11720] - Action Type : MOUSEOVER
[INFO ][2016-01-21 14:43:50,327][com.java.TestType] [11739] -  RESULT true
[INFO ][2016-01-21 14:43:50,327][com.java.TestType] [11856] - ?   P A S S   ?
[DEBUG][2016-01-21 14:43:50,327][com.java.TestType] [11662] - Concept ID:8 :: Step being Executed: 8::4
[INFO ][2016-01-21 14:43:50,327][com.java.TestType] [11700] - dataFields : XPH//span[@class='ui-dialog-title']
[DEBUG][2016-01-21 14:43:50,327][com.java.TestType] [11706] - <In Set values of the page>
[DEBUG][2016-01-21 14:43:50,327][com.java.TestType] [11711] - {Data Fields & Data Values Exist}
[INFO ][2016-01-21 14:43:50,327][com.java.TestType] [11717] - --------------------------setting values-----------------------------
[INFO ][2016-01-21 14:43:50,327][com.java.TestType] [11720] - Action Type : Verify
[INFO ][2016-01-21 14:43:50,327][com.java.TestType] [ 7954] - field= XPH//span[@class='ui-dialog-title'] value= My Dashboard Indicators
[INFO ][2016-01-21 14:43:50,328][com.java.TestType] [ 6382] - value = My Dashboard Indicators
[INFO ][2016-01-21 14:43:50,434][com.java.TestType] [11739] -  RESULT true
[INFO ][2016-01-21 14:43:50,435][com.java.TestType] [11856] - ?   P A S S   ?
[DEBUG][2016-01-21 14:43:50,435][com.java.TestType] [11662] - Concept ID:8 :: Step being Executed: 8::5
[ERROR][2016-01-21 14:43:50,435][com.java.TestType] [11695] - Exception: null
[INFO ][2016-01-21 14:43:50,435][com.java.TestType] [11700] - dataFields : BTNframeDialogContent
[DEBUG][2016-01-21 14:43:50,435][com.java.TestType] [11706] - <In Set values of the page>
[DEBUG][2016-01-21 14:43:50,435][com.java.TestType] [11711] - {Data Fields & Data Values Exist}
[INFO ][2016-01-21 14:43:50,435][com.java.TestType] [11717] - --------------------------setting values-----------------------------
[INFO ][2016-01-21 14:43:50,435][com.java.TestType] [11720] - Action Type : selectframe
[INFO ][2016-01-21 14:43:51,698][com.java.TestType] [11739] -  RESULT true
[INFO ][2016-01-21 14:43:51,698][com.java.TestType] [11856] - ?   P A S S   ?
[DEBUG][2016-01-21 14:43:51,698][com.java.TestType] [11662] - Concept ID:8 :: Step being Executed: 8::6
[INFO ][2016-01-21 14:43:51,699][com.java.TestType] [11700] - dataFields : RCC//td[contains(text(),'mytext')]/following-sibling::td[7]//span[@class="glyphicon glyphicon-remove"]
[DEBUG][2016-01-21 14:43:51,699][com.java.TestType] [11706] - <In Set values of the page>
[DEBUG][2016-01-21 14:43:51,699][com.java.TestType] [11711] - {Data Fields & Data Values Exist}
[INFO ][2016-01-21 14:43:51,699][com.java.TestType] [11717] - --------------------------setting values-----------------------------
[INFO ][2016-01-21 14:43:51,699][com.java.TestType] [11720] - Action Type : CLICKWITHALERT
[INFO ][2016-01-21 14:44:02,837][com.java.TestType] [11739] -  RESULT true
[INFO ][2016-01-21 14:44:02,837][com.java.TestType] [11856] - ?   P A S S   ?
[DEBUG][2016-01-21 14:44:02,838][com.java.TestType] [11662] - Concept ID:8 :: Step being Executed: 8::8
[INFO ][2016-01-21 14:44:02,838][com.java.TestType] [11700] - dataFields : null
[DEBUG][2016-01-21 14:44:02,838][com.java.TestType] [11706] - <In Set values of the page>
[INFO ][2016-01-21 14:44:02,838][com.java.TestType] [11856] - ?   P A S S   ?
[DEBUG][2016-01-21 14:44:02,838][com.java.TestType] [11662] - Concept ID:8 :: Step being Executed: 8::9
[ERROR][2016-01-21 14:44:02,838][com.java.TestType] [11695] - Exception: null
[INFO ][2016-01-21 14:44:02,838][com.java.TestType] [11700] - dataFields : BTNparent
[DEBUG][2016-01-21 14:44:02,838][com.java.TestType] [11706] - <In Set values of the page>
[DEBUG][2016-01-21 14:44:02,838][com.java.TestType] [11711] - {Data Fields & Data Values Exist}
[INFO ][2016-01-21 14:44:02,838][com.java.TestType] [11717] - --------------------------setting values-----------------------------
[INFO ][2016-01-21 14:44:02,839][com.java.TestType] [11720] - Action Type : SELECTFRAME
[INFO ][2016-01-21 14:44:02,854][com.java.TestType] [11739] -  RESULT true
[INFO ][2016-01-21 14:44:02,854][com.java.TestType] [11856] - ?   P A S S   ?
[DEBUG][2016-01-21 14:44:02,854][com.java.TestType] [11662] - Concept ID:8 :: Step being Executed: 8::10
[ERROR][2016-01-21 14:44:02,854][com.java.TestType] [11695] - Exception: null
[INFO ][2016-01-21 14:44:02,854][com.java.TestType] [11700] - dataFields : HDN//span[contains(text(),'Finished')]
[DEBUG][2016-01-21 14:44:02,854][com.java.TestType] [11706] - <In Set values of the page>
[DEBUG][2016-01-21 14:44:02,854][com.java.TestType] [11711] - {Data Fields & Data Values Exist}
[INFO ][2016-01-21 14:44:02,854][com.java.TestType] [11717] - --------------------------setting values-----------------------------
[INFO ][2016-01-21 14:44:02,855][com.java.TestType] [11720] - Action Type : click
[INFO ][2016-01-21 14:44:02,855][com.java.TestType] [ 6761] - Field ::HDN//span[contains(text(),'Finished')]
[INFO ][2016-01-21 14:44:02,855][com.java.TestType] [ 6382] - value = 
[INFO ][2016-01-21 14:44:04,011][com.java.TestType] [11739] -  RESULT true
[INFO ][2016-01-21 14:44:04,011][com.java.TestType] [11856] - ?   P A S S   ?
[DEBUG][2016-01-21 14:44:04,011][com.java.TestType] [11662] - Concept ID:8 :: Step being Executed: 8::11
[INFO ][2016-01-21 14:44:04,011][com.java.TestType] [11700] - dataFields : XPH//div[contains(text(), 'My Dashboard')]
[DEBUG][2016-01-21 14:44:04,011][com.java.TestType] [11706] - <In Set values of the page>
[DEBUG][2016-01-21 14:44:04,011][com.java.TestType] [11711] - {Data Fields & Data Values Exist}
[INFO ][2016-01-21 14:44:04,011][com.java.TestType] [11717] - --------------------------setting values-----------------------------
[INFO ][2016-01-21 14:44:04,011][com.java.TestType] [11720] - Action Type : WAITFORELEMENT
[INFO ][2016-01-21 14:44:04,046][com.java.TestType] [11739] -  RESULT true
[INFO ][2016-01-21 14:44:04,046][com.java.TestType] [11856] - ?   P A S S   ?
[DEBUG][2016-01-21 14:44:04,046][com.java.TestType] [11662] - Concept ID:8 :: Step being Executed: 8::12
[INFO ][2016-01-21 14:44:04,046][com.java.TestType] [11700] - dataFields : BTN
[DEBUG][2016-01-21 14:44:04,046][com.java.TestType] [11706] - <In Set values of the page>
[DEBUG][2016-01-21 14:44:04,047][com.java.TestType] [11711] - {Data Fields & Data Values Exist}
[INFO ][2016-01-21 14:44:04,047][com.java.TestType] [11717] - --------------------------setting values-----------------------------
[INFO ][2016-01-21 14:44:04,047][com.java.TestType] [11720] - Action Type : Verify
[INFO ][2016-01-21 14:44:04,047][com.java.TestType] [ 7954] - field= BTN value= //div[contains(text(), 'My Dashboard')]
[INFO ][2016-01-21 14:44:04,047][com.java.TestType] [ 6382] - value = //div[contains(text(), 'My Dashboard')]
[INFO ][2016-01-21 14:44:04,107][com.java.TestType] [11739] -  RESULT true
[INFO ][2016-01-21 14:44:04,107][com.java.TestType] [11856] - ?   P A S S   ?
[INFO ][2016-01-21 14:44:04,107][com.java.TestType] [11927] - Looping End......
[INFO ][2016-01-21 14:44:04,108][com.java.SeleniumDriver] [  930] -  RESULT true
[INFO ][2016-01-21 14:44:04,108][com.java.SeleniumDriver] [ 1136] - ?   P A S S   ?
[INFO ][2016-01-21 14:44:04,108][com.java.SeleniumDriver] [  856] - ------------------------------------------
[INFO ][2016-01-21 14:44:04,108][com.java.SeleniumDriver] [  857] - Test case being Executed: 5
[INFO ][2016-01-21 14:44:04,108][com.java.SeleniumDriver] [  869] - Test step:16
[INFO ][2016-01-21 14:44:04,109][com.java.SeleniumDriver] [  881] - Datavalue is----------Concept#9:1-21
[INFO ][2016-01-21 14:44:04,109][com.java.SeleniumDriver] [  905] - DataField : test
[INFO ][2016-01-21 14:44:04,109][com.java.SeleniumDriver] [  907] - DataValue : Concept#9:1-21
[INFO ][2016-01-21 14:44:04,109][com.java.SeleniumDriver] [  913] - <In Set values of the page>
[INFO ][2016-01-21 14:44:04,109][com.java.SeleniumDriver] [  916] - {Data Fields & Data Values Exist}
[INFO ][2016-01-21 14:44:04,109][com.java.SeleniumDriver] [  918] - --------------------------setting values-----------------------------
[INFO ][2016-01-21 14:44:04,109][com.java.SeleniumDriver] [  921] - Action Type : ExecuteTestCase
[INFO ][2016-01-21 14:44:04,109][com.java.TestType] [  442] - The Concept sheet name is ---------- Concept
[INFO ][2016-01-21 14:44:04,109][com.java.TestType] [  445] - The Concept ID  is ---------- 9
[DEBUG][2016-01-21 14:44:04,109][com.java.TestType] [  449] - Steps being executted in the Concept are: 1:21
[INFO ][2016-01-21 14:44:04,109][com.java.TestType] [  456] - Test data details path ---------- D:\BankersDashboard\TestInputs\TestData.xls
[INFO ][2016-01-21 14:44:04,135][com.java.TestType] [  487] -  str(1) = 9
[INFO ][2016-01-21 14:44:04,135][com.java.TestType] [  490] - Test case Id is---9
[INFO ][2016-01-21 14:44:04,135][com.java.TestType] [  492] - 9
[INFO ][2016-01-21 14:44:04,135][com.java.TestType] [  487] -  str(2) = 1
[INFO ][2016-01-21 14:44:04,136][com.java.TestType] [  487] -  str(1) = 9
[INFO ][2016-01-21 14:44:04,136][com.java.TestType] [  490] - Test case Id is---9
[INFO ][2016-01-21 14:44:04,136][com.java.TestType] [  492] - 9
[INFO ][2016-01-21 14:44:04,136][com.java.TestType] [  487] -  str(2) = 2
[INFO ][2016-01-21 14:44:04,137][com.java.TestType] [  487] -  str(1) = 9
[INFO ][2016-01-21 14:44:04,137][com.java.TestType] [  490] - Test case Id is---9
[INFO ][2016-01-21 14:44:04,137][com.java.TestType] [  492] - 9
[INFO ][2016-01-21 14:44:04,137][com.java.TestType] [  487] -  str(2) = 3
[INFO ][2016-01-21 14:44:04,138][com.java.TestType] [  487] -  str(1) = 9
[INFO ][2016-01-21 14:44:04,138][com.java.TestType] [  490] - Test case Id is---9
[INFO ][2016-01-21 14:44:04,138][com.java.TestType] [  492] - 9
[INFO ][2016-01-21 14:44:04,138][com.java.TestType] [  487] -  str(2) = 4
[INFO ][2016-01-21 14:44:04,139][com.java.TestType] [  487] -  str(1) = 9
[INFO ][2016-01-21 14:44:04,139][com.java.TestType] [  490] - Test case Id is---9
[INFO ][2016-01-21 14:44:04,139][com.java.TestType] [  492] - 9
[INFO ][2016-01-21 14:44:04,139][com.java.TestType] [  487] -  str(2) = 5
[INFO ][2016-01-21 14:44:04,140][com.java.TestType] [  487] -  str(1) = 9
[INFO ][2016-01-21 14:44:04,140][com.java.TestType] [  490] - Test case Id is---9
[INFO ][2016-01-21 14:44:04,140][com.java.TestType] [  492] - 9
[INFO ][2016-01-21 14:44:04,140][com.java.TestType] [  487] -  str(2) = 6
[INFO ][2016-01-21 14:44:04,141][com.java.TestType] [  487] -  str(1) = 9
[INFO ][2016-01-21 14:44:04,141][com.java.TestType] [  490] - Test case Id is---9
[INFO ][2016-01-21 14:44:04,141][com.java.TestType] [  492] - 9
[INFO ][2016-01-21 14:44:04,141][com.java.TestType] [  487] -  str(2) = 7
[INFO ][2016-01-21 14:44:04,142][com.java.TestType] [  487] -  str(1) = 9
[INFO ][2016-01-21 14:44:04,142][com.java.TestType] [  490] - Test case Id is---9
[INFO ][2016-01-21 14:44:04,142][com.java.TestType] [  492] - 9
[INFO ][2016-01-21 14:44:04,142][com.java.TestType] [  487] -  str(2) = 8
[INFO ][2016-01-21 14:44:04,142][com.java.TestType] [  487] -  str(1) = 9
[INFO ][2016-01-21 14:44:04,142][com.java.TestType] [  490] - Test case Id is---9
[INFO ][2016-01-21 14:44:04,143][com.java.TestType] [  492] - 9
[INFO ][2016-01-21 14:44:04,143][com.java.TestType] [  487] -  str(2) = 9
[INFO ][2016-01-21 14:44:04,143][com.java.TestType] [  487] -  str(1) = 9
[INFO ][2016-01-21 14:44:04,143][com.java.TestType] [  490] - Test case Id is---9
[INFO ][2016-01-21 14:44:04,143][com.java.TestType] [  492] - 9
[INFO ][2016-01-21 14:44:04,143][com.java.TestType] [  487] -  str(2) = 10
[INFO ][2016-01-21 14:44:04,144][com.java.TestType] [  487] -  str(1) = 9
[INFO ][2016-01-21 14:44:04,144][com.java.TestType] [  490] - Test case Id is---9
[INFO ][2016-01-21 14:44:04,144][com.java.TestType] [  492] - 9
[INFO ][2016-01-21 14:44:04,144][com.java.TestType] [  487] -  str(2) = 11
[INFO ][2016-01-21 14:44:04,145][com.java.TestType] [  487] -  str(1) = 9
[INFO ][2016-01-21 14:44:04,145][com.java.TestType] [  490] - Test case Id is---9
[INFO ][2016-01-21 14:44:04,145][com.java.TestType] [  492] - 9
[INFO ][2016-01-21 14:44:04,145][com.java.TestType] [  487] -  str(2) = 12
[INFO ][2016-01-21 14:44:04,146][com.java.TestType] [  487] -  str(1) = 9
[INFO ][2016-01-21 14:44:04,146][com.java.TestType] [  490] - Test case Id is---9
[INFO ][2016-01-21 14:44:04,146][com.java.TestType] [  492] - 9
[INFO ][2016-01-21 14:44:04,146][com.java.TestType] [  487] -  str(2) = 13
[INFO ][2016-01-21 14:44:04,146][com.java.TestType] [  487] -  str(1) = 9
[INFO ][2016-01-21 14:44:04,147][com.java.TestType] [  490] - Test case Id is---9
[INFO ][2016-01-21 14:44:04,147][com.java.TestType] [  492] - 9
[INFO ][2016-01-21 14:44:04,147][com.java.TestType] [  487] -  str(2) = 14
[INFO ][2016-01-21 14:44:04,148][com.java.TestType] [  487] -  str(1) = 9
[INFO ][2016-01-21 14:44:04,148][com.java.TestType] [  490] - Test case Id is---9
[INFO ][2016-01-21 14:44:04,148][com.java.TestType] [  492] - 9
[INFO ][2016-01-21 14:44:04,148][com.java.TestType] [  487] -  str(2) = 15
[INFO ][2016-01-21 14:44:04,149][com.java.TestType] [  487] -  str(1) = 9
[INFO ][2016-01-21 14:44:04,149][com.java.TestType] [  490] - Test case Id is---9
[INFO ][2016-01-21 14:44:04,149][com.java.TestType] [  492] - 9
[INFO ][2016-01-21 14:44:04,149][com.java.TestType] [  487] -  str(2) = 16
[INFO ][2016-01-21 14:44:04,149][com.java.TestType] [  487] -  str(1) = 9
[INFO ][2016-01-21 14:44:04,150][com.java.TestType] [  490] - Test case Id is---9
[INFO ][2016-01-21 14:44:04,150][com.java.TestType] [  492] - 9
[INFO ][2016-01-21 14:44:04,150][com.java.TestType] [  487] -  str(2) = 17
[INFO ][2016-01-21 14:44:04,150][com.java.TestType] [  487] -  str(1) = 9
[INFO ][2016-01-21 14:44:04,150][com.java.TestType] [  490] - Test case Id is---9
[INFO ][2016-01-21 14:44:04,150][com.java.TestType] [  492] - 9
[INFO ][2016-01-21 14:44:04,151][com.java.TestType] [  487] -  str(2) = 18
[INFO ][2016-01-21 14:44:04,151][com.java.TestType] [  487] -  str(1) = 9
[INFO ][2016-01-21 14:44:04,151][com.java.TestType] [  490] - Test case Id is---9
[INFO ][2016-01-21 14:44:04,151][com.java.TestType] [  492] - 9
[INFO ][2016-01-21 14:44:04,151][com.java.TestType] [  487] -  str(2) = 19
[INFO ][2016-01-21 14:44:04,152][com.java.TestType] [  487] -  str(1) = 9
[INFO ][2016-01-21 14:44:04,152][com.java.TestType] [  490] - Test case Id is---9
[INFO ][2016-01-21 14:44:04,152][com.java.TestType] [  492] - 9
[INFO ][2016-01-21 14:44:04,152][com.java.TestType] [  487] -  str(2) = 20
[INFO ][2016-01-21 14:44:04,153][com.java.TestType] [  487] -  str(1) = 9
[INFO ][2016-01-21 14:44:04,153][com.java.TestType] [  490] - Test case Id is---9
[INFO ][2016-01-21 14:44:04,153][com.java.TestType] [  492] - 9
[INFO ][2016-01-21 14:44:04,153][com.java.TestType] [  487] -  str(2) = 21
[INFO ][2016-01-21 14:44:04,154][com.java.TestType] [11621] - Looping 1TCID = 9
[DEBUG][2016-01-21 14:44:04,154][com.java.TestType] [11662] - Concept ID:9 :: Step being Executed: 9::1
[ERROR][2016-01-21 14:44:04,154][com.java.TestType] [11695] - Exception: null
[INFO ][2016-01-21 14:44:04,154][com.java.TestType] [11700] - dataFields : BTNparent
[DEBUG][2016-01-21 14:44:04,154][com.java.TestType] [11706] - <In Set values of the page>
[DEBUG][2016-01-21 14:44:04,154][com.java.TestType] [11711] - {Data Fields & Data Values Exist}
[INFO ][2016-01-21 14:44:04,154][com.java.TestType] [11717] - --------------------------setting values-----------------------------
[INFO ][2016-01-21 14:44:04,154][com.java.TestType] [11720] - Action Type : SELECTFRAME
[INFO ][2016-01-21 14:44:04,170][com.java.TestType] [11739] -  RESULT true
[INFO ][2016-01-21 14:44:04,170][com.java.TestType] [11856] - ?   P A S S   ?
[DEBUG][2016-01-21 14:44:04,170][com.java.TestType] [11662] - Concept ID:9 :: Step being Executed: 9::2
[INFO ][2016-01-21 14:44:04,170][com.java.TestType] [11700] - dataFields : test
[DEBUG][2016-01-21 14:44:04,170][com.java.TestType] [11706] - <In Set values of the page>
[DEBUG][2016-01-21 14:44:04,170][com.java.TestType] [11711] - {Data Fields & Data Values Exist}
[INFO ][2016-01-21 14:44:04,170][com.java.TestType] [11717] - --------------------------setting values-----------------------------
[INFO ][2016-01-21 14:44:04,171][com.java.TestType] [11720] - Action Type : OPENURL
[INFO ][2016-01-21 14:44:04,171][com.java.TestType] [ 6382] - value = https://clients-xuat.bankersdashboard.com
[INFO ][2016-01-21 14:44:04,171][com.java.TestType] [  358] - Open URL : https://clients-xuat.bankersdashboard.com
[INFO ][2016-01-21 14:44:06,716][com.java.TestType] [11739] -  RESULT true
[INFO ][2016-01-21 14:44:06,716][com.java.TestType] [11856] - ?   P A S S   ?
[DEBUG][2016-01-21 14:44:06,716][com.java.TestType] [11662] - Concept ID:9 :: Step being Executed: 9::3
[ERROR][2016-01-21 14:44:06,716][com.java.TestType] [11695] - Exception: null
[INFO ][2016-01-21 14:44:06,716][com.java.TestType] [11700] - dataFields : //span[@class='icon-hammer']&&//a[text()='Custom Calculations']
[DEBUG][2016-01-21 14:44:06,716][com.java.TestType] [11706] - <In Set values of the page>
[DEBUG][2016-01-21 14:44:06,716][com.java.TestType] [11711] - {Data Fields & Data Values Exist}
[INFO ][2016-01-21 14:44:06,716][com.java.TestType] [11717] - --------------------------setting values-----------------------------
[INFO ][2016-01-21 14:44:06,717][com.java.TestType] [11720] - Action Type : MOUSEOVER
[INFO ][2016-01-21 14:44:29,873][com.java.TestType] [11739] -  RESULT true
[INFO ][2016-01-21 14:44:29,873][com.java.TestType] [11856] - ?   P A S S   ?
[DEBUG][2016-01-21 14:44:29,873][com.java.TestType] [11662] - Concept ID:9 :: Step being Executed: 9::4
[INFO ][2016-01-21 14:44:29,873][com.java.TestType] [11700] - dataFields : BTN//iframe[@class='frameTabContent']
[DEBUG][2016-01-21 14:44:29,873][com.java.TestType] [11706] - <In Set values of the page>
[DEBUG][2016-01-21 14:44:29,873][com.java.TestType] [11711] - {Data Fields & Data Values Exist}
[INFO ][2016-01-21 14:44:29,873][com.java.TestType] [11717] - --------------------------setting values-----------------------------
[INFO ][2016-01-21 14:44:29,873][com.java.TestType] [11720] - Action Type : waitforelement
[INFO ][2016-01-21 14:44:29,910][com.java.TestType] [11739] -  RESULT true
[INFO ][2016-01-21 14:44:29,910][com.java.TestType] [11856] - ?   P A S S   ?
[DEBUG][2016-01-21 14:44:29,910][com.java.TestType] [11662] - Concept ID:9 :: Step being Executed: 9::5
[INFO ][2016-01-21 14:44:29,910][com.java.TestType] [11700] - dataFields : XPH//li[@class="inactiveTab"]//a[@title="Custom Calcs"]
[DEBUG][2016-01-21 14:44:29,910][com.java.TestType] [11706] - <In Set values of the page>
[DEBUG][2016-01-21 14:44:29,910][com.java.TestType] [11711] - {Data Fields & Data Values Exist}
[INFO ][2016-01-21 14:44:29,910][com.java.TestType] [11717] - --------------------------setting values-----------------------------
[INFO ][2016-01-21 14:44:29,910][com.java.TestType] [11720] - Action Type : waitforelement
[INFO ][2016-01-21 14:44:29,945][com.java.TestType] [11739] -  RESULT true
[INFO ][2016-01-21 14:44:29,945][com.java.TestType] [11856] - ?   P A S S   ?
[DEBUG][2016-01-21 14:44:29,945][com.java.TestType] [11662] - Concept ID:9 :: Step being Executed: 9::6
[ERROR][2016-01-21 14:44:29,945][com.java.TestType] [11695] - Exception: null
[INFO ][2016-01-21 14:44:29,946][com.java.TestType] [11700] - dataFields : XPH//li[@class="inactiveTab"]//a[@title="Custom Calcs"]
[DEBUG][2016-01-21 14:44:29,946][com.java.TestType] [11706] - <In Set values of the page>
[DEBUG][2016-01-21 14:44:29,947][com.java.TestType] [11711] - {Data Fields & Data Values Exist}
[INFO ][2016-01-21 14:44:29,947][com.java.TestType] [11717] - --------------------------setting values-----------------------------
[INFO ][2016-01-21 14:44:29,947][com.java.TestType] [11720] - Action Type : click
[INFO ][2016-01-21 14:44:29,947][com.java.TestType] [ 6761] - Field ::XPH//li[@class="inactiveTab"]//a[@title="Custom Calcs"]
[INFO ][2016-01-21 14:44:29,947][com.java.TestType] [ 6382] - value = 
[INFO ][2016-01-21 14:44:30,947][com.java.TestType] [ 6934] - BEFORE CLICK
[INFO ][2016-01-21 14:44:31,899][com.java.TestType] [ 6942] - Unable to click the object click on add button
[INFO ][2016-01-21 14:44:31,899][com.java.TestType] [11739] -  RESULT true
[INFO ][2016-01-21 14:44:31,899][com.java.TestType] [11856] - ?   P A S S   ?
[DEBUG][2016-01-21 14:44:31,899][com.java.TestType] [11662] - Concept ID:9 :: Step being Executed: 9::7
[INFO ][2016-01-21 14:44:31,899][com.java.TestType] [11700] - dataFields : test
[DEBUG][2016-01-21 14:44:31,899][com.java.TestType] [11706] - <In Set values of the page>
[DEBUG][2016-01-21 14:44:31,899][com.java.TestType] [11711] - {Data Fields & Data Values Exist}
[INFO ][2016-01-21 14:44:31,899][com.java.TestType] [11717] - --------------------------setting values-----------------------------
[INFO ][2016-01-21 14:44:31,899][com.java.TestType] [11720] - Action Type : WaitTime
[DEBUG][2016-01-21 14:44:31,899][com.java.TestType] [ 6196] - sleepTime: 5000
[INFO ][2016-01-21 14:44:36,900][com.java.TestType] [11739] -  RESULT true
[INFO ][2016-01-21 14:44:36,900][com.java.TestType] [11856] - ?   P A S S   ?
[DEBUG][2016-01-21 14:44:36,900][com.java.TestType] [11662] - Concept ID:9 :: Step being Executed: 9::8
[ERROR][2016-01-21 14:44:36,900][com.java.TestType] [11695] - Exception: null
[INFO ][2016-01-21 14:44:36,900][com.java.TestType] [11700] - dataFields : XPH//li[@class="inactiveTab"]//a[@title="Custom Calcs"]//span[@class="closeimg icon-close icon-xs"]
[DEBUG][2016-01-21 14:44:36,900][com.java.TestType] [11706] - <In Set values of the page>
[DEBUG][2016-01-21 14:44:36,900][com.java.TestType] [11711] - {Data Fields & Data Values Exist}
[INFO ][2016-01-21 14:44:36,900][com.java.TestType] [11717] - --------------------------setting values-----------------------------
[INFO ][2016-01-21 14:44:36,900][com.java.TestType] [11720] - Action Type : click
[INFO ][2016-01-21 14:44:36,900][com.java.TestType] [ 6761] - Field ::XPH//li[@class="inactiveTab"]//a[@title="Custom Calcs"]//span[@class="closeimg icon-close icon-xs"]
[INFO ][2016-01-21 14:44:36,901][com.java.TestType] [ 6382] - value = 
[INFO ][2016-01-21 14:44:37,901][com.java.TestType] [ 6934] - BEFORE CLICK
[INFO ][2016-01-21 14:44:38,803][com.java.TestType] [ 6942] - Unable to click the object click on add button
[INFO ][2016-01-21 14:44:38,803][com.java.TestType] [11739] -  RESULT true
[INFO ][2016-01-21 14:44:38,803][com.java.TestType] [11856] - ?   P A S S   ?
[DEBUG][2016-01-21 14:44:38,803][com.java.TestType] [11662] - Concept ID:9 :: Step being Executed: 9::9
[INFO ][2016-01-21 14:44:38,803][com.java.TestType] [11700] - dataFields : BTN//iframe[@class='frameTabContent']
[DEBUG][2016-01-21 14:44:38,803][com.java.TestType] [11706] - <In Set values of the page>
[DEBUG][2016-01-21 14:44:38,803][com.java.TestType] [11711] - {Data Fields & Data Values Exist}
[INFO ][2016-01-21 14:44:38,803][com.java.TestType] [11717] - --------------------------setting values-----------------------------
[INFO ][2016-01-21 14:44:38,803][com.java.TestType] [11720] - Action Type : waitforelement
[INFO ][2016-01-21 14:44:38,839][com.java.TestType] [11739] -  RESULT true
[INFO ][2016-01-21 14:44:38,840][com.java.TestType] [11856] - ?   P A S S   ?
[DEBUG][2016-01-21 14:44:38,840][com.java.TestType] [11662] - Concept ID:9 :: Step being Executed: 9::10
[ERROR][2016-01-21 14:44:38,840][com.java.TestType] [11695] - Exception: null
[INFO ][2016-01-21 14:44:38,840][com.java.TestType] [11700] - dataFields : BTN//iframe[@class='frameTabContent']
[DEBUG][2016-01-21 14:44:38,840][com.java.TestType] [11706] - <In Set values of the page>
[DEBUG][2016-01-21 14:44:38,840][com.java.TestType] [11711] - {Data Fields & Data Values Exist}
[INFO ][2016-01-21 14:44:38,840][com.java.TestType] [11717] - --------------------------setting values-----------------------------
[INFO ][2016-01-21 14:44:38,841][com.java.TestType] [11720] - Action Type : SELECTFRAME
[INFO ][2016-01-21 14:44:38,935][com.java.TestType] [11739] -  RESULT true
[INFO ][2016-01-21 14:44:38,935][com.java.TestType] [11856] - ?   P A S S   ?
[DEBUG][2016-01-21 14:44:38,935][com.java.TestType] [11662] - Concept ID:9 :: Step being Executed: 9::11
[INFO ][2016-01-21 14:44:38,935][com.java.TestType] [11700] - dataFields : null
[DEBUG][2016-01-21 14:44:38,935][com.java.TestType] [11706] - <In Set values of the page>
[INFO ][2016-01-21 14:44:38,936][com.java.TestType] [11856] - ?   P A S S   ?
[DEBUG][2016-01-21 14:44:38,936][com.java.TestType] [11662] - Concept ID:9 :: Step being Executed: 9::12
[INFO ][2016-01-21 14:44:38,936][com.java.TestType] [11700] - dataFields : EDT//div[@class='dataTables_filter']/label/input
[DEBUG][2016-01-21 14:44:38,936][com.java.TestType] [11706] - <In Set values of the page>
[DEBUG][2016-01-21 14:44:38,936][com.java.TestType] [11711] - {Data Fields & Data Values Exist}
[INFO ][2016-01-21 14:44:38,936][com.java.TestType] [11717] - --------------------------setting values-----------------------------
[INFO ][2016-01-21 14:44:38,936][com.java.TestType] [11720] - Action Type : CLEARANDENTER
[INFO ][2016-01-21 14:44:39,034][com.java.TestType] [ 6382] - value = #_CAL51284
[INFO ][2016-01-21 14:44:39,772][com.java.TestType] [11739] -  RESULT true
[INFO ][2016-01-21 14:44:39,772][com.java.TestType] [11856] - ?   P A S S   ?
[DEBUG][2016-01-21 14:44:39,772][com.java.TestType] [11662] - Concept ID:9 :: Step being Executed: 9::13
[INFO ][2016-01-21 14:44:39,772][com.java.TestType] [11700] - dataFields : null
[DEBUG][2016-01-21 14:44:39,772][com.java.TestType] [11706] - <In Set values of the page>
[INFO ][2016-01-21 14:44:39,772][com.java.TestType] [11856] - ?   P A S S   ?
[DEBUG][2016-01-21 14:44:39,772][com.java.TestType] [11662] - Concept ID:9 :: Step being Executed: 9::14
[INFO ][2016-01-21 14:44:39,772][com.java.TestType] [11700] - dataFields : HDC//td[contains(text(),'mytext')]/parent::tr/td[3]
[DEBUG][2016-01-21 14:44:39,772][com.java.TestType] [11706] - <In Set values of the page>
[DEBUG][2016-01-21 14:44:39,773][com.java.TestType] [11711] - {Data Fields & Data Values Exist}
[INFO ][2016-01-21 14:44:39,773][com.java.TestType] [11717] - --------------------------setting values-----------------------------
[INFO ][2016-01-21 14:44:39,773][com.java.TestType] [11720] - Action Type : click
[INFO ][2016-01-21 14:44:39,773][com.java.TestType] [ 6761] - Field ::HDC//td[contains(text(),'mytext')]/parent::tr/td[3]
[INFO ][2016-01-21 14:44:39,773][com.java.TestType] [ 6382] - value = #_keys
[INFO ][2016-01-21 14:44:40,867][com.java.TestType] [11739] -  RESULT true
[INFO ][2016-01-21 14:44:40,867][com.java.TestType] [11856] - ?   P A S S   ?
[DEBUG][2016-01-21 14:44:40,867][com.java.TestType] [11662] - Concept ID:9 :: Step being Executed: 9::15
[ERROR][2016-01-21 14:44:40,867][com.java.TestType] [11695] - Exception: null
[INFO ][2016-01-21 14:44:40,867][com.java.TestType] [11700] - dataFields : MTC//div[@class="actions"]//span[@class="glyphicon glyphicon-remove"]
[DEBUG][2016-01-21 14:44:40,868][com.java.TestType] [11706] - <In Set values of the page>
[DEBUG][2016-01-21 14:44:40,868][com.java.TestType] [11711] - {Data Fields & Data Values Exist}
[INFO ][2016-01-21 14:44:40,868][com.java.TestType] [11717] - --------------------------setting values-----------------------------
[INFO ][2016-01-21 14:44:40,868][com.java.TestType] [11720] - Action Type : CLICKWITHALERT
[INFO ][2016-01-21 14:44:46,224][com.java.TestType] [11739] -  RESULT true
[INFO ][2016-01-21 14:44:46,224][com.java.TestType] [11856] - ?   P A S S   ?
[DEBUG][2016-01-21 14:44:46,225][com.java.TestType] [11662] - Concept ID:9 :: Step being Executed: 9::16
[INFO ][2016-01-21 14:44:46,225][com.java.TestType] [11700] - dataFields : EDT//div[@class='dataTables_filter']/label/input
[DEBUG][2016-01-21 14:44:46,225][com.java.TestType] [11706] - <In Set values of the page>
[DEBUG][2016-01-21 14:44:46,225][com.java.TestType] [11711] - {Data Fields & Data Values Exist}
[INFO ][2016-01-21 14:44:46,225][com.java.TestType] [11717] - --------------------------setting values-----------------------------
[INFO ][2016-01-21 14:44:46,225][com.java.TestType] [11720] - Action Type : CLEARANDENTER
[INFO ][2016-01-21 14:44:46,347][com.java.TestType] [ 6382] - value = #_CAL
[INFO ][2016-01-21 14:44:47,012][com.java.TestType] [11739] -  RESULT true
[INFO ][2016-01-21 14:44:47,012][com.java.TestType] [11856] - ?   P A S S   ?
[DEBUG][2016-01-21 14:44:47,012][com.java.TestType] [11662] - Concept ID:9 :: Step being Executed: 9::17
[ERROR][2016-01-21 14:44:47,012][com.java.TestType] [11695] - Exception: null
[INFO ][2016-01-21 14:44:47,012][com.java.TestType] [11700] - dataFields : MTC//div[@class="actions"]//span[@class="glyphicon glyphicon-remove"]
[DEBUG][2016-01-21 14:44:47,012][com.java.TestType] [11706] - <In Set values of the page>
[DEBUG][2016-01-21 14:44:47,012][com.java.TestType] [11711] - {Data Fields & Data Values Exist}
[INFO ][2016-01-21 14:44:47,013][com.java.TestType] [11717] - --------------------------setting values-----------------------------
[INFO ][2016-01-21 14:44:47,013][com.java.TestType] [11720] - Action Type : CLICKWITHALERT
[INFO ][2016-01-21 14:44:52,400][com.java.TestType] [11739] -  RESULT true
[INFO ][2016-01-21 14:44:52,401][com.java.TestType] [11856] - ?   P A S S   ?
[DEBUG][2016-01-21 14:44:52,401][com.java.TestType] [11662] - Concept ID:9 :: Step being Executed: 9::18
[INFO ][2016-01-21 14:44:52,401][com.java.TestType] [11700] - dataFields : null
[DEBUG][2016-01-21 14:44:52,401][com.java.TestType] [11706] - <In Set values of the page>
[INFO ][2016-01-21 14:44:52,401][com.java.TestType] [11856] - ?   P A S S   ?
[DEBUG][2016-01-21 14:44:52,401][com.java.TestType] [11662] - Concept ID:9 :: Step being Executed: 9::19
[ERROR][2016-01-21 14:44:52,401][com.java.TestType] [11695] - Exception: null
[INFO ][2016-01-21 14:44:52,401][com.java.TestType] [11700] - dataFields : BTNparent
[DEBUG][2016-01-21 14:44:52,401][com.java.TestType] [11706] - <In Set values of the page>
[DEBUG][2016-01-21 14:44:52,401][com.java.TestType] [11711] - {Data Fields & Data Values Exist}
[INFO ][2016-01-21 14:44:52,402][com.java.TestType] [11717] - --------------------------setting values-----------------------------
[INFO ][2016-01-21 14:44:52,402][com.java.TestType] [11720] - Action Type : SELECTFRAME
[INFO ][2016-01-21 14:44:52,416][com.java.TestType] [11739] -  RESULT true
[INFO ][2016-01-21 14:44:52,416][com.java.TestType] [11856] - ?   P A S S   ?
[DEBUG][2016-01-21 14:44:52,416][com.java.TestType] [11662] - Concept ID:9 :: Step being Executed: 9::20
[INFO ][2016-01-21 14:44:52,416][com.java.TestType] [11700] - dataFields : XPH//div[contains(text(), 'My Dashboard')]
[DEBUG][2016-01-21 14:44:52,416][com.java.TestType] [11706] - <In Set values of the page>
[DEBUG][2016-01-21 14:44:52,416][com.java.TestType] [11711] - {Data Fields & Data Values Exist}
[INFO ][2016-01-21 14:44:52,416][com.java.TestType] [11717] - --------------------------setting values-----------------------------
[INFO ][2016-01-21 14:44:52,416][com.java.TestType] [11720] - Action Type : WAITFORELEMENT
[INFO ][2016-01-21 14:44:52,451][com.java.TestType] [11739] -  RESULT true
[INFO ][2016-01-21 14:44:52,451][com.java.TestType] [11856] - ?   P A S S   ?
[DEBUG][2016-01-21 14:44:52,452][com.java.TestType] [11662] - Concept ID:9 :: Step being Executed: 9::21
[INFO ][2016-01-21 14:44:52,452][com.java.TestType] [11700] - dataFields : BTN
[DEBUG][2016-01-21 14:44:52,452][com.java.TestType] [11706] - <In Set values of the page>
[DEBUG][2016-01-21 14:44:52,452][com.java.TestType] [11711] - {Data Fields & Data Values Exist}
[INFO ][2016-01-21 14:44:52,452][com.java.TestType] [11717] - --------------------------setting values-----------------------------
[INFO ][2016-01-21 14:44:52,452][com.java.TestType] [11720] - Action Type : Verify
[INFO ][2016-01-21 14:44:52,452][com.java.TestType] [ 7954] - field= BTN value= //div[contains(text(), 'My Dashboard')]
[INFO ][2016-01-21 14:44:52,452][com.java.TestType] [ 6382] - value = //div[contains(text(), 'My Dashboard')]
[INFO ][2016-01-21 14:44:52,542][com.java.TestType] [11739] -  RESULT true
[INFO ][2016-01-21 14:44:52,542][com.java.TestType] [11856] - ?   P A S S   ?
[INFO ][2016-01-21 14:44:52,542][com.java.TestType] [11927] - Looping End......
[INFO ][2016-01-21 14:44:52,543][com.java.SeleniumDriver] [  930] -  RESULT true
[INFO ][2016-01-21 14:44:52,544][com.java.SeleniumDriver] [ 1136] - ?   P A S S   ?
[DEBUG][2016-01-21 14:44:52,544][com.java.SeleniumDriver] [ 1248] - Case found
[DEBUG][2016-01-21 14:44:52,544][com.java.SeleniumDriver] [ 1253] - Incrementing ReportCounters[0]:2
[INFO ][2016-01-21 14:44:52,544][com.java.SeleniumDriver] [ 1272] - The results are-------------------[5, 1, Settings: Customize My Dashboards: Custom Calculations: Edit Custom Calculation Indicator, Pass, , Thu Jan 21 14:42:40 IST 2016, 5, 3, Settings: Customize My Dashboards: Custom Calculations: Edit Custom Calculation Indicator, Pass, , Thu Jan 21 14:42:45 IST 2016, 5, 4, Settings: Customize My Dashboards: Custom Calculations: Edit Custom Calculation Indicator, Pass, , Thu Jan 21 14:42:45 IST 2016, 5, 5, Settings: Customize My Dashboards: Custom Calculations: Edit Custom Calculation Indicator, Pass, , Thu Jan 21 14:43:12 IST 2016, 5, 6, Settings: Customize My Dashboards: Custom Calculations: Edit Custom Calculation Indicator, Pass, , Thu Jan 21 14:43:12 IST 2016, 5, 7, Settings: Customize My Dashboards: Custom Calculations: Edit Custom Calculation Indicator, Pass, , Thu Jan 21 14:43:12 IST 2016, 5, 8, Settings: Customize My Dashboards: Custom Calculations: Edit Custom Calculation Indicator, Pass, , Thu Jan 21 14:43:12 IST 2016, 5, 9, Settings: Customize My Dashboards: Custom Calculations: Edit Custom Calculation Indicator, Pass, , Thu Jan 21 14:43:12 IST 2016, 5, 10, Settings: Customize My Dashboards: Custom Calculations: Edit Custom Calculation Indicator, Pass, , Thu Jan 21 14:43:12 IST 2016, 5, 11, Settings: Customize My Dashboards: Custom Calculations: Edit Custom Calculation Indicator, Pass, , Thu Jan 21 14:43:14 IST 2016, 5, 12, Settings: Customize My Dashboards: Custom Calculations: Edit Custom Calculation Indicator, Pass, , Thu Jan 21 14:43:14 IST 2016, 5, 13, Settings: Customize My Dashboards: Custom Calculations: Edit Custom Calculation Indicator, Pass, , Thu Jan 21 14:43:14 IST 2016, 5, 14, Settings: Customize My Dashboards: Custom Calculations: Edit Custom Calculation Indicator, Pass, , Thu Jan 21 14:43:19 IST 2016, 5, 15, Settings: Customize My Dashboards: Custom Calculations: Edit Custom Calculation Indicator, Pass, , Thu Jan 21 14:44:04 IST 2016, 5, 16, Settings: Customize My Dashboards: Custom Calculations: Edit Custom Calculation Indicator, Pass, , Thu Jan 21 14:44:52 IST 2016]
[INFO ][2016-01-21 14:44:52,544][com.java.SeleniumDriver] [ 1276] - End time is-------3 min 4 sec
[INFO ][2016-01-21 14:44:52,544][com.java.SeleniumDriver] [ 1277] - The results are-------------------[5, 1, Settings: Customize My Dashboards: Custom Calculations: Edit Custom Calculation Indicator, Pass, , Thu Jan 21 14:42:40 IST 2016, 5, 3, Settings: Customize My Dashboards: Custom Calculations: Edit Custom Calculation Indicator, Pass, , Thu Jan 21 14:42:45 IST 2016, 5, 4, Settings: Customize My Dashboards: Custom Calculations: Edit Custom Calculation Indicator, Pass, , Thu Jan 21 14:42:45 IST 2016, 5, 5, Settings: Customize My Dashboards: Custom Calculations: Edit Custom Calculation Indicator, Pass, , Thu Jan 21 14:43:12 IST 2016, 5, 6, Settings: Customize My Dashboards: Custom Calculations: Edit Custom Calculation Indicator, Pass, , Thu Jan 21 14:43:12 IST 2016, 5, 7, Settings: Customize My Dashboards: Custom Calculations: Edit Custom Calculation Indicator, Pass, , Thu Jan 21 14:43:12 IST 2016, 5, 8, Settings: Customize My Dashboards: Custom Calculations: Edit Custom Calculation Indicator, Pass, , Thu Jan 21 14:43:12 IST 2016, 5, 9, Settings: Customize My Dashboards: Custom Calculations: Edit Custom Calculation Indicator, Pass, , Thu Jan 21 14:43:12 IST 2016, 5, 10, Settings: Customize My Dashboards: Custom Calculations: Edit Custom Calculation Indicator, Pass, , Thu Jan 21 14:43:12 IST 2016, 5, 11, Settings: Customize My Dashboards: Custom Calculations: Edit Custom Calculation Indicator, Pass, , Thu Jan 21 14:43:14 IST 2016, 5, 12, Settings: Customize My Dashboards: Custom Calculations: Edit Custom Calculation Indicator, Pass, , Thu Jan 21 14:43:14 IST 2016, 5, 13, Settings: Customize My Dashboards: Custom Calculations: Edit Custom Calculation Indicator, Pass, , Thu Jan 21 14:43:14 IST 2016, 5, 14, Settings: Customize My Dashboards: Custom Calculations: Edit Custom Calculation Indicator, Pass, , Thu Jan 21 14:43:19 IST 2016, 5, 15, Settings: Customize My Dashboards: Custom Calculations: Edit Custom Calculation Indicator, Pass, , Thu Jan 21 14:44:04 IST 2016, 5, 16, Settings: Customize My Dashboards: Custom Calculations: Edit Custom Calculation Indicator, Pass, , Thu Jan 21 14:44:52 IST 2016]
[DEBUG][2016-01-21 14:44:52,544][com.java.ImportnExport.ExportTestResultsExcel] [  222] - testResultPath = D:\BankersDashboard/TestReports/Test Results_BankersDashBoard_012116_144150_IE10_Any Bank USA.xls
[DEBUG][2016-01-21 14:44:52,544][com.java.ImportnExport.ExportTestResultsExcel] [  223] - browser is------------IE10
[DEBUG][2016-01-21 14:44:52,546][com.java.ImportnExport.ExportTestResultsExcel] [  270] - result.size() = 90
[DEBUG][2016-01-21 14:44:52,546][com.java.ImportnExport.ExportTestResultsExcel] [  274] - No of rows in sheet=2
[DEBUG][2016-01-21 14:44:52,546][com.java.ImportnExport.ExportTestResultsExcel] [  301] - ..in export..5
[DEBUG][2016-01-21 14:44:52,546][com.java.ImportnExport.ExportTestResultsExcel] [  301] - ..in export..Settings: Customize My Dashboards: Custom Calculations: Edit Custom Calculation Indicator
[DEBUG][2016-01-21 14:44:52,546][com.java.ImportnExport.ExportTestResultsExcel] [  301] - ..in export..Pass
[DEBUG][2016-01-21 14:44:52,547][com.java.ImportnExport.ExportTestResultsExcel] [  301] - ..in export..
[DEBUG][2016-01-21 14:44:52,547][com.java.ImportnExport.ExportTestResultsExcel] [  301] - ..in export..Thu Jan 21 14:42:40 IST 2016
[INFO ][2016-01-21 14:44:52,549][com.java.SeleniumDriver] [ 1337] - out loop:1 size:2 TestCases:[1, 5] testcases:[1, 5]
[INFO ][2016-01-21 14:44:54,549][com.java.SeleniumDriver] [ 1380] - Total Number of Cases:2
[INFO ][2016-01-21 14:44:54,549][com.java.TemplateGenerator] [  302] - Executed:2
[INFO ][2016-01-21 14:44:54,549][com.java.TemplateGenerator] [  303] - Passed:2
[INFO ][2016-01-21 14:44:54,549][com.java.TemplateGenerator] [  304] - Failed:0
[INFO ][2016-01-21 14:44:54,549][com.java.TemplateGenerator] [  305] - Skipeed:0
[INFO ][2016-01-21 14:44:54,549][com.java.TemplateGenerator] [  306] - Application URL:https://clients-xuat.bankersdashboard.com
[INFO ][2016-01-21 14:44:54,549][com.java.TemplateGenerator] [  307] - Start Time:012116_144150
[INFO ][2016-01-21 14:44:54,549][com.java.TemplateGenerator] [  308] -  Creating HTML Report 
[ERROR][2016-01-21 14:44:54,550][com.java.TemplateGenerator] [  409] - Unparseable date: "Thu Jan 21 02:41:50 IST 2016"
[INFO ][2016-01-21 14:44:54,550][com.java.TemplateGenerator] [  654] -  Exporting case :: 1
[INFO ][2016-01-21 14:44:54,550][com.java.TemplateGenerator] [  654] -  Exporting case :: 5
[INFO ][2016-01-21 14:44:54,557][com.java.SeleniumDriver] [ 1429] - End Time:012116_144454
[INFO ][2016-01-21 14:44:54,557][com.java.SeleniumDriver] [ 1432] - Data in Test Execution Details:{1=PASS, 5=PASS}
[INFO ][2016-01-21 14:44:54,557][com.java.SeleniumDriver] [ 1433] - Data in Failed Execution Deatils:{}
[INFO ][2016-01-21 14:44:54,557][com.java.SeleniumDriver] [ 1435] - ReportCounter:Total:2 :: PASS: 2 ::FAIL: 0
[INFO ][2016-01-21 14:44:54,557][com.java.SeleniumDriver] [ 1436] - FailedReportCounter:Total:0 :: PASS: 0 ::FAIL: 0
[INFO ][2016-01-21 14:44:54,563][com.java.EmailTestReport] [   63] - Sending report mail details:
[INFO ][2016-01-21 14:44:54,563][com.java.EmailTestReport] [   80] - Excel Report Path:D:\BankersDashboard/TestReports/Test Results_BankersDashBoard_012116_144150_IE10_Any Bank USA.xls
[INFO ][2016-01-21 14:44:54,563][com.java.EmailTestReport] [   81] - HTML Report Path:D:\BankersDashboard//TestReports//Test Results_BankersDashBoard_012116_144150_IE10_Any Bank USA.html
[INFO ][2016-01-21 14:44:54,563][com.java.EmailTestReport] [   82] - smtpHostName:mail01.valuelabs.com
[INFO ][2016-01-21 14:44:54,563][com.java.EmailTestReport] [   83] - Recipient:venkateswararao.gubbala@valuelabs.com;
[INFO ][2016-01-21 14:44:54,563][com.java.EmailTestReport] [   84] - From:venkateswararao.gubbala@valuelabs.com;
[INFO ][2016-01-21 14:44:54,563][com.java.EmailTestReport] [   85] - Subject:Deluxe Corp Bankers Dashboard Automation Test Report - Any Bank USA - IE10
[INFO ][2016-01-21 14:44:54,580][com.java.EmailTestReport] [  143] -  Added venkateswararao.gubbala@valuelabs.com
[INFO ][2016-01-21 14:44:57,692][com.java.SeleniumDriver] [  722] - quitting the browser 
[INFO ][2016-01-21 14:44:59,399][com.java.SeleniumDriver] [  264] - Execution Completed Stopping the thread
